17:44:49 INFO  : Launching XSDB server: xsdb.bat -interactive W:\ECE532\NexysVideo-master\Projects\hdmi\proj\hdmi.sdk\temp_xsdb_launch_script.tcl
17:44:55 INFO  : XSDB server has started successfully.
17:44:59 INFO  : Processing command line option -hwspec W:/ECE532/NexysVideo-master/Projects/hdmi/proj/hdmi.sdk/hdmi_wrapper.hdf.
17:51:06 ERROR : The Hardware Project referenced by this BSP (videodemo_bsp) was not found in this workspace. As a result, this BSP will not build properly. To fix this error, please import the associated hardware project or recreate a new BSP targeting an existing hardware platform.
18:01:14 INFO  : Connected to target on host '127.0.0.1' and port '3121'.
18:01:16 INFO  : 'targets -set -filter {jtag_cable_name =~ "Digilent Nexys Video 210276690173B" && level==0} -index 0' command is executed.
18:01:22 INFO  : FPGA configured successfully with bitstream "W:/ECE532/NexysVideo-master/Projects/hdmi/proj/hdmi.sdk/hdmi_wrapper_hw_platform_0/download.bit"
18:05:23 INFO  : Launching XSDB server: xsdb.bat -interactive W:\ECE532\NexysVideo-master\Projects\hdmi\proj\hdmi.sdk\temp_xsdb_launch_script.tcl
18:05:24 INFO  : XSDB server has started successfully.
18:05:24 INFO  : Processing command line option -hwspec W:/ECE532/NexysVideo-master/Projects/hdmi/proj/hdmi.sdk/hdmi_wrapper.hdf.
18:05:24 INFO  : Checking for hwspec changes in the project hdmi_wrapper_hw_platform_0.
18:06:20 INFO  : BSP Project P/videodemo_bsp has been successfully migrated.
18:55:35 INFO  : Connected to target on host '127.0.0.1' and port '3121'.
18:55:38 INFO  : 'targets -set -filter {jtag_cable_name =~ "Digilent Nexys Video 210276690173B" && level==0} -index 0' command is executed.
18:55:38 ERROR : bitstream is not compatible with the target
18:57:41 INFO  : Connected to target on host '127.0.0.1' and port '3121'.
18:57:41 INFO  : 'targets -set -filter {jtag_cable_name =~ "Digilent Nexys Video 210276690173B" && level==0} -index 0' command is executed.
18:57:41 ERROR : bitstream is not compatible with the target
18:58:11 INFO  : Launching XSDB server: xsdb.bat -interactive W:\ECE532\NexysVideo-master\Projects\hdmi\proj\hdmi.sdk\temp_xsdb_launch_script.tcl
18:58:12 INFO  : XSDB server has started successfully.
18:58:12 INFO  : Processing command line option -hwspec W:/ECE532/NexysVideo-master/Projects/hdmi/proj/hdmi.sdk/hdmi_wrapper.hdf.
13:21:28 INFO  : Launching XSDB server: xsdb.bat -interactive W:\ECE532\NexysVideo-master\Projects\hdmi\proj\hdmi.sdk\temp_xsdb_launch_script.tcl
13:21:32 INFO  : XSDB server has started successfully.
13:21:36 INFO  : Processing command line option -hwspec W:/ECE532/NexysVideo-master/Projects/hdmi/proj/hdmi.sdk/hdmi_wrapper.hdf.
13:21:36 INFO  : Checking for hwspec changes in the project hdmi_wrapper_hw_platform_0.
13:39:54 INFO  : Connected to target on host '127.0.0.1' and port '3121'.
13:40:36 INFO  : Connected to target on host '127.0.0.1' and port '3121'.
13:40:36 INFO  : 'targets -set -filter {jtag_cable_name =~ "Digilent Nexys Video 210276690173B" && level==0} -index 0' command is executed.
13:40:36 ERROR : bitstream is not compatible with the target
14:05:18 INFO  : Connected to target on host '127.0.0.1' and port '3121'.
14:05:18 INFO  : 'targets -set -filter {jtag_cable_name =~ "Digilent Nexys Video 210276690173B" && level==0} -index 0' command is executed.
14:05:18 ERROR : bitstream is not compatible with the target
14:09:27 INFO  : SDK has detected change in the last modified timestamps for source hardware specification file Source:1486667237584,  Project:1486593812316
14:09:27 INFO  : Project hdmi_wrapper_hw_platform_0's source hardware specification located at W:/ECE532/NexysVideo-master/Projects/hdmi/proj/hdmi.sdk/hdmi_wrapper.hdf is now different from the local copy.
		 The local copy will be replaced with the source specification and your workspace will be updated.
14:09:53 INFO  : Copied contents of W:/ECE532/NexysVideo-master/Projects/hdmi/proj/hdmi.sdk/hdmi_wrapper.hdf into \hdmi_wrapper_hw_platform_0\system.hdf.
14:09:54 INFO  : Synchronizing projects in the workspace with the hardware platform specification changes.
14:09:54 INFO  : Clearing existing target manager status.
14:09:55 INFO  : Workspace synchronized with the new hardware specification file. Cleaning dependent projects...
14:09:55 WARN  : Linker script will not be updated automatically. Users need to update it manually.
14:10:01 ERROR : Unexpected error while parsing XMD response ?: com.google.gson.JsonSyntaxException: com.google.gson.stream.MalformedJsonException: invalid number or unquoted string near 
14:10:12 INFO  : Launching XSDB server: xsdb.bat -interactive W:\ECE532\NexysVideo-master\Projects\hdmi\proj\hdmi.sdk\temp_xsdb_launch_script.tcl
14:10:13 INFO  : XSDB server has started successfully.
14:10:13 INFO  : Processing command line option -hwspec W:/ECE532/NexysVideo-master/Projects/hdmi/proj/hdmi.sdk/hdmi_wrapper.hdf.
14:10:13 INFO  : Checking for hwspec changes in the project hdmi_wrapper_hw_platform_0.
14:10:48 INFO  : Connected to target on host '127.0.0.1' and port '3121'.
14:12:27 INFO  : Connected to target on host '127.0.0.1' and port '3121'.
14:13:55 INFO  : Connected to target on host '127.0.0.1' and port '3121'.
14:13:55 INFO  : 'targets -set -filter {jtag_cable_name =~ "Digilent Nexys Video 210276690173B" && level==0} -index 0' command is executed.
14:14:01 INFO  : FPGA configured successfully with bitstream "W:/ECE532/NexysVideo-master/Projects/hdmi/proj/hdmi.sdk/hdmi_wrapper_hw_platform_0/download.bit"
14:15:35 INFO  : Processor reset is completed for microblaze_0
14:16:46 INFO  : microblaze_0 Processor is in use. Please stop existing Run or Debug sessions before launching.
14:16:48 INFO  : Processor reset is completed for microblaze_0
14:20:01 INFO  : microblaze_0 Processor is in use. Please stop existing Run or Debug sessions before launching.
14:20:02 INFO  : Processor reset is completed for microblaze_0
14:23:40 INFO  : microblaze_0 Processor is in use. Please stop existing Run or Debug sessions before launching.
14:23:41 INFO  : Processor reset is completed for microblaze_0
14:23:57 INFO  : microblaze_0 Processor is in use. Please stop existing Run or Debug sessions before launching.
14:23:59 INFO  : Processor reset is completed for microblaze_0
14:24:39 INFO  : microblaze_0 Processor is in use. Please stop existing Run or Debug sessions before launching.
14:24:40 INFO  : Processor reset is completed for microblaze_0
14:27:49 INFO  : Processor reset is completed for microblaze_0
14:28:56 INFO  : Processor reset is completed for microblaze_0
14:35:45 INFO  : microblaze_0 Processor is in use. Please stop existing Run or Debug sessions before launching.
14:35:46 INFO  : Processor reset is completed for microblaze_0
14:36:17 INFO  : microblaze_0 Processor is in use. Please stop existing Run or Debug sessions before launching.
14:36:19 INFO  : Processor reset is completed for microblaze_0
14:41:07 INFO  : microblaze_0 Processor is in use. Please stop existing Run or Debug sessions before launching.
14:41:08 INFO  : Processor reset is completed for microblaze_0
14:43:28 INFO  : microblaze_0 Processor is in use. Please stop existing Run or Debug sessions before launching.
14:43:30 INFO  : Processor reset is completed for microblaze_0
14:46:59 INFO  : Connected to target on host '127.0.0.1' and port '3121'.
14:46:59 INFO  : 'targets -set -filter {jtag_cable_name =~ "Digilent Nexys Video 210276690173B" && level==0} -index 0' command is executed.
14:46:59 ERROR : bitstream is not compatible with the target
14:48:28 INFO  : microblaze_0 Processor is in use. Please stop existing Run or Debug sessions before launching.
14:48:29 INFO  : Processor reset is completed for microblaze_0
14:50:31 INFO  : microblaze_0 Processor is in use. Please stop existing Run or Debug sessions before launching.
14:50:32 INFO  : Processor reset is completed for microblaze_0
15:15:30 INFO  : Connected to target on host '127.0.0.1' and port '3121'.
15:15:31 INFO  : 'targets -set -filter {jtag_cable_name =~ "Digilent Nexys Video 210276690173B" && level==0} -index 0' command is executed.
15:15:31 ERROR : bitstream is not compatible with the target
15:19:34 INFO  : Connected to target on host '127.0.0.1' and port '3121'.
15:19:35 INFO  : 'targets -set -filter {jtag_cable_name =~ "Digilent Nexys Video 210276690173B" && level==0} -index 0' command is executed.
15:19:35 ERROR : bitstream is not compatible with the target
16:08:13 INFO  : Connected to target on host '127.0.0.1' and port '3121'.
16:08:13 INFO  : 'targets -set -filter {jtag_cable_name =~ "Digilent Nexys Video 210276690173B" && level==0} -index 0' command is executed.
16:08:19 INFO  : FPGA configured successfully with bitstream "W:/ECE532/NexysVideo-master/Projects/hdmi/proj/hdmi.sdk/hdmi_wrapper_hw_platform_0/download.bit"
16:12:54 INFO  : Processor reset is completed for microblaze_0
16:26:12 ERROR : Unexpected error while parsing XMD response ?: com.google.gson.JsonSyntaxException: com.google.gson.stream.MalformedJsonException: invalid number or unquoted string near 
22:36:50 INFO  : Launching XSDB server: xsdb.bat -interactive C:\Users\jaziz\Desktop\NexysVideo-master\NexysVideo-master\Projects\hdmi\proj\hdmi.sdk\temp_xsdb_launch_script.tcl
22:36:54 INFO  : XSDB server has started successfully.
22:36:55 INFO  : Processing command line option -hwspec C:/Users/jaziz/Desktop/NexysVideo-master/NexysVideo-master/Projects/hdmi/proj/hdmi.sdk/hdmi_wrapper.hdf.
22:48:45 ERROR : The Hardware Project referenced by this BSP (videodemo_bsp) was not found in this workspace. As a result, this BSP will not build properly. To fix this error, please import the associated hardware project or recreate a new BSP targeting an existing hardware platform.
22:50:15 ERROR : The Hardware Project referenced by this BSP (videodemo_bsp) was not found in this workspace. As a result, this BSP will not build properly. To fix this error, please import the associated hardware project or recreate a new BSP targeting an existing hardware platform.
22:53:06 INFO  : Connected to target on host '127.0.0.1' and port '3121'.
22:53:10 INFO  : 'targets -set -filter {jtag_cable_name =~ "Digilent Nexys Video 210276690173B" && level==0} -index 0' command is executed.
22:53:16 INFO  : FPGA configured successfully with bitstream "C:/Users/jaziz/Desktop/NexysVideo-master/NexysVideo-master/Projects/hdmi/proj/hdmi.sdk/hdmi_wrapper_hw_platform_1/download.bit"
23:34:35 INFO  : Processor reset is completed for microblaze_0
23:49:18 INFO  : Processor reset is completed for microblaze_0
16:23:01 INFO  : Connected to target on host '127.0.0.1' and port '3121'.
16:23:02 INFO  : 'targets -set -filter {jtag_cable_name =~ "Digilent Nexys Video 210276690173B" && level==0} -index 0' command is executed.
16:23:08 INFO  : FPGA configured successfully with bitstream "C:/Users/jaziz/Desktop/NexysVideo-master/NexysVideo-master/Projects/hdmi/proj/hdmi.sdk/hdmi_wrapper_hw_platform_1/download.bit"
16:23:18 INFO  : Processor reset is completed for microblaze_0
13:56:23 ERROR : Unexpected error while parsing XMD response ?: com.google.gson.JsonSyntaxException: com.google.gson.stream.MalformedJsonException: invalid number or unquoted string near 
01:14:34 INFO  : Launching XSDB server: xsdb.bat -interactive C:\Users\jaziz\Desktop\NexysVideo-master\NexysVideo-master\Projects\hdmi\proj\hdmi.sdk\temp_xsdb_launch_script.tcl
01:14:36 INFO  : XSDB server has started successfully.
01:14:38 INFO  : Processing command line option -hwspec C:/Users/jaziz/Desktop/NexysVideo-master/NexysVideo-master/Projects/hdmi/proj/hdmi.sdk/hdmi_wrapper.hdf.
20:20:08 INFO  : Launching XSDB server: xsdb.bat -interactive C:\Users\armin\Documents\Armins_Work\4thYear\ECE532\project\feb15\NexysVideo-master-james\NexysVideo-master\Projects\hdmi\proj\hdmi.sdk\temp_xsdb_launch_script.tcl
20:20:10 INFO  : XSDB server has started successfully.
20:20:11 INFO  : Processing command line option -hwspec C:/Users/armin/Documents/Armins_Work/4thYear/ECE532/project/feb15/NexysVideo-master-james/NexysVideo-master/Projects/hdmi/proj/hdmi.sdk/hdmi_wrapper.hdf.
20:26:45 ERROR : The Hardware Project referenced by this BSP (videodemo_bsp) was not found in this workspace. As a result, this BSP will not build properly. To fix this error, please import the associated hardware project or recreate a new BSP targeting an existing hardware platform.
21:10:05 INFO  : Launching XSDB server: xsdb.bat -interactive C:\Users\armin\Documents\Armins_Work\4thYear\ECE532\project\feb15\NexysVideo-master-james\NexysVideo-master\Projects\hdmi\proj\hdmi.sdk\temp_xsdb_launch_script.tcl
21:10:06 INFO  : XSDB server has started successfully.
21:10:11 INFO  : Processing command line option -hwspec C:/Users/armin/Documents/Armins_Work/4thYear/ECE532/project/feb15/NexysVideo-master-james/NexysVideo-master/Projects/hdmi/proj/hdmi.sdk/hdmi_wrapper.hdf.
21:10:11 INFO  : Checking for hwspec changes in the project hdmi_wrapper_hw_platform_0.
21:11:59 ERROR : The Hardware Project referenced by this BSP (videodemo_bsp) was not found in this workspace. As a result, this BSP will not build properly. To fix this error, please import the associated hardware project or recreate a new BSP targeting an existing hardware platform.
21:15:25 ERROR : The Hardware Project referenced by this BSP (videodemo_bsp) was not found in this workspace. As a result, this BSP will not build properly. To fix this error, please import the associated hardware project or recreate a new BSP targeting an existing hardware platform.
21:35:56 INFO  : Connected to target on host '127.0.0.1' and port '3121'.
21:36:00 INFO  : 'targets -set -filter {jtag_cable_name =~ "Digilent Nexys Video 210276690173B" && level==0} -index 0' command is executed.
21:36:06 INFO  : FPGA configured successfully with bitstream "C:/Users/armin/Documents/Armins_Work/4thYear/ECE532/project/feb15/NexysVideo-master-james/NexysVideo-master/Projects/hdmi/proj/hdmi.sdk/hdmi_wrapper_hw_platform_1/download.bit"
21:40:07 INFO  : Processor reset is completed for microblaze_0
21:48:17 INFO  : Processor reset is completed for microblaze_0
22:40:10 ERROR : Unexpected error while parsing XMD response ?: com.google.gson.JsonSyntaxException: com.google.gson.stream.MalformedJsonException: invalid number or unquoted string near 
