#-----------------------------------------------------------
# Vivado v2016.2 (64-bit)
# SW Build 1577090 on Thu Jun  2 16:32:40 MDT 2016
# IP Build 1577682 on Fri Jun  3 12:00:54 MDT 2016
# Start of session at: Wed Mar 22 18:05:31 2017
# Process ID: 2676
# Current directory: W:/ece532/img_processing_ip/ip_repo
# Command line: vivado.exe -gui_launcher_event rodinguilauncherevent2792 W:\ece532\img_processing_ip\ip_repo\edit_led_detect_v1_0.xpr
# Log file: W:/ece532/img_processing_ip/ip_repo/vivado.log
# Journal file: W:/ece532/img_processing_ip/ip_repo\vivado.jou
#-----------------------------------------------------------
start_gui
open_project W:/ece532/img_processing_ip/ip_repo/edit_led_detect_v1_0.xpr
Scanning sources...
Finished scanning sources
WARNING: [filemgmt 56-3] IPUserFilesDir: Could not find the directory 'W:/ece532/img_processing_ip/ip_repo/edit_led_detect_v1_0.ip_user_files'.
INFO: [IP_Flow 19-234] Refreshing IP repositories
INFO: [IP_Flow 19-1700] Loaded user IP repository 'w:/ece532/img_processing_ip/ip_repo/led_detect_1.0'.
INFO: [IP_Flow 19-2313] Loaded Vivado IP repository 'C:/Xilinx/Vivado/2016.2/data/ip'.
update_compile_order -fileset sources_1
exit
INFO: [Common 17-206] Exiting Vivado at Wed Mar 22 20:31:35 2017...
