Copyright 1986-2016 Xilinx, Inc. All Rights Reserved.
------------------------------------------------------------------------------------
| Tool Version : Vivado v.2016.2 (lin64) Build 1577090 Thu Jun  2 16:32:35 MDT 2016
| Date         : Mon Feb 27 22:11:08 2017
| Host         : ug153.eecg running 64-bit Debian GNU/Linux 8.7 (jessie)
| Command      : upgrade_ip
| Device       : xc7a200tsbg484-1
------------------------------------------------------------------------------------

Upgrade Log for IP 'tb_3_led_detect_0_1'

1. Summary
----------

SUCCESS in the upgrade of tb_3_led_detect_0_1 (user:user:led_detect:1.0) from (Rev. 6) to (Rev. 7)






Copyright 1986-2016 Xilinx, Inc. All Rights Reserved.
------------------------------------------------------------------------------------
| Tool Version : Vivado v.2016.2 (win64) Build 1577090 Thu Jun  2 16:32:40 MDT 2016
| Date         : Mon Feb 27 20:48:11 2017
| Host         : SFB520WS16 running 64-bit Service Pack 1  (build 7601)
| Command      : upgrade_ip
| Device       : xc7a200tsbg484-1
------------------------------------------------------------------------------------

Upgrade Log for IP 'tb_3_led_detect_0_0'

1. Summary
----------

SUCCESS in the upgrade of tb_3_led_detect_0_0 (user:user:led_detect:1.0) from (Rev. 4) to (Rev. 6)

