#-----------------------------------------------------------
# Webtalk v2015.3 (64-bit)
# SW Build 1368829 on Mon Sep 28 20:06:43 MDT 2015
# 
# Start of session at: Wed Feb 08 17:57:08 2017
# Process ID: 4896
# Current directory: C:/Users/Mohammad/Desktop/ECE532/NexysVideo-master/Projects/hdmi/proj/hdmi.sdk/webtalk
# Command line: wbtcv.exe -mode batch -source sdk_webtalk.tcl
# Log file: C:/Users/Mohammad/Desktop/ECE532/NexysVideo-master/Projects/hdmi/proj/hdmi.sdk/webtalk/webtalk.log
# Journal file: C:/Users/Mohammad/Desktop/ECE532/NexysVideo-master/Projects/hdmi/proj/hdmi.sdk/webtalk\webtalk.jou
#-----------------------------------------------------------
source sdk_webtalk.tcl
# webtalk_init -webtalk_dir C:\\Users\\Mohammad\\Desktop\\ECE532\\NexysVideo-master\\Projects\\hdmi\\proj\\hdmi.sdk\\webtalk
# webtalk_register_client -client project
# webtalk_add_data -client project -key date_generated -value "Wed Feb 8 17:57:07 2017" -context "software_version_and_target_device"
# webtalk_add_data -client project -key product_version -value "SDK v2015.3" -context "software_version_and_target_device"
# webtalk_add_data -client project -key build_version -value "2015.3" -context "software_version_and_target_device"
# webtalk_add_data -client project -key os_platform -value "amd64" -context "software_version_and_target_device"
# webtalk_add_data -client project -key registration_id -value "" -context "software_version_and_target_device"
# webtalk_add_data -client project -key tool_flow -value "SDK" -context "software_version_and_target_device"
# webtalk_add_data -client project -key beta -value "false" -context "software_version_and_target_device"
# webtalk_add_data -client project -key route_design -value "NA" -context "software_version_and_target_device"
# webtalk_add_data -client project -key target_family -value "NA" -context "software_version_and_target_device"
# webtalk_add_data -client project -key target_device -value "NA" -context "software_version_and_target_device"
# webtalk_add_data -client project -key target_package -value "NA" -context "software_version_and_target_device"
# webtalk_add_data -client project -key target_speed -value "NA" -context "software_version_and_target_device"
# webtalk_add_data -client project -key random_id -value "dg00l2idsejj33ll35nfuqe9nj" -context "software_version_and_target_device"
# webtalk_add_data -client project -key project_id -value "2015.3_1" -context "software_version_and_target_device"
# webtalk_add_data -client project -key project_iteration -value "1" -context "software_version_and_target_device"
# webtalk_add_data -client project -key os_name -value "" -context "user_environment"
# webtalk_add_data -client project -key os_release -value "" -context "user_environment"
# webtalk_add_data -client project -key cpu_name -value "" -context "user_environment"
# webtalk_add_data -client project -key cpu_speed -value "" -context "user_environment"
# webtalk_add_data -client project -key total_processors -value "" -context "user_environment"
# webtalk_add_data -client project -key system_ram -value "" -context "user_environment"
# webtalk_register_client -client sdk
# webtalk_add_data -client sdk -key uid -value "1486594206907" -context "sdk\\\\hardware/1486594206907"
# webtalk_add_data -client sdk -key isZynq -value "false" -context "sdk\\\\hardware/1486594206907"
# webtalk_add_data -client sdk -key Processors -value "1" -context "sdk\\\\hardware/1486594206907"
# webtalk_add_data -client sdk -key VivadoVersion -value "2015.3" -context "sdk\\\\hardware/1486594206907"
# webtalk_add_data -client sdk -key Arch -value "artix7" -context "sdk\\\\hardware/1486594206907"
# webtalk_add_data -client sdk -key Device -value "7a200t" -context "sdk\\\\hardware/1486594206907"
# webtalk_add_data -client sdk -key IsHandoff -value "true" -context "sdk\\\\hardware/1486594206907"
# webtalk_transmit -clientid 3856417198 -regid "" -xml C:\\Users\\Mohammad\\Desktop\\ECE532\\NexysVideo-master\\Projects\\hdmi\\proj\\hdmi.sdk\\webtalk\\usage_statistics_ext_sdk.xml -html C:\\Users\\Mohammad\\Desktop\\ECE532\\NexysVideo-master\\Projects\\hdmi\\proj\\hdmi.sdk\\webtalk\\usage_statistics_ext_sdk.html -wdm C:\\Users\\Mohammad\\Desktop\\ECE532\\NexysVideo-master\\Projects\\hdmi\\proj\\hdmi.sdk\\webtalk\\sdk_webtalk.wdm -intro "<H3>SDK Usage Report</H3><BR>"

    while executing
"webtalk_transmit -clientid 3856417198 -regid "" -xml C:\\Users\\Mohammad\\Desktop\\ECE532\\NexysVideo-master\\Projects\\hdmi\\proj\\hdmi.sdk\\webtalk\..."
    (file "sdk_webtalk.tcl" line 32)
INFO: [Common 17-206] Exiting Webtalk at Wed Feb 08 17:57:10 2017...
