#
# A fatal error has been detected by the Java Runtime Environment:
#
#  EXCEPTION_UNCAUGHT_CXX_EXCEPTION (0xe06d7363) at pc=0x00007ff9612c7788, pid=24500, tid=28308
#
# JRE version: Java(TM) SE Runtime Environment (8.0_66-b18) (build 1.8.0_66-b18)
# Java VM: Java HotSpot(TM) 64-Bit Server VM (25.66-b18 mixed mode windows-amd64 compressed oops)
# Problematic frame:
# C  [KERNELBASE.dll+0x17788]
#
# Failed to write core dump. Minidumps are not enabled by default on client versions of Windows
#
# If you would like to submit a bug report, please visit:
#   http://bugreport.java.com/bugreport/crash.jsp
#

---------------  T H R E A D  ---------------

Current thread (0x00000000140e9000):  VMThread [stack: 0x0000000015dd0000,0x0000000015ed0000] [id=28308]

siginfo: ExceptionCode=0xe06d7363, ExceptionInformation=0x0000000019930520 0x0000000015ecf448 0x00007ff941102cb8 0x00007ff941050000 

Registers:
RAX=0x004c0044002e006c, RBX=0x00007ff941102cb8, RCX=0x000000000000004c, RDX=0x0000000000000000
RSP=0x0000000015ecf290, RBP=0x0000000015ecf3d0, RSI=0x00000000ffffffff, RDI=0x00000000273b3790
R8 =0x0000000000000000, R9 =0x0000000000000000, R10=0x0000000000000000, R11=0x0000000000000000
R12=0x0000000000000001, R13=0x0000000000000008, R14=0x0000000000000000, R15=0xffffffffffffffff
RIP=0x00007ff9612c7788, EFLAGS=0x0000000000000206

Top of Stack: (sp=0x0000000015ecf290)
0x0000000015ecf290:   0000000000000000 00007ff941102cb8
0x0000000015ecf2a0:   00000000ffffffff 00000000273b3790
0x0000000015ecf2b0:   00000001e06d7363 0000000000000000
0x0000000015ecf2c0:   00007ff9612c7788 0000000000000004
0x0000000015ecf2d0:   0000000019930520 0000000015ecf448
0x0000000015ecf2e0:   00007ff941102cb8 00007ff941050000
0x0000000015ecf2f0:   0000000000000008 0000000000000001
0x0000000015ecf300:   00000000273b3790 00000000ffffffff
0x0000000015ecf310:   0000000015ecf3d0 00007ff964d4c26f
0x0000000015ecf320:   0000000015ecf3e0 0000000000000000
0x0000000015ecf330:   000030eee660b687 0000000000000001
0x0000000015ecf340:   00007ff941119000 00007ff941050000
0x0000000015ecf350:   00000cdda549d67c 00000000000003ff
0x0000000015ecf360:   00007ff941102cb8 00007ff9410ae92c
0x0000000015ecf370:   000000000000001f 0000000000000008
0x0000000015ecf380:   0000000000000001 00000000273b3790 

Instructions: (pc=0x00007ff9612c7788)
0x00007ff9612c7768:   49 8b d1 44 0f 47 c0 44 89 44 24 38 49 c1 e0 03
0x00007ff9612c7778:   e8 07 55 06 00 48 8d 4c 24 20 ff 15 d0 08 13 00
0x00007ff9612c7788:   48 8b 8c 24 c0 00 00 00 48 33 cc e8 98 1a 06 00
0x00007ff9612c7798:   48 81 c4 d8 00 00 00 c3 83 64 24 38 00 eb d6 cc 


Register to memory mapping:

RAX=0x004c0044002e006c is an unknown value
RBX=0x00007ff941102cb8 is an unknown value
RCX=0x000000000000004c is an unknown value
RDX=0x0000000000000000 is an unknown value
RSP=0x0000000015ecf290 is an unknown value
RBP=0x0000000015ecf3d0 is an unknown value
RSI=0x00000000ffffffff is an unallocated location in the heap
RDI=0x00000000273b3790 is an unknown value
R8 =0x0000000000000000 is an unknown value
R9 =0x0000000000000000 is an unknown value
R10=0x0000000000000000 is an unknown value
R11=0x0000000000000000 is an unknown value
R12=0x0000000000000001 is an unknown value
R13=0x0000000000000008 is an unknown value
R14=0x0000000000000000 is an unknown value
R15=0xffffffffffffffff is an unknown value


Stack: [0x0000000015dd0000,0x0000000015ed0000],  sp=0x0000000015ecf290,  free space=1020k
Native frames: (J=compiled Java code, j=interpreted, Vv=VM code, C=native code)
C  [KERNELBASE.dll+0x17788]
C  [MSVCR110.dll+0x5e92c]
C  [MSVCR110.dll+0x1315c]
C  [MSVCR110.dll+0x136a9]
C  [MSVCR110.dll+0x13e9c]
C  [MSVCR110.dll+0x239e]
C  [MSVCR110.dll+0xaf9e]
C  [MSVCP110.dll+0x397b9]
C  [librdi_common.dll+0x182316]
C  [librdi_common.dll+0x180fab]
C  0x00007ff946e92400
C  0x00007ff946e92682
C  [ntdll.dll+0x2a35f]
C  [ntdll.dll+0x806b]
C  [ntdll.dll+0x7d94]
C  [KERNEL32.DLL+0x1ce6a]
C  [MSVCR100.dll+0x20ccd]
V  [jvm.dll+0x210cc5]
V  [jvm.dll+0x249897]
V  [jvm.dll+0x248b36]
V  [jvm.dll+0x248fd1]
V  [jvm.dll+0x2491ee]
V  [jvm.dll+0x29a0fa]
C  [MSVCR100.dll+0x21d9f]
C  [MSVCR100.dll+0x21e3b]
C  [KERNEL32.DLL+0x8364]
C  [ntdll.dll+0x670d1]

VM_Operation (0x000000000014f4c0): Exit, mode: safepoint, requested by thread 0x00000000013fe000


---------------  P R O C E S S  ---------------

Java Threads: ( => current thread )
  0x0000000017c76800 JavaThread "pool-2-thread-3" [_thread_blocked, id=18768, stack(0x0000000047bf0000,0x0000000047cf0000)]
  0x0000000017081800 JavaThread "pool-2-thread-2" [_thread_blocked, id=24332, stack(0x0000000044ef0000,0x0000000044ff0000)]
  0x000000001707e800 JavaThread "pool-2-thread-1" [_thread_blocked, id=11936, stack(0x0000000043af0000,0x0000000043bf0000)]
  0x0000000017c75000 JavaThread "Thread-97" daemon [_thread_blocked, id=8588, stack(0x00000000438f0000,0x00000000439f0000)]
  0x000000001bcac000 JavaThread "TCF Channel Transmitter" daemon [_thread_blocked, id=28560, stack(0x0000000026220000,0x0000000026320000)]
  0x000000001bca9000 JavaThread "TCF Channel Receiver" daemon [_thread_in_native, id=23012, stack(0x0000000026120000,0x0000000026220000)]
  0x000000001bca1000 JavaThread "Process monitor" daemon [_thread_in_native, id=1704, stack(0x0000000025550000,0x0000000025650000)]
  0x000000001bca7800 JavaThread "Input Stream Monitor" daemon [_thread_blocked, id=23920, stack(0x0000000025450000,0x0000000025550000)]
  0x000000001bca0000 JavaThread "Output Stream Monitor" daemon [_thread_in_native, id=25736, stack(0x0000000025350000,0x0000000025450000)]
  0x000000001bca7000 JavaThread "Output Stream Monitor" daemon [_thread_in_native, id=24952, stack(0x0000000025250000,0x0000000025350000)]
  0x0000000018291800 JavaThread "TCF Locator DNS Lookup" daemon [_thread_blocked, id=25200, stack(0x0000000023180000,0x0000000023280000)]
  0x000000001828c000 JavaThread "TCF Locator Timer" daemon [_thread_blocked, id=24412, stack(0x0000000023080000,0x0000000023180000)]
  0x000000001828d000 JavaThread "TCF Locator Receiver" daemon [_thread_in_native, id=12576, stack(0x0000000022f80000,0x0000000023080000)]
  0x0000000018290800 JavaThread "TCF Timer Dispatcher" daemon [_thread_blocked, id=20408, stack(0x00000000226a0000,0x00000000227a0000)]
  0x000000001848a000 JavaThread "EMF Reference Cleaner" daemon [_thread_blocked, id=18980, stack(0x0000000019810000,0x0000000019910000)]
  0x0000000016267800 JavaThread "Service Thread" daemon [_thread_blocked, id=9488, stack(0x0000000016bc0000,0x0000000016cc0000)]
  0x00000000161fb800 JavaThread "C1 CompilerThread3" daemon [_thread_blocked, id=25604, stack(0x0000000016ac0000,0x0000000016bc0000)]
  0x00000000161f5800 JavaThread "C2 CompilerThread2" daemon [_thread_blocked, id=26540, stack(0x00000000169c0000,0x0000000016ac0000)]
  0x00000000161f3800 JavaThread "C2 CompilerThread1" daemon [_thread_blocked, id=24584, stack(0x00000000168c0000,0x00000000169c0000)]
  0x00000000161f1000 JavaThread "C2 CompilerThread0" daemon [_thread_blocked, id=14620, stack(0x00000000167c0000,0x00000000168c0000)]
  0x00000000161ea000 JavaThread "Attach Listener" daemon [_thread_blocked, id=13528, stack(0x00000000166c0000,0x00000000167c0000)]
  0x00000000161e7800 JavaThread "Signal Dispatcher" daemon [_thread_blocked, id=1632, stack(0x00000000165c0000,0x00000000166c0000)]
  0x000000000137a000 JavaThread "Finalizer" daemon [_thread_blocked, id=25592, stack(0x0000000015fd0000,0x00000000160d0000)]
  0x0000000001373000 JavaThread "Reference Handler" daemon [_thread_blocked, id=24068, stack(0x0000000015ed0000,0x0000000015fd0000)]
  0x00000000013fe000 JavaThread "main" [_thread_blocked, id=24560, stack(0x0000000000050000,0x0000000000150000)]

Other Threads:
=>0x00000000140e9000 VMThread [stack: 0x0000000015dd0000,0x0000000015ed0000] [id=28308]

VM state:at safepoint (shutting down)

VM Mutex/Monitor currently owned by a thread:  ([mutex/lock_event])
[0x00000000013fdb00] Threads_lock - owner thread: 0x00000000140e9000

Heap:
 PSYoungGen      total 161792K, used 44599K [0x00000000f5580000, 0x00000000ff600000, 0x0000000100000000)
  eden space 159232K, 28% used [0x00000000f5580000,0x00000000f810dd68,0x00000000ff100000)
  from space 2560K, 0% used [0x00000000ff100000,0x00000000ff100000,0x00000000ff380000)
  to   space 2560K, 0% used [0x00000000ff380000,0x00000000ff380000,0x00000000ff600000)
 ParOldGen       total 93184K, used 58834K [0x00000000e0000000, 0x00000000e5b00000, 0x00000000f5580000)
  object space 93184K, 63% used [0x00000000e0000000,0x00000000e3974930,0x00000000e5b00000)
 Metaspace       used 98756K, capacity 106252K, committed 106520K, reserved 1142784K
  class space    used 11477K, capacity 13758K, committed 13856K, reserved 1048576K

Card table byte_map: [0x00000000017c0000,0x00000000018d0000] byte_map_base: 0x00000000010c0000

Marking Bits: (ParMarkBitMap*) 0x00000000765da5b0
 Begin Bits: [0x0000000012600000, 0x0000000012e00000)
 End Bits:   [0x0000000012e00000, 0x0000000013600000)

Polling page: 0x0000000000590000

CodeCache: size=245760Kb used=62413Kb max_used=62536Kb free=183346Kb
 bounds [0x0000000003400000, 0x00000000071a0000, 0x0000000012400000]
 total_blobs=16825 nmethods=15920 adapters=809
 compilation: enabled

Compilation events (10 events):
Event: 141599.219 Thread 0x00000000161fb800 nmethod 21356 0x0000000004c2eb10 code [0x0000000004c2ec80, 0x0000000004c2ee08]
Event: 141599.219 Thread 0x00000000161fb800 21357       3       org.eclipse.osgi.container.ModuleWiring::invalidate0 (52 bytes)
Event: 141599.220 Thread 0x00000000161fb800 nmethod 21357 0x0000000005a1dc10 code [0x0000000005a1ddc0, 0x0000000005a1e768]
Event: 141599.220 Thread 0x00000000161fb800 21358       3       org.eclipse.osgi.internal.container.AtomicLazyInitializer::getAndClear (9 bytes)
Event: 141599.220 Thread 0x00000000161fb800 nmethod 21358 0x00000000066dd290 code [0x00000000066dd400, 0x00000000066dd650]
Event: 141599.220 Thread 0x00000000161fb800 21359       3       java.util.concurrent.atomic.AtomicReference::getAndSet (12 bytes)
Event: 141599.220 Thread 0x00000000161fb800 nmethod 21359 0x00000000055f0590 code [0x00000000055f06e0, 0x00000000055f0850]
Event: 141599.220 Thread 0x00000000161fb800 21360       3       sun.misc.Unsafe::getAndSetObject (24 bytes)
Event: 141599.221 Thread 0x00000000161fb800 nmethod 21360 0x0000000004a4dd10 code [0x0000000004a4de80, 0x0000000004a4e090]
Event: 141599.221 Thread 0x00000000161fb800 21361       3       org.eclipse.osgi.internal.framework.EquinoxContainerAdaptor::invalidateWiring (186 bytes)

GC Heap History (10 events):
Event: 141472.198 GC heap before
{Heap before GC invocations=195 (full 88):
 PSYoungGen      total 159744K, used 512K [0x00000000f5580000, 0x00000000ff600000, 0x0000000100000000)
  eden space 159232K, 0% used [0x00000000f5580000,0x00000000f5580000,0x00000000ff100000)
  from space 512K, 100% used [0x00000000ff100000,0x00000000ff180000,0x00000000ff180000)
  to   space 2560K, 0% used [0x00000000ff380000,0x00000000ff380000,0x00000000ff600000)
 ParOldGen       total 93184K, used 58645K [0x00000000e0000000, 0x00000000e5b00000, 0x00000000f5580000)
  object space 93184K, 62% used [0x00000000e0000000,0x00000000e3945438,0x00000000e5b00000)
 Metaspace       used 98195K, capacity 105554K, committed 105880K, reserved 1140736K
  class space    used 11415K, capacity 13659K, committed 13728K, reserved 1048576K
Event: 141472.337 GC heap after
Heap after GC invocations=195 (full 88):
 PSYoungGen      total 159744K, used 0K [0x00000000f5580000, 0x00000000ff600000, 0x0000000100000000)
  eden space 159232K, 0% used [0x00000000f5580000,0x00000000f5580000,0x00000000ff100000)
  from space 512K, 0% used [0x00000000ff100000,0x00000000ff100000,0x00000000ff180000)
  to   space 2560K, 0% used [0x00000000ff380000,0x00000000ff380000,0x00000000ff600000)
 ParOldGen       total 93184K, used 58834K [0x00000000e0000000, 0x00000000e5b00000, 0x00000000f5580000)
  object space 93184K, 63% used [0x00000000e0000000,0x00000000e3974930,0x00000000e5b00000)
 Metaspace       used 98195K, capacity 105554K, committed 105880K, reserved 1140736K
  class space    used 11415K, capacity 13659K, committed 13728K, reserved 1048576K
}
Event: 141532.213 GC heap before
{Heap before GC invocations=196 (full 88):
 PSYoungGen      total 159744K, used 8263K [0x00000000f5580000, 0x00000000ff600000, 0x0000000100000000)
  eden space 159232K, 5% used [0x00000000f5580000,0x00000000f5d91cc0,0x00000000ff100000)
  from space 512K, 0% used [0x00000000ff100000,0x00000000ff100000,0x00000000ff180000)
  to   space 2560K, 0% used [0x00000000ff380000,0x00000000ff380000,0x00000000ff600000)
 ParOldGen       total 93184K, used 58834K [0x00000000e0000000, 0x00000000e5b00000, 0x00000000f5580000)
  object space 93184K, 63% used [0x00000000e0000000,0x00000000e3974930,0x00000000e5b00000)
 Metaspace       used 98198K, capacity 105554K, committed 105880K, reserved 1140736K
  class space    used 11415K, capacity 13659K, committed 13728K, reserved 1048576K
Event: 141532.219 GC heap after
Heap after GC invocations=196 (full 88):
 PSYoungGen      total 161792K, used 576K [0x00000000f5580000, 0x00000000ff600000, 0x0000000100000000)
  eden space 159232K, 0% used [0x00000000f5580000,0x00000000f5580000,0x00000000ff100000)
  from space 2560K, 22% used [0x00000000ff380000,0x00000000ff410000,0x00000000ff600000)
  to   space 2560K, 0% used [0x00000000ff100000,0x00000000ff100000,0x00000000ff380000)
 ParOldGen       total 93184K, used 58834K [0x00000000e0000000, 0x00000000e5b00000, 0x00000000f5580000)
  object space 93184K, 63% used [0x00000000e0000000,0x00000000e3974930,0x00000000e5b00000)
 Metaspace       used 98198K, capacity 105554K, committed 105880K, reserved 1140736K
  class space    used 11415K, capacity 13659K, committed 13728K, reserved 1048576K
}
Event: 141532.219 GC heap before
{Heap before GC invocations=197 (full 89):
 PSYoungGen      total 161792K, used 576K [0x00000000f5580000, 0x00000000ff600000, 0x0000000100000000)
  eden space 159232K, 0% used [0x00000000f5580000,0x00000000f5580000,0x00000000ff100000)
  from space 2560K, 22% used [0x00000000ff380000,0x00000000ff410000,0x00000000ff600000)
  to   space 2560K, 0% used [0x00000000ff100000,0x00000000ff100000,0x00000000ff380000)
 ParOldGen       total 93184K, used 58834K [0x00000000e0000000, 0x00000000e5b00000, 0x00000000f5580000)
  object space 93184K, 63% used [0x00000000e0000000,0x00000000e3974930,0x00000000e5b00000)
 Metaspace       used 98198K, capacity 105554K, committed 105880K, reserved 1140736K
  class space    used 11415K, capacity 13659K, committed 13728K, reserved 1048576K
Event: 141532.365 GC heap after
Heap after GC invocations=197 (full 89):
 PSYoungGen      total 161792K, used 0K [0x00000000f5580000, 0x00000000ff600000, 0x0000000100000000)
  eden space 159232K, 0% used [0x00000000f5580000,0x00000000f5580000,0x00000000ff100000)
  from space 2560K, 0% used [0x00000000ff380000,0x00000000ff380000,0x00000000ff600000)
  to   space 2560K, 0% used [0x00000000ff100000,0x00000000ff100000,0x00000000ff380000)
 ParOldGen       total 93184K, used 58989K [0x00000000e0000000, 0x00000000e5b00000, 0x00000000f5580000)
  object space 93184K, 63% used [0x00000000e0000000,0x00000000e399b490,0x00000000e5b00000)
 Metaspace       used 98198K, capacity 105554K, committed 105880K, reserved 1140736K
  class space    used 11415K, capacity 13659K, committed 13728K, reserved 1048576K
}
Event: 141592.215 GC heap before
{Heap before GC invocations=198 (full 89):
 PSYoungGen      total 161792K, used 3734K [0x00000000f5580000, 0x00000000ff600000, 0x0000000100000000)
  eden space 159232K, 2% used [0x00000000f5580000,0x00000000f59258d8,0x00000000ff100000)
  from space 2560K, 0% used [0x00000000ff380000,0x00000000ff380000,0x00000000ff600000)
  to   space 2560K, 0% used [0x00000000ff100000,0x00000000ff100000,0x00000000ff380000)
 ParOldGen       total 93184K, used 58989K [0x00000000e0000000, 0x00000000e5b00000, 0x00000000f5580000)
  object space 93184K, 63% used [0x00000000e0000000,0x00000000e399b490,0x00000000e5b00000)
 Metaspace       used 98198K, capacity 105554K, committed 105880K, reserved 1140736K
  class space    used 11415K, capacity 13659K, committed 13728K, reserved 1048576K
Event: 141592.218 GC heap after
Heap after GC invocations=198 (full 89):
 PSYoungGen      total 161792K, used 288K [0x00000000f5580000, 0x00000000ff600000, 0x0000000100000000)
  eden space 159232K, 0% used [0x00000000f5580000,0x00000000f5580000,0x00000000ff100000)
  from space 2560K, 11% used [0x00000000ff100000,0x00000000ff148000,0x00000000ff380000)
  to   space 2560K, 0% used [0x00000000ff380000,0x00000000ff380000,0x00000000ff600000)
 ParOldGen       total 93184K, used 58989K [0x00000000e0000000, 0x00000000e5b00000, 0x00000000f5580000)
  object space 93184K, 63% used [0x00000000e0000000,0x00000000e399b490,0x00000000e5b00000)
 Metaspace       used 98198K, capacity 105554K, committed 105880K, reserved 1140736K
  class space    used 11415K, capacity 13659K, committed 13728K, reserved 1048576K
}
Event: 141592.218 GC heap before
{Heap before GC invocations=199 (full 90):
 PSYoungGen      total 161792K, used 288K [0x00000000f5580000, 0x00000000ff600000, 0x0000000100000000)
  eden space 159232K, 0% used [0x00000000f5580000,0x00000000f5580000,0x00000000ff100000)
  from space 2560K, 11% used [0x00000000ff100000,0x00000000ff148000,0x00000000ff380000)
  to   space 2560K, 0% used [0x00000000ff380000,0x00000000ff380000,0x00000000ff600000)
 ParOldGen       total 93184K, used 58989K [0x00000000e0000000, 0x00000000e5b00000, 0x00000000f5580000)
  object space 93184K, 63% used [0x00000000e0000000,0x00000000e399b490,0x00000000e5b00000)
 Metaspace       used 98198K, capacity 105554K, committed 105880K, reserved 1140736K
  class space    used 11415K, capacity 13659K, committed 13728K, reserved 1048576K
Event: 141592.362 GC heap after
Heap after GC invocations=199 (full 90):
 PSYoungGen      total 161792K, used 0K [0x00000000f5580000, 0x00000000ff600000, 0x0000000100000000)
  eden space 159232K, 0% used [0x00000000f5580000,0x00000000f5580000,0x00000000ff100000)
  from space 2560K, 0% used [0x00000000ff100000,0x00000000ff100000,0x00000000ff380000)
  to   space 2560K, 0% used [0x00000000ff380000,0x00000000ff380000,0x00000000ff600000)
 ParOldGen       total 93184K, used 58834K [0x00000000e0000000, 0x00000000e5b00000, 0x00000000f5580000)
  object space 93184K, 63% used [0x00000000e0000000,0x00000000e3974930,0x00000000e5b00000)
 Metaspace       used 98198K, capacity 105554K, committed 105880K, reserved 1140736K
  class space    used 11415K, capacity 13659K, committed 13728K, reserved 1048576K
}

Deoptimization events (10 events):
Event: 141599.087 Thread 0x000000001bc9e800 Uncommon trap: reason=class_check action=maybe_recompile pc=0x00000000048f722c method=org.eclipse.swt.widgets.Display.asyncExec(Ljava/lang/Runnable;)V @ 23
Event: 141599.087 Thread 0x000000001bc9e800 Uncommon trap: reason=class_check action=maybe_recompile pc=0x00000000048f722c method=org.eclipse.swt.widgets.Display.asyncExec(Ljava/lang/Runnable;)V @ 23
Event: 141599.094 Thread 0x00000000181f9000 Uncommon trap: reason=null_check action=make_not_entrant pc=0x0000000004dc8544 method=org.eclipse.core.internal.runtime.Log.isLoggable(Lorg/osgi/framework/Bundle;Ljava/lang/String;I)Z @ 3
Event: 141599.094 Thread 0x00000000181f9000 Uncommon trap: reason=unstable_if action=reinterpret pc=0x000000000401b28c method=org.eclipse.osgi.internal.framework.BundleContextImpl.dispatchEvent(Ljava/lang/Object;Ljava/lang/Object;ILjava/lang/Object;)V @ 16
Event: 141599.115 Thread 0x000000001bc9e800 Uncommon trap: reason=bimorphic action=maybe_recompile pc=0x000000000514c02c method=java.util.concurrent.CopyOnWriteArrayList.indexOf(Ljava/lang/Object;[Ljava/lang/Object;II)I @ 46
Event: 141599.115 Thread 0x000000001bc9e800 Uncommon trap: reason=bimorphic action=maybe_recompile pc=0x000000000514c02c method=java.util.concurrent.CopyOnWriteArrayList.indexOf(Ljava/lang/Object;[Ljava/lang/Object;II)I @ 46
Event: 141599.115 Thread 0x000000001bc9e800 Uncommon trap: reason=bimorphic action=maybe_recompile pc=0x000000000514c02c method=java.util.concurrent.CopyOnWriteArrayList.indexOf(Ljava/lang/Object;[Ljava/lang/Object;II)I @ 46
Event: 141599.120 Thread 0x000000001bc9e800 Uncommon trap: reason=unstable_if action=reinterpret pc=0x0000000004dd4f20 method=org.eclipse.core.internal.dtree.AbstractDataTreeNode.assembleWith([Lorg/eclipse/core/internal/dtree/AbstractDataTreeNode;[Lorg/eclipse/core/internal/dtree/AbstractDataTreeNodÄ[ÙwùHA
Event: 141599.184 Thread 0x000000001bc9e800 Uncommon trap: reason=unstable_if action=reinterpret pc=0x000000000442bc5c method=sun.reflect.UnsafeStaticObjectFieldAccessorImpl.set(Ljava/lang/Object;Ljava/lang/Object;)V @ 13
Event: 141599.211 Thread 0x000000001bc9e800 Uncommon trap: reason=unstable_if action=reinterpret pc=0x0000000004653800 method=java.util.concurrent.locks.ReentrantLock$Sync.tryRelease(I)Z @ 28

Internal exceptions (10 events):
Event: 141598.341 Thread 0x00000000013fe000 Exception <a 'java/io/FileNotFoundException'> (0x00000000f75b22b8) thrown at [C:\re\workspace\8-2-build-windows-amd64-cygwin\jdk8u66\5298\hotspot\src\share\vm\prims\jni.cpp, line 709]
Event: 141598.342 Thread 0x00000000013fe000 Exception <a 'java/io/FileNotFoundException'> (0x00000000f75b4468) thrown at [C:\re\workspace\8-2-build-windows-amd64-cygwin\jdk8u66\5298\hotspot\src\share\vm\prims\jni.cpp, line 709]
Event: 141598.439 Thread 0x00000000013fe000 Implicit null exception at 0x0000000003a5b18a to 0x0000000003a5d9cd
Event: 141598.507 Thread 0x0000000017c69000 Exception <a 'java/lang/InterruptedException'> (0x00000000f7a2a750) thrown at [C:\re\workspace\8-2-build-windows-amd64-cygwin\jdk8u66\5298\hotspot\src\share\vm\runtime\objectMonitor.cpp, line 1683]
Event: 141599.093 Thread 0x00000000181f9000 Implicit null exception at 0x0000000004dc83e2 to 0x0000000004dc8535
Event: 141599.153 Thread 0x000000001828e800 Exception <a 'java/lang/InterruptedException'> (0x00000000f75f8220) thrown at [C:\re\workspace\8-2-build-windows-amd64-cygwin\jdk8u66\5298\hotspot\src\share\vm\runtime\objectMonitor.cpp, line 1683]
Event: 141599.184 Thread 0x000000001bc9e800 Implicit null exception at 0x000000000442b857 to 0x000000000442bc49
Event: 141599.185 Thread 0x00000000181f9000 Exception <a 'java/lang/InterruptedException'> (0x00000000f7e206f8) thrown at [C:\re\workspace\8-2-build-windows-amd64-cygwin\jdk8u66\5298\hotspot\src\share\vm\runtime\objectMonitor.cpp, line 1683]
Event: 141599.211 Thread 0x000000001828f000 Exception <a 'java/lang/InterruptedException'> (0x00000000f6959350) thrown at [C:\re\workspace\8-2-build-windows-amd64-cygwin\jdk8u66\5298\hotspot\src\share\vm\runtime\objectMonitor.cpp, line 1683]
Event: 141599.212 Thread 0x0000000017125800 Exception <a 'java/lang/InterruptedException'> (0x00000000f8032128) thrown at [C:\re\workspace\8-2-build-windows-amd64-cygwin\jdk8u66\5298\hotspot\src\share\vm\runtime\objectMonitor.cpp, line 1683]

Events (10 events):
Event: 141599.215 Thread 0x000000001bc9e800 Thread exited: 0x000000001bc9e800
Event: 141599.215 Thread 0x00000000161fb800 flushing nmethod 0x00000000066dd290
Event: 141599.217 Thread 0x00000000161fb800 flushing nmethod 0x0000000006b82c90
Event: 141599.217 loading class java/util/IdentityHashMap$KeyIterator
Event: 141599.218 loading class java/util/IdentityHashMap$IdentityHashMapIterator
Event: 141599.219 loading class java/util/IdentityHashMap$IdentityHashMapIterator done
Event: 141599.219 loading class java/util/IdentityHashMap$KeyIterator done
Event: 141599.219 Thread 0x000000001bca4000 Thread added: 0x000000001bca4000
Event: 141599.220 Thread 0x000000001bca4000 Thread exited: 0x000000001bca4000
Event: 141599.221 Executing VM operation: Exit


Dynamic libraries:
0x0000000000400000 - 0x000000000044f000 	C:\Xilinx\SDK\2016.2\eclipse\win64.o\eclipse.exe
0x00007ff964d00000 - 0x00007ff964ed1000 	C:\WINDOWS\SYSTEM32\ntdll.dll
0x00007ff963eb0000 - 0x00007ff963f5b000 	C:\WINDOWS\System32\KERNEL32.DLL
0x00007ff9612b0000 - 0x00007ff9614cd000 	C:\WINDOWS\System32\KERNELBASE.dll
0x00007ff9645a0000 - 0x00007ff964705000 	C:\WINDOWS\System32\USER32.dll
0x00007ff961bb0000 - 0x00007ff961bce000 	C:\WINDOWS\System32\win32u.dll
0x00007ff9641d0000 - 0x00007ff964204000 	C:\WINDOWS\System32\GDI32.dll
0x00007ff962100000 - 0x00007ff962282000 	C:\WINDOWS\System32\gdi32full.dll
0x00007ff9643d0000 - 0x00007ff96446e000 	C:\WINDOWS\System32\msvcrt.dll
0x00007ff955300000 - 0x00007ff955579000 	C:\WINDOWS\WinSxS\amd64_microsoft.windows.common-controls_6595b64144ccf1df_6.0.14393.447_none_42191651c6827bb3\COMCTL32.dll
0x00007ff964710000 - 0x00007ff9649d8000 	C:\WINDOWS\System32\combase.dll
0x00007ff961c30000 - 0x00007ff961d25000 	C:\WINDOWS\System32\ucrtbase.dll
0x00007ff963f60000 - 0x00007ff964081000 	C:\WINDOWS\System32\RPCRT4.dll
0x00007ff9611f0000 - 0x00007ff96125a000 	C:\WINDOWS\System32\bcryptPrimitives.dll
0x00007ff962540000 - 0x00007ff96256e000 	C:\WINDOWS\System32\IMM32.DLL
0x0000000072000000 - 0x0000000072012000 	C:\Xilinx\SDK\2016.2\eclipse\win64.o\plugins\org.eclipse.equinox.launcher.win32.win32.x86_64_1.1.300.v20150602-1417\eclipse_1611.dll
0x00007ff9644f0000 - 0x00007ff964592000 	C:\WINDOWS\System32\ADVAPI32.dll
0x00007ff964490000 - 0x00007ff9644e9000 	C:\WINDOWS\System32\sechost.dll
0x00007ff955dc0000 - 0x00007ff955dca000 	C:\WINDOWS\SYSTEM32\VERSION.dll
0x00007ff95f7f0000 - 0x00007ff95f885000 	C:\WINDOWS\system32\uxtheme.dll
0x00007ff964270000 - 0x00007ff9643cb000 	C:\WINDOWS\System32\MSCTF.dll
0x00007ff964b90000 - 0x00007ff964c4f000 	C:\WINDOWS\System32\OLEAUT32.dll
0x00007ff962060000 - 0x00007ff9620fc000 	C:\WINDOWS\System32\msvcp_win.dll
0x0000000075dd0000 - 0x0000000076659000 	C:\Xilinx\SDK\2016.2\tps\win64\jre\bin\server\jvm.dll
0x00007ff964c50000 - 0x00007ff964c58000 	C:\WINDOWS\System32\PSAPI.DLL
0x00007ff955f00000 - 0x00007ff955f09000 	C:\WINDOWS\SYSTEM32\WSOCK32.dll
0x00007ff95f050000 - 0x00007ff95f073000 	C:\WINDOWS\SYSTEM32\WINMM.dll
0x0000000054190000 - 0x0000000054262000 	C:\WINDOWS\SYSTEM32\MSVCR100.dll
0x00007ff964ab0000 - 0x00007ff964b1a000 	C:\WINDOWS\System32\WS2_32.dll
0x00007ff95eff0000 - 0x00007ff95f01b000 	C:\WINDOWS\SYSTEM32\WINMMBASE.dll
0x00007ff961260000 - 0x00007ff9612a2000 	C:\WINDOWS\System32\cfgmgr32.dll
0x0000000052ae0000 - 0x0000000052aef000 	C:\Xilinx\SDK\2016.2\tps\win64\jre\bin\verify.dll
0x0000000052ab0000 - 0x0000000052ad9000 	C:\Xilinx\SDK\2016.2\tps\win64\jre\bin\java.dll
0x0000000052a90000 - 0x0000000052aa6000 	C:\Xilinx\SDK\2016.2\tps\win64\jre\bin\zip.dll
0x00007ff9629a0000 - 0x00007ff963ea9000 	C:\WINDOWS\System32\SHELL32.dll
0x00007ff9614d0000 - 0x00007ff961baa000 	C:\WINDOWS\System32\windows.storage.dll
0x00007ff961160000 - 0x00007ff9611ac000 	C:\WINDOWS\System32\powrprof.dll
0x00007ff9649e0000 - 0x00007ff964a32000 	C:\WINDOWS\System32\shlwapi.dll
0x00007ff9611b0000 - 0x00007ff9611bf000 	C:\WINDOWS\System32\kernel.appcore.dll
0x00007ff961d30000 - 0x00007ff961dd9000 	C:\WINDOWS\System32\shcore.dll
0x00007ff9611d0000 - 0x00007ff9611e4000 	C:\WINDOWS\System32\profapi.dll
0x00007ff960c40000 - 0x00007ff960c57000 	C:\WINDOWS\SYSTEM32\CRYPTSP.dll
0x00007ff9606a0000 - 0x00007ff9606d3000 	C:\WINDOWS\system32\rsaenh.dll
0x00007ff960d40000 - 0x00007ff960d6b000 	C:\WINDOWS\SYSTEM32\bcrypt.dll
0x00007ff960910000 - 0x00007ff96092f000 	C:\WINDOWS\SYSTEM32\USERENV.dll
0x00007ff960c30000 - 0x00007ff960c3b000 	C:\WINDOWS\SYSTEM32\CRYPTBASE.dll
0x0000000052a70000 - 0x0000000052a8a000 	C:\Xilinx\SDK\2016.2\tps\win64\jre\bin\net.dll
0x00007ff960a90000 - 0x00007ff960aec000 	C:\WINDOWS\system32\mswsock.dll
0x00007ff960820000 - 0x00007ff960858000 	C:\WINDOWS\SYSTEM32\IPHLPAPI.DLL
0x00007ff962530000 - 0x00007ff962538000 	C:\WINDOWS\System32\NSI.dll
0x00007ff95b270000 - 0x00007ff95b286000 	C:\WINDOWS\SYSTEM32\dhcpcsvc6.DLL
0x00007ff95b6b0000 - 0x00007ff95b6ca000 	C:\WINDOWS\SYSTEM32\dhcpcsvc.DLL
0x0000000052a50000 - 0x0000000052a61000 	C:\Xilinx\SDK\2016.2\tps\win64\jre\bin\nio.dll
0x00007ff948c10000 - 0x00007ff948c26000 	C:\WINDOWS\system32\napinsp.dll
0x00007ff948c50000 - 0x00007ff948c6a000 	C:\WINDOWS\system32\pnrpnsp.dll
0x00007ff95eda0000 - 0x00007ff95edb8000 	C:\WINDOWS\system32\NLAapi.dll
0x00007ff960860000 - 0x00007ff960900000 	C:\WINDOWS\SYSTEM32\DNSAPI.dll
0x00007ff948c90000 - 0x00007ff948c9e000 	C:\WINDOWS\System32\winrnr.dll
0x0000000054160000 - 0x0000000054186000 	C:\Program Files\Bonjour\mdnsNSP.dll
0x00007ff948ca0000 - 0x00007ff948cb5000 	C:\WINDOWS\System32\wshbth.dll
0x00007ff955a30000 - 0x00007ff955a3a000 	C:\Windows\System32\rasadhlp.dll
0x00007ff9596b0000 - 0x00007ff95971a000 	C:\WINDOWS\System32\fwpuclnt.dll
0x0000000019510000 - 0x00000000195b8000 	C:\Users\jaziz\.Xilinx\SDK\2016.2\org.eclipse.osgi\312\0\.cp\swt-win32-4527.dll
0x00007ff964090000 - 0x00007ff9641c7000 	C:\WINDOWS\System32\ole32.dll
0x00007ff962290000 - 0x00007ff96238a000 	C:\WINDOWS\System32\comdlg32.dll
0x00007ff961de0000 - 0x00007ff961fa9000 	C:\WINDOWS\System32\CRYPT32.dll
0x00007ff953d10000 - 0x00007ff953d95000 	C:\WINDOWS\SYSTEM32\WINSPOOL.DRV
0x00007ff944700000 - 0x00007ff944719000 	C:\WINDOWS\SYSTEM32\USP10.dll
0x00007ff9611c0000 - 0x00007ff9611d0000 	C:\WINDOWS\System32\MSASN1.dll
0x00007ff9568b0000 - 0x00007ff956b43000 	C:\WINDOWS\SYSTEM32\WININET.dll
0x00007ff95eb40000 - 0x00007ff95eb66000 	C:\WINDOWS\system32\dwmapi.dll
0x00007ff95e910000 - 0x00007ff95ea95000 	C:\WINDOWS\SYSTEM32\propsys.dll
0x00007ff964c60000 - 0x00007ff964cff000 	C:\WINDOWS\System32\clbcatq.dll
0x0000000018bd0000 - 0x0000000018bee000 	C:\Users\jaziz\.Xilinx\SDK\2016.2\org.eclipse.osgi\312\0\.cp\swt-gdip-win32-4527.dll
0x00007ff9529b0000 - 0x00007ff952b4a000 	C:\WINDOWS\WinSxS\amd64_microsoft.windows.gdiplus_6595b64144ccf1df_1.1.14393.321_none_72fe05dd211a5fae\gdiplus.dll
0x00007ff95e620000 - 0x00007ff95e7c8000 	C:\WINDOWS\SYSTEM32\WindowsCodecs.dll
0x0000000180000000 - 0x0000000180012000 	C:\Users\jaziz\.Xilinx\SDK\2016.2\org.eclipse.osgi\126\0\.cp\os\win32\x86_64\localfile_1_0_0.dll
0x00007ff94f340000 - 0x00007ff94f3a5000 	C:\WINDOWS\SYSTEM32\oleacc.dll
0x00007ff93fcc0000 - 0x00007ff93fcff000 	C:\WINDOWS\system32\mlang.dll
0x00007ff945960000 - 0x00007ff9459a9000 	C:\WINDOWS\system32\dataexchange.dll
0x00007ff95de70000 - 0x00007ff95e126000 	C:\WINDOWS\system32\d3d11.dll
0x00007ff95f080000 - 0x00007ff95f1d1000 	C:\WINDOWS\system32\dcomp.dll
0x00007ff9600f0000 - 0x00007ff96018f000 	C:\WINDOWS\system32\dxgi.dll
0x00007ff95fbc0000 - 0x00007ff95fcdc000 	C:\WINDOWS\system32\twinapi.appcore.dll
0x00007ff944350000 - 0x00007ff944357000 	C:\WINDOWS\SYSTEM32\msimg32.dll
0x00007ff942430000 - 0x00007ff942441000 	C:\Users\jaziz\.Xilinx\SDK\2016.2\org.eclipse.osgi\129\0\.cp\jWinHttp-1.0.0.dll
0x00007ff9585e0000 - 0x00007ff9586ad000 	C:\WINDOWS\SYSTEM32\WINHTTP.dll
0x00007ff95d130000 - 0x00007ff95d13f000 	C:\Xilinx\SDK\2016.2\lib\win64.o\librdi_repo_manager.dll
0x00007ff942160000 - 0x00007ff94218a000 	C:\Xilinx\SDK\2016.2\lib\win64.o\libisl_sysinfo.dll
0x00007ff8e5bf0000 - 0x00007ff8e6630000 	C:\Xilinx\SDK\2016.2\lib\win64.o\librdi_common.dll
0x00007ff933770000 - 0x00007ff9337c4000 	C:\Xilinx\SDK\2016.2\lib\win64.o\librdi_commonxillic.dll
0x00007ff95e530000 - 0x00007ff95e5d7000 	C:\WINDOWS\SYSTEM32\MSVCP110.dll
0x00007ff941050000 - 0x00007ff941124000 	C:\WINDOWS\SYSTEM32\MSVCR110.dll
0x00007ff92f960000 - 0x00007ff92fcce000 	C:\Xilinx\SDK\2016.2\lib\win64.o\libCOIN-all.dll
0x00007ff92b710000 - 0x00007ff92b902000 	C:\Xilinx\SDK\2016.2\lib\win64.o\librdi_hsm.dll
0x00007ff953690000 - 0x00007ff9536a0000 	C:\Xilinx\SDK\2016.2\lib\win64.o\libboost_date_time.dll
0x00007ff93c180000 - 0x00007ff93c1a4000 	C:\Xilinx\SDK\2016.2\lib\win64.o\libboost_filesystem.dll
0x00007ff930d20000 - 0x00007ff930d97000 	C:\Xilinx\SDK\2016.2\lib\win64.o\libboost_program_options.dll
0x00007ff8fbe20000 - 0x00007ff8fc03f000 	C:\Xilinx\SDK\2016.2\lib\win64.o\libXil_lmgr11.dll
0x00007ff930c10000 - 0x00007ff930d16000 	C:\Xilinx\SDK\2016.2\lib\win64.o\libboost_regex.dll
0x00007ff941fc0000 - 0x00007ff941fd3000 	C:\Xilinx\SDK\2016.2\lib\win64.o\libboost_signals.dll
0x00007ff9535c0000 - 0x00007ff9535c9000 	C:\Xilinx\SDK\2016.2\lib\win64.o\libboost_system.dll
0x00007ff961bd0000 - 0x00007ff961c25000 	C:\WINDOWS\System32\WINTRUST.dll
0x00007ff948870000 - 0x00007ff94887b000 	C:\Xilinx\SDK\2016.2\lib\win64.o\libboost_xilinx.dll
0x00007ff93c9b0000 - 0x00007ff93c9cd000 	C:\Xilinx\SDK\2016.2\lib\win64.o\libboost_thread.dll
0x00007ff929a20000 - 0x00007ff929aa0000 	C:\Xilinx\SDK\2016.2\lib\win64.o\libhdlpsolve.dll
0x00007ff927390000 - 0x00007ff92742a000 	C:\Xilinx\SDK\2016.2\lib\win64.o\libhdxml.dll
0x00007ff8ed330000 - 0x00007ff8ed795e00 	C:\Xilinx\SDK\2016.2\lib\win64.o\libisl_iostreams.dll
0x00007ff925ec0000 - 0x00007ff925ff0000 	C:\Xilinx\SDK\2016.2\lib\win64.o\librdi_curl.dll
0x00007ff939500000 - 0x00007ff939515000 	C:\Xilinx\SDK\2016.2\lib\win64.o\pthreadVC2.dll
0x00007ff937530000 - 0x00007ff937553000 	C:\Xilinx\SDK\2016.2\lib\win64.o\librdizlib.dll
0x00007ff9388b0000 - 0x00007ff9388c8000 	C:\Xilinx\SDK\2016.2\lib\win64.o\librdiconfig.dll
0x0000000052af0000 - 0x0000000052c17000 	C:\Xilinx\SDK\2016.2\lib\win64.o\tcl85t.dll
0x00007ff956fc0000 - 0x00007ff957182000 	C:\WINDOWS\SYSTEM32\urlmon.dll
0x00007ff93e4b0000 - 0x00007ff93e4d3000 	C:\WINDOWS\SYSTEM32\VCOMP110.DLL
0x0000000023d70000 - 0x0000000023fd3000 	C:\Xilinx\SDK\2016.2\lib\win64.o\xerces-c_3_1.dll
0x00007ff955fc0000 - 0x00007ff955fd8000 	C:\WINDOWS\SYSTEM32\NETAPI32.dll
0x00007ff8f4a30000 - 0x00007ff8f4cb1000 	C:\Xilinx\SDK\2016.2\lib\win64.o\librdi_ippcw.dll
0x00007ff935520000 - 0x00007ff935543000 	C:\Xilinx\SDK\2016.2\lib\win64.o\libisl_iosutils.dll
0x00007ff937940000 - 0x00007ff937956000 	C:\Xilinx\SDK\2016.2\lib\win64.o\libboost_iostreams.dll
0x00007ff933720000 - 0x00007ff933763000 	C:\Xilinx\SDK\2016.2\lib\win64.o\librdi_hdf.dll
0x00007ff956d10000 - 0x00007ff956fb3000 	C:\WINDOWS\SYSTEM32\iertutil.dll
0x00007ff948060000 - 0x00007ff94806b000 	C:\Xilinx\SDK\2016.2\lib\win64.o\libboost_chrono.dll
0x00007ff946b50000 - 0x00007ff946b92000 	C:\WINDOWS\SYSTEM32\edputil.dll
0x00007ff944a90000 - 0x00007ff944ae3000 	C:\Windows\System32\thumbcache.dll
0x00007ff957510000 - 0x00007ff957553000 	C:\WINDOWS\SYSTEM32\policymanager.dll
0x00007ff95fb20000 - 0x00007ff95fbb1000 	C:\WINDOWS\SYSTEM32\msvcp110_win.dll
0x00007ff950cd0000 - 0x00007ff951035000 	C:\Windows\System32\ActXPrxy.dll

VM Arguments:
jvm_args: -Dcom.xilinx.sdk.args.hwspec=C:/Users/jaziz/Desktop/NexysVideo-master/NexysVideo-master/Projects/hdmi/proj/hdmi.sdk/hdmi_wrapper.hdf -Xms64m -Xmx512m & 
java_command: <unknown>
java_class_path (initial): C:\Xilinx\SDK\2016.2\eclipse\win64.o\\plugins/org.eclipse.equinox.launcher_1.3.100.v20150511-1540.jar
Launcher Type: generic

Environment Variables:
PATH=C:/Xilinx/SDK/2016.2/tps/win64/jre/bin/server;C:/Xilinx/SDK/2016.2/tps/win64/jre/bin;C:/Xilinx/SDK/2016.2/tps/win64/jre/lib/amd64;C:\Xilinx\SDK\2016.2\gnuwin\bin;C:\Xilinx\SDK\2016.2\gnu\microblaze\nt\bin;C:\Xilinx\SDK\2016.2\gnu\microblaze\linux_toolchain\nt64_le\bin;C:\Xilinx\SDK\2016.2\gnu\microblaze\linux_toolchain\nt64_be\bin;C:\Xilinx\SDK\2016.2\gnu\arm\nt\bin;C:\Xilinx\SDK\2016.2\gnu\aarch64\nt\aarch64-none\bin;C:\Xilinx\SDK\2016.2\gnu\aarch64\nt\aarch64-linux\bin;C:\Xilinx\SDK\2016.2\gnu\armr5\nt\gcc-arm-none-eabi\bin;C:\Xilinx\SDK\2016.2\gnu\aarch32\nt\gcc-arm-none-eabi\bin;C:\Xilinx\SDK\2016.2\gnu\aarch32\nt\gcc-arm-linux-gnueabi\bin;C:\Xilinx\SDK\2016.2\tps\win64\cmake-3.3.2\bin;;C:\Xilinx\SDK\2016.2\bin;C:\Xilinx\SDK\2016.2\lib\win64.o;C:\Xilinx\SDK\2016.2\tps\win64\jre\bin\server;C:\Xilinx\SDK\2016.2\tps\win64\jre\bin;C:\Xilinx\Vivado\2016.2\ids_lite\ISE\bin\nt64;C:\Xilinx\Vivado\2016.2\ids_lite\ISE\lib\nt64;C:\Xilinx\Vivado\2016.2\bin;C:\Xilinx\Vivado\2016.2\lib\win64.o;C:\Xilinx\Vivado\2016.2\tps\win64\jre\bin\server;C:\Xilinx\Vivado\2016.2\tps\win64\jre\bin;C:\Xilinx\Vivado_HLS\2016.2\bin;C:\WINDOWS\system32;C:\WINDOWS;C:\WINDOWS\System32\Wbem;C:\WINDOWS\System32\WindowsPowerShell\v1.0\;C:\Users\jaziz\AppData\Local\Microsoft\WindowsApps;C:\Users\jaziz\AppData\Local\atom\bin;C:\Users\jaziz\Desktop\NexysVideo-master\NexysVideo-master\Projects\hdmi\proj;
USERNAME=jaziz
OS=Windows_NT
PROCESSOR_IDENTIFIER=Intel64 Family 6 Model 60 Stepping 3, GenuineIntel



---------------  S Y S T E M  ---------------

OS: Windows 10.0 , 64 bit Build 14393 (10.0.14393.0)

CPU:total 8 (4 cores per cpu, 2 threads per core) family 6 model 60 stepping 3, cmov, cx8, fxsr, mmx, sse, sse2, sse3, ssse3, sse4.1, sse4.2, popcnt, avx, avx2, aes, clmul, erms, lzcnt, ht, tsc, tscinvbit, bmi1, bmi2

Memory: 4k page, physical 8282872k(1912332k free), swap 28587696k(17787216k free)

vm_info: Java HotSpot(TM) 64-Bit Server VM (25.66-b18) for windows-amd64 JRE (1.8.0_66-b18), built on Nov  9 2015 10:51:13 by "java_re" with MS VC++ 10.0 (VS2010)

time: Sat Feb 11 13:56:25 2017
elapsed time: 141599 seconds (1d 15h 19m 59s)

