#
# A fatal error has been detected by the Java Runtime Environment:
#
#  EXCEPTION_UNCAUGHT_CXX_EXCEPTION (0xe06d7363) at pc=0x000007fefd48a06d, pid=3196, tid=1904
#
# JRE version: Java(TM) SE Runtime Environment (8.0_66-b18) (build 1.8.0_66-b18)
# Java VM: Java HotSpot(TM) 64-Bit Server VM (25.66-b18 mixed mode windows-amd64 compressed oops)
# Problematic frame:
# C  [KERNELBASE.dll+0x1a06d]
#
# Failed to write core dump. Minidumps are not enabled by default on client versions of Windows
#
# If you would like to submit a bug report, please visit:
#   http://bugreport.java.com/bugreport/crash.jsp
#

---------------  T H R E A D  ---------------

Current thread (0x0000000014e42800):  VMThread [stack: 0x0000000015d90000,0x0000000015e90000] [id=1904]

siginfo: ExceptionCode=0xe06d7363, ExceptionInformation=0x0000000019930520 0x0000000015e8f4c8 0x000007feecd82cb8 0x000007feeccd0000 

Registers:
RAX=0x0000000061b97677, RBX=0x000007feecd82cb8, RCX=0x0000000015e8ed10, RDX=0x00000000000000d0
RSP=0x0000000015e8f320, RBP=0x0000000015e8f450, RSI=0x00000000ffffffff, RDI=0x000000001755d760
R8 =0x0000000000000000, R9 =0x0000000000000000, R10=0x000007feeccd0000, R11=0x0000000015e8f360
R12=0x0000000000000001, R13=0x0000000000000008, R14=0x0000000000000000, R15=0xffffffffffffffff
RIP=0x000007fefd48a06d, EFLAGS=0x0000000000000206

Top of Stack: (sp=0x0000000015e8f320)
0x0000000015e8f320:   000007feecd82cb8 00000000ffffffff
0x0000000015e8f330:   000000001755d760 00000000002271e0
0x0000000015e8f340:   00000001e06d7363 0000000000000000
0x0000000015e8f350:   000007fefd48a06d 000007fe00000004
0x0000000015e8f360:   0000000019930520 0000000015e8f4c8
0x0000000015e8f370:   000007feecd82cb8 000007feeccd0000
0x0000000015e8f380:   0000000000000000 0000000015e8f408
0x0000000015e8f390:   0000000000000028 000000001755d750
0x0000000015e8f3a0:   00000000174c9010 0000000000000000
0x0000000015e8f3b0:   000007fffffa8000 000000007749f2d3
0x0000000015e8f3c0:   0000000000000000 0000000000000008
0x0000000015e8f3d0:   0000000000000001 000000001755d760
0x0000000015e8f3e0:   00000000ffffffff 000007feecd2e92c
0x0000000015e8f3f0:   000007feecd82cb8 0000000015e8f460
0x0000000015e8f400:   0000000000000001 000007feeccd00f8
0x0000000015e8f410:   00000001e06d7363 0000000000000000 

Instructions: (pc=0x000007fefd48a06d)
0x000007fefd48a04d:   54 24 24 48 89 4c 24 28 4d 85 c9 0f 85 6a 03 00
0x000007fefd48a05d:   00 89 4c 24 38 48 8d 4c 24 20 ff 15 33 02 03 00
0x000007fefd48a06d:   48 81 c4 c8 00 00 00 c3 90 90 90 90 90 90 90 90
0x000007fefd48a07d:   90 90 90 48 83 ec 28 65 48 8b 04 25 30 00 00 00 


Register to memory mapping:

RAX=0x0000000061b97677 is an unknown value
RBX=0x000007feecd82cb8 is an unknown value
RCX=0x0000000015e8ed10 is an unknown value
RDX=0x00000000000000d0 is an unknown value
RSP=0x0000000015e8f320 is an unknown value
RBP=0x0000000015e8f450 is an unknown value
RSI=0x00000000ffffffff is an unallocated location in the heap
RDI=0x000000001755d760 is an unknown value
R8 =0x0000000000000000 is an unknown value
R9 =0x0000000000000000 is an unknown value
R10=0x000007feeccd0000 is an unknown value
R11=0x0000000015e8f360 is an unknown value
R12=0x0000000000000001 is an unknown value
R13=0x0000000000000008 is an unknown value
R14=0x0000000000000000 is an unknown value
R15=0xffffffffffffffff is an unknown value


Stack: [0x0000000015d90000,0x0000000015e90000],  sp=0x0000000015e8f320,  free space=1020k
Native frames: (J=compiled Java code, j=interpreted, Vv=VM code, C=native code)
C  [KERNELBASE.dll+0x1a06d]
C  [MSVCR110.dll+0x5e92c]
C  [MSVCR110.dll+0x1315c]
C  [MSVCR110.dll+0x136a9]
C  [MSVCR110.dll+0x13e9c]
C  [MSVCR110.dll+0x239e]
C  [MSVCR110.dll+0xaf9e]
C  [MSVCP110.dll+0x397b9]
C  [librdi_common.dll+0x182316]
C  [librdi_common.dll+0x180fab]
C  [librdi_target_manager.dll+0x2400]
C  [librdi_target_manager.dll+0x2682]
C  [ntdll.dll+0x229b1]
C  [ntdll.dll+0x227c0]
C  [MSVCR100.dll+0x20ccd]
V  [jvm.dll+0x210cc5]
V  [jvm.dll+0x249897]
V  [jvm.dll+0x248b36]
V  [jvm.dll+0x248fd1]
V  [jvm.dll+0x2491ee]
V  [jvm.dll+0x29a0fa]
C  [MSVCR100.dll+0x21d9f]
C  [MSVCR100.dll+0x21e3b]
C  [kernel32.dll+0x159bd]
C  [ntdll.dll+0x2a2e1]

VM_Operation (0x000000000012f4c0): Exit, mode: safepoint, requested by thread 0x0000000002468000


---------------  P R O C E S S  ---------------

Java Threads: ( => current thread )
  0x00000000169d1800 JavaThread "Thread-212" [_thread_in_native, id=4960, stack(0x0000000029920000,0x0000000029a20000)]
  0x0000000017ccb000 JavaThread "pool-2-thread-10" [_thread_blocked, id=3992, stack(0x000000002a130000,0x000000002a230000)]
  0x00000000151db000 JavaThread "pool-2-thread-9" [_thread_blocked, id=1328, stack(0x0000000029f30000,0x000000002a030000)]
  0x00000000151da800 JavaThread "pool-2-thread-8" [_thread_blocked, id=5156, stack(0x0000000029c30000,0x0000000029d30000)]
  0x00000000151d9000 JavaThread "pool-2-thread-7" [_thread_blocked, id=2528, stack(0x00000000266e0000,0x00000000267e0000)]
  0x00000000151d8000 JavaThread "pool-2-thread-6" [_thread_blocked, id=6068, stack(0x0000000029820000,0x0000000029920000)]
  0x00000000151d7800 JavaThread "pool-2-thread-5" [_thread_blocked, id=3312, stack(0x0000000029620000,0x0000000029720000)]
  0x00000000151d6000 JavaThread "pool-2-thread-4" [_thread_blocked, id=4672, stack(0x0000000028d20000,0x0000000028e20000)]
  0x000000001f3a0800 JavaThread "pool-2-thread-3" [_thread_blocked, id=4604, stack(0x0000000029720000,0x0000000029820000)]
  0x000000001f39c000 JavaThread "EventThread COM4" [_thread_blocked, id=5460, stack(0x0000000028f20000,0x0000000029020000)]
  0x000000001f39c800 JavaThread "pool-2-thread-2" [_thread_blocked, id=2712, stack(0x0000000029520000,0x0000000029620000)]
  0x000000001f39a800 JavaThread "pool-2-thread-1" [_thread_blocked, id=3968, stack(0x0000000028e20000,0x0000000028f20000)]
  0x00000000179f0000 JavaThread "Thread-50" daemon [_thread_blocked, id=5084, stack(0x0000000028c20000,0x0000000028d20000)]
  0x000000001c4e6000 JavaThread "TCF Channel Transmitter" daemon [_thread_blocked, id=4204, stack(0x0000000026be0000,0x0000000026ce0000)]
  0x000000001c4e5000 JavaThread "TCF Channel Receiver" daemon [_thread_in_native, id=4296, stack(0x0000000025c80000,0x0000000025d80000)]
  0x000000001c4e3800 JavaThread "Process monitor" daemon [_thread_in_native, id=3960, stack(0x00000000272a0000,0x00000000273a0000)]
  0x000000001c4e3000 JavaThread "Input Stream Monitor" daemon [_thread_blocked, id=3804, stack(0x00000000271a0000,0x00000000272a0000)]
  0x000000001c4e2000 JavaThread "Output Stream Monitor" daemon [_thread_in_native, id=5332, stack(0x00000000270a0000,0x00000000271a0000)]
  0x000000001c4e1800 JavaThread "Output Stream Monitor" daemon [_thread_in_native, id=3500, stack(0x0000000026fa0000,0x00000000270a0000)]
  0x00000000179eb800 JavaThread "TCF Locator DNS Lookup" daemon [_thread_blocked, id=5340, stack(0x0000000024830000,0x0000000024930000)]
  0x00000000179ea800 JavaThread "TCF Locator Timer" daemon [_thread_blocked, id=1040, stack(0x0000000022060000,0x0000000022160000)]
  0x00000000179e9800 JavaThread "TCF Locator Receiver" daemon [_thread_in_native, id=4384, stack(0x0000000021a00000,0x0000000021b00000)]
  0x00000000179e8000 JavaThread "TCF Timer Dispatcher" daemon [_thread_blocked, id=1164, stack(0x000000001ef50000,0x000000001f050000)]
  0x0000000017da6000 JavaThread "EMF Reference Cleaner" daemon [_thread_blocked, id=1408, stack(0x0000000019550000,0x0000000019650000)]
  0x0000000014f04000 JavaThread "Service Thread" daemon [_thread_blocked, id=3412, stack(0x0000000016750000,0x0000000016850000)]
  0x0000000014ec8000 JavaThread "C1 CompilerThread3" daemon [_thread_blocked, id=2140, stack(0x0000000016650000,0x0000000016750000)]
  0x0000000014ea3800 JavaThread "C2 CompilerThread2" daemon [_thread_blocked, id=3800, stack(0x0000000016550000,0x0000000016650000)]
  0x0000000014e9c800 JavaThread "C2 CompilerThread1" daemon [_thread_blocked, id=5536, stack(0x0000000016450000,0x0000000016550000)]
  0x0000000014e95000 JavaThread "C2 CompilerThread0" daemon [_thread_blocked, id=2200, stack(0x0000000016350000,0x0000000016450000)]
  0x0000000014e91000 JavaThread "Attach Listener" daemon [_thread_blocked, id=5916, stack(0x0000000016250000,0x0000000016350000)]
  0x0000000014e90000 JavaThread "Signal Dispatcher" daemon [_thread_blocked, id=3936, stack(0x0000000016150000,0x0000000016250000)]
  0x0000000013ccf000 JavaThread "Finalizer" daemon [_thread_blocked, id=6124, stack(0x0000000015f90000,0x0000000016090000)]
  0x0000000013cc8800 JavaThread "Reference Handler" daemon [_thread_blocked, id=3332, stack(0x0000000015e90000,0x0000000015f90000)]
  0x0000000002468000 JavaThread "main" [_thread_blocked, id=5712, stack(0x0000000000030000,0x0000000000130000)]

Other Threads:
=>0x0000000014e42800 VMThread [stack: 0x0000000015d90000,0x0000000015e90000] [id=1904]

VM state:at safepoint (shutting down)

VM Mutex/Monitor currently owned by a thread:  ([mutex/lock_event])
[0x000000000250e4d0] Threads_lock - owner thread: 0x0000000014e42800

Heap:
 PSYoungGen      total 35328K, used 15789K [0x00000000f5580000, 0x00000000fae80000, 0x0000000100000000)
  eden space 34304K, 43% used [0x00000000f5580000,0x00000000f63eb748,0x00000000f7700000)
  from space 1024K, 100% used [0x00000000fad00000,0x00000000fae00000,0x00000000fae00000)
  to   space 512K, 0% used [0x00000000fae00000,0x00000000fae00000,0x00000000fae80000)
 ParOldGen       total 113152K, used 87318K [0x00000000e0000000, 0x00000000e6e80000, 0x00000000f5580000)
  object space 113152K, 77% used [0x00000000e0000000,0x00000000e5545b50,0x00000000e6e80000)
 Metaspace       used 102376K, capacity 110098K, committed 110232K, reserved 1144832K
  class space    used 12213K, capacity 14749K, committed 14768K, reserved 1048576K

Card table byte_map: [0x00000000118d0000,0x00000000119e0000] byte_map_base: 0x00000000111d0000

Marking Bits: (ParMarkBitMap*) 0x0000000070e2a5b0
 Begin Bits: [0x00000000121e0000, 0x00000000129e0000)
 End Bits:   [0x00000000129e0000, 0x00000000131e0000)

Polling page: 0x0000000000600000

CodeCache: size=245760Kb used=62441Kb max_used=62485Kb free=183318Kb
 bounds [0x0000000002510000, 0x0000000006290000, 0x0000000011510000]
 total_blobs=17032 nmethods=16101 adapters=836
 compilation: enabled

Compilation events (10 events):
Event: 8165.856 Thread 0x0000000014ec8000 20921       3       java.util.TimSort::ensureCapacity (107 bytes)
Event: 8165.857 Thread 0x0000000014ec8000 nmethod 20921 0x0000000003b76810 code [0x0000000003b769a0, 0x0000000003b76f78]
Event: 8165.861 Thread 0x0000000014ec8000 20922  s!   3       org.eclipse.osgi.storage.bundlefile.ZipBundleFile::close (64 bytes)
Event: 8165.862 Thread 0x0000000014ec8000 nmethod 20922 0x0000000003bb24d0 code [0x0000000003bb26a0, 0x0000000003bb3038]
Event: 8165.868 Thread 0x0000000014ec8000 20924       3       org.eclipse.osgi.storage.bundlefile.MRUBundleFileList::removeInternal (37 bytes)
Event: 8165.868 Thread 0x0000000014ec8000 nmethod 20924 0x0000000003b76050 code [0x0000000003b761c0, 0x0000000003b76630]
Event: 8165.870 Thread 0x0000000014ec8000 20926   !   3       org.eclipse.osgi.storage.BundleInfo$Generation::close (34 bytes)
Event: 8165.870 Thread 0x0000000014ec8000 nmethod 20926 0x00000000045f1410 code [0x00000000045f1580, 0x00000000045f19a8]
Event: 8165.872 Thread 0x0000000014ec8000 20927       3       org.eclipse.osgi.container.Module::holdsTransitionEventLock (25 bytes)
Event: 8165.872 Thread 0x0000000014ec8000 nmethod 20927 0x000000000627e2d0 code [0x000000000627e460, 0x000000000627eb88]

GC Heap History (10 events):
Event: 8163.803 GC heap before
{Heap before GC invocations=1780 (full 79):
 PSYoungGen      total 31232K, used 31136K [0x00000000f5580000, 0x00000000faf00000, 0x0000000100000000)
  eden space 30720K, 100% used [0x00000000f5580000,0x00000000f7380000,0x00000000f7380000)
  from space 512K, 81% used [0x00000000fae80000,0x00000000faee8000,0x00000000faf00000)
  to   space 512K, 0% used [0x00000000fae00000,0x00000000fae00000,0x00000000fae80000)
 ParOldGen       total 113152K, used 86265K [0x00000000e0000000, 0x00000000e6e80000, 0x00000000f5580000)
  object space 113152K, 76% used [0x00000000e0000000,0x00000000e543e630,0x00000000e6e80000)
 Metaspace       used 101668K, capacity 109590K, committed 109720K, reserved 1144832K
  class space    used 12133K, capacity 14649K, committed 14768K, reserved 1048576K
Event: 8163.805 GC heap after
Heap after GC invocations=1780 (full 79):
 PSYoungGen      total 31232K, used 416K [0x00000000f5580000, 0x00000000faf00000, 0x0000000100000000)
  eden space 30720K, 0% used [0x00000000f5580000,0x00000000f5580000,0x00000000f7380000)
  from space 512K, 81% used [0x00000000fae00000,0x00000000fae68000,0x00000000fae80000)
  to   space 512K, 0% used [0x00000000fae80000,0x00000000fae80000,0x00000000faf00000)
 ParOldGen       total 113152K, used 86265K [0x00000000e0000000, 0x00000000e6e80000, 0x00000000f5580000)
  object space 113152K, 76% used [0x00000000e0000000,0x00000000e543e630,0x00000000e6e80000)
 Metaspace       used 101668K, capacity 109590K, committed 109720K, reserved 1144832K
  class space    used 12133K, capacity 14649K, committed 14768K, reserved 1048576K
}
Event: 8164.039 GC heap before
{Heap before GC invocations=1781 (full 79):
 PSYoungGen      total 31232K, used 31136K [0x00000000f5580000, 0x00000000faf00000, 0x0000000100000000)
  eden space 30720K, 100% used [0x00000000f5580000,0x00000000f7380000,0x00000000f7380000)
  from space 512K, 81% used [0x00000000fae00000,0x00000000fae68000,0x00000000fae80000)
  to   space 512K, 0% used [0x00000000fae80000,0x00000000fae80000,0x00000000faf00000)
 ParOldGen       total 113152K, used 86265K [0x00000000e0000000, 0x00000000e6e80000, 0x00000000f5580000)
  object space 113152K, 76% used [0x00000000e0000000,0x00000000e543e630,0x00000000e6e80000)
 Metaspace       used 101834K, capacity 109756K, committed 109976K, reserved 1144832K
  class space    used 12155K, capacity 14682K, committed 14768K, reserved 1048576K
Event: 8164.042 GC heap after
Heap after GC invocations=1781 (full 79):
 PSYoungGen      total 31232K, used 512K [0x00000000f5580000, 0x00000000faf00000, 0x0000000100000000)
  eden space 30720K, 0% used [0x00000000f5580000,0x00000000f5580000,0x00000000f7380000)
  from space 512K, 100% used [0x00000000fae80000,0x00000000faf00000,0x00000000faf00000)
  to   space 1024K, 0% used [0x00000000fad00000,0x00000000fad00000,0x00000000fae00000)
 ParOldGen       total 113152K, used 86534K [0x00000000e0000000, 0x00000000e6e80000, 0x00000000f5580000)
  object space 113152K, 76% used [0x00000000e0000000,0x00000000e54819e8,0x00000000e6e80000)
 Metaspace       used 101834K, capacity 109756K, committed 109976K, reserved 1144832K
  class space    used 12155K, capacity 14682K, committed 14768K, reserved 1048576K
}
Event: 8164.174 GC heap before
{Heap before GC invocations=1782 (full 79):
 PSYoungGen      total 31232K, used 31232K [0x00000000f5580000, 0x00000000faf00000, 0x0000000100000000)
  eden space 30720K, 100% used [0x00000000f5580000,0x00000000f7380000,0x00000000f7380000)
  from space 512K, 100% used [0x00000000fae80000,0x00000000faf00000,0x00000000faf00000)
  to   space 1024K, 0% used [0x00000000fad00000,0x00000000fad00000,0x00000000fae00000)
 ParOldGen       total 113152K, used 86534K [0x00000000e0000000, 0x00000000e6e80000, 0x00000000f5580000)
  object space 113152K, 76% used [0x00000000e0000000,0x00000000e54819e8,0x00000000e6e80000)
 Metaspace       used 101865K, capacity 109832K, committed 109976K, reserved 1144832K
  class space    used 12156K, capacity 14684K, committed 14768K, reserved 1048576K
Event: 8164.177 GC heap after
Heap after GC invocations=1782 (full 79):
 PSYoungGen      total 32768K, used 768K [0x00000000f5580000, 0x00000000faf00000, 0x0000000100000000)
  eden space 31744K, 0% used [0x00000000f5580000,0x00000000f5580000,0x00000000f7480000)
  from space 1024K, 75% used [0x00000000fad00000,0x00000000fadc0000,0x00000000fae00000)
  to   space 1024K, 0% used [0x00000000fae00000,0x00000000fae00000,0x00000000faf00000)
 ParOldGen       total 113152K, used 86542K [0x00000000e0000000, 0x00000000e6e80000, 0x00000000f5580000)
  object space 113152K, 76% used [0x00000000e0000000,0x00000000e54839e8,0x00000000e6e80000)
 Metaspace       used 101865K, capacity 109832K, committed 109976K, reserved 1144832K
  class space    used 12156K, capacity 14684K, committed 14768K, reserved 1048576K
}
Event: 8164.465 GC heap before
{Heap before GC invocations=1783 (full 79):
 PSYoungGen      total 32768K, used 32512K [0x00000000f5580000, 0x00000000faf00000, 0x0000000100000000)
  eden space 31744K, 100% used [0x00000000f5580000,0x00000000f7480000,0x00000000f7480000)
  from space 1024K, 75% used [0x00000000fad00000,0x00000000fadc0000,0x00000000fae00000)
  to   space 1024K, 0% used [0x00000000fae00000,0x00000000fae00000,0x00000000faf00000)
 ParOldGen       total 113152K, used 86542K [0x00000000e0000000, 0x00000000e6e80000, 0x00000000f5580000)
  object space 113152K, 76% used [0x00000000e0000000,0x00000000e54839e8,0x00000000e6e80000)
 Metaspace       used 101964K, capacity 109902K, committed 110232K, reserved 1144832K
  class space    used 12165K, capacity 14685K, committed 14768K, reserved 1048576K
Event: 8164.468 GC heap after
Heap after GC invocations=1783 (full 79):
 PSYoungGen      total 34304K, used 1024K [0x00000000f5580000, 0x00000000faf00000, 0x0000000100000000)
  eden space 33280K, 0% used [0x00000000f5580000,0x00000000f5580000,0x00000000f7600000)
  from space 1024K, 100% used [0x00000000fae00000,0x00000000faf00000,0x00000000faf00000)
  to   space 1024K, 0% used [0x00000000fad00000,0x00000000fad00000,0x00000000fae00000)
 ParOldGen       total 113152K, used 86542K [0x00000000e0000000, 0x00000000e6e80000, 0x00000000f5580000)
  object space 113152K, 76% used [0x00000000e0000000,0x00000000e54839e8,0x00000000e6e80000)
 Metaspace       used 101964K, capacity 109902K, committed 110232K, reserved 1144832K
  class space    used 12165K, capacity 14685K, committed 14768K, reserved 1048576K
}
Event: 8165.427 GC heap before
{Heap before GC invocations=1784 (full 79):
 PSYoungGen      total 34304K, used 34304K [0x00000000f5580000, 0x00000000faf00000, 0x0000000100000000)
  eden space 33280K, 100% used [0x00000000f5580000,0x00000000f7600000,0x00000000f7600000)
  from space 1024K, 100% used [0x00000000fae00000,0x00000000faf00000,0x00000000faf00000)
  to   space 1024K, 0% used [0x00000000fad00000,0x00000000fad00000,0x00000000fae00000)
 ParOldGen       total 113152K, used 86542K [0x00000000e0000000, 0x00000000e6e80000, 0x00000000f5580000)
  object space 113152K, 76% used [0x00000000e0000000,0x00000000e54839e8,0x00000000e6e80000)
 Metaspace       used 102245K, capacity 110098K, committed 110232K, reserved 1144832K
  class space    used 12200K, capacity 14749K, committed 14768K, reserved 1048576K
Event: 8165.432 GC heap after
Heap after GC invocations=1784 (full 79):
 PSYoungGen      total 35328K, used 1024K [0x00000000f5580000, 0x00000000fae80000, 0x0000000100000000)
  eden space 34304K, 0% used [0x00000000f5580000,0x00000000f5580000,0x00000000f7700000)
  from space 1024K, 100% used [0x00000000fad00000,0x00000000fae00000,0x00000000fae00000)
  to   space 512K, 0% used [0x00000000fae00000,0x00000000fae00000,0x00000000fae80000)
 ParOldGen       total 113152K, used 87318K [0x00000000e0000000, 0x00000000e6e80000, 0x00000000f5580000)
  object space 113152K, 77% used [0x00000000e0000000,0x00000000e5545b50,0x00000000e6e80000)
 Metaspace       used 102245K, capacity 110098K, committed 110232K, reserved 1144832K
  class space    used 12200K, capacity 14749K, committed 14768K, reserved 1048576K
}

Deoptimization events (10 events):
Event: 8165.794 Thread 0x00000000179e5000 Uncommon trap: reason=bimorphic action=maybe_recompile pc=0x000000000606c6d4 method=org.eclipse.core.internal.dtree.AbstractDataTreeNode.assembleWith([Lorg/eclipse/core/internal/dtree/AbstractDataTreeNode;[Lorg/eclipse/core/internal/dtree/AbstractDataTreeN¥tÚ/Ëå¿@
Event: 8165.794 Thread 0x00000000179e5000 Uncommon trap: reason=bimorphic action=maybe_recompile pc=0x000000000606c6d4 method=org.eclipse.core.internal.dtree.AbstractDataTreeNode.assembleWith([Lorg/eclipse/core/internal/dtree/AbstractDataTreeNode;[Lorg/eclipse/core/internal/dtree/AbstractDataTreeN¤RõÍÔå¿@
Event: 8165.831 Thread 0x0000000016f84800 Uncommon trap: reason=unstable_if action=reinterpret pc=0x0000000003465eb8 method=org.eclipse.osgi.internal.framework.BundleContextImpl.dispatchEvent(Ljava/lang/Object;Ljava/lang/Object;ILjava/lang/Object;)V @ 16
Event: 8165.836 Thread 0x000000001f39f000 Uncommon trap: reason=unstable_if action=reinterpret pc=0x00000000042c3a40 method=org.eclipse.core.internal.jobs.WorkerPool.startJob(Lorg/eclipse/core/internal/jobs/Worker;)Lorg/eclipse/core/internal/jobs/InternalJob; @ 177
Event: 8165.836 Thread 0x0000000018183800 Uncommon trap: reason=unstable_if action=reinterpret pc=0x00000000042c3a40 method=org.eclipse.core.internal.jobs.WorkerPool.startJob(Lorg/eclipse/core/internal/jobs/Worker;)Lorg/eclipse/core/internal/jobs/InternalJob; @ 177
Event: 8165.836 Thread 0x00000000169ce800 Uncommon trap: reason=unstable_if action=reinterpret pc=0x00000000042c3a40 method=org.eclipse.core.internal.jobs.WorkerPool.startJob(Lorg/eclipse/core/internal/jobs/Worker;)Lorg/eclipse/core/internal/jobs/InternalJob; @ 177
Event: 8165.836 Thread 0x00000000169d0000 Uncommon trap: reason=unstable_if action=reinterpret pc=0x00000000042c3a40 method=org.eclipse.core.internal.jobs.WorkerPool.startJob(Lorg/eclipse/core/internal/jobs/Worker;)Lorg/eclipse/core/internal/jobs/InternalJob; @ 177
Event: 8165.856 Thread 0x00000000179e5000 Uncommon trap: reason=unstable_if action=reinterpret pc=0x0000000002df0898 method=sun.reflect.UnsafeStaticObjectFieldAccessorImpl.set(Ljava/lang/Object;Ljava/lang/Object;)V @ 13
Event: 8165.856 Thread 0x0000000016f84800 Uncommon trap: reason=unstable_if action=reinterpret pc=0x000000000607f7a0 method=org.eclipse.osgi.framework.eventmgr.EventManager$EventThread.getNextEvent()Lorg/eclipse/osgi/framework/eventmgr/EventManager$EventThread$Queued; @ 15
Event: 8165.870 Thread 0x00000000179e4800 Uncommon trap: reason=unstable_if action=reinterpret pc=0x000000000607f7a0 method=org.eclipse.osgi.framework.eventmgr.EventManager$EventThread.getNextEvent()Lorg/eclipse/osgi/framework/eventmgr/EventManager$EventThread$Queued; @ 15

Internal exceptions (10 events):
Event: 8164.881 Thread 0x00000000169d0000 Implicit null exception at 0x00000000057f5953 to 0x00000000057f817d
Event: 8165.084 Thread 0x000000001c4e9800 Exception <a 'java/lang/InterruptedException'> (0x00000000f6be9a08) thrown at [C:\re\workspace\8-2-build-windows-amd64-cygwin\jdk8u66\5298\hotspot\src\share\vm\runtime\objectMonitor.cpp, line 1683]
Event: 8165.763 Thread 0x00000000179e5000 Implicit null exception at 0x000000000393fe79 to 0x00000000039402c5
Event: 8165.788 Thread 0x00000000179e5000 Implicit null exception at 0x0000000003dd0547 to 0x0000000003dd3271
Event: 8165.788 Thread 0x00000000179e5000 Exception <a 'java/lang/NullPointerException'> (0x00000000f5f4c910) thrown at [C:\re\workspace\8-2-build-windows-amd64-cygwin\jdk8u66\5298\hotspot\src\share\vm\prims\jvm.cpp, line 1390]
Event: 8165.831 Thread 0x00000000179e6000 Exception <a 'java/lang/InterruptedException'> (0x00000000f615ea58) thrown at [C:\re\workspace\8-2-build-windows-amd64-cygwin\jdk8u66\5298\hotspot\src\share\vm\runtime\objectMonitor.cpp, line 1683]
Event: 8165.856 Thread 0x00000000179e5000 Implicit null exception at 0x0000000002df0497 to 0x0000000002df0885
Event: 8165.856 Thread 0x0000000016f84800 Exception <a 'java/lang/InterruptedException'> (0x00000000f61435c8) thrown at [C:\re\workspace\8-2-build-windows-amd64-cygwin\jdk8u66\5298\hotspot\src\share\vm\runtime\objectMonitor.cpp, line 1683]
Event: 8165.870 Thread 0x00000000179e4800 Exception <a 'java/lang/InterruptedException'> (0x00000000f5df4640) thrown at [C:\re\workspace\8-2-build-windows-amd64-cygwin\jdk8u66\5298\hotspot\src\share\vm\runtime\objectMonitor.cpp, line 1683]
Event: 8165.870 Thread 0x0000000016b77800 Exception <a 'java/lang/InterruptedException'> (0x00000000f63684b0) thrown at [C:\re\workspace\8-2-build-windows-amd64-cygwin\jdk8u66\5298\hotspot\src\share\vm\runtime\objectMonitor.cpp, line 1683]

Events (10 events):
Event: 8165.871 Executing VM operation: RevokeBias
Event: 8165.871 Executing VM operation: RevokeBias done
Event: 8165.872 Thread 0x00000000179e5000 Thread exited: 0x00000000179e5000
Event: 8165.873 loading class java/util/IdentityHashMap$KeyIterator
Event: 8165.873 loading class java/util/IdentityHashMap$IdentityHashMapIterator
Event: 8165.873 loading class java/util/IdentityHashMap$IdentityHashMapIterator done
Event: 8165.873 loading class java/util/IdentityHashMap$KeyIterator done
Event: 8165.873 Thread 0x00000000179e5000 Thread added: 0x00000000179e5000
Event: 8165.874 Thread 0x00000000179e5000 Thread exited: 0x00000000179e5000
Event: 8165.874 Executing VM operation: Exit


Dynamic libraries:
0x0000000000400000 - 0x000000000044f000 	C:\Xilinx\SDK\2016.2\eclipse\win64.o\eclipse.exe
0x0000000077450000 - 0x00000000775fa000 	C:\Windows\SYSTEM32\ntdll.dll
0x0000000077230000 - 0x000000007734f000 	C:\Windows\system32\kernel32.dll
0x000007fefd470000 - 0x000007fefd4da000 	C:\Windows\system32\KERNELBASE.dll
0x0000000077350000 - 0x000000007744a000 	C:\Windows\system32\USER32.dll
0x000007fefde60000 - 0x000007fefdec7000 	C:\Windows\system32\GDI32.dll
0x000007fefe9c0000 - 0x000007fefe9ce000 	C:\Windows\system32\LPK.dll
0x000007fefe620000 - 0x000007fefe6ea000 	C:\Windows\system32\USP10.dll
0x000007fefdc10000 - 0x000007fefdcaf000 	C:\Windows\system32\msvcrt.dll
0x000007fefbaa0000 - 0x000007fefbc94000 	C:\Windows\WinSxS\amd64_microsoft.windows.common-controls_6595b64144ccf1df_6.0.7601.18837_none_fa3b1e3d17594757\COMCTL32.dll
0x000007fefe060000 - 0x000007fefe0d1000 	C:\Windows\system32\SHLWAPI.dll
0x000007fefda80000 - 0x000007fefdaae000 	C:\Windows\system32\IMM32.DLL
0x000007fefdcb0000 - 0x000007fefddb9000 	C:\Windows\system32\MSCTF.dll
0x0000000072000000 - 0x0000000072012000 	C:\Xilinx\SDK\2016.2\eclipse\win64.o\plugins\org.eclipse.equinox.launcher.win32.win32.x86_64_1.1.300.v20150602-1417\eclipse_1611.dll
0x000007fefd550000 - 0x000007fefd62b000 	C:\Windows\system32\ADVAPI32.dll
0x000007fefddc0000 - 0x000007fefdddf000 	C:\Windows\SYSTEM32\sechost.dll
0x000007fefe4f0000 - 0x000007fefe61d000 	C:\Windows\system32\RPCRT4.dll
0x000007fefc220000 - 0x000007fefc22c000 	C:\Windows\system32\VERSION.dll
0x000007fefba40000 - 0x000007fefba96000 	C:\Windows\system32\UxTheme.dll
0x0000000070620000 - 0x0000000070ea9000 	C:\Xilinx\SDK\2016.2\tps\win64\jre\bin\server\jvm.dll
0x000007fefa180000 - 0x000007fefa189000 	C:\Windows\system32\WSOCK32.dll
0x000007fefda30000 - 0x000007fefda7d000 	C:\Windows\system32\WS2_32.dll
0x000007fefda20000 - 0x000007fefda28000 	C:\Windows\system32\NSI.dll
0x000007fefa7c0000 - 0x000007fefa7fb000 	C:\Windows\system32\WINMM.dll
0x0000000077610000 - 0x0000000077617000 	C:\Windows\system32\PSAPI.DLL
0x0000000072d70000 - 0x0000000072e42000 	C:\Windows\system32\MSVCR100.dll
0x00000000746a0000 - 0x00000000746af000 	C:\Xilinx\SDK\2016.2\tps\win64\jre\bin\verify.dll
0x0000000074670000 - 0x0000000074699000 	C:\Xilinx\SDK\2016.2\tps\win64\jre\bin\java.dll
0x0000000074650000 - 0x0000000074666000 	C:\Xilinx\SDK\2016.2\tps\win64\jre\bin\zip.dll
0x000007fefe9d0000 - 0x000007feff759000 	C:\Windows\system32\SHELL32.dll
0x000007fefd630000 - 0x000007fefd833000 	C:\Windows\system32\ole32.dll
0x000007fefd190000 - 0x000007fefd19f000 	C:\Windows\system32\profapi.dll
0x000007fefc990000 - 0x000007fefc9a8000 	C:\Windows\system32\CRYPTSP.dll
0x000007fefc690000 - 0x000007fefc6d7000 	C:\Windows\system32\rsaenh.dll
0x000007fefd430000 - 0x000007fefd44e000 	C:\Windows\system32\USERENV.dll
0x000007fefcff0000 - 0x000007fefcfff000 	C:\Windows\system32\CRYPTBASE.dll
0x0000000074630000 - 0x000000007464a000 	C:\Xilinx\SDK\2016.2\tps\win64\jre\bin\net.dll
0x000007fefc930000 - 0x000007fefc985000 	C:\Windows\system32\mswsock.dll
0x000007fefc920000 - 0x000007fefc927000 	C:\Windows\System32\wship6.dll
0x000007fef9ae0000 - 0x000007fef9b07000 	C:\Windows\system32\IPHLPAPI.DLL
0x000007fef9ad0000 - 0x000007fef9adb000 	C:\Windows\system32\WINNSI.DLL
0x000007fef9080000 - 0x000007fef9091000 	C:\Windows\system32\dhcpcsvc6.DLL
0x000007fef9060000 - 0x000007fef9078000 	C:\Windows\system32\dhcpcsvc.DLL
0x0000000072a90000 - 0x0000000072aa1000 	C:\Xilinx\SDK\2016.2\tps\win64\jre\bin\nio.dll
0x000007fef95b0000 - 0x000007fef95c5000 	C:\Windows\system32\NLAapi.dll
0x000007fef8c10000 - 0x000007fef8c25000 	C:\Windows\system32\napinsp.dll
0x000007fef8c30000 - 0x000007fef8c49000 	C:\Windows\system32\pnrpnsp.dll
0x000007fefc7b0000 - 0x000007fefc80b000 	C:\Windows\system32\DNSAPI.dll
0x000007fef8c00000 - 0x000007fef8c0b000 	C:\Windows\System32\winrnr.dll
0x000007fefc2f0000 - 0x000007fefc2f7000 	C:\Windows\System32\wshtcpip.dll
0x000007fef8c50000 - 0x000007fef8c58000 	C:\Windows\system32\rasadhlp.dll
0x000007fef9110000 - 0x000007fef9163000 	C:\Windows\System32\fwpuclnt.dll
0x00000000186d0000 - 0x0000000018778000 	C:\Users\dezfoul2\.Xilinx\SDK\2016.2\org.eclipse.osgi\312\0\.cp\swt-win32-4527.dll
0x000007fefdab0000 - 0x000007fefdb88000 	C:\Windows\system32\OLEAUT32.dll
0x000007fefe450000 - 0x000007fefe4e7000 	C:\Windows\system32\comdlg32.dll
0x000007fef66b0000 - 0x000007fef6721000 	C:\Windows\system32\WINSPOOL.DRV
0x000007fefe180000 - 0x000007fefe445000 	C:\Windows\system32\WININET.dll
0x000007fefd420000 - 0x000007fefd424000 	C:\Windows\system32\api-ms-win-downlevel-user32-l1-1-0.dll
0x000007fefd4e0000 - 0x000007fefd4e4000 	C:\Windows\system32\api-ms-win-downlevel-shlwapi-l1-1-0.dll
0x000007fefd1b0000 - 0x000007fefd1b4000 	C:\Windows\system32\api-ms-win-downlevel-version-l1-1-0.dll
0x000007fefd4f0000 - 0x000007fefd4f3000 	C:\Windows\system32\api-ms-win-downlevel-normaliz-l1-1-0.dll
0x0000000077620000 - 0x0000000077623000 	C:\Windows\system32\normaliz.DLL
0x000007fefe6f0000 - 0x000007fefe9b9000 	C:\Windows\system32\iertutil.dll
0x000007fefd200000 - 0x000007fefd205000 	C:\Windows\system32\api-ms-win-downlevel-advapi32-l1-1-0.dll
0x000007fefd2b0000 - 0x000007fefd41d000 	C:\Windows\system32\CRYPT32.dll
0x000007fefd1a0000 - 0x000007fefd1af000 	C:\Windows\system32\MSASN1.dll
0x000007fefb510000 - 0x000007fefb63c000 	C:\Windows\system32\propsys.dll
0x000007fefe0e0000 - 0x000007fefe179000 	C:\Windows\system32\CLBCatQ.DLL
0x00000000021f0000 - 0x000000000220e000 	C:\Users\dezfoul2\.Xilinx\SDK\2016.2\org.eclipse.osgi\312\0\.cp\swt-gdip-win32-4527.dll
0x000007fefb820000 - 0x000007fefba36000 	C:\Windows\WinSxS\amd64_microsoft.windows.gdiplus_6595b64144ccf1df_1.1.7601.23508_none_145555328b95eaaa\gdiplus.dll
0x000007fefb340000 - 0x000007fefb4a1000 	C:\Windows\system32\WindowsCodecs.dll
0x0000000180000000 - 0x0000000180012000 	C:\Users\dezfoul2\.Xilinx\SDK\2016.2\org.eclipse.osgi\126\0\.cp\os\win32\x86_64\localfile_1_0_0.dll
0x000007fef22f0000 - 0x000007fef2344000 	C:\Windows\system32\oleacc.dll
0x000007fefa510000 - 0x000007fefa517000 	C:\Windows\system32\msimg32.dll
0x000007fefd0e0000 - 0x000007fefd0f4000 	C:\Windows\system32\RpcRtRemote.dll
0x000007fefcf90000 - 0x000007fefcfe7000 	C:\Windows\system32\apphelp.dll
0x000007fef9530000 - 0x000007fef9541000 	C:\Users\dezfoul2\.Xilinx\SDK\2016.2\org.eclipse.osgi\129\0\.cp\jWinHttp-1.0.0.dll
0x000007fef94b0000 - 0x000007fef9521000 	C:\Windows\system32\WINHTTP.dll
0x000007fef9440000 - 0x000007fef94a4000 	C:\Windows\system32\webio.dll
0x000007fefcf60000 - 0x000007fefcf85000 	C:\Windows\system32\SspiCli.dll
0x000007fefc550000 - 0x000007fefc55a000 	C:\Windows\system32\credssp.dll
0x000007fefd1c0000 - 0x000007fefd1f6000 	C:\Windows\system32\CFGMGR32.dll
0x000007fefb2b0000 - 0x000007fefb2bf000 	C:\Xilinx\SDK\2016.2\lib\win64.o\librdi_repo_manager.dll
0x000007fef1780000 - 0x000007fef17aa000 	C:\Xilinx\SDK\2016.2\lib\win64.o\libisl_sysinfo.dll
0x000007feeccd0000 - 0x000007feecda4000 	C:\Windows\system32\MSVCR110.dll
0x000007feecbd0000 - 0x000007feecc77000 	C:\Windows\system32\MSVCP110.dll
0x000007feba440000 - 0x000007febae80000 	C:\Xilinx\SDK\2016.2\lib\win64.o\librdi_common.dll
0x000007fec4930000 - 0x000007fec4c9e000 	C:\Xilinx\SDK\2016.2\lib\win64.o\libCOIN-all.dll
0x000007feba220000 - 0x000007feba43f000 	C:\Xilinx\SDK\2016.2\lib\win64.o\libXil_lmgr11.dll
0x000007fefb200000 - 0x000007fefb216000 	C:\Windows\system32\NETAPI32.dll
0x000007fefc5c0000 - 0x000007fefc5cc000 	C:\Windows\system32\netutils.dll
0x000007fefcc30000 - 0x000007fefcc53000 	C:\Windows\system32\srvcli.dll
0x000007fefb1e0000 - 0x000007fefb1f5000 	C:\Windows\system32\wkscli.dll
0x000007fefd500000 - 0x000007fefd53b000 	C:\Windows\system32\WINTRUST.dll
0x000007fefb2a0000 - 0x000007fefb2b0000 	C:\Xilinx\SDK\2016.2\lib\win64.o\libboost_date_time.dll
0x000007fef1380000 - 0x000007fef13a4000 	C:\Xilinx\SDK\2016.2\lib\win64.o\libboost_filesystem.dll
0x000007fefb280000 - 0x000007fefb289000 	C:\Xilinx\SDK\2016.2\lib\win64.o\libboost_system.dll
0x000007fec48b0000 - 0x000007fec4927000 	C:\Xilinx\SDK\2016.2\lib\win64.o\libboost_program_options.dll
0x000007feba110000 - 0x000007feba216000 	C:\Xilinx\SDK\2016.2\lib\win64.o\libboost_regex.dll
0x000007fef4f50000 - 0x000007fef4f63000 	C:\Xilinx\SDK\2016.2\lib\win64.o\libboost_signals.dll
0x000007fef7a60000 - 0x000007fef7a7d000 	C:\Xilinx\SDK\2016.2\lib\win64.o\libboost_thread.dll
0x000007fef9970000 - 0x000007fef997b000 	C:\Xilinx\SDK\2016.2\lib\win64.o\libboost_chrono.dll
0x000007fefa550000 - 0x000007fefa55b000 	C:\Xilinx\SDK\2016.2\lib\win64.o\libboost_xilinx.dll
0x000007fec4830000 - 0x000007fec48b0000 	C:\Xilinx\SDK\2016.2\lib\win64.o\libhdlpsolve.dll
0x000007feba070000 - 0x000007feba10a000 	C:\Xilinx\SDK\2016.2\lib\win64.o\libhdxml.dll
0x000007feb9c00000 - 0x000007feba065e00 	C:\Xilinx\SDK\2016.2\lib\win64.o\libisl_iostreams.dll
0x000007fef3e40000 - 0x000007fef3e56000 	C:\Xilinx\SDK\2016.2\lib\win64.o\libboost_iostreams.dll
0x000007fef12b0000 - 0x000007fef12d3000 	C:\Xilinx\SDK\2016.2\lib\win64.o\librdizlib.dll
0x000007fec0c10000 - 0x000007fec0c33000 	C:\Xilinx\SDK\2016.2\lib\win64.o\libisl_iosutils.dll
0x000007fef1fc0000 - 0x000007fef1fd5000 	C:\Xilinx\SDK\2016.2\lib\win64.o\pthreadVC2.dll
0x000007feb9ba0000 - 0x000007feb9bf4000 	C:\Xilinx\SDK\2016.2\lib\win64.o\librdi_commonxillic.dll
0x000007feb9a70000 - 0x000007feb9ba0000 	C:\Xilinx\SDK\2016.2\lib\win64.o\librdi_curl.dll
0x000007fef1e90000 - 0x000007fef1ea8000 	C:\Xilinx\SDK\2016.2\lib\win64.o\librdiconfig.dll
0x00000000703c0000 - 0x00000000704e7000 	C:\Xilinx\SDK\2016.2\lib\win64.o\tcl85t.dll
0x0000000025970000 - 0x0000000025bd3000 	C:\Xilinx\SDK\2016.2\lib\win64.o\xerces-c_3_1.dll
0x000007fefded0000 - 0x000007fefe056000 	C:\Windows\system32\urlmon.dll
0x000007fefd540000 - 0x000007fefd544000 	C:\Windows\system32\api-ms-win-downlevel-ole32-l1-1-0.dll
0x000007fef9980000 - 0x000007fef99a3000 	C:\Windows\system32\VCOMP110.DLL
0x000007feb9870000 - 0x000007feb9a62000 	C:\Xilinx\SDK\2016.2\lib\win64.o\librdi_hsm.dll
0x000007feb9820000 - 0x000007feb9863000 	C:\Xilinx\SDK\2016.2\lib\win64.o\librdi_hdf.dll
0x000007feb9590000 - 0x000007feb9811000 	C:\Xilinx\SDK\2016.2\lib\win64.o\librdi_ippcw.dll
0x000007fef1520000 - 0x000007fef1536000 	C:\Xilinx\SDK\2016.2\eclipse\win64.o\plugins\org.eclipse.cdt.core.win32.x86_64_5.4.0.201509131935\os\win32\x86_64\spawner.dll
0x0000000071080000 - 0x00000000710a6000 	C:\Xilinx\SDK\2016.2\eclipse\win64.o\plugins\gnu.io.rxtx.win32.x86_64_2.1.7.3_v20071015\os\win32\x86_64\rxtxSerial.dll
0x000007fef8270000 - 0x000007fef827a000 	C:\Xilinx\SDK\2016.2\lib\win64.o\librdi_jtag_settings.dll
0x000007fef1750000 - 0x000007fef1779000 	C:\Xilinx\SDK\2016.2\lib\win64.o\librdi_debug_dialog.dll
0x000007fef7340000 - 0x000007fef7348000 	C:\Xilinx\SDK\2016.2\lib\win64.o\librdi_target_manager.dll
0x0000000071100000 - 0x0000000071125000 	C:\Users\dezfoul2\.jssc\windows\jSSC-2.8_x86_64.dll
0x000007feac7c0000 - 0x000007feacfd0000 	C:\Xilinx\SDK\2016.2\lib\win64.o\libXil_lmgr11FNP.dll

VM Arguments:
jvm_args: -Dcom.xilinx.sdk.args.hwspec=W:/ECE532/NexysVideo-master/Projects/hdmi/proj/hdmi.sdk/hdmi_wrapper.hdf -Xms64m -Xmx512m & 
java_command: <unknown>
java_class_path (initial): C:\Xilinx\SDK\2016.2\eclipse\win64.o\\plugins/org.eclipse.equinox.launcher_1.3.100.v20150511-1540.jar
Launcher Type: generic

Environment Variables:
PATH=C:/Xilinx/SDK/2016.2/tps/win64/jre/bin/server;C:/Xilinx/SDK/2016.2/tps/win64/jre/bin;C:/Xilinx/SDK/2016.2/tps/win64/jre/lib/amd64;C:\Xilinx\SDK\2016.2\gnuwin\bin;C:\Xilinx\SDK\2016.2\gnu\microblaze\nt\bin;C:\Xilinx\SDK\2016.2\gnu\microblaze\linux_toolchain\nt64_le\bin;C:\Xilinx\SDK\2016.2\gnu\microblaze\linux_toolchain\nt64_be\bin;C:\Xilinx\SDK\2016.2\gnu\arm\nt\bin;C:\Xilinx\SDK\2016.2\gnu\aarch64\nt\aarch64-none\bin;C:\Xilinx\SDK\2016.2\gnu\aarch64\nt\aarch64-linux\bin;C:\Xilinx\SDK\2016.2\gnu\armr5\nt\gcc-arm-none-eabi\bin;C:\Xilinx\SDK\2016.2\gnu\aarch32\nt\gcc-arm-none-eabi\bin;C:\Xilinx\SDK\2016.2\gnu\aarch32\nt\gcc-arm-linux-gnueabi\bin;C:\Xilinx\SDK\2016.2\tps\win64\cmake-3.3.2\bin;;C:\Xilinx\SDK\2016.2\bin;C:\Xilinx\SDK\2016.2\lib\win64.o;C:\Xilinx\SDK\2016.2\tps\win64\jre\bin\server;C:\Xilinx\SDK\2016.2\tps\win64\jre\bin;C:\Xilinx\Vivado\2016.2\ids_lite\ISE\bin\nt64;C:\Xilinx\Vivado\2016.2\ids_lite\ISE\lib\nt64;C:\Xilinx\Vivado\2016.2\bin;C:\Xilinx\Vivado\2016.2\lib\win64.o;C:\Xilinx\Vivado\2016.2\tps\win64\jre\bin\server;C:\Xilinx\Vivado\2016.2\tps\win64\jre\bin;C:\Xilinx\Vivado_HLS\2016.2\bin;C:\Windows\system32;C:\Windows;C:\Windows\System32\Wbem;C:\Windows\System32\WindowsPowerShell\v1.0\;C:\Program Files (x86)\Java\jre6\bin;C:\Program Files (x86)\eclipse;C:\altera\16.0\quartus\bin64;c:\altera\16.0\quartus\bin64\jre64\bin;W:\ECE532\NexysVideo-master\Projects\hdmi\proj;
USERNAME=dezfoul2
OS=Windows_NT
PROCESSOR_IDENTIFIER=Intel64 Family 6 Model 60 Stepping 3, GenuineIntel



---------------  S Y S T E M  ---------------

OS: Windows 7 , 64 bit Build 7601 (6.1.7601.23418)

CPU:total 8 (4 cores per cpu, 2 threads per core) family 6 model 60 stepping 3, cmov, cx8, fxsr, mmx, sse, sse2, sse3, ssse3, sse4.1, sse4.2, popcnt, avx, avx2, aes, clmul, erms, lzcnt, ht, tsc, tscinvbit, bmi1, bmi2

Memory: 4k page, physical 16683168k(10810192k free), swap 33364476k(26616952k free)

vm_info: Java HotSpot(TM) 64-Bit Server VM (25.66-b18) for windows-amd64 JRE (1.8.0_66-b18), built on Nov  9 2015 10:51:13 by "java_re" with MS VC++ 10.0 (VS2010)

time: Thu Feb 09 16:26:13 2017
elapsed time: 8166 seconds (0d 2h 16m 6s)

