#-----------------------------------------------------------
# Vivado v2016.2 (64-bit)
# SW Build 1577090 on Thu Jun  2 16:32:40 MDT 2016
# IP Build 1577682 on Fri Jun  3 12:00:54 MDT 2016
# Start of session at: Wed Feb 15 20:17:27 2017
# Process ID: 7716
# Current directory: C:/Users/armin/Documents/Armins_Work/4thYear/ECE532/project/feb15/NexysVideo-master-james/NexysVideo-master/Projects/hdmi/proj
# Command line: vivado.exe -gui_launcher_event rodinguilauncherevent8816 C:\Users\armin\Documents\Armins_Work\4thYear\ECE532\project\feb15\NexysVideo-master-james\NexysVideo-master\Projects\hdmi\proj\hdmi.xpr
# Log file: C:/Users/armin/Documents/Armins_Work/4thYear/ECE532/project/feb15/NexysVideo-master-james/NexysVideo-master/Projects/hdmi/proj/vivado.log
# Journal file: C:/Users/armin/Documents/Armins_Work/4thYear/ECE532/project/feb15/NexysVideo-master-james/NexysVideo-master/Projects/hdmi/proj\vivado.jou
#-----------------------------------------------------------
start_gui
open_project C:/Users/armin/Documents/Armins_Work/4thYear/ECE532/project/feb15/NexysVideo-master-james/NexysVideo-master/Projects/hdmi/proj/hdmi.xpr
INFO: [ProjectBase 1-489] The host OS only allows 260 characters in a normal path. The project is stored in a path with more than 80 characters. If you experience issues with IP, Block Designs, or files not being found, please consider moving the project to a location with a shorter path. Alternately consider using the OS subst command to map part of the path to a drive letter.
Current project path is 'C:/Users/armin/Documents/Armins_Work/4thYear/ECE532/project/feb15/NexysVideo-master-james/NexysVideo-master/Projects/hdmi/proj'
INFO: [Project 1-313] Project file moved from 'C:/Users/jaziz/Desktop/NexysVideo-master/NexysVideo-master/Projects/hdmi/proj' since last save.
Scanning sources...
Finished scanning sources
INFO: [IP_Flow 19-234] Refreshing IP repositories
INFO: [IP_Flow 19-1700] Loaded user IP repository 'c:/Users/armin/Documents/Armins_Work/4thYear/ECE532/project/feb15/NexysVideo-master-james/NexysVideo-master/Projects/hdmi/repo'.
INFO: [IP_Flow 19-2313] Loaded Vivado IP repository 'C:/Xilinx/Vivado/2016.2/data/ip'.
WARNING: [IP_Flow 19-3664] IP 'hdmi_axi_vdma_0_0' generated file not found 'c:/Users/armin/Documents/Armins_Work/4thYear/ECE532/project/feb15/NexysVideo-master-james/NexysVideo-master/Projects/hdmi/proj/hdmi.srcs/sources_1/bd/hdmi/ipshared/xilinx.com/axi_vdma_v6_2/hdl/src/verilog/axi_vdma_v6_2_8_axis_infrastructure_v1_0_axis_infrastructure.vh'. Please regenerate to continue.
WARNING: [IP_Flow 19-3664] IP 'hdmi_axi_vdma_0_0' generated file not found 'c:/Users/armin/Documents/Armins_Work/4thYear/ECE532/project/feb15/NexysVideo-master-james/NexysVideo-master/Projects/hdmi/proj/hdmi.srcs/sources_1/bd/hdmi/ipshared/xilinx.com/axi_vdma_v6_2/hdl/src/verilog/axi_vdma_v6_2_axis_infrastructure_v1_0_util_axis2vector.v'. Please regenerate to continue.
WARNING: [IP_Flow 19-3664] IP 'hdmi_axi_vdma_0_0' generated file not found 'c:/Users/armin/Documents/Armins_Work/4thYear/ECE532/project/feb15/NexysVideo-master-james/NexysVideo-master/Projects/hdmi/proj/hdmi.srcs/sources_1/bd/hdmi/ipshared/xilinx.com/axi_vdma_v6_2/hdl/src/verilog/axi_vdma_v6_2_axis_infrastructure_v1_0_util_vector2axis.v'. Please regenerate to continue.
WARNING: [IP_Flow 19-3664] IP 'hdmi_axi_vdma_0_0' generated file not found 'c:/Users/armin/Documents/Armins_Work/4thYear/ECE532/project/feb15/NexysVideo-master-james/NexysVideo-master/Projects/hdmi/proj/hdmi.srcs/sources_1/bd/hdmi/ipshared/xilinx.com/axi_vdma_v6_2/hdl/src/verilog/axi_vdma_v6_2_axis_register_slice_v1_0_axisc_register_slice.v'. Please regenerate to continue.
WARNING: [IP_Flow 19-3664] IP 'hdmi_axi_vdma_0_0' generated file not found 'c:/Users/armin/Documents/Armins_Work/4thYear/ECE532/project/feb15/NexysVideo-master-james/NexysVideo-master/Projects/hdmi/proj/hdmi.srcs/sources_1/bd/hdmi/ipshared/xilinx.com/axi_vdma_v6_2/hdl/src/verilog/axi_vdma_v6_2_axis_register_slice_v1_0_axis_register_slice.v'. Please regenerate to continue.
WARNING: [IP_Flow 19-3664] IP 'hdmi_axi_vdma_0_0' generated file not found 'c:/Users/armin/Documents/Armins_Work/4thYear/ECE532/project/feb15/NexysVideo-master-james/NexysVideo-master/Projects/hdmi/proj/hdmi.srcs/sources_1/bd/hdmi/ipshared/xilinx.com/axi_vdma_v6_2/hdl/src/verilog/axi_vdma_v6_2_axis_dwidth_converter_v1_0_axisc_upsizer.v'. Please regenerate to continue.
WARNING: [IP_Flow 19-3664] IP 'hdmi_axi_vdma_0_0' generated file not found 'c:/Users/armin/Documents/Armins_Work/4thYear/ECE532/project/feb15/NexysVideo-master-james/NexysVideo-master/Projects/hdmi/proj/hdmi.srcs/sources_1/bd/hdmi/ipshared/xilinx.com/axi_vdma_v6_2/hdl/src/verilog/axi_vdma_v6_2_axis_dwidth_converter_v1_0_axisc_downsizer.v'. Please regenerate to continue.
WARNING: [IP_Flow 19-3664] IP 'hdmi_axi_vdma_0_0' generated file not found 'c:/Users/armin/Documents/Armins_Work/4thYear/ECE532/project/feb15/NexysVideo-master-james/NexysVideo-master/Projects/hdmi/proj/hdmi.srcs/sources_1/bd/hdmi/ipshared/xilinx.com/axi_vdma_v6_2/hdl/src/verilog/axi_vdma_v6_2_axis_dwidth_converter_v1_0_axis_dwidth_converter.v'. Please regenerate to continue.
WARNING: [IP_Flow 19-3664] IP 'hdmi_axi_vdma_0_0' generated file not found 'c:/Users/armin/Documents/Armins_Work/4thYear/ECE532/project/feb15/NexysVideo-master-james/NexysVideo-master/Projects/hdmi/proj/hdmi.srcs/sources_1/bd/hdmi/ipshared/xilinx.com/axi_vdma_v6_2/hdl/src/verilog/axi_vdma_v6_2_8_axis_infrastructure_v1_0_axis_infrastructure.vh'. Please regenerate to continue.
WARNING: [IP_Flow 19-3664] IP 'hdmi_axi_vdma_0_0' generated file not found 'c:/Users/armin/Documents/Armins_Work/4thYear/ECE532/project/feb15/NexysVideo-master-james/NexysVideo-master/Projects/hdmi/proj/hdmi.srcs/sources_1/bd/hdmi/ipshared/xilinx.com/axi_vdma_v6_2/hdl/src/verilog/axi_vdma_v6_2_axis_infrastructure_v1_0_util_axis2vector.v'. Please regenerate to continue.
WARNING: [IP_Flow 19-3664] IP 'hdmi_axi_vdma_0_0' generated file not found 'c:/Users/armin/Documents/Armins_Work/4thYear/ECE532/project/feb15/NexysVideo-master-james/NexysVideo-master/Projects/hdmi/proj/hdmi.srcs/sources_1/bd/hdmi/ipshared/xilinx.com/axi_vdma_v6_2/hdl/src/verilog/axi_vdma_v6_2_axis_infrastructure_v1_0_util_vector2axis.v'. Please regenerate to continue.
WARNING: [IP_Flow 19-3664] IP 'hdmi_axi_vdma_0_0' generated file not found 'c:/Users/armin/Documents/Armins_Work/4thYear/ECE532/project/feb15/NexysVideo-master-james/NexysVideo-master/Projects/hdmi/proj/hdmi.srcs/sources_1/bd/hdmi/ipshared/xilinx.com/axi_vdma_v6_2/hdl/src/verilog/axi_vdma_v6_2_axis_register_slice_v1_0_axisc_register_slice.v'. Please regenerate to continue.
WARNING: [IP_Flow 19-3664] IP 'hdmi_axi_vdma_0_0' generated file not found 'c:/Users/armin/Documents/Armins_Work/4thYear/ECE532/project/feb15/NexysVideo-master-james/NexysVideo-master/Projects/hdmi/proj/hdmi.srcs/sources_1/bd/hdmi/ipshared/xilinx.com/axi_vdma_v6_2/hdl/src/verilog/axi_vdma_v6_2_axis_register_slice_v1_0_axis_register_slice.v'. Please regenerate to continue.
WARNING: [IP_Flow 19-3664] IP 'hdmi_axi_vdma_0_0' generated file not found 'c:/Users/armin/Documents/Armins_Work/4thYear/ECE532/project/feb15/NexysVideo-master-james/NexysVideo-master/Projects/hdmi/proj/hdmi.srcs/sources_1/bd/hdmi/ipshared/xilinx.com/axi_vdma_v6_2/hdl/src/verilog/axi_vdma_v6_2_axis_dwidth_converter_v1_0_axisc_upsizer.v'. Please regenerate to continue.
WARNING: [IP_Flow 19-3664] IP 'hdmi_axi_vdma_0_0' generated file not found 'c:/Users/armin/Documents/Armins_Work/4thYear/ECE532/project/feb15/NexysVideo-master-james/NexysVideo-master/Projects/hdmi/proj/hdmi.srcs/sources_1/bd/hdmi/ipshared/xilinx.com/axi_vdma_v6_2/hdl/src/verilog/axi_vdma_v6_2_axis_dwidth_converter_v1_0_axisc_downsizer.v'. Please regenerate to continue.
WARNING: [IP_Flow 19-3664] IP 'hdmi_axi_vdma_0_0' generated file not found 'c:/Users/armin/Documents/Armins_Work/4thYear/ECE532/project/feb15/NexysVideo-master-james/NexysVideo-master/Projects/hdmi/proj/hdmi.srcs/sources_1/bd/hdmi/ipshared/xilinx.com/axi_vdma_v6_2/hdl/src/verilog/axi_vdma_v6_2_axis_dwidth_converter_v1_0_axis_dwidth_converter.v'. Please regenerate to continue.
WARNING: [IP_Flow 19-3664] IP 'hdmi_mig_7series_0_0' generated file not found 'c:/Users/armin/Documents/Armins_Work/4thYear/ECE532/project/feb15/NexysVideo-master-james/NexysVideo-master/Projects/hdmi/proj/hdmi.srcs/sources_1/bd/hdmi/ip/hdmi_mig_7series_0_0/hdmi_mig_7series_0_0/user_design/rtl/axi/mig_7series_v4_0_axi_mc_cmd_translator.v'. Please regenerate to continue.
WARNING: [IP_Flow 19-3664] IP 'hdmi_mig_7series_0_0' generated file not found 'c:/Users/armin/Documents/Armins_Work/4thYear/ECE532/project/feb15/NexysVideo-master-james/NexysVideo-master/Projects/hdmi/proj/hdmi.srcs/sources_1/bd/hdmi/ip/hdmi_mig_7series_0_0/hdmi_mig_7series_0_0/user_design/rtl/axi/mig_7series_v4_0_ddr_axic_register_slice.v'. Please regenerate to continue.
WARNING: [IP_Flow 19-3664] IP 'hdmi_mig_7series_0_0' generated file not found 'c:/Users/armin/Documents/Armins_Work/4thYear/ECE532/project/feb15/NexysVideo-master-james/NexysVideo-master/Projects/hdmi/proj/hdmi.srcs/sources_1/bd/hdmi/ip/hdmi_mig_7series_0_0/hdmi_mig_7series_0_0/user_design/rtl/axi/mig_7series_v4_0_ddr_axi_register_slice.v'. Please regenerate to continue.
WARNING: [IP_Flow 19-3664] IP 'hdmi_mig_7series_0_0' generated file not found 'c:/Users/armin/Documents/Armins_Work/4thYear/ECE532/project/feb15/NexysVideo-master-james/NexysVideo-master/Projects/hdmi/proj/hdmi.srcs/sources_1/bd/hdmi/ip/hdmi_mig_7series_0_0/hdmi_mig_7series_0_0/user_design/rtl/axi/mig_7series_v4_0_ddr_comparator_sel_static.v'. Please regenerate to continue.
WARNING: [IP_Flow 19-3664] IP 'hdmi_mig_7series_0_0' generated file not found 'c:/Users/armin/Documents/Armins_Work/4thYear/ECE532/project/feb15/NexysVideo-master-james/NexysVideo-master/Projects/hdmi/proj/hdmi.srcs/sources_1/bd/hdmi/ip/hdmi_mig_7series_0_0/hdmi_mig_7series_0_0/user_design/rtl/controller/mig_7series_v4_0_round_robin_arb.v'. Please regenerate to continue.
WARNING: [IP_Flow 19-3664] IP 'hdmi_mig_7series_0_0' generated file not found 'c:/Users/armin/Documents/Armins_Work/4thYear/ECE532/project/feb15/NexysVideo-master-james/NexysVideo-master/Projects/hdmi/proj/hdmi.srcs/sources_1/bd/hdmi/ip/hdmi_mig_7series_0_0/hdmi_mig_7series_0_0/user_design/rtl/phy/mig_7series_v4_0_ddr_phy_ck_addr_cmd_delay.v'. Please regenerate to continue.
WARNING: [IP_Flow 19-3664] IP 'hdmi_mig_7series_0_0' generated file not found 'c:/Users/armin/Documents/Armins_Work/4thYear/ECE532/project/feb15/NexysVideo-master-james/NexysVideo-master/Projects/hdmi/proj/hdmi.srcs/sources_1/bd/hdmi/ip/hdmi_mig_7series_0_0/hdmi_mig_7series_0_0/user_design/rtl/phy/mig_7series_v4_0_ddr_phy_dqs_found_cal.v'. Please regenerate to continue.
WARNING: [IP_Flow 19-3664] IP 'hdmi_mig_7series_0_0' generated file not found 'c:/Users/armin/Documents/Armins_Work/4thYear/ECE532/project/feb15/NexysVideo-master-james/NexysVideo-master/Projects/hdmi/proj/hdmi.srcs/sources_1/bd/hdmi/ip/hdmi_mig_7series_0_0/hdmi_mig_7series_0_0/user_design/rtl/phy/mig_7series_v4_0_ddr_phy_dqs_found_cal_hr.v'. Please regenerate to continue.
WARNING: [IP_Flow 19-3664] IP 'hdmi_mig_7series_0_0' generated file not found 'c:/Users/armin/Documents/Armins_Work/4thYear/ECE532/project/feb15/NexysVideo-master-james/NexysVideo-master/Projects/hdmi/proj/hdmi.srcs/sources_1/bd/hdmi/ip/hdmi_mig_7series_0_0/hdmi_mig_7series_0_0/user_design/rtl/phy/mig_7series_v4_0_ddr_phy_oclkdelay_cal.v'. Please regenerate to continue.
WARNING: [IP_Flow 19-3664] IP 'hdmi_mig_7series_0_0' generated file not found 'c:/Users/armin/Documents/Armins_Work/4thYear/ECE532/project/feb15/NexysVideo-master-james/NexysVideo-master/Projects/hdmi/proj/hdmi.srcs/sources_1/bd/hdmi/ip/hdmi_mig_7series_0_0/hdmi_mig_7series_0_0/user_design/rtl/phy/mig_7series_v4_0_ddr_phy_wrlvl_off_delay.v'. Please regenerate to continue.
WARNING: [IP_Flow 19-3664] IP 'hdmi_mig_7series_0_0' generated file not found 'c:/Users/armin/Documents/Armins_Work/4thYear/ECE532/project/feb15/NexysVideo-master-james/NexysVideo-master/Projects/hdmi/proj/hdmi.srcs/sources_1/bd/hdmi/ip/hdmi_mig_7series_0_0/hdmi_mig_7series_0_0/user_design/rtl/axi/mig_7series_v4_0_axi_mc_cmd_translator.v'. Please regenerate to continue.
WARNING: [IP_Flow 19-3664] IP 'hdmi_mig_7series_0_0' generated file not found 'c:/Users/armin/Documents/Armins_Work/4thYear/ECE532/project/feb15/NexysVideo-master-james/NexysVideo-master/Projects/hdmi/proj/hdmi.srcs/sources_1/bd/hdmi/ip/hdmi_mig_7series_0_0/hdmi_mig_7series_0_0/user_design/rtl/axi/mig_7series_v4_0_ddr_axic_register_slice.v'. Please regenerate to continue.
WARNING: [IP_Flow 19-3664] IP 'hdmi_mig_7series_0_0' generated file not found 'c:/Users/armin/Documents/Armins_Work/4thYear/ECE532/project/feb15/NexysVideo-master-james/NexysVideo-master/Projects/hdmi/proj/hdmi.srcs/sources_1/bd/hdmi/ip/hdmi_mig_7series_0_0/hdmi_mig_7series_0_0/user_design/rtl/axi/mig_7series_v4_0_ddr_axi_register_slice.v'. Please regenerate to continue.
WARNING: [IP_Flow 19-3664] IP 'hdmi_mig_7series_0_0' generated file not found 'c:/Users/armin/Documents/Armins_Work/4thYear/ECE532/project/feb15/NexysVideo-master-james/NexysVideo-master/Projects/hdmi/proj/hdmi.srcs/sources_1/bd/hdmi/ip/hdmi_mig_7series_0_0/hdmi_mig_7series_0_0/user_design/rtl/axi/mig_7series_v4_0_ddr_comparator_sel_static.v'. Please regenerate to continue.
WARNING: [IP_Flow 19-3664] IP 'hdmi_mig_7series_0_0' generated file not found 'c:/Users/armin/Documents/Armins_Work/4thYear/ECE532/project/feb15/NexysVideo-master-james/NexysVideo-master/Projects/hdmi/proj/hdmi.srcs/sources_1/bd/hdmi/ip/hdmi_mig_7series_0_0/hdmi_mig_7series_0_0/user_design/rtl/controller/mig_7series_v4_0_round_robin_arb.v'. Please regenerate to continue.
WARNING: [IP_Flow 19-3664] IP 'hdmi_mig_7series_0_0' generated file not found 'c:/Users/armin/Documents/Armins_Work/4thYear/ECE532/project/feb15/NexysVideo-master-james/NexysVideo-master/Projects/hdmi/proj/hdmi.srcs/sources_1/bd/hdmi/ip/hdmi_mig_7series_0_0/hdmi_mig_7series_0_0/user_design/rtl/phy/mig_7series_v4_0_ddr_phy_ck_addr_cmd_delay.v'. Please regenerate to continue.
WARNING: [IP_Flow 19-3664] IP 'hdmi_mig_7series_0_0' generated file not found 'c:/Users/armin/Documents/Armins_Work/4thYear/ECE532/project/feb15/NexysVideo-master-james/NexysVideo-master/Projects/hdmi/proj/hdmi.srcs/sources_1/bd/hdmi/ip/hdmi_mig_7series_0_0/hdmi_mig_7series_0_0/user_design/rtl/phy/mig_7series_v4_0_ddr_phy_dqs_found_cal.v'. Please regenerate to continue.
WARNING: [IP_Flow 19-3664] IP 'hdmi_mig_7series_0_0' generated file not found 'c:/Users/armin/Documents/Armins_Work/4thYear/ECE532/project/feb15/NexysVideo-master-james/NexysVideo-master/Projects/hdmi/proj/hdmi.srcs/sources_1/bd/hdmi/ip/hdmi_mig_7series_0_0/hdmi_mig_7series_0_0/user_design/rtl/phy/mig_7series_v4_0_ddr_phy_dqs_found_cal_hr.v'. Please regenerate to continue.
WARNING: [IP_Flow 19-3664] IP 'hdmi_mig_7series_0_0' generated file not found 'c:/Users/armin/Documents/Armins_Work/4thYear/ECE532/project/feb15/NexysVideo-master-james/NexysVideo-master/Projects/hdmi/proj/hdmi.srcs/sources_1/bd/hdmi/ip/hdmi_mig_7series_0_0/hdmi_mig_7series_0_0/user_design/rtl/phy/mig_7series_v4_0_ddr_phy_oclkdelay_cal.v'. Please regenerate to continue.
WARNING: [IP_Flow 19-3664] IP 'hdmi_mig_7series_0_0' generated file not found 'c:/Users/armin/Documents/Armins_Work/4thYear/ECE532/project/feb15/NexysVideo-master-james/NexysVideo-master/Projects/hdmi/proj/hdmi.srcs/sources_1/bd/hdmi/ip/hdmi_mig_7series_0_0/hdmi_mig_7series_0_0/user_design/rtl/phy/mig_7series_v4_0_ddr_phy_wrlvl_off_delay.v'. Please regenerate to continue.
WARNING: [IP_Flow 19-3664] IP 'hdmi_xbar_0' generated file not found 'c:/Users/armin/Documents/Armins_Work/4thYear/ECE532/project/feb15/NexysVideo-master-james/NexysVideo-master/Projects/hdmi/proj/hdmi.srcs/sources_1/bd/hdmi/ipshared/xilinx.com/generic_baseblocks_v2_1/hdl/verilog/generic_baseblocks_v2_1_comparator_sel_mask_static.v'. Please regenerate to continue.
WARNING: [IP_Flow 19-3664] IP 'hdmi_xbar_0' generated file not found 'c:/Users/armin/Documents/Armins_Work/4thYear/ECE532/project/feb15/NexysVideo-master-james/NexysVideo-master/Projects/hdmi/proj/hdmi.srcs/sources_1/bd/hdmi/ipshared/xilinx.com/generic_baseblocks_v2_1/hdl/verilog/generic_baseblocks_v2_1_comparator_sel_mask_static.v'. Please regenerate to continue.
WARNING: [IP_Flow 19-3664] IP 'hdmi_xbar_1' generated file not found 'c:/Users/armin/Documents/Armins_Work/4thYear/ECE532/project/feb15/NexysVideo-master-james/NexysVideo-master/Projects/hdmi/proj/hdmi.srcs/sources_1/bd/hdmi/ipshared/xilinx.com/generic_baseblocks_v2_1/hdl/verilog/generic_baseblocks_v2_1_comparator_sel_mask_static.v'. Please regenerate to continue.
WARNING: [IP_Flow 19-3664] IP 'hdmi_xbar_1' generated file not found 'c:/Users/armin/Documents/Armins_Work/4thYear/ECE532/project/feb15/NexysVideo-master-james/NexysVideo-master/Projects/hdmi/proj/hdmi.srcs/sources_1/bd/hdmi/ipshared/xilinx.com/generic_baseblocks_v2_1/hdl/verilog/generic_baseblocks_v2_1_comparator_sel_mask_static.v'. Please regenerate to continue.
WARNING: [IP_Flow 19-3664] IP 'hdmi_auto_ds_0' generated file not found 'c:/Users/armin/Documents/Armins_Work/4thYear/ECE532/project/feb15/NexysVideo-master-james/NexysVideo-master/Projects/hdmi/proj/hdmi.srcs/sources_1/bd/hdmi/ipshared/xilinx.com/generic_baseblocks_v2_1/hdl/verilog/generic_baseblocks_v2_1_comparator_sel_mask_static.v'. Please regenerate to continue.
WARNING: [IP_Flow 19-3664] IP 'hdmi_auto_ds_0' generated file not found 'c:/Users/armin/Documents/Armins_Work/4thYear/ECE532/project/feb15/NexysVideo-master-james/NexysVideo-master/Projects/hdmi/proj/hdmi.srcs/sources_1/bd/hdmi/ipshared/xilinx.com/axi_protocol_converter_v2_1/hdl/verilog/axi_protocol_converter_v2_1_b2s_simple_fifo.v'. Please regenerate to continue.
WARNING: [IP_Flow 19-3664] IP 'hdmi_auto_ds_0' generated file not found 'c:/Users/armin/Documents/Armins_Work/4thYear/ECE532/project/feb15/NexysVideo-master-james/NexysVideo-master/Projects/hdmi/proj/hdmi.srcs/sources_1/bd/hdmi/ipshared/xilinx.com/axi_protocol_converter_v2_1/hdl/verilog/axi_protocol_converter_v2_1_b2s_cmd_translator.v'. Please regenerate to continue.
WARNING: [IP_Flow 19-3664] IP 'hdmi_auto_ds_0' generated file not found 'c:/Users/armin/Documents/Armins_Work/4thYear/ECE532/project/feb15/NexysVideo-master-james/NexysVideo-master/Projects/hdmi/proj/hdmi.srcs/sources_1/bd/hdmi/ipshared/xilinx.com/axi_protocol_converter_v2_1/hdl/verilog/axi_protocol_converter_v2_1_axi_protocol_converter.v'. Please regenerate to continue.
WARNING: [IP_Flow 19-3664] IP 'hdmi_auto_ds_0' generated file not found 'c:/Users/armin/Documents/Armins_Work/4thYear/ECE532/project/feb15/NexysVideo-master-james/NexysVideo-master/Projects/hdmi/proj/hdmi.srcs/sources_1/bd/hdmi/ipshared/xilinx.com/axi_clock_converter_v2_1/hdl/verilog/axi_clock_converter_v2_1_axic_sync_clock_converter.v'. Please regenerate to continue.
WARNING: [IP_Flow 19-3664] IP 'hdmi_auto_ds_0' generated file not found 'c:/Users/armin/Documents/Armins_Work/4thYear/ECE532/project/feb15/NexysVideo-master-james/NexysVideo-master/Projects/hdmi/proj/hdmi.srcs/sources_1/bd/hdmi/ipshared/xilinx.com/axi_clock_converter_v2_1/hdl/verilog/axi_clock_converter_v2_1_axic_sample_cycle_ratio.v'. Please regenerate to continue.
WARNING: [IP_Flow 19-3664] IP 'hdmi_auto_ds_0' generated file not found 'c:/Users/armin/Documents/Armins_Work/4thYear/ECE532/project/feb15/NexysVideo-master-james/NexysVideo-master/Projects/hdmi/proj/hdmi.srcs/sources_1/bd/hdmi/ipshared/xilinx.com/generic_baseblocks_v2_1/hdl/verilog/generic_baseblocks_v2_1_comparator_sel_mask_static.v'. Please regenerate to continue.
WARNING: [IP_Flow 19-3664] IP 'hdmi_auto_ds_0' generated file not found 'c:/Users/armin/Documents/Armins_Work/4thYear/ECE532/project/feb15/NexysVideo-master-james/NexysVideo-master/Projects/hdmi/proj/hdmi.srcs/sources_1/bd/hdmi/ipshared/xilinx.com/axi_protocol_converter_v2_1/hdl/verilog/axi_protocol_converter_v2_1_b2s_simple_fifo.v'. Please regenerate to continue.
WARNING: [IP_Flow 19-3664] IP 'hdmi_auto_ds_0' generated file not found 'c:/Users/armin/Documents/Armins_Work/4thYear/ECE532/project/feb15/NexysVideo-master-james/NexysVideo-master/Projects/hdmi/proj/hdmi.srcs/sources_1/bd/hdmi/ipshared/xilinx.com/axi_protocol_converter_v2_1/hdl/verilog/axi_protocol_converter_v2_1_b2s_cmd_translator.v'. Please regenerate to continue.
WARNING: [IP_Flow 19-3664] IP 'hdmi_auto_ds_0' generated file not found 'c:/Users/armin/Documents/Armins_Work/4thYear/ECE532/project/feb15/NexysVideo-master-james/NexysVideo-master/Projects/hdmi/proj/hdmi.srcs/sources_1/bd/hdmi/ipshared/xilinx.com/axi_protocol_converter_v2_1/hdl/verilog/axi_protocol_converter_v2_1_axi_protocol_converter.v'. Please regenerate to continue.
WARNING: [IP_Flow 19-3664] IP 'hdmi_auto_ds_0' generated file not found 'c:/Users/armin/Documents/Armins_Work/4thYear/ECE532/project/feb15/NexysVideo-master-james/NexysVideo-master/Projects/hdmi/proj/hdmi.srcs/sources_1/bd/hdmi/ipshared/xilinx.com/axi_clock_converter_v2_1/hdl/verilog/axi_clock_converter_v2_1_axic_sync_clock_converter.v'. Please regenerate to continue.
WARNING: [IP_Flow 19-3664] IP 'hdmi_auto_ds_0' generated file not found 'c:/Users/armin/Documents/Armins_Work/4thYear/ECE532/project/feb15/NexysVideo-master-james/NexysVideo-master/Projects/hdmi/proj/hdmi.srcs/sources_1/bd/hdmi/ipshared/xilinx.com/axi_clock_converter_v2_1/hdl/verilog/axi_clock_converter_v2_1_axic_sample_cycle_ratio.v'. Please regenerate to continue.
WARNING: [IP_Flow 19-3664] IP 'hdmi_auto_us_0' generated file not found 'c:/Users/armin/Documents/Armins_Work/4thYear/ECE532/project/feb15/NexysVideo-master-james/NexysVideo-master/Projects/hdmi/proj/hdmi.srcs/sources_1/bd/hdmi/ipshared/xilinx.com/generic_baseblocks_v2_1/hdl/verilog/generic_baseblocks_v2_1_comparator_sel_mask_static.v'. Please regenerate to continue.
WARNING: [IP_Flow 19-3664] IP 'hdmi_auto_us_0' generated file not found 'c:/Users/armin/Documents/Armins_Work/4thYear/ECE532/project/feb15/NexysVideo-master-james/NexysVideo-master/Projects/hdmi/proj/hdmi.srcs/sources_1/bd/hdmi/ipshared/xilinx.com/axi_protocol_converter_v2_1/hdl/verilog/axi_protocol_converter_v2_1_b2s_simple_fifo.v'. Please regenerate to continue.
WARNING: [IP_Flow 19-3664] IP 'hdmi_auto_us_0' generated file not found 'c:/Users/armin/Documents/Armins_Work/4thYear/ECE532/project/feb15/NexysVideo-master-james/NexysVideo-master/Projects/hdmi/proj/hdmi.srcs/sources_1/bd/hdmi/ipshared/xilinx.com/axi_protocol_converter_v2_1/hdl/verilog/axi_protocol_converter_v2_1_b2s_cmd_translator.v'. Please regenerate to continue.
WARNING: [IP_Flow 19-3664] IP 'hdmi_auto_us_0' generated file not found 'c:/Users/armin/Documents/Armins_Work/4thYear/ECE532/project/feb15/NexysVideo-master-james/NexysVideo-master/Projects/hdmi/proj/hdmi.srcs/sources_1/bd/hdmi/ipshared/xilinx.com/axi_protocol_converter_v2_1/hdl/verilog/axi_protocol_converter_v2_1_axi_protocol_converter.v'. Please regenerate to continue.
WARNING: [IP_Flow 19-3664] IP 'hdmi_auto_us_0' generated file not found 'c:/Users/armin/Documents/Armins_Work/4thYear/ECE532/project/feb15/NexysVideo-master-james/NexysVideo-master/Projects/hdmi/proj/hdmi.srcs/sources_1/bd/hdmi/ipshared/xilinx.com/axi_clock_converter_v2_1/hdl/verilog/axi_clock_converter_v2_1_axic_sync_clock_converter.v'. Please regenerate to continue.
WARNING: [IP_Flow 19-3664] IP 'hdmi_auto_us_0' generated file not found 'c:/Users/armin/Documents/Armins_Work/4thYear/ECE532/project/feb15/NexysVideo-master-james/NexysVideo-master/Projects/hdmi/proj/hdmi.srcs/sources_1/bd/hdmi/ipshared/xilinx.com/axi_clock_converter_v2_1/hdl/verilog/axi_clock_converter_v2_1_axic_sample_cycle_ratio.v'. Please regenerate to continue.
WARNING: [IP_Flow 19-3664] IP 'hdmi_auto_us_0' generated file not found 'c:/Users/armin/Documents/Armins_Work/4thYear/ECE532/project/feb15/NexysVideo-master-james/NexysVideo-master/Projects/hdmi/proj/hdmi.srcs/sources_1/bd/hdmi/ipshared/xilinx.com/generic_baseblocks_v2_1/hdl/verilog/generic_baseblocks_v2_1_comparator_sel_mask_static.v'. Please regenerate to continue.
WARNING: [IP_Flow 19-3664] IP 'hdmi_auto_us_0' generated file not found 'c:/Users/armin/Documents/Armins_Work/4thYear/ECE532/project/feb15/NexysVideo-master-james/NexysVideo-master/Projects/hdmi/proj/hdmi.srcs/sources_1/bd/hdmi/ipshared/xilinx.com/axi_protocol_converter_v2_1/hdl/verilog/axi_protocol_converter_v2_1_b2s_simple_fifo.v'. Please regenerate to continue.
WARNING: [IP_Flow 19-3664] IP 'hdmi_auto_us_0' generated file not found 'c:/Users/armin/Documents/Armins_Work/4thYear/ECE532/project/feb15/NexysVideo-master-james/NexysVideo-master/Projects/hdmi/proj/hdmi.srcs/sources_1/bd/hdmi/ipshared/xilinx.com/axi_protocol_converter_v2_1/hdl/verilog/axi_protocol_converter_v2_1_b2s_cmd_translator.v'. Please regenerate to continue.
WARNING: [IP_Flow 19-3664] IP 'hdmi_auto_us_0' generated file not found 'c:/Users/armin/Documents/Armins_Work/4thYear/ECE532/project/feb15/NexysVideo-master-james/NexysVideo-master/Projects/hdmi/proj/hdmi.srcs/sources_1/bd/hdmi/ipshared/xilinx.com/axi_protocol_converter_v2_1/hdl/verilog/axi_protocol_converter_v2_1_axi_protocol_converter.v'. Please regenerate to continue.
WARNING: [IP_Flow 19-3664] IP 'hdmi_auto_us_0' generated file not found 'c:/Users/armin/Documents/Armins_Work/4thYear/ECE532/project/feb15/NexysVideo-master-james/NexysVideo-master/Projects/hdmi/proj/hdmi.srcs/sources_1/bd/hdmi/ipshared/xilinx.com/axi_clock_converter_v2_1/hdl/verilog/axi_clock_converter_v2_1_axic_sync_clock_converter.v'. Please regenerate to continue.
WARNING: [IP_Flow 19-3664] IP 'hdmi_auto_us_0' generated file not found 'c:/Users/armin/Documents/Armins_Work/4thYear/ECE532/project/feb15/NexysVideo-master-james/NexysVideo-master/Projects/hdmi/proj/hdmi.srcs/sources_1/bd/hdmi/ipshared/xilinx.com/axi_clock_converter_v2_1/hdl/verilog/axi_clock_converter_v2_1_axic_sample_cycle_ratio.v'. Please regenerate to continue.
WARNING: [IP_Flow 19-3664] IP 'hdmi_auto_us_1' generated file not found 'c:/Users/armin/Documents/Armins_Work/4thYear/ECE532/project/feb15/NexysVideo-master-james/NexysVideo-master/Projects/hdmi/proj/hdmi.srcs/sources_1/bd/hdmi/ipshared/xilinx.com/generic_baseblocks_v2_1/hdl/verilog/generic_baseblocks_v2_1_comparator_sel_mask_static.v'. Please regenerate to continue.
WARNING: [IP_Flow 19-3664] IP 'hdmi_auto_us_1' generated file not found 'c:/Users/armin/Documents/Armins_Work/4thYear/ECE532/project/feb15/NexysVideo-master-james/NexysVideo-master/Projects/hdmi/proj/hdmi.srcs/sources_1/bd/hdmi/ipshared/xilinx.com/axi_protocol_converter_v2_1/hdl/verilog/axi_protocol_converter_v2_1_b2s_simple_fifo.v'. Please regenerate to continue.
WARNING: [IP_Flow 19-3664] IP 'hdmi_auto_us_1' generated file not found 'c:/Users/armin/Documents/Armins_Work/4thYear/ECE532/project/feb15/NexysVideo-master-james/NexysVideo-master/Projects/hdmi/proj/hdmi.srcs/sources_1/bd/hdmi/ipshared/xilinx.com/axi_protocol_converter_v2_1/hdl/verilog/axi_protocol_converter_v2_1_b2s_cmd_translator.v'. Please regenerate to continue.
WARNING: [IP_Flow 19-3664] IP 'hdmi_auto_us_1' generated file not found 'c:/Users/armin/Documents/Armins_Work/4thYear/ECE532/project/feb15/NexysVideo-master-james/NexysVideo-master/Projects/hdmi/proj/hdmi.srcs/sources_1/bd/hdmi/ipshared/xilinx.com/axi_protocol_converter_v2_1/hdl/verilog/axi_protocol_converter_v2_1_axi_protocol_converter.v'. Please regenerate to continue.
WARNING: [IP_Flow 19-3664] IP 'hdmi_auto_us_1' generated file not found 'c:/Users/armin/Documents/Armins_Work/4thYear/ECE532/project/feb15/NexysVideo-master-james/NexysVideo-master/Projects/hdmi/proj/hdmi.srcs/sources_1/bd/hdmi/ipshared/xilinx.com/axi_clock_converter_v2_1/hdl/verilog/axi_clock_converter_v2_1_axic_sync_clock_converter.v'. Please regenerate to continue.
WARNING: [IP_Flow 19-3664] IP 'hdmi_auto_us_1' generated file not found 'c:/Users/armin/Documents/Armins_Work/4thYear/ECE532/project/feb15/NexysVideo-master-james/NexysVideo-master/Projects/hdmi/proj/hdmi.srcs/sources_1/bd/hdmi/ipshared/xilinx.com/axi_clock_converter_v2_1/hdl/verilog/axi_clock_converter_v2_1_axic_sample_cycle_ratio.v'. Please regenerate to continue.
WARNING: [IP_Flow 19-3664] IP 'hdmi_auto_us_1' generated file not found 'c:/Users/armin/Documents/Armins_Work/4thYear/ECE532/project/feb15/NexysVideo-master-james/NexysVideo-master/Projects/hdmi/proj/hdmi.srcs/sources_1/bd/hdmi/ipshared/xilinx.com/generic_baseblocks_v2_1/hdl/verilog/generic_baseblocks_v2_1_comparator_sel_mask_static.v'. Please regenerate to continue.
WARNING: [IP_Flow 19-3664] IP 'hdmi_auto_us_1' generated file not found 'c:/Users/armin/Documents/Armins_Work/4thYear/ECE532/project/feb15/NexysVideo-master-james/NexysVideo-master/Projects/hdmi/proj/hdmi.srcs/sources_1/bd/hdmi/ipshared/xilinx.com/axi_protocol_converter_v2_1/hdl/verilog/axi_protocol_converter_v2_1_b2s_simple_fifo.v'. Please regenerate to continue.
WARNING: [IP_Flow 19-3664] IP 'hdmi_auto_us_1' generated file not found 'c:/Users/armin/Documents/Armins_Work/4thYear/ECE532/project/feb15/NexysVideo-master-james/NexysVideo-master/Projects/hdmi/proj/hdmi.srcs/sources_1/bd/hdmi/ipshared/xilinx.com/axi_protocol_converter_v2_1/hdl/verilog/axi_protocol_converter_v2_1_b2s_cmd_translator.v'. Please regenerate to continue.
WARNING: [IP_Flow 19-3664] IP 'hdmi_auto_us_1' generated file not found 'c:/Users/armin/Documents/Armins_Work/4thYear/ECE532/project/feb15/NexysVideo-master-james/NexysVideo-master/Projects/hdmi/proj/hdmi.srcs/sources_1/bd/hdmi/ipshared/xilinx.com/axi_protocol_converter_v2_1/hdl/verilog/axi_protocol_converter_v2_1_axi_protocol_converter.v'. Please regenerate to continue.
WARNING: [IP_Flow 19-3664] IP 'hdmi_auto_us_1' generated file not found 'c:/Users/armin/Documents/Armins_Work/4thYear/ECE532/project/feb15/NexysVideo-master-james/NexysVideo-master/Projects/hdmi/proj/hdmi.srcs/sources_1/bd/hdmi/ipshared/xilinx.com/axi_clock_converter_v2_1/hdl/verilog/axi_clock_converter_v2_1_axic_sync_clock_converter.v'. Please regenerate to continue.
WARNING: [IP_Flow 19-3664] IP 'hdmi_auto_us_1' generated file not found 'c:/Users/armin/Documents/Armins_Work/4thYear/ECE532/project/feb15/NexysVideo-master-james/NexysVideo-master/Projects/hdmi/proj/hdmi.srcs/sources_1/bd/hdmi/ipshared/xilinx.com/axi_clock_converter_v2_1/hdl/verilog/axi_clock_converter_v2_1_axic_sample_cycle_ratio.v'. Please regenerate to continue.
WARNING: [BD 41-1661] One or more IPs have been locked in the design 'hdmi.bd'. Please run report_ip_status for more details and recommendations on how to fix this issue.
List of locked IPs:
hdmi_axi_gpio_video_0
hdmi_axi_uartlite_0_0
hdmi_mig_7series_0_0
hdmi_rst_mig_7series_0_100M_0
hdmi_rst_mig_7series_0_pxl_0

open_project: Time (s): cpu = 00:00:25 ; elapsed = 00:00:16 . Memory (MB): peak = 998.813 ; gain = 314.531
update_compile_order -fileset sources_1
INFO: [Vivado 12-4158] Exported Hardware file is out of date. Exported hardware information may be inconsistent with respect to the current state of the design. It is recommended that you re-export the design and launch SDK otherwise SDK is launched with out of date hardware system file.
launch_sdk -workspace C:/Users/armin/Documents/Armins_Work/4thYear/ECE532/project/feb15/NexysVideo-master-james/NexysVideo-master/Projects/hdmi/proj/hdmi.sdk -hwspec C:/Users/armin/Documents/Armins_Work/4thYear/ECE532/project/feb15/NexysVideo-master-james/NexysVideo-master/Projects/hdmi/proj/hdmi.sdk/hdmi_wrapper.hdf
INFO: [Vivado 12-393] Launching SDK...
INFO: [Vivado 12-417] Running xsdk -workspace C:/Users/armin/Documents/Armins_Work/4thYear/ECE532/project/feb15/NexysVideo-master-james/NexysVideo-master/Projects/hdmi/proj/hdmi.sdk -hwspec C:/Users/armin/Documents/Armins_Work/4thYear/ECE532/project/feb15/NexysVideo-master-james/NexysVideo-master/Projects/hdmi/proj/hdmi.sdk/hdmi_wrapper.hdf
INFO: [Vivado 12-3157] SDK launch initiated. Please check console for any further messages.
INFO: [Vivado 12-4158] Exported Hardware file is out of date. Exported hardware information may be inconsistent with respect to the current state of the design. It is recommended that you re-export the design and launch SDK otherwise SDK is launched with out of date hardware system file.
launch_sdk -workspace C:/Users/armin/Documents/Armins_Work/4thYear/ECE532/project/feb15/NexysVideo-master-james/NexysVideo-master/Projects/hdmi/proj/hdmi.sdk -hwspec C:/Users/armin/Documents/Armins_Work/4thYear/ECE532/project/feb15/NexysVideo-master-james/NexysVideo-master/Projects/hdmi/proj/hdmi.sdk/hdmi_wrapper.hdf
INFO: [Vivado 12-393] Launching SDK...
INFO: [Vivado 12-417] Running xsdk -workspace C:/Users/armin/Documents/Armins_Work/4thYear/ECE532/project/feb15/NexysVideo-master-james/NexysVideo-master/Projects/hdmi/proj/hdmi.sdk -hwspec C:/Users/armin/Documents/Armins_Work/4thYear/ECE532/project/feb15/NexysVideo-master-james/NexysVideo-master/Projects/hdmi/proj/hdmi.sdk/hdmi_wrapper.hdf
INFO: [Vivado 12-3157] SDK launch initiated. Please check console for any further messages.
open_bd_design {C:/Users/armin/Documents/Armins_Work/4thYear/ECE532/project/feb15/NexysVideo-master-james/NexysVideo-master/Projects/hdmi/proj/hdmi.srcs/sources_1/bd/hdmi/hdmi.bd}
Adding cell -- digilentinc.com:ip:axi_dynclk:1.0 - axi_dynclk_0
Adding cell -- digilentinc.com:ip:dvi2rgb:1.5 - dvi2rgb_0
Adding cell -- xilinx.com:ip:xlconcat:2.1 - microblaze_0_xlconcat
Adding cell -- digilentinc.com:ip:rgb2dvi:1.2 - rgb2dvi_0
Adding cell -- xilinx.com:ip:xlconstant:1.1 - xlconstant_0
Adding cell -- xilinx.com:ip:axi_gpio:2.0 - axi_gpio_video
Adding cell -- xilinx.com:ip:axi_timer:2.0 - axi_timer_0
Adding cell -- xilinx.com:ip:axi_uartlite:2.0 - axi_uartlite_0
Adding cell -- xilinx.com:ip:axi_vdma:6.2 - axi_vdma_0
Adding cell -- xilinx.com:ip:mdm:3.2 - mdm_1
Adding cell -- xilinx.com:ip:microblaze:9.6 - microblaze_0
Adding cell -- xilinx.com:ip:axi_intc:4.1 - microblaze_0_axi_intc
Adding cell -- xilinx.com:ip:mig_7series:4.0 - mig_7series_0
Adding cell -- xilinx.com:ip:proc_sys_reset:5.0 - rst_mig_7series_0_100M
Adding cell -- xilinx.com:ip:proc_sys_reset:5.0 - rst_mig_7series_0_pxl
Adding cell -- xilinx.com:ip:v_axi4s_vid_out:4.0 - v_axi4s_vid_out_0
Adding cell -- xilinx.com:ip:v_tc:6.1 - v_tc_0
Adding cell -- xilinx.com:ip:v_tc:6.1 - v_tc_1
Adding cell -- xilinx.com:ip:v_vid_in_axi4s:4.0 - v_vid_in_axi4s_0
Adding cell -- xilinx.com:ip:axi_crossbar:2.1 - xbar
Adding cell -- xilinx.com:ip:axi_crossbar:2.1 - xbar
Adding cell -- xilinx.com:ip:axi_register_slice:2.1 - m00_regslice
Adding cell -- xilinx.com:ip:axi_dwidth_converter:2.1 - auto_ds
Adding cell -- xilinx.com:ip:axi_register_slice:2.1 - auto_rs_w
Adding cell -- xilinx.com:ip:axi_register_slice:2.1 - s03_regslice
Adding cell -- xilinx.com:ip:axi_register_slice:2.1 - s02_regslice
Adding cell -- xilinx.com:ip:axi_register_slice:2.1 - s01_regslice
Adding cell -- xilinx.com:ip:axi_dwidth_converter:2.1 - auto_us
Adding cell -- xilinx.com:ip:axi_register_slice:2.1 - auto_rs_w
Adding cell -- xilinx.com:ip:axi_register_slice:2.1 - s00_regslice
Adding cell -- xilinx.com:ip:axi_dwidth_converter:2.1 - auto_us
Adding cell -- xilinx.com:ip:axi_register_slice:2.1 - auto_rs_w
Adding cell -- xilinx.com:ip:lmb_bram_if_cntlr:4.0 - dlmb_bram_if_cntlr
Adding cell -- xilinx.com:ip:lmb_v10:3.0 - dlmb_v10
Adding cell -- xilinx.com:ip:lmb_bram_if_cntlr:4.0 - ilmb_bram_if_cntlr
Adding cell -- xilinx.com:ip:lmb_v10:3.0 - ilmb_v10
Adding cell -- xilinx.com:ip:blk_mem_gen:8.3 - lmb_bram
Successfully read diagram <hdmi> from BD file <C:/Users/armin/Documents/Armins_Work/4thYear/ECE532/project/feb15/NexysVideo-master-james/NexysVideo-master/Projects/hdmi/proj/hdmi.srcs/sources_1/bd/hdmi/hdmi.bd>
open_bd_design: Time (s): cpu = 00:00:06 ; elapsed = 00:00:05 . Memory (MB): peak = 1063.902 ; gain = 49.680
exit
INFO: [Common 17-206] Exiting Vivado at Thu Feb 16 16:58:45 2017...
