#-----------------------------------------------------------
# Vivado v2016.2 (64-bit)
# SW Build 1577090 on Thu Jun  2 16:32:40 MDT 2016
# IP Build 1577682 on Fri Jun  3 12:00:54 MDT 2016
# Start of session at: Wed Feb 15 01:13:23 2017
# Process ID: 14580
# Current directory: C:/Users/jaziz/Desktop/NexysVideo-master/NexysVideo-master/Projects/hdmi/proj
# Command line: vivado.exe -gui_launcher_event rodinguilauncherevent12948 C:\Users\jaziz\Desktop\NexysVideo-master\NexysVideo-master\Projects\hdmi\proj\hdmi.xpr
# Log file: C:/Users/jaziz/Desktop/NexysVideo-master/NexysVideo-master/Projects/hdmi/proj/vivado.log
# Journal file: C:/Users/jaziz/Desktop/NexysVideo-master/NexysVideo-master/Projects/hdmi/proj\vivado.jou
#-----------------------------------------------------------
start_gui
open_project C:/Users/jaziz/Desktop/NexysVideo-master/NexysVideo-master/Projects/hdmi/proj/hdmi.xpr
Scanning sources...
Finished scanning sources
INFO: [IP_Flow 19-234] Refreshing IP repositories
INFO: [IP_Flow 19-1700] Loaded user IP repository 'c:/Users/jaziz/Desktop/NexysVideo-master/NexysVideo-master/Projects/hdmi/repo'.
INFO: [IP_Flow 19-2313] Loaded Vivado IP repository 'C:/Xilinx/Vivado/2016.2/data/ip'.
WARNING: [BD 41-1661] One or more IPs have been locked in the design 'hdmi.bd'. Please run report_ip_status for more details and recommendations on how to fix this issue.
List of locked IPs:
hdmi_axi_gpio_video_0
hdmi_axi_uartlite_0_0
hdmi_mig_7series_0_0
hdmi_rst_mig_7series_0_100M_0
hdmi_rst_mig_7series_0_pxl_0

open_project: Time (s): cpu = 00:00:32 ; elapsed = 00:00:23 . Memory (MB): peak = 1020.543 ; gain = 326.555
update_compile_order -fileset sources_1
INFO: [Vivado 12-4158] Exported Hardware file is out of date. Exported hardware information may be inconsistent with respect to the current state of the design. It is recommended that you re-export the design and launch SDK otherwise SDK is launched with out of date hardware system file.
launch_sdk -workspace C:/Users/jaziz/Desktop/NexysVideo-master/NexysVideo-master/Projects/hdmi/proj/hdmi.sdk -hwspec C:/Users/jaziz/Desktop/NexysVideo-master/NexysVideo-master/Projects/hdmi/proj/hdmi.sdk/hdmi_wrapper.hdf
INFO: [Vivado 12-393] Launching SDK...
INFO: [Vivado 12-417] Running xsdk -workspace C:/Users/jaziz/Desktop/NexysVideo-master/NexysVideo-master/Projects/hdmi/proj/hdmi.sdk -hwspec C:/Users/jaziz/Desktop/NexysVideo-master/NexysVideo-master/Projects/hdmi/proj/hdmi.sdk/hdmi_wrapper.hdf
INFO: [Vivado 12-3157] SDK launch initiated. Please check console for any further messages.
exit
INFO: [Common 17-206] Exiting Vivado at Wed Feb 15 01:16:17 2017...
