17:50:00 INFO  : Launching XSDB server: xsdb.bat C:/Xilinx/SDK/2015.3/scripts/xsdb/xsdb/xsdb-server.tcl
17:50:04 INFO  : XSDB server has started successfully.
17:50:04 INFO  : Processing command line option -hwspec C:/Users/Mohammad/Desktop/ECE532/NexysVideo-master/Projects/hdmi/proj/hdmi.sdk/hdmi_wrapper.hdf.
17:51:00 INFO  : BSP Project P/videodemo_bsp has been successfully migrated.
17:57:27 INFO  : Launching XSDB server: xsdb.bat C:/Xilinx/SDK/2015.3/scripts/xsdb/xsdb/xsdb-server.tcl
17:57:28 INFO  : XSDB server has started successfully.
17:57:31 INFO  : Processing command line option -hwspec C:/Users/Mohammad/Desktop/ECE532/NexysVideo-master/Projects/hdmi/proj/hdmi.sdk/hdmi_wrapper.hdf.
17:57:32 INFO  : Checking for hwspec changes in the project hdmi_wrapper_hw_platform_0.
17:58:44 INFO  : Launching XSDB server: xsdb.bat C:/Xilinx/SDK/2015.3/scripts/xsdb/xsdb/xsdb-server.tcl
17:58:46 INFO  : XSDB server has started successfully.
17:58:50 INFO  : Processing command line option -hwspec C:/Users/Mohammad/Desktop/ECE532/NexysVideo-master/Projects/hdmi/proj/hdmi.sdk/hdmi_wrapper.hdf.
17:58:51 INFO  : Checking for hwspec changes in the project hdmi_wrapper_hw_platform_0.
17:59:56 INFO  : Connected to target on host '127.0.0.1' and port '3121'.
17:59:56 INFO  : 'targets -set -filter {jtag_cable_name =~ "Digilent Nexys Video 210276689304B" && level==0} -index 0' command is executed.
18:00:02 INFO  : FPGA configured successfully with bitstream "C:/Users/Mohammad/Desktop/ECE532/NexysVideo-master/Projects/hdmi/proj/hdmi.sdk/hdmi_wrapper_hw_platform_0/download.bit"
18:00:28 INFO  : Processor reset is completed for microblaze_0
18:03:58 INFO  : microblaze_0 Processor is in use. Please stop existing Run or Debug sessions before launching.
18:04:00 INFO  : Processor reset is completed for microblaze_0
18:04:00 ERROR : Unexpected error while opening JTAG UART: 
java.lang.RuntimeException: Error while opening JTAG UART server: MDM Uart NOT Present in the System

	at com.xilinx.sdk.targetmanager.internal.TM.startJTAGUARTServer(TM.java:951)
	at com.xilinx.sdk.debug.core.internal.comm.JTAGUARTStreamsProxy.<init>(JTAGUARTStreamsProxy.java:32)
	at com.xilinx.sdk.debug.core.internal.RemoteProcess.createStreamsProxy(RemoteProcess.java:164)
	at com.xilinx.sdk.debug.core.internal.RemoteProcess.<init>(RemoteProcess.java:65)
	at com.xilinx.sdk.debug.core.internal.AppRunner.run(AppRunner.java:91)
	at com.xilinx.sdk.debug.core.XilinxAppLaunchConfigurationDelegate.runApplication(XilinxAppLaunchConfigurationDelegate.java:609)
	at com.xilinx.sdk.debug.core.XilinxAppLaunchConfigurationDelegate.launch(XilinxAppLaunchConfigurationDelegate.java:296)
	at com.xilinx.sdk.debug.ui.XilinxAppLaunchDelegateWrapper.launch(XilinxAppLaunchDelegateWrapper.java:31)
	at org.eclipse.debug.internal.core.LaunchConfiguration.launch(LaunchConfiguration.java:858)
	at org.eclipse.debug.internal.core.LaunchConfiguration.launch(LaunchConfiguration.java:707)
	at org.eclipse.debug.internal.ui.DebugUIPlugin.buildAndLaunch(DebugUIPlugin.java:1018)
	at org.eclipse.debug.internal.ui.DebugUIPlugin$8.run(DebugUIPlugin.java:1222)
	at org.eclipse.core.internal.jobs.Worker.run(Worker.java:53)
18:09:29 ERROR : Unexpected error while parsing XMD response ?: com.google.gson.JsonSyntaxException: com.google.gson.stream.MalformedJsonException: invalid number or unquoted string near 
18:11:03 INFO  : Launching XSDB server: xsdb.bat C:/Xilinx/SDK/2015.3/scripts/xsdb/xsdb/xsdb-server.tcl
18:11:04 INFO  : XSDB server has started successfully.
18:11:07 INFO  : Processing command line option -hwspec C:/Users/Mohammad/Desktop/ECE532/NexysVideo-master/Projects/hdmi/proj/hdmi.sdk/hdmi_wrapper.hdf.
18:11:08 INFO  : Checking for hwspec changes in the project hdmi_wrapper_hw_platform_0.
18:12:33 INFO  : Connected to target on host '127.0.0.1' and port '3121'.
18:12:34 INFO  : 'targets -set -filter {jtag_cable_name =~ "Digilent Nexys Video 210276689304B" && level==0} -index 0' command is executed.
18:12:40 INFO  : FPGA configured successfully with bitstream "C:/Users/Mohammad/Desktop/ECE532/NexysVideo-master/Projects/hdmi/proj/hdmi.sdk/hdmi_wrapper_hw_platform_0/download.bit"
18:14:22 INFO  : Processor reset is completed for microblaze_0
18:14:38 INFO  : microblaze_0 Processor is in use. Please stop existing Run or Debug sessions before launching.
18:14:48 INFO  : Processor reset is completed for microblaze_0
18:14:48 ERROR : Unexpected error while opening JTAG UART: 
java.lang.RuntimeException: Error while opening JTAG UART server: MDM Uart NOT Present in the System

	at com.xilinx.sdk.targetmanager.internal.TM.startJTAGUARTServer(TM.java:951)
	at com.xilinx.sdk.debug.core.internal.comm.JTAGUARTStreamsProxy.<init>(JTAGUARTStreamsProxy.java:32)
	at com.xilinx.sdk.debug.core.internal.RemoteProcess.createStreamsProxy(RemoteProcess.java:164)
	at com.xilinx.sdk.debug.core.internal.RemoteProcess.<init>(RemoteProcess.java:65)
	at com.xilinx.sdk.debug.core.internal.AppRunner.run(AppRunner.java:91)
	at com.xilinx.sdk.debug.core.XilinxAppLaunchConfigurationDelegate.runApplication(XilinxAppLaunchConfigurationDelegate.java:609)
	at com.xilinx.sdk.debug.core.XilinxAppLaunchConfigurationDelegate.launch(XilinxAppLaunchConfigurationDelegate.java:296)
	at com.xilinx.sdk.debug.ui.XilinxAppLaunchDelegateWrapper.launch(XilinxAppLaunchDelegateWrapper.java:31)
	at org.eclipse.debug.internal.core.LaunchConfiguration.launch(LaunchConfiguration.java:858)
	at org.eclipse.debug.internal.core.LaunchConfiguration.launch(LaunchConfiguration.java:707)
	at org.eclipse.debug.internal.ui.DebugUIPlugin.buildAndLaunch(DebugUIPlugin.java:1018)
	at org.eclipse.debug.internal.ui.DebugUIPlugin$8.run(DebugUIPlugin.java:1222)
	at org.eclipse.core.internal.jobs.Worker.run(Worker.java:53)
18:17:05 INFO  : Connected to target on host '127.0.0.1' and port '3121'.
18:17:05 INFO  : 'targets -set -filter {jtag_cable_name =~ "Digilent Nexys Video 210276689304B" && level==0} -index 0' command is executed.
18:17:11 INFO  : FPGA configured successfully with bitstream "C:/Users/Mohammad/Desktop/ECE532/NexysVideo-master/Projects/hdmi/proj/hdmi.sdk/hdmi_wrapper_hw_platform_0/download.bit"
18:17:32 INFO  : Processor reset is completed for microblaze_0
18:17:54 INFO  : microblaze_0 Processor is in use. Please stop existing Run or Debug sessions before launching.
18:17:56 INFO  : Processor reset is completed for microblaze_0
18:17:56 ERROR : Unexpected error while opening JTAG UART: 
java.lang.RuntimeException: Error while opening JTAG UART server: MDM Uart NOT Present in the System

	at com.xilinx.sdk.targetmanager.internal.TM.startJTAGUARTServer(TM.java:951)
	at com.xilinx.sdk.debug.core.internal.comm.JTAGUARTStreamsProxy.<init>(JTAGUARTStreamsProxy.java:32)
	at com.xilinx.sdk.debug.core.internal.RemoteProcess.createStreamsProxy(RemoteProcess.java:164)
	at com.xilinx.sdk.debug.core.internal.RemoteProcess.<init>(RemoteProcess.java:65)
	at com.xilinx.sdk.debug.core.internal.AppRunner.run(AppRunner.java:91)
	at com.xilinx.sdk.debug.core.XilinxAppLaunchConfigurationDelegate.runApplication(XilinxAppLaunchConfigurationDelegate.java:609)
	at com.xilinx.sdk.debug.core.XilinxAppLaunchConfigurationDelegate.launch(XilinxAppLaunchConfigurationDelegate.java:296)
	at com.xilinx.sdk.debug.ui.XilinxAppLaunchDelegateWrapper.launch(XilinxAppLaunchDelegateWrapper.java:31)
	at org.eclipse.debug.internal.core.LaunchConfiguration.launch(LaunchConfiguration.java:858)
	at org.eclipse.debug.internal.core.LaunchConfiguration.launch(LaunchConfiguration.java:707)
	at org.eclipse.debug.internal.ui.DebugUIPlugin.buildAndLaunch(DebugUIPlugin.java:1018)
	at org.eclipse.debug.internal.ui.DebugUIPlugin$8.run(DebugUIPlugin.java:1222)
	at org.eclipse.core.internal.jobs.Worker.run(Worker.java:53)
18:18:14 INFO  : microblaze_0 Processor is in use. Please stop existing Run or Debug sessions before launching.
18:18:17 INFO  : Processor reset is completed for microblaze_0
18:18:17 ERROR : Unexpected error while opening JTAG UART: 
java.lang.RuntimeException: Error while opening JTAG UART server: MDM Uart NOT Present in the System

	at com.xilinx.sdk.targetmanager.internal.TM.startJTAGUARTServer(TM.java:951)
	at com.xilinx.sdk.debug.core.internal.comm.JTAGUARTStreamsProxy.<init>(JTAGUARTStreamsProxy.java:32)
	at com.xilinx.sdk.debug.core.internal.RemoteProcess.createStreamsProxy(RemoteProcess.java:164)
	at com.xilinx.sdk.debug.core.internal.RemoteProcess.<init>(RemoteProcess.java:65)
	at com.xilinx.sdk.debug.core.internal.AppRunner.run(AppRunner.java:91)
	at com.xilinx.sdk.debug.core.XilinxAppLaunchConfigurationDelegate.runApplication(XilinxAppLaunchConfigurationDelegate.java:609)
	at com.xilinx.sdk.debug.core.XilinxAppLaunchConfigurationDelegate.launch(XilinxAppLaunchConfigurationDelegate.java:296)
	at com.xilinx.sdk.debug.ui.XilinxAppLaunchDelegateWrapper.launch(XilinxAppLaunchDelegateWrapper.java:31)
	at org.eclipse.debug.internal.core.LaunchConfiguration.launch(LaunchConfiguration.java:858)
	at org.eclipse.debug.internal.core.LaunchConfiguration.launch(LaunchConfiguration.java:707)
	at org.eclipse.debug.internal.ui.DebugUIPlugin.buildAndLaunch(DebugUIPlugin.java:1018)
	at org.eclipse.debug.internal.ui.DebugUIPlugin$8.run(DebugUIPlugin.java:1222)
	at org.eclipse.core.internal.jobs.Worker.run(Worker.java:53)
18:19:18 ERROR : Unexpected error while parsing XMD response ?: com.google.gson.JsonSyntaxException: com.google.gson.stream.MalformedJsonException: invalid number or unquoted string near 
18:25:43 INFO  : Launching XSDB server: xsdb.bat -interactive W:\523_fuck_xilinx\NexysVideo-master\Projects\hdmi\proj\hdmi.sdk\temp_xsdb_launch_script.tcl
18:25:44 INFO  : XSDB server has started successfully.
18:25:46 INFO  : Processing command line option -hwspec W:/523_fuck_xilinx/NexysVideo-master/Projects/hdmi/proj/hdmi.sdk/hdmi_wrapper.hdf.
18:26:20 INFO  : Connected to target on host '127.0.0.1' and port '3121'.
18:26:20 INFO  : 'targets -set -filter {jtag_cable_name =~ "Digilent Nexys Video 210276689304B" && level==0} -index 0' command is executed.
18:26:26 INFO  : FPGA configured successfully with bitstream "W:/523_fuck_xilinx/NexysVideo-master/Projects/hdmi/proj/hdmi.sdk/hdmi_wrapper_hw_platform_0/download.bit"
18:27:23 INFO  : Launching XSDB server: xsdb.bat -interactive W:\523_fuck_xilinx\NexysVideo-master\Projects\hdmi\proj\hdmi.sdk\temp_xsdb_launch_script.tcl
18:27:24 INFO  : XSDB server has started successfully.
18:27:26 INFO  : Processing command line option -hwspec W:/523_fuck_xilinx/NexysVideo-master/Projects/hdmi/proj/hdmi.sdk/hdmi_wrapper.hdf.
18:27:26 INFO  : Checking for hwspec changes in the project hdmi_wrapper_hw_platform_1.
18:29:43 INFO  : Connected to target on host '127.0.0.1' and port '3121'.
18:29:47 INFO  : 'targets -set -filter {jtag_cable_name =~ "Digilent Nexys Video 210276689304B" && level==0} -index 0' command is executed.
18:29:53 INFO  : FPGA configured successfully with bitstream "W:/523_fuck_xilinx/NexysVideo-master/Projects/hdmi/sdk/hdmi_wrapper_hw_platform_0/download.bit"
18:30:13 INFO  : Processor reset is completed for microblaze_0
18:33:48 INFO  : microblaze_0 Processor is in use. Please stop existing Run or Debug sessions before launching.
18:33:49 INFO  : Processor reset is completed for microblaze_0
18:34:01 INFO  : microblaze_0 Processor is in use. Please stop existing Run or Debug sessions before launching.
18:34:03 INFO  : Processor reset is completed for microblaze_0
18:36:55 INFO  : microblaze_0 Processor is in use. Please stop existing Run or Debug sessions before launching.
18:36:57 INFO  : Processor reset is completed for microblaze_0
18:38:03 INFO  : microblaze_0 Processor is in use. Please stop existing Run or Debug sessions before launching.
18:38:05 INFO  : Processor reset is completed for microblaze_0
18:38:05 ERROR : Port COM1 is already in use.
18:38:14 INFO  : microblaze_0 Processor is in use. Please stop existing Run or Debug sessions before launching.
18:38:16 INFO  : Processor reset is completed for microblaze_0
18:40:27 INFO  : microblaze_0 Processor is in use. Please stop existing Run or Debug sessions before launching.
18:40:28 INFO  : Processor reset is completed for microblaze_0
18:40:28 ERROR : Port COM3 is already in use.
18:40:53 INFO  : microblaze_0 Processor is in use. Please stop existing Run or Debug sessions before launching.
18:40:55 INFO  : Processor reset is completed for microblaze_0
18:40:55 ERROR : Port COM3 is already in use.
18:41:20 INFO  : Processor reset is completed for microblaze_0
18:41:20 ERROR : Port COM3 is already in use.
18:41:51 INFO  : microblaze_0 Processor is in use. Please stop existing Run or Debug sessions before launching.
18:41:52 INFO  : Processor reset is completed for microblaze_0
18:41:52 ERROR : Port COM1 is already in use.
18:42:44 INFO  : microblaze_0 Processor is in use. Please stop existing Run or Debug sessions before launching.
18:42:45 INFO  : Processor reset is completed for microblaze_0
18:42:45 ERROR : Unexpected error while opening JTAG UART: 
java.lang.RuntimeException: Error while opening JTAG UART server: MDM Uart NOT Present in the System

	at com.xilinx.sdk.targetmanager.internal.TM.startJTAGUARTServer(TM.java:951)
	at com.xilinx.sdk.debug.core.internal.comm.JTAGUARTStreamsProxy.<init>(JTAGUARTStreamsProxy.java:32)
	at com.xilinx.sdk.debug.core.internal.RemoteProcess.createStreamsProxy(RemoteProcess.java:164)
	at com.xilinx.sdk.debug.core.internal.RemoteProcess.<init>(RemoteProcess.java:65)
	at com.xilinx.sdk.debug.core.internal.AppRunner.run(AppRunner.java:91)
	at com.xilinx.sdk.debug.core.XilinxAppLaunchConfigurationDelegate.runApplication(XilinxAppLaunchConfigurationDelegate.java:637)
	at com.xilinx.sdk.debug.core.XilinxAppLaunchConfigurationDelegate.launch(XilinxAppLaunchConfigurationDelegate.java:309)
	at com.xilinx.sdk.debug.ui.XilinxAppLaunchDelegateWrapper.launch(XilinxAppLaunchDelegateWrapper.java:31)
	at org.eclipse.debug.internal.core.LaunchConfiguration.launch(LaunchConfiguration.java:885)
	at org.eclipse.debug.internal.core.LaunchConfiguration.launch(LaunchConfiguration.java:739)
	at org.eclipse.debug.internal.ui.DebugUIPlugin.buildAndLaunch(DebugUIPlugin.java:1039)
	at org.eclipse.debug.internal.ui.DebugUIPlugin$8.run(DebugUIPlugin.java:1256)
	at org.eclipse.core.internal.jobs.Worker.run(Worker.java:55)
18:42:56 INFO  : microblaze_0 Processor is in use. Please stop existing Run or Debug sessions before launching.
18:42:57 INFO  : Processor reset is completed for microblaze_0
18:43:42 ERROR : Unexpected error while parsing XMD response ?: com.google.gson.JsonSyntaxException: com.google.gson.stream.MalformedJsonException: invalid number or unquoted string near 
18:43:51 INFO  : Launching XSDB server: xsdb.bat -interactive W:\523_fuck_xilinx\NexysVideo-master\Projects\hdmi\proj\hdmi.sdk\temp_xsdb_launch_script.tcl
18:43:52 INFO  : XSDB server has started successfully.
18:43:52 INFO  : Processing command line option -hwspec W:/523_fuck_xilinx/NexysVideo-master/Projects/hdmi/proj/hdmi.sdk/hdmi_wrapper.hdf.
18:44:25 INFO  : Connected to target on host '127.0.0.1' and port '3121'.
18:44:28 INFO  : 'targets -set -filter {jtag_cable_name =~ "Digilent Nexys Video 210276689304B" && level==0} -index 0' command is executed.
18:44:34 INFO  : FPGA configured successfully with bitstream "W:/523_fuck_xilinx/NexysVideo-master/Projects/hdmi/sdk/hdmi_wrapper_hw_platform_0/download.bit"
18:44:53 INFO  : Processor reset is completed for microblaze_0
18:50:58 INFO  : Processor reset is completed for microblaze_0
18:51:27 INFO  : microblaze_0 Processor is in use. Please stop existing Run or Debug sessions before launching.
18:51:36 INFO  : Processor reset is completed for microblaze_0
18:52:14 INFO  : 'targets -set -filter {jtag_cable_name =~ "Digilent Nexys Video 210276689304B" && level==0} -index 0' command is executed.
18:52:14 INFO  : 'fpga -state' command is executed.
18:52:14 INFO  : Connected to target on host '127.0.0.1' and port '3121'.
18:52:14 INFO  : Jtag cable 'Digilent Nexys Video 210276689304B' is selected.
18:52:14 INFO  : 'jtag frequency' command is executed.
18:52:14 INFO  : Context for processor 'microblaze_0' is selected.
18:52:14 INFO  : Hardware design information is loaded from 'W:/523_fuck_xilinx/NexysVideo-master/Projects/hdmi/sdk/hdmi_wrapper_hw_platform_0/system.hdf'.
18:52:14 INFO  : Context for processor 'microblaze_0' is selected.
18:52:14 INFO  : Processor reset is completed for 'microblaze_0'.
18:52:14 INFO  : Context for processor 'microblaze_0' is selected.
18:52:16 INFO  : The application 'W:/523_fuck_xilinx/NexysVideo-master/Projects/hdmi/sdk/videodemo/Debug/videodemo.elf' is downloaded to processor 'microblaze_0'.
18:52:16 INFO  : ----------------XSDB Script----------------
connect -url tcp:127.0.0.1:3121
targets -set -nocase -filter {name =~ "microblaze*#0" && bscan=="USER2"  && jtag_cable_name =~ "Digilent Nexys Video 210276689304B"} -index 0
loadhw W:/523_fuck_xilinx/NexysVideo-master/Projects/hdmi/sdk/hdmi_wrapper_hw_platform_0/system.hdf
targets -set -nocase -filter {name =~ "microblaze*#0" && bscan=="USER2"  && jtag_cable_name =~ "Digilent Nexys Video 210276689304B"} -index 0
rst -processor
targets -set -nocase -filter {name =~ "microblaze*#0" && bscan=="USER2"  && jtag_cable_name =~ "Digilent Nexys Video 210276689304B"} -index 0
dow W:/523_fuck_xilinx/NexysVideo-master/Projects/hdmi/sdk/videodemo/Debug/videodemo.elf
----------------End of Script----------------

18:52:16 INFO  : Memory regions updated for context MicroBlaze #0
18:52:16 INFO  : Context for processor 'microblaze_0' is selected.
18:52:16 INFO  : 'con' command is executed.
18:52:16 INFO  : ----------------XSDB Script (After Launch)----------------
targets -set -nocase -filter {name =~ "microblaze*#0" && bscan=="USER2"  && jtag_cable_name =~ "Digilent Nexys Video 210276689304B"} -index 0
con
----------------End of Script----------------

18:52:16 INFO  : Launch script is exported to file 'W:\523_fuck_xilinx\NexysVideo-master\Projects\hdmi\proj\hdmi.sdk\.sdk\launch_scripts\xilinx_c-c++_application_(system_debugger)\system_debugger_on_local_videodemo.elf.tcl'
18:53:40 INFO  : Disconnected from the channel tcfchan#1.
18:53:40 INFO  : Processor reset is completed for microblaze_0
18:54:37 INFO  : Processor reset is completed for microblaze_0
18:54:41 ERROR : Port COM3 is already in use.
18:55:16 INFO  : Processor reset is completed for microblaze_0
18:55:16 ERROR : Port COM3 is already in use.
18:59:36 INFO  : microblaze_0 Processor is in use. Please stop existing Run or Debug sessions before launching.
18:59:37 INFO  : Processor reset is completed for microblaze_0
19:02:59 INFO  : Processor reset is completed for microblaze_0
19:03:03 INFO  : microblaze_0 Processor is in use. Please stop existing Run or Debug sessions before launching.
19:03:05 INFO  : Processor reset is completed for microblaze_0
16:26:27 INFO  : Launching XSDB server: xsdb.bat -interactive W:\NexysVideo-master_2015.3\Projects\hdmi\proj\hdmi.sdk\temp_xsdb_launch_script.tcl
16:26:28 INFO  : XSDB server has started successfully.
16:26:29 INFO  : Processing command line option -hwspec W:/NexysVideo-master_2015.3/Projects/hdmi/proj/hdmi.sdk/hdmi_wrapper.hdf.
16:27:10 INFO  : Connected to target on host '127.0.0.1' and port '3121'.
16:27:10 INFO  : 'targets -set -filter {jtag_cable_name =~ "Digilent Nexys Video 210276690173B" && level==0} -index 0' command is executed.
16:27:16 INFO  : FPGA configured successfully with bitstream "W:/NexysVideo-master_2015.3/Projects/hdmi/proj/hdmi.sdk/hdmi_wrapper_hw_platform_1/download.bit"
16:29:55 ERROR : The Hardware Project referenced by this BSP (videodemo_bsp) was not found in this workspace. As a result, this BSP will not build properly. To fix this error, please import the associated hardware project or recreate a new BSP targeting an existing hardware platform.
16:45:15 INFO  : Connected to target on host '127.0.0.1' and port '3121'.
16:45:15 INFO  : 'targets -set -filter {jtag_cable_name =~ "Digilent Nexys Video 210276690173B" && level==0} -index 0' command is executed.
16:45:21 INFO  : FPGA configured successfully with bitstream "W:/NexysVideo-master_2015.3/Projects/hdmi/proj/hdmi.sdk/hdmi_wrapper_hw_platform_2/download.bit"
16:46:53 ERROR : Unexpected error while launching program.
java.lang.IllegalArgumentException: Path for project must have only one segment.
	at org.eclipse.core.runtime.Assert.isLegal(Assert.java:63)
	at org.eclipse.core.internal.resources.WorkspaceRoot.getProject(WorkspaceRoot.java:147)
	at org.eclipse.cdt.debug.core.CDebugUtils.verifyCProject(CDebugUtils.java:618)
	at org.eclipse.cdt.debug.core.CDebugUtils.verifyProgramPath(CDebugUtils.java:655)
	at org.eclipse.cdt.debug.core.CDebugUtils.verifyProgramPath(CDebugUtils.java:707)
	at com.xilinx.sdk.debug.core.XilinxAppLaunchConfigurationDelegate.runApplication(XilinxAppLaunchConfigurationDelegate.java:578)
	at com.xilinx.sdk.debug.core.XilinxAppLaunchConfigurationDelegate.launch(XilinxAppLaunchConfigurationDelegate.java:309)
	at com.xilinx.sdk.debug.ui.XilinxAppLaunchDelegateWrapper.launch(XilinxAppLaunchDelegateWrapper.java:31)
	at org.eclipse.debug.internal.core.LaunchConfiguration.launch(LaunchConfiguration.java:885)
	at org.eclipse.debug.internal.core.LaunchConfiguration.launch(LaunchConfiguration.java:739)
	at org.eclipse.debug.internal.ui.DebugUIPlugin.buildAndLaunch(DebugUIPlugin.java:1039)
	at org.eclipse.debug.internal.ui.DebugUIPlugin$8.run(DebugUIPlugin.java:1256)
	at org.eclipse.core.internal.jobs.Worker.run(Worker.java:55)
16:50:21 ERROR : Unexpected error while launching program.
java.lang.IllegalArgumentException: Path for project must have only one segment.
	at org.eclipse.core.runtime.Assert.isLegal(Assert.java:63)
	at org.eclipse.core.internal.resources.WorkspaceRoot.getProject(WorkspaceRoot.java:147)
	at org.eclipse.cdt.debug.core.CDebugUtils.verifyCProject(CDebugUtils.java:618)
	at org.eclipse.cdt.debug.core.CDebugUtils.verifyProgramPath(CDebugUtils.java:655)
	at org.eclipse.cdt.debug.core.CDebugUtils.verifyProgramPath(CDebugUtils.java:707)
	at com.xilinx.sdk.debug.core.XilinxAppLaunchConfigurationDelegate.runApplication(XilinxAppLaunchConfigurationDelegate.java:578)
	at com.xilinx.sdk.debug.core.XilinxAppLaunchConfigurationDelegate.launch(XilinxAppLaunchConfigurationDelegate.java:309)
	at com.xilinx.sdk.debug.ui.XilinxAppLaunchDelegateWrapper.launch(XilinxAppLaunchDelegateWrapper.java:31)
	at org.eclipse.debug.internal.core.LaunchConfiguration.launch(LaunchConfiguration.java:885)
	at org.eclipse.debug.internal.core.LaunchConfiguration.launch(LaunchConfiguration.java:739)
	at org.eclipse.debug.internal.ui.DebugUIPlugin.buildAndLaunch(DebugUIPlugin.java:1039)
	at org.eclipse.debug.internal.ui.DebugUIPlugin$8.run(DebugUIPlugin.java:1256)
	at org.eclipse.core.internal.jobs.Worker.run(Worker.java:55)
16:52:42 INFO  : Processor reset is completed for microblaze_0
17:00:15 INFO  : microblaze_0 Processor is in use. Please stop existing Run or Debug sessions before launching.
17:00:16 INFO  : Processor reset is completed for microblaze_0
17:03:22 INFO  : microblaze_0 Processor is in use. Please stop existing Run or Debug sessions before launching.
17:03:23 INFO  : Processor reset is completed for microblaze_0
17:04:21 INFO  : microblaze_0 Processor is in use. Please stop existing Run or Debug sessions before launching.
17:04:22 INFO  : Processor reset is completed for microblaze_0
19:07:50 ERROR : Unexpected error while parsing XMD response ?: com.google.gson.JsonSyntaxException: com.google.gson.stream.MalformedJsonException: invalid number or unquoted string near 
