#
# A fatal error has been detected by the Java Runtime Environment:
#
#  EXCEPTION_UNCAUGHT_CXX_EXCEPTION (0xe06d7363) at pc=0x000007fefd5da06d, pid=5352, tid=4212
#
# JRE version: Java(TM) SE Runtime Environment (8.0_66-b18) (build 1.8.0_66-b18)
# Java VM: Java HotSpot(TM) 64-Bit Server VM (25.66-b18 mixed mode windows-amd64 compressed oops)
# Problematic frame:
# C  [KERNELBASE.dll+0x1a06d]
#
# Failed to write core dump. Minidumps are not enabled by default on client versions of Windows
#
# If you would like to submit a bug report, please visit:
#   http://bugreport.java.com/bugreport/crash.jsp
#

---------------  T H R E A D  ---------------

Current thread (0x0000000013c77000):  VMThread [stack: 0x0000000015d40000,0x0000000015e40000] [id=4212]

siginfo: ExceptionCode=0xe06d7363, ExceptionInformation=0x0000000019930520 0x0000000015e3f6c8 0x000007feec552cb8 0x000007feec4a0000 

Registers:
RAX=0x000000006642ce2a, RBX=0x000007feec552cb8, RCX=0x0000000015e3ef10, RDX=0x00000000000000d0
RSP=0x0000000015e3f520, RBP=0x0000000015e3f650, RSI=0x00000000ffffffff, RDI=0x00000000174b07f0
R8 =0x0000000000000000, R9 =0x0000000000000000, R10=0x000007feec4a0000, R11=0x0000000015e3f560
R12=0x0000000000000001, R13=0x0000000000000008, R14=0x0000000000000000, R15=0xffffffffffffffff
RIP=0x000007fefd5da06d, EFLAGS=0x0000000000000202

Top of Stack: (sp=0x0000000015e3f520)
0x0000000015e3f520:   000007feec552cb8 00000000ffffffff
0x0000000015e3f530:   00000000174b07f0 00000000003784f0
0x0000000015e3f540:   00000001e06d7363 0000000000000000
0x0000000015e3f550:   000007fefd5da06d 000007fe00000004
0x0000000015e3f560:   0000000019930520 0000000015e3f6c8
0x0000000015e3f570:   000007feec552cb8 000007feec4a0000
0x0000000015e3f580:   0000000000000000 0000000015e3f608
0x0000000015e3f590:   0000000000000028 00000000174b07e0
0x0000000015e3f5a0:   000000001746a1f0 0000000000000000
0x0000000015e3f5b0:   000007fffffa8000 000000007777f2d3
0x0000000015e3f5c0:   0000000000000000 0000000000000008
0x0000000015e3f5d0:   0000000000000001 00000000174b07f0
0x0000000015e3f5e0:   00000000ffffffff 000007feec4fe92c
0x0000000015e3f5f0:   000007feec552cb8 0000000015e3f660
0x0000000015e3f600:   0000000000000001 000007feec4a00f8
0x0000000015e3f610:   00000001e06d7363 0000000000000000 

Instructions: (pc=0x000007fefd5da06d)
0x000007fefd5da04d:   54 24 24 48 89 4c 24 28 4d 85 c9 0f 85 6a 03 00
0x000007fefd5da05d:   00 89 4c 24 38 48 8d 4c 24 20 ff 15 33 02 03 00
0x000007fefd5da06d:   48 81 c4 c8 00 00 00 c3 90 90 90 90 90 90 90 90
0x000007fefd5da07d:   90 90 90 48 83 ec 28 65 48 8b 04 25 30 00 00 00 


Register to memory mapping:

RAX=0x000000006642ce2a is an unknown value
RBX=0x000007feec552cb8 is an unknown value
RCX=0x0000000015e3ef10 is an unknown value
RDX=0x00000000000000d0 is an unknown value
RSP=0x0000000015e3f520 is an unknown value
RBP=0x0000000015e3f650 is an unknown value
RSI=0x00000000ffffffff is an unallocated location in the heap
RDI=0x00000000174b07f0 is an unknown value
R8 =0x0000000000000000 is an unknown value
R9 =0x0000000000000000 is an unknown value
R10=0x000007feec4a0000 is an unknown value
R11=0x0000000015e3f560 is an unknown value
R12=0x0000000000000001 is an unknown value
R13=0x0000000000000008 is an unknown value
R14=0x0000000000000000 is an unknown value
R15=0xffffffffffffffff is an unknown value


Stack: [0x0000000015d40000,0x0000000015e40000],  sp=0x0000000015e3f520,  free space=1021k
Native frames: (J=compiled Java code, j=interpreted, Vv=VM code, C=native code)
C  [KERNELBASE.dll+0x1a06d]
C  [MSVCR110.dll+0x5e92c]
C  [MSVCR110.dll+0x1315c]
C  [MSVCR110.dll+0x136a9]
C  [MSVCR110.dll+0x13e9c]
C  [MSVCR110.dll+0x239e]
C  [MSVCR110.dll+0xaf9e]
C  [MSVCP110.dll+0x397b9]
C  [librdi_common.dll+0x182316]
C  [librdi_common.dll+0x180fab]
C  [librdi_target_manager.dll+0x2400]
C  [librdi_target_manager.dll+0x2682]
C  [ntdll.dll+0x229b1]
C  [ntdll.dll+0x227c0]
C  [MSVCR100.dll+0x20ccd]
V  [jvm.dll+0x210cc5]
V  [jvm.dll+0x249897]
V  [jvm.dll+0x248b36]
V  [jvm.dll+0x248fd1]
V  [jvm.dll+0x2491ee]
V  [jvm.dll+0x29a0fa]
C  [MSVCR100.dll+0x21d9f]
C  [MSVCR100.dll+0x21e3b]
C  [kernel32.dll+0x159bd]
C  [ntdll.dll+0x2a2e1]

VM_Operation (0x000000000012f4c0): Exit, mode: safepoint, requested by thread 0x00000000021d8000


---------------  P R O C E S S  ---------------

Java Threads: ( => current thread )
  0x000000002280c800 JavaThread "Thread-34" daemon [_thread_blocked, id=3936, stack(0x0000000028eb0000,0x0000000028fb0000)]
  0x000000001c5a9800 JavaThread "TCF Channel Transmitter" daemon [_thread_blocked, id=5940, stack(0x0000000025df0000,0x0000000025ef0000)]
  0x000000001c5a8000 JavaThread "TCF Channel Receiver" daemon [_thread_in_native, id=1996, stack(0x0000000025be0000,0x0000000025ce0000)]
  0x000000001c5a7000 JavaThread "Process monitor" daemon [_thread_in_native, id=3840, stack(0x0000000027330000,0x0000000027430000)]
  0x000000001c315800 JavaThread "Input Stream Monitor" daemon [_thread_blocked, id=3516, stack(0x0000000027230000,0x0000000027330000)]
  0x000000001c314800 JavaThread "Output Stream Monitor" daemon [_thread_in_native, id=3056, stack(0x0000000026f30000,0x0000000027030000)]
  0x000000001c314000 JavaThread "Output Stream Monitor" daemon [_thread_in_native, id=5516, stack(0x0000000025cf0000,0x0000000025df0000)]
  0x000000001886b000 JavaThread "TCF Locator DNS Lookup" daemon [_thread_blocked, id=4404, stack(0x0000000024e50000,0x0000000024f50000)]
  0x000000001886a000 JavaThread "TCF Locator Timer" daemon [_thread_blocked, id=3956, stack(0x0000000024d50000,0x0000000024e50000)]
  0x0000000018869800 JavaThread "TCF Locator Receiver" daemon [_thread_in_native, id=6056, stack(0x0000000024c50000,0x0000000024d50000)]
  0x0000000018862800 JavaThread "TCF Timer Dispatcher" daemon [_thread_blocked, id=5060, stack(0x00000000236b0000,0x00000000237b0000)]
  0x0000000018860800 JavaThread "EMF Reference Cleaner" daemon [_thread_blocked, id=4100, stack(0x000000001a550000,0x000000001a650000)]
  0x0000000014ee3000 JavaThread "Service Thread" daemon [_thread_blocked, id=5416, stack(0x0000000016700000,0x0000000016800000)]
  0x0000000014e58000 JavaThread "C1 CompilerThread3" daemon [_thread_blocked, id=2688, stack(0x0000000016600000,0x0000000016700000)]
  0x0000000014e57000 JavaThread "C2 CompilerThread2" daemon [_thread_blocked, id=5836, stack(0x0000000016500000,0x0000000016600000)]
  0x0000000014e50000 JavaThread "C2 CompilerThread1" daemon [_thread_blocked, id=5068, stack(0x0000000016400000,0x0000000016500000)]
  0x0000000014e4b000 JavaThread "C2 CompilerThread0" daemon [_thread_blocked, id=4972, stack(0x0000000016300000,0x0000000016400000)]
  0x0000000014e47800 JavaThread "Attach Listener" daemon [_thread_blocked, id=5124, stack(0x0000000016200000,0x0000000016300000)]
  0x0000000014e46800 JavaThread "Signal Dispatcher" daemon [_thread_blocked, id=3976, stack(0x0000000016100000,0x0000000016200000)]
  0x0000000013c82800 JavaThread "Finalizer" daemon [_thread_blocked, id=1872, stack(0x0000000015f40000,0x0000000016040000)]
  0x0000000013c7c000 JavaThread "Reference Handler" daemon [_thread_blocked, id=5152, stack(0x0000000015e40000,0x0000000015f40000)]
  0x00000000021d8000 JavaThread "main" [_thread_blocked, id=5808, stack(0x0000000000030000,0x0000000000130000)]

Other Threads:
=>0x0000000013c77000 VMThread [stack: 0x0000000015d40000,0x0000000015e40000] [id=4212]

VM state:at safepoint (shutting down)

VM Mutex/Monitor currently owned by a thread:  ([mutex/lock_event])
[0x000000000249e970] Threads_lock - owner thread: 0x0000000013c77000

Heap:
 PSYoungGen      total 88064K, used 74086K [0x00000000f5580000, 0x00000000fbf00000, 0x0000000100000000)
  eden space 73216K, 87% used [0x00000000f5580000,0x00000000f946b110,0x00000000f9d00000)
  from space 14848K, 65% used [0x00000000fb080000,0x00000000fb9ee8d8,0x00000000fbf00000)
  to   space 17408K, 0% used [0x00000000f9d00000,0x00000000f9d00000,0x00000000fae00000)
 ParOldGen       total 121344K, used 58964K [0x00000000e0000000, 0x00000000e7680000, 0x00000000f5580000)
  object space 121344K, 48% used [0x00000000e0000000,0x00000000e39953a8,0x00000000e7680000)
 Metaspace       used 99518K, capacity 107316K, committed 107560K, reserved 1142784K
  class space    used 11713K, capacity 14299K, committed 14384K, reserved 1048576K

Card table byte_map: [0x0000000002330000,0x0000000002440000] byte_map_base: 0x0000000001c30000

Marking Bits: (ParMarkBitMap*) 0x0000000070c3a5b0
 Begin Bits: [0x0000000012190000, 0x0000000012990000)
 End Bits:   [0x0000000012990000, 0x0000000013190000)

Polling page: 0x0000000002270000

CodeCache: size=245760Kb used=60382Kb max_used=60491Kb free=185377Kb
 bounds [0x0000000002520000, 0x00000000060b0000, 0x0000000011520000]
 total_blobs=16451 nmethods=15526 adapters=830
 compilation: enabled

Compilation events (10 events):
Event: 1312.636 Thread 0x0000000014e58000 20189   !   3       org.eclipse.osgi.internal.serviceregistry.ServiceRegistrationImpl::ungetService (207 bytes)
Event: 1312.637 Thread 0x0000000014e58000 nmethod 20189 0x00000000057af790 code [0x00000000057afae0, 0x00000000057b1dd8]
Event: 1312.642 Thread 0x0000000014e58000 20192  s!   3       org.eclipse.osgi.storage.bundlefile.ZipBundleFile::close (64 bytes)
Event: 1312.643 Thread 0x0000000014e58000 nmethod 20192 0x0000000004604090 code [0x0000000004604260, 0x0000000004604bf8]
Event: 1312.644 Thread 0x0000000014e58000 20194       3       org.eclipse.osgi.storage.bundlefile.MRUBundleFileList::removeInternal (37 bytes)
Event: 1312.644 Thread 0x0000000014e58000 nmethod 20194 0x00000000026c5850 code [0x00000000026c59c0, 0x00000000026c5e30]
Event: 1312.645 Thread 0x0000000014e58000 20195       3       java.util.WeakHashMap::isEmpty (13 bytes)
Event: 1312.645 Thread 0x0000000014e58000 nmethod 20195 0x00000000043561d0 code [0x0000000004356340, 0x0000000004356668]
Event: 1312.646 Thread 0x0000000014e58000 20197       3       org.eclipse.osgi.container.Module::holdsTransitionEventLock (25 bytes)
Event: 1312.646 Thread 0x0000000014e58000 nmethod 20197 0x0000000002db4bd0 code [0x0000000002db4d60, 0x0000000002db5488]

GC Heap History (10 events):
Event: 1158.380 GC heap before
{Heap before GC invocations=33 (full 5):
 PSYoungGen      total 91648K, used 91329K [0x00000000f5580000, 0x00000000fd080000, 0x0000000100000000)
  eden space 82944K, 100% used [0x00000000f5580000,0x00000000fa680000,0x00000000fa680000)
  from space 8704K, 96% used [0x00000000fa880000,0x00000000fb0b0498,0x00000000fb100000)
  to   space 21504K, 0% used [0x00000000fbb80000,0x00000000fbb80000,0x00000000fd080000)
 ParOldGen       total 121344K, used 58948K [0x00000000e0000000, 0x00000000e7680000, 0x00000000f5580000)
  object space 121344K, 48% used [0x00000000e0000000,0x00000000e39913a8,0x00000000e7680000)
 Metaspace       used 98252K, capacity 106246K, committed 106408K, reserved 1140736K
  class space    used 11622K, capacity 14223K, committed 14256K, reserved 1048576K
Event: 1158.386 GC heap after
Heap after GC invocations=33 (full 5):
 PSYoungGen      total 99328K, used 7473K [0x00000000f5580000, 0x00000000fcd80000, 0x0000000100000000)
  eden space 80896K, 0% used [0x00000000f5580000,0x00000000f5580000,0x00000000fa480000)
  from space 18432K, 40% used [0x00000000fbb80000,0x00000000fc2cc4b8,0x00000000fcd80000)
  to   space 20992K, 0% used [0x00000000fa480000,0x00000000fa480000,0x00000000fb900000)
 ParOldGen       total 121344K, used 58948K [0x00000000e0000000, 0x00000000e7680000, 0x00000000f5580000)
  object space 121344K, 48% used [0x00000000e0000000,0x00000000e39913a8,0x00000000e7680000)
 Metaspace       used 98252K, capacity 106246K, committed 106408K, reserved 1140736K
  class space    used 11622K, capacity 14223K, committed 14256K, reserved 1048576K
}
Event: 1162.168 GC heap before
{Heap before GC invocations=34 (full 5):
 PSYoungGen      total 99328K, used 88369K [0x00000000f5580000, 0x00000000fcd80000, 0x0000000100000000)
  eden space 80896K, 100% used [0x00000000f5580000,0x00000000fa480000,0x00000000fa480000)
  from space 18432K, 40% used [0x00000000fbb80000,0x00000000fc2cc4b8,0x00000000fcd80000)
  to   space 20992K, 0% used [0x00000000fa480000,0x00000000fa480000,0x00000000fb900000)
 ParOldGen       total 121344K, used 58948K [0x00000000e0000000, 0x00000000e7680000, 0x00000000f5580000)
  object space 121344K, 48% used [0x00000000e0000000,0x00000000e39913a8,0x00000000e7680000)
 Metaspace       used 98436K, capacity 106502K, committed 106664K, reserved 1142784K
  class space    used 11625K, capacity 14223K, committed 14256K, reserved 1048576K
Event: 1162.175 GC heap after
Heap after GC invocations=34 (full 5):
 PSYoungGen      total 88064K, used 8781K [0x00000000f5580000, 0x00000000fc980000, 0x0000000100000000)
  eden space 78848K, 0% used [0x00000000f5580000,0x00000000f5580000,0x00000000fa280000)
  from space 9216K, 95% used [0x00000000fa480000,0x00000000fad13630,0x00000000fad80000)
  to   space 19968K, 0% used [0x00000000fb600000,0x00000000fb600000,0x00000000fc980000)
 ParOldGen       total 121344K, used 58956K [0x00000000e0000000, 0x00000000e7680000, 0x00000000f5580000)
  object space 121344K, 48% used [0x00000000e0000000,0x00000000e39933a8,0x00000000e7680000)
 Metaspace       used 98436K, capacity 106502K, committed 106664K, reserved 1142784K
  class space    used 11625K, capacity 14223K, committed 14256K, reserved 1048576K
}
Event: 1247.116 GC heap before
{Heap before GC invocations=35 (full 5):
 PSYoungGen      total 88064K, used 87629K [0x00000000f5580000, 0x00000000fc980000, 0x0000000100000000)
  eden space 78848K, 100% used [0x00000000f5580000,0x00000000fa280000,0x00000000fa280000)
  from space 9216K, 95% used [0x00000000fa480000,0x00000000fad13630,0x00000000fad80000)
  to   space 19968K, 0% used [0x00000000fb600000,0x00000000fb600000,0x00000000fc980000)
 ParOldGen       total 121344K, used 58956K [0x00000000e0000000, 0x00000000e7680000, 0x00000000f5580000)
  object space 121344K, 48% used [0x00000000e0000000,0x00000000e39933a8,0x00000000e7680000)
 Metaspace       used 98650K, capacity 106668K, committed 107048K, reserved 1142784K
  class space    used 11645K, capacity 14261K, committed 14384K, reserved 1048576K
Event: 1247.124 GC heap after
Heap after GC invocations=35 (full 5):
 PSYoungGen      total 92672K, used 9545K [0x00000000f5580000, 0x00000000fc580000, 0x0000000100000000)
  eden space 76800K, 0% used [0x00000000f5580000,0x00000000f5580000,0x00000000fa080000)
  from space 15872K, 60% used [0x00000000fb600000,0x00000000fbf52450,0x00000000fc580000)
  to   space 18944K, 0% used [0x00000000fa080000,0x00000000fa080000,0x00000000fb300000)
 ParOldGen       total 121344K, used 58964K [0x00000000e0000000, 0x00000000e7680000, 0x00000000f5580000)
  object space 121344K, 48% used [0x00000000e0000000,0x00000000e39953a8,0x00000000e7680000)
 Metaspace       used 98650K, capacity 106668K, committed 107048K, reserved 1142784K
  class space    used 11645K, capacity 14261K, committed 14384K, reserved 1048576K
}
Event: 1288.852 GC heap before
{Heap before GC invocations=36 (full 5):
 PSYoungGen      total 92672K, used 86345K [0x00000000f5580000, 0x00000000fc580000, 0x0000000100000000)
  eden space 76800K, 100% used [0x00000000f5580000,0x00000000fa080000,0x00000000fa080000)
  from space 15872K, 60% used [0x00000000fb600000,0x00000000fbf52450,0x00000000fc580000)
  to   space 18944K, 0% used [0x00000000fa080000,0x00000000fa080000,0x00000000fb300000)
 ParOldGen       total 121344K, used 58964K [0x00000000e0000000, 0x00000000e7680000, 0x00000000f5580000)
  object space 121344K, 48% used [0x00000000e0000000,0x00000000e39953a8,0x00000000e7680000)
 Metaspace       used 98763K, capacity 106738K, committed 107048K, reserved 1142784K
  class space    used 11647K, capacity 14262K, committed 14384K, reserved 1048576K
Event: 1288.860 GC heap after
Heap after GC invocations=36 (full 5):
 PSYoungGen      total 84480K, used 9297K [0x00000000f5580000, 0x00000000fc280000, 0x0000000100000000)
  eden space 74752K, 0% used [0x00000000f5580000,0x00000000f5580000,0x00000000f9e80000)
  from space 9728K, 95% used [0x00000000fa080000,0x00000000fa994658,0x00000000faa00000)
  to   space 18432K, 0% used [0x00000000fb080000,0x00000000fb080000,0x00000000fc280000)
 ParOldGen       total 121344K, used 58964K [0x00000000e0000000, 0x00000000e7680000, 0x00000000f5580000)
  object space 121344K, 48% used [0x00000000e0000000,0x00000000e39953a8,0x00000000e7680000)
 Metaspace       used 98763K, capacity 106738K, committed 107048K, reserved 1142784K
  class space    used 11647K, capacity 14262K, committed 14384K, reserved 1048576K
}
Event: 1299.845 GC heap before
{Heap before GC invocations=37 (full 5):
 PSYoungGen      total 84480K, used 84049K [0x00000000f5580000, 0x00000000fc280000, 0x0000000100000000)
  eden space 74752K, 100% used [0x00000000f5580000,0x00000000f9e80000,0x00000000f9e80000)
  from space 9728K, 95% used [0x00000000fa080000,0x00000000fa994658,0x00000000faa00000)
  to   space 18432K, 0% used [0x00000000fb080000,0x00000000fb080000,0x00000000fc280000)
 ParOldGen       total 121344K, used 58964K [0x00000000e0000000, 0x00000000e7680000, 0x00000000f5580000)
  object space 121344K, 48% used [0x00000000e0000000,0x00000000e39953a8,0x00000000e7680000)
 Metaspace       used 98882K, capacity 106942K, committed 107304K, reserved 1142784K
  class space    used 11649K, capacity 14264K, committed 14384K, reserved 1048576K
Event: 1299.854 GC heap after
Heap after GC invocations=37 (full 5):
 PSYoungGen      total 88064K, used 9658K [0x00000000f5580000, 0x00000000fbf00000, 0x0000000100000000)
  eden space 73216K, 0% used [0x00000000f5580000,0x00000000f5580000,0x00000000f9d00000)
  from space 14848K, 65% used [0x00000000fb080000,0x00000000fb9ee8d8,0x00000000fbf00000)
  to   space 17408K, 0% used [0x00000000f9d00000,0x00000000f9d00000,0x00000000fae00000)
 ParOldGen       total 121344K, used 58964K [0x00000000e0000000, 0x00000000e7680000, 0x00000000f5580000)
  object space 121344K, 48% used [0x00000000e0000000,0x00000000e39953a8,0x00000000e7680000)
 Metaspace       used 98882K, capacity 106942K, committed 107304K, reserved 1142784K
  class space    used 11649K, capacity 14264K, committed 14384K, reserved 1048576K
}

Deoptimization events (10 events):
Event: 1312.625 Thread 0x000000001886f800 Uncommon trap: reason=unstable_if action=reinterpret pc=0x00000000055752d8 method=org.eclipse.core.internal.jobs.WorkerPool.startJob(Lorg/eclipse/core/internal/jobs/Worker;)Lorg/eclipse/core/internal/jobs/InternalJob; @ 177
Event: 1312.625 Thread 0x00000000226ae800 Uncommon trap: reason=unstable_if action=reinterpret pc=0x00000000055752d8 method=org.eclipse.core.internal.jobs.WorkerPool.startJob(Lorg/eclipse/core/internal/jobs/Worker;)Lorg/eclipse/core/internal/jobs/InternalJob; @ 177
Event: 1312.625 Thread 0x000000001c313000 Uncommon trap: reason=unstable_if action=reinterpret pc=0x00000000055752d8 method=org.eclipse.core.internal.jobs.WorkerPool.startJob(Lorg/eclipse/core/internal/jobs/Worker;)Lorg/eclipse/core/internal/jobs/InternalJob; @ 177
Event: 1312.626 Thread 0x00000000226ad800 Uncommon trap: reason=unstable_if action=reinterpret pc=0x00000000055752d8 method=org.eclipse.core.internal.jobs.WorkerPool.startJob(Lorg/eclipse/core/internal/jobs/Worker;)Lorg/eclipse/core/internal/jobs/InternalJob; @ 177
Event: 1312.626 Thread 0x000000001886c800 Uncommon trap: reason=unstable_if action=reinterpret pc=0x00000000055752d8 method=org.eclipse.core.internal.jobs.WorkerPool.startJob(Lorg/eclipse/core/internal/jobs/Worker;)Lorg/eclipse/core/internal/jobs/InternalJob; @ 177
Event: 1312.626 Thread 0x000000001c312800 Uncommon trap: reason=unstable_if action=reinterpret pc=0x00000000055752d8 method=org.eclipse.core.internal.jobs.WorkerPool.startJob(Lorg/eclipse/core/internal/jobs/Worker;)Lorg/eclipse/core/internal/jobs/InternalJob; @ 177
Event: 1312.626 Thread 0x000000001c5ab000 Uncommon trap: reason=unstable_if action=reinterpret pc=0x00000000055752d8 method=org.eclipse.core.internal.jobs.WorkerPool.startJob(Lorg/eclipse/core/internal/jobs/Worker;)Lorg/eclipse/core/internal/jobs/InternalJob; @ 177
Event: 1312.626 Thread 0x000000002280f800 Uncommon trap: reason=unstable_if action=reinterpret pc=0x00000000055752d8 method=org.eclipse.core.internal.jobs.WorkerPool.startJob(Lorg/eclipse/core/internal/jobs/Worker;)Lorg/eclipse/core/internal/jobs/InternalJob; @ 177
Event: 1312.627 Thread 0x0000000018862000 Uncommon trap: reason=unstable_if action=reinterpret pc=0x00000000055752d8 method=org.eclipse.core.internal.jobs.WorkerPool.startJob(Lorg/eclipse/core/internal/jobs/Worker;)Lorg/eclipse/core/internal/jobs/InternalJob; @ 177
Event: 1312.639 Thread 0x0000000018867000 Uncommon trap: reason=unstable_if action=reinterpret pc=0x0000000005dcc91c method=sun.reflect.UnsafeStaticObjectFieldAccessorImpl.set(Ljava/lang/Object;Ljava/lang/Object;)V @ 13

Internal exceptions (10 events):
Event: 1311.497 Thread 0x0000000018c16800 Exception <a 'java/io/IOException'> (0x00000000f8fe7658) thrown at [C:\re\workspace\8-2-build-windows-amd64-cygwin\jdk8u66\5298\hotspot\src\share\vm\prims\jni.cpp, line 709]
Event: 1311.497 Thread 0x0000000018c16800 Exception <a 'java/io/IOException'> (0x00000000f8fe78b8) thrown at [C:\re\workspace\8-2-build-windows-amd64-cygwin\jdk8u66\5298\hotspot\src\share\vm\prims\jni.cpp, line 709]
Event: 1311.497 Thread 0x0000000018c16800 Exception <a 'java/io/IOException'> (0x00000000f8fe7ff8) thrown at [C:\re\workspace\8-2-build-windows-amd64-cygwin\jdk8u66\5298\hotspot\src\share\vm\prims\jni.cpp, line 709]
Event: 1311.497 Thread 0x0000000018c16800 Exception <a 'java/io/IOException'> (0x00000000f8fe8288) thrown at [C:\re\workspace\8-2-build-windows-amd64-cygwin\jdk8u66\5298\hotspot\src\share\vm\prims\jni.cpp, line 709]
Event: 1311.497 Thread 0x0000000018c16800 Exception <a 'java/io/IOException'> (0x00000000f8fe84e8) thrown at [C:\re\workspace\8-2-build-windows-amd64-cygwin\jdk8u66\5298\hotspot\src\share\vm\prims\jni.cpp, line 709]
Event: 1312.625 Thread 0x0000000018865800 Exception <a 'java/lang/InterruptedException'> (0x00000000f892b418) thrown at [C:\re\workspace\8-2-build-windows-amd64-cygwin\jdk8u66\5298\hotspot\src\share\vm\runtime\objectMonitor.cpp, line 1683]
Event: 1312.639 Thread 0x0000000018867000 Implicit null exception at 0x0000000005dcc5f7 to 0x0000000005dcc909
Event: 1312.639 Thread 0x000000001700b800 Exception <a 'java/lang/InterruptedException'> (0x00000000f9213850) thrown at [C:\re\workspace\8-2-build-windows-amd64-cygwin\jdk8u66\5298\hotspot\src\share\vm\runtime\objectMonitor.cpp, line 1683]
Event: 1312.645 Thread 0x0000000018863800 Exception <a 'java/lang/InterruptedException'> (0x00000000f7278878) thrown at [C:\re\workspace\8-2-build-windows-amd64-cygwin\jdk8u66\5298\hotspot\src\share\vm\runtime\objectMonitor.cpp, line 1683]
Event: 1312.645 Thread 0x0000000017ac6800 Exception <a 'java/lang/InterruptedException'> (0x00000000f93f2268) thrown at [C:\re\workspace\8-2-build-windows-amd64-cygwin\jdk8u66\5298\hotspot\src\share\vm\runtime\objectMonitor.cpp, line 1683]

Events (10 events):
Event: 1312.646 loading class java/util/IdentityHashMap$IdentityHashMapIterator done
Event: 1312.646 loading class java/util/IdentityHashMap$KeyIterator done
Event: 1312.646 Thread 0x0000000014e58000 flushing nmethod 0x00000000032cbc90
Event: 1312.646 Thread 0x0000000014e58000 flushing nmethod 0x00000000032d9690
Event: 1312.646 Thread 0x0000000014e58000 flushing nmethod 0x00000000032e3cd0
Event: 1312.646 Thread 0x0000000018867000 Thread added: 0x0000000018867000
Event: 1312.647 Thread 0x0000000014e58000 flushing nmethod 0x00000000033458d0
Event: 1312.647 Thread 0x0000000018867000 Thread exited: 0x0000000018867000
Event: 1312.647 Thread 0x0000000014e58000 flushing nmethod 0x00000000033f71d0
Event: 1312.647 Executing VM operation: Exit


Dynamic libraries:
0x0000000000400000 - 0x000000000044f000 	C:\Xilinx\SDK\2016.2\eclipse\win64.o\eclipse.exe
0x0000000077730000 - 0x00000000778da000 	C:\Windows\SYSTEM32\ntdll.dll
0x0000000077610000 - 0x000000007772f000 	C:\Windows\system32\kernel32.dll
0x000007fefd5c0000 - 0x000007fefd62a000 	C:\Windows\system32\KERNELBASE.dll
0x0000000077510000 - 0x000000007760a000 	C:\Windows\system32\USER32.dll
0x000007feff3f0000 - 0x000007feff457000 	C:\Windows\system32\GDI32.dll
0x000007feff5f0000 - 0x000007feff5fe000 	C:\Windows\system32\LPK.dll
0x000007fefe1e0000 - 0x000007fefe2aa000 	C:\Windows\system32\USP10.dll
0x000007fefdba0000 - 0x000007fefdc3f000 	C:\Windows\system32\msvcrt.dll
0x000007fefbd80000 - 0x000007fefbf74000 	C:\Windows\WinSxS\amd64_microsoft.windows.common-controls_6595b64144ccf1df_6.0.7601.18837_none_fa3b1e3d17594757\COMCTL32.dll
0x000007fefe2b0000 - 0x000007fefe321000 	C:\Windows\system32\SHLWAPI.dll
0x000007fefdb70000 - 0x000007fefdb9e000 	C:\Windows\system32\IMM32.DLL
0x000007feff4e0000 - 0x000007feff5e9000 	C:\Windows\system32\MSCTF.dll
0x0000000072000000 - 0x0000000072012000 	C:\Xilinx\SDK\2016.2\eclipse\win64.o\plugins\org.eclipse.equinox.launcher.win32.win32.x86_64_1.1.300.v20150602-1417\eclipse_1611.dll
0x000007fefdd20000 - 0x000007fefddfb000 	C:\Windows\system32\ADVAPI32.dll
0x000007fefe120000 - 0x000007fefe13f000 	C:\Windows\SYSTEM32\sechost.dll
0x000007fefda40000 - 0x000007fefdb6d000 	C:\Windows\system32\RPCRT4.dll
0x000007fefc500000 - 0x000007fefc50c000 	C:\Windows\system32\VERSION.dll
0x000007fefbd20000 - 0x000007fefbd76000 	C:\Windows\system32\UxTheme.dll
0x0000000070430000 - 0x0000000070cb9000 	C:\Xilinx\SDK\2016.2\tps\win64\jre\bin\server\jvm.dll
0x000007fefa200000 - 0x000007fefa209000 	C:\Windows\system32\WSOCK32.dll
0x000007fefde00000 - 0x000007fefde4d000 	C:\Windows\system32\WS2_32.dll
0x000007feff7e0000 - 0x000007feff7e8000 	C:\Windows\system32\NSI.dll
0x000007fefa240000 - 0x000007fefa27b000 	C:\Windows\system32\WINMM.dll
0x00000000778f0000 - 0x00000000778f7000 	C:\Windows\system32\PSAPI.DLL
0x0000000072fe0000 - 0x00000000730b2000 	C:\Windows\system32\MSVCR100.dll
0x0000000074370000 - 0x000000007437f000 	C:\Xilinx\SDK\2016.2\tps\win64\jre\bin\verify.dll
0x0000000073470000 - 0x0000000073499000 	C:\Xilinx\SDK\2016.2\tps\win64\jre\bin\java.dll
0x00000000734b0000 - 0x00000000734c6000 	C:\Xilinx\SDK\2016.2\tps\win64\jre\bin\zip.dll
0x000007fefe660000 - 0x000007feff3e9000 	C:\Windows\system32\SHELL32.dll
0x000007fefd830000 - 0x000007fefda33000 	C:\Windows\system32\ole32.dll
0x000007fefd480000 - 0x000007fefd48f000 	C:\Windows\system32\profapi.dll
0x000007fefcc70000 - 0x000007fefcc88000 	C:\Windows\system32\CRYPTSP.dll
0x000007fefc970000 - 0x000007fefc9b7000 	C:\Windows\system32\rsaenh.dll
0x000007fefd630000 - 0x000007fefd64e000 	C:\Windows\system32\USERENV.dll
0x000007fefd2d0000 - 0x000007fefd2df000 	C:\Windows\system32\CRYPTBASE.dll
0x0000000073450000 - 0x000000007346a000 	C:\Xilinx\SDK\2016.2\tps\win64\jre\bin\net.dll
0x000007fefcc10000 - 0x000007fefcc65000 	C:\Windows\system32\mswsock.dll
0x000007fefcc00000 - 0x000007fefcc07000 	C:\Windows\System32\wship6.dll
0x000007fef9c30000 - 0x000007fef9c57000 	C:\Windows\system32\IPHLPAPI.DLL
0x000007fef9c20000 - 0x000007fef9c2b000 	C:\Windows\system32\WINNSI.DLL
0x000007fefaae0000 - 0x000007fefaaf1000 	C:\Windows\system32\dhcpcsvc6.DLL
0x000007fefaac0000 - 0x000007fefaad8000 	C:\Windows\system32\dhcpcsvc.DLL
0x0000000073430000 - 0x0000000073441000 	C:\Xilinx\SDK\2016.2\tps\win64\jre\bin\nio.dll
0x000007fef9ff0000 - 0x000007fefa005000 	C:\Windows\system32\NLAapi.dll
0x000007fefa3b0000 - 0x000007fefa3c5000 	C:\Windows\system32\napinsp.dll
0x000007fefa370000 - 0x000007fefa389000 	C:\Windows\system32\pnrpnsp.dll
0x000007fefca90000 - 0x000007fefcaeb000 	C:\Windows\system32\DNSAPI.dll
0x000007fefa3a0000 - 0x000007fefa3ab000 	C:\Windows\System32\winrnr.dll
0x000007fefc5d0000 - 0x000007fefc5d7000 	C:\Windows\System32\wshtcpip.dll
0x000007fefa4b0000 - 0x000007fefa4b8000 	C:\Windows\system32\rasadhlp.dll
0x000007fefac90000 - 0x000007feface3000 	C:\Windows\System32\fwpuclnt.dll
0x00000000186e0000 - 0x0000000018788000 	C:\Users\dezfoul2\.Xilinx\SDK\2016.2\org.eclipse.osgi\312\0\.cp\swt-win32-4527.dll
0x000007fefdc40000 - 0x000007fefdd18000 	C:\Windows\system32\OLEAUT32.dll
0x000007feff980000 - 0x000007feffa17000 	C:\Windows\system32\comdlg32.dll
0x000007fef6b00000 - 0x000007fef6b71000 	C:\Windows\system32\WINSPOOL.DRV
0x000007fefe330000 - 0x000007fefe5f5000 	C:\Windows\system32\WININET.dll
0x000007fefd510000 - 0x000007fefd514000 	C:\Windows\system32\api-ms-win-downlevel-user32-l1-1-0.dll
0x000007fefd7d0000 - 0x000007fefd7d4000 	C:\Windows\system32\api-ms-win-downlevel-shlwapi-l1-1-0.dll
0x000007fefd7c0000 - 0x000007fefd7c4000 	C:\Windows\system32\api-ms-win-downlevel-version-l1-1-0.dll
0x000007fefd7e0000 - 0x000007fefd7e3000 	C:\Windows\system32\api-ms-win-downlevel-normaliz-l1-1-0.dll
0x0000000077900000 - 0x0000000077903000 	C:\Windows\system32\normaliz.DLL
0x000007fefde50000 - 0x000007fefe119000 	C:\Windows\system32\iertutil.dll
0x000007fefd4b0000 - 0x000007fefd4b5000 	C:\Windows\system32\api-ms-win-downlevel-advapi32-l1-1-0.dll
0x000007fefd650000 - 0x000007fefd7bd000 	C:\Windows\system32\CRYPT32.dll
0x000007fefd470000 - 0x000007fefd47f000 	C:\Windows\system32\MSASN1.dll
0x000007fefb7f0000 - 0x000007fefb91c000 	C:\Windows\system32\propsys.dll
0x000007fefe140000 - 0x000007fefe1d9000 	C:\Windows\system32\CLBCatQ.DLL
0x00000000172c0000 - 0x00000000172de000 	C:\Users\dezfoul2\.Xilinx\SDK\2016.2\org.eclipse.osgi\312\0\.cp\swt-gdip-win32-4527.dll
0x000007fefbb00000 - 0x000007fefbd16000 	C:\Windows\WinSxS\amd64_microsoft.windows.gdiplus_6595b64144ccf1df_1.1.7601.23508_none_145555328b95eaaa\gdiplus.dll
0x000007fefb620000 - 0x000007fefb781000 	C:\Windows\system32\WindowsCodecs.dll
0x0000000180000000 - 0x0000000180012000 	C:\Users\dezfoul2\.Xilinx\SDK\2016.2\org.eclipse.osgi\126\0\.cp\os\win32\x86_64\localfile_1_0_0.dll
0x000007fef4ba0000 - 0x000007fef4bf4000 	C:\Windows\system32\oleacc.dll
0x000007fef9dd0000 - 0x000007fef9dd7000 	C:\Windows\system32\msimg32.dll
0x000007fefd3c0000 - 0x000007fefd3d4000 	C:\Windows\system32\RpcRtRemote.dll
0x000007fefd270000 - 0x000007fefd2c7000 	C:\Windows\system32\apphelp.dll
0x000007fef8ec0000 - 0x000007fef8ed1000 	C:\Users\dezfoul2\.Xilinx\SDK\2016.2\org.eclipse.osgi\129\0\.cp\jWinHttp-1.0.0.dll
0x000007fef9760000 - 0x000007fef97d1000 	C:\Windows\system32\WINHTTP.dll
0x000007fef96f0000 - 0x000007fef9754000 	C:\Windows\system32\webio.dll
0x000007fefd240000 - 0x000007fefd265000 	C:\Windows\system32\SspiCli.dll
0x000007fefc860000 - 0x000007fefc86a000 	C:\Windows\system32\credssp.dll
0x000007fefd4c0000 - 0x000007fefd4f6000 	C:\Windows\system32\CFGMGR32.dll
0x000007fefac70000 - 0x000007fefac7f000 	C:\Xilinx\SDK\2016.2\lib\win64.o\librdi_repo_manager.dll
0x000007fef8e80000 - 0x000007fef8eaa000 	C:\Xilinx\SDK\2016.2\lib\win64.o\libisl_sysinfo.dll
0x000007feec4a0000 - 0x000007feec574000 	C:\Windows\system32\MSVCR110.dll
0x000007feec370000 - 0x000007feec417000 	C:\Windows\system32\MSVCP110.dll
0x000007febc210000 - 0x000007febcc50000 	C:\Xilinx\SDK\2016.2\lib\win64.o\librdi_common.dll
0x000007febbea0000 - 0x000007febc20e000 	C:\Xilinx\SDK\2016.2\lib\win64.o\libCOIN-all.dll
0x000007fef4460000 - 0x000007fef467f000 	C:\Xilinx\SDK\2016.2\lib\win64.o\libXil_lmgr11.dll
0x000007fefb4e0000 - 0x000007fefb4f6000 	C:\Windows\system32\NETAPI32.dll
0x000007fefc8a0000 - 0x000007fefc8ac000 	C:\Windows\system32\netutils.dll
0x000007fefce80000 - 0x000007fefcea3000 	C:\Windows\system32\srvcli.dll
0x000007fefb4c0000 - 0x000007fefb4d5000 	C:\Windows\system32\wkscli.dll
0x000007fefd7f0000 - 0x000007fefd82b000 	C:\Windows\system32\WINTRUST.dll
0x000007fefac60000 - 0x000007fefac70000 	C:\Xilinx\SDK\2016.2\lib\win64.o\libboost_date_time.dll
0x000007fef8e50000 - 0x000007fef8e74000 	C:\Xilinx\SDK\2016.2\lib\win64.o\libboost_filesystem.dll
0x000007fefa5a0000 - 0x000007fefa5a9000 	C:\Xilinx\SDK\2016.2\lib\win64.o\libboost_system.dll
0x000007fef43e0000 - 0x000007fef4457000 	C:\Xilinx\SDK\2016.2\lib\win64.o\libboost_program_options.dll
0x000007feeb2d0000 - 0x000007feeb3d6000 	C:\Xilinx\SDK\2016.2\lib\win64.o\libboost_regex.dll
0x000007fef47f0000 - 0x000007fef4803000 	C:\Xilinx\SDK\2016.2\lib\win64.o\libboost_signals.dll
0x000007fef47d0000 - 0x000007fef47ed000 	C:\Xilinx\SDK\2016.2\lib\win64.o\libboost_thread.dll
0x000007fef8e40000 - 0x000007fef8e4b000 	C:\Xilinx\SDK\2016.2\lib\win64.o\libboost_chrono.dll
0x000007fefa4c0000 - 0x000007fefa4cb000 	C:\Xilinx\SDK\2016.2\lib\win64.o\libboost_xilinx.dll
0x000007fef4360000 - 0x000007fef43e0000 	C:\Xilinx\SDK\2016.2\lib\win64.o\libhdlpsolve.dll
0x000007fef3c80000 - 0x000007fef3d1a000 	C:\Xilinx\SDK\2016.2\lib\win64.o\libhdxml.dll
0x000007febba30000 - 0x000007febbe95e00 	C:\Xilinx\SDK\2016.2\lib\win64.o\libisl_iostreams.dll
0x000007fef47b0000 - 0x000007fef47c6000 	C:\Xilinx\SDK\2016.2\lib\win64.o\libboost_iostreams.dll
0x000007fef4330000 - 0x000007fef4353000 	C:\Xilinx\SDK\2016.2\lib\win64.o\librdizlib.dll
0x000007fef40c0000 - 0x000007fef40e3000 	C:\Xilinx\SDK\2016.2\lib\win64.o\libisl_iosutils.dll
0x000007fef4750000 - 0x000007fef4765000 	C:\Xilinx\SDK\2016.2\lib\win64.o\pthreadVC2.dll
0x000007fef4060000 - 0x000007fef40b4000 	C:\Xilinx\SDK\2016.2\lib\win64.o\librdi_commonxillic.dll
0x000007feeb1a0000 - 0x000007feeb2d0000 	C:\Xilinx\SDK\2016.2\lib\win64.o\librdi_curl.dll
0x000007fef4040000 - 0x000007fef4058000 	C:\Xilinx\SDK\2016.2\lib\win64.o\librdiconfig.dll
0x0000000073300000 - 0x0000000073427000 	C:\Xilinx\SDK\2016.2\lib\win64.o\tcl85t.dll
0x0000000026cc0000 - 0x0000000026f23000 	C:\Xilinx\SDK\2016.2\lib\win64.o\xerces-c_3_1.dll
0x000007feff7f0000 - 0x000007feff976000 	C:\Windows\system32\urlmon.dll
0x000007fefd500000 - 0x000007fefd504000 	C:\Windows\system32\api-ms-win-downlevel-ole32-l1-1-0.dll
0x000007feee7a0000 - 0x000007feee7c3000 	C:\Windows\system32\VCOMP110.DLL
0x000007fee19e0000 - 0x000007fee1bd2000 	C:\Xilinx\SDK\2016.2\lib\win64.o\librdi_hsm.dll
0x000007fef3c30000 - 0x000007fef3c73000 	C:\Xilinx\SDK\2016.2\lib\win64.o\librdi_hdf.dll
0x000007febb7a0000 - 0x000007febba21000 	C:\Xilinx\SDK\2016.2\lib\win64.o\librdi_ippcw.dll
0x000007fef4020000 - 0x000007fef4036000 	C:\Xilinx\SDK\2016.2\eclipse\win64.o\plugins\org.eclipse.cdt.core.win32.x86_64_5.4.0.201509131935\os\win32\x86_64\spawner.dll
0x000007fef8eb0000 - 0x000007fef8eba000 	C:\Xilinx\SDK\2016.2\lib\win64.o\librdi_jtag_settings.dll
0x000007fef3f60000 - 0x000007fef3f89000 	C:\Xilinx\SDK\2016.2\lib\win64.o\librdi_debug_dialog.dll
0x000007fef4f30000 - 0x000007fef4f38000 	C:\Xilinx\SDK\2016.2\lib\win64.o\librdi_target_manager.dll
0x0000000071080000 - 0x00000000710a6000 	C:\Xilinx\SDK\2016.2\eclipse\win64.o\plugins\gnu.io.rxtx.win32.x86_64_2.1.7.3_v20071015\os\win32\x86_64\rxtxSerial.dll
0x000007feb8650000 - 0x000007feb8e60000 	C:\Xilinx\SDK\2016.2\lib\win64.o\libXil_lmgr11FNP.dll
0x000007fef6e50000 - 0x000007fef6e5b000 	C:\Windows\system32\snmpapi.dll

VM Arguments:
jvm_args: -Dcom.xilinx.sdk.args.hwspec=W:/ece532/src/hdmi.sdk/hdmi_wrapper.hdf -Xms64m -Xmx512m & 
java_command: <unknown>
java_class_path (initial): C:\Xilinx\SDK\2016.2\eclipse\win64.o\\plugins/org.eclipse.equinox.launcher_1.3.100.v20150511-1540.jar
Launcher Type: generic

Environment Variables:
PATH=C:/Xilinx/SDK/2016.2/tps/win64/jre/bin/server;C:/Xilinx/SDK/2016.2/tps/win64/jre/bin;C:/Xilinx/SDK/2016.2/tps/win64/jre/lib/amd64;C:\Xilinx\SDK\2016.2\gnuwin\bin;C:\Xilinx\SDK\2016.2\gnu\microblaze\nt\bin;C:\Xilinx\SDK\2016.2\gnu\microblaze\linux_toolchain\nt64_le\bin;C:\Xilinx\SDK\2016.2\gnu\microblaze\linux_toolchain\nt64_be\bin;C:\Xilinx\SDK\2016.2\gnu\arm\nt\bin;C:\Xilinx\SDK\2016.2\gnu\aarch64\nt\aarch64-none\bin;C:\Xilinx\SDK\2016.2\gnu\aarch64\nt\aarch64-linux\bin;C:\Xilinx\SDK\2016.2\gnu\armr5\nt\gcc-arm-none-eabi\bin;C:\Xilinx\SDK\2016.2\gnu\aarch32\nt\gcc-arm-none-eabi\bin;C:\Xilinx\SDK\2016.2\gnu\aarch32\nt\gcc-arm-linux-gnueabi\bin;C:\Xilinx\SDK\2016.2\tps\win64\cmake-3.3.2\bin;;C:\Xilinx\SDK\2016.2\bin;C:\Xilinx\SDK\2016.2\lib\win64.o;C:\Xilinx\SDK\2016.2\tps\win64\jre\bin\server;C:\Xilinx\SDK\2016.2\tps\win64\jre\bin;C:\Xilinx\Vivado\2016.2\ids_lite\ISE\bin\nt64;C:\Xilinx\Vivado\2016.2\ids_lite\ISE\lib\nt64;C:\Xilinx\Vivado\2016.2\bin;C:\Xilinx\Vivado\2016.2\lib\win64.o;C:\Xilinx\Vivado\2016.2\tps\win64\jre\bin\server;C:\Xilinx\Vivado\2016.2\tps\win64\jre\bin;C:\Xilinx\Vivado_HLS\2016.2\bin;C:\Users\dezfoul2\bin;W:\Git\Git\mingw64\bin;W:\Git\Git\usr\local\bin;W:\Git\Git\usr\bin;C:\Windows\system32;C:\Windows;C:\Windows\System32\Wbem;C:\Windows\System32\WindowsPowerShell\v1.0;C:\Program Files (x86)\Java\jre6\bin;C:\Program Files (x86)\eclipse;C:\altera\16.0\quartus\bin64;C:\altera\16.0\quartus\bin64\jre64\bin;W:\Git\Git\usr\bin\vendor_perl;W:\Git\Git\usr\bin\core_perl;W:\ece532\src;
USERNAME=dezfoul2
SHELL=W:\Git\Git\usr\bin\bash.exe
DISPLAY=needs-to-be-defined
OS=Windows_NT
PROCESSOR_IDENTIFIER=Intel64 Family 6 Model 60 Stepping 3, GenuineIntel



---------------  S Y S T E M  ---------------

OS: Windows 7 , 64 bit Build 7601 (6.1.7601.23418)

CPU:total 8 (4 cores per cpu, 2 threads per core) family 6 model 60 stepping 3, cmov, cx8, fxsr, mmx, sse, sse2, sse3, ssse3, sse4.1, sse4.2, popcnt, avx, avx2, aes, clmul, erms, lzcnt, ht, tsc, tscinvbit, bmi1, bmi2

Memory: 4k page, physical 16683160k(10565272k free), swap 33364460k(26633124k free)

vm_info: Java HotSpot(TM) 64-Bit Server VM (25.66-b18) for windows-amd64 JRE (1.8.0_66-b18), built on Nov  9 2015 10:51:13 by "java_re" with MS VC++ 10.0 (VS2010)

time: Tue Mar 21 19:43:49 2017
elapsed time: 1312 seconds (0d 0h 21m 52s)

