#
# A fatal error has been detected by the Java Runtime Environment:
#
#  EXCEPTION_UNCAUGHT_CXX_EXCEPTION (0xe06d7363) at pc=0x000007fefdaaa06d, pid=3920, tid=5604
#
# JRE version: Java(TM) SE Runtime Environment (8.0_66-b18) (build 1.8.0_66-b18)
# Java VM: Java HotSpot(TM) 64-Bit Server VM (25.66-b18 mixed mode windows-amd64 compressed oops)
# Problematic frame:
# C  [KERNELBASE.dll+0x1a06d]
#
# Failed to write core dump. Minidumps are not enabled by default on client versions of Windows
#
# If you would like to submit a bug report, please visit:
#   http://bugreport.java.com/bugreport/crash.jsp
#

---------------  T H R E A D  ---------------

Current thread (0x0000000014da2800):  VMThread [stack: 0x0000000015cf0000,0x0000000015df0000] [id=5604]

siginfo: ExceptionCode=0xe06d7363, ExceptionInformation=0x0000000019930520 0x0000000015def6c8 0x000007feed4e2cb8 0x000007feed430000 

Registers:
RAX=0x0000000061363d8f, RBX=0x000007feed4e2cb8, RCX=0x0000000015deef10, RDX=0x00000000000000d0
RSP=0x0000000015def520, RBP=0x0000000015def650, RSI=0x00000000ffffffff, RDI=0x000000001750dea0
R8 =0x0000000000000000, R9 =0x0000000000000000, R10=0x000007feed430000, R11=0x0000000015def560
R12=0x0000000000000001, R13=0x0000000000000008, R14=0x0000000000000000, R15=0xffffffffffffffff
RIP=0x000007fefdaaa06d, EFLAGS=0x0000000000000202

Top of Stack: (sp=0x0000000015def520)
0x0000000015def520:   000007feed4e2cb8 00000000ffffffff
0x0000000015def530:   000000001750dea0 0000000000297010
0x0000000015def540:   00000001e06d7363 0000000000000000
0x0000000015def550:   000007fefdaaa06d 000007fe00000004
0x0000000015def560:   0000000019930520 0000000015def6c8
0x0000000015def570:   000007feed4e2cb8 000007feed430000
0x0000000015def580:   0000000000000000 0000000015def608
0x0000000015def590:   0000000000000028 000000001750de90
0x0000000015def5a0:   0000000017491180 0000000000000000
0x0000000015def5b0:   000007fffffa6000 0000000077b4f2d3
0x0000000015def5c0:   0000000000000000 0000000000000008
0x0000000015def5d0:   0000000000000001 000000001750dea0
0x0000000015def5e0:   00000000ffffffff 000007feed48e92c
0x0000000015def5f0:   000007feed4e2cb8 0000000015def660
0x0000000015def600:   0000000000000001 000007feed4300f8
0x0000000015def610:   00000001e06d7363 0000000000000000 

Instructions: (pc=0x000007fefdaaa06d)
0x000007fefdaaa04d:   54 24 24 48 89 4c 24 28 4d 85 c9 0f 85 6a 03 00
0x000007fefdaaa05d:   00 89 4c 24 38 48 8d 4c 24 20 ff 15 33 02 03 00
0x000007fefdaaa06d:   48 81 c4 c8 00 00 00 c3 90 90 90 90 90 90 90 90
0x000007fefdaaa07d:   90 90 90 48 83 ec 28 65 48 8b 04 25 30 00 00 00 


Register to memory mapping:

RAX=0x0000000061363d8f is an unknown value
RBX=0x000007feed4e2cb8 is an unknown value
RCX=0x0000000015deef10 is an unknown value
RDX=0x00000000000000d0 is an unknown value
RSP=0x0000000015def520 is an unknown value
RBP=0x0000000015def650 is an unknown value
RSI=0x00000000ffffffff is an unknown value
RDI=0x000000001750dea0 is an unknown value
R8 =0x0000000000000000 is an unknown value
R9 =0x0000000000000000 is an unknown value
R10=0x000007feed430000 is an unknown value
R11=0x0000000015def560 is an unknown value
R12=0x0000000000000001 is an unknown value
R13=0x0000000000000008 is an unknown value
R14=0x0000000000000000 is an unknown value
R15=0xffffffffffffffff is an unknown value


Stack: [0x0000000015cf0000,0x0000000015df0000],  sp=0x0000000015def520,  free space=1021k
Native frames: (J=compiled Java code, j=interpreted, Vv=VM code, C=native code)
C  [KERNELBASE.dll+0x1a06d]
C  [MSVCR110.dll+0x5e92c]
C  [MSVCR110.dll+0x1315c]
C  [MSVCR110.dll+0x136a9]
C  [MSVCR110.dll+0x13e9c]
C  [MSVCR110.dll+0x239e]
C  [MSVCR110.dll+0xaf9e]
C  [MSVCP110.dll+0x397b9]
C  [librdi_common.dll+0x182316]
C  [librdi_common.dll+0x180fab]
C  [librdi_target_manager.dll+0x2400]
C  [librdi_target_manager.dll+0x2682]
C  [ntdll.dll+0x229b1]
C  [ntdll.dll+0x227c0]
C  [MSVCR100.dll+0x20ccd]
V  [jvm.dll+0x210cc5]
V  [jvm.dll+0x249897]
V  [jvm.dll+0x248b36]
V  [jvm.dll+0x248fd1]
V  [jvm.dll+0x2491ee]
V  [jvm.dll+0x29a0fa]
C  [MSVCR100.dll+0x21d9f]
C  [MSVCR100.dll+0x21e3b]
C  [kernel32.dll+0x159bd]
C  [ntdll.dll+0x2a2e1]

VM_Operation (0x000000000012f4c0): Exit, mode: safepoint, requested by thread 0x00000000022e8000


---------------  P R O C E S S  ---------------

Java Threads: ( => current thread )
  0x000000001b1a5000 JavaThread "pool-2-thread-10" [_thread_blocked, id=5440, stack(0x0000000029d90000,0x0000000029e90000)]
  0x000000001b1a9000 JavaThread "pool-2-thread-9" [_thread_blocked, id=4064, stack(0x00000000282a0000,0x00000000283a0000)]
  0x000000001b1a7000 JavaThread "pool-2-thread-8" [_thread_blocked, id=5988, stack(0x0000000029b90000,0x0000000029c90000)]
  0x000000001b1a5800 JavaThread "pool-2-thread-7" [_thread_blocked, id=3512, stack(0x0000000029e90000,0x0000000029f90000)]
  0x000000001b1a4000 JavaThread "pool-2-thread-6" [_thread_blocked, id=6100, stack(0x0000000029490000,0x0000000029590000)]
  0x000000001b1a2800 JavaThread "pool-2-thread-5" [_thread_blocked, id=5188, stack(0x0000000029c90000,0x0000000029d90000)]
  0x0000000019bc7800 JavaThread "pool-2-thread-4" [_thread_blocked, id=4596, stack(0x0000000029790000,0x0000000029890000)]
  0x0000000019d7e000 JavaThread "pool-2-thread-3" [_thread_blocked, id=4808, stack(0x00000000284a0000,0x00000000285a0000)]
  0x0000000019a23000 JavaThread "pool-2-thread-2" [_thread_blocked, id=4640, stack(0x0000000028b10000,0x0000000028c10000)]
  0x0000000019d7b800 JavaThread "pool-2-thread-1" [_thread_blocked, id=3576, stack(0x00000000283a0000,0x00000000284a0000)]
  0x000000001796a000 JavaThread "Thread-41" daemon [_thread_blocked, id=5296, stack(0x0000000027ea0000,0x0000000027fa0000)]
  0x0000000019a22800 JavaThread "TCF Channel Transmitter" daemon [_thread_blocked, id=788, stack(0x0000000025d80000,0x0000000025e80000)]
  0x0000000019a21800 JavaThread "TCF Channel Receiver" daemon [_thread_in_native, id=5584, stack(0x00000000256d0000,0x00000000257d0000)]
  0x0000000019a20000 JavaThread "Process monitor" daemon [_thread_in_native, id=5396, stack(0x0000000025170000,0x0000000025270000)]
  0x0000000019a1f800 JavaThread "Input Stream Monitor" daemon [_thread_blocked, id=5416, stack(0x0000000025070000,0x0000000025170000)]
  0x0000000019a1e800 JavaThread "Output Stream Monitor" daemon [_thread_in_native, id=4632, stack(0x0000000024f70000,0x0000000025070000)]
  0x0000000019a1e000 JavaThread "Output Stream Monitor" daemon [_thread_in_native, id=5448, stack(0x0000000024e70000,0x0000000024f70000)]
  0x000000001982f800 JavaThread "TCF Locator DNS Lookup" daemon [_thread_blocked, id=3280, stack(0x0000000023d80000,0x0000000023e80000)]
  0x000000001982e800 JavaThread "TCF Locator Timer" daemon [_thread_blocked, id=2912, stack(0x0000000023c80000,0x0000000023d80000)]
  0x000000001982e000 JavaThread "TCF Locator Receiver" daemon [_thread_in_native, id=3684, stack(0x0000000023b80000,0x0000000023c80000)]
  0x000000001982c800 JavaThread "TCF Timer Dispatcher" daemon [_thread_blocked, id=5540, stack(0x0000000023700000,0x0000000023800000)]
  0x00000000183bf800 JavaThread "EMF Reference Cleaner" daemon [_thread_blocked, id=6128, stack(0x000000001ccd0000,0x000000001cdd0000)]
  0x0000000014e97800 JavaThread "Service Thread" daemon [_thread_blocked, id=5820, stack(0x00000000166c0000,0x00000000167c0000)]
  0x0000000014e0f000 JavaThread "C1 CompilerThread3" daemon [_thread_blocked, id=5236, stack(0x00000000165c0000,0x00000000166c0000)]
  0x0000000014e08000 JavaThread "C2 CompilerThread2" daemon [_thread_blocked, id=3252, stack(0x00000000164c0000,0x00000000165c0000)]
  0x0000000014dfd800 JavaThread "C2 CompilerThread1" daemon [_thread_blocked, id=5828, stack(0x00000000163c0000,0x00000000164c0000)]
  0x0000000014df6000 JavaThread "C2 CompilerThread0" daemon [_thread_blocked, id=5860, stack(0x00000000162c0000,0x00000000163c0000)]
  0x0000000014df2000 JavaThread "Attach Listener" daemon [_thread_blocked, id=4720, stack(0x00000000161c0000,0x00000000162c0000)]
  0x0000000013c3f000 JavaThread "Signal Dispatcher" daemon [_thread_blocked, id=1868, stack(0x00000000160c0000,0x00000000161c0000)]
  0x0000000013c2e000 JavaThread "Finalizer" daemon [_thread_blocked, id=6136, stack(0x0000000015ef0000,0x0000000015ff0000)]
  0x0000000013c26800 JavaThread "Reference Handler" daemon [_thread_blocked, id=5648, stack(0x0000000015df0000,0x0000000015ef0000)]
  0x00000000022e8000 JavaThread "main" [_thread_blocked, id=4340, stack(0x0000000000030000,0x0000000000130000)]

Other Threads:
=>0x0000000014da2800 VMThread [stack: 0x0000000015cf0000,0x0000000015df0000] [id=5604]

VM state:at safepoint (shutting down)

VM Mutex/Monitor currently owned by a thread:  ([mutex/lock_event])
[0x000000000239e3d0] Threads_lock - owner thread: 0x0000000014da2800

Heap:
 PSYoungGen      total 165376K, used 55513K [0x00000000f5580000, 0x0000000100000000, 0x0000000100000000)
  eden space 156160K, 35% used [0x00000000f5580000,0x00000000f8bb64f0,0x00000000fee00000)
  from space 9216K, 0% used [0x00000000fee00000,0x00000000fee00000,0x00000000ff700000)
  to   space 9216K, 0% used [0x00000000ff700000,0x00000000ff700000,0x0000000100000000)
 ParOldGen       total 143872K, used 75104K [0x00000000e0000000, 0x00000000e8c80000, 0x00000000f5580000)
  object space 143872K, 52% used [0x00000000e0000000,0x00000000e4958330,0x00000000e8c80000)
 Metaspace       used 99565K, capacity 107316K, committed 107608K, reserved 1142784K
  class space    used 11315K, capacity 13850K, committed 13952K, reserved 1048576K

Card table byte_map: [0x0000000011770000,0x0000000011880000] byte_map_base: 0x0000000011070000

Marking Bits: (ParMarkBitMap*) 0x000000006fdda5b0
 Begin Bits: [0x0000000012130000, 0x0000000012930000)
 End Bits:   [0x0000000012930000, 0x0000000013130000)

Polling page: 0x0000000002170000

CodeCache: size=245760Kb used=76896Kb max_used=76925Kb free=168863Kb
 bounds [0x00000000023b0000, 0x0000000006f70000, 0x00000000113b0000]
 total_blobs=19732 nmethods=18813 adapters=825
 compilation: enabled

Compilation events (10 events):
Event: 20719.174 Thread 0x0000000014e0f000 25649   !   3       org.eclipse.osgi.internal.framework.BundleContextImpl::dispatchEvent (546 bytes)
Event: 20719.176 Thread 0x0000000014dfd800 25650       4       org.eclipse.osgi.container.Module::getStartLevel (9 bytes)
Event: 20719.177 Thread 0x0000000014dfd800 nmethod 25650 0x0000000005145c50 code [0x0000000005145da0, 0x0000000005145e38]
Event: 20719.178 Thread 0x0000000014e0f000 nmethod 25649 0x0000000006f5c290 code [0x0000000006f5cce0, 0x0000000006f64a38]
Event: 20719.178 Thread 0x0000000014e0f000 25646   !   3       org.eclipse.osgi.container.Module::stop (159 bytes)
Event: 20719.179 Thread 0x0000000014e0f000 nmethod 25646 0x0000000004ba8f90 code [0x0000000004ba9340, 0x0000000004bab608]
Event: 20719.179 Thread 0x0000000014e0f000 25647       3       org.eclipse.osgi.container.Module::persistStopOptions (37 bytes)
Event: 20719.179 Thread 0x0000000014e0f000 nmethod 25647 0x0000000003e9d790 code [0x0000000003e9d920, 0x0000000003e9dda8]
Event: 20719.188 Thread 0x0000000014e0f000 25651   !   3       org.eclipse.osgi.storage.BundleInfo$Generation::close (34 bytes)
Event: 20719.188 Thread 0x0000000014e0f000 nmethod 25651 0x0000000003c77ad0 code [0x0000000003c77c40, 0x0000000003c78068]

GC Heap History (10 events):
Event: 20636.220 GC heap before
{Heap before GC invocations=3815 (full 107):
 PSYoungGen      total 165376K, used 162413K [0x00000000f5580000, 0x0000000100000000, 0x0000000100000000)
  eden space 156160K, 99% used [0x00000000f5580000,0x00000000feca4e18,0x00000000fee00000)
  from space 9216K, 82% used [0x00000000fee00000,0x00000000ff576908,0x00000000ff700000)
  to   space 9216K, 0% used [0x00000000ff700000,0x00000000ff700000,0x0000000100000000)
 ParOldGen       total 143872K, used 80594K [0x00000000e0000000, 0x00000000e8c80000, 0x00000000f5580000)
  object space 143872K, 56% used [0x00000000e0000000,0x00000000e4eb4b48,0x00000000e8c80000)
 Metaspace       used 99004K, capacity 106830K, committed 107224K, reserved 1142784K
  class space    used 11252K, capacity 13743K, committed 13824K, reserved 1048576K
Event: 20636.224 GC heap after
Heap after GC invocations=3815 (full 107):
 PSYoungGen      total 165376K, used 7706K [0x00000000f5580000, 0x0000000100000000, 0x0000000100000000)
  eden space 156160K, 0% used [0x00000000f5580000,0x00000000f5580000,0x00000000fee00000)
  from space 9216K, 83% used [0x00000000ff700000,0x00000000ffe86930,0x0000000100000000)
  to   space 9216K, 0% used [0x00000000fee00000,0x00000000fee00000,0x00000000ff700000)
 ParOldGen       total 143872K, used 80602K [0x00000000e0000000, 0x00000000e8c80000, 0x00000000f5580000)
  object space 143872K, 56% used [0x00000000e0000000,0x00000000e4eb6b48,0x00000000e8c80000)
 Metaspace       used 99004K, capacity 106830K, committed 107224K, reserved 1142784K
  class space    used 11252K, capacity 13743K, committed 13824K, reserved 1048576K
}
Event: 20654.156 GC heap before
{Heap before GC invocations=3816 (full 107):
 PSYoungGen      total 165376K, used 161493K [0x00000000f5580000, 0x0000000100000000, 0x0000000100000000)
  eden space 156160K, 98% used [0x00000000f5580000,0x00000000febaeeb0,0x00000000fee00000)
  from space 9216K, 83% used [0x00000000ff700000,0x00000000ffe86930,0x0000000100000000)
  to   space 9216K, 0% used [0x00000000fee00000,0x00000000fee00000,0x00000000ff700000)
 ParOldGen       total 143872K, used 80602K [0x00000000e0000000, 0x00000000e8c80000, 0x00000000f5580000)
  object space 143872K, 56% used [0x00000000e0000000,0x00000000e4eb6b48,0x00000000e8c80000)
 Metaspace       used 99004K, capacity 106830K, committed 107224K, reserved 1142784K
  class space    used 11252K, capacity 13743K, committed 13824K, reserved 1048576K
Event: 20654.159 GC heap after
Heap after GC invocations=3816 (full 107):
 PSYoungGen      total 165376K, used 7611K [0x00000000f5580000, 0x0000000100000000, 0x0000000100000000)
  eden space 156160K, 0% used [0x00000000f5580000,0x00000000f5580000,0x00000000fee00000)
  from space 9216K, 82% used [0x00000000fee00000,0x00000000ff56edb8,0x00000000ff700000)
  to   space 9216K, 0% used [0x00000000ff700000,0x00000000ff700000,0x0000000100000000)
 ParOldGen       total 143872K, used 80610K [0x00000000e0000000, 0x00000000e8c80000, 0x00000000f5580000)
  object space 143872K, 56% used [0x00000000e0000000,0x00000000e4eb8b48,0x00000000e8c80000)
 Metaspace       used 99004K, capacity 106830K, committed 107224K, reserved 1142784K
  class space    used 11252K, capacity 13743K, committed 13824K, reserved 1048576K
}
Event: 20699.839 GC heap before
{Heap before GC invocations=3817 (full 107):
 PSYoungGen      total 165376K, used 162423K [0x00000000f5580000, 0x0000000100000000, 0x0000000100000000)
  eden space 156160K, 99% used [0x00000000f5580000,0x00000000fecaf0a8,0x00000000fee00000)
  from space 9216K, 82% used [0x00000000fee00000,0x00000000ff56edb8,0x00000000ff700000)
  to   space 9216K, 0% used [0x00000000ff700000,0x00000000ff700000,0x0000000100000000)
 ParOldGen       total 143872K, used 80610K [0x00000000e0000000, 0x00000000e8c80000, 0x00000000f5580000)
  object space 143872K, 56% used [0x00000000e0000000,0x00000000e4eb8b48,0x00000000e8c80000)
 Metaspace       used 99004K, capacity 106830K, committed 107224K, reserved 1142784K
  class space    used 11252K, capacity 13743K, committed 13824K, reserved 1048576K
Event: 20699.842 GC heap after
Heap after GC invocations=3817 (full 107):
 PSYoungGen      total 165376K, used 7708K [0x00000000f5580000, 0x0000000100000000, 0x0000000100000000)
  eden space 156160K, 0% used [0x00000000f5580000,0x00000000f5580000,0x00000000fee00000)
  from space 9216K, 83% used [0x00000000ff700000,0x00000000ffe872a0,0x0000000100000000)
  to   space 9216K, 0% used [0x00000000fee00000,0x00000000fee00000,0x00000000ff700000)
 ParOldGen       total 143872K, used 80618K [0x00000000e0000000, 0x00000000e8c80000, 0x00000000f5580000)
  object space 143872K, 56% used [0x00000000e0000000,0x00000000e4ebab48,0x00000000e8c80000)
 Metaspace       used 99004K, capacity 106830K, committed 107224K, reserved 1142784K
  class space    used 11252K, capacity 13743K, committed 13824K, reserved 1048576K
}
Event: 20714.479 GC heap before
{Heap before GC invocations=3818 (full 107):
 PSYoungGen      total 165376K, used 86714K [0x00000000f5580000, 0x0000000100000000, 0x0000000100000000)
  eden space 156160K, 50% used [0x00000000f5580000,0x00000000fa2a7578,0x00000000fee00000)
  from space 9216K, 83% used [0x00000000ff700000,0x00000000ffe872a0,0x0000000100000000)
  to   space 9216K, 0% used [0x00000000fee00000,0x00000000fee00000,0x00000000ff700000)
 ParOldGen       total 143872K, used 80618K [0x00000000e0000000, 0x00000000e8c80000, 0x00000000f5580000)
  object space 143872K, 56% used [0x00000000e0000000,0x00000000e4ebab48,0x00000000e8c80000)
 Metaspace       used 99022K, capacity 106854K, committed 107224K, reserved 1142784K
  class space    used 11254K, capacity 13747K, committed 13824K, reserved 1048576K
Event: 20714.484 GC heap after
Heap after GC invocations=3818 (full 107):
 PSYoungGen      total 165376K, used 5107K [0x00000000f5580000, 0x0000000100000000, 0x0000000100000000)
  eden space 156160K, 0% used [0x00000000f5580000,0x00000000f5580000,0x00000000fee00000)
  from space 9216K, 55% used [0x00000000fee00000,0x00000000ff2fcec8,0x00000000ff700000)
  to   space 9216K, 0% used [0x00000000ff700000,0x00000000ff700000,0x0000000100000000)
 ParOldGen       total 143872K, used 80626K [0x00000000e0000000, 0x00000000e8c80000, 0x00000000f5580000)
  object space 143872K, 56% used [0x00000000e0000000,0x00000000e4ebcb48,0x00000000e8c80000)
 Metaspace       used 99022K, capacity 106854K, committed 107224K, reserved 1142784K
  class space    used 11254K, capacity 13747K, committed 13824K, reserved 1048576K
}
Event: 20714.484 GC heap before
{Heap before GC invocations=3819 (full 108):
 PSYoungGen      total 165376K, used 5107K [0x00000000f5580000, 0x0000000100000000, 0x0000000100000000)
  eden space 156160K, 0% used [0x00000000f5580000,0x00000000f5580000,0x00000000fee00000)
  from space 9216K, 55% used [0x00000000fee00000,0x00000000ff2fcec8,0x00000000ff700000)
  to   space 9216K, 0% used [0x00000000ff700000,0x00000000ff700000,0x0000000100000000)
 ParOldGen       total 143872K, used 80626K [0x00000000e0000000, 0x00000000e8c80000, 0x00000000f5580000)
  object space 143872K, 56% used [0x00000000e0000000,0x00000000e4ebcb48,0x00000000e8c80000)
 Metaspace       used 99022K, capacity 106854K, committed 107224K, reserved 1142784K
  class space    used 11254K, capacity 13747K, committed 13824K, reserved 1048576K
Event: 20714.647 GC heap after
Heap after GC invocations=3819 (full 108):
 PSYoungGen      total 165376K, used 0K [0x00000000f5580000, 0x0000000100000000, 0x0000000100000000)
  eden space 156160K, 0% used [0x00000000f5580000,0x00000000f5580000,0x00000000fee00000)
  from space 9216K, 0% used [0x00000000fee00000,0x00000000fee00000,0x00000000ff700000)
  to   space 9216K, 0% used [0x00000000ff700000,0x00000000ff700000,0x0000000100000000)
 ParOldGen       total 143872K, used 75104K [0x00000000e0000000, 0x00000000e8c80000, 0x00000000f5580000)
  object space 143872K, 52% used [0x00000000e0000000,0x00000000e4958330,0x00000000e8c80000)
 Metaspace       used 99022K, capacity 106854K, committed 107224K, reserved 1142784K
  class space    used 11254K, capacity 13747K, committed 13824K, reserved 1048576K
}

Deoptimization events (10 events):
Event: 20719.171 Thread 0x000000001ae50000 Uncommon trap: reason=unstable_if action=reinterpret pc=0x0000000004a78454 method=org.eclipse.core.internal.jobs.WorkerPool.startJob(Lorg/eclipse/core/internal/jobs/Worker;)Lorg/eclipse/core/internal/jobs/InternalJob; @ 177
Event: 20719.171 Thread 0x000000001ae4a000 Uncommon trap: reason=unstable_if action=reinterpret pc=0x0000000004a78454 method=org.eclipse.core.internal.jobs.WorkerPool.startJob(Lorg/eclipse/core/internal/jobs/Worker;)Lorg/eclipse/core/internal/jobs/InternalJob; @ 177
Event: 20719.172 Thread 0x000000001ae4d000 Uncommon trap: reason=unstable_if action=reinterpret pc=0x0000000004a78454 method=org.eclipse.core.internal.jobs.WorkerPool.startJob(Lorg/eclipse/core/internal/jobs/Worker;)Lorg/eclipse/core/internal/jobs/InternalJob; @ 177
Event: 20719.172 Thread 0x000000001b1a2000 Uncommon trap: reason=unstable_if action=reinterpret pc=0x0000000004a78454 method=org.eclipse.core.internal.jobs.WorkerPool.startJob(Lorg/eclipse/core/internal/jobs/Worker;)Lorg/eclipse/core/internal/jobs/InternalJob; @ 177
Event: 20719.173 Thread 0x000000001b1a8000 Uncommon trap: reason=bimorphic action=maybe_recompile pc=0x0000000006f5b9f4 method=java.util.ComparableTimSort.binarySort([Ljava/lang/Object;III)V @ 94
Event: 20719.176 Thread 0x000000001b1a8000 Uncommon trap: reason=bimorphic action=maybe_recompile pc=0x0000000006f5b9f4 method=java.util.ComparableTimSort.binarySort([Ljava/lang/Object;III)V @ 94
Event: 20719.183 Thread 0x000000001b1a8000 Uncommon trap: reason=bimorphic action=maybe_recompile pc=0x0000000006f5b9f4 method=java.util.ComparableTimSort.binarySort([Ljava/lang/Object;III)V @ 94
Event: 20719.187 Thread 0x000000001b1a8000 Uncommon trap: reason=unstable_if action=reinterpret pc=0x0000000003dc0e50 method=sun.reflect.UnsafeStaticObjectFieldAccessorImpl.set(Ljava/lang/Object;Ljava/lang/Object;)V @ 13
Event: 20719.188 Thread 0x000000001b1a8000 Uncommon trap: reason=unstable_if action=reinterpret pc=0x0000000003690880 method=java.util.concurrent.locks.ReentrantLock$Sync.tryRelease(I)Z @ 28
Event: 20719.188 Thread 0x000000001982a000 Uncommon trap: reason=unstable_if action=reinterpret pc=0x0000000006692560 method=org.eclipse.osgi.framework.eventmgr.EventManager$EventThread.getNextEvent()Lorg/eclipse/osgi/framework/eventmgr/EventManager$EventThread$Queued; @ 15

Internal exceptions (10 events):
Event: 20717.351 Thread 0x00000000022e8000 Implicit null exception at 0x00000000049226c3 to 0x0000000004922b35
Event: 20717.428 Thread 0x00000000022e8000 Implicit null exception at 0x000000000503d1cf to 0x000000000503d269
Event: 20717.429 Thread 0x00000000022e8000 Implicit null exception at 0x00000000051e6608 to 0x00000000051e6e65
Event: 20717.457 Thread 0x00000000022e8000 Implicit null exception at 0x0000000002e500e0 to 0x0000000002e5062d
Event: 20718.508 Thread 0x0000000017969000 Exception <a 'java/lang/InterruptedException'> (0x00000000f85ab148) thrown at [C:\re\workspace\8-2-build-windows-amd64-cygwin\jdk8u66\5298\hotspot\src\share\vm\runtime\objectMonitor.cpp, line 1683]
Event: 20719.170 Thread 0x0000000019829000 Exception <a 'java/lang/InterruptedException'> (0x00000000f82c0370) thrown at [C:\re\workspace\8-2-build-windows-amd64-cygwin\jdk8u66\5298\hotspot\src\share\vm\runtime\objectMonitor.cpp, line 1683]
Event: 20719.187 Thread 0x000000001b1a8000 Implicit null exception at 0x0000000003dc0b4f to 0x0000000003dc0e3d
Event: 20719.187 Thread 0x0000000016fbc800 Exception <a 'java/lang/InterruptedException'> (0x00000000f88bdc80) thrown at [C:\re\workspace\8-2-build-windows-amd64-cygwin\jdk8u66\5298\hotspot\src\share\vm\runtime\objectMonitor.cpp, line 1683]
Event: 20719.188 Thread 0x000000001982a000 Exception <a 'java/lang/InterruptedException'> (0x00000000f5876068) thrown at [C:\re\workspace\8-2-build-windows-amd64-cygwin\jdk8u66\5298\hotspot\src\share\vm\runtime\objectMonitor.cpp, line 1683]
Event: 20719.188 Thread 0x0000000017739800 Exception <a 'java/lang/InterruptedException'> (0x00000000f8aaa288) thrown at [C:\re\workspace\8-2-build-windows-amd64-cygwin\jdk8u66\5298\hotspot\src\share\vm\runtime\objectMonitor.cpp, line 1683]

Events (10 events):
Event: 20719.189 Executing VM operation: RevokeBias
Event: 20719.189 Executing VM operation: RevokeBias done
Event: 20719.190 Thread 0x000000001b1a8000 Thread exited: 0x000000001b1a8000
Event: 20719.190 loading class java/util/IdentityHashMap$KeyIterator
Event: 20719.190 loading class java/util/IdentityHashMap$IdentityHashMapIterator
Event: 20719.191 loading class java/util/IdentityHashMap$IdentityHashMapIterator done
Event: 20719.191 loading class java/util/IdentityHashMap$KeyIterator done
Event: 20719.191 Thread 0x000000001b1a8000 Thread added: 0x000000001b1a8000
Event: 20719.191 Thread 0x000000001b1a8000 Thread exited: 0x000000001b1a8000
Event: 20719.191 Executing VM operation: Exit


Dynamic libraries:
0x0000000000400000 - 0x000000000044f000 	C:\Xilinx\SDK\2016.2\eclipse\win64.o\eclipse.exe
0x0000000077b00000 - 0x0000000077caa000 	C:\Windows\SYSTEM32\ntdll.dll
0x00000000778e0000 - 0x00000000779ff000 	C:\Windows\system32\kernel32.dll
0x000007fefda90000 - 0x000007fefdafa000 	C:\Windows\system32\KERNELBASE.dll
0x0000000077a00000 - 0x0000000077afa000 	C:\Windows\system32\USER32.dll
0x000007fefeb00000 - 0x000007fefeb67000 	C:\Windows\system32\GDI32.dll
0x000007fefeb70000 - 0x000007fefeb7e000 	C:\Windows\system32\LPK.dll
0x000007fefe350000 - 0x000007fefe41a000 	C:\Windows\system32\USP10.dll
0x000007fefdd60000 - 0x000007fefddff000 	C:\Windows\system32\msvcrt.dll
0x000007fefc150000 - 0x000007fefc344000 	C:\Windows\WinSxS\amd64_microsoft.windows.common-controls_6595b64144ccf1df_6.0.7601.18837_none_fa3b1e3d17594757\COMCTL32.dll
0x000007fefded0000 - 0x000007fefdf41000 	C:\Windows\system32\SHLWAPI.dll
0x000007fefe730000 - 0x000007fefe75e000 	C:\Windows\system32\IMM32.DLL
0x000007fefe7e0000 - 0x000007fefe8e9000 	C:\Windows\system32\MSCTF.dll
0x0000000072000000 - 0x0000000072012000 	C:\Xilinx\SDK\2016.2\eclipse\win64.o\plugins\org.eclipse.equinox.launcher.win32.win32.x86_64_1.1.300.v20150602-1417\eclipse_1611.dll
0x000007fefe650000 - 0x000007fefe72b000 	C:\Windows\system32\ADVAPI32.dll
0x000007fefde00000 - 0x000007fefde1f000 	C:\Windows\SYSTEM32\sechost.dll
0x000007fefe220000 - 0x000007fefe34d000 	C:\Windows\system32\RPCRT4.dll
0x000007fefc8d0000 - 0x000007fefc8dc000 	C:\Windows\system32\VERSION.dll
0x000007fefc0f0000 - 0x000007fefc146000 	C:\Windows\system32\UxTheme.dll
0x000000006f5d0000 - 0x000000006fe59000 	C:\Xilinx\SDK\2016.2\tps\win64\jre\bin\server\jvm.dll
0x000007fef89f0000 - 0x000007fef89f9000 	C:\Windows\system32\WSOCK32.dll
0x000007fefe420000 - 0x000007fefe46d000 	C:\Windows\system32\WS2_32.dll
0x000007fefde20000 - 0x000007fefde28000 	C:\Windows\system32\NSI.dll
0x000007fefa5d0000 - 0x000007fefa60b000 	C:\Windows\system32\WINMM.dll
0x0000000077cc0000 - 0x0000000077cc7000 	C:\Windows\system32\PSAPI.DLL
0x0000000073360000 - 0x0000000073432000 	C:\Windows\system32\MSVCR100.dll
0x0000000073bb0000 - 0x0000000073bbf000 	C:\Xilinx\SDK\2016.2\tps\win64\jre\bin\verify.dll
0x0000000073b80000 - 0x0000000073ba9000 	C:\Xilinx\SDK\2016.2\tps\win64\jre\bin\java.dll
0x0000000073b60000 - 0x0000000073b76000 	C:\Xilinx\SDK\2016.2\tps\win64\jre\bin\zip.dll
0x000007feff080000 - 0x000007feffe09000 	C:\Windows\system32\SHELL32.dll
0x000007fefe8f0000 - 0x000007fefeaf3000 	C:\Windows\system32\ole32.dll
0x000007fefd850000 - 0x000007fefd85f000 	C:\Windows\system32\profapi.dll
0x000007fefd040000 - 0x000007fefd058000 	C:\Windows\system32\CRYPTSP.dll
0x000007fefcd40000 - 0x000007fefcd87000 	C:\Windows\system32\rsaenh.dll
0x000007fefd8b0000 - 0x000007fefd8ce000 	C:\Windows\system32\USERENV.dll
0x000007fefd6a0000 - 0x000007fefd6af000 	C:\Windows\system32\CRYPTBASE.dll
0x0000000073b40000 - 0x0000000073b5a000 	C:\Xilinx\SDK\2016.2\tps\win64\jre\bin\net.dll
0x000007fefcfe0000 - 0x000007fefd035000 	C:\Windows\system32\mswsock.dll
0x000007fefcfd0000 - 0x000007fefcfd7000 	C:\Windows\System32\wship6.dll
0x000007fefa200000 - 0x000007fefa227000 	C:\Windows\system32\IPHLPAPI.DLL
0x000007fefa1f0000 - 0x000007fefa1fb000 	C:\Windows\system32\WINNSI.DLL
0x000007fefa6e0000 - 0x000007fefa6f1000 	C:\Windows\system32\dhcpcsvc6.DLL
0x000007fefa6c0000 - 0x000007fefa6d8000 	C:\Windows\system32\dhcpcsvc.DLL
0x0000000073b20000 - 0x0000000073b31000 	C:\Xilinx\SDK\2016.2\tps\win64\jre\bin\nio.dll
0x000007fefaed0000 - 0x000007fefaee5000 	C:\Windows\system32\NLAapi.dll
0x000007fef9e60000 - 0x000007fef9e75000 	C:\Windows\system32\napinsp.dll
0x000007fef9e80000 - 0x000007fef9e99000 	C:\Windows\system32\pnrpnsp.dll
0x000007fefce60000 - 0x000007fefcebb000 	C:\Windows\system32\DNSAPI.dll
0x000007fef9e50000 - 0x000007fef9e5b000 	C:\Windows\System32\winrnr.dll
0x000007fefc9a0000 - 0x000007fefc9a7000 	C:\Windows\System32\wshtcpip.dll
0x000007fef9ea0000 - 0x000007fef9ea8000 	C:\Windows\system32\rasadhlp.dll
0x000007fefa890000 - 0x000007fefa8e3000 	C:\Windows\System32\fwpuclnt.dll
0x000000001b400000 - 0x000000001b4a8000 	C:\Users\dezfoul2\.Xilinx\SDK\2016.2\org.eclipse.osgi\312\0\.cp\swt-win32-4527.dll
0x000007fefdc00000 - 0x000007fefdcd8000 	C:\Windows\system32\OLEAUT32.dll
0x000007fefde30000 - 0x000007fefdec7000 	C:\Windows\system32\comdlg32.dll
0x000007fef6730000 - 0x000007fef67a1000 	C:\Windows\system32\WINSPOOL.DRV
0x000007fefdf50000 - 0x000007fefe215000 	C:\Windows\system32\WININET.dll
0x000007fefd8a0000 - 0x000007fefd8a4000 	C:\Windows\system32\api-ms-win-downlevel-user32-l1-1-0.dll
0x000007fefd8d0000 - 0x000007fefd8d4000 	C:\Windows\system32\api-ms-win-downlevel-shlwapi-l1-1-0.dll
0x000007fefdbf0000 - 0x000007fefdbf4000 	C:\Windows\system32\api-ms-win-downlevel-version-l1-1-0.dll
0x000007fefd8f0000 - 0x000007fefd8f3000 	C:\Windows\system32\api-ms-win-downlevel-normaliz-l1-1-0.dll
0x0000000077cd0000 - 0x0000000077cd3000 	C:\Windows\system32\normaliz.DLL
0x000007fefedb0000 - 0x000007feff079000 	C:\Windows\system32\iertutil.dll
0x000007fefd8e0000 - 0x000007fefd8e5000 	C:\Windows\system32\api-ms-win-downlevel-advapi32-l1-1-0.dll
0x000007fefd900000 - 0x000007fefda6d000 	C:\Windows\system32\CRYPT32.dll
0x000007fefd840000 - 0x000007fefd84f000 	C:\Windows\system32\MSASN1.dll
0x000007fefbbc0000 - 0x000007fefbcec000 	C:\Windows\system32\propsys.dll
0x000007fefeb80000 - 0x000007fefec19000 	C:\Windows\system32\CLBCatQ.DLL
0x00000000171b0000 - 0x00000000171ce000 	C:\Users\dezfoul2\.Xilinx\SDK\2016.2\org.eclipse.osgi\312\0\.cp\swt-gdip-win32-4527.dll
0x000007fefbed0000 - 0x000007fefc0e6000 	C:\Windows\WinSxS\amd64_microsoft.windows.gdiplus_6595b64144ccf1df_1.1.7601.23508_none_145555328b95eaaa\gdiplus.dll
0x000007fefb9f0000 - 0x000007fefbb51000 	C:\Windows\system32\WindowsCodecs.dll
0x0000000180000000 - 0x0000000180012000 	C:\Users\dezfoul2\.Xilinx\SDK\2016.2\org.eclipse.osgi\126\0\.cp\os\win32\x86_64\localfile_1_0_0.dll
0x000007fef3340000 - 0x000007fef3394000 	C:\Windows\system32\oleacc.dll
0x000007fef89d0000 - 0x000007fef89d7000 	C:\Windows\system32\msimg32.dll
0x000007fefd790000 - 0x000007fefd7a4000 	C:\Windows\system32\RpcRtRemote.dll
0x000007fefd640000 - 0x000007fefd697000 	C:\Windows\system32\apphelp.dll
0x000007fefb800000 - 0x000007fefb811000 	C:\Users\dezfoul2\.Xilinx\SDK\2016.2\org.eclipse.osgi\129\0\.cp\jWinHttp-1.0.0.dll
0x000007fefadd0000 - 0x000007fefae41000 	C:\Windows\system32\WINHTTP.dll
0x000007fefad60000 - 0x000007fefadc4000 	C:\Windows\system32\webio.dll
0x000007fefd610000 - 0x000007fefd635000 	C:\Windows\system32\SspiCli.dll
0x000007fefcc00000 - 0x000007fefcc0a000 	C:\Windows\system32\credssp.dll
0x000007fefdbb0000 - 0x000007fefdbe6000 	C:\Windows\system32\CFGMGR32.dll
0x000007fefb9b0000 - 0x000007fefb9bf000 	C:\Xilinx\SDK\2016.2\lib\win64.o\librdi_repo_manager.dll
0x000007fef8e00000 - 0x000007fef8e2a000 	C:\Xilinx\SDK\2016.2\lib\win64.o\libisl_sysinfo.dll
0x000007feed430000 - 0x000007feed504000 	C:\Windows\system32\MSVCR110.dll
0x000007feed300000 - 0x000007feed3a7000 	C:\Windows\system32\MSVCP110.dll
0x000007feba8d0000 - 0x000007febb310000 	C:\Xilinx\SDK\2016.2\lib\win64.o\librdi_common.dll
0x000007febb9e0000 - 0x000007febbd4e000 	C:\Xilinx\SDK\2016.2\lib\win64.o\libCOIN-all.dll
0x000007febb7c0000 - 0x000007febb9df000 	C:\Xilinx\SDK\2016.2\lib\win64.o\libXil_lmgr11.dll
0x000007fefb8b0000 - 0x000007fefb8c6000 	C:\Windows\system32\NETAPI32.dll
0x000007fefcc70000 - 0x000007fefcc7c000 	C:\Windows\system32\netutils.dll
0x000007fefd250000 - 0x000007fefd273000 	C:\Windows\system32\srvcli.dll
0x000007fefb890000 - 0x000007fefb8a5000 	C:\Windows\system32\wkscli.dll
0x000007fefd860000 - 0x000007fefd89b000 	C:\Windows\system32\WINTRUST.dll
0x000007fefa820000 - 0x000007fefa830000 	C:\Xilinx\SDK\2016.2\lib\win64.o\libboost_date_time.dll
0x000007fef8dd0000 - 0x000007fef8df4000 	C:\Xilinx\SDK\2016.2\lib\win64.o\libboost_filesystem.dll
0x000007fefa590000 - 0x000007fefa599000 	C:\Xilinx\SDK\2016.2\lib\win64.o\libboost_system.dll
0x000007fef32c0000 - 0x000007fef3337000 	C:\Xilinx\SDK\2016.2\lib\win64.o\libboost_program_options.dll
0x000007feee630000 - 0x000007feee736000 	C:\Xilinx\SDK\2016.2\lib\win64.o\libboost_regex.dll
0x000007fef66f0000 - 0x000007fef6703000 	C:\Xilinx\SDK\2016.2\lib\win64.o\libboost_signals.dll
0x000007fef5e30000 - 0x000007fef5e4d000 	C:\Xilinx\SDK\2016.2\lib\win64.o\libboost_thread.dll
0x000007fef94d0000 - 0x000007fef94db000 	C:\Xilinx\SDK\2016.2\lib\win64.o\libboost_chrono.dll
0x000007fef8dc0000 - 0x000007fef8dcb000 	C:\Xilinx\SDK\2016.2\lib\win64.o\libboost_xilinx.dll
0x000007fef5db0000 - 0x000007fef5e30000 	C:\Xilinx\SDK\2016.2\lib\win64.o\libhdlpsolve.dll
0x000007fef1ad0000 - 0x000007fef1b6a000 	C:\Xilinx\SDK\2016.2\lib\win64.o\libhdxml.dll
0x000007febb350000 - 0x000007febb7b5e00 	C:\Xilinx\SDK\2016.2\lib\win64.o\libisl_iostreams.dll
0x000007fef5d90000 - 0x000007fef5da6000 	C:\Xilinx\SDK\2016.2\lib\win64.o\libboost_iostreams.dll
0x000007fef4910000 - 0x000007fef4933000 	C:\Xilinx\SDK\2016.2\lib\win64.o\librdizlib.dll
0x000007fef4280000 - 0x000007fef42a3000 	C:\Xilinx\SDK\2016.2\lib\win64.o\libisl_iosutils.dll
0x000007fef5d70000 - 0x000007fef5d85000 	C:\Xilinx\SDK\2016.2\lib\win64.o\pthreadVC2.dll
0x000007fef1a70000 - 0x000007fef1ac4000 	C:\Xilinx\SDK\2016.2\lib\win64.o\librdi_commonxillic.dll
0x000007feeb2a0000 - 0x000007feeb3d0000 	C:\Xilinx\SDK\2016.2\lib\win64.o\librdi_curl.dll
0x000007fef48f0000 - 0x000007fef4908000 	C:\Xilinx\SDK\2016.2\lib\win64.o\librdiconfig.dll
0x00000000739d0000 - 0x0000000073af7000 	C:\Xilinx\SDK\2016.2\lib\win64.o\tcl85t.dll
0x0000000026610000 - 0x0000000026873000 	C:\Xilinx\SDK\2016.2\lib\win64.o\xerces-c_3_1.dll
0x000007fefec20000 - 0x000007fefeda6000 	C:\Windows\system32\urlmon.dll
0x000007fefdb00000 - 0x000007fefdb04000 	C:\Windows\system32\api-ms-win-downlevel-ole32-l1-1-0.dll
0x000007fee9890000 - 0x000007fee98b3000 	C:\Windows\system32\VCOMP110.DLL
0x000007feba6d0000 - 0x000007feba8c2000 	C:\Xilinx\SDK\2016.2\lib\win64.o\librdi_hsm.dll
0x000007fef1a20000 - 0x000007fef1a63000 	C:\Xilinx\SDK\2016.2\lib\win64.o\librdi_hdf.dll
0x000007feba440000 - 0x000007feba6c1000 	C:\Xilinx\SDK\2016.2\lib\win64.o\librdi_ippcw.dll
0x000007fefb960000 - 0x000007fefb976000 	C:\Xilinx\SDK\2016.2\eclipse\win64.o\plugins\org.eclipse.cdt.core.win32.x86_64_5.4.0.201509131935\os\win32\x86_64\spawner.dll
0x000007fef8d60000 - 0x000007fef8d6a000 	C:\Xilinx\SDK\2016.2\lib\win64.o\librdi_jtag_settings.dll
0x000007fef19b0000 - 0x000007fef19d9000 	C:\Xilinx\SDK\2016.2\lib\win64.o\librdi_debug_dialog.dll
0x000007fef8d50000 - 0x000007fef8d58000 	C:\Xilinx\SDK\2016.2\lib\win64.o\librdi_target_manager.dll
0x0000000071100000 - 0x0000000071125000 	C:\Users\dezfoul2\.jssc\windows\jSSC-2.8_x86_64.dll
0x0000000071080000 - 0x00000000710a6000 	C:\Xilinx\SDK\2016.2\eclipse\win64.o\plugins\gnu.io.rxtx.win32.x86_64_2.1.7.3_v20071015\os\win32\x86_64\rxtxSerial.dll
0x000007feafed0000 - 0x000007feb06e0000 	C:\Xilinx\SDK\2016.2\lib\win64.o\libXil_lmgr11FNP.dll

VM Arguments:
jvm_args: -Dcom.xilinx.sdk.args.hwspec=W:/ece532/src/hdmi.sdk/hdmi_wrapper.hdf -Xms64m -Xmx512m & 
java_command: <unknown>
java_class_path (initial): C:\Xilinx\SDK\2016.2\eclipse\win64.o\\plugins/org.eclipse.equinox.launcher_1.3.100.v20150511-1540.jar
Launcher Type: generic

Environment Variables:
PATH=C:/Xilinx/SDK/2016.2/tps/win64/jre/bin/server;C:/Xilinx/SDK/2016.2/tps/win64/jre/bin;C:/Xilinx/SDK/2016.2/tps/win64/jre/lib/amd64;C:\Xilinx\SDK\2016.2\gnuwin\bin;C:\Xilinx\SDK\2016.2\gnu\microblaze\nt\bin;C:\Xilinx\SDK\2016.2\gnu\microblaze\linux_toolchain\nt64_le\bin;C:\Xilinx\SDK\2016.2\gnu\microblaze\linux_toolchain\nt64_be\bin;C:\Xilinx\SDK\2016.2\gnu\arm\nt\bin;C:\Xilinx\SDK\2016.2\gnu\aarch64\nt\aarch64-none\bin;C:\Xilinx\SDK\2016.2\gnu\aarch64\nt\aarch64-linux\bin;C:\Xilinx\SDK\2016.2\gnu\armr5\nt\gcc-arm-none-eabi\bin;C:\Xilinx\SDK\2016.2\gnu\aarch32\nt\gcc-arm-none-eabi\bin;C:\Xilinx\SDK\2016.2\gnu\aarch32\nt\gcc-arm-linux-gnueabi\bin;C:\Xilinx\SDK\2016.2\tps\win64\cmake-3.3.2\bin;;C:\Xilinx\SDK\2016.2\bin;C:\Xilinx\SDK\2016.2\lib\win64.o;C:\Xilinx\SDK\2016.2\tps\win64\jre\bin\server;C:\Xilinx\SDK\2016.2\tps\win64\jre\bin;C:\Xilinx\Vivado\2016.2\ids_lite\ISE\bin\nt64;C:\Xilinx\Vivado\2016.2\ids_lite\ISE\lib\nt64;C:\Xilinx\Vivado\2016.2\bin;C:\Xilinx\Vivado\2016.2\lib\win64.o;C:\Xilinx\Vivado\2016.2\tps\win64\jre\bin\server;C:\Xilinx\Vivado\2016.2\tps\win64\jre\bin;C:\Xilinx\Vivado_HLS\2016.2\bin;C:\Windows\system32;C:\Windows;C:\Windows\System32\Wbem;C:\Windows\System32\WindowsPowerShell\v1.0\;C:\Program Files (x86)\Java\jre6\bin;C:\Program Files (x86)\eclipse;C:\altera\16.0\quartus\bin64;c:\altera\16.0\quartus\bin64\jre64\bin;w:\ece532\src;
USERNAME=dezfoul2
OS=Windows_NT
PROCESSOR_IDENTIFIER=Intel64 Family 6 Model 60 Stepping 3, GenuineIntel



---------------  S Y S T E M  ---------------

OS: Windows 7 , 64 bit Build 7601 (6.1.7601.23418)

CPU:total 8 (4 cores per cpu, 2 threads per core) family 6 model 60 stepping 3, cmov, cx8, fxsr, mmx, sse, sse2, sse3, ssse3, sse4.1, sse4.2, popcnt, avx, avx2, aes, clmul, erms, lzcnt, ht, tsc, tscinvbit, bmi1, bmi2

Memory: 4k page, physical 16683160k(7859140k free), swap 33364460k(23582020k free)

vm_info: Java HotSpot(TM) 64-Bit Server VM (25.66-b18) for windows-amd64 JRE (1.8.0_66-b18), built on Nov  9 2015 10:51:13 by "java_re" with MS VC++ 10.0 (VS2010)

time: Wed Mar 29 20:32:25 2017
elapsed time: 20719 seconds (0d 5h 45m 19s)

