#
# A fatal error has been detected by the Java Runtime Environment:
#
#  EXCEPTION_UNCAUGHT_CXX_EXCEPTION (0xe06d7363) at pc=0x000007fefd29a06d, pid=4372, tid=1064
#
# JRE version: Java(TM) SE Runtime Environment (8.0_66-b18) (build 1.8.0_66-b18)
# Java VM: Java HotSpot(TM) 64-Bit Server VM (25.66-b18 mixed mode windows-amd64 compressed oops)
# Problematic frame:
# C  [KERNELBASE.dll+0x1a06d]
#
# Failed to write core dump. Minidumps are not enabled by default on client versions of Windows
#
# If you would like to submit a bug report, please visit:
#   http://bugreport.java.com/bugreport/crash.jsp
#

---------------  T H R E A D  ---------------

Current thread (0x0000000014fa2800):  VMThread [stack: 0x0000000015ef0000,0x0000000015ff0000] [id=1064]

siginfo: ExceptionCode=0xe06d7363, ExceptionInformation=0x0000000019930520 0x0000000015fef4c8 0x000007feedff2cb8 0x000007feedf40000 

Registers:
RAX=0x000000006168cff2, RBX=0x000007feedff2cb8, RCX=0x0000000015feed10, RDX=0x00000000000000d0
RSP=0x0000000015fef320, RBP=0x0000000015fef450, RSI=0x00000000ffffffff, RDI=0x0000000017691100
R8 =0x0000000000000000, R9 =0x0000000000000000, R10=0x000007feedf40000, R11=0x0000000015fef360
R12=0x0000000000000001, R13=0x0000000000000008, R14=0x0000000000000000, R15=0xffffffffffffffff
RIP=0x000007fefd29a06d, EFLAGS=0x0000000000000202

Top of Stack: (sp=0x0000000015fef320)
0x0000000015fef320:   000007feedff2cb8 00000000ffffffff
0x0000000015fef330:   0000000017691100 0000000000378270
0x0000000015fef340:   00000001e06d7363 0000000000000000
0x0000000015fef350:   000007fefd29a06d 000007fe00000004
0x0000000015fef360:   0000000019930520 0000000015fef4c8
0x0000000015fef370:   000007feedff2cb8 000007feedf40000
0x0000000015fef380:   0000000000000000 0000000015fef408
0x0000000015fef390:   0000000000000028 00000000176910f0
0x0000000015fef3a0:   000000001763ac70 0000000000000000
0x0000000015fef3b0:   000007fffffa8000 000000007754f2d3
0x0000000015fef3c0:   0000000000000000 0000000000000008
0x0000000015fef3d0:   0000000000000001 0000000017691100
0x0000000015fef3e0:   00000000ffffffff 000007feedf9e92c
0x0000000015fef3f0:   000007feedff2cb8 0000000015fef460
0x0000000015fef400:   0000000000000001 000007feedf400f8
0x0000000015fef410:   00000001e06d7363 0000000000000000 

Instructions: (pc=0x000007fefd29a06d)
0x000007fefd29a04d:   54 24 24 48 89 4c 24 28 4d 85 c9 0f 85 6a 03 00
0x000007fefd29a05d:   00 89 4c 24 38 48 8d 4c 24 20 ff 15 33 02 03 00
0x000007fefd29a06d:   48 81 c4 c8 00 00 00 c3 90 90 90 90 90 90 90 90
0x000007fefd29a07d:   90 90 90 48 83 ec 28 65 48 8b 04 25 30 00 00 00 


Register to memory mapping:

RAX=0x000000006168cff2 is an unknown value
RBX=0x000007feedff2cb8 is an unknown value
RCX=0x0000000015feed10 is an unknown value
RDX=0x00000000000000d0 is an unknown value
RSP=0x0000000015fef320 is an unknown value
RBP=0x0000000015fef450 is an unknown value
RSI=0x00000000ffffffff is an unallocated location in the heap
RDI=0x0000000017691100 is an unknown value
R8 =0x0000000000000000 is an unknown value
R9 =0x0000000000000000 is an unknown value
R10=0x000007feedf40000 is an unknown value
R11=0x0000000015fef360 is an unknown value
R12=0x0000000000000001 is an unknown value
R13=0x0000000000000008 is an unknown value
R14=0x0000000000000000 is an unknown value
R15=0xffffffffffffffff is an unknown value


Stack: [0x0000000015ef0000,0x0000000015ff0000],  sp=0x0000000015fef320,  free space=1020k
Native frames: (J=compiled Java code, j=interpreted, Vv=VM code, C=native code)
C  [KERNELBASE.dll+0x1a06d]
C  [MSVCR110.dll+0x5e92c]
C  [MSVCR110.dll+0x1315c]
C  [MSVCR110.dll+0x136a9]
C  [MSVCR110.dll+0x13e9c]
C  [MSVCR110.dll+0x239e]
C  [MSVCR110.dll+0xaf9e]
C  [MSVCP110.dll+0x397b9]
C  [librdi_common.dll+0x182316]
C  [librdi_common.dll+0x180fab]
C  0x000007feeda52400
C  0x000007feeda52682
C  [ntdll.dll+0x229b1]
C  [ntdll.dll+0x227c0]
C  [MSVCR100.dll+0x20ccd]
V  [jvm.dll+0x210cc5]
V  [jvm.dll+0x249897]
V  [jvm.dll+0x248b36]
V  [jvm.dll+0x248fd1]
V  [jvm.dll+0x2491ee]
V  [jvm.dll+0x29a0fa]
C  [MSVCR100.dll+0x21d9f]
C  [MSVCR100.dll+0x21e3b]
C  [kernel32.dll+0x159bd]
C  [ntdll.dll+0x2a2e1]

VM_Operation (0x000000000012f4c0): Exit, mode: safepoint, requested by thread 0x00000000022a8000


---------------  P R O C E S S  ---------------

Java Threads: ( => current thread )
  0x0000000015030000 JavaThread "pool-2-thread-10" [_thread_blocked, id=7988, stack(0x000000002a190000,0x000000002a290000)]
  0x000000001502f800 JavaThread "pool-2-thread-9" [_thread_blocked, id=4220, stack(0x000000002a090000,0x000000002a190000)]
  0x000000001502d000 JavaThread "pool-2-thread-8" [_thread_blocked, id=7836, stack(0x0000000028f80000,0x0000000029080000)]
  0x0000000015029000 JavaThread "pool-2-thread-7" [_thread_blocked, id=5304, stack(0x0000000028a80000,0x0000000028b80000)]
  0x000000001502a800 JavaThread "EventThread COM3" [_thread_in_native, id=5476, stack(0x0000000028c80000,0x0000000028d80000)]
  0x000000001502a000 JavaThread "pool-2-thread-6" [_thread_blocked, id=3132, stack(0x0000000028b80000,0x0000000028c80000)]
  0x0000000015002800 JavaThread "pool-2-thread-5" [_thread_blocked, id=6716, stack(0x0000000028980000,0x0000000028a80000)]
  0x0000000018c1e800 JavaThread "pool-2-thread-4" [_thread_blocked, id=4120, stack(0x00000000262a0000,0x00000000263a0000)]
  0x0000000015006800 JavaThread "pool-2-thread-3" [_thread_blocked, id=6420, stack(0x0000000028880000,0x0000000028980000)]
  0x0000000021c6a000 JavaThread "pool-2-thread-2" [_thread_blocked, id=3900, stack(0x0000000028580000,0x0000000028680000)]
  0x0000000018c1f800 JavaThread "pool-2-thread-1" [_thread_blocked, id=6404, stack(0x0000000024860000,0x0000000024960000)]
  0x0000000018c1e000 JavaThread "Thread-41" daemon [_thread_blocked, id=7820, stack(0x0000000028480000,0x0000000028580000)]
  0x0000000021c64800 JavaThread "TCF Channel Transmitter" daemon [_thread_blocked, id=4144, stack(0x0000000023f40000,0x0000000024040000)]
  0x0000000021c64000 JavaThread "TCF Channel Receiver" daemon [_thread_in_native, id=5700, stack(0x0000000023690000,0x0000000023790000)]
  0x0000000021c63000 JavaThread "Process monitor" daemon [_thread_in_native, id=5868, stack(0x0000000024580000,0x0000000024680000)]
  0x0000000015010000 JavaThread "Input Stream Monitor" daemon [_thread_blocked, id=6228, stack(0x0000000024480000,0x0000000024580000)]
  0x000000001500f800 JavaThread "Output Stream Monitor" daemon [_thread_in_native, id=7148, stack(0x0000000024380000,0x0000000024480000)]
  0x000000001500e800 JavaThread "Output Stream Monitor" daemon [_thread_in_native, id=6472, stack(0x0000000024280000,0x0000000024380000)]
  0x000000001500e000 JavaThread "TCF Locator DNS Lookup" daemon [_thread_blocked, id=3264, stack(0x0000000023c40000,0x0000000023d40000)]
  0x000000001500d000 JavaThread "TCF Locator Timer" daemon [_thread_blocked, id=6168, stack(0x0000000023b40000,0x0000000023c40000)]
  0x000000001500c800 JavaThread "TCF Locator Receiver" daemon [_thread_in_native, id=4708, stack(0x0000000023a40000,0x0000000023b40000)]
  0x000000001500b000 JavaThread "TCF Timer Dispatcher" daemon [_thread_blocked, id=7388, stack(0x000000001eb00000,0x000000001ec00000)]
  0x0000000018ece000 JavaThread "EMF Reference Cleaner" daemon [_thread_blocked, id=4208, stack(0x000000001a550000,0x000000001a650000)]
  0x00000000150a1000 JavaThread "Service Thread" daemon [_thread_blocked, id=8180, stack(0x00000000168b0000,0x00000000169b0000)]
  0x0000000015002000 JavaThread "C1 CompilerThread3" daemon [_thread_blocked, id=5964, stack(0x00000000167b0000,0x00000000168b0000)]
  0x0000000015001000 JavaThread "C2 CompilerThread2" daemon [_thread_blocked, id=3824, stack(0x00000000166b0000,0x00000000167b0000)]
  0x0000000014ff9800 JavaThread "C2 CompilerThread1" daemon [_thread_blocked, id=6560, stack(0x00000000165b0000,0x00000000166b0000)]
  0x0000000014ff2800 JavaThread "C2 CompilerThread0" daemon [_thread_blocked, id=976, stack(0x00000000164b0000,0x00000000165b0000)]
  0x0000000014fee000 JavaThread "Attach Listener" daemon [_thread_blocked, id=1268, stack(0x00000000163b0000,0x00000000164b0000)]
  0x0000000014fec800 JavaThread "Signal Dispatcher" daemon [_thread_blocked, id=1180, stack(0x00000000162b0000,0x00000000163b0000)]
  0x0000000013e2b000 JavaThread "Finalizer" daemon [_thread_blocked, id=7456, stack(0x00000000160f0000,0x00000000161f0000)]
  0x0000000013e24800 JavaThread "Reference Handler" daemon [_thread_blocked, id=6316, stack(0x0000000015ff0000,0x00000000160f0000)]
  0x00000000022a8000 JavaThread "main" [_thread_blocked, id=6248, stack(0x0000000000030000,0x0000000000130000)]

Other Threads:
=>0x0000000014fa2800 VMThread [stack: 0x0000000015ef0000,0x0000000015ff0000] [id=1064]

VM state:at safepoint (shutting down)

VM Mutex/Monitor currently owned by a thread:  ([mutex/lock_event])
[0x000000000261e530] Threads_lock - owner thread: 0x0000000014fa2800

Heap:
 PSYoungGen      total 124928K, used 104602K [0x00000000f5580000, 0x00000000fe380000, 0x0000000100000000)
  eden space 105984K, 96% used [0x00000000f5580000,0x00000000fb979b70,0x00000000fbd00000)
  from space 18944K, 11% used [0x00000000fbd00000,0x00000000fbf2ce30,0x00000000fcf80000)
  to   space 18944K, 0% used [0x00000000fd100000,0x00000000fd100000,0x00000000fe380000)
 ParOldGen       total 94720K, used 42738K [0x00000000e0000000, 0x00000000e5c80000, 0x00000000f5580000)
  object space 94720K, 45% used [0x00000000e0000000,0x00000000e29bc9a0,0x00000000e5c80000)
 Metaspace       used 89723K, capacity 97114K, committed 97304K, reserved 1134592K
  class space    used 10459K, capacity 12961K, committed 13080K, reserved 1048576K

Card table byte_map: [0x0000000002460000,0x0000000002570000] byte_map_base: 0x0000000001d60000

Marking Bits: (ParMarkBitMap*) 0x000000006956a5b0
 Begin Bits: [0x0000000012340000, 0x0000000012b40000)
 End Bits:   [0x0000000012b40000, 0x0000000013340000)

Polling page: 0x0000000000220000

CodeCache: size=245760Kb used=52010Kb max_used=52115Kb free=193749Kb
 bounds [0x00000000026d0000, 0x0000000005a10000, 0x00000000116d0000]
 total_blobs=13850 nmethods=12947 adapters=811
 compilation: enabled

Compilation events (10 events):
Event: 984.922 Thread 0x0000000015002000 nmethod 16402 0x0000000003d97d50 code [0x0000000003d98080, 0x0000000003d9a218]
Event: 984.923 Thread 0x0000000015002000 16403       3       org.eclipse.osgi.storage.bundlefile.BundleFile::setMruIndex (6 bytes)
Event: 984.923 Thread 0x0000000015002000 nmethod 16403 0x000000000280c510 code [0x000000000280c660, 0x000000000280c7b0]
Event: 984.924 Thread 0x0000000015002000 16404  s!   3       org.eclipse.osgi.storage.bundlefile.ZipBundleFile::close (64 bytes)
Event: 984.924 Thread 0x0000000015002000 nmethod 16404 0x00000000055e3590 code [0x00000000055e3760, 0x00000000055e40f8]
Event: 984.925 Thread 0x0000000015002000 16408       3       org.eclipse.osgi.container.Module::holdsTransitionEventLock (25 bytes)
Event: 984.925 Thread 0x0000000014ff9800 16415       4       org.eclipse.osgi.container.ModuleDatabase::readLock (11 bytes)
Event: 984.925 Thread 0x0000000015002000 nmethod 16408 0x0000000002a73cd0 code [0x0000000002a73e60, 0x0000000002a74588]
Event: 984.926 Thread 0x0000000015002000 16416   !   3       org.eclipse.osgi.container.ModuleDatabase::getRevisionsTimestamp (25 bytes)
Event: 984.926 Thread 0x0000000015002000 nmethod 16416 0x0000000002bfa690 code [0x0000000002bfa8a0, 0x0000000002bfb5d8]

GC Heap History (10 events):
Event: 696.015 GC heap before
{Heap before GC invocations=25 (full 5):
 PSYoungGen      total 117760K, used 117671K [0x00000000f5580000, 0x00000000fea00000, 0x0000000100000000)
  eden space 113152K, 99% used [0x00000000f5580000,0x00000000fc3fffd0,0x00000000fc400000)
  from space 4608K, 98% used [0x00000000fc800000,0x00000000fcc69ca0,0x00000000fcc80000)
  to   space 19456K, 0% used [0x00000000fd700000,0x00000000fd700000,0x00000000fea00000)
 ParOldGen       total 94720K, used 52805K [0x00000000e0000000, 0x00000000e5c80000, 0x00000000f5580000)
  object space 94720K, 55% used [0x00000000e0000000,0x00000000e3391420,0x00000000e5c80000)
 Metaspace       used 88078K, capacity 95702K, committed 95768K, reserved 1132544K
  class space    used 10328K, capacity 12783K, committed 12824K, reserved 1048576K
Event: 696.022 GC heap after
Heap after GC invocations=25 (full 5):
 PSYoungGen      total 125440K, used 4684K [0x00000000f5580000, 0x00000000fe680000, 0x0000000100000000)
  eden space 109568K, 0% used [0x00000000f5580000,0x00000000f5580000,0x00000000fc080000)
  from space 15872K, 29% used [0x00000000fd700000,0x00000000fdb930c0,0x00000000fe680000)
  to   space 19456K, 0% used [0x00000000fc080000,0x00000000fc080000,0x00000000fd380000)
 ParOldGen       total 94720K, used 52813K [0x00000000e0000000, 0x00000000e5c80000, 0x00000000f5580000)
  object space 94720K, 55% used [0x00000000e0000000,0x00000000e3393420,0x00000000e5c80000)
 Metaspace       used 88078K, capacity 95702K, committed 95768K, reserved 1132544K
  class space    used 10328K, capacity 12783K, committed 12824K, reserved 1048576K
}
Event: 815.272 GC heap before
{Heap before GC invocations=26 (full 5):
 PSYoungGen      total 125440K, used 114252K [0x00000000f5580000, 0x00000000fe680000, 0x0000000100000000)
  eden space 109568K, 100% used [0x00000000f5580000,0x00000000fc080000,0x00000000fc080000)
  from space 15872K, 29% used [0x00000000fd700000,0x00000000fdb930c0,0x00000000fe680000)
  to   space 19456K, 0% used [0x00000000fc080000,0x00000000fc080000,0x00000000fd380000)
 ParOldGen       total 94720K, used 52813K [0x00000000e0000000, 0x00000000e5c80000, 0x00000000f5580000)
  object space 94720K, 55% used [0x00000000e0000000,0x00000000e3393420,0x00000000e5c80000)
 Metaspace       used 88663K, capacity 96150K, committed 96408K, reserved 1132544K
  class space    used 10382K, capacity 12847K, committed 12952K, reserved 1048576K
Event: 815.279 GC heap after
Heap after GC invocations=26 (full 5):
 PSYoungGen      total 111104K, used 4675K [0x00000000f5580000, 0x00000000fe300000, 0x0000000100000000)
  eden space 105984K, 0% used [0x00000000f5580000,0x00000000f5580000,0x00000000fbd00000)
  from space 5120K, 91% used [0x00000000fc080000,0x00000000fc510d88,0x00000000fc580000)
  to   space 19456K, 0% used [0x00000000fd000000,0x00000000fd000000,0x00000000fe300000)
 ParOldGen       total 94720K, used 52813K [0x00000000e0000000, 0x00000000e5c80000, 0x00000000f5580000)
  object space 94720K, 55% used [0x00000000e0000000,0x00000000e3393420,0x00000000e5c80000)
 Metaspace       used 88663K, capacity 96150K, committed 96408K, reserved 1132544K
  class space    used 10382K, capacity 12847K, committed 12952K, reserved 1048576K
}
Event: 834.302 GC heap before
{Heap before GC invocations=27 (full 5):
 PSYoungGen      total 111104K, used 17245K [0x00000000f5580000, 0x00000000fe300000, 0x0000000100000000)
  eden space 105984K, 11% used [0x00000000f5580000,0x00000000f61c68b8,0x00000000fbd00000)
  from space 5120K, 91% used [0x00000000fc080000,0x00000000fc510d88,0x00000000fc580000)
  to   space 19456K, 0% used [0x00000000fd000000,0x00000000fd000000,0x00000000fe300000)
 ParOldGen       total 94720K, used 52813K [0x00000000e0000000, 0x00000000e5c80000, 0x00000000f5580000)
  object space 94720K, 55% used [0x00000000e0000000,0x00000000e3393420,0x00000000e5c80000)
 Metaspace       used 88716K, capacity 96150K, committed 96408K, reserved 1132544K
  class space    used 10383K, capacity 12847K, committed 12952K, reserved 1048576K
Event: 834.308 GC heap after
Heap after GC invocations=27 (full 5):
 PSYoungGen      total 124416K, used 4087K [0x00000000f5580000, 0x00000000fe200000, 0x0000000100000000)
  eden space 105984K, 0% used [0x00000000f5580000,0x00000000f5580000,0x00000000fbd00000)
  from space 18432K, 22% used [0x00000000fd000000,0x00000000fd3fdd00,0x00000000fe200000)
  to   space 18944K, 0% used [0x00000000fbd00000,0x00000000fbd00000,0x00000000fcf80000)
 ParOldGen       total 94720K, used 52821K [0x00000000e0000000, 0x00000000e5c80000, 0x00000000f5580000)
  object space 94720K, 55% used [0x00000000e0000000,0x00000000e3395420,0x00000000e5c80000)
 Metaspace       used 88716K, capacity 96150K, committed 96408K, reserved 1132544K
  class space    used 10383K, capacity 12847K, committed 12952K, reserved 1048576K
}
Event: 834.308 GC heap before
{Heap before GC invocations=28 (full 6):
 PSYoungGen      total 124416K, used 4087K [0x00000000f5580000, 0x00000000fe200000, 0x0000000100000000)
  eden space 105984K, 0% used [0x00000000f5580000,0x00000000f5580000,0x00000000fbd00000)
  from space 18432K, 22% used [0x00000000fd000000,0x00000000fd3fdd00,0x00000000fe200000)
  to   space 18944K, 0% used [0x00000000fbd00000,0x00000000fbd00000,0x00000000fcf80000)
 ParOldGen       total 94720K, used 52821K [0x00000000e0000000, 0x00000000e5c80000, 0x00000000f5580000)
  object space 94720K, 55% used [0x00000000e0000000,0x00000000e3395420,0x00000000e5c80000)
 Metaspace       used 88716K, capacity 96150K, committed 96408K, reserved 1132544K
  class space    used 10383K, capacity 12847K, committed 12952K, reserved 1048576K
Event: 834.526 GC heap after
Heap after GC invocations=28 (full 6):
 PSYoungGen      total 124416K, used 0K [0x00000000f5580000, 0x00000000fe200000, 0x0000000100000000)
  eden space 105984K, 0% used [0x00000000f5580000,0x00000000f5580000,0x00000000fbd00000)
  from space 18432K, 0% used [0x00000000fd000000,0x00000000fd000000,0x00000000fe200000)
  to   space 18944K, 0% used [0x00000000fbd00000,0x00000000fbd00000,0x00000000fcf80000)
 ParOldGen       total 94720K, used 42730K [0x00000000e0000000, 0x00000000e5c80000, 0x00000000f5580000)
  object space 94720K, 45% used [0x00000000e0000000,0x00000000e29ba9a0,0x00000000e5c80000)
 Metaspace       used 88659K, capacity 96050K, committed 96408K, reserved 1132544K
  class space    used 10372K, capacity 12827K, committed 12952K, reserved 1048576K
}
Event: 925.586 GC heap before
{Heap before GC invocations=29 (full 6):
 PSYoungGen      total 124416K, used 105984K [0x00000000f5580000, 0x00000000fe200000, 0x0000000100000000)
  eden space 105984K, 100% used [0x00000000f5580000,0x00000000fbd00000,0x00000000fbd00000)
  from space 18432K, 0% used [0x00000000fd000000,0x00000000fd000000,0x00000000fe200000)
  to   space 18944K, 0% used [0x00000000fbd00000,0x00000000fbd00000,0x00000000fcf80000)
 ParOldGen       total 94720K, used 42730K [0x00000000e0000000, 0x00000000e5c80000, 0x00000000f5580000)
  object space 94720K, 45% used [0x00000000e0000000,0x00000000e29ba9a0,0x00000000e5c80000)
 Metaspace       used 89031K, capacity 96542K, committed 96920K, reserved 1132544K
  class space    used 10394K, capacity 12861K, committed 12952K, reserved 1048576K
Event: 925.591 GC heap after
Heap after GC invocations=29 (full 6):
 PSYoungGen      total 124928K, used 2227K [0x00000000f5580000, 0x00000000fe380000, 0x0000000100000000)
  eden space 105984K, 0% used [0x00000000f5580000,0x00000000f5580000,0x00000000fbd00000)
  from space 18944K, 11% used [0x00000000fbd00000,0x00000000fbf2ce30,0x00000000fcf80000)
  to   space 18944K, 0% used [0x00000000fd100000,0x00000000fd100000,0x00000000fe380000)
 ParOldGen       total 94720K, used 42738K [0x00000000e0000000, 0x00000000e5c80000, 0x00000000f5580000)
  object space 94720K, 45% used [0x00000000e0000000,0x00000000e29bc9a0,0x00000000e5c80000)
 Metaspace       used 89031K, capacity 96542K, committed 96920K, reserved 1132544K
  class space    used 10394K, capacity 12861K, committed 12952K, reserved 1048576K
}

Deoptimization events (10 events):
Event: 984.817 Thread 0x0000000021c68800 Uncommon trap: reason=unstable_if action=reinterpret pc=0x0000000002e10684 method=org.eclipse.core.internal.jobs.JobManager.startJob(Lorg/eclipse/core/internal/jobs/Worker;)Lorg/eclipse/core/runtime/jobs/Job; @ 20
Event: 984.826 Thread 0x000000001502c000 Uncommon trap: reason=unstable_if action=reinterpret pc=0x000000000580ecc0 method=org.eclipse.swt.widgets.Display.getSystemFont()Lorg/eclipse/swt/graphics/Font; @ 8
Event: 984.828 Thread 0x000000001502c000 Uncommon trap: reason=unstable_if action=reinterpret pc=0x00000000036286f4 method=org.eclipse.osgi.internal.hooks.EclipseLazyStarter.shouldActivateFor(Ljava/lang/String;Lorg/eclipse/osgi/container/Module;Lorg/eclipse/osgi/container/ModuleRevision;Lorg/ecliAŠãzÇŽ@
Event: 984.879 Thread 0x000000001502c000 Uncommon trap: reason=null_check action=maybe_recompile pc=0x0000000003151298 method=com.xilinx.sdk.targetmanager.internal.json.XMDJSONProcess.issueCommand(Ljava/lang/String;)Lcom/xilinx/sdk/targetmanager/internal/IXMDResult; @ 3
Event: 984.880 Thread 0x000000001502c000 Uncommon trap: reason=bimorphic action=maybe_recompile pc=0x0000000002850bec method=java.util.concurrent.CopyOnWriteArrayList.indexOf(Ljava/lang/Object;[Ljava/lang/Object;II)I @ 46
Event: 984.880 Thread 0x000000001502c000 Uncommon trap: reason=bimorphic action=maybe_recompile pc=0x0000000002850bec method=java.util.concurrent.CopyOnWriteArrayList.indexOf(Ljava/lang/Object;[Ljava/lang/Object;II)I @ 46
Event: 984.880 Thread 0x000000001502c000 Uncommon trap: reason=bimorphic action=maybe_recompile pc=0x0000000002850bec method=java.util.concurrent.CopyOnWriteArrayList.indexOf(Ljava/lang/Object;[Ljava/lang/Object;II)I @ 46
Event: 984.906 Thread 0x0000000021c68800 Uncommon trap: reason=unstable_if action=reinterpret pc=0x00000000041e3d08 method=org.eclipse.core.internal.jobs.JobManager.nextJob()Lorg/eclipse/core/runtime/jobs/Job; @ 80
Event: 984.906 Thread 0x000000001502b800 Uncommon trap: reason=unstable_if action=reinterpret pc=0x00000000041e3d08 method=org.eclipse.core.internal.jobs.JobManager.nextJob()Lorg/eclipse/core/runtime/jobs/Job; @ 80
Event: 984.919 Thread 0x000000001502c000 Uncommon trap: reason=unstable_if action=reinterpret pc=0x00000000038c3650 method=sun.reflect.UnsafeStaticObjectFieldAccessorImpl.set(Ljava/lang/Object;Ljava/lang/Object;)V @ 13

Internal exceptions (10 events):
Event: 983.489 Thread 0x00000000022a8000 Implicit null exception at 0x00000000034ecb30 to 0x00000000034ecb89
Event: 983.907 Thread 0x00000000022a8000 Implicit null exception at 0x00000000056204a9 to 0x0000000005621645
Event: 984.149 Thread 0x0000000021c72000 Exception <a 'java/lang/InterruptedException'> (0x00000000fb3861c8) thrown at [C:\re\workspace\8-2-build-windows-amd64-cygwin\jdk8u66\5298\hotspot\src\share\vm\runtime\objectMonitor.cpp, line 1683]
Event: 984.879 Thread 0x000000001502c000 Implicit null exception at 0x0000000003150b04 to 0x0000000003151289
Event: 984.879 Thread 0x000000001502c000 Exception <a 'java/lang/NullPointerException'> (0x00000000fb5c83c8) thrown at [C:\re\workspace\8-2-build-windows-amd64-cygwin\jdk8u66\5298\hotspot\src\share\vm\prims\jvm.cpp, line 1390]
Event: 984.906 Thread 0x0000000015008000 Exception <a 'java/lang/InterruptedException'> (0x00000000fb0aa708) thrown at [C:\re\workspace\8-2-build-windows-amd64-cygwin\jdk8u66\5298\hotspot\src\share\vm\runtime\objectMonitor.cpp, line 1683]
Event: 984.919 Thread 0x000000001502c000 Implicit null exception at 0x00000000038c334f to 0x00000000038c363d
Event: 984.919 Thread 0x00000000182bb800 Exception <a 'java/lang/InterruptedException'> (0x00000000fb67a218) thrown at [C:\re\workspace\8-2-build-windows-amd64-cygwin\jdk8u66\5298\hotspot\src\share\vm\runtime\objectMonitor.cpp, line 1683]
Event: 984.924 Thread 0x0000000015004000 Exception <a 'java/lang/InterruptedException'> (0x00000000f68ce528) thrown at [C:\re\workspace\8-2-build-windows-amd64-cygwin\jdk8u66\5298\hotspot\src\share\vm\runtime\objectMonitor.cpp, line 1683]
Event: 984.924 Thread 0x0000000017813000 Exception <a 'java/lang/InterruptedException'> (0x00000000fb871c58) thrown at [C:\re\workspace\8-2-build-windows-amd64-cygwin\jdk8u66\5298\hotspot\src\share\vm\runtime\objectMonitor.cpp, line 1683]

Events (10 events):
Event: 984.926 Thread 0x000000001502c000 Thread exited: 0x000000001502c000
Event: 984.926 Thread 0x0000000015002000 flushing nmethod 0x000000000301a490
Event: 984.926 loading class java/util/IdentityHashMap$KeyIterator
Event: 984.926 loading class java/util/IdentityHashMap$IdentityHashMapIterator
Event: 984.926 loading class java/util/IdentityHashMap$IdentityHashMapIterator done
Event: 984.926 loading class java/util/IdentityHashMap$KeyIterator done
Event: 984.927 Thread 0x0000000015002000 flushing nmethod 0x0000000003076b50
Event: 984.927 Thread 0x000000001502c000 Thread added: 0x000000001502c000
Event: 984.927 Thread 0x000000001502c000 Thread exited: 0x000000001502c000
Event: 984.927 Executing VM operation: Exit


Dynamic libraries:
0x0000000000400000 - 0x000000000044f000 	C:\Xilinx\SDK\2016.2\eclipse\win64.o\eclipse.exe
0x0000000077500000 - 0x00000000776aa000 	C:\Windows\SYSTEM32\ntdll.dll
0x00000000772e0000 - 0x00000000773ff000 	C:\Windows\system32\kernel32.dll
0x000007fefd280000 - 0x000007fefd2ea000 	C:\Windows\system32\KERNELBASE.dll
0x0000000077400000 - 0x00000000774fa000 	C:\Windows\system32\USER32.dll
0x000007fefd940000 - 0x000007fefd9a7000 	C:\Windows\system32\GDI32.dll
0x000007fefddb0000 - 0x000007fefddbe000 	C:\Windows\system32\LPK.dll
0x000007fefd730000 - 0x000007fefd7fa000 	C:\Windows\system32\USP10.dll
0x000007fefde40000 - 0x000007fefdedf000 	C:\Windows\system32\msvcrt.dll
0x000007fefbb50000 - 0x000007fefbd44000 	C:\Windows\WinSxS\amd64_microsoft.windows.common-controls_6595b64144ccf1df_6.0.7601.18837_none_fa3b1e3d17594757\COMCTL32.dll
0x000007fefddc0000 - 0x000007fefde31000 	C:\Windows\system32\SHLWAPI.dll
0x000007fefd9d0000 - 0x000007fefd9fe000 	C:\Windows\system32\IMM32.DLL
0x000007feff700000 - 0x000007feff809000 	C:\Windows\system32\MSCTF.dll
0x0000000072000000 - 0x0000000072012000 	C:\Xilinx\SDK\2016.2\eclipse\win64.o\plugins\org.eclipse.equinox.launcher.win32.win32.x86_64_1.1.300.v20150602-1417\eclipse_1611.dll
0x000007fefd860000 - 0x000007fefd93b000 	C:\Windows\system32\ADVAPI32.dll
0x000007fefd9b0000 - 0x000007fefd9cf000 	C:\Windows\SYSTEM32\sechost.dll
0x000007fefd600000 - 0x000007fefd72d000 	C:\Windows\system32\RPCRT4.dll
0x000007fefc2d0000 - 0x000007fefc2dc000 	C:\Windows\system32\VERSION.dll
0x000007fefbaf0000 - 0x000007fefbb46000 	C:\Windows\system32\UxTheme.dll
0x0000000068d60000 - 0x00000000695e9000 	C:\Xilinx\SDK\2016.2\tps\win64\jre\bin\server\jvm.dll
0x000007fefa380000 - 0x000007fefa389000 	C:\Windows\system32\WSOCK32.dll
0x000007fefd800000 - 0x000007fefd84d000 	C:\Windows\system32\WS2_32.dll
0x000007fefd850000 - 0x000007fefd858000 	C:\Windows\system32\NSI.dll
0x000007fefa010000 - 0x000007fefa04b000 	C:\Windows\system32\WINMM.dll
0x00000000776d0000 - 0x00000000776d7000 	C:\Windows\system32\PSAPI.DLL
0x0000000073260000 - 0x0000000073332000 	C:\Windows\system32\MSVCR100.dll
0x000000006d1b0000 - 0x000000006d1bf000 	C:\Xilinx\SDK\2016.2\tps\win64\jre\bin\verify.dll
0x000000006d180000 - 0x000000006d1a9000 	C:\Xilinx\SDK\2016.2\tps\win64\jre\bin\java.dll
0x000000006d160000 - 0x000000006d176000 	C:\Xilinx\SDK\2016.2\tps\win64\jre\bin\zip.dll
0x000007fefe1b0000 - 0x000007fefef39000 	C:\Windows\system32\SHELL32.dll
0x000007feff120000 - 0x000007feff323000 	C:\Windows\system32\ole32.dll
0x000007fefd250000 - 0x000007fefd25f000 	C:\Windows\system32\profapi.dll
0x000007fefca40000 - 0x000007fefca58000 	C:\Windows\system32\CRYPTSP.dll
0x000007fefc740000 - 0x000007fefc787000 	C:\Windows\system32\rsaenh.dll
0x000007fefd530000 - 0x000007fefd54e000 	C:\Windows\system32\USERENV.dll
0x000007fefd0a0000 - 0x000007fefd0af000 	C:\Windows\system32\CRYPTBASE.dll
0x000000006d140000 - 0x000000006d15a000 	C:\Xilinx\SDK\2016.2\tps\win64\jre\bin\net.dll
0x000007fefc9e0000 - 0x000007fefca35000 	C:\Windows\system32\mswsock.dll
0x000007fefc9d0000 - 0x000007fefc9d7000 	C:\Windows\System32\wship6.dll
0x000007fefaa90000 - 0x000007fefaab7000 	C:\Windows\system32\IPHLPAPI.DLL
0x000007fefaa80000 - 0x000007fefaa8b000 	C:\Windows\system32\WINNSI.DLL
0x000007fefa100000 - 0x000007fefa111000 	C:\Windows\system32\dhcpcsvc6.DLL
0x000007fef9c30000 - 0x000007fef9c48000 	C:\Windows\system32\dhcpcsvc.DLL
0x000000006d120000 - 0x000000006d131000 	C:\Xilinx\SDK\2016.2\tps\win64\jre\bin\nio.dll
0x000007fefa600000 - 0x000007fefa615000 	C:\Windows\system32\NLAapi.dll
0x000007fef9860000 - 0x000007fef9875000 	C:\Windows\system32\napinsp.dll
0x000007fef9880000 - 0x000007fef9899000 	C:\Windows\system32\pnrpnsp.dll
0x000007fefc860000 - 0x000007fefc8bb000 	C:\Windows\system32\DNSAPI.dll
0x000007fef9850000 - 0x000007fef985b000 	C:\Windows\System32\winrnr.dll
0x000007fefc3a0000 - 0x000007fefc3a7000 	C:\Windows\System32\wshtcpip.dll
0x000007fef98a0000 - 0x000007fef98a8000 	C:\Windows\system32\rasadhlp.dll
0x000007fefa180000 - 0x000007fefa1d3000 	C:\Windows\System32\fwpuclnt.dll
0x000000001a250000 - 0x000000001a2f8000 	C:\Users\tabrizim\.Xilinx\SDK\2016.2\org.eclipse.osgi\312\0\.cp\swt-win32-4527.dll
0x000007fefdcd0000 - 0x000007fefdda8000 	C:\Windows\system32\OLEAUT32.dll
0x000007feff540000 - 0x000007feff5d7000 	C:\Windows\system32\comdlg32.dll
0x000007fef7210000 - 0x000007fef7281000 	C:\Windows\system32\WINSPOOL.DRV
0x000007fefdee0000 - 0x000007fefe1a5000 	C:\Windows\system32\WININET.dll
0x000007fefd310000 - 0x000007fefd314000 	C:\Windows\system32\api-ms-win-downlevel-user32-l1-1-0.dll
0x000007fefd550000 - 0x000007fefd554000 	C:\Windows\system32\api-ms-win-downlevel-shlwapi-l1-1-0.dll
0x000007fefd360000 - 0x000007fefd364000 	C:\Windows\system32\api-ms-win-downlevel-version-l1-1-0.dll
0x000007fefd2f0000 - 0x000007fefd2f3000 	C:\Windows\system32\api-ms-win-downlevel-normaliz-l1-1-0.dll
0x00000000776c0000 - 0x00000000776c3000 	C:\Windows\system32\normaliz.DLL
0x000007fefda00000 - 0x000007fefdcc9000 	C:\Windows\system32\iertutil.dll
0x000007fefd300000 - 0x000007fefd305000 	C:\Windows\system32\api-ms-win-downlevel-advapi32-l1-1-0.dll
0x000007fefd380000 - 0x000007fefd4ed000 	C:\Windows\system32\CRYPT32.dll
0x000007fefd240000 - 0x000007fefd24f000 	C:\Windows\system32\MSASN1.dll
0x000007fefb5c0000 - 0x000007fefb6ec000 	C:\Windows\system32\propsys.dll
0x000007feff5e0000 - 0x000007feff679000 	C:\Windows\system32\CLBCatQ.DLL
0x00000000003e0000 - 0x00000000003fe000 	C:\Users\tabrizim\.Xilinx\SDK\2016.2\org.eclipse.osgi\312\0\.cp\swt-gdip-win32-4527.dll
0x000007fefb8d0000 - 0x000007fefbae6000 	C:\Windows\WinSxS\amd64_microsoft.windows.gdiplus_6595b64144ccf1df_1.1.7601.23508_none_145555328b95eaaa\gdiplus.dll
0x000007fefb3f0000 - 0x000007fefb551000 	C:\Windows\system32\WindowsCodecs.dll
0x0000000180000000 - 0x0000000180012000 	C:\Users\tabrizim\.Xilinx\SDK\2016.2\org.eclipse.osgi\126\0\.cp\os\win32\x86_64\localfile_1_0_0.dll
0x000007fef25a0000 - 0x000007fef25f4000 	C:\Windows\system32\oleacc.dll
0x000007fef7290000 - 0x000007fef7297000 	C:\Windows\system32\msimg32.dll
0x000007fefd190000 - 0x000007fefd1a4000 	C:\Windows\system32\RpcRtRemote.dll
0x000007fefd040000 - 0x000007fefd097000 	C:\Windows\system32\apphelp.dll
0x000007fec21c0000 - 0x000007fec21d1000 	C:\Users\tabrizim\.Xilinx\SDK\2016.2\org.eclipse.osgi\129\0\.cp\jWinHttp-1.0.0.dll
0x000007fefa2e0000 - 0x000007fefa351000 	C:\Windows\system32\WINHTTP.dll
0x000007fefa270000 - 0x000007fefa2d4000 	C:\Windows\system32\webio.dll
0x000007fefd010000 - 0x000007fefd035000 	C:\Windows\system32\SspiCli.dll
0x000007fefc600000 - 0x000007fefc60a000 	C:\Windows\system32\credssp.dll
0x000007fefd320000 - 0x000007fefd356000 	C:\Windows\system32\CFGMGR32.dll
0x000007feec460000 - 0x000007feec46f000 	C:\Xilinx\SDK\2016.2\lib\win64.o\librdi_repo_manager.dll
0x000007fec23e0000 - 0x000007fec240a000 	C:\Xilinx\SDK\2016.2\lib\win64.o\libisl_sysinfo.dll
0x000007feedf40000 - 0x000007feee014000 	C:\Windows\system32\MSVCR110.dll
0x000007feedb70000 - 0x000007feedc17000 	C:\Windows\system32\MSVCP110.dll
0x000007fec16a0000 - 0x000007fec20e0000 	C:\Xilinx\SDK\2016.2\lib\win64.o\librdi_common.dll
0x000007fec2ad0000 - 0x000007fec2e3e000 	C:\Xilinx\SDK\2016.2\lib\win64.o\libCOIN-all.dll
0x000007fec28b0000 - 0x000007fec2acf000 	C:\Xilinx\SDK\2016.2\lib\win64.o\libXil_lmgr11.dll
0x000007fefb2b0000 - 0x000007fefb2c6000 	C:\Windows\system32\NETAPI32.dll
0x000007fefc670000 - 0x000007fefc67c000 	C:\Windows\system32\netutils.dll
0x000007fefcc50000 - 0x000007fefcc73000 	C:\Windows\system32\srvcli.dll
0x000007fefb290000 - 0x000007fefb2a5000 	C:\Windows\system32\wkscli.dll
0x000007fefd4f0000 - 0x000007fefd52b000 	C:\Windows\system32\WINTRUST.dll
0x000007fef62e0000 - 0x000007fef62f0000 	C:\Xilinx\SDK\2016.2\lib\win64.o\libboost_date_time.dll
0x000007fec8ca0000 - 0x000007fec8cc4000 	C:\Xilinx\SDK\2016.2\lib\win64.o\libboost_filesystem.dll
0x000007fef5ed0000 - 0x000007fef5ed9000 	C:\Xilinx\SDK\2016.2\lib\win64.o\libboost_system.dll
0x000007fec8c20000 - 0x000007fec8c97000 	C:\Xilinx\SDK\2016.2\lib\win64.o\libboost_program_options.dll
0x000007fec8900000 - 0x000007fec8a06000 	C:\Xilinx\SDK\2016.2\lib\win64.o\libboost_regex.dll
0x000007fec9bc0000 - 0x000007fec9bd3000 	C:\Xilinx\SDK\2016.2\lib\win64.o\libboost_signals.dll
0x000007fec8bb0000 - 0x000007fec8bcd000 	C:\Xilinx\SDK\2016.2\lib\win64.o\libboost_thread.dll
0x000007fef3fe0000 - 0x000007fef3feb000 	C:\Xilinx\SDK\2016.2\lib\win64.o\libboost_chrono.dll
0x000007fef57a0000 - 0x000007fef57ab000 	C:\Xilinx\SDK\2016.2\lib\win64.o\libboost_xilinx.dll
0x000007fec8b30000 - 0x000007fec8bb0000 	C:\Xilinx\SDK\2016.2\lib\win64.o\libhdlpsolve.dll
0x000007fec8a90000 - 0x000007fec8b2a000 	C:\Xilinx\SDK\2016.2\lib\win64.o\libhdxml.dll
0x000007fec2440000 - 0x000007fec28a5e00 	C:\Xilinx\SDK\2016.2\lib\win64.o\libisl_iostreams.dll
0x000007fec8c00000 - 0x000007fec8c16000 	C:\Xilinx\SDK\2016.2\lib\win64.o\libboost_iostreams.dll
0x000007fec88d0000 - 0x000007fec88f3000 	C:\Xilinx\SDK\2016.2\lib\win64.o\librdizlib.dll
0x000007fec2410000 - 0x000007fec2433000 	C:\Xilinx\SDK\2016.2\lib\win64.o\libisl_iosutils.dll
0x000007fec9be0000 - 0x000007fec9bf5000 	C:\Xilinx\SDK\2016.2\lib\win64.o\pthreadVC2.dll
0x000007fec2380000 - 0x000007fec23d4000 	C:\Xilinx\SDK\2016.2\lib\win64.o\librdi_commonxillic.dll
0x000007fec2250000 - 0x000007fec2380000 	C:\Xilinx\SDK\2016.2\lib\win64.o\librdi_curl.dll
0x000007fec2230000 - 0x000007fec2248000 	C:\Xilinx\SDK\2016.2\lib\win64.o\librdiconfig.dll
0x000000006cca0000 - 0x000000006cdc7000 	C:\Xilinx\SDK\2016.2\lib\win64.o\tcl85t.dll
0x0000000025260000 - 0x00000000254c3000 	C:\Xilinx\SDK\2016.2\lib\win64.o\xerces-c_3_1.dll
0x000007feff330000 - 0x000007feff4b6000 	C:\Windows\system32\urlmon.dll
0x000007fefd370000 - 0x000007fefd374000 	C:\Windows\system32\api-ms-win-downlevel-ole32-l1-1-0.dll
0x000007feeb7d0000 - 0x000007feeb7f3000 	C:\Windows\system32\VCOMP110.DLL
0x000007fec0860000 - 0x000007fec0a52000 	C:\Xilinx\SDK\2016.2\lib\win64.o\librdi_hsm.dll
0x000007fec21e0000 - 0x000007fec2223000 	C:\Xilinx\SDK\2016.2\lib\win64.o\librdi_hdf.dll
0x000007fec05d0000 - 0x000007fec0851000 	C:\Xilinx\SDK\2016.2\lib\win64.o\librdi_ippcw.dll
0x000007fef8840000 - 0x000007fef8875000 	C:\Windows\system32\EhStorShell.dll
0x000007fefef40000 - 0x000007feff117000 	C:\Windows\system32\SETUPAPI.dll
0x000007fefd260000 - 0x000007fefd27a000 	C:\Windows\system32\DEVOBJ.dll
0x000007fef87c0000 - 0x000007fef883e000 	C:\Windows\System32\cscui.dll
0x000007fefab50000 - 0x000007fefab5c000 	C:\Windows\System32\CSCDLL.dll
0x000007fef5ec0000 - 0x000007fef5ecf000 	C:\Windows\system32\CSCAPI.dll
0x000007fef8740000 - 0x000007fef87c0000 	C:\Windows\system32\ntshrui.dll

VM Arguments:
jvm_args: -Dcom.xilinx.sdk.args.hwspec=W:/523_fuck_xilinx/NexysVideo-master/Projects/hdmi/proj/hdmi.sdk/hdmi_wrapper.hdf -Xms64m -Xmx512m & 
java_command: <unknown>
java_class_path (initial): C:\Xilinx\SDK\2016.2\eclipse\win64.o\\plugins/org.eclipse.equinox.launcher_1.3.100.v20150511-1540.jar
Launcher Type: generic

Environment Variables:
PATH=C:/Xilinx/SDK/2016.2/tps/win64/jre/bin/server;C:/Xilinx/SDK/2016.2/tps/win64/jre/bin;C:/Xilinx/SDK/2016.2/tps/win64/jre/lib/amd64;C:\Xilinx\SDK\2016.2\gnuwin\bin;C:\Xilinx\SDK\2016.2\gnu\microblaze\nt\bin;C:\Xilinx\SDK\2016.2\gnu\microblaze\linux_toolchain\nt64_le\bin;C:\Xilinx\SDK\2016.2\gnu\microblaze\linux_toolchain\nt64_be\bin;C:\Xilinx\SDK\2016.2\gnu\arm\nt\bin;C:\Xilinx\SDK\2016.2\gnu\aarch64\nt\aarch64-none\bin;C:\Xilinx\SDK\2016.2\gnu\aarch64\nt\aarch64-linux\bin;C:\Xilinx\SDK\2016.2\gnu\armr5\nt\gcc-arm-none-eabi\bin;C:\Xilinx\SDK\2016.2\gnu\aarch32\nt\gcc-arm-none-eabi\bin;C:\Xilinx\SDK\2016.2\gnu\aarch32\nt\gcc-arm-linux-gnueabi\bin;C:\Xilinx\SDK\2016.2\tps\win64\cmake-3.3.2\bin;;C:\Xilinx\SDK\2016.2\bin;C:\Xilinx\SDK\2016.2\lib\win64.o;C:\Xilinx\SDK\2016.2\tps\win64\jre\bin\server;C:\Xilinx\SDK\2016.2\tps\win64\jre\bin;C:\Xilinx\Vivado\2016.2\ids_lite\ISE\bin\nt64;C:\Xilinx\Vivado\2016.2\ids_lite\ISE\lib\nt64;C:\Xilinx\Vivado\2016.2\bin;C:\Xilinx\Vivado\2016.2\lib\win64.o;C:\Xilinx\Vivado\2016.2\tps\win64\jre\bin\server;C:\Xilinx\Vivado\2016.2\tps\win64\jre\bin;C:\Xilinx\Vivado_HLS\2016.2\bin;C:\Windows\system32;C:\Windows;C:\Windows\System32\Wbem;C:\Windows\System32\WindowsPowerShell\v1.0\;C:\Program Files (x86)\Java\jre6\bin;C:\Program Files (x86)\eclipse;C:\altera\16.0\quartus\bin64;c:\altera\16.0\quartus\bin64\jre64\bin;W:\523_fuck_xilinx\NexysVideo-master\Projects\hdmi\proj;
USERNAME=tabrizim
OS=Windows_NT
PROCESSOR_IDENTIFIER=Intel64 Family 6 Model 60 Stepping 3, GenuineIntel



---------------  S Y S T E M  ---------------

OS: Windows 7 , 64 bit Build 7601 (6.1.7601.23418)

CPU:total 8 (4 cores per cpu, 2 threads per core) family 6 model 60 stepping 3, cmov, cx8, fxsr, mmx, sse, sse2, sse3, ssse3, sse4.1, sse4.2, popcnt, avx, avx2, aes, clmul, erms, lzcnt, ht, tsc, tscinvbit, bmi1, bmi2

Memory: 4k page, physical 16683160k(10805716k free), swap 33364460k(26706028k free)

vm_info: Java HotSpot(TM) 64-Bit Server VM (25.66-b18) for windows-amd64 JRE (1.8.0_66-b18), built on Nov  9 2015 10:51:13 by "java_re" with MS VC++ 10.0 (VS2010)

time: Wed Feb 08 18:43:43 2017
elapsed time: 985 seconds (0d 0h 16m 25s)

