#
# A fatal error has been detected by the Java Runtime Environment:
#
#  EXCEPTION_UNCAUGHT_CXX_EXCEPTION (0xe06d7363) at pc=0x000007fefd5da06d, pid=1848, tid=5568
#
# JRE version: Java(TM) SE Runtime Environment (8.0_66-b18) (build 1.8.0_66-b18)
# Java VM: Java HotSpot(TM) 64-Bit Server VM (25.66-b18 mixed mode windows-amd64 compressed oops)
# Problematic frame:
# C  [KERNELBASE.dll+0x1a06d]
#
# Failed to write core dump. Minidumps are not enabled by default on client versions of Windows
#
# If you would like to submit a bug report, please visit:
#   http://bugreport.java.com/bugreport/crash.jsp
#

---------------  T H R E A D  ---------------

Current thread (0x0000000013d61000):  VMThread [stack: 0x0000000015e30000,0x0000000015f30000] [id=5568]

siginfo: ExceptionCode=0xe06d7363, ExceptionInformation=0x0000000019930520 0x0000000015f2f6c8 0x000007feec552cb8 0x000007feec4a0000 

Registers:
RAX=0x0000000066643d72, RBX=0x000007feec552cb8, RCX=0x0000000015f2ef10, RDX=0x00000000000000d0
RSP=0x0000000015f2f520, RBP=0x0000000015f2f650, RSI=0x00000000ffffffff, RDI=0x0000000000369c60
R8 =0x0000000000000000, R9 =0x0000000000000000, R10=0x000007feec4a0000, R11=0x0000000015f2f560
R12=0x0000000000000001, R13=0x0000000000000008, R14=0x0000000000000000, R15=0xffffffffffffffff
RIP=0x000007fefd5da06d, EFLAGS=0x0000000000000206

Top of Stack: (sp=0x0000000015f2f520)
0x0000000015f2f520:   000007feec552cb8 00000000ffffffff
0x0000000015f2f530:   0000000000369c60 00000000003240e0
0x0000000015f2f540:   00000001e06d7363 0000000000000000
0x0000000015f2f550:   000007fefd5da06d 000007fe00000004
0x0000000015f2f560:   0000000019930520 0000000015f2f6c8
0x0000000015f2f570:   000007feec552cb8 000007feec4a0000
0x0000000015f2f580:   0000000000000000 0000000015f2f608
0x0000000015f2f590:   0000000000000028 0000000000369c50
0x0000000015f2f5a0:   00000000175b3d60 0000000000000000
0x0000000015f2f5b0:   000007fffffa8000 000000007777f2d3
0x0000000015f2f5c0:   0000000000000000 0000000000000008
0x0000000015f2f5d0:   0000000000000001 0000000000369c60
0x0000000015f2f5e0:   00000000ffffffff 000007feec4fe92c
0x0000000015f2f5f0:   000007feec552cb8 0000000015f2f660
0x0000000015f2f600:   0000000000000001 000007feec4a00f8
0x0000000015f2f610:   00000001e06d7363 0000000000000000 

Instructions: (pc=0x000007fefd5da06d)
0x000007fefd5da04d:   54 24 24 48 89 4c 24 28 4d 85 c9 0f 85 6a 03 00
0x000007fefd5da05d:   00 89 4c 24 38 48 8d 4c 24 20 ff 15 33 02 03 00
0x000007fefd5da06d:   48 81 c4 c8 00 00 00 c3 90 90 90 90 90 90 90 90
0x000007fefd5da07d:   90 90 90 48 83 ec 28 65 48 8b 04 25 30 00 00 00 


Register to memory mapping:

RAX=0x0000000066643d72 is an unknown value
RBX=0x000007feec552cb8 is an unknown value
RCX=0x0000000015f2ef10 is an unknown value
RDX=0x00000000000000d0 is an unknown value
RSP=0x0000000015f2f520 is an unknown value
RBP=0x0000000015f2f650 is an unknown value
RSI=0x00000000ffffffff is an unknown value
RDI=0x0000000000369c60 is an unknown value
R8 =0x0000000000000000 is an unknown value
R9 =0x0000000000000000 is an unknown value
R10=0x000007feec4a0000 is an unknown value
R11=0x0000000015f2f560 is an unknown value
R12=0x0000000000000001 is an unknown value
R13=0x0000000000000008 is an unknown value
R14=0x0000000000000000 is an unknown value
R15=0xffffffffffffffff is an unknown value


Stack: [0x0000000015e30000,0x0000000015f30000],  sp=0x0000000015f2f520,  free space=1021k
Native frames: (J=compiled Java code, j=interpreted, Vv=VM code, C=native code)
C  [KERNELBASE.dll+0x1a06d]
C  [MSVCR110.dll+0x5e92c]
C  [MSVCR110.dll+0x1315c]
C  [MSVCR110.dll+0x136a9]
C  [MSVCR110.dll+0x13e9c]
C  [MSVCR110.dll+0x239e]
C  [MSVCR110.dll+0xaf9e]
C  [MSVCP110.dll+0x397b9]
C  [librdi_common.dll+0x182316]
C  [librdi_common.dll+0x180fab]
C  [librdi_target_manager.dll+0x2400]
C  [librdi_target_manager.dll+0x2682]
C  [ntdll.dll+0x229b1]
C  [ntdll.dll+0x227c0]
C  [MSVCR100.dll+0x20ccd]
V  [jvm.dll+0x210cc5]
V  [jvm.dll+0x249897]
V  [jvm.dll+0x248b36]
V  [jvm.dll+0x248fd1]
V  [jvm.dll+0x2491ee]
V  [jvm.dll+0x29a0fa]
C  [MSVCR100.dll+0x21d9f]
C  [MSVCR100.dll+0x21e3b]
C  [kernel32.dll+0x159bd]
C  [ntdll.dll+0x2a2e1]

VM_Operation (0x000000000012f4c0): Exit, mode: safepoint, requested by thread 0x0000000002518800


---------------  P R O C E S S  ---------------

Java Threads: ( => current thread )
  0x000000001c11f000 JavaThread "Thread-25" daemon [_thread_blocked, id=1076, stack(0x0000000028f20000,0x0000000029020000)]
  0x0000000016c47800 JavaThread "TCF Channel Transmitter" daemon [_thread_blocked, id=5172, stack(0x0000000029160000,0x0000000029260000)]
  0x0000000016c44800 JavaThread "TCF Channel Receiver" daemon [_thread_in_native, id=1556, stack(0x0000000029060000,0x0000000029160000)]
  0x000000001ca4b000 JavaThread "Process monitor" daemon [_thread_in_native, id=5216, stack(0x00000000268a0000,0x00000000269a0000)]
  0x000000001ca4a000 JavaThread "Input Stream Monitor" daemon [_thread_blocked, id=6056, stack(0x0000000026420000,0x0000000026520000)]
  0x000000001ca49800 JavaThread "Output Stream Monitor" daemon [_thread_in_native, id=3960, stack(0x0000000026320000,0x0000000026420000)]
  0x000000001ca48800 JavaThread "Output Stream Monitor" daemon [_thread_in_native, id=3564, stack(0x0000000024f50000,0x0000000025050000)]
  0x0000000016c50000 JavaThread "Worker-5" [_thread_blocked, id=5684, stack(0x0000000027270000,0x0000000027370000)]
  0x0000000016c4c000 JavaThread "TCF Locator DNS Lookup" daemon [_thread_blocked, id=5408, stack(0x0000000026c70000,0x0000000026d70000)]
  0x0000000016c4b800 JavaThread "TCF Locator Timer" daemon [_thread_blocked, id=3088, stack(0x0000000026b70000,0x0000000026c70000)]
  0x0000000016c4a800 JavaThread "TCF Locator Receiver" daemon [_thread_in_native, id=2484, stack(0x0000000023200000,0x0000000023300000)]
  0x0000000016c49000 JavaThread "TCF Timer Dispatcher" daemon [_thread_blocked, id=1864, stack(0x00000000265f0000,0x00000000266f0000)]
  0x0000000016c44000 JavaThread "EMF Reference Cleaner" daemon [_thread_blocked, id=5200, stack(0x000000001a700000,0x000000001a800000)]
  0x0000000014fd4800 JavaThread "Service Thread" daemon [_thread_blocked, id=4616, stack(0x00000000167f0000,0x00000000168f0000)]
  0x0000000014f68000 JavaThread "C1 CompilerThread3" daemon [_thread_blocked, id=5136, stack(0x00000000166f0000,0x00000000167f0000)]
  0x0000000014f47000 JavaThread "C2 CompilerThread2" daemon [_thread_blocked, id=5040, stack(0x00000000165f0000,0x00000000166f0000)]
  0x0000000014f40000 JavaThread "C2 CompilerThread1" daemon [_thread_blocked, id=4404, stack(0x00000000164f0000,0x00000000165f0000)]
  0x0000000014f38800 JavaThread "C2 CompilerThread0" daemon [_thread_blocked, id=2860, stack(0x00000000163f0000,0x00000000164f0000)]
  0x0000000014f35800 JavaThread "Attach Listener" daemon [_thread_blocked, id=3280, stack(0x00000000162f0000,0x00000000163f0000)]
  0x0000000014f34800 JavaThread "Signal Dispatcher" daemon [_thread_blocked, id=5380, stack(0x00000000161f0000,0x00000000162f0000)]
  0x0000000013d71000 JavaThread "Finalizer" daemon [_thread_blocked, id=1252, stack(0x0000000016030000,0x0000000016130000)]
  0x0000000013d6a800 JavaThread "Reference Handler" daemon [_thread_blocked, id=5076, stack(0x0000000015f30000,0x0000000016030000)]
  0x0000000002518800 JavaThread "main" [_thread_blocked, id=3096, stack(0x0000000000030000,0x0000000000130000)]

Other Threads:
=>0x0000000013d61000 VMThread [stack: 0x0000000015e30000,0x0000000015f30000] [id=5568]

VM state:at safepoint (shutting down)

VM Mutex/Monitor currently owned by a thread:  ([mutex/lock_event])
[0x00000000024ae970] Threads_lock - owner thread: 0x0000000013d61000

Heap:
 PSYoungGen      total 132096K, used 66436K [0x00000000f5580000, 0x0000000100000000, 0x0000000100000000)
  eden space 98816K, 33% used [0x00000000f5580000,0x00000000f75ee880,0x00000000fb600000)
  from space 33280K, 99% used [0x00000000fb600000,0x00000000fd672960,0x00000000fd680000)
  to   space 41984K, 0% used [0x00000000fd700000,0x00000000fd700000,0x0000000100000000)
 ParOldGen       total 112640K, used 43887K [0x00000000e0000000, 0x00000000e6e00000, 0x00000000f5580000)
  object space 112640K, 38% used [0x00000000e0000000,0x00000000e2adbd38,0x00000000e6e00000)
 Metaspace       used 87976K, capacity 95078K, committed 95128K, reserved 1132544K
  class space    used 10614K, capacity 12942K, committed 12976K, reserved 1048576K

Card table byte_map: [0x0000000011970000,0x0000000011a80000] byte_map_base: 0x0000000011270000

Marking Bits: (ParMarkBitMap*) 0x0000000070c3a5b0
 Begin Bits: [0x0000000012280000, 0x0000000012a80000)
 End Bits:   [0x0000000012a80000, 0x0000000013280000)

Polling page: 0x0000000000230000

CodeCache: size=245760Kb used=38289Kb max_used=38626Kb free=207471Kb
 bounds [0x00000000025b0000, 0x0000000004bc0000, 0x00000000115b0000]
 total_blobs=11254 nmethods=10346 adapters=815
 compilation: enabled

Compilation events (10 events):
Event: 207.599 Thread 0x0000000014f68000 12877       3       java.util.WeakHashMap::isEmpty (13 bytes)
Event: 207.600 Thread 0x0000000014f68000 nmethod 12877 0x00000000027e0e10 code [0x00000000027e0f80, 0x00000000027e12a8]
Event: 207.600 Thread 0x0000000014f68000 12882   !   3       org.eclipse.osgi.storage.BundleInfo$Generation::close (34 bytes)
Event: 207.600 Thread 0x0000000014f68000 nmethod 12882 0x00000000049401d0 code [0x0000000004940340, 0x0000000004940768]
Event: 207.601 Thread 0x0000000014f38800 12884       4       java.lang.Long::hashCode (8 bytes)
Event: 207.601 Thread 0x0000000014f38800 nmethod 12884 0x0000000003123310 code [0x0000000003123440, 0x00000000031234b8]
Event: 207.601 Thread 0x0000000014f68000 12885       3       org.eclipse.osgi.container.Module::holdsTransitionEventLock (25 bytes)
Event: 207.601 Thread 0x0000000014f68000 nmethod 12885 0x0000000002e2f650 code [0x0000000002e2f7e0, 0x0000000002e2ff08]
Event: 207.602 Thread 0x0000000014f68000 12894   !   3       org.eclipse.osgi.storage.BundleInfo$Generation::clearManifestCache (30 bytes)
Event: 207.602 Thread 0x0000000014f68000 nmethod 12894 0x00000000032af790 code [0x00000000032af920, 0x00000000032aff68]

GC Heap History (10 events):
Event: 5.669 GC heap before
{Heap before GC invocations=12 (full 3):
 PSYoungGen      total 148992K, used 122368K [0x00000000f5580000, 0x0000000100000000, 0x0000000100000000)
  eden space 122368K, 100% used [0x00000000f5580000,0x00000000fcd00000,0x00000000fcd00000)
  from space 26624K, 0% used [0x00000000fe600000,0x00000000fe600000,0x0000000100000000)
  to   space 25600K, 0% used [0x00000000fcd00000,0x00000000fcd00000,0x00000000fe600000)
 ParOldGen       total 112640K, used 38477K [0x00000000e0000000, 0x00000000e6e00000, 0x00000000f5580000)
  object space 112640K, 34% used [0x00000000e0000000,0x00000000e2593530,0x00000000e6e00000)
 Metaspace       used 63081K, capacity 68572K, committed 68760K, reserved 1107968K
  class space    used 7889K, capacity 9620K, committed 9648K, reserved 1048576K
Event: 5.682 GC heap after
Heap after GC invocations=12 (full 3):
 PSYoungGen      total 141824K, used 19144K [0x00000000f5580000, 0x0000000100000000, 0x0000000100000000)
  eden space 122368K, 0% used [0x00000000f5580000,0x00000000f5580000,0x00000000fcd00000)
  from space 19456K, 98% used [0x00000000fcd00000,0x00000000fdfb23b0,0x00000000fe000000)
  to   space 27136K, 0% used [0x00000000fe580000,0x00000000fe580000,0x0000000100000000)
 ParOldGen       total 112640K, used 38485K [0x00000000e0000000, 0x00000000e6e00000, 0x00000000f5580000)
  object space 112640K, 34% used [0x00000000e0000000,0x00000000e2595530,0x00000000e6e00000)
 Metaspace       used 63081K, capacity 68572K, committed 68760K, reserved 1107968K
  class space    used 7889K, capacity 9620K, committed 9648K, reserved 1048576K
}
Event: 24.920 GC heap before
{Heap before GC invocations=13 (full 3):
 PSYoungGen      total 141824K, used 141512K [0x00000000f5580000, 0x0000000100000000, 0x0000000100000000)
  eden space 122368K, 100% used [0x00000000f5580000,0x00000000fcd00000,0x00000000fcd00000)
  from space 19456K, 98% used [0x00000000fcd00000,0x00000000fdfb23b0,0x00000000fe000000)
  to   space 27136K, 0% used [0x00000000fe580000,0x00000000fe580000,0x0000000100000000)
 ParOldGen       total 112640K, used 38485K [0x00000000e0000000, 0x00000000e6e00000, 0x00000000f5580000)
  object space 112640K, 34% used [0x00000000e0000000,0x00000000e2595530,0x00000000e6e00000)
 Metaspace       used 75817K, capacity 81978K, committed 82328K, reserved 1120256K
  class space    used 9534K, capacity 11643K, committed 11696K, reserved 1048576K
Event: 24.938 GC heap after
Heap after GC invocations=13 (full 3):
 PSYoungGen      total 135168K, used 27108K [0x00000000f5580000, 0x0000000100000000, 0x0000000100000000)
  eden space 108032K, 0% used [0x00000000f5580000,0x00000000f5580000,0x00000000fbf00000)
  from space 27136K, 99% used [0x00000000fe580000,0x00000000ffff93d8,0x0000000100000000)
  to   space 33280K, 0% used [0x00000000fbf00000,0x00000000fbf00000,0x00000000fdf80000)
 ParOldGen       total 112640K, used 43863K [0x00000000e0000000, 0x00000000e6e00000, 0x00000000f5580000)
  object space 112640K, 38% used [0x00000000e0000000,0x00000000e2ad5d38,0x00000000e6e00000)
 Metaspace       used 75817K, capacity 81978K, committed 82328K, reserved 1120256K
  class space    used 9534K, capacity 11643K, committed 11696K, reserved 1048576K
}
Event: 74.867 GC heap before
{Heap before GC invocations=14 (full 3):
 PSYoungGen      total 135168K, used 135140K [0x00000000f5580000, 0x0000000100000000, 0x0000000100000000)
  eden space 108032K, 100% used [0x00000000f5580000,0x00000000fbf00000,0x00000000fbf00000)
  from space 27136K, 99% used [0x00000000fe580000,0x00000000ffff93d8,0x0000000100000000)
  to   space 33280K, 0% used [0x00000000fbf00000,0x00000000fbf00000,0x00000000fdf80000)
 ParOldGen       total 112640K, used 43863K [0x00000000e0000000, 0x00000000e6e00000, 0x00000000f5580000)
  object space 112640K, 38% used [0x00000000e0000000,0x00000000e2ad5d38,0x00000000e6e00000)
 Metaspace       used 78661K, capacity 84918K, committed 85144K, reserved 1122304K
  class space    used 9804K, capacity 11909K, committed 11952K, reserved 1048576K
Event: 74.884 GC heap after
Heap after GC invocations=14 (full 3):
 PSYoungGen      total 134656K, used 26548K [0x00000000f5580000, 0x0000000100000000, 0x0000000100000000)
  eden space 108032K, 0% used [0x00000000f5580000,0x00000000f5580000,0x00000000fbf00000)
  from space 26624K, 99% used [0x00000000fbf00000,0x00000000fd8ed2b0,0x00000000fd900000)
  to   space 35840K, 0% used [0x00000000fdd00000,0x00000000fdd00000,0x0000000100000000)
 ParOldGen       total 112640K, used 43871K [0x00000000e0000000, 0x00000000e6e00000, 0x00000000f5580000)
  object space 112640K, 38% used [0x00000000e0000000,0x00000000e2ad7d38,0x00000000e6e00000)
 Metaspace       used 78661K, capacity 84918K, committed 85144K, reserved 1122304K
  class space    used 9804K, capacity 11909K, committed 11952K, reserved 1048576K
}
Event: 153.770 GC heap before
{Heap before GC invocations=15 (full 3):
 PSYoungGen      total 134656K, used 134580K [0x00000000f5580000, 0x0000000100000000, 0x0000000100000000)
  eden space 108032K, 100% used [0x00000000f5580000,0x00000000fbf00000,0x00000000fbf00000)
  from space 26624K, 99% used [0x00000000fbf00000,0x00000000fd8ed2b0,0x00000000fd900000)
  to   space 35840K, 0% used [0x00000000fdd00000,0x00000000fdd00000,0x0000000100000000)
 ParOldGen       total 112640K, used 43871K [0x00000000e0000000, 0x00000000e6e00000, 0x00000000f5580000)
  object space 112640K, 38% used [0x00000000e0000000,0x00000000e2ad7d38,0x00000000e6e00000)
 Metaspace       used 79959K, capacity 86340K, committed 86552K, reserved 1124352K
  class space    used 9896K, capacity 12067K, committed 12080K, reserved 1048576K
Event: 153.787 GC heap after
Heap after GC invocations=15 (full 3):
 PSYoungGen      total 134656K, used 26394K [0x00000000f5580000, 0x0000000100000000, 0x0000000100000000)
  eden space 98816K, 0% used [0x00000000f5580000,0x00000000f5580000,0x00000000fb600000)
  from space 35840K, 73% used [0x00000000fdd00000,0x00000000ff6c6ab8,0x0000000100000000)
  to   space 37888K, 0% used [0x00000000fb600000,0x00000000fb600000,0x00000000fdb00000)
 ParOldGen       total 112640K, used 43879K [0x00000000e0000000, 0x00000000e6e00000, 0x00000000f5580000)
  object space 112640K, 38% used [0x00000000e0000000,0x00000000e2ad9d38,0x00000000e6e00000)
 Metaspace       used 79959K, capacity 86340K, committed 86552K, reserved 1124352K
  class space    used 9896K, capacity 12067K, committed 12080K, reserved 1048576K
}
Event: 205.141 GC heap before
{Heap before GC invocations=16 (full 3):
 PSYoungGen      total 134656K, used 125210K [0x00000000f5580000, 0x0000000100000000, 0x0000000100000000)
  eden space 98816K, 100% used [0x00000000f5580000,0x00000000fb600000,0x00000000fb600000)
  from space 35840K, 73% used [0x00000000fdd00000,0x00000000ff6c6ab8,0x0000000100000000)
  to   space 37888K, 0% used [0x00000000fb600000,0x00000000fb600000,0x00000000fdb00000)
 ParOldGen       total 112640K, used 43879K [0x00000000e0000000, 0x00000000e6e00000, 0x00000000f5580000)
  object space 112640K, 38% used [0x00000000e0000000,0x00000000e2ad9d38,0x00000000e6e00000)
 Metaspace       used 86817K, capacity 93866K, committed 93976K, reserved 1130496K
  class space    used 10506K, capacity 12842K, committed 12848K, reserved 1048576K
Event: 205.160 GC heap after
Heap after GC invocations=16 (full 3):
 PSYoungGen      total 132096K, used 33226K [0x00000000f5580000, 0x0000000100000000, 0x0000000100000000)
  eden space 98816K, 0% used [0x00000000f5580000,0x00000000f5580000,0x00000000fb600000)
  from space 33280K, 99% used [0x00000000fb600000,0x00000000fd672960,0x00000000fd680000)
  to   space 41984K, 0% used [0x00000000fd700000,0x00000000fd700000,0x0000000100000000)
 ParOldGen       total 112640K, used 43887K [0x00000000e0000000, 0x00000000e6e00000, 0x00000000f5580000)
  object space 112640K, 38% used [0x00000000e0000000,0x00000000e2adbd38,0x00000000e6e00000)
 Metaspace       used 86817K, capacity 93866K, committed 93976K, reserved 1130496K
  class space    used 10506K, capacity 12842K, committed 12848K, reserved 1048576K
}

Deoptimization events (10 events):
Event: 206.664 Thread 0x0000000016c47000 Uncommon trap: reason=predicate action=maybe_recompile pc=0x0000000004aae034 method=java.io.OutputStream.write([BII)V @ 62
Event: 206.677 Thread 0x000000001c11e000 Uncommon trap: reason=unstable_if action=reinterpret pc=0x000000000272ace4 method=sun.nio.cs.SingleByte$Encoder.encode(C)I @ 13
Event: 206.706 Thread 0x0000000016c47000 Uncommon trap: reason=unstable_if action=reinterpret pc=0x00000000048819b0 method=org.eclipse.core.internal.localstore.FileSystemResourceManager.getStoreRoot(Lorg/eclipse/core/resources/IResource;)Lorg/eclipse/core/internal/localstore/FileStoreRoot; @ 17
Event: 206.709 Thread 0x0000000016c47000 Uncommon trap: reason=unstable_if action=reinterpret pc=0x00000000040081a4 method=org.eclipse.swt.graphics.Resource.dispose()V @ 15
Event: 206.763 Thread 0x000000001ca45800 Uncommon trap: reason=null_check action=maybe_recompile pc=0x0000000003d663e4 method=com.xilinx.sdk.targetmanager.internal.json.XMDJSONProcess.issueCommand(Ljava/lang/String;)Lcom/xilinx/sdk/targetmanager/internal/IXMDResult; @ 3
Event: 206.763 Thread 0x000000001ca45800 Uncommon trap: reason=unstable_if action=reinterpret pc=0x0000000002ccd738 method=org.eclipse.osgi.internal.hooks.EclipseLazyStarter.shouldActivateFor(Ljava/lang/String;Lorg/eclipse/osgi/container/Module;Lorg/eclipse/osgi/container/ModuleRevision;Lorg/ecli´_äb{Øi@
Event: 206.765 Thread 0x000000001ca45800 Uncommon trap: reason=null_check action=maybe_recompile pc=0x0000000003d663e4 method=com.xilinx.sdk.targetmanager.internal.json.XMDJSONProcess.issueCommand(Ljava/lang/String;)Lcom/xilinx/sdk/targetmanager/internal/IXMDResult; @ 3
Event: 207.271 Thread 0x0000000018235000 Uncommon trap: reason=unstable_if action=reinterpret pc=0x00000000035990f0 method=org.eclipse.osgi.internal.framework.BundleContextImpl.dispatchEvent(Ljava/lang/Object;Ljava/lang/Object;ILjava/lang/Object;)V @ 16
Event: 207.579 Thread 0x0000000016c4f000 Uncommon trap: reason=unstable_if action=reinterpret pc=0x00000000047c78d4 method=org.eclipse.core.internal.jobs.JobManager.nextJob()Lorg/eclipse/core/runtime/jobs/Job; @ 80
Event: 207.579 Thread 0x0000000016c4e800 Uncommon trap: reason=unstable_if action=reinterpret pc=0x00000000047c78d4 method=org.eclipse.core.internal.jobs.JobManager.nextJob()Lorg/eclipse/core/runtime/jobs/Job; @ 80

Internal exceptions (10 events):
Event: 206.467 Thread 0x000000001c09e800 Exception <a 'java/lang/InterruptedException'> (0x00000000f6ddfcc8) thrown at [C:\re\workspace\8-2-build-windows-amd64-cygwin\jdk8u66\5298\hotspot\src\share\vm\runtime\objectMonitor.cpp, line 1683]
Event: 206.468 Thread 0x000000001c09d800 Exception <a 'java/lang/InterruptedException'> (0x00000000f6dfcdc8) thrown at [C:\re\workspace\8-2-build-windows-amd64-cygwin\jdk8u66\5298\hotspot\src\share\vm\runtime\objectMonitor.cpp, line 1683]
Event: 206.662 Thread 0x000000001c11c800 Exception <a 'java/lang/InterruptedException'> (0x00000000f6fa5a88) thrown at [C:\re\workspace\8-2-build-windows-amd64-cygwin\jdk8u66\5298\hotspot\src\share\vm\runtime\objectMonitor.cpp, line 1683]
Event: 207.273 Thread 0x0000000016c46000 Exception <a 'java/lang/InterruptedException'> (0x00000000f666e8c0) thrown at [C:\re\workspace\8-2-build-windows-amd64-cygwin\jdk8u66\5298\hotspot\src\share\vm\runtime\objectMonitor.cpp, line 1683]
Event: 207.579 Thread 0x0000000016c47000 Exception <a 'java/io/IOException'> (0x00000000f734fc00) thrown at [C:\re\workspace\8-2-build-windows-amd64-cygwin\jdk8u66\5298\hotspot\src\share\vm\prims\jni.cpp, line 709]
Event: 207.579 Thread 0x0000000016c47000 Exception <a 'java/io/IOException'> (0x00000000f734fe90) thrown at [C:\re\workspace\8-2-build-windows-amd64-cygwin\jdk8u66\5298\hotspot\src\share\vm\prims\jni.cpp, line 709]
Event: 207.579 Thread 0x0000000016c47000 Exception <a 'java/io/IOException'> (0x00000000f73500f0) thrown at [C:\re\workspace\8-2-build-windows-amd64-cygwin\jdk8u66\5298\hotspot\src\share\vm\prims\jni.cpp, line 709]
Event: 207.594 Thread 0x0000000018235000 Exception <a 'java/lang/InterruptedException'> (0x00000000f72beed0) thrown at [C:\re\workspace\8-2-build-windows-amd64-cygwin\jdk8u66\5298\hotspot\src\share\vm\runtime\objectMonitor.cpp, line 1683]
Event: 207.600 Thread 0x0000000016c41000 Exception <a 'java/lang/InterruptedException'> (0x00000000f663d788) thrown at [C:\re\workspace\8-2-build-windows-amd64-cygwin\jdk8u66\5298\hotspot\src\share\vm\runtime\objectMonitor.cpp, line 1683]
Event: 207.600 Thread 0x0000000018494000 Exception <a 'java/lang/InterruptedException'> (0x00000000f7540c10) thrown at [C:\re\workspace\8-2-build-windows-amd64-cygwin\jdk8u66\5298\hotspot\src\share\vm\runtime\objectMonitor.cpp, line 1683]

Events (10 events):
Event: 207.600 Thread 0x0000000014f68000 flushing nmethod 0x00000000034812d0
Event: 207.601 Thread 0x0000000014f68000 flushing nmethod 0x0000000003732550
Event: 207.602 Thread 0x0000000016c47000 Thread exited: 0x0000000016c47000
Event: 207.602 loading class java/util/IdentityHashMap$KeyIterator
Event: 207.602 loading class java/util/IdentityHashMap$IdentityHashMapIterator
Event: 207.602 loading class java/util/IdentityHashMap$IdentityHashMapIterator done
Event: 207.602 loading class java/util/IdentityHashMap$KeyIterator done
Event: 207.602 Thread 0x0000000016c47000 Thread added: 0x0000000016c47000
Event: 207.602 Thread 0x0000000016c47000 Thread exited: 0x0000000016c47000
Event: 207.602 Executing VM operation: Exit


Dynamic libraries:
0x0000000000400000 - 0x000000000044f000 	C:\Xilinx\SDK\2016.2\eclipse\win64.o\eclipse.exe
0x0000000077730000 - 0x00000000778da000 	C:\Windows\SYSTEM32\ntdll.dll
0x0000000077610000 - 0x000000007772f000 	C:\Windows\system32\kernel32.dll
0x000007fefd5c0000 - 0x000007fefd62a000 	C:\Windows\system32\KERNELBASE.dll
0x0000000077510000 - 0x000000007760a000 	C:\Windows\system32\USER32.dll
0x000007feff3f0000 - 0x000007feff457000 	C:\Windows\system32\GDI32.dll
0x000007feff5f0000 - 0x000007feff5fe000 	C:\Windows\system32\LPK.dll
0x000007fefe1e0000 - 0x000007fefe2aa000 	C:\Windows\system32\USP10.dll
0x000007fefdba0000 - 0x000007fefdc3f000 	C:\Windows\system32\msvcrt.dll
0x000007fefbd80000 - 0x000007fefbf74000 	C:\Windows\WinSxS\amd64_microsoft.windows.common-controls_6595b64144ccf1df_6.0.7601.18837_none_fa3b1e3d17594757\COMCTL32.dll
0x000007fefe2b0000 - 0x000007fefe321000 	C:\Windows\system32\SHLWAPI.dll
0x000007fefdb70000 - 0x000007fefdb9e000 	C:\Windows\system32\IMM32.DLL
0x000007feff4e0000 - 0x000007feff5e9000 	C:\Windows\system32\MSCTF.dll
0x0000000072000000 - 0x0000000072012000 	C:\Xilinx\SDK\2016.2\eclipse\win64.o\plugins\org.eclipse.equinox.launcher.win32.win32.x86_64_1.1.300.v20150602-1417\eclipse_1611.dll
0x000007fefdd20000 - 0x000007fefddfb000 	C:\Windows\system32\ADVAPI32.dll
0x000007fefe120000 - 0x000007fefe13f000 	C:\Windows\SYSTEM32\sechost.dll
0x000007fefda40000 - 0x000007fefdb6d000 	C:\Windows\system32\RPCRT4.dll
0x000007fefc500000 - 0x000007fefc50c000 	C:\Windows\system32\VERSION.dll
0x000007fefbd20000 - 0x000007fefbd76000 	C:\Windows\system32\UxTheme.dll
0x0000000070430000 - 0x0000000070cb9000 	C:\Xilinx\SDK\2016.2\tps\win64\jre\bin\server\jvm.dll
0x000007fefa200000 - 0x000007fefa209000 	C:\Windows\system32\WSOCK32.dll
0x000007fefde00000 - 0x000007fefde4d000 	C:\Windows\system32\WS2_32.dll
0x000007feff7e0000 - 0x000007feff7e8000 	C:\Windows\system32\NSI.dll
0x000007fefa240000 - 0x000007fefa27b000 	C:\Windows\system32\WINMM.dll
0x00000000778f0000 - 0x00000000778f7000 	C:\Windows\system32\PSAPI.DLL
0x0000000072fe0000 - 0x00000000730b2000 	C:\Windows\system32\MSVCR100.dll
0x0000000074370000 - 0x000000007437f000 	C:\Xilinx\SDK\2016.2\tps\win64\jre\bin\verify.dll
0x0000000072b30000 - 0x0000000072b59000 	C:\Xilinx\SDK\2016.2\tps\win64\jre\bin\java.dll
0x0000000072b70000 - 0x0000000072b86000 	C:\Xilinx\SDK\2016.2\tps\win64\jre\bin\zip.dll
0x000007fefe660000 - 0x000007feff3e9000 	C:\Windows\system32\SHELL32.dll
0x000007fefd830000 - 0x000007fefda33000 	C:\Windows\system32\ole32.dll
0x000007fefd480000 - 0x000007fefd48f000 	C:\Windows\system32\profapi.dll
0x000007fefcc70000 - 0x000007fefcc88000 	C:\Windows\system32\CRYPTSP.dll
0x000007fefc970000 - 0x000007fefc9b7000 	C:\Windows\system32\rsaenh.dll
0x000007fefd630000 - 0x000007fefd64e000 	C:\Windows\system32\USERENV.dll
0x000007fefd2d0000 - 0x000007fefd2df000 	C:\Windows\system32\CRYPTBASE.dll
0x0000000072bb0000 - 0x0000000072bca000 	C:\Xilinx\SDK\2016.2\tps\win64\jre\bin\net.dll
0x000007fefcc10000 - 0x000007fefcc65000 	C:\Windows\system32\mswsock.dll
0x000007fefcc00000 - 0x000007fefcc07000 	C:\Windows\System32\wship6.dll
0x000007fef9c30000 - 0x000007fef9c57000 	C:\Windows\system32\IPHLPAPI.DLL
0x000007fef9c20000 - 0x000007fef9c2b000 	C:\Windows\system32\WINNSI.DLL
0x000007fefaae0000 - 0x000007fefaaf1000 	C:\Windows\system32\dhcpcsvc6.DLL
0x000007fefaac0000 - 0x000007fefaad8000 	C:\Windows\system32\dhcpcsvc.DLL
0x0000000071a10000 - 0x0000000071a21000 	C:\Xilinx\SDK\2016.2\tps\win64\jre\bin\nio.dll
0x000007fef9ff0000 - 0x000007fefa005000 	C:\Windows\system32\NLAapi.dll
0x000007fefa3b0000 - 0x000007fefa3c5000 	C:\Windows\system32\napinsp.dll
0x000007fefa370000 - 0x000007fefa389000 	C:\Windows\system32\pnrpnsp.dll
0x000007fefca90000 - 0x000007fefcaeb000 	C:\Windows\system32\DNSAPI.dll
0x000007fefa3a0000 - 0x000007fefa3ab000 	C:\Windows\System32\winrnr.dll
0x000007fefc5d0000 - 0x000007fefc5d7000 	C:\Windows\System32\wshtcpip.dll
0x000007fefa4b0000 - 0x000007fefa4b8000 	C:\Windows\system32\rasadhlp.dll
0x000007fefac90000 - 0x000007feface3000 	C:\Windows\System32\fwpuclnt.dll
0x0000000018710000 - 0x00000000187b8000 	C:\Users\dezfoul2\.Xilinx\SDK\2016.2\org.eclipse.osgi\312\0\.cp\swt-win32-4527.dll
0x000007fefdc40000 - 0x000007fefdd18000 	C:\Windows\system32\OLEAUT32.dll
0x000007feff980000 - 0x000007feffa17000 	C:\Windows\system32\comdlg32.dll
0x000007fef6b00000 - 0x000007fef6b71000 	C:\Windows\system32\WINSPOOL.DRV
0x000007fefe330000 - 0x000007fefe5f5000 	C:\Windows\system32\WININET.dll
0x000007fefd510000 - 0x000007fefd514000 	C:\Windows\system32\api-ms-win-downlevel-user32-l1-1-0.dll
0x000007fefd7d0000 - 0x000007fefd7d4000 	C:\Windows\system32\api-ms-win-downlevel-shlwapi-l1-1-0.dll
0x000007fefd7c0000 - 0x000007fefd7c4000 	C:\Windows\system32\api-ms-win-downlevel-version-l1-1-0.dll
0x000007fefd7e0000 - 0x000007fefd7e3000 	C:\Windows\system32\api-ms-win-downlevel-normaliz-l1-1-0.dll
0x0000000077900000 - 0x0000000077903000 	C:\Windows\system32\normaliz.DLL
0x000007fefde50000 - 0x000007fefe119000 	C:\Windows\system32\iertutil.dll
0x000007fefd4b0000 - 0x000007fefd4b5000 	C:\Windows\system32\api-ms-win-downlevel-advapi32-l1-1-0.dll
0x000007fefd650000 - 0x000007fefd7bd000 	C:\Windows\system32\CRYPT32.dll
0x000007fefd470000 - 0x000007fefd47f000 	C:\Windows\system32\MSASN1.dll
0x000007fefb7f0000 - 0x000007fefb91c000 	C:\Windows\system32\propsys.dll
0x000007fefe140000 - 0x000007fefe1d9000 	C:\Windows\system32\CLBCatQ.DLL
0x00000000003d0000 - 0x00000000003ee000 	C:\Users\dezfoul2\.Xilinx\SDK\2016.2\org.eclipse.osgi\312\0\.cp\swt-gdip-win32-4527.dll
0x000007fefbb00000 - 0x000007fefbd16000 	C:\Windows\WinSxS\amd64_microsoft.windows.gdiplus_6595b64144ccf1df_1.1.7601.23508_none_145555328b95eaaa\gdiplus.dll
0x000007fefb620000 - 0x000007fefb781000 	C:\Windows\system32\WindowsCodecs.dll
0x0000000180000000 - 0x0000000180012000 	C:\Users\dezfoul2\.Xilinx\SDK\2016.2\org.eclipse.osgi\126\0\.cp\os\win32\x86_64\localfile_1_0_0.dll
0x000007fef4ba0000 - 0x000007fef4bf4000 	C:\Windows\system32\oleacc.dll
0x000007fef9dd0000 - 0x000007fef9dd7000 	C:\Windows\system32\msimg32.dll
0x000007fefd3c0000 - 0x000007fefd3d4000 	C:\Windows\system32\RpcRtRemote.dll
0x000007fefd270000 - 0x000007fefd2c7000 	C:\Windows\system32\apphelp.dll
0x000007fef8ed0000 - 0x000007fef8ee1000 	C:\Users\dezfoul2\.Xilinx\SDK\2016.2\org.eclipse.osgi\129\0\.cp\jWinHttp-1.0.0.dll
0x000007fef9760000 - 0x000007fef97d1000 	C:\Windows\system32\WINHTTP.dll
0x000007fef96f0000 - 0x000007fef9754000 	C:\Windows\system32\webio.dll
0x000007fefd240000 - 0x000007fefd265000 	C:\Windows\system32\SspiCli.dll
0x000007fefc860000 - 0x000007fefc86a000 	C:\Windows\system32\credssp.dll
0x000007fefd4c0000 - 0x000007fefd4f6000 	C:\Windows\system32\CFGMGR32.dll
0x000007fefac70000 - 0x000007fefac7f000 	C:\Xilinx\SDK\2016.2\lib\win64.o\librdi_repo_manager.dll
0x000007fef8e40000 - 0x000007fef8e6a000 	C:\Xilinx\SDK\2016.2\lib\win64.o\libisl_sysinfo.dll
0x000007feec4a0000 - 0x000007feec574000 	C:\Windows\system32\MSVCR110.dll
0x000007feec370000 - 0x000007feec417000 	C:\Windows\system32\MSVCP110.dll
0x000007febaef0000 - 0x000007febb930000 	C:\Xilinx\SDK\2016.2\lib\win64.o\librdi_common.dll
0x000007febc000000 - 0x000007febc36e000 	C:\Xilinx\SDK\2016.2\lib\win64.o\libCOIN-all.dll
0x000007fef4460000 - 0x000007fef467f000 	C:\Xilinx\SDK\2016.2\lib\win64.o\libXil_lmgr11.dll
0x000007fefb4e0000 - 0x000007fefb4f6000 	C:\Windows\system32\NETAPI32.dll
0x000007fefc8a0000 - 0x000007fefc8ac000 	C:\Windows\system32\netutils.dll
0x000007fefce80000 - 0x000007fefcea3000 	C:\Windows\system32\srvcli.dll
0x000007fefb4c0000 - 0x000007fefb4d5000 	C:\Windows\system32\wkscli.dll
0x000007fefd7f0000 - 0x000007fefd82b000 	C:\Windows\system32\WINTRUST.dll
0x000007fefac60000 - 0x000007fefac70000 	C:\Xilinx\SDK\2016.2\lib\win64.o\libboost_date_time.dll
0x000007fef47e0000 - 0x000007fef4804000 	C:\Xilinx\SDK\2016.2\lib\win64.o\libboost_filesystem.dll
0x000007fefa5a0000 - 0x000007fefa5a9000 	C:\Xilinx\SDK\2016.2\lib\win64.o\libboost_system.dll
0x000007fef43e0000 - 0x000007fef4457000 	C:\Xilinx\SDK\2016.2\lib\win64.o\libboost_program_options.dll
0x000007feeb2d0000 - 0x000007feeb3d6000 	C:\Xilinx\SDK\2016.2\lib\win64.o\libboost_regex.dll
0x000007fef47c0000 - 0x000007fef47d3000 	C:\Xilinx\SDK\2016.2\lib\win64.o\libboost_signals.dll
0x000007fef4750000 - 0x000007fef476d000 	C:\Xilinx\SDK\2016.2\lib\win64.o\libboost_thread.dll
0x000007fef47b0000 - 0x000007fef47bb000 	C:\Xilinx\SDK\2016.2\lib\win64.o\libboost_chrono.dll
0x000007fefa4c0000 - 0x000007fefa4cb000 	C:\Xilinx\SDK\2016.2\lib\win64.o\libboost_xilinx.dll
0x000007fef4360000 - 0x000007fef43e0000 	C:\Xilinx\SDK\2016.2\lib\win64.o\libhdlpsolve.dll
0x000007fef3c70000 - 0x000007fef3d0a000 	C:\Xilinx\SDK\2016.2\lib\win64.o\libhdxml.dll
0x000007febbb90000 - 0x000007febbff5e00 	C:\Xilinx\SDK\2016.2\lib\win64.o\libisl_iostreams.dll
0x000007fef4340000 - 0x000007fef4356000 	C:\Xilinx\SDK\2016.2\lib\win64.o\libboost_iostreams.dll
0x000007fef40b0000 - 0x000007fef40d3000 	C:\Xilinx\SDK\2016.2\lib\win64.o\librdizlib.dll
0x000007fef4080000 - 0x000007fef40a3000 	C:\Xilinx\SDK\2016.2\lib\win64.o\libisl_iosutils.dll
0x000007fef4320000 - 0x000007fef4335000 	C:\Xilinx\SDK\2016.2\lib\win64.o\pthreadVC2.dll
0x000007fef4020000 - 0x000007fef4074000 	C:\Xilinx\SDK\2016.2\lib\win64.o\librdi_commonxillic.dll
0x000007feeb1a0000 - 0x000007feeb2d0000 	C:\Xilinx\SDK\2016.2\lib\win64.o\librdi_curl.dll
0x000007fef4000000 - 0x000007fef4018000 	C:\Xilinx\SDK\2016.2\lib\win64.o\librdiconfig.dll
0x0000000071610000 - 0x0000000071737000 	C:\Xilinx\SDK\2016.2\lib\win64.o\tcl85t.dll
0x0000000027870000 - 0x0000000027ad3000 	C:\Xilinx\SDK\2016.2\lib\win64.o\xerces-c_3_1.dll
0x000007feff7f0000 - 0x000007feff976000 	C:\Windows\system32\urlmon.dll
0x000007fefd500000 - 0x000007fefd504000 	C:\Windows\system32\api-ms-win-downlevel-ole32-l1-1-0.dll
0x000007feee7a0000 - 0x000007feee7c3000 	C:\Windows\system32\VCOMP110.DLL
0x000007febb990000 - 0x000007febbb82000 	C:\Xilinx\SDK\2016.2\lib\win64.o\librdi_hsm.dll
0x000007fef3c20000 - 0x000007fef3c63000 	C:\Xilinx\SDK\2016.2\lib\win64.o\librdi_hdf.dll
0x000007febac60000 - 0x000007febaee1000 	C:\Xilinx\SDK\2016.2\lib\win64.o\librdi_ippcw.dll
0x000007fef8f00000 - 0x000007fef8f16000 	C:\Xilinx\SDK\2016.2\eclipse\win64.o\plugins\org.eclipse.cdt.core.win32.x86_64_5.4.0.201509131935\os\win32\x86_64\spawner.dll
0x000007fef8ef0000 - 0x000007fef8efa000 	C:\Xilinx\SDK\2016.2\lib\win64.o\librdi_jtag_settings.dll
0x000007febb960000 - 0x000007febb989000 	C:\Xilinx\SDK\2016.2\lib\win64.o\librdi_debug_dialog.dll
0x000007fef3ff0000 - 0x000007fef3ff8000 	C:\Xilinx\SDK\2016.2\lib\win64.o\librdi_target_manager.dll
0x0000000071080000 - 0x00000000710a6000 	C:\Xilinx\SDK\2016.2\eclipse\win64.o\plugins\gnu.io.rxtx.win32.x86_64_2.1.7.3_v20071015\os\win32\x86_64\rxtxSerial.dll
0x000007feb74c0000 - 0x000007feb7cd0000 	C:\Xilinx\SDK\2016.2\lib\win64.o\libXil_lmgr11FNP.dll
0x000007fef6e50000 - 0x000007fef6e5b000 	C:\Windows\system32\snmpapi.dll

VM Arguments:
jvm_args: -Dcom.xilinx.sdk.args.hwspec=W:/ece532/src/hdmi.sdk/hdmi_wrapper.hdf -Xms64m -Xmx512m & 
java_command: <unknown>
java_class_path (initial): C:\Xilinx\SDK\2016.2\eclipse\win64.o\\plugins/org.eclipse.equinox.launcher_1.3.100.v20150511-1540.jar
Launcher Type: generic

Environment Variables:
PATH=C:/Xilinx/SDK/2016.2/tps/win64/jre/bin/server;C:/Xilinx/SDK/2016.2/tps/win64/jre/bin;C:/Xilinx/SDK/2016.2/tps/win64/jre/lib/amd64;C:\Xilinx\SDK\2016.2\gnuwin\bin;C:\Xilinx\SDK\2016.2\gnu\microblaze\nt\bin;C:\Xilinx\SDK\2016.2\gnu\microblaze\linux_toolchain\nt64_le\bin;C:\Xilinx\SDK\2016.2\gnu\microblaze\linux_toolchain\nt64_be\bin;C:\Xilinx\SDK\2016.2\gnu\arm\nt\bin;C:\Xilinx\SDK\2016.2\gnu\aarch64\nt\aarch64-none\bin;C:\Xilinx\SDK\2016.2\gnu\aarch64\nt\aarch64-linux\bin;C:\Xilinx\SDK\2016.2\gnu\armr5\nt\gcc-arm-none-eabi\bin;C:\Xilinx\SDK\2016.2\gnu\aarch32\nt\gcc-arm-none-eabi\bin;C:\Xilinx\SDK\2016.2\gnu\aarch32\nt\gcc-arm-linux-gnueabi\bin;C:\Xilinx\SDK\2016.2\tps\win64\cmake-3.3.2\bin;;C:\Xilinx\SDK\2016.2\bin;C:\Xilinx\SDK\2016.2\lib\win64.o;C:\Xilinx\SDK\2016.2\tps\win64\jre\bin\server;C:\Xilinx\SDK\2016.2\tps\win64\jre\bin;C:\Xilinx\Vivado\2016.2\ids_lite\ISE\bin\nt64;C:\Xilinx\Vivado\2016.2\ids_lite\ISE\lib\nt64;C:\Xilinx\Vivado\2016.2\bin;C:\Xilinx\Vivado\2016.2\lib\win64.o;C:\Xilinx\Vivado\2016.2\tps\win64\jre\bin\server;C:\Xilinx\Vivado\2016.2\tps\win64\jre\bin;C:\Xilinx\Vivado_HLS\2016.2\bin;C:\Users\dezfoul2\bin;W:\Git\Git\mingw64\bin;W:\Git\Git\usr\local\bin;W:\Git\Git\usr\bin;C:\Windows\system32;C:\Windows;C:\Windows\System32\Wbem;C:\Windows\System32\WindowsPowerShell\v1.0;C:\Program Files (x86)\Java\jre6\bin;C:\Program Files (x86)\eclipse;C:\altera\16.0\quartus\bin64;C:\altera\16.0\quartus\bin64\jre64\bin;W:\Git\Git\usr\bin\vendor_perl;W:\Git\Git\usr\bin\core_perl;w:\ece532\src;
USERNAME=dezfoul2
SHELL=W:\Git\Git\usr\bin\bash.exe
DISPLAY=needs-to-be-defined
OS=Windows_NT
PROCESSOR_IDENTIFIER=Intel64 Family 6 Model 60 Stepping 3, GenuineIntel



---------------  S Y S T E M  ---------------

OS: Windows 7 , 64 bit Build 7601 (6.1.7601.23418)

CPU:total 8 (4 cores per cpu, 2 threads per core) family 6 model 60 stepping 3, cmov, cx8, fxsr, mmx, sse, sse2, sse3, ssse3, sse4.1, sse4.2, popcnt, avx, avx2, aes, clmul, erms, lzcnt, ht, tsc, tscinvbit, bmi1, bmi2

Memory: 4k page, physical 16683160k(9816644k free), swap 33364460k(25865876k free)

vm_info: Java HotSpot(TM) 64-Bit Server VM (25.66-b18) for windows-amd64 JRE (1.8.0_66-b18), built on Nov  9 2015 10:51:13 by "java_re" with MS VC++ 10.0 (VS2010)

time: Tue Mar 21 19:00:36 2017
elapsed time: 207 seconds (0d 0h 3m 27s)

