#
# A fatal error has been detected by the Java Runtime Environment:
#
#  Internal Error (0xc000000d), pid=752, tid=1100
#
# JRE version: Java(TM) SE Runtime Environment (8.0_66-b18) (build 1.8.0_66-b18)
# Java VM: Java HotSpot(TM) 64-Bit Server VM (25.66-b18 mixed mode windows-amd64 compressed oops)
# Problematic frame:
# C  [ntdll.dll+0x96b4f]
#
# Failed to write core dump. Minidumps are not enabled by default on client versions of Windows
#
# If you would like to submit a bug report, please visit:
#   http://bugreport.java.com/bugreport/crash.jsp
#

---------------  T H R E A D  ---------------

Current thread (0x0000000014eb2800):  VMThread [stack: 0x0000000015e00000,0x0000000015f00000] [id=1100]

siginfo: ExceptionCode=0xc000000d

Registers:
RAX=0x0000000066655087, RBX=0x0000000000000000, RCX=0x0000000015efef10, RDX=0x0000000000000000
RSP=0x0000000015eff520, RBP=0x00000000174cbfb0, RSI=0x000007feed477408, RDI=0x0000000015eff668
R8 =0x0000000000000000, R9 =0x0000000000000000, R10=0x0000000000000000, R11=0x0000000000000246
R12=0x000000000024c6a0, R13=0x000000000024c670, R14=0x00000000174cc0b8, R15=0x0000000000000000
RIP=0x0000000077b26b4f, EFLAGS=0x0000000000000206

Top of Stack: (sp=0x0000000015eff520)
0x0000000015eff520:   0000000000000000 000007feed477408
0x0000000015eff530:   0000000015eff668 0000000000000000
0x0000000015eff540:   0000000000000050 0000000000180000
0x0000000015eff550:   0000000000000000 0000000000000000
0x0000000015eff560:   0000000000000002 0000000077addb18
0x0000000015eff570:   00000000c000000d 0000000000000000
0x0000000015eff580:   0000000077b26b4f 0000000000000000
0x0000000015eff590:   0000000000000000 0000000000000000
0x0000000015eff5a0:   0000000000000000 0000000000000000
0x0000000015eff5b0:   0000000000000000 0000000000000000
0x0000000015eff5c0:   0000000000000000 0000000000000000
0x0000000015eff5d0:   0000000000000000 0000000000000000
0x0000000015eff5e0:   0000000000000000 0000000000000000
0x0000000015eff5f0:   0000000000000000 0000000000000000
0x0000000015eff600:   0000000000000000 000000000024c6a0
0x0000000015eff610:   0000000000000d68 00000000778b3458 

Instructions: (pc=0x0000000077b26b4f)
0x0000000077b26b2f:   cd 6b fb ff b9 57 00 00 00 c7 44 24 50 0d 00 00
0x0000000077b26b3f:   c0 e8 bb 6e fb ff 48 8d 4c 24 50 e8 31 1d f8 ff
0x0000000077b26b4f:   4c 8b 1d 82 68 09 00 4d 85 db 74 5b 65 48 8b 04
0x0000000077b26b5f:   25 30 00 00 00 f6 80 ee 17 00 00 08 74 12 65 48 


Register to memory mapping:

RAX=0x0000000066655087 is an unknown value
RBX=0x0000000000000000 is an unknown value
RCX=0x0000000015efef10 is an unknown value
RDX=0x0000000000000000 is an unknown value
RSP=0x0000000015eff520 is an unknown value
RBP=0x00000000174cbfb0 is an unknown value
RSI=0x000007feed477408 is an unknown value
RDI=0x0000000015eff668 is an unknown value
R8 =0x0000000000000000 is an unknown value
R9 =0x0000000000000000 is an unknown value
R10=0x0000000000000000 is an unknown value
R11=0x0000000000000246 is an unknown value
R12=0x000000000024c6a0 is an unknown value
R13=0x000000000024c670 is an unknown value
R14=0x00000000174cc0b8 is an unknown value
R15=0x0000000000000000 is an unknown value


Stack: [0x0000000015e00000,0x0000000015f00000],  sp=0x0000000015eff520,  free space=1021k
Native frames: (J=compiled Java code, j=interpreted, Vv=VM code, C=native code)
C  [ntdll.dll+0x96b4f]
C  [kernel32.dll+0x43458]
C  [MSVCR110.dll+0x752d]
C  [MSVCR110.dll+0x73c6]
C  [MSVCR110.dll+0x14cca]
C  [MSVCR110.dll+0x13edc]
C  [MSVCR110.dll+0x239e]
C  [MSVCR110.dll+0xaf9e]
C  [MSVCP110.dll+0x397b9]
C  [librdi_common.dll+0x182316]
C  [librdi_common.dll+0x180fab]
C  [librdi_target_manager.dll+0x2400]
C  [librdi_target_manager.dll+0x2682]
C  [ntdll.dll+0x229b1]
C  [ntdll.dll+0x227c0]
C  [MSVCR100.dll+0x20ccd]
V  [jvm.dll+0x210cc5]
V  [jvm.dll+0x249897]
V  [jvm.dll+0x248b36]
V  [jvm.dll+0x248fd1]
V  [jvm.dll+0x2491ee]
V  [jvm.dll+0x29a0fa]
C  [MSVCR100.dll+0x21d9f]
C  [MSVCR100.dll+0x21e3b]
C  [kernel32.dll+0x159bd]
C  [ntdll.dll+0x2a2e1]

VM_Operation (0x000000000012f4c0): Exit, mode: safepoint, requested by thread 0x00000000022d8000


---------------  P R O C E S S  ---------------

Java Threads: ( => current thread )
  0x000000001e844800 JavaThread "Thread-81" [_thread_in_native, id=5644, stack(0x0000000028ad0000,0x0000000028bd0000)]
  0x000000001e835000 JavaThread "pool-2-thread-2" [_thread_blocked, id=5264, stack(0x0000000027ad0000,0x0000000027bd0000)]
  0x000000001920c800 JavaThread "Worker-18" [_thread_blocked, id=4860, stack(0x00000000243c0000,0x00000000244c0000)]
  0x0000000014f65000 JavaThread "pool-2-thread-1" [_thread_blocked, id=3008, stack(0x00000000281d0000,0x00000000282d0000)]
  0x000000001e846000 JavaThread "Thread-44" daemon [_thread_blocked, id=4944, stack(0x00000000279d0000,0x0000000027ad0000)]
  0x0000000014f63800 JavaThread "TCF Channel Transmitter" daemon [_thread_blocked, id=3660, stack(0x00000000253e0000,0x00000000254e0000)]
  0x0000000014f63000 JavaThread "TCF Channel Receiver" daemon [_thread_in_native, id=3816, stack(0x0000000024e30000,0x0000000024f30000)]
  0x0000000014f61800 JavaThread "Process monitor" daemon [_thread_in_native, id=6004, stack(0x00000000252e0000,0x00000000253e0000)]
  0x0000000014f60800 JavaThread "Input Stream Monitor" daemon [_thread_blocked, id=5680, stack(0x00000000251e0000,0x00000000252e0000)]
  0x0000000014f60000 JavaThread "Output Stream Monitor" daemon [_thread_in_native, id=3704, stack(0x00000000250e0000,0x00000000251e0000)]
  0x0000000014f5f000 JavaThread "Output Stream Monitor" daemon [_thread_in_native, id=1244, stack(0x0000000024fe0000,0x00000000250e0000)]
  0x0000000019205000 JavaThread "TCF Locator DNS Lookup" daemon [_thread_blocked, id=3384, stack(0x0000000021e80000,0x0000000021f80000)]
  0x0000000019204800 JavaThread "TCF Locator Timer" daemon [_thread_blocked, id=3780, stack(0x0000000021d80000,0x0000000021e80000)]
  0x0000000019203800 JavaThread "TCF Locator Receiver" daemon [_thread_blocked, id=5040, stack(0x0000000021c80000,0x0000000021d80000)]
  0x0000000019202000 JavaThread "TCF Timer Dispatcher" daemon [_thread_blocked, id=3500, stack(0x0000000020fa0000,0x00000000210a0000)]
  0x00000000192c1800 JavaThread "EMF Reference Cleaner" daemon [_thread_blocked, id=1236, stack(0x000000001a380000,0x000000001a480000)]
  0x0000000013d4f800 JavaThread "Service Thread" daemon [_thread_blocked, id=5224, stack(0x0000000016700000,0x0000000016800000)]
  0x0000000013d4e800 JavaThread "C1 CompilerThread3" daemon [_thread_blocked, id=5676, stack(0x0000000016600000,0x0000000016700000)]
  0x0000000013d4e000 JavaThread "C2 CompilerThread2" daemon [_thread_blocked, id=5648, stack(0x0000000016500000,0x0000000016600000)]
  0x0000000013d4b000 JavaThread "C2 CompilerThread1" daemon [_thread_blocked, id=2392, stack(0x0000000016400000,0x0000000016500000)]
  0x0000000014f09000 JavaThread "C2 CompilerThread0" daemon [_thread_blocked, id=700, stack(0x0000000016300000,0x0000000016400000)]
  0x0000000014f05000 JavaThread "Attach Listener" daemon [_thread_blocked, id=3940, stack(0x0000000016200000,0x0000000016300000)]
  0x0000000014f03800 JavaThread "Signal Dispatcher" daemon [_thread_blocked, id=5204, stack(0x0000000016100000,0x0000000016200000)]
  0x0000000013d3d000 JavaThread "Finalizer" daemon [_thread_blocked, id=3320, stack(0x0000000016000000,0x0000000016100000)]
  0x0000000013d34000 JavaThread "Reference Handler" daemon [_thread_blocked, id=4984, stack(0x0000000015f00000,0x0000000016000000)]
  0x00000000022d8000 JavaThread "main" [_thread_blocked, id=5748, stack(0x0000000000030000,0x0000000000130000)]

Other Threads:
=>0x0000000014eb2800 VMThread [stack: 0x0000000015e00000,0x0000000015f00000] [id=1100]

VM state:at safepoint (shutting down)

VM Mutex/Monitor currently owned by a thread:  ([mutex/lock_event])
[0x000000000268e360] Threads_lock - owner thread: 0x0000000014eb2800

Heap:
 PSYoungGen      total 129024K, used 3659K [0x00000000f5580000, 0x00000000ffe80000, 0x0000000100000000)
  eden space 86528K, 4% used [0x00000000f5580000,0x00000000f5912e28,0x00000000faa00000)
  from space 42496K, 0% used [0x00000000faa00000,0x00000000faa00000,0x00000000fd380000)
  to   space 41472K, 0% used [0x00000000fd600000,0x00000000fd600000,0x00000000ffe80000)
 ParOldGen       total 349696K, used 98118K [0x00000000e0000000, 0x00000000f5580000, 0x00000000f5580000)
  object space 349696K, 28% used [0x00000000e0000000,0x00000000e5fd1910,0x00000000f5580000)
 Metaspace       used 91265K, capacity 98814K, committed 99096K, reserved 1134592K
  class space    used 10807K, capacity 13326K, committed 13360K, reserved 1048576K

Card table byte_map: [0x00000000024a0000,0x00000000025b0000] byte_map_base: 0x0000000001da0000

Marking Bits: (ParMarkBitMap*) 0x0000000070aaa5b0
 Begin Bits: [0x0000000012250000, 0x0000000012a50000)
 End Bits:   [0x0000000012a50000, 0x0000000013250000)

Polling page: 0x0000000000470000

CodeCache: size=245760Kb used=47850Kb max_used=47876Kb free=197909Kb
 bounds [0x0000000002690000, 0x00000000055c0000, 0x0000000011690000]
 total_blobs=13628 nmethods=12716 adapters=819
 compilation: enabled

Compilation events (10 events):
Event: 3549.789 Thread 0x0000000013d4e800 nmethod 16455 0x000000000404acd0 code [0x000000000404ae40, 0x000000000404b028]
Event: 3549.789 Thread 0x0000000013d4e800 16456   !   3       org.eclipse.osgi.storage.bundlefile.MRUBundleFileList::remove (61 bytes)
Event: 3549.789 Thread 0x0000000013d4e800 nmethod 16456 0x000000000404a3d0 code [0x000000000404a560, 0x000000000404aaa8]
Event: 3549.789 Thread 0x0000000013d4e800 16457  s!   3       org.eclipse.osgi.storage.bundlefile.ZipBundleFile::close (64 bytes)
Event: 3549.789 Thread 0x0000000013d4e800 nmethod 16457 0x0000000002895dd0 code [0x0000000002895fa0, 0x0000000002896918]
Event: 3549.790 Thread 0x0000000013d4e800 16458       3       org.eclipse.osgi.container.Module::holdsTransitionEventLock (25 bytes)
Event: 3549.790 Thread 0x0000000013d4e800 nmethod 16458 0x0000000005571810 code [0x00000000055719a0, 0x00000000055720c8]
Event: 3549.790 Thread 0x0000000013d4e800 16468       1       java.util.concurrent.atomic.AtomicLong::get (5 bytes)
Event: 3549.790 Thread 0x0000000013d4e800 nmethod 16468 0x000000000404a110 code [0x000000000404a260, 0x000000000404a370]
Event: 3549.791 Thread 0x0000000013d4e800 16467   !   3       org.eclipse.osgi.storage.BundleInfo$Generation::clearManifestCache (30 bytes)

GC Heap History (10 events):
Event: 3544.158 GC heap before
{Heap before GC invocations=72823 (full 1542):
 PSYoungGen      total 124416K, used 64274K [0x00000000f5580000, 0x00000000ffe00000, 0x0000000100000000)
  eden space 77312K, 78% used [0x00000000f5580000,0x00000000f90ad9b0,0x00000000fa100000)
  from space 47104K, 7% used [0x00000000fa100000,0x00000000fa496ea0,0x00000000fcf00000)
  to   space 45056K, 0% used [0x00000000fd200000,0x00000000fd200000,0x00000000ffe00000)
 ParOldGen       total 349696K, used 311679K [0x00000000e0000000, 0x00000000f5580000, 0x00000000f5580000)
  object space 349696K, 89% used [0x00000000e0000000,0x00000000f305ff90,0x00000000f5580000)
 Metaspace       used 90103K, capacity 97784K, committed 97944K, reserved 1134592K
  class space    used 10691K, capacity 13132K, committed 13232K, reserved 1048576K
Event: 3544.162 GC heap after
Heap after GC invocations=72823 (full 1542):
 PSYoungGen      total 126464K, used 18849K [0x00000000f5580000, 0x00000000ffd00000, 0x0000000100000000)
  eden space 82432K, 0% used [0x00000000f5580000,0x00000000f5580000,0x00000000fa600000)
  from space 44032K, 42% used [0x00000000fd200000,0x00000000fe468730,0x00000000ffd00000)
  to   space 44544K, 0% used [0x00000000fa600000,0x00000000fa600000,0x00000000fd180000)
 ParOldGen       total 349696K, used 312483K [0x00000000e0000000, 0x00000000f5580000, 0x00000000f5580000)
  object space 349696K, 89% used [0x00000000e0000000,0x00000000f3128e30,0x00000000f5580000)
 Metaspace       used 90103K, capacity 97784K, committed 97944K, reserved 1134592K
  class space    used 10691K, capacity 13132K, committed 13232K, reserved 1048576K
}
Event: 3544.194 GC heap before
{Heap before GC invocations=72824 (full 1542):
 PSYoungGen      total 126464K, used 95549K [0x00000000f5580000, 0x00000000ffd00000, 0x0000000100000000)
  eden space 82432K, 93% used [0x00000000f5580000,0x00000000fa067010,0x00000000fa600000)
  from space 44032K, 42% used [0x00000000fd200000,0x00000000fe468730,0x00000000ffd00000)
  to   space 44544K, 0% used [0x00000000fa600000,0x00000000fa600000,0x00000000fd180000)
 ParOldGen       total 349696K, used 312483K [0x00000000e0000000, 0x00000000f5580000, 0x00000000f5580000)
  object space 349696K, 89% used [0x00000000e0000000,0x00000000f3128e30,0x00000000f5580000)
 Metaspace       used 90110K, capacity 97784K, committed 97944K, reserved 1134592K
  class space    used 10691K, capacity 13132K, committed 13232K, reserved 1048576K
Event: 3544.198 GC heap after
Heap after GC invocations=72824 (full 1542):
 PSYoungGen      total 126976K, used 18625K [0x00000000f5580000, 0x00000000ffe80000, 0x0000000100000000)
  eden space 82432K, 0% used [0x00000000f5580000,0x00000000f5580000,0x00000000fa600000)
  from space 44544K, 41% used [0x00000000fa600000,0x00000000fb830730,0x00000000fd180000)
  to   space 43520K, 0% used [0x00000000fd400000,0x00000000fd400000,0x00000000ffe80000)
 ParOldGen       total 349696K, used 312747K [0x00000000e0000000, 0x00000000f5580000, 0x00000000f5580000)
  object space 349696K, 89% used [0x00000000e0000000,0x00000000f316ae30,0x00000000f5580000)
 Metaspace       used 90110K, capacity 97784K, committed 97944K, reserved 1134592K
  class space    used 10691K, capacity 13132K, committed 13232K, reserved 1048576K
}
Event: 3544.221 GC heap before
{Heap before GC invocations=72825 (full 1542):
 PSYoungGen      total 126976K, used 101057K [0x00000000f5580000, 0x00000000ffe80000, 0x0000000100000000)
  eden space 82432K, 100% used [0x00000000f5580000,0x00000000fa600000,0x00000000fa600000)
  from space 44544K, 41% used [0x00000000fa600000,0x00000000fb830730,0x00000000fd180000)
  to   space 43520K, 0% used [0x00000000fd400000,0x00000000fd400000,0x00000000ffe80000)
 ParOldGen       total 349696K, used 312747K [0x00000000e0000000, 0x00000000f5580000, 0x00000000f5580000)
  object space 349696K, 89% used [0x00000000e0000000,0x00000000f316ae30,0x00000000f5580000)
 Metaspace       used 90126K, capacity 97784K, committed 97944K, reserved 1134592K
  class space    used 10691K, capacity 13132K, committed 13232K, reserved 1048576K
Event: 3544.225 GC heap after
Heap after GC invocations=72825 (full 1542):
 PSYoungGen      total 128512K, used 18658K [0x00000000f5580000, 0x00000000ffd00000, 0x0000000100000000)
  eden space 86528K, 0% used [0x00000000f5580000,0x00000000f5580000,0x00000000faa00000)
  from space 41984K, 44% used [0x00000000fd400000,0x00000000fe6389f8,0x00000000ffd00000)
  to   space 42496K, 0% used [0x00000000faa00000,0x00000000faa00000,0x00000000fd380000)
 ParOldGen       total 349696K, used 312795K [0x00000000e0000000, 0x00000000f5580000, 0x00000000f5580000)
  object space 349696K, 89% used [0x00000000e0000000,0x00000000f3176e30,0x00000000f5580000)
 Metaspace       used 90126K, capacity 97784K, committed 97944K, reserved 1134592K
  class space    used 10691K, capacity 13132K, committed 13232K, reserved 1048576K
}
Event: 3549.672 GC heap before
{Heap before GC invocations=72826 (full 1542):
 PSYoungGen      total 128512K, used 105186K [0x00000000f5580000, 0x00000000ffd00000, 0x0000000100000000)
  eden space 86528K, 100% used [0x00000000f5580000,0x00000000faa00000,0x00000000faa00000)
  from space 41984K, 44% used [0x00000000fd400000,0x00000000fe6389f8,0x00000000ffd00000)
  to   space 42496K, 0% used [0x00000000faa00000,0x00000000faa00000,0x00000000fd380000)
 ParOldGen       total 349696K, used 312795K [0x00000000e0000000, 0x00000000f5580000, 0x00000000f5580000)
  object space 349696K, 89% used [0x00000000e0000000,0x00000000f3176e30,0x00000000f5580000)
 Metaspace       used 91247K, capacity 98820K, committed 99096K, reserved 1134592K
  class space    used 10805K, capacity 13327K, committed 13360K, reserved 1048576K
Event: 3549.678 GC heap after
Heap after GC invocations=72826 (full 1542):
 PSYoungGen      total 129024K, used 3034K [0x00000000f5580000, 0x00000000ffe80000, 0x0000000100000000)
  eden space 86528K, 0% used [0x00000000f5580000,0x00000000f5580000,0x00000000faa00000)
  from space 42496K, 7% used [0x00000000faa00000,0x00000000facf6a30,0x00000000fd380000)
  to   space 41472K, 0% used [0x00000000fd600000,0x00000000fd600000,0x00000000ffe80000)
 ParOldGen       total 349696K, used 331270K [0x00000000e0000000, 0x00000000f5580000, 0x00000000f5580000)
  object space 349696K, 94% used [0x00000000e0000000,0x00000000f4381828,0x00000000f5580000)
 Metaspace       used 91247K, capacity 98820K, committed 99096K, reserved 1134592K
  class space    used 10805K, capacity 13327K, committed 13360K, reserved 1048576K
}
Event: 3549.678 GC heap before
{Heap before GC invocations=72827 (full 1543):
 PSYoungGen      total 129024K, used 3034K [0x00000000f5580000, 0x00000000ffe80000, 0x0000000100000000)
  eden space 86528K, 0% used [0x00000000f5580000,0x00000000f5580000,0x00000000faa00000)
  from space 42496K, 7% used [0x00000000faa00000,0x00000000facf6a30,0x00000000fd380000)
  to   space 41472K, 0% used [0x00000000fd600000,0x00000000fd600000,0x00000000ffe80000)
 ParOldGen       total 349696K, used 331270K [0x00000000e0000000, 0x00000000f5580000, 0x00000000f5580000)
  object space 349696K, 94% used [0x00000000e0000000,0x00000000f4381828,0x00000000f5580000)
 Metaspace       used 91247K, capacity 98820K, committed 99096K, reserved 1134592K
  class space    used 10805K, capacity 13327K, committed 13360K, reserved 1048576K
Event: 3549.769 GC heap after
Heap after GC invocations=72827 (full 1543):
 PSYoungGen      total 129024K, used 0K [0x00000000f5580000, 0x00000000ffe80000, 0x0000000100000000)
  eden space 86528K, 0% used [0x00000000f5580000,0x00000000f5580000,0x00000000faa00000)
  from space 42496K, 0% used [0x00000000faa00000,0x00000000faa00000,0x00000000fd380000)
  to   space 41472K, 0% used [0x00000000fd600000,0x00000000fd600000,0x00000000ffe80000)
 ParOldGen       total 349696K, used 98118K [0x00000000e0000000, 0x00000000f5580000, 0x00000000f5580000)
  object space 349696K, 28% used [0x00000000e0000000,0x00000000e5fd1910,0x00000000f5580000)
 Metaspace       used 91237K, capacity 98750K, committed 99096K, reserved 1134592K
  class space    used 10804K, capacity 13326K, committed 13360K, reserved 1048576K
}

Deoptimization events (10 events):
Event: 3549.313 Thread 0x000000001e125000 Uncommon trap: reason=unstable_if action=reinterpret pc=0x0000000004441388 method=org.eclipse.core.internal.jobs.JobManager.startJob(Lorg/eclipse/core/internal/jobs/Worker;)Lorg/eclipse/core/runtime/jobs/Job; @ 20
Event: 3549.318 Thread 0x000000001e833000 Uncommon trap: reason=unstable_if action=reinterpret pc=0x00000000052807c0 method=org.eclipse.swt.widgets.Display.getDefault()Lorg/eclipse/swt/widgets/Display; @ 8
Event: 3549.319 Thread 0x000000001e833000 Uncommon trap: reason=unstable_if action=reinterpret pc=0x0000000003616cd4 method=org.eclipse.osgi.internal.hooks.EclipseLazyStarter.shouldActivateFor(Ljava/lang/String;Lorg/eclipse/osgi/container/Module;Lorg/eclipse/osgi/container/ModuleRevision;Lorg/ecli#’ä£∫´@
Event: 3549.319 Thread 0x000000001e833000 Uncommon trap: reason=class_check action=maybe_recompile pc=0x00000000043987ac method=org.eclipse.swt.widgets.Display.asyncExec(Ljava/lang/Runnable;)V @ 23
Event: 3549.320 Thread 0x000000001e833000 Uncommon trap: reason=class_check action=maybe_recompile pc=0x00000000043987ac method=org.eclipse.swt.widgets.Display.asyncExec(Ljava/lang/Runnable;)V @ 23
Event: 3549.321 Thread 0x00000000179fe800 Uncommon trap: reason=unstable_if action=reinterpret pc=0x0000000003478818 method=org.eclipse.osgi.internal.framework.BundleContextImpl.dispatchEvent(Ljava/lang/Object;Ljava/lang/Object;ILjava/lang/Object;)V @ 16
Event: 3549.333 Thread 0x000000001e833000 Uncommon trap: reason=null_check action=maybe_recompile pc=0x000000000489291c method=com.xilinx.sdk.targetmanager.internal.json.XMDJSONProcess.issueCommand(Ljava/lang/String;)Lcom/xilinx/sdk/targetmanager/internal/IXMDResult; @ 3
Event: 3549.337 Thread 0x000000001e833000 Uncommon trap: reason=unstable_if action=reinterpret pc=0x0000000003ed3d9c method=org.eclipse.core.internal.dtree.AbstractDataTreeNode.assembleWith([Lorg/eclipse/core/internal/dtree/AbstractDataTreeNode;[Lorg/eclipse/core/internal/dtree/AbstractDataTreeNod%ˇ~èª´@
Event: 3549.780 Thread 0x000000001e833000 Uncommon trap: reason=unstable_if action=reinterpret pc=0x00000000046558d0 method=sun.reflect.UnsafeStaticObjectFieldAccessorImpl.set(Ljava/lang/Object;Ljava/lang/Object;)V @ 13
Event: 3549.781 Thread 0x000000001e833000 Uncommon trap: reason=null_check action=make_not_entrant pc=0x0000000002d9d874 method=java.lang.ThreadLocal$ThreadLocalMap.getEntryAfterMiss(Ljava/lang/ThreadLocal;ILjava/lang/ThreadLocal$ThreadLocalMap$Entry;)Ljava/lang/ThreadLocal$ThreadLocalMap$Entry; @ì0p†∫´@

Internal exceptions (10 events):
Event: 3549.333 Thread 0x000000001e833000 Exception <a 'java/lang/NullPointerException'> (0x00000000fa8558e8) thrown at [C:\re\workspace\8-2-build-windows-amd64-cygwin\jdk8u66\5298\hotspot\src\share\vm\prims\jvm.cpp, line 1390]
Event: 3549.365 Thread 0x00000000191ff000 Exception <a 'java/lang/InterruptedException'> (0x00000000fa193700) thrown at [C:\re\workspace\8-2-build-windows-amd64-cygwin\jdk8u66\5298\hotspot\src\share\vm\runtime\objectMonitor.cpp, line 1683]
Event: 3549.667 Thread 0x000000001e833000 Exception <a 'java/io/IOException'> (0x00000000fa98f6d8) thrown at [C:\re\workspace\8-2-build-windows-amd64-cygwin\jdk8u66\5298\hotspot\src\share\vm\prims\jni.cpp, line 709]
Event: 3549.667 Thread 0x000000001e833000 Exception <a 'java/io/IOException'> (0x00000000fa98f968) thrown at [C:\re\workspace\8-2-build-windows-amd64-cygwin\jdk8u66\5298\hotspot\src\share\vm\prims\jni.cpp, line 709]
Event: 3549.667 Thread 0x000000001e833000 Exception <a 'java/io/IOException'> (0x00000000fa98fbc8) thrown at [C:\re\workspace\8-2-build-windows-amd64-cygwin\jdk8u66\5298\hotspot\src\share\vm\prims\jni.cpp, line 709]
Event: 3549.780 Thread 0x000000001e833000 Implicit null exception at 0x00000000046555cf to 0x00000000046558bd
Event: 3549.781 Thread 0x00000000179fe800 Exception <a 'java/lang/InterruptedException'> (0x00000000f560d370) thrown at [C:\re\workspace\8-2-build-windows-amd64-cygwin\jdk8u66\5298\hotspot\src\share\vm\runtime\objectMonitor.cpp, line 1683]
Event: 3549.781 Thread 0x000000001e833000 Implicit null exception at 0x0000000002d9d777 to 0x0000000002d9d853
Event: 3549.789 Thread 0x0000000019200000 Exception <a 'java/lang/InterruptedException'> (0x00000000f569a200) thrown at [C:\re\workspace\8-2-build-windows-amd64-cygwin\jdk8u66\5298\hotspot\src\share\vm\runtime\objectMonitor.cpp, line 1683]
Event: 3549.789 Thread 0x0000000017c0b800 Exception <a 'java/lang/InterruptedException'> (0x00000000f5706cd0) thrown at [C:\re\workspace\8-2-build-windows-amd64-cygwin\jdk8u66\5298\hotspot\src\share\vm\runtime\objectMonitor.cpp, line 1683]

Events (10 events):
Event: 3549.790 loading class java/util/IdentityHashMap$KeyIterator
Event: 3549.791 loading class java/util/IdentityHashMap$IdentityHashMapIterator
Event: 3549.791 loading class java/util/IdentityHashMap$IdentityHashMapIterator done
Event: 3549.791 loading class java/util/IdentityHashMap$KeyIterator done
Event: 3549.791 Thread 0x0000000013d4e800 flushing nmethod 0x0000000002a83d10
Event: 3549.791 Thread 0x000000001e833000 Thread added: 0x000000001e833000
Event: 3549.791 Thread 0x0000000013d4e800 flushing nmethod 0x0000000002aa0150
Event: 3549.791 Thread 0x0000000013d4e800 flushing nmethod 0x0000000002ae9c10
Event: 3549.791 Thread 0x000000001e833000 Thread exited: 0x000000001e833000
Event: 3549.791 Executing VM operation: Exit


Dynamic libraries:
0x0000000000400000 - 0x000000000044f000 	C:\Xilinx\SDK\2016.2\eclipse\win64.o\eclipse.exe
0x0000000077a90000 - 0x0000000077c3a000 	C:\Windows\SYSTEM32\ntdll.dll
0x0000000077870000 - 0x000000007798f000 	C:\Windows\system32\kernel32.dll
0x000007fefda70000 - 0x000007fefdada000 	C:\Windows\system32\KERNELBASE.dll
0x0000000077990000 - 0x0000000077a8a000 	C:\Windows\system32\USER32.dll
0x000007feff1f0000 - 0x000007feff257000 	C:\Windows\system32\GDI32.dll
0x000007feff880000 - 0x000007feff88e000 	C:\Windows\system32\LPK.dll
0x000007feff260000 - 0x000007feff32a000 	C:\Windows\system32\USP10.dll
0x000007fefebc0000 - 0x000007fefec5f000 	C:\Windows\system32\msvcrt.dll
0x000007fefc0e0000 - 0x000007fefc2d4000 	C:\Windows\WinSxS\amd64_microsoft.windows.common-controls_6595b64144ccf1df_6.0.7601.18837_none_fa3b1e3d17594757\COMCTL32.dll
0x000007feff890000 - 0x000007feff901000 	C:\Windows\system32\SHLWAPI.dll
0x000007feff160000 - 0x000007feff18e000 	C:\Windows\system32\IMM32.DLL
0x000007feff770000 - 0x000007feff879000 	C:\Windows\system32\MSCTF.dll
0x0000000072000000 - 0x0000000072012000 	C:\Xilinx\SDK\2016.2\eclipse\win64.o\plugins\org.eclipse.equinox.launcher.win32.win32.x86_64_1.1.300.v20150602-1417\eclipse_1611.dll
0x000007feffbe0000 - 0x000007feffcbb000 	C:\Windows\system32\ADVAPI32.dll
0x000007feff740000 - 0x000007feff75f000 	C:\Windows\SYSTEM32\sechost.dll
0x000007fefdb90000 - 0x000007fefdcbd000 	C:\Windows\system32\RPCRT4.dll
0x000007fefc860000 - 0x000007fefc86c000 	C:\Windows\system32\VERSION.dll
0x000007fefc080000 - 0x000007fefc0d6000 	C:\Windows\system32\UxTheme.dll
0x00000000702a0000 - 0x0000000070b29000 	C:\Xilinx\SDK\2016.2\tps\win64\jre\bin\server\jvm.dll
0x000007fefa240000 - 0x000007fefa249000 	C:\Windows\system32\WSOCK32.dll
0x000007fefdd40000 - 0x000007fefdd8d000 	C:\Windows\system32\WS2_32.dll
0x000007feff760000 - 0x000007feff768000 	C:\Windows\system32\NSI.dll
0x000007fef9070000 - 0x000007fef90ab000 	C:\Windows\system32\WINMM.dll
0x0000000077c60000 - 0x0000000077c67000 	C:\Windows\system32\PSAPI.DLL
0x0000000073940000 - 0x0000000073a12000 	C:\Windows\system32\MSVCR100.dll
0x00000000745a0000 - 0x00000000745af000 	C:\Xilinx\SDK\2016.2\tps\win64\jre\bin\verify.dll
0x00000000738c0000 - 0x00000000738e9000 	C:\Xilinx\SDK\2016.2\tps\win64\jre\bin\java.dll
0x00000000738a0000 - 0x00000000738b6000 	C:\Xilinx\SDK\2016.2\tps\win64\jre\bin\zip.dll
0x000007fefde30000 - 0x000007fefebb9000 	C:\Windows\system32\SHELL32.dll
0x000007feff330000 - 0x000007feff533000 	C:\Windows\system32\ole32.dll
0x000007fefd7e0000 - 0x000007fefd7ef000 	C:\Windows\system32\profapi.dll
0x000007fefcfd0000 - 0x000007fefcfe8000 	C:\Windows\system32\CRYPTSP.dll
0x000007fefccd0000 - 0x000007fefcd17000 	C:\Windows\system32\rsaenh.dll
0x000007fefd8a0000 - 0x000007fefd8be000 	C:\Windows\system32\USERENV.dll
0x000007fefd630000 - 0x000007fefd63f000 	C:\Windows\system32\CRYPTBASE.dll
0x0000000073880000 - 0x000000007389a000 	C:\Xilinx\SDK\2016.2\tps\win64\jre\bin\net.dll
0x000007fefcf70000 - 0x000007fefcfc5000 	C:\Windows\system32\mswsock.dll
0x000007fefcf60000 - 0x000007fefcf67000 	C:\Windows\System32\wship6.dll
0x000007fefa110000 - 0x000007fefa137000 	C:\Windows\system32\IPHLPAPI.DLL
0x000007fefa100000 - 0x000007fefa10b000 	C:\Windows\system32\WINNSI.DLL
0x000007fefaf40000 - 0x000007fefaf51000 	C:\Windows\system32\dhcpcsvc6.DLL
0x000007fefaf20000 - 0x000007fefaf38000 	C:\Windows\system32\dhcpcsvc.DLL
0x0000000073860000 - 0x0000000073871000 	C:\Xilinx\SDK\2016.2\tps\win64\jre\bin\nio.dll
0x000007fefa220000 - 0x000007fefa235000 	C:\Windows\system32\NLAapi.dll
0x000007fef9df0000 - 0x000007fef9e05000 	C:\Windows\system32\napinsp.dll
0x000007fef9e10000 - 0x000007fef9e29000 	C:\Windows\system32\pnrpnsp.dll
0x000007fefcdf0000 - 0x000007fefce4b000 	C:\Windows\system32\DNSAPI.dll
0x000007fef9de0000 - 0x000007fef9deb000 	C:\Windows\System32\winrnr.dll
0x000007fefc930000 - 0x000007fefc937000 	C:\Windows\System32\wshtcpip.dll
0x000007fef9e30000 - 0x000007fef9e38000 	C:\Windows\system32\rasadhlp.dll
0x000007fefafd0000 - 0x000007fefb023000 	C:\Windows\System32\fwpuclnt.dll
0x00000000171c0000 - 0x0000000017268000 	C:\Users\dezfoul2\.Xilinx\SDK\2016.2\org.eclipse.osgi\312\0\.cp\swt-win32-4527.dll
0x000007feffcc0000 - 0x000007feffd98000 	C:\Windows\system32\OLEAUT32.dll
0x000007feff0c0000 - 0x000007feff157000 	C:\Windows\system32\comdlg32.dll
0x000007fef7130000 - 0x000007fef71a1000 	C:\Windows\system32\WINSPOOL.DRV
0x000007feff910000 - 0x000007feffbd5000 	C:\Windows\system32\WININET.dll
0x000007fefd810000 - 0x000007fefd814000 	C:\Windows\system32\api-ms-win-downlevel-user32-l1-1-0.dll
0x000007fefd7f0000 - 0x000007fefd7f4000 	C:\Windows\system32\api-ms-win-downlevel-shlwapi-l1-1-0.dll
0x000007fefdae0000 - 0x000007fefdae4000 	C:\Windows\system32\api-ms-win-downlevel-version-l1-1-0.dll
0x000007fefd800000 - 0x000007fefd803000 	C:\Windows\system32\api-ms-win-downlevel-normaliz-l1-1-0.dll
0x0000000077c50000 - 0x0000000077c53000 	C:\Windows\system32\normaliz.DLL
0x000007fefedf0000 - 0x000007feff0b9000 	C:\Windows\system32\iertutil.dll
0x000007fefd890000 - 0x000007fefd895000 	C:\Windows\system32\api-ms-win-downlevel-advapi32-l1-1-0.dll
0x000007fefd8c0000 - 0x000007fefda2d000 	C:\Windows\system32\CRYPT32.dll
0x000007fefd7d0000 - 0x000007fefd7df000 	C:\Windows\system32\MSASN1.dll
0x000007fefbb50000 - 0x000007fefbc7c000 	C:\Windows\system32\propsys.dll
0x000007fefdd90000 - 0x000007fefde29000 	C:\Windows\system32\CLBCatQ.DLL
0x0000000017270000 - 0x000000001728e000 	C:\Users\dezfoul2\.Xilinx\SDK\2016.2\org.eclipse.osgi\312\0\.cp\swt-gdip-win32-4527.dll
0x000007fefbe60000 - 0x000007fefc076000 	C:\Windows\WinSxS\amd64_microsoft.windows.gdiplus_6595b64144ccf1df_1.1.7601.23508_none_145555328b95eaaa\gdiplus.dll
0x000007fefb980000 - 0x000007fefbae1000 	C:\Windows\system32\WindowsCodecs.dll
0x0000000180000000 - 0x0000000180012000 	C:\Users\dezfoul2\.Xilinx\SDK\2016.2\org.eclipse.osgi\126\0\.cp\os\win32\x86_64\localfile_1_0_0.dll
0x000007fef4f10000 - 0x000007fef4f64000 	C:\Windows\system32\oleacc.dll
0x000007fef93a0000 - 0x000007fef93a7000 	C:\Windows\system32\msimg32.dll
0x000007fefd720000 - 0x000007fefd734000 	C:\Windows\system32\RpcRtRemote.dll
0x000007fefd5d0000 - 0x000007fefd627000 	C:\Windows\system32\apphelp.dll
0x000007fef4a20000 - 0x000007fef4a31000 	C:\Users\dezfoul2\.Xilinx\SDK\2016.2\org.eclipse.osgi\129\0\.cp\jWinHttp-1.0.0.dll
0x000007fefa960000 - 0x000007fefa9d1000 	C:\Windows\system32\WINHTTP.dll
0x000007fefa8f0000 - 0x000007fefa954000 	C:\Windows\system32\webio.dll
0x000007fefd5a0000 - 0x000007fefd5c5000 	C:\Windows\system32\SspiCli.dll
0x000007fefcb90000 - 0x000007fefcb9a000 	C:\Windows\system32\credssp.dll
0x000007fefda30000 - 0x000007fefda66000 	C:\Windows\system32\CFGMGR32.dll
0x000007fefb8b0000 - 0x000007fefb8bf000 	C:\Xilinx\SDK\2016.2\lib\win64.o\librdi_repo_manager.dll
0x000007feecdb0000 - 0x000007feecdda000 	C:\Xilinx\SDK\2016.2\lib\win64.o\libisl_sysinfo.dll
0x000007feed470000 - 0x000007feed544000 	C:\Windows\system32\MSVCR110.dll
0x000007feed370000 - 0x000007feed417000 	C:\Windows\system32\MSVCP110.dll
0x000007febb340000 - 0x000007febbd80000 	C:\Xilinx\SDK\2016.2\lib\win64.o\librdi_common.dll
0x000007febccd0000 - 0x000007febd03e000 	C:\Xilinx\SDK\2016.2\lib\win64.o\libCOIN-all.dll
0x000007febcab0000 - 0x000007febcccf000 	C:\Xilinx\SDK\2016.2\lib\win64.o\libXil_lmgr11.dll
0x000007fefb840000 - 0x000007fefb856000 	C:\Windows\system32\NETAPI32.dll
0x000007fefcc00000 - 0x000007fefcc0c000 	C:\Windows\system32\netutils.dll
0x000007fefd250000 - 0x000007fefd273000 	C:\Windows\system32\srvcli.dll
0x000007fefb820000 - 0x000007fefb835000 	C:\Windows\system32\wkscli.dll
0x000007fefd850000 - 0x000007fefd88b000 	C:\Windows\system32\WINTRUST.dll
0x000007fefa010000 - 0x000007fefa020000 	C:\Xilinx\SDK\2016.2\lib\win64.o\libboost_date_time.dll
0x000007fee7fd0000 - 0x000007fee7ff4000 	C:\Xilinx\SDK\2016.2\lib\win64.o\libboost_filesystem.dll
0x000007fefaa80000 - 0x000007fefaa89000 	C:\Xilinx\SDK\2016.2\lib\win64.o\libboost_system.dll
0x000007fec5ba0000 - 0x000007fec5c17000 	C:\Xilinx\SDK\2016.2\lib\win64.o\libboost_program_options.dll
0x000007febc9a0000 - 0x000007febcaa6000 	C:\Xilinx\SDK\2016.2\lib\win64.o\libboost_regex.dll
0x000007fef3f20000 - 0x000007fef3f33000 	C:\Xilinx\SDK\2016.2\lib\win64.o\libboost_signals.dll
0x000007fef2fd0000 - 0x000007fef2fed000 	C:\Xilinx\SDK\2016.2\lib\win64.o\libboost_thread.dll
0x000007fef96b0000 - 0x000007fef96bb000 	C:\Xilinx\SDK\2016.2\lib\win64.o\libboost_chrono.dll
0x000007fef5820000 - 0x000007fef582b000 	C:\Xilinx\SDK\2016.2\lib\win64.o\libboost_xilinx.dll
0x000007fed63e0000 - 0x000007fed6460000 	C:\Xilinx\SDK\2016.2\lib\win64.o\libhdlpsolve.dll
0x000007febc900000 - 0x000007febc99a000 	C:\Xilinx\SDK\2016.2\lib\win64.o\libhdxml.dll
0x000007febc490000 - 0x000007febc8f5e00 	C:\Xilinx\SDK\2016.2\lib\win64.o\libisl_iostreams.dll
0x000007feeebb0000 - 0x000007feeebc6000 	C:\Xilinx\SDK\2016.2\lib\win64.o\libboost_iostreams.dll
0x000007fed63b0000 - 0x000007fed63d3000 	C:\Xilinx\SDK\2016.2\lib\win64.o\librdizlib.dll
0x000007fec5b70000 - 0x000007fec5b93000 	C:\Xilinx\SDK\2016.2\lib\win64.o\libisl_iosutils.dll
0x000007feeeb10000 - 0x000007feeeb25000 	C:\Xilinx\SDK\2016.2\lib\win64.o\pthreadVC2.dll
0x000007febc430000 - 0x000007febc484000 	C:\Xilinx\SDK\2016.2\lib\win64.o\librdi_commonxillic.dll
0x000007febc300000 - 0x000007febc430000 	C:\Xilinx\SDK\2016.2\lib\win64.o\librdi_curl.dll
0x000007feee8d0000 - 0x000007feee8e8000 	C:\Xilinx\SDK\2016.2\lib\win64.o\librdiconfig.dll
0x0000000071d40000 - 0x0000000071e67000 	C:\Xilinx\SDK\2016.2\lib\win64.o\tcl85t.dll
0x00000000249c0000 - 0x0000000024c23000 	C:\Xilinx\SDK\2016.2\lib\win64.o\xerces-c_3_1.dll
0x000007fefec60000 - 0x000007fefede6000 	C:\Windows\system32\urlmon.dll
0x000007fefd840000 - 0x000007fefd844000 	C:\Windows\system32\api-ms-win-downlevel-ole32-l1-1-0.dll
0x000007fef4da0000 - 0x000007fef4dc3000 	C:\Windows\system32\VCOMP110.DLL
0x000007febc100000 - 0x000007febc2f2000 	C:\Xilinx\SDK\2016.2\lib\win64.o\librdi_hsm.dll
0x000007febc0b0000 - 0x000007febc0f3000 	C:\Xilinx\SDK\2016.2\lib\win64.o\librdi_hdf.dll
0x000007febb0b0000 - 0x000007febb331000 	C:\Xilinx\SDK\2016.2\lib\win64.o\librdi_ippcw.dll
0x000007fef8a30000 - 0x000007fef8a3a000 	C:\Xilinx\SDK\2016.2\lib\win64.o\librdi_jtag_settings.dll
0x000007fef8a00000 - 0x000007fef8a29000 	C:\Xilinx\SDK\2016.2\lib\win64.o\librdi_debug_dialog.dll
0x000007fef89f0000 - 0x000007fef89f8000 	C:\Xilinx\SDK\2016.2\lib\win64.o\librdi_target_manager.dll
0x000007fef89d0000 - 0x000007fef89e6000 	C:\Xilinx\SDK\2016.2\eclipse\win64.o\plugins\org.eclipse.cdt.core.win32.x86_64_5.4.0.201509131935\os\win32\x86_64\spawner.dll
0x0000000071080000 - 0x00000000710a6000 	C:\Xilinx\SDK\2016.2\eclipse\win64.o\plugins\gnu.io.rxtx.win32.x86_64_2.1.7.3_v20071015\os\win32\x86_64\rxtxSerial.dll
0x0000000071100000 - 0x0000000071125000 	C:\Users\dezfoul2\.jssc\windows\jSSC-2.8_x86_64.dll
0x000007feb8e20000 - 0x000007feb9630000 	C:\Xilinx\SDK\2016.2\lib\win64.o\libXil_lmgr11FNP.dll

VM Arguments:
jvm_args: -Dcom.xilinx.sdk.args.hwspec=W:/ece532/src/hdmi.sdk/hdmi_wrapper.hdf -Xms64m -Xmx512m & 
java_command: <unknown>
java_class_path (initial): C:\Xilinx\SDK\2016.2\eclipse\win64.o\\plugins/org.eclipse.equinox.launcher_1.3.100.v20150511-1540.jar
Launcher Type: generic

Environment Variables:
PATH=C:/Xilinx/SDK/2016.2/tps/win64/jre/bin/server;C:/Xilinx/SDK/2016.2/tps/win64/jre/bin;C:/Xilinx/SDK/2016.2/tps/win64/jre/lib/amd64;C:\Xilinx\SDK\2016.2\gnuwin\bin;C:\Xilinx\SDK\2016.2\gnu\microblaze\nt\bin;C:\Xilinx\SDK\2016.2\gnu\microblaze\linux_toolchain\nt64_le\bin;C:\Xilinx\SDK\2016.2\gnu\microblaze\linux_toolchain\nt64_be\bin;C:\Xilinx\SDK\2016.2\gnu\arm\nt\bin;C:\Xilinx\SDK\2016.2\gnu\aarch64\nt\aarch64-none\bin;C:\Xilinx\SDK\2016.2\gnu\aarch64\nt\aarch64-linux\bin;C:\Xilinx\SDK\2016.2\gnu\armr5\nt\gcc-arm-none-eabi\bin;C:\Xilinx\SDK\2016.2\gnu\aarch32\nt\gcc-arm-none-eabi\bin;C:\Xilinx\SDK\2016.2\gnu\aarch32\nt\gcc-arm-linux-gnueabi\bin;C:\Xilinx\SDK\2016.2\tps\win64\cmake-3.3.2\bin;;C:\Xilinx\SDK\2016.2\bin;C:\Xilinx\SDK\2016.2\lib\win64.o;C:\Xilinx\SDK\2016.2\tps\win64\jre\bin\server;C:\Xilinx\SDK\2016.2\tps\win64\jre\bin;C:\Xilinx\Vivado\2016.2\ids_lite\ISE\bin\nt64;C:\Xilinx\Vivado\2016.2\ids_lite\ISE\lib\nt64;C:\Xilinx\Vivado\2016.2\bin;C:\Xilinx\Vivado\2016.2\lib\win64.o;C:\Xilinx\Vivado\2016.2\tps\win64\jre\bin\server;C:\Xilinx\Vivado\2016.2\tps\win64\jre\bin;C:\Xilinx\Vivado_HLS\2016.2\bin;C:\Windows\system32;C:\Windows;C:\Windows\System32\Wbem;C:\Windows\System32\WindowsPowerShell\v1.0\;C:\Program Files (x86)\Java\jre6\bin;C:\Program Files (x86)\eclipse;C:\altera\16.0\quartus\bin64;c:\altera\16.0\quartus\bin64\jre64\bin;W:\ece532\src;
USERNAME=dezfoul2
OS=Windows_NT
PROCESSOR_IDENTIFIER=Intel64 Family 6 Model 60 Stepping 3, GenuineIntel



---------------  S Y S T E M  ---------------

OS: Windows 7 , 64 bit Build 7601 (6.1.7601.23418)

CPU:total 8 (4 cores per cpu, 2 threads per core) family 6 model 60 stepping 3, cmov, cx8, fxsr, mmx, sse, sse2, sse3, ssse3, sse4.1, sse4.2, popcnt, avx, avx2, aes, clmul, erms, lzcnt, ht, tsc, tscinvbit, bmi1, bmi2

Memory: 4k page, physical 16683160k(10765628k free), swap 33364460k(26970968k free)

vm_info: Java HotSpot(TM) 64-Bit Server VM (25.66-b18) for windows-amd64 JRE (1.8.0_66-b18), built on Nov  9 2015 10:51:13 by "java_re" with MS VC++ 10.0 (VS2010)

time: Mon Mar 27 20:37:58 2017
elapsed time: 3550 seconds (0d 0h 59m 10s)

