#
# A fatal error has been detected by the Java Runtime Environment:
#
#  Internal Error (0xc000000d), pid=4864, tid=1980
#
# JRE version: Java(TM) SE Runtime Environment (8.0_66-b18) (build 1.8.0_66-b18)
# Java VM: Java HotSpot(TM) 64-Bit Server VM (25.66-b18 mixed mode windows-amd64 compressed oops)
# Problematic frame:
# C  [ntdll.dll+0x96b4f]
#
# Failed to write core dump. Minidumps are not enabled by default on client versions of Windows
#
# If you would like to submit a bug report, please visit:
#   http://bugreport.java.com/bugreport/crash.jsp
#

---------------  T H R E A D  ---------------

Current thread (0x0000000014e92800):  VMThread [stack: 0x0000000015de0000,0x0000000015ee0000] [id=1980]

siginfo: ExceptionCode=0xc000000d

Registers:
RAX=0x00000000614f12db, RBX=0x0000000000000000, RCX=0x0000000015edef10, RDX=0x0000000000000000
RSP=0x0000000015edf520, RBP=0x0000000026d71a40, RSI=0x000007feec387408, RDI=0x0000000015edf668
R8 =0x0000000000000000, R9 =0x0000000000000000, R10=0x0000000000000000, R11=0x0000000000000246
R12=0x00000000174f4e00, R13=0x00000000174f4dd0, R14=0x0000000026d71b48, R15=0x0000000000000000
RIP=0x0000000077b86b4f, EFLAGS=0x0000000000000206

Top of Stack: (sp=0x0000000015edf520)
0x0000000015edf520:   0000000000000000 000007feec387408
0x0000000015edf530:   0000000015edf668 0000000000000000
0x0000000015edf540:   0000000000000050 00000000002d0000
0x0000000015edf550:   0000000000000000 0000000000000000
0x0000000015edf560:   0000000000000002 0000000077b3db18
0x0000000015edf570:   00000000c000000d 0000000000000000
0x0000000015edf580:   0000000077b86b4f 0000000000000000
0x0000000015edf590:   0000000000000000 0000000000000000
0x0000000015edf5a0:   0000000000000000 0000000000000000
0x0000000015edf5b0:   0000000000000000 0000000000000000
0x0000000015edf5c0:   0000000000000000 0000000000000000
0x0000000015edf5d0:   0000000000000000 0000000000000000
0x0000000015edf5e0:   0000000000000000 0000000000000000
0x0000000015edf5f0:   0000000000000000 0000000000000000
0x0000000015edf600:   0000000000000000 00000000174f4e00
0x0000000015edf610:   0000000000000df8 0000000077a13458 

Instructions: (pc=0x0000000077b86b4f)
0x0000000077b86b2f:   cd 6b fb ff b9 57 00 00 00 c7 44 24 50 0d 00 00
0x0000000077b86b3f:   c0 e8 bb 6e fb ff 48 8d 4c 24 50 e8 31 1d f8 ff
0x0000000077b86b4f:   4c 8b 1d 82 68 09 00 4d 85 db 74 5b 65 48 8b 04
0x0000000077b86b5f:   25 30 00 00 00 f6 80 ee 17 00 00 08 74 12 65 48 


Register to memory mapping:

RAX=0x00000000614f12db is an unknown value
RBX=0x0000000000000000 is an unknown value
RCX=0x0000000015edef10 is an unknown value
RDX=0x0000000000000000 is an unknown value
RSP=0x0000000015edf520 is an unknown value
RBP=0x0000000026d71a40 is an unknown value
RSI=0x000007feec387408 is an unknown value
RDI=0x0000000015edf668 is an unknown value
R8 =0x0000000000000000 is an unknown value
R9 =0x0000000000000000 is an unknown value
R10=0x0000000000000000 is an unknown value
R11=0x0000000000000246 is an unknown value
R12=0x00000000174f4e00 is an unknown value
R13=0x00000000174f4dd0 is an unknown value
R14=0x0000000026d71b48 is an unknown value
R15=0x0000000000000000 is an unknown value


Stack: [0x0000000015de0000,0x0000000015ee0000],  sp=0x0000000015edf520,  free space=1021k
Native frames: (J=compiled Java code, j=interpreted, Vv=VM code, C=native code)
C  [ntdll.dll+0x96b4f]
C  [kernel32.dll+0x43458]
C  [MSVCR110.dll+0x752d]
C  [MSVCR110.dll+0x73c6]
C  [MSVCR110.dll+0x14cca]
C  [MSVCR110.dll+0x13edc]
C  [MSVCR110.dll+0x239e]
C  [MSVCR110.dll+0xaf9e]
C  [MSVCP110.dll+0x397b9]
C  [librdi_common.dll+0x182316]
C  [librdi_common.dll+0x180fab]
C  [librdi_target_manager.dll+0x2400]
C  [librdi_target_manager.dll+0x2682]
C  [ntdll.dll+0x229b1]
C  [ntdll.dll+0x227c0]
C  [MSVCR100.dll+0x20ccd]
V  [jvm.dll+0x210cc5]
V  [jvm.dll+0x249897]
V  [jvm.dll+0x248b36]
V  [jvm.dll+0x248fd1]
V  [jvm.dll+0x2491ee]
V  [jvm.dll+0x29a0fa]
C  [MSVCR100.dll+0x21d9f]
C  [MSVCR100.dll+0x21e3b]
C  [kernel32.dll+0x159bd]
C  [ntdll.dll+0x2a2e1]

VM_Operation (0x000000000012f4c0): Exit, mode: safepoint, requested by thread 0x00000000022a8000


---------------  P R O C E S S  ---------------

Java Threads: ( => current thread )
  0x0000000019677800 JavaThread "pool-1-thread-3" [_thread_blocked, id=3756, stack(0x0000000026820000,0x0000000026920000)]
  0x000000001967b800 JavaThread "pool-1-thread-2" [_thread_blocked, id=5340, stack(0x0000000023a60000,0x0000000023b60000)]
  0x0000000019678800 JavaThread "pool-1-thread-1" [_thread_blocked, id=4292, stack(0x0000000027f40000,0x0000000028040000)]
  0x000000001701f800 JavaThread "Thread-42" daemon [_thread_blocked, id=4488, stack(0x0000000025640000,0x0000000025740000)]
  0x000000001701e000 JavaThread "TCF Channel Transmitter" daemon [_thread_blocked, id=4120, stack(0x0000000024b40000,0x0000000024c40000)]
  0x000000001701d000 JavaThread "TCF Channel Receiver" daemon [_thread_in_native, id=2980, stack(0x00000000246a0000,0x00000000247a0000)]
  0x000000001701b800 JavaThread "Process monitor" daemon [_thread_in_native, id=4976, stack(0x0000000024390000,0x0000000024490000)]
  0x000000001701b000 JavaThread "Input Stream Monitor" daemon [_thread_blocked, id=4572, stack(0x0000000024290000,0x0000000024390000)]
  0x000000001701a000 JavaThread "Output Stream Monitor" daemon [_thread_in_native, id=3108, stack(0x0000000024190000,0x0000000024290000)]
  0x0000000017019800 JavaThread "Output Stream Monitor" daemon [_thread_in_native, id=3804, stack(0x0000000023f70000,0x0000000024070000)]
  0x000000001bf29000 JavaThread "TCF Locator DNS Lookup" daemon [_thread_blocked, id=2468, stack(0x0000000022430000,0x0000000022530000)]
  0x000000001bf28800 JavaThread "TCF Locator Timer" daemon [_thread_blocked, id=1032, stack(0x0000000022330000,0x0000000022430000)]
  0x000000001bf27800 JavaThread "TCF Locator Receiver" daemon [_thread_in_native, id=4208, stack(0x0000000021d50000,0x0000000021e50000)]
  0x000000001bf26000 JavaThread "TCF Timer Dispatcher" daemon [_thread_blocked, id=4392, stack(0x0000000021b30000,0x0000000021c30000)]
  0x000000001bf23000 JavaThread "EMF Reference Cleaner" daemon [_thread_blocked, id=4608, stack(0x000000001e170000,0x000000001e270000)]
  0x0000000014eff000 JavaThread "Service Thread" daemon [_thread_blocked, id=1168, stack(0x00000000167a0000,0x00000000168a0000)]
  0x0000000014ef9800 JavaThread "C1 CompilerThread3" daemon [_thread_blocked, id=3848, stack(0x00000000166a0000,0x00000000167a0000)]
  0x0000000014ef0800 JavaThread "C2 CompilerThread2" daemon [_thread_blocked, id=3800, stack(0x00000000165a0000,0x00000000166a0000)]
  0x0000000014ee9800 JavaThread "C2 CompilerThread1" daemon [_thread_blocked, id=2072, stack(0x00000000164a0000,0x00000000165a0000)]
  0x0000000014ee5800 JavaThread "C2 CompilerThread0" daemon [_thread_blocked, id=4636, stack(0x00000000163a0000,0x00000000164a0000)]
  0x0000000014ede000 JavaThread "Attach Listener" daemon [_thread_blocked, id=4412, stack(0x00000000162a0000,0x00000000163a0000)]
  0x0000000014edc800 JavaThread "Signal Dispatcher" daemon [_thread_blocked, id=2472, stack(0x00000000161a0000,0x00000000162a0000)]
  0x0000000013d1b800 JavaThread "Finalizer" daemon [_thread_blocked, id=4928, stack(0x0000000015fe0000,0x00000000160e0000)]
  0x0000000013d14000 JavaThread "Reference Handler" daemon [_thread_blocked, id=4616, stack(0x0000000015ee0000,0x0000000015fe0000)]
  0x00000000022a8000 JavaThread "main" [_thread_blocked, id=2968, stack(0x0000000000030000,0x0000000000130000)]

Other Threads:
=>0x0000000014e92800 VMThread [stack: 0x0000000015de0000,0x0000000015ee0000] [id=1980]

VM state:at safepoint (shutting down)

VM Mutex/Monitor currently owned by a thread:  ([mutex/lock_event])
[0x000000000024e3b0] Threads_lock - owner thread: 0x0000000014e92800

Heap:
 PSYoungGen      total 141824K, used 54392K [0x00000000f5580000, 0x00000000ffd00000, 0x0000000100000000)
  eden space 113152K, 48% used [0x00000000f5580000,0x00000000f8a9e208,0x00000000fc400000)
  from space 28672K, 0% used [0x00000000fe100000,0x00000000fe100000,0x00000000ffd00000)
  to   space 29184K, 0% used [0x00000000fc400000,0x00000000fc400000,0x00000000fe080000)
 ParOldGen       total 108032K, used 63092K [0x00000000e0000000, 0x00000000e6980000, 0x00000000f5580000)
  object space 108032K, 58% used [0x00000000e0000000,0x00000000e3d9d3f8,0x00000000e6980000)
 Metaspace       used 95321K, capacity 103100K, committed 103296K, reserved 1138688K
  class space    used 11333K, capacity 13815K, committed 13952K, reserved 1048576K

Card table byte_map: [0x0000000002410000,0x0000000002520000] byte_map_base: 0x0000000001d10000

Marking Bits: (ParMarkBitMap*) 0x0000000070f3a5b0
 Begin Bits: [0x0000000012230000, 0x0000000012a30000)
 End Bits:   [0x0000000012a30000, 0x0000000013230000)

Polling page: 0x0000000000230000

CodeCache: size=245760Kb used=48754Kb max_used=49380Kb free=197005Kb
 bounds [0x00000000025c0000, 0x0000000005660000, 0x00000000115c0000]
 total_blobs=14085 nmethods=13168 adapters=821
 compilation: enabled

Compilation events (10 events):
Event: 627.010 Thread 0x0000000014ef9800 nmethod 16862 0x000000000317e250 code [0x000000000317e3a0, 0x000000000317e4b0]
Event: 627.011 Thread 0x0000000014ef9800 16864       3       org.eclipse.osgi.container.Module::holdsTransitionEventLock (25 bytes)
Event: 627.011 Thread 0x0000000014ef9800 nmethod 16864 0x00000000028343d0 code [0x0000000002834560, 0x0000000002834c88]
Event: 627.012 Thread 0x0000000014ef9800 16865   !   3       org.eclipse.osgi.container.ModuleDatabase::getRevisionsTimestamp (25 bytes)
Event: 627.012 Thread 0x0000000014ee9800 nmethod 16868 0x00000000034a6c10 code [0x00000000034a6d80, 0x00000000034a70e8]
Event: 627.012 Thread 0x0000000014ef9800 nmethod 16865 0x0000000005404cd0 code [0x0000000005404ee0, 0x0000000005405c18]
Event: 627.012 Thread 0x0000000014ef9800 16866   !   3       org.eclipse.osgi.storage.BundleInfo$Generation::clearManifestCache (30 bytes)
Event: 627.012 Thread 0x0000000014ef9800 nmethod 16866 0x000000000313d990 code [0x000000000313db20, 0x000000000313e168]
Event: 627.012 Thread 0x0000000014ef9800 16867   !   3       org.eclipse.osgi.storage.ManifestLocalization::clearCache (28 bytes)
Event: 627.012 Thread 0x0000000014ef9800 nmethod 16867 0x00000000035f5550 code [0x00000000035f56c0, 0x00000000035f5aa8]

GC Heap History (10 events):
Event: 432.613 GC heap before
{Heap before GC invocations=35 (full 7):
 PSYoungGen      total 115200K, used 74614K [0x00000000f5580000, 0x00000000ffc80000, 0x0000000100000000)
  eden space 109568K, 68% used [0x00000000f5580000,0x00000000f9e5da08,0x00000000fc080000)
  from space 5632K, 0% used [0x00000000fc080000,0x00000000fc080000,0x00000000fc600000)
  to   space 30720K, 0% used [0x00000000fde80000,0x00000000fde80000,0x00000000ffc80000)
 ParOldGen       total 108032K, used 70126K [0x00000000e0000000, 0x00000000e6980000, 0x00000000f5580000)
  object space 108032K, 64% used [0x00000000e0000000,0x00000000e447bb58,0x00000000e6980000)
 Metaspace       used 93348K, capacity 101018K, committed 101120K, reserved 1136640K
  class space    used 11105K, capacity 13529K, committed 13568K, reserved 1048576K
Event: 432.617 GC heap after
Heap after GC invocations=35 (full 7):
 PSYoungGen      total 140288K, used 1168K [0x00000000f5580000, 0x00000000ffc80000, 0x0000000100000000)
  eden space 109568K, 0% used [0x00000000f5580000,0x00000000f5580000,0x00000000fc080000)
  from space 30720K, 3% used [0x00000000fde80000,0x00000000fdfa4010,0x00000000ffc80000)
  to   space 30720K, 0% used [0x00000000fc080000,0x00000000fc080000,0x00000000fde80000)
 ParOldGen       total 108032K, used 70134K [0x00000000e0000000, 0x00000000e6980000, 0x00000000f5580000)
  object space 108032K, 64% used [0x00000000e0000000,0x00000000e447db58,0x00000000e6980000)
 Metaspace       used 93348K, capacity 101018K, committed 101120K, reserved 1136640K
  class space    used 11105K, capacity 13529K, committed 13568K, reserved 1048576K
}
Event: 432.617 GC heap before
{Heap before GC invocations=36 (full 8):
 PSYoungGen      total 140288K, used 1168K [0x00000000f5580000, 0x00000000ffc80000, 0x0000000100000000)
  eden space 109568K, 0% used [0x00000000f5580000,0x00000000f5580000,0x00000000fc080000)
  from space 30720K, 3% used [0x00000000fde80000,0x00000000fdfa4010,0x00000000ffc80000)
  to   space 30720K, 0% used [0x00000000fc080000,0x00000000fc080000,0x00000000fde80000)
 ParOldGen       total 108032K, used 70134K [0x00000000e0000000, 0x00000000e6980000, 0x00000000f5580000)
  object space 108032K, 64% used [0x00000000e0000000,0x00000000e447db58,0x00000000e6980000)
 Metaspace       used 93348K, capacity 101018K, committed 101120K, reserved 1136640K
  class space    used 11105K, capacity 13529K, committed 13568K, reserved 1048576K
Event: 432.953 GC heap after
Heap after GC invocations=36 (full 8):
 PSYoungGen      total 140288K, used 0K [0x00000000f5580000, 0x00000000ffc80000, 0x0000000100000000)
  eden space 109568K, 0% used [0x00000000f5580000,0x00000000f5580000,0x00000000fc080000)
  from space 30720K, 0% used [0x00000000fde80000,0x00000000fde80000,0x00000000ffc80000)
  to   space 30720K, 0% used [0x00000000fc080000,0x00000000fc080000,0x00000000fde80000)
 ParOldGen       total 108032K, used 69885K [0x00000000e0000000, 0x00000000e6980000, 0x00000000f5580000)
  object space 108032K, 64% used [0x00000000e0000000,0x00000000e443f698,0x00000000e6980000)
 Metaspace       used 93348K, capacity 101018K, committed 101120K, reserved 1136640K
  class space    used 11105K, capacity 13529K, committed 13568K, reserved 1048576K
}
Event: 607.079 GC heap before
{Heap before GC invocations=37 (full 8):
 PSYoungGen      total 140288K, used 109568K [0x00000000f5580000, 0x00000000ffc80000, 0x0000000100000000)
  eden space 109568K, 100% used [0x00000000f5580000,0x00000000fc080000,0x00000000fc080000)
  from space 30720K, 0% used [0x00000000fde80000,0x00000000fde80000,0x00000000ffc80000)
  to   space 30720K, 0% used [0x00000000fc080000,0x00000000fc080000,0x00000000fde80000)
 ParOldGen       total 108032K, used 69885K [0x00000000e0000000, 0x00000000e6980000, 0x00000000f5580000)
  object space 108032K, 64% used [0x00000000e0000000,0x00000000e443f698,0x00000000e6980000)
 Metaspace       used 94548K, capacity 102278K, committed 102528K, reserved 1138688K
  class space    used 11253K, capacity 13666K, committed 13696K, reserved 1048576K
Event: 607.084 GC heap after
Heap after GC invocations=37 (full 8):
 PSYoungGen      total 140288K, used 2408K [0x00000000f5580000, 0x00000000ffe00000, 0x0000000100000000)
  eden space 109568K, 0% used [0x00000000f5580000,0x00000000f5580000,0x00000000fc080000)
  from space 30720K, 7% used [0x00000000fc080000,0x00000000fc2da2c8,0x00000000fde80000)
  to   space 29696K, 0% used [0x00000000fe100000,0x00000000fe100000,0x00000000ffe00000)
 ParOldGen       total 108032K, used 69885K [0x00000000e0000000, 0x00000000e6980000, 0x00000000f5580000)
  object space 108032K, 64% used [0x00000000e0000000,0x00000000e443f698,0x00000000e6980000)
 Metaspace       used 94548K, capacity 102278K, committed 102528K, reserved 1138688K
  class space    used 11253K, capacity 13666K, committed 13696K, reserved 1048576K
}
Event: 612.060 GC heap before
{Heap before GC invocations=38 (full 8):
 PSYoungGen      total 140288K, used 4828K [0x00000000f5580000, 0x00000000ffe00000, 0x0000000100000000)
  eden space 109568K, 2% used [0x00000000f5580000,0x00000000f57dce68,0x00000000fc080000)
  from space 30720K, 7% used [0x00000000fc080000,0x00000000fc2da2c8,0x00000000fde80000)
  to   space 29696K, 0% used [0x00000000fe100000,0x00000000fe100000,0x00000000ffe00000)
 ParOldGen       total 108032K, used 69885K [0x00000000e0000000, 0x00000000e6980000, 0x00000000f5580000)
  object space 108032K, 64% used [0x00000000e0000000,0x00000000e443f698,0x00000000e6980000)
 Metaspace       used 94549K, capacity 102278K, committed 102528K, reserved 1138688K
  class space    used 11253K, capacity 13666K, committed 13696K, reserved 1048576K
Event: 612.064 GC heap after
Heap after GC invocations=38 (full 8):
 PSYoungGen      total 141824K, used 1088K [0x00000000f5580000, 0x00000000ffd00000, 0x0000000100000000)
  eden space 113152K, 0% used [0x00000000f5580000,0x00000000f5580000,0x00000000fc400000)
  from space 28672K, 3% used [0x00000000fe100000,0x00000000fe210000,0x00000000ffd00000)
  to   space 29184K, 0% used [0x00000000fc400000,0x00000000fc400000,0x00000000fe080000)
 ParOldGen       total 108032K, used 69885K [0x00000000e0000000, 0x00000000e6980000, 0x00000000f5580000)
  object space 108032K, 64% used [0x00000000e0000000,0x00000000e443f698,0x00000000e6980000)
 Metaspace       used 94549K, capacity 102278K, committed 102528K, reserved 1138688K
  class space    used 11253K, capacity 13666K, committed 13696K, reserved 1048576K
}
Event: 612.064 GC heap before
{Heap before GC invocations=39 (full 9):
 PSYoungGen      total 141824K, used 1088K [0x00000000f5580000, 0x00000000ffd00000, 0x0000000100000000)
  eden space 113152K, 0% used [0x00000000f5580000,0x00000000f5580000,0x00000000fc400000)
  from space 28672K, 3% used [0x00000000fe100000,0x00000000fe210000,0x00000000ffd00000)
  to   space 29184K, 0% used [0x00000000fc400000,0x00000000fc400000,0x00000000fe080000)
 ParOldGen       total 108032K, used 69885K [0x00000000e0000000, 0x00000000e6980000, 0x00000000f5580000)
  object space 108032K, 64% used [0x00000000e0000000,0x00000000e443f698,0x00000000e6980000)
 Metaspace       used 94549K, capacity 102278K, committed 102528K, reserved 1138688K
  class space    used 11253K, capacity 13666K, committed 13696K, reserved 1048576K
Event: 612.332 GC heap after
Heap after GC invocations=39 (full 9):
 PSYoungGen      total 141824K, used 0K [0x00000000f5580000, 0x00000000ffd00000, 0x0000000100000000)
  eden space 113152K, 0% used [0x00000000f5580000,0x00000000f5580000,0x00000000fc400000)
  from space 28672K, 0% used [0x00000000fe100000,0x00000000fe100000,0x00000000ffd00000)
  to   space 29184K, 0% used [0x00000000fc400000,0x00000000fc400000,0x00000000fe080000)
 ParOldGen       total 108032K, used 63092K [0x00000000e0000000, 0x00000000e6980000, 0x00000000f5580000)
  object space 108032K, 58% used [0x00000000e0000000,0x00000000e3d9d3f8,0x00000000e6980000)
 Metaspace       used 94504K, capacity 102202K, committed 102528K, reserved 1138688K
  class space    used 11244K, capacity 13650K, committed 13696K, reserved 1048576K
}

Deoptimization events (10 events):
Event: 625.540 Thread 0x0000000019676000 Uncommon trap: reason=unstable_if action=reinterpret pc=0x00000000041f2cd0 method=org.eclipse.equinox.internal.event.EventHandlerTracker.getHandlers(Ljava/lang/String;)Ljava/util/Set; @ 28
Event: 625.541 Thread 0x0000000019676000 Uncommon trap: reason=class_check action=maybe_recompile pc=0x00000000055d3cd8 method=org.eclipse.e4.core.internal.contexts.TrackableComputationExt.update(Lorg/eclipse/e4/core/internal/contexts/ContextChangeEvent;)Z @ 62
Event: 625.541 Thread 0x0000000019676000 Uncommon trap: reason=class_check action=maybe_recompile pc=0x00000000055d3cd8 method=org.eclipse.e4.core.internal.contexts.TrackableComputationExt.update(Lorg/eclipse/e4/core/internal/contexts/ContextChangeEvent;)Z @ 62
Event: 625.566 Thread 0x000000001701e800 Uncommon trap: reason=unstable_if action=reinterpret pc=0x000000000273e6a4 method=sun.nio.cs.SingleByte$Encoder.encode(C)I @ 13
Event: 625.567 Thread 0x0000000019676000 Uncommon trap: reason=predicate action=maybe_recompile pc=0x00000000036524fc method=java.io.OutputStream.write([BII)V @ 62
Event: 625.597 Thread 0x0000000019676000 Uncommon trap: reason=unstable_if action=reinterpret pc=0x0000000003624124 method=org.eclipse.swt.graphics.Resource.dispose()V @ 15
Event: 626.210 Thread 0x0000000019676000 Uncommon trap: reason=unstable_if action=reinterpret pc=0x00000000036af0e4 method=org.eclipse.osgi.internal.hooks.EclipseLazyStarter.shouldActivateFor(Ljava/lang/String;Lorg/eclipse/osgi/container/Module;Lorg/eclipse/osgi/container/ModuleRevision;Lorg/ecli
Event: 626.249 Thread 0x0000000019676000 Uncommon trap: reason=unstable_if action=reinterpret pc=0x000000000338f978 method=org.eclipse.core.internal.dtree.AbstractDataTreeNode.assembleWith([Lorg/eclipse/core/internal/dtree/AbstractDataTreeNode;[Lorg/eclipse/core/internal/dtree/AbstractDataTreeNod˜2{à—ƒ@
Event: 626.985 Thread 0x000000001bf2a000 Uncommon trap: reason=unstable_if action=reinterpret pc=0x00000000041b9914 method=org.eclipse.core.internal.jobs.JobManager.nextJob()Lorg/eclipse/core/runtime/jobs/Job; @ 80
Event: 627.004 Thread 0x0000000019676000 Uncommon trap: reason=unstable_if action=reinterpret pc=0x0000000003c7e850 method=sun.reflect.UnsafeStaticObjectFieldAccessorImpl.set(Ljava/lang/Object;Ljava/lang/Object;)V @ 13

Internal exceptions (10 events):
Event: 624.380 Thread 0x00000000022a8000 Implicit null exception at 0x0000000003173661 to 0x0000000003173845
Event: 624.380 Thread 0x00000000022a8000 Implicit null exception at 0x0000000003166334 to 0x00000000031663d1
Event: 624.801 Thread 0x00000000022a8000 Implicit null exception at 0x0000000003553d70 to 0x0000000003553dc9
Event: 625.564 Thread 0x0000000017023000 Exception <a 'java/lang/InterruptedException'> (0x00000000f8135968) thrown at [C:\re\workspace\8-2-build-windows-amd64-cygwin\jdk8u66\5298\hotspot\src\share\vm\runtime\objectMonitor.cpp, line 1683]
Event: 626.984 Thread 0x000000001bf24000 Exception <a 'java/lang/InterruptedException'> (0x00000000f7d3df48) thrown at [C:\re\workspace\8-2-build-windows-amd64-cygwin\jdk8u66\5298\hotspot\src\share\vm\runtime\objectMonitor.cpp, line 1683]
Event: 627.004 Thread 0x0000000019676000 Implicit null exception at 0x0000000003c7e54f to 0x0000000003c7e83d
Event: 627.004 Thread 0x0000000016e34800 Exception <a 'java/lang/InterruptedException'> (0x00000000f86f3530) thrown at [C:\re\workspace\8-2-build-windows-amd64-cygwin\jdk8u66\5298\hotspot\src\share\vm\runtime\objectMonitor.cpp, line 1683]
Event: 627.006 Thread 0x000000001703c000 Exception <a 'java/lang/InterruptedException'> (0x00000000f79e5c98) thrown at [C:\re\workspace\8-2-build-windows-amd64-cygwin\jdk8u66\5298\hotspot\src\share\vm\runtime\objectMonitor.cpp, line 1683]
Event: 627.006 Thread 0x0000000017ab2800 Exception <a 'java/lang/InterruptedException'> (0x00000000f88c3438) thrown at [C:\re\workspace\8-2-build-windows-amd64-cygwin\jdk8u66\5298\hotspot\src\share\vm\runtime\objectMonitor.cpp, line 1683]
Event: 627.007 Thread 0x0000000014f41000 Exception <a 'java/lang/InterruptedException'> (0x00000000f8a6a268) thrown at [C:\re\workspace\8-2-build-windows-amd64-cygwin\jdk8u66\5298\hotspot\src\share\vm\runtime\objectMonitor.cpp, line 1683]

Events (10 events):
Event: 627.028 loading class java/util/IdentityHashMap$IdentityHashMapIterator
Event: 627.038 loading class java/util/IdentityHashMap$IdentityHashMapIterator done
Event: 627.038 loading class java/util/IdentityHashMap$KeyIterator done
Event: 627.038 Thread 0x0000000019676000 Thread added: 0x0000000019676000
Event: 627.038 Executing VM operation: RevokeBias
Event: 627.038 Executing VM operation: RevokeBias done
Event: 627.038 Executing VM operation: RevokeBias
Event: 627.039 Executing VM operation: RevokeBias done
Event: 627.039 Thread 0x0000000019676000 Thread exited: 0x0000000019676000
Event: 627.039 Executing VM operation: Exit


Dynamic libraries:
0x0000000000400000 - 0x000000000044f000 	C:\Xilinx\SDK\2016.2\eclipse\win64.o\eclipse.exe
0x0000000077af0000 - 0x0000000077c9a000 	C:\Windows\SYSTEM32\ntdll.dll
0x00000000779d0000 - 0x0000000077aef000 	C:\Windows\system32\kernel32.dll
0x000007fefda00000 - 0x000007fefda6a000 	C:\Windows\system32\KERNELBASE.dll
0x00000000778d0000 - 0x00000000779ca000 	C:\Windows\system32\USER32.dll
0x000007feff200000 - 0x000007feff267000 	C:\Windows\system32\GDI32.dll
0x000007feff1f0000 - 0x000007feff1fe000 	C:\Windows\system32\LPK.dll
0x000007feffbc0000 - 0x000007feffc8a000 	C:\Windows\system32\USP10.dll
0x000007fefdea0000 - 0x000007fefdf3f000 	C:\Windows\system32\msvcrt.dll
0x000007fefc140000 - 0x000007fefc334000 	C:\Windows\WinSxS\amd64_microsoft.windows.common-controls_6595b64144ccf1df_6.0.7601.18837_none_fa3b1e3d17594757\COMCTL32.dll
0x000007fefe200000 - 0x000007fefe271000 	C:\Windows\system32\SHLWAPI.dll
0x000007feff270000 - 0x000007feff29e000 	C:\Windows\system32\IMM32.DLL
0x000007fefe280000 - 0x000007fefe389000 	C:\Windows\system32\MSCTF.dll
0x0000000072000000 - 0x0000000072012000 	C:\Xilinx\SDK\2016.2\eclipse\win64.o\plugins\org.eclipse.equinox.launcher.win32.win32.x86_64_1.1.300.v20150602-1417\eclipse_1611.dll
0x000007fefe120000 - 0x000007fefe1fb000 	C:\Windows\system32\ADVAPI32.dll
0x000007feffc90000 - 0x000007feffcaf000 	C:\Windows\SYSTEM32\sechost.dll
0x000007feff590000 - 0x000007feff6bd000 	C:\Windows\system32\RPCRT4.dll
0x000007fefc8c0000 - 0x000007fefc8cc000 	C:\Windows\system32\VERSION.dll
0x000007fefc0e0000 - 0x000007fefc136000 	C:\Windows\system32\UxTheme.dll
0x0000000070730000 - 0x0000000070fb9000 	C:\Xilinx\SDK\2016.2\tps\win64\jre\bin\server\jvm.dll
0x000007fef9100000 - 0x000007fef9109000 	C:\Windows\system32\WSOCK32.dll
0x000007feff1a0000 - 0x000007feff1ed000 	C:\Windows\system32\WS2_32.dll
0x000007feffcb0000 - 0x000007feffcb8000 	C:\Windows\system32\NSI.dll
0x000007fefb240000 - 0x000007fefb27b000 	C:\Windows\system32\WINMM.dll
0x0000000077cb0000 - 0x0000000077cb7000 	C:\Windows\system32\PSAPI.DLL
0x0000000073220000 - 0x00000000732f2000 	C:\Windows\system32\MSVCR100.dll
0x0000000073c60000 - 0x0000000073c6f000 	C:\Xilinx\SDK\2016.2\tps\win64\jre\bin\verify.dll
0x0000000073c30000 - 0x0000000073c59000 	C:\Xilinx\SDK\2016.2\tps\win64\jre\bin\java.dll
0x0000000073c10000 - 0x0000000073c26000 	C:\Xilinx\SDK\2016.2\tps\win64\jre\bin\zip.dll
0x000007fefe390000 - 0x000007feff119000 	C:\Windows\system32\SHELL32.dll
0x000007fefdbf0000 - 0x000007fefddf3000 	C:\Windows\system32\ole32.dll
0x000007fefd840000 - 0x000007fefd84f000 	C:\Windows\system32\profapi.dll
0x000007fefd030000 - 0x000007fefd048000 	C:\Windows\system32\CRYPTSP.dll
0x000007fefcd30000 - 0x000007fefcd77000 	C:\Windows\system32\rsaenh.dll
0x000007fefd9e0000 - 0x000007fefd9fe000 	C:\Windows\system32\USERENV.dll
0x000007fefd690000 - 0x000007fefd69f000 	C:\Windows\system32\CRYPTBASE.dll
0x0000000073bf0000 - 0x0000000073c0a000 	C:\Xilinx\SDK\2016.2\tps\win64\jre\bin\net.dll
0x000007fefcfd0000 - 0x000007fefd025000 	C:\Windows\system32\mswsock.dll
0x000007fefcfc0000 - 0x000007fefcfc7000 	C:\Windows\System32\wship6.dll
0x000007fefab40000 - 0x000007fefab67000 	C:\Windows\system32\IPHLPAPI.DLL
0x000007fefab30000 - 0x000007fefab3b000 	C:\Windows\system32\WINNSI.DLL
0x000007fefa810000 - 0x000007fefa821000 	C:\Windows\system32\dhcpcsvc6.DLL
0x000007fefa7f0000 - 0x000007fefa808000 	C:\Windows\system32\dhcpcsvc.DLL
0x0000000073bd0000 - 0x0000000073be1000 	C:\Xilinx\SDK\2016.2\tps\win64\jre\bin\nio.dll
0x000007fefadd0000 - 0x000007fefade5000 	C:\Windows\system32\NLAapi.dll
0x000007fef8470000 - 0x000007fef8485000 	C:\Windows\system32\napinsp.dll
0x000007fef8430000 - 0x000007fef8449000 	C:\Windows\system32\pnrpnsp.dll
0x000007fefce50000 - 0x000007fefceab000 	C:\Windows\system32\DNSAPI.dll
0x000007fef8460000 - 0x000007fef846b000 	C:\Windows\System32\winrnr.dll
0x000007fefc990000 - 0x000007fefc997000 	C:\Windows\System32\wshtcpip.dll
0x000007fefa3f0000 - 0x000007fefa3f8000 	C:\Windows\system32\rasadhlp.dll
0x000007fefaaa0000 - 0x000007fefaaf3000 	C:\Windows\System32\fwpuclnt.dll
0x0000000017260000 - 0x0000000017308000 	C:\Users\dezfoul2\.Xilinx\SDK\2016.2\org.eclipse.osgi\312\0\.cp\swt-win32-4527.dll
0x000007feffcc0000 - 0x000007feffd98000 	C:\Windows\system32\OLEAUT32.dll
0x000007feffb20000 - 0x000007feffbb7000 	C:\Windows\system32\comdlg32.dll
0x000007fef7390000 - 0x000007fef7401000 	C:\Windows\system32\WINSPOOL.DRV
0x000007feff850000 - 0x000007feffb15000 	C:\Windows\system32\WININET.dll
0x000007fefd920000 - 0x000007fefd924000 	C:\Windows\system32\api-ms-win-downlevel-user32-l1-1-0.dll
0x000007fefd9d0000 - 0x000007fefd9d4000 	C:\Windows\system32\api-ms-win-downlevel-shlwapi-l1-1-0.dll
0x000007fefd9c0000 - 0x000007fefd9c4000 	C:\Windows\system32\api-ms-win-downlevel-version-l1-1-0.dll
0x000007fefda70000 - 0x000007fefda73000 	C:\Windows\system32\api-ms-win-downlevel-normaliz-l1-1-0.dll
0x0000000077cc0000 - 0x0000000077cc3000 	C:\Windows\system32\normaliz.DLL
0x000007feff2a0000 - 0x000007feff569000 	C:\Windows\system32\iertutil.dll
0x000007fefd930000 - 0x000007fefd935000 	C:\Windows\system32\api-ms-win-downlevel-advapi32-l1-1-0.dll
0x000007fefda80000 - 0x000007fefdbed000 	C:\Windows\system32\CRYPT32.dll
0x000007fefd830000 - 0x000007fefd83f000 	C:\Windows\system32\MSASN1.dll
0x000007fefbbb0000 - 0x000007fefbcdc000 	C:\Windows\system32\propsys.dll
0x000007fefde00000 - 0x000007fefde99000 	C:\Windows\system32\CLBCatQ.DLL
0x00000000003d0000 - 0x00000000003ee000 	C:\Users\dezfoul2\.Xilinx\SDK\2016.2\org.eclipse.osgi\312\0\.cp\swt-gdip-win32-4527.dll
0x000007fefbec0000 - 0x000007fefc0d6000 	C:\Windows\WinSxS\amd64_microsoft.windows.gdiplus_6595b64144ccf1df_1.1.7601.23508_none_145555328b95eaaa\gdiplus.dll
0x000007fefb9e0000 - 0x000007fefbb41000 	C:\Windows\system32\WindowsCodecs.dll
0x0000000180000000 - 0x0000000180012000 	C:\Users\dezfoul2\.Xilinx\SDK\2016.2\org.eclipse.osgi\126\0\.cp\os\win32\x86_64\localfile_1_0_0.dll
0x000007fef43d0000 - 0x000007fef4424000 	C:\Windows\system32\oleacc.dll
0x000007fef9eb0000 - 0x000007fef9eb7000 	C:\Windows\system32\msimg32.dll
0x000007fefd780000 - 0x000007fefd794000 	C:\Windows\system32\RpcRtRemote.dll
0x000007fefd630000 - 0x000007fefd687000 	C:\Windows\system32\apphelp.dll
0x000007fefab90000 - 0x000007fefaba1000 	C:\Users\dezfoul2\.Xilinx\SDK\2016.2\org.eclipse.osgi\129\0\.cp\jWinHttp-1.0.0.dll
0x000007fefa090000 - 0x000007fefa101000 	C:\Windows\system32\WINHTTP.dll
0x000007fefa020000 - 0x000007fefa084000 	C:\Windows\system32\webio.dll
0x000007fefd600000 - 0x000007fefd625000 	C:\Windows\system32\SspiCli.dll
0x000007fefcbf0000 - 0x000007fefcbfa000 	C:\Windows\system32\credssp.dll
0x000007fefd980000 - 0x000007fefd9b6000 	C:\Windows\system32\CFGMGR32.dll
0x000007fefac10000 - 0x000007fefac1f000 	C:\Xilinx\SDK\2016.2\lib\win64.o\librdi_repo_manager.dll
0x000007fef7170000 - 0x000007fef719a000 	C:\Xilinx\SDK\2016.2\lib\win64.o\libisl_sysinfo.dll
0x000007feec380000 - 0x000007feec454000 	C:\Windows\system32\MSVCR110.dll
0x000007feec2d0000 - 0x000007feec377000 	C:\Windows\system32\MSVCP110.dll
0x000007feb9be0000 - 0x000007feba620000 	C:\Xilinx\SDK\2016.2\lib\win64.o\librdi_common.dll
0x000007febacf0000 - 0x000007febb05e000 	C:\Xilinx\SDK\2016.2\lib\win64.o\libCOIN-all.dll
0x000007feee2e0000 - 0x000007feee4ff000 	C:\Xilinx\SDK\2016.2\lib\win64.o\libXil_lmgr11.dll
0x000007fefb8a0000 - 0x000007fefb8b6000 	C:\Windows\system32\NETAPI32.dll
0x000007fefcc60000 - 0x000007fefcc6c000 	C:\Windows\system32\netutils.dll
0x000007fefd390000 - 0x000007fefd3b3000 	C:\Windows\system32\srvcli.dll
0x000007fefb880000 - 0x000007fefb895000 	C:\Windows\system32\wkscli.dll
0x000007fefd940000 - 0x000007fefd97b000 	C:\Windows\system32\WINTRUST.dll
0x000007fef8650000 - 0x000007fef8660000 	C:\Xilinx\SDK\2016.2\lib\win64.o\libboost_date_time.dll
0x000007fef5c90000 - 0x000007fef5cb4000 	C:\Xilinx\SDK\2016.2\lib\win64.o\libboost_filesystem.dll
0x000007fef8640000 - 0x000007fef8649000 	C:\Xilinx\SDK\2016.2\lib\win64.o\libboost_system.dll
0x000007fef25d0000 - 0x000007fef2647000 	C:\Xilinx\SDK\2016.2\lib\win64.o\libboost_program_options.dll
0x000007fef1cf0000 - 0x000007fef1df6000 	C:\Xilinx\SDK\2016.2\lib\win64.o\libboost_regex.dll
0x000007fef80e0000 - 0x000007fef80f3000 	C:\Xilinx\SDK\2016.2\lib\win64.o\libboost_signals.dll
0x000007fef5050000 - 0x000007fef506d000 	C:\Xilinx\SDK\2016.2\lib\win64.o\libboost_thread.dll
0x000007fef7840000 - 0x000007fef784b000 	C:\Xilinx\SDK\2016.2\lib\win64.o\libboost_chrono.dll
0x000007fef6370000 - 0x000007fef637b000 	C:\Xilinx\SDK\2016.2\lib\win64.o\libboost_xilinx.dll
0x000007fef2550000 - 0x000007fef25d0000 	C:\Xilinx\SDK\2016.2\lib\win64.o\libhdlpsolve.dll
0x000007fef1c50000 - 0x000007fef1cea000 	C:\Xilinx\SDK\2016.2\lib\win64.o\libhdxml.dll
0x000007feba880000 - 0x000007febace5e00 	C:\Xilinx\SDK\2016.2\lib\win64.o\libisl_iostreams.dll
0x000007fef5030000 - 0x000007fef5046000 	C:\Xilinx\SDK\2016.2\lib\win64.o\libboost_iostreams.dll
0x000007fef5000000 - 0x000007fef5023000 	C:\Xilinx\SDK\2016.2\lib\win64.o\librdizlib.dll
0x000007fef4450000 - 0x000007fef4473000 	C:\Xilinx\SDK\2016.2\lib\win64.o\libisl_iosutils.dll
0x000007fef4610000 - 0x000007fef4625000 	C:\Xilinx\SDK\2016.2\lib\win64.o\pthreadVC2.dll
0x000007fef1bf0000 - 0x000007fef1c44000 	C:\Xilinx\SDK\2016.2\lib\win64.o\librdi_commonxillic.dll
0x000007feee1b0000 - 0x000007feee2e0000 	C:\Xilinx\SDK\2016.2\lib\win64.o\librdi_curl.dll
0x000007fef45f0000 - 0x000007fef4608000 	C:\Xilinx\SDK\2016.2\lib\win64.o\librdiconfig.dll
0x00000000737e0000 - 0x0000000073907000 	C:\Xilinx\SDK\2016.2\lib\win64.o\tcl85t.dll
0x0000000023b80000 - 0x0000000023de3000 	C:\Xilinx\SDK\2016.2\lib\win64.o\xerces-c_3_1.dll
0x000007feff6c0000 - 0x000007feff846000 	C:\Windows\system32\urlmon.dll
0x000007fefd910000 - 0x000007fefd914000 	C:\Windows\system32\api-ms-win-downlevel-ole32-l1-1-0.dll
0x000007fee98d0000 - 0x000007fee98f3000 	C:\Windows\system32\VCOMP110.DLL
0x000007febbe00000 - 0x000007febbff2000 	C:\Xilinx\SDK\2016.2\lib\win64.o\librdi_hsm.dll
0x000007fef2e10000 - 0x000007fef2e53000 	C:\Xilinx\SDK\2016.2\lib\win64.o\librdi_hdf.dll
0x000007feb9950000 - 0x000007feb9bd1000 	C:\Xilinx\SDK\2016.2\lib\win64.o\librdi_ippcw.dll
0x000007fef5c80000 - 0x000007fef5c8a000 	C:\Xilinx\SDK\2016.2\lib\win64.o\librdi_jtag_settings.dll
0x000007feba790000 - 0x000007feba7b9000 	C:\Xilinx\SDK\2016.2\lib\win64.o\librdi_debug_dialog.dll
0x000007fef4ff0000 - 0x000007fef4ff8000 	C:\Xilinx\SDK\2016.2\lib\win64.o\librdi_target_manager.dll
0x000007fef1b20000 - 0x000007fef1b36000 	C:\Xilinx\SDK\2016.2\eclipse\win64.o\plugins\org.eclipse.cdt.core.win32.x86_64_5.4.0.201509131935\os\win32\x86_64\spawner.dll
0x0000000071080000 - 0x00000000710a6000 	C:\Xilinx\SDK\2016.2\eclipse\win64.o\plugins\gnu.io.rxtx.win32.x86_64_2.1.7.3_v20071015\os\win32\x86_64\rxtxSerial.dll
0x0000000071100000 - 0x0000000071125000 	C:\Users\dezfoul2\.jssc\windows\jSSC-2.8_x86_64.dll
0x000007feae040000 - 0x000007feae850000 	C:\Xilinx\SDK\2016.2\lib\win64.o\libXil_lmgr11FNP.dll

VM Arguments:
jvm_args: -Dcom.xilinx.sdk.args.hwspec=W:/ece532/src/hdmi.sdk/hdmi_wrapper.hdf -Xms64m -Xmx512m & 
java_command: <unknown>
java_class_path (initial): C:\Xilinx\SDK\2016.2\eclipse\win64.o\\plugins/org.eclipse.equinox.launcher_1.3.100.v20150511-1540.jar
Launcher Type: generic

Environment Variables:
PATH=C:/Xilinx/SDK/2016.2/tps/win64/jre/bin/server;C:/Xilinx/SDK/2016.2/tps/win64/jre/bin;C:/Xilinx/SDK/2016.2/tps/win64/jre/lib/amd64;C:\Xilinx\SDK\2016.2\gnuwin\bin;C:\Xilinx\SDK\2016.2\gnu\microblaze\nt\bin;C:\Xilinx\SDK\2016.2\gnu\microblaze\linux_toolchain\nt64_le\bin;C:\Xilinx\SDK\2016.2\gnu\microblaze\linux_toolchain\nt64_be\bin;C:\Xilinx\SDK\2016.2\gnu\arm\nt\bin;C:\Xilinx\SDK\2016.2\gnu\aarch64\nt\aarch64-none\bin;C:\Xilinx\SDK\2016.2\gnu\aarch64\nt\aarch64-linux\bin;C:\Xilinx\SDK\2016.2\gnu\armr5\nt\gcc-arm-none-eabi\bin;C:\Xilinx\SDK\2016.2\gnu\aarch32\nt\gcc-arm-none-eabi\bin;C:\Xilinx\SDK\2016.2\gnu\aarch32\nt\gcc-arm-linux-gnueabi\bin;C:\Xilinx\SDK\2016.2\tps\win64\cmake-3.3.2\bin;;C:\Xilinx\SDK\2016.2\bin;C:\Xilinx\SDK\2016.2\lib\win64.o;C:\Xilinx\SDK\2016.2\tps\win64\jre\bin\server;C:\Xilinx\SDK\2016.2\tps\win64\jre\bin;C:\Xilinx\Vivado\2016.2\ids_lite\ISE\bin\nt64;C:\Xilinx\Vivado\2016.2\ids_lite\ISE\lib\nt64;C:\Xilinx\Vivado\2016.2\bin;C:\Xilinx\Vivado\2016.2\lib\win64.o;C:\Xilinx\Vivado\2016.2\tps\win64\jre\bin\server;C:\Xilinx\Vivado\2016.2\tps\win64\jre\bin;C:\Xilinx\Vivado_HLS\2016.2\bin;C:\Windows\system32;C:\Windows;C:\Windows\System32\Wbem;C:\Windows\System32\WindowsPowerShell\v1.0\;C:\Program Files (x86)\Java\jre6\bin;C:\Program Files (x86)\eclipse;C:\altera\16.0\quartus\bin64;c:\altera\16.0\quartus\bin64\jre64\bin;w:\ece532\src;
USERNAME=dezfoul2
OS=Windows_NT
PROCESSOR_IDENTIFIER=Intel64 Family 6 Model 60 Stepping 3, GenuineIntel



---------------  S Y S T E M  ---------------

OS: Windows 7 , 64 bit Build 7601 (6.1.7601.23418)

CPU:total 8 (4 cores per cpu, 2 threads per core) family 6 model 60 stepping 3, cmov, cx8, fxsr, mmx, sse, sse2, sse3, ssse3, sse4.1, sse4.2, popcnt, avx, avx2, aes, clmul, erms, lzcnt, ht, tsc, tscinvbit, bmi1, bmi2

Memory: 4k page, physical 16683160k(10895872k free), swap 33364460k(27213932k free)

vm_info: Java HotSpot(TM) 64-Bit Server VM (25.66-b18) for windows-amd64 JRE (1.8.0_66-b18), built on Nov  9 2015 10:51:13 by "java_re" with MS VC++ 10.0 (VS2010)

time: Fri Mar 24 15:55:14 2017
elapsed time: 627 seconds (0d 0h 10m 27s)

