#
# A fatal error has been detected by the Java Runtime Environment:
#
#  EXCEPTION_UNCAUGHT_CXX_EXCEPTION (0xe06d7363) at pc=0x000007fefd5da06d, pid=4616, tid=172
#
# JRE version: Java(TM) SE Runtime Environment (8.0_66-b18) (build 1.8.0_66-b18)
# Java VM: Java HotSpot(TM) 64-Bit Server VM (25.66-b18 mixed mode windows-amd64 compressed oops)
# Problematic frame:
# C  [KERNELBASE.dll+0x1a06d]
#
# Failed to write core dump. Minidumps are not enabled by default on client versions of Windows
#
# If you would like to submit a bug report, please visit:
#   http://bugreport.java.com/bugreport/crash.jsp
#

---------------  T H R E A D  ---------------

Current thread (0x0000000013e54800):  VMThread [stack: 0x0000000015f20000,0x0000000016020000] [id=172]

siginfo: ExceptionCode=0xe06d7363, ExceptionInformation=0x0000000019930520 0x000000001601f6c8 0x000007feec552cb8 0x000007feec4a0000 

Registers:
RAX=0x0000000062f4e3db, RBX=0x000007feec552cb8, RCX=0x000000001601ef10, RDX=0x00000000000000d0
RSP=0x000000001601f520, RBP=0x000000001601f650, RSI=0x00000000ffffffff, RDI=0x000000002880d6d0
R8 =0x0000000000000000, R9 =0x0000000000000000, R10=0x000007feec4a0000, R11=0x000000001601f560
R12=0x0000000000000001, R13=0x0000000000000008, R14=0x0000000000000000, R15=0xffffffffffffffff
RIP=0x000007fefd5da06d, EFLAGS=0x0000000000000206

Top of Stack: (sp=0x000000001601f520)
0x000000001601f520:   000007feec552cb8 00000000ffffffff
0x000000001601f530:   000000002880d6d0 00000000002085f0
0x000000001601f540:   00000001e06d7363 0000000000000000
0x000000001601f550:   000007fefd5da06d 000007fe00000004
0x000000001601f560:   0000000019930520 000000001601f6c8
0x000000001601f570:   000007feec552cb8 000007feec4a0000
0x000000001601f580:   0000000000000000 000000001601f608
0x000000001601f590:   0000000000000028 000000002880d6c0
0x000000001601f5a0:   00000000175650f0 0000000000000000
0x000000001601f5b0:   000007fffffa8000 000000007777f2d3
0x000000001601f5c0:   0000000000000000 0000000000000008
0x000000001601f5d0:   0000000000000001 000000002880d6d0
0x000000001601f5e0:   00000000ffffffff 000007feec4fe92c
0x000000001601f5f0:   000007feec552cb8 000000001601f660
0x000000001601f600:   0000000000000001 000007feec4a00f8
0x000000001601f610:   00000001e06d7363 0000000000000000 

Instructions: (pc=0x000007fefd5da06d)
0x000007fefd5da04d:   54 24 24 48 89 4c 24 28 4d 85 c9 0f 85 6a 03 00
0x000007fefd5da05d:   00 89 4c 24 38 48 8d 4c 24 20 ff 15 33 02 03 00
0x000007fefd5da06d:   48 81 c4 c8 00 00 00 c3 90 90 90 90 90 90 90 90
0x000007fefd5da07d:   90 90 90 48 83 ec 28 65 48 8b 04 25 30 00 00 00 


Register to memory mapping:

RAX=0x0000000062f4e3db is an unknown value
RBX=0x000007feec552cb8 is an unknown value
RCX=0x000000001601ef10 is an unknown value
RDX=0x00000000000000d0 is an unknown value
RSP=0x000000001601f520 is an unknown value
RBP=0x000000001601f650 is an unknown value
RSI=0x00000000ffffffff is an unallocated location in the heap
RDI=0x000000002880d6d0 is an unknown value
R8 =0x0000000000000000 is an unknown value
R9 =0x0000000000000000 is an unknown value
R10=0x000007feec4a0000 is an unknown value
R11=0x000000001601f560 is an unknown value
R12=0x0000000000000001 is an unknown value
R13=0x0000000000000008 is an unknown value
R14=0x0000000000000000 is an unknown value
R15=0xffffffffffffffff is an unknown value


Stack: [0x0000000015f20000,0x0000000016020000],  sp=0x000000001601f520,  free space=1021k
Native frames: (J=compiled Java code, j=interpreted, Vv=VM code, C=native code)
C  [KERNELBASE.dll+0x1a06d]
C  [MSVCR110.dll+0x5e92c]
C  [MSVCR110.dll+0x1315c]
C  [MSVCR110.dll+0x136a9]
C  [MSVCR110.dll+0x13e9c]
C  [MSVCR110.dll+0x239e]
C  [MSVCR110.dll+0xaf9e]
C  [MSVCP110.dll+0x397b9]
C  [librdi_common.dll+0x182316]
C  [librdi_common.dll+0x180fab]
C  0x000007fefac62400
C  0x000007fefac62682
C  [ntdll.dll+0x229b1]
C  [ntdll.dll+0x227c0]
C  [MSVCR100.dll+0x20ccd]
V  [jvm.dll+0x210cc5]
V  [jvm.dll+0x249897]
V  [jvm.dll+0x248b36]
V  [jvm.dll+0x248fd1]
V  [jvm.dll+0x2491ee]
V  [jvm.dll+0x29a0fa]
C  [MSVCR100.dll+0x21d9f]
C  [MSVCR100.dll+0x21e3b]
C  [kernel32.dll+0x159bd]
C  [ntdll.dll+0x2a2e1]

VM_Operation (0x000000000012f4c0): Exit, mode: safepoint, requested by thread 0x0000000002608000


---------------  P R O C E S S  ---------------

Java Threads: ( => current thread )
  0x00000000224c9000 JavaThread "pool-2-thread-2" [_thread_blocked, id=2968, stack(0x000000002a680000,0x000000002a780000)]
  0x00000000224ca800 JavaThread "pool-2-thread-1" [_thread_blocked, id=2764, stack(0x000000002a780000,0x000000002a880000)]
  0x00000000224c8800 JavaThread "Thread-45" daemon [_thread_blocked, id=5296, stack(0x000000002a280000,0x000000002a380000)]
  0x0000000017abd000 JavaThread "TCF Channel Transmitter" daemon [_thread_blocked, id=4200, stack(0x0000000027610000,0x0000000027710000)]
  0x0000000017abb800 JavaThread "TCF Channel Receiver" daemon [_thread_in_native, id=2700, stack(0x00000000259e0000,0x0000000025ae0000)]
  0x0000000017abb000 JavaThread "Process monitor" daemon [_thread_in_native, id=3840, stack(0x0000000027a80000,0x0000000027b80000)]
  0x0000000017aba000 JavaThread "Input Stream Monitor" daemon [_thread_blocked, id=1224, stack(0x0000000027980000,0x0000000027a80000)]
  0x0000000017ab9800 JavaThread "Output Stream Monitor" daemon [_thread_in_native, id=1020, stack(0x0000000027880000,0x0000000027980000)]
  0x0000000017ab8800 JavaThread "Output Stream Monitor" daemon [_thread_in_native, id=3768, stack(0x0000000027780000,0x0000000027880000)]
  0x0000000015042800 JavaThread "TCF Locator DNS Lookup" daemon [_thread_blocked, id=1984, stack(0x0000000023a20000,0x0000000023b20000)]
  0x0000000015042000 JavaThread "TCF Locator Timer" daemon [_thread_blocked, id=3976, stack(0x0000000023920000,0x0000000023a20000)]
  0x0000000015041000 JavaThread "TCF Locator Receiver" daemon [_thread_blocked, id=3260, stack(0x0000000023820000,0x0000000023920000)]
  0x000000001503f800 JavaThread "TCF Timer Dispatcher" daemon [_thread_blocked, id=4472, stack(0x0000000021d30000,0x0000000021e30000)]
  0x000000001916e000 JavaThread "EMF Reference Cleaner" daemon [_thread_blocked, id=3796, stack(0x000000001bb80000,0x000000001bc80000)]
  0x00000000150d0000 JavaThread "Service Thread" daemon [_thread_blocked, id=3844, stack(0x0000000016820000,0x0000000016920000)]
  0x0000000015036800 JavaThread "C1 CompilerThread3" daemon [_thread_blocked, id=4776, stack(0x0000000016720000,0x0000000016820000)]
  0x0000000015036000 JavaThread "C2 CompilerThread2" daemon [_thread_blocked, id=1448, stack(0x0000000016620000,0x0000000016720000)]
  0x0000000015033000 JavaThread "C2 CompilerThread1" daemon [_thread_blocked, id=3372, stack(0x0000000016520000,0x0000000016620000)]
  0x0000000015027800 JavaThread "C2 CompilerThread0" daemon [_thread_blocked, id=4780, stack(0x0000000016420000,0x0000000016520000)]
  0x0000000015024800 JavaThread "Attach Listener" daemon [_thread_blocked, id=2760, stack(0x0000000016320000,0x0000000016420000)]
  0x0000000015023800 JavaThread "Signal Dispatcher" daemon [_thread_blocked, id=3408, stack(0x0000000016220000,0x0000000016320000)]
  0x0000000013e60800 JavaThread "Finalizer" daemon [_thread_blocked, id=2596, stack(0x0000000016120000,0x0000000016220000)]
  0x0000000013e59800 JavaThread "Reference Handler" daemon [_thread_blocked, id=4656, stack(0x0000000016020000,0x0000000016120000)]
  0x0000000002608000 JavaThread "main" [_thread_blocked, id=3420, stack(0x0000000000030000,0x0000000000130000)]

Other Threads:
=>0x0000000013e54800 VMThread [stack: 0x0000000015f20000,0x0000000016020000] [id=172]

VM state:at safepoint (shutting down)

VM Mutex/Monitor currently owned by a thread:  ([mutex/lock_event])
[0x000000000246e970] Threads_lock - owner thread: 0x0000000013e54800

Heap:
 PSYoungGen      total 121344K, used 52619K [0x00000000f5580000, 0x00000000fce00000, 0x0000000100000000)
  eden space 120320K, 43% used [0x00000000f5580000,0x00000000f88e2d30,0x00000000fcb00000)
  from space 1024K, 0% used [0x00000000fcb00000,0x00000000fcb00000,0x00000000fcc00000)
  to   space 1536K, 0% used [0x00000000fcc80000,0x00000000fcc80000,0x00000000fce00000)
 ParOldGen       total 119296K, used 54734K [0x00000000e0000000, 0x00000000e7480000, 0x00000000f5580000)
  object space 119296K, 45% used [0x00000000e0000000,0x00000000e3573838,0x00000000e7480000)
 Metaspace       used 96674K, capacity 104250K, committed 104408K, reserved 1140736K
  class space    used 11573K, capacity 13976K, committed 14080K, reserved 1048576K

Card table byte_map: [0x0000000011a60000,0x0000000011b70000] byte_map_base: 0x0000000011360000

Marking Bits: (ParMarkBitMap*) 0x00000000715aa5b0
 Begin Bits: [0x0000000012370000, 0x0000000012b70000)
 End Bits:   [0x0000000012b70000, 0x0000000013370000)

Polling page: 0x0000000000320000

CodeCache: size=245760Kb used=46729Kb max_used=46767Kb free=199030Kb
 bounds [0x00000000026a0000, 0x00000000054b0000, 0x00000000116a0000]
 total_blobs=13516 nmethods=12596 adapters=826
 compilation: enabled

Compilation events (10 events):
Event: 9242.222 Thread 0x0000000015033000 nmethod 16081 0x0000000002854450 code [0x00000000028545a0, 0x0000000002854638]
Event: 9242.224 Thread 0x0000000015036800 nmethod 16080 0x0000000003a7de50 code [0x0000000003a7e1a0, 0x0000000003a806b8]
Event: 9242.228 Thread 0x0000000015036800 16082   !   3       org.eclipse.osgi.storage.BundleInfo$Generation::close (34 bytes)
Event: 9242.228 Thread 0x0000000015036800 nmethod 16082 0x000000000549a750 code [0x000000000549a8c0, 0x000000000549ace8]
Event: 9242.230 Thread 0x0000000015036800 16083       3       org.eclipse.osgi.container.Module::holdsTransitionEventLock (25 bytes)
Event: 9242.230 Thread 0x0000000015036800 nmethod 16083 0x0000000005499cd0 code [0x0000000005499e60, 0x000000000549a588]
Event: 9242.230 Thread 0x0000000015033000 16093       4       java.util.concurrent.locks.AbstractQueuedSynchronizer::release (33 bytes)
Event: 9242.231 Thread 0x0000000015033000 nmethod 16093 0x0000000002d7e690 code [0x0000000002d7e7e0, 0x0000000002d7e8a8]
Event: 9242.231 Thread 0x0000000015036800 16084       3       org.eclipse.osgi.container.ModuleWiring::unload (6 bytes)
Event: 9242.231 Thread 0x0000000015036800 nmethod 16084 0x000000000405be50 code [0x000000000405bfc0, 0x000000000405c148]

GC Heap History (10 events):
Event: 9106.086 GC heap before
{Heap before GC invocations=319 (full 152):
 PSYoungGen      total 121344K, used 160K [0x00000000f5580000, 0x00000000fcd00000, 0x0000000100000000)
  eden space 120320K, 0% used [0x00000000f5580000,0x00000000f5580000,0x00000000fcb00000)
  from space 1024K, 15% used [0x00000000fcb00000,0x00000000fcb28000,0x00000000fcc00000)
  to   space 1024K, 0% used [0x00000000fcc00000,0x00000000fcc00000,0x00000000fcd00000)
 ParOldGen       total 119296K, used 54349K [0x00000000e0000000, 0x00000000e7480000, 0x00000000f5580000)
  object space 119296K, 45% used [0x00000000e0000000,0x00000000e3513470,0x00000000e7480000)
 Metaspace       used 95927K, capacity 103544K, committed 103768K, reserved 1138688K
  class space    used 11510K, capacity 13875K, committed 13952K, reserved 1048576K
Event: 9106.166 GC heap after
Heap after GC invocations=319 (full 152):
 PSYoungGen      total 121344K, used 0K [0x00000000f5580000, 0x00000000fcd00000, 0x0000000100000000)
  eden space 120320K, 0% used [0x00000000f5580000,0x00000000f5580000,0x00000000fcb00000)
  from space 1024K, 0% used [0x00000000fcb00000,0x00000000fcb00000,0x00000000fcc00000)
  to   space 1024K, 0% used [0x00000000fcc00000,0x00000000fcc00000,0x00000000fcd00000)
 ParOldGen       total 119296K, used 54187K [0x00000000e0000000, 0x00000000e7480000, 0x00000000f5580000)
  object space 119296K, 45% used [0x00000000e0000000,0x00000000e34eaf00,0x00000000e7480000)
 Metaspace       used 95927K, capacity 103544K, committed 103768K, reserved 1138688K
  class space    used 11510K, capacity 13875K, committed 13952K, reserved 1048576K
}
Event: 9166.095 GC heap before
{Heap before GC invocations=320 (full 152):
 PSYoungGen      total 121344K, used 4020K [0x00000000f5580000, 0x00000000fcd00000, 0x0000000100000000)
  eden space 120320K, 3% used [0x00000000f5580000,0x00000000f596d058,0x00000000fcb00000)
  from space 1024K, 0% used [0x00000000fcb00000,0x00000000fcb00000,0x00000000fcc00000)
  to   space 1024K, 0% used [0x00000000fcc00000,0x00000000fcc00000,0x00000000fcd00000)
 ParOldGen       total 119296K, used 54187K [0x00000000e0000000, 0x00000000e7480000, 0x00000000f5580000)
  object space 119296K, 45% used [0x00000000e0000000,0x00000000e34eaf00,0x00000000e7480000)
 Metaspace       used 95928K, capacity 103544K, committed 103768K, reserved 1138688K
  class space    used 11510K, capacity 13875K, committed 13952K, reserved 1048576K
Event: 9166.098 GC heap after
Heap after GC invocations=320 (full 152):
 PSYoungGen      total 121344K, used 160K [0x00000000f5580000, 0x00000000fcd00000, 0x0000000100000000)
  eden space 120320K, 0% used [0x00000000f5580000,0x00000000f5580000,0x00000000fcb00000)
  from space 1024K, 15% used [0x00000000fcc00000,0x00000000fcc28000,0x00000000fcd00000)
  to   space 1024K, 0% used [0x00000000fcb00000,0x00000000fcb00000,0x00000000fcc00000)
 ParOldGen       total 119296K, used 54187K [0x00000000e0000000, 0x00000000e7480000, 0x00000000f5580000)
  object space 119296K, 45% used [0x00000000e0000000,0x00000000e34eaf00,0x00000000e7480000)
 Metaspace       used 95928K, capacity 103544K, committed 103768K, reserved 1138688K
  class space    used 11510K, capacity 13875K, committed 13952K, reserved 1048576K
}
Event: 9166.098 GC heap before
{Heap before GC invocations=321 (full 153):
 PSYoungGen      total 121344K, used 160K [0x00000000f5580000, 0x00000000fcd00000, 0x0000000100000000)
  eden space 120320K, 0% used [0x00000000f5580000,0x00000000f5580000,0x00000000fcb00000)
  from space 1024K, 15% used [0x00000000fcc00000,0x00000000fcc28000,0x00000000fcd00000)
  to   space 1024K, 0% used [0x00000000fcb00000,0x00000000fcb00000,0x00000000fcc00000)
 ParOldGen       total 119296K, used 54187K [0x00000000e0000000, 0x00000000e7480000, 0x00000000f5580000)
  object space 119296K, 45% used [0x00000000e0000000,0x00000000e34eaf00,0x00000000e7480000)
 Metaspace       used 95928K, capacity 103544K, committed 103768K, reserved 1138688K
  class space    used 11510K, capacity 13875K, committed 13952K, reserved 1048576K
Event: 9166.182 GC heap after
Heap after GC invocations=321 (full 153):
 PSYoungGen      total 121344K, used 0K [0x00000000f5580000, 0x00000000fcd00000, 0x0000000100000000)
  eden space 120320K, 0% used [0x00000000f5580000,0x00000000f5580000,0x00000000fcb00000)
  from space 1024K, 0% used [0x00000000fcc00000,0x00000000fcc00000,0x00000000fcd00000)
  to   space 1024K, 0% used [0x00000000fcb00000,0x00000000fcb00000,0x00000000fcc00000)
 ParOldGen       total 119296K, used 54187K [0x00000000e0000000, 0x00000000e7480000, 0x00000000f5580000)
  object space 119296K, 45% used [0x00000000e0000000,0x00000000e34eaf00,0x00000000e7480000)
 Metaspace       used 95928K, capacity 103544K, committed 103768K, reserved 1138688K
  class space    used 11510K, capacity 13875K, committed 13952K, reserved 1048576K
}
Event: 9226.112 GC heap before
{Heap before GC invocations=322 (full 153):
 PSYoungGen      total 121344K, used 70637K [0x00000000f5580000, 0x00000000fcd00000, 0x0000000100000000)
  eden space 120320K, 58% used [0x00000000f5580000,0x00000000f9a7b528,0x00000000fcb00000)
  from space 1024K, 0% used [0x00000000fcc00000,0x00000000fcc00000,0x00000000fcd00000)
  to   space 1024K, 0% used [0x00000000fcb00000,0x00000000fcb00000,0x00000000fcc00000)
 ParOldGen       total 119296K, used 54187K [0x00000000e0000000, 0x00000000e7480000, 0x00000000f5580000)
  object space 119296K, 45% used [0x00000000e0000000,0x00000000e34eaf00,0x00000000e7480000)
 Metaspace       used 96030K, capacity 103672K, committed 104024K, reserved 1138688K
  class space    used 11512K, capacity 13875K, committed 13952K, reserved 1048576K
Event: 9226.115 GC heap after
Heap after GC invocations=322 (full 153):
 PSYoungGen      total 121344K, used 1018K [0x00000000f5580000, 0x00000000fce00000, 0x0000000100000000)
  eden space 120320K, 0% used [0x00000000f5580000,0x00000000f5580000,0x00000000fcb00000)
  from space 1024K, 99% used [0x00000000fcb00000,0x00000000fcbfebf8,0x00000000fcc00000)
  to   space 1536K, 0% used [0x00000000fcc80000,0x00000000fcc80000,0x00000000fce00000)
 ParOldGen       total 119296K, used 55932K [0x00000000e0000000, 0x00000000e7480000, 0x00000000f5580000)
  object space 119296K, 46% used [0x00000000e0000000,0x00000000e369f380,0x00000000e7480000)
 Metaspace       used 96030K, capacity 103672K, committed 104024K, reserved 1138688K
  class space    used 11512K, capacity 13875K, committed 13952K, reserved 1048576K
}
Event: 9226.115 GC heap before
{Heap before GC invocations=323 (full 154):
 PSYoungGen      total 121344K, used 1018K [0x00000000f5580000, 0x00000000fce00000, 0x0000000100000000)
  eden space 120320K, 0% used [0x00000000f5580000,0x00000000f5580000,0x00000000fcb00000)
  from space 1024K, 99% used [0x00000000fcb00000,0x00000000fcbfebf8,0x00000000fcc00000)
  to   space 1536K, 0% used [0x00000000fcc80000,0x00000000fcc80000,0x00000000fce00000)
 ParOldGen       total 119296K, used 55932K [0x00000000e0000000, 0x00000000e7480000, 0x00000000f5580000)
  object space 119296K, 46% used [0x00000000e0000000,0x00000000e369f380,0x00000000e7480000)
 Metaspace       used 96030K, capacity 103672K, committed 104024K, reserved 1138688K
  class space    used 11512K, capacity 13875K, committed 13952K, reserved 1048576K
Event: 9226.250 GC heap after
Heap after GC invocations=323 (full 154):
 PSYoungGen      total 121344K, used 0K [0x00000000f5580000, 0x00000000fce00000, 0x0000000100000000)
  eden space 120320K, 0% used [0x00000000f5580000,0x00000000f5580000,0x00000000fcb00000)
  from space 1024K, 0% used [0x00000000fcb00000,0x00000000fcb00000,0x00000000fcc00000)
  to   space 1536K, 0% used [0x00000000fcc80000,0x00000000fcc80000,0x00000000fce00000)
 ParOldGen       total 119296K, used 54734K [0x00000000e0000000, 0x00000000e7480000, 0x00000000f5580000)
  object space 119296K, 45% used [0x00000000e0000000,0x00000000e3573838,0x00000000e7480000)
 Metaspace       used 96030K, capacity 103672K, committed 104024K, reserved 1138688K
  class space    used 11512K, capacity 13875K, committed 13952K, reserved 1048576K
}

Deoptimization events (10 events):
Event: 9242.143 Thread 0x0000000015045000 Uncommon trap: reason=unstable_if action=reinterpret pc=0x000000000371c4d8 method=org.eclipse.osgi.internal.hooks.EclipseLazyStarter.shouldActivateFor(Ljava/lang/String;Lorg/eclipse/osgi/container/Module;Lorg/eclipse/osgi/container/ModuleRevision;Lorg/ecligäñÛÂ@
Event: 9242.210 Thread 0x000000001855b000 Uncommon trap: reason=unstable_if action=reinterpret pc=0x0000000003676a68 method=org.eclipse.osgi.internal.framework.BundleContextImpl.dispatchEvent(Ljava/lang/Object;Ljava/lang/Object;ILjava/lang/Object;)V @ 16
Event: 9242.211 Thread 0x00000000224cc000 Uncommon trap: reason=unstable_if action=reinterpret pc=0x0000000004c72fa0 method=org.eclipse.core.internal.jobs.JobManager.nextJob()Lorg/eclipse/core/runtime/jobs/Job; @ 80
Event: 9242.211 Thread 0x00000000224cc000 Uncommon trap: reason=unstable_if action=reinterpret pc=0x0000000005248984 method=org.eclipse.core.internal.jobs.WorkerPool.startJob(Lorg/eclipse/core/internal/jobs/Worker;)Lorg/eclipse/core/internal/jobs/InternalJob; @ 177
Event: 9242.212 Thread 0x00000000224cb800 Uncommon trap: reason=unstable_if action=reinterpret pc=0x0000000005248984 method=org.eclipse.core.internal.jobs.WorkerPool.startJob(Lorg/eclipse/core/internal/jobs/Worker;)Lorg/eclipse/core/internal/jobs/InternalJob; @ 177
Event: 9242.217 Thread 0x000000001503b000 Uncommon trap: reason=unstable_if action=reinterpret pc=0x0000000005248984 method=org.eclipse.core.internal.jobs.WorkerPool.startJob(Lorg/eclipse/core/internal/jobs/Worker;)Lorg/eclipse/core/internal/jobs/InternalJob; @ 177
Event: 9242.217 Thread 0x0000000017ab5000 Uncommon trap: reason=unstable_if action=reinterpret pc=0x0000000005248984 method=org.eclipse.core.internal.jobs.WorkerPool.startJob(Lorg/eclipse/core/internal/jobs/Worker;)Lorg/eclipse/core/internal/jobs/InternalJob; @ 177
Event: 9242.217 Thread 0x0000000017ab2000 Uncommon trap: reason=unstable_if action=reinterpret pc=0x0000000005248984 method=org.eclipse.core.internal.jobs.WorkerPool.startJob(Lorg/eclipse/core/internal/jobs/Worker;)Lorg/eclipse/core/internal/jobs/InternalJob; @ 177
Event: 9242.218 Thread 0x0000000017ab8000 Uncommon trap: reason=unstable_if action=reinterpret pc=0x0000000005248984 method=org.eclipse.core.internal.jobs.WorkerPool.startJob(Lorg/eclipse/core/internal/jobs/Worker;)Lorg/eclipse/core/internal/jobs/InternalJob; @ 177
Event: 9242.226 Thread 0x0000000015045000 Uncommon trap: reason=unstable_if action=reinterpret pc=0x0000000004333468 method=sun.reflect.UnsafeStaticObjectFieldAccessorImpl.set(Ljava/lang/Object;Ljava/lang/Object;)V @ 13

Internal exceptions (10 events):
Event: 1043.958 Thread 0x0000000017ab5000 Exception <a 'java/io/FileNotFoundException'> (0x00000000f886b8b8) thrown at [C:\re\workspace\8-2-build-windows-amd64-cygwin\jdk8u66\5298\hotspot\src\share\vm\prims\jni.cpp, line 709]
Event: 1043.960 Thread 0x0000000017ab5000 Exception <a 'java/io/FileNotFoundException'> (0x00000000f888f580) thrown at [C:\re\workspace\8-2-build-windows-amd64-cygwin\jdk8u66\5298\hotspot\src\share\vm\prims\jni.cpp, line 709]
Event: 9213.822 Thread 0x000000001503b000 Exception <a 'java/io/FileNotFoundException'> (0x00000000f559b480) thrown at [C:\re\workspace\8-2-build-windows-amd64-cygwin\jdk8u66\5298\hotspot\src\share\vm\prims\jni.cpp, line 709]
Event: 9240.150 Thread 0x0000000002608000 Implicit null exception at 0x0000000004ea471b to 0x0000000004ea6701
Event: 9241.507 Thread 0x0000000017abe800 Exception <a 'java/lang/InterruptedException'> (0x00000000f82c4d80) thrown at [C:\re\workspace\8-2-build-windows-amd64-cygwin\jdk8u66\5298\hotspot\src\share\vm\runtime\objectMonitor.cpp, line 1683]
Event: 9242.210 Thread 0x000000001503c000 Exception <a 'java/lang/InterruptedException'> (0x00000000f7e65dd8) thrown at [C:\re\workspace\8-2-build-windows-amd64-cygwin\jdk8u66\5298\hotspot\src\share\vm\runtime\objectMonitor.cpp, line 1683]
Event: 9242.226 Thread 0x0000000015045000 Implicit null exception at 0x0000000004333057 to 0x0000000004333455
Event: 9242.226 Thread 0x000000001855b000 Exception <a 'java/lang/InterruptedException'> (0x00000000f862e4d0) thrown at [C:\re\workspace\8-2-build-windows-amd64-cygwin\jdk8u66\5298\hotspot\src\share\vm\runtime\objectMonitor.cpp, line 1683]
Event: 9242.229 Thread 0x0000000015039000 Exception <a 'java/lang/InterruptedException'> (0x00000000f7b7ef98) thrown at [C:\re\workspace\8-2-build-windows-amd64-cygwin\jdk8u66\5298\hotspot\src\share\vm\runtime\objectMonitor.cpp, line 1683]
Event: 9242.229 Thread 0x0000000018577800 Exception <a 'java/lang/InterruptedException'> (0x00000000f880beb8) thrown at [C:\re\workspace\8-2-build-windows-amd64-cygwin\jdk8u66\5298\hotspot\src\share\vm\runtime\objectMonitor.cpp, line 1683]

Events (10 events):
Event: 9242.231 loading class java/util/IdentityHashMap$KeyIterator
Event: 9242.231 loading class java/util/IdentityHashMap$IdentityHashMapIterator
Event: 9242.231 loading class java/util/IdentityHashMap$IdentityHashMapIterator done
Event: 9242.231 Thread 0x0000000015036800 flushing nmethod 0x0000000002b17850
Event: 9242.231 loading class java/util/IdentityHashMap$KeyIterator done
Event: 9242.231 Thread 0x0000000015045000 Thread added: 0x0000000015045000
Event: 9242.231 Thread 0x0000000015045000 Thread exited: 0x0000000015045000
Event: 9242.231 Thread 0x0000000015036800 flushing nmethod 0x0000000002bc2b50
Event: 9242.231 Thread 0x0000000015036800 flushing nmethod 0x0000000002bce690
Event: 9242.232 Executing VM operation: Exit


Dynamic libraries:
0x0000000000400000 - 0x000000000044f000 	C:\Xilinx\SDK\2016.2\eclipse\win64.o\eclipse.exe
0x0000000077730000 - 0x00000000778da000 	C:\Windows\SYSTEM32\ntdll.dll
0x0000000077610000 - 0x000000007772f000 	C:\Windows\system32\kernel32.dll
0x000007fefd5c0000 - 0x000007fefd62a000 	C:\Windows\system32\KERNELBASE.dll
0x0000000077510000 - 0x000000007760a000 	C:\Windows\system32\USER32.dll
0x000007feff3f0000 - 0x000007feff457000 	C:\Windows\system32\GDI32.dll
0x000007feff5f0000 - 0x000007feff5fe000 	C:\Windows\system32\LPK.dll
0x000007fefe1e0000 - 0x000007fefe2aa000 	C:\Windows\system32\USP10.dll
0x000007fefdba0000 - 0x000007fefdc3f000 	C:\Windows\system32\msvcrt.dll
0x000007fefbd80000 - 0x000007fefbf74000 	C:\Windows\WinSxS\amd64_microsoft.windows.common-controls_6595b64144ccf1df_6.0.7601.18837_none_fa3b1e3d17594757\COMCTL32.dll
0x000007fefe2b0000 - 0x000007fefe321000 	C:\Windows\system32\SHLWAPI.dll
0x000007fefdb70000 - 0x000007fefdb9e000 	C:\Windows\system32\IMM32.DLL
0x000007feff4e0000 - 0x000007feff5e9000 	C:\Windows\system32\MSCTF.dll
0x0000000072000000 - 0x0000000072012000 	C:\Xilinx\SDK\2016.2\eclipse\win64.o\plugins\org.eclipse.equinox.launcher.win32.win32.x86_64_1.1.300.v20150602-1417\eclipse_1611.dll
0x000007fefdd20000 - 0x000007fefddfb000 	C:\Windows\system32\ADVAPI32.dll
0x000007fefe120000 - 0x000007fefe13f000 	C:\Windows\SYSTEM32\sechost.dll
0x000007fefda40000 - 0x000007fefdb6d000 	C:\Windows\system32\RPCRT4.dll
0x000007fefc500000 - 0x000007fefc50c000 	C:\Windows\system32\VERSION.dll
0x000007fefbd20000 - 0x000007fefbd76000 	C:\Windows\system32\UxTheme.dll
0x0000000070da0000 - 0x0000000071629000 	C:\Xilinx\SDK\2016.2\tps\win64\jre\bin\server\jvm.dll
0x000007fefa200000 - 0x000007fefa209000 	C:\Windows\system32\WSOCK32.dll
0x000007fefde00000 - 0x000007fefde4d000 	C:\Windows\system32\WS2_32.dll
0x000007feff7e0000 - 0x000007feff7e8000 	C:\Windows\system32\NSI.dll
0x000007fefa240000 - 0x000007fefa27b000 	C:\Windows\system32\WINMM.dll
0x00000000778f0000 - 0x00000000778f7000 	C:\Windows\system32\PSAPI.DLL
0x0000000072fe0000 - 0x00000000730b2000 	C:\Windows\system32\MSVCR100.dll
0x0000000074370000 - 0x000000007437f000 	C:\Xilinx\SDK\2016.2\tps\win64\jre\bin\verify.dll
0x00000000719f0000 - 0x0000000071a19000 	C:\Xilinx\SDK\2016.2\tps\win64\jre\bin\java.dll
0x0000000071a30000 - 0x0000000071a46000 	C:\Xilinx\SDK\2016.2\tps\win64\jre\bin\zip.dll
0x000007fefe660000 - 0x000007feff3e9000 	C:\Windows\system32\SHELL32.dll
0x000007fefd830000 - 0x000007fefda33000 	C:\Windows\system32\ole32.dll
0x000007fefd480000 - 0x000007fefd48f000 	C:\Windows\system32\profapi.dll
0x000007fefcc70000 - 0x000007fefcc88000 	C:\Windows\system32\CRYPTSP.dll
0x000007fefc970000 - 0x000007fefc9b7000 	C:\Windows\system32\rsaenh.dll
0x000007fefd630000 - 0x000007fefd64e000 	C:\Windows\system32\USERENV.dll
0x000007fefd2d0000 - 0x000007fefd2df000 	C:\Windows\system32\CRYPTBASE.dll
0x0000000072bb0000 - 0x0000000072bca000 	C:\Xilinx\SDK\2016.2\tps\win64\jre\bin\net.dll
0x000007fefcc10000 - 0x000007fefcc65000 	C:\Windows\system32\mswsock.dll
0x000007fefcc00000 - 0x000007fefcc07000 	C:\Windows\System32\wship6.dll
0x000007fef9c30000 - 0x000007fef9c57000 	C:\Windows\system32\IPHLPAPI.DLL
0x000007fef9c20000 - 0x000007fef9c2b000 	C:\Windows\system32\WINNSI.DLL
0x000007fefaae0000 - 0x000007fefaaf1000 	C:\Windows\system32\dhcpcsvc6.DLL
0x000007fefaac0000 - 0x000007fefaad8000 	C:\Windows\system32\dhcpcsvc.DLL
0x00000000719d0000 - 0x00000000719e1000 	C:\Xilinx\SDK\2016.2\tps\win64\jre\bin\nio.dll
0x000007fef9ff0000 - 0x000007fefa005000 	C:\Windows\system32\NLAapi.dll
0x000007fefa3b0000 - 0x000007fefa3c5000 	C:\Windows\system32\napinsp.dll
0x000007fefa370000 - 0x000007fefa389000 	C:\Windows\system32\pnrpnsp.dll
0x000007fefca90000 - 0x000007fefcaeb000 	C:\Windows\system32\DNSAPI.dll
0x000007fefa3a0000 - 0x000007fefa3ab000 	C:\Windows\System32\winrnr.dll
0x000007fefc5d0000 - 0x000007fefc5d7000 	C:\Windows\System32\wshtcpip.dll
0x000007fefa4b0000 - 0x000007fefa4b8000 	C:\Windows\system32\rasadhlp.dll
0x000007fefac90000 - 0x000007feface3000 	C:\Windows\System32\fwpuclnt.dll
0x0000000018aa0000 - 0x0000000018b48000 	C:\Users\dezfoul2\.Xilinx\SDK\2016.2\org.eclipse.osgi\312\0\.cp\swt-win32-4527.dll
0x000007fefdc40000 - 0x000007fefdd18000 	C:\Windows\system32\OLEAUT32.dll
0x000007feff980000 - 0x000007feffa17000 	C:\Windows\system32\comdlg32.dll
0x000007fef6b00000 - 0x000007fef6b71000 	C:\Windows\system32\WINSPOOL.DRV
0x000007fefe330000 - 0x000007fefe5f5000 	C:\Windows\system32\WININET.dll
0x000007fefd510000 - 0x000007fefd514000 	C:\Windows\system32\api-ms-win-downlevel-user32-l1-1-0.dll
0x000007fefd7d0000 - 0x000007fefd7d4000 	C:\Windows\system32\api-ms-win-downlevel-shlwapi-l1-1-0.dll
0x000007fefd7c0000 - 0x000007fefd7c4000 	C:\Windows\system32\api-ms-win-downlevel-version-l1-1-0.dll
0x000007fefd7e0000 - 0x000007fefd7e3000 	C:\Windows\system32\api-ms-win-downlevel-normaliz-l1-1-0.dll
0x0000000077900000 - 0x0000000077903000 	C:\Windows\system32\normaliz.DLL
0x000007fefde50000 - 0x000007fefe119000 	C:\Windows\system32\iertutil.dll
0x000007fefd4b0000 - 0x000007fefd4b5000 	C:\Windows\system32\api-ms-win-downlevel-advapi32-l1-1-0.dll
0x000007fefd650000 - 0x000007fefd7bd000 	C:\Windows\system32\CRYPT32.dll
0x000007fefd470000 - 0x000007fefd47f000 	C:\Windows\system32\MSASN1.dll
0x000007fefb7f0000 - 0x000007fefb91c000 	C:\Windows\system32\propsys.dll
0x000007fefe140000 - 0x000007fefe1d9000 	C:\Windows\system32\CLBCatQ.DLL
0x00000000003a0000 - 0x00000000003be000 	C:\Users\dezfoul2\.Xilinx\SDK\2016.2\org.eclipse.osgi\312\0\.cp\swt-gdip-win32-4527.dll
0x000007fefbb00000 - 0x000007fefbd16000 	C:\Windows\WinSxS\amd64_microsoft.windows.gdiplus_6595b64144ccf1df_1.1.7601.23508_none_145555328b95eaaa\gdiplus.dll
0x000007fefb620000 - 0x000007fefb781000 	C:\Windows\system32\WindowsCodecs.dll
0x0000000180000000 - 0x0000000180012000 	C:\Users\dezfoul2\.Xilinx\SDK\2016.2\org.eclipse.osgi\126\0\.cp\os\win32\x86_64\localfile_1_0_0.dll
0x000007fef4ba0000 - 0x000007fef4bf4000 	C:\Windows\system32\oleacc.dll
0x000007fef9dd0000 - 0x000007fef9dd7000 	C:\Windows\system32\msimg32.dll
0x000007fefd3c0000 - 0x000007fefd3d4000 	C:\Windows\system32\RpcRtRemote.dll
0x000007fefd270000 - 0x000007fefd2c7000 	C:\Windows\system32\apphelp.dll
0x000007fee40d0000 - 0x000007fee40e1000 	C:\Users\dezfoul2\.Xilinx\SDK\2016.2\org.eclipse.osgi\129\0\.cp\jWinHttp-1.0.0.dll
0x000007fef9760000 - 0x000007fef97d1000 	C:\Windows\system32\WINHTTP.dll
0x000007fef96f0000 - 0x000007fef9754000 	C:\Windows\system32\webio.dll
0x000007fefd240000 - 0x000007fefd265000 	C:\Windows\system32\SspiCli.dll
0x000007fefc860000 - 0x000007fefc86a000 	C:\Windows\system32\credssp.dll
0x000007fefd4c0000 - 0x000007fefd4f6000 	C:\Windows\system32\CFGMGR32.dll
0x000007fef3640000 - 0x000007fef364f000 	C:\Xilinx\SDK\2016.2\lib\win64.o\librdi_repo_manager.dll
0x000007febc300000 - 0x000007febc32a000 	C:\Xilinx\SDK\2016.2\lib\win64.o\libisl_sysinfo.dll
0x000007feec4a0000 - 0x000007feec574000 	C:\Windows\system32\MSVCR110.dll
0x000007feec370000 - 0x000007feec417000 	C:\Windows\system32\MSVCP110.dll
0x000007febb8c0000 - 0x000007febc300000 	C:\Xilinx\SDK\2016.2\lib\win64.o\librdi_common.dll
0x000007febb550000 - 0x000007febb8be000 	C:\Xilinx\SDK\2016.2\lib\win64.o\libCOIN-all.dll
0x000007febb330000 - 0x000007febb54f000 	C:\Xilinx\SDK\2016.2\lib\win64.o\libXil_lmgr11.dll
0x000007fefb4e0000 - 0x000007fefb4f6000 	C:\Windows\system32\NETAPI32.dll
0x000007fefc8a0000 - 0x000007fefc8ac000 	C:\Windows\system32\netutils.dll
0x000007fefce80000 - 0x000007fefcea3000 	C:\Windows\system32\srvcli.dll
0x000007fefb4c0000 - 0x000007fefb4d5000 	C:\Windows\system32\wkscli.dll
0x000007fefd7f0000 - 0x000007fefd82b000 	C:\Windows\system32\WINTRUST.dll
0x000007feeeea0000 - 0x000007feeeeb0000 	C:\Xilinx\SDK\2016.2\lib\win64.o\libboost_date_time.dll
0x000007febb300000 - 0x000007febb324000 	C:\Xilinx\SDK\2016.2\lib\win64.o\libboost_filesystem.dll
0x000007feee240000 - 0x000007feee249000 	C:\Xilinx\SDK\2016.2\lib\win64.o\libboost_system.dll
0x000007febb280000 - 0x000007febb2f7000 	C:\Xilinx\SDK\2016.2\lib\win64.o\libboost_program_options.dll
0x000007febb170000 - 0x000007febb276000 	C:\Xilinx\SDK\2016.2\lib\win64.o\libboost_regex.dll
0x000007febb150000 - 0x000007febb163000 	C:\Xilinx\SDK\2016.2\lib\win64.o\libboost_signals.dll
0x000007febb130000 - 0x000007febb14d000 	C:\Xilinx\SDK\2016.2\lib\win64.o\libboost_thread.dll
0x000007febb120000 - 0x000007febb12b000 	C:\Xilinx\SDK\2016.2\lib\win64.o\libboost_chrono.dll
0x000007fec6320000 - 0x000007fec632b000 	C:\Xilinx\SDK\2016.2\lib\win64.o\libboost_xilinx.dll
0x000007febb0a0000 - 0x000007febb120000 	C:\Xilinx\SDK\2016.2\lib\win64.o\libhdlpsolve.dll
0x000007febb000000 - 0x000007febb09a000 	C:\Xilinx\SDK\2016.2\lib\win64.o\libhdxml.dll
0x000007febab90000 - 0x000007febaff5e00 	C:\Xilinx\SDK\2016.2\lib\win64.o\libisl_iostreams.dll
0x000007febab70000 - 0x000007febab86000 	C:\Xilinx\SDK\2016.2\lib\win64.o\libboost_iostreams.dll
0x000007febab40000 - 0x000007febab63000 	C:\Xilinx\SDK\2016.2\lib\win64.o\librdizlib.dll
0x000007febab10000 - 0x000007febab33000 	C:\Xilinx\SDK\2016.2\lib\win64.o\libisl_iosutils.dll
0x000007febaaf0000 - 0x000007febab05000 	C:\Xilinx\SDK\2016.2\lib\win64.o\pthreadVC2.dll
0x000007febaa90000 - 0x000007febaae4000 	C:\Xilinx\SDK\2016.2\lib\win64.o\librdi_commonxillic.dll
0x000007feba960000 - 0x000007febaa90000 	C:\Xilinx\SDK\2016.2\lib\win64.o\librdi_curl.dll
0x000007feba940000 - 0x000007feba958000 	C:\Xilinx\SDK\2016.2\lib\win64.o\librdiconfig.dll
0x0000000070a60000 - 0x0000000070b87000 	C:\Xilinx\SDK\2016.2\lib\win64.o\tcl85t.dll
0x0000000025e80000 - 0x00000000260e3000 	C:\Xilinx\SDK\2016.2\lib\win64.o\xerces-c_3_1.dll
0x000007feff7f0000 - 0x000007feff976000 	C:\Windows\system32\urlmon.dll
0x000007fefd500000 - 0x000007fefd504000 	C:\Windows\system32\api-ms-win-downlevel-ole32-l1-1-0.dll
0x000007feee7a0000 - 0x000007feee7c3000 	C:\Windows\system32\VCOMP110.DLL
0x000007feba740000 - 0x000007feba932000 	C:\Xilinx\SDK\2016.2\lib\win64.o\librdi_hsm.dll
0x000007feba6f0000 - 0x000007feba733000 	C:\Xilinx\SDK\2016.2\lib\win64.o\librdi_hdf.dll
0x000007feba460000 - 0x000007feba6e1000 	C:\Xilinx\SDK\2016.2\lib\win64.o\librdi_ippcw.dll
0x000007feba440000 - 0x000007feba456000 	C:\Xilinx\SDK\2016.2\eclipse\win64.o\plugins\org.eclipse.cdt.core.win32.x86_64_5.4.0.201509131935\os\win32\x86_64\spawner.dll
0x000007fef8da0000 - 0x000007fef8dd5000 	C:\Windows\system32\EhStorShell.dll
0x000007feff600000 - 0x000007feff7d7000 	C:\Windows\system32\SETUPAPI.dll
0x000007fefd490000 - 0x000007fefd4aa000 	C:\Windows\system32\DEVOBJ.dll
0x000007fef8ab0000 - 0x000007fef8b2e000 	C:\Windows\System32\cscui.dll
0x000007fefa770000 - 0x000007fefa77c000 	C:\Windows\System32\CSCDLL.dll
0x000007fef5890000 - 0x000007fef589f000 	C:\Windows\system32\CSCAPI.dll

VM Arguments:
jvm_args: -Dcom.xilinx.sdk.args.hwspec=W:/ece532/src/hdmi.sdk/hdmi_wrapper.hdf -Xms64m -Xmx512m & 
java_command: <unknown>
java_class_path (initial): C:\Xilinx\SDK\2016.2\eclipse\win64.o\\plugins/org.eclipse.equinox.launcher_1.3.100.v20150511-1540.jar
Launcher Type: generic

Environment Variables:
PATH=C:/Xilinx/SDK/2016.2/tps/win64/jre/bin/server;C:/Xilinx/SDK/2016.2/tps/win64/jre/bin;C:/Xilinx/SDK/2016.2/tps/win64/jre/lib/amd64;C:\Xilinx\SDK\2016.2\gnuwin\bin;C:\Xilinx\SDK\2016.2\gnu\microblaze\nt\bin;C:\Xilinx\SDK\2016.2\gnu\microblaze\linux_toolchain\nt64_le\bin;C:\Xilinx\SDK\2016.2\gnu\microblaze\linux_toolchain\nt64_be\bin;C:\Xilinx\SDK\2016.2\gnu\arm\nt\bin;C:\Xilinx\SDK\2016.2\gnu\aarch64\nt\aarch64-none\bin;C:\Xilinx\SDK\2016.2\gnu\aarch64\nt\aarch64-linux\bin;C:\Xilinx\SDK\2016.2\gnu\armr5\nt\gcc-arm-none-eabi\bin;C:\Xilinx\SDK\2016.2\gnu\aarch32\nt\gcc-arm-none-eabi\bin;C:\Xilinx\SDK\2016.2\gnu\aarch32\nt\gcc-arm-linux-gnueabi\bin;C:\Xilinx\SDK\2016.2\tps\win64\cmake-3.3.2\bin;;C:\Xilinx\SDK\2016.2\bin;C:\Xilinx\SDK\2016.2\lib\win64.o;C:\Xilinx\SDK\2016.2\tps\win64\jre\bin\server;C:\Xilinx\SDK\2016.2\tps\win64\jre\bin;C:\Xilinx\Vivado\2016.2\ids_lite\ISE\bin\nt64;C:\Xilinx\Vivado\2016.2\ids_lite\ISE\lib\nt64;C:\Xilinx\Vivado\2016.2\bin;C:\Xilinx\Vivado\2016.2\lib\win64.o;C:\Xilinx\Vivado\2016.2\tps\win64\jre\bin\server;C:\Xilinx\Vivado\2016.2\tps\win64\jre\bin;C:\Xilinx\Vivado_HLS\2016.2\bin;C:\Users\dezfoul2\bin;W:\Git\Git\mingw64\bin;W:\Git\Git\usr\local\bin;W:\Git\Git\usr\bin;C:\Windows\system32;C:\Windows;C:\Windows\System32\Wbem;C:\Windows\System32\WindowsPowerShell\v1.0;C:\Program Files (x86)\Java\jre6\bin;C:\Program Files (x86)\eclipse;C:\altera\16.0\quartus\bin64;C:\altera\16.0\quartus\bin64\jre64\bin;W:\Git\Git\usr\bin\vendor_perl;W:\Git\Git\usr\bin\core_perl;W:\ece532\src;
USERNAME=dezfoul2
SHELL=W:\Git\Git\usr\bin\bash.exe
DISPLAY=needs-to-be-defined
OS=Windows_NT
PROCESSOR_IDENTIFIER=Intel64 Family 6 Model 60 Stepping 3, GenuineIntel



---------------  S Y S T E M  ---------------

OS: Windows 7 , 64 bit Build 7601 (6.1.7601.23418)

CPU:total 8 (4 cores per cpu, 2 threads per core) family 6 model 60 stepping 3, cmov, cx8, fxsr, mmx, sse, sse2, sse3, ssse3, sse4.1, sse4.2, popcnt, avx, avx2, aes, clmul, erms, lzcnt, ht, tsc, tscinvbit, bmi1, bmi2

Memory: 4k page, physical 16683160k(9790020k free), swap 33364460k(25848780k free)

vm_info: Java HotSpot(TM) 64-Bit Server VM (25.66-b18) for windows-amd64 JRE (1.8.0_66-b18), built on Nov  9 2015 10:51:13 by "java_re" with MS VC++ 10.0 (VS2010)

time: Tue Mar 21 18:39:29 2017
elapsed time: 9242 seconds (0d 2h 34m 2s)

