#
# A fatal error has been detected by the Java Runtime Environment:
#
#  EXCEPTION_UNCAUGHT_CXX_EXCEPTION (0xe06d7363) at pc=0x000007fefd0aa06d, pid=1932, tid=620
#
# JRE version: Java(TM) SE Runtime Environment (8.0_66-b18) (build 1.8.0_66-b18)
# Java VM: Java HotSpot(TM) 64-Bit Server VM (25.66-b18 mixed mode windows-amd64 compressed oops)
# Problematic frame:
# C  [KERNELBASE.dll+0x1a06d]
#
# Failed to write core dump. Minidumps are not enabled by default on client versions of Windows
#
# If you would like to submit a bug report, please visit:
#   http://bugreport.java.com/bugreport/crash.jsp
#

---------------  T H R E A D  ---------------

Current thread (0x0000000014ef2800):  VMThread [stack: 0x0000000015e40000,0x0000000015f40000] [id=620]

siginfo: ExceptionCode=0xe06d7363, ExceptionInformation=0x0000000019930520 0x0000000015f3f4c8 0x000007feeb9f2cb8 0x000007feeb940000 

Registers:
RAX=0x000000006096e34f, RBX=0x000007feeb9f2cb8, RCX=0x0000000015f3ed10, RDX=0x00000000000000d0
RSP=0x0000000015f3f320, RBP=0x0000000015f3f450, RSI=0x00000000ffffffff, RDI=0x00000000272d2d50
R8 =0x0000000000000000, R9 =0x0000000000000000, R10=0x000007feeb940000, R11=0x0000000015f3f360
R12=0x0000000000000001, R13=0x0000000000000008, R14=0x0000000000000000, R15=0xffffffffffffffff
RIP=0x000007fefd0aa06d, EFLAGS=0x0000000000000202

Top of Stack: (sp=0x0000000015f3f320)
0x0000000015f3f320:   000007feeb9f2cb8 00000000ffffffff
0x0000000015f3f330:   00000000272d2d50 0000000000696e20
0x0000000015f3f340:   00000001e06d7363 0000000000000000
0x0000000015f3f350:   000007fefd0aa06d 000007fe00000004
0x0000000015f3f360:   0000000019930520 0000000015f3f4c8
0x0000000015f3f370:   000007feeb9f2cb8 000007feeb940000
0x0000000015f3f380:   0000000000000000 0000000015f3f408
0x0000000015f3f390:   0000000000000028 00000000272d2d40
0x0000000015f3f3a0:   00000000006cad00 0000000000000000
0x0000000015f3f3b0:   000007fffffa8000 000000007704f2d3
0x0000000015f3f3c0:   0000000000000000 0000000000000008
0x0000000015f3f3d0:   0000000000000001 00000000272d2d50
0x0000000015f3f3e0:   00000000ffffffff 000007feeb99e92c
0x0000000015f3f3f0:   000007feeb9f2cb8 0000000015f3f460
0x0000000015f3f400:   0000000000000001 000007feeb9400f8
0x0000000015f3f410:   00000001e06d7363 0000000000000000 

Instructions: (pc=0x000007fefd0aa06d)
0x000007fefd0aa04d:   54 24 24 48 89 4c 24 28 4d 85 c9 0f 85 6a 03 00
0x000007fefd0aa05d:   00 89 4c 24 38 48 8d 4c 24 20 ff 15 33 02 03 00
0x000007fefd0aa06d:   48 81 c4 c8 00 00 00 c3 90 90 90 90 90 90 90 90
0x000007fefd0aa07d:   90 90 90 48 83 ec 28 65 48 8b 04 25 30 00 00 00 


Register to memory mapping:

RAX=0x000000006096e34f is an unknown value
RBX=0x000007feeb9f2cb8 is an unknown value
RCX=0x0000000015f3ed10 is an unknown value
RDX=0x00000000000000d0 is an unknown value
RSP=0x0000000015f3f320 is an unknown value
RBP=0x0000000015f3f450 is an unknown value
RSI=0x00000000ffffffff is an unallocated location in the heap
RDI=0x00000000272d2d50 is an unknown value
R8 =0x0000000000000000 is an unknown value
R9 =0x0000000000000000 is an unknown value
R10=0x000007feeb940000 is an unknown value
R11=0x0000000015f3f360 is an unknown value
R12=0x0000000000000001 is an unknown value
R13=0x0000000000000008 is an unknown value
R14=0x0000000000000000 is an unknown value
R15=0xffffffffffffffff is an unknown value


Stack: [0x0000000015e40000,0x0000000015f40000],  sp=0x0000000015f3f320,  free space=1020k
Native frames: (J=compiled Java code, j=interpreted, Vv=VM code, C=native code)
C  [KERNELBASE.dll+0x1a06d]
C  [MSVCR110.dll+0x5e92c]
C  [MSVCR110.dll+0x1315c]
C  [MSVCR110.dll+0x136a9]
C  [MSVCR110.dll+0x13e9c]
C  [MSVCR110.dll+0x239e]
C  [MSVCR110.dll+0xaf9e]
C  [MSVCP110.dll+0x397b9]
C  [librdi_common.dll+0x182316]
C  [librdi_common.dll+0x180fab]
C  [librdi_target_manager.dll+0x2400]
C  [librdi_target_manager.dll+0x2682]
C  [ntdll.dll+0x229b1]
C  [ntdll.dll+0x227c0]
C  [MSVCR100.dll+0x20ccd]
V  [jvm.dll+0x210cc5]
V  [jvm.dll+0x249897]
V  [jvm.dll+0x248b36]
V  [jvm.dll+0x248fd1]
V  [jvm.dll+0x2491ee]
V  [jvm.dll+0x29a0fa]
C  [MSVCR100.dll+0x21d9f]
C  [MSVCR100.dll+0x21e3b]
C  [kernel32.dll+0x159bd]
C  [ntdll.dll+0x2a2e1]

VM_Operation (0x000000000012f4c0): Exit, mode: safepoint, requested by thread 0x0000000002438000


---------------  P R O C E S S  ---------------

Java Threads: ( => current thread )
  0x000000001696a000 JavaThread "pool-1-thread-3" [_thread_blocked, id=3196, stack(0x00000000283c0000,0x00000000284c0000)]
  0x0000000016966000 JavaThread "Thread-64" [_thread_in_native, id=3504, stack(0x0000000027cc0000,0x0000000027dc0000)]
  0x000000001702f800 JavaThread "pool-1-thread-2" [_thread_blocked, id=3960, stack(0x00000000282c0000,0x00000000283c0000)]
  0x000000001702b000 JavaThread "pool-1-thread-1" [_thread_blocked, id=3552, stack(0x0000000027ec0000,0x0000000027fc0000)]
  0x000000001a980800 JavaThread "Thread-40" daemon [_thread_blocked, id=416, stack(0x0000000027bc0000,0x0000000027cc0000)]
  0x0000000019b88000 JavaThread "TCF Channel Transmitter" daemon [_thread_blocked, id=2828, stack(0x0000000025740000,0x0000000025840000)]
  0x0000000019b89000 JavaThread "TCF Channel Receiver" daemon [_thread_in_native, id=3216, stack(0x0000000025640000,0x0000000025740000)]
  0x000000001a983800 JavaThread "Process monitor" daemon [_thread_in_native, id=3176, stack(0x0000000025020000,0x0000000025120000)]
  0x000000001a983000 JavaThread "Input Stream Monitor" daemon [_thread_blocked, id=1440, stack(0x0000000024f20000,0x0000000025020000)]
  0x000000001a982000 JavaThread "Output Stream Monitor" daemon [_thread_in_native, id=2200, stack(0x0000000024e20000,0x0000000024f20000)]
  0x000000001a981800 JavaThread "Output Stream Monitor" daemon [_thread_in_native, id=3208, stack(0x0000000024d20000,0x0000000024e20000)]
  0x0000000018aa0800 JavaThread "TCF Locator DNS Lookup" daemon [_thread_blocked, id=2736, stack(0x0000000023030000,0x0000000023130000)]
  0x0000000018aa0000 JavaThread "TCF Locator Timer" daemon [_thread_blocked, id=692, stack(0x0000000022f30000,0x0000000023030000)]
  0x0000000018a9d800 JavaThread "TCF Timer Dispatcher" daemon [_thread_blocked, id=2496, stack(0x00000000227c0000,0x00000000228c0000)]
  0x0000000018a93000 JavaThread "EMF Reference Cleaner" daemon [_thread_blocked, id=3412, stack(0x000000001d920000,0x000000001da20000)]
  0x0000000014fa7800 JavaThread "Service Thread" daemon [_thread_blocked, id=1092, stack(0x0000000016740000,0x0000000016840000)]
  0x0000000014f59800 JavaThread "C1 CompilerThread3" daemon [_thread_blocked, id=1040, stack(0x0000000016640000,0x0000000016740000)]
  0x0000000014f4d000 JavaThread "C2 CompilerThread2" daemon [_thread_blocked, id=3408, stack(0x0000000016540000,0x0000000016640000)]
  0x0000000014f49800 JavaThread "C2 CompilerThread1" daemon [_thread_blocked, id=3428, stack(0x0000000016440000,0x0000000016540000)]
  0x0000000014f45800 JavaThread "C2 CompilerThread0" daemon [_thread_blocked, id=3488, stack(0x0000000016340000,0x0000000016440000)]
  0x0000000014f3e000 JavaThread "Attach Listener" daemon [_thread_blocked, id=1972, stack(0x0000000016240000,0x0000000016340000)]
  0x0000000014f3c800 JavaThread "Signal Dispatcher" daemon [_thread_blocked, id=720, stack(0x0000000016140000,0x0000000016240000)]
  0x0000000013d7b000 JavaThread "Finalizer" daemon [_thread_blocked, id=3936, stack(0x0000000016040000,0x0000000016140000)]
  0x0000000013d74000 JavaThread "Reference Handler" daemon [_thread_blocked, id=936, stack(0x0000000015f40000,0x0000000016040000)]
  0x0000000002438000 JavaThread "main" [_thread_blocked, id=3364, stack(0x0000000000030000,0x0000000000130000)]

Other Threads:
=>0x0000000014ef2800 VMThread [stack: 0x0000000015e40000,0x0000000015f40000] [id=620]

VM state:at safepoint (shutting down)

VM Mutex/Monitor currently owned by a thread:  ([mutex/lock_event])
[0x00000000025be2f0] Threads_lock - owner thread: 0x0000000014ef2800

Heap:
 PSYoungGen      total 124928K, used 102680K [0x00000000f5580000, 0x00000000fe800000, 0x0000000100000000)
  eden space 110080K, 88% used [0x00000000f5580000,0x00000000fb4e4540,0x00000000fc100000)
  from space 14848K, 33% used [0x00000000fd980000,0x00000000fde61c70,0x00000000fe800000)
  to   space 19968K, 0% used [0x00000000fc100000,0x00000000fc100000,0x00000000fd480000)
 ParOldGen       total 107520K, used 57921K [0x00000000e0000000, 0x00000000e6900000, 0x00000000f5580000)
  object space 107520K, 53% used [0x00000000e0000000,0x00000000e38905d0,0x00000000e6900000)
 Metaspace       used 88330K, capacity 95698K, committed 96000K, reserved 1132544K
  class space    used 10326K, capacity 12704K, committed 12800K, reserved 1048576K

Card table byte_map: [0x0000000011980000,0x0000000011a90000] byte_map_base: 0x0000000011280000

Marking Bits: (ParMarkBitMap*) 0x00000000709ea5b0
 Begin Bits: [0x0000000012290000, 0x0000000012a90000)
 End Bits:   [0x0000000012a90000, 0x0000000013290000)

Polling page: 0x0000000000330000

CodeCache: size=245760Kb used=44392Kb max_used=44688Kb free=201367Kb
 bounds [0x00000000025c0000, 0x00000000051d0000, 0x00000000115c0000]
 total_blobs=12730 nmethods=11821 adapters=815
 compilation: enabled

Compilation events (10 events):
Event: 12206.342 Thread 0x0000000014f59800 nmethod 15687 0x00000000026fd250 code [0x00000000026fd3c0, 0x00000000026fd890]
Event: 12206.343 Thread 0x0000000014f59800 15688   !   3       org.eclipse.osgi.container.ModuleDatabase::getRevisionsTimestamp (25 bytes)
Event: 12206.343 Thread 0x0000000014f59800 nmethod 15688 0x000000000433fe90 code [0x00000000043400a0, 0x0000000004340dd8]
Event: 12206.344 Thread 0x0000000014f59800 15686       1       org.eclipse.osgi.storage.Storage::getModuleDatabase (5 bytes)
Event: 12206.344 Thread 0x0000000014f59800 nmethod 15686 0x00000000035a7b50 code [0x00000000035a7ca0, 0x00000000035a7db0]
Event: 12206.345 Thread 0x0000000014f59800 15689       3       org.eclipse.osgi.container.Module::holdsTransitionEventLock (25 bytes)
Event: 12206.346 Thread 0x0000000014f59800 nmethod 15689 0x0000000002f41850 code [0x0000000002f419e0, 0x0000000002f42108]
Event: 12206.347 Thread 0x0000000014f45800 nmethod 15681 0x0000000003191650 code [0x0000000003191840, 0x00000000031925d0]
Event: 12206.347 Thread 0x0000000014f59800 15690   !   3       org.eclipse.osgi.storage.BundleInfo$Generation::clearManifestCache (30 bytes)
Event: 12206.347 Thread 0x0000000014f59800 nmethod 15690 0x0000000003c6d290 code [0x0000000003c6d420, 0x0000000003c6da68]

GC Heap History (10 events):
Event: 2546.636 GC heap before
{Heap before GC invocations=35 (full 9):
 PSYoungGen      total 151040K, used 416K [0x00000000f5580000, 0x0000000100000000, 0x0000000100000000)
  eden space 127488K, 0% used [0x00000000f5580000,0x00000000f5580000,0x00000000fd200000)
  from space 23552K, 1% used [0x00000000fe900000,0x00000000fe968000,0x0000000100000000)
  to   space 23552K, 0% used [0x00000000fd200000,0x00000000fd200000,0x00000000fe900000)
 ParOldGen       total 107520K, used 60825K [0x00000000e0000000, 0x00000000e6900000, 0x00000000f5580000)
  object space 107520K, 56% used [0x00000000e0000000,0x00000000e3b66678,0x00000000e6900000)
 Metaspace       used 85859K, capacity 92620K, committed 93056K, reserved 1130496K
  class space    used 10077K, capacity 12351K, committed 12416K, reserved 1048576K
Event: 2546.900 GC heap after
Heap after GC invocations=35 (full 9):
 PSYoungGen      total 151040K, used 0K [0x00000000f5580000, 0x0000000100000000, 0x0000000100000000)
  eden space 127488K, 0% used [0x00000000f5580000,0x00000000f5580000,0x00000000fd200000)
  from space 23552K, 0% used [0x00000000fe900000,0x00000000fe900000,0x0000000100000000)
  to   space 23552K, 0% used [0x00000000fd200000,0x00000000fd200000,0x00000000fe900000)
 ParOldGen       total 107520K, used 57897K [0x00000000e0000000, 0x00000000e6900000, 0x00000000f5580000)
  object space 107520K, 53% used [0x00000000e0000000,0x00000000e388a5d0,0x00000000e6900000)
 Metaspace       used 85859K, capacity 92620K, committed 93056K, reserved 1130496K
  class space    used 10077K, capacity 12351K, committed 12416K, reserved 1048576K
}
Event: 4216.540 GC heap before
{Heap before GC invocations=36 (full 9):
 PSYoungGen      total 151040K, used 127488K [0x00000000f5580000, 0x0000000100000000, 0x0000000100000000)
  eden space 127488K, 100% used [0x00000000f5580000,0x00000000fd200000,0x00000000fd200000)
  from space 23552K, 0% used [0x00000000fe900000,0x00000000fe900000,0x0000000100000000)
  to   space 23552K, 0% used [0x00000000fd200000,0x00000000fd200000,0x00000000fe900000)
 ParOldGen       total 107520K, used 57897K [0x00000000e0000000, 0x00000000e6900000, 0x00000000f5580000)
  object space 107520K, 53% used [0x00000000e0000000,0x00000000e388a5d0,0x00000000e6900000)
 Metaspace       used 86201K, capacity 93054K, committed 93312K, reserved 1130496K
  class space    used 10082K, capacity 12386K, committed 12416K, reserved 1048576K
Event: 4216.552 GC heap after
Heap after GC invocations=36 (full 9):
 PSYoungGen      total 128000K, used 4704K [0x00000000f5580000, 0x00000000ffa80000, 0x0000000100000000)
  eden space 122880K, 0% used [0x00000000f5580000,0x00000000f5580000,0x00000000fcd80000)
  from space 5120K, 91% used [0x00000000fd200000,0x00000000fd698150,0x00000000fd700000)
  to   space 23040K, 0% used [0x00000000fe400000,0x00000000fe400000,0x00000000ffa80000)
 ParOldGen       total 107520K, used 57905K [0x00000000e0000000, 0x00000000e6900000, 0x00000000f5580000)
  object space 107520K, 53% used [0x00000000e0000000,0x00000000e388c5d0,0x00000000e6900000)
 Metaspace       used 86201K, capacity 93054K, committed 93312K, reserved 1130496K
  class space    used 10082K, capacity 12386K, committed 12416K, reserved 1048576K
}
Event: 6402.260 GC heap before
{Heap before GC invocations=37 (full 9):
 PSYoungGen      total 128000K, used 127584K [0x00000000f5580000, 0x00000000ffa80000, 0x0000000100000000)
  eden space 122880K, 100% used [0x00000000f5580000,0x00000000fcd80000,0x00000000fcd80000)
  from space 5120K, 91% used [0x00000000fd200000,0x00000000fd698150,0x00000000fd700000)
  to   space 23040K, 0% used [0x00000000fe400000,0x00000000fe400000,0x00000000ffa80000)
 ParOldGen       total 107520K, used 57905K [0x00000000e0000000, 0x00000000e6900000, 0x00000000f5580000)
  object space 107520K, 53% used [0x00000000e0000000,0x00000000e388c5d0,0x00000000e6900000)
 Metaspace       used 86412K, capacity 93220K, committed 93696K, reserved 1130496K
  class space    used 10096K, capacity 12419K, committed 12544K, reserved 1048576K
Event: 6402.267 GC heap after
Heap after GC invocations=37 (full 9):
 PSYoungGen      total 134656K, used 5286K [0x00000000f5580000, 0x00000000ff400000, 0x0000000100000000)
  eden space 118272K, 0% used [0x00000000f5580000,0x00000000f5580000,0x00000000fc900000)
  from space 16384K, 32% used [0x00000000fe400000,0x00000000fe929800,0x00000000ff400000)
  to   space 22016K, 0% used [0x00000000fc900000,0x00000000fc900000,0x00000000fde80000)
 ParOldGen       total 107520K, used 57913K [0x00000000e0000000, 0x00000000e6900000, 0x00000000f5580000)
  object space 107520K, 53% used [0x00000000e0000000,0x00000000e388e5d0,0x00000000e6900000)
 Metaspace       used 86412K, capacity 93220K, committed 93696K, reserved 1130496K
  class space    used 10096K, capacity 12419K, committed 12544K, reserved 1048576K
}
Event: 8846.870 GC heap before
{Heap before GC invocations=38 (full 9):
 PSYoungGen      total 134656K, used 123550K [0x00000000f5580000, 0x00000000ff400000, 0x0000000100000000)
  eden space 118272K, 99% used [0x00000000f5580000,0x00000000fc8fe070,0x00000000fc900000)
  from space 16384K, 32% used [0x00000000fe400000,0x00000000fe929800,0x00000000ff400000)
  to   space 22016K, 0% used [0x00000000fc900000,0x00000000fc900000,0x00000000fde80000)
 ParOldGen       total 107520K, used 57913K [0x00000000e0000000, 0x00000000e6900000, 0x00000000f5580000)
  object space 107520K, 53% used [0x00000000e0000000,0x00000000e388e5d0,0x00000000e6900000)
 Metaspace       used 86483K, capacity 93348K, committed 93696K, reserved 1130496K
  class space    used 10096K, capacity 12419K, committed 12544K, reserved 1048576K
Event: 8846.878 GC heap after
Heap after GC invocations=38 (full 9):
 PSYoungGen      total 118784K, used 4551K [0x00000000f5580000, 0x00000000fee00000, 0x0000000100000000)
  eden space 114176K, 0% used [0x00000000f5580000,0x00000000f5580000,0x00000000fc500000)
  from space 4608K, 98% used [0x00000000fc900000,0x00000000fcd71c60,0x00000000fcd80000)
  to   space 20992K, 0% used [0x00000000fd980000,0x00000000fd980000,0x00000000fee00000)
 ParOldGen       total 107520K, used 57921K [0x00000000e0000000, 0x00000000e6900000, 0x00000000f5580000)
  object space 107520K, 53% used [0x00000000e0000000,0x00000000e38905d0,0x00000000e6900000)
 Metaspace       used 86483K, capacity 93348K, committed 93696K, reserved 1130496K
  class space    used 10096K, capacity 12419K, committed 12544K, reserved 1048576K
}
Event: 11117.123 GC heap before
{Heap before GC invocations=39 (full 9):
 PSYoungGen      total 118784K, used 118727K [0x00000000f5580000, 0x00000000fee00000, 0x0000000100000000)
  eden space 114176K, 100% used [0x00000000f5580000,0x00000000fc500000,0x00000000fc500000)
  from space 4608K, 98% used [0x00000000fc900000,0x00000000fcd71c60,0x00000000fcd80000)
  to   space 20992K, 0% used [0x00000000fd980000,0x00000000fd980000,0x00000000fee00000)
 ParOldGen       total 107520K, used 57921K [0x00000000e0000000, 0x00000000e6900000, 0x00000000f5580000)
  object space 107520K, 53% used [0x00000000e0000000,0x00000000e38905d0,0x00000000e6900000)
 Metaspace       used 86502K, capacity 93348K, committed 93696K, reserved 1130496K
  class space    used 10096K, capacity 12419K, committed 12544K, reserved 1048576K
Event: 11117.130 GC heap after
Heap after GC invocations=39 (full 9):
 PSYoungGen      total 124928K, used 4999K [0x00000000f5580000, 0x00000000fe800000, 0x0000000100000000)
  eden space 110080K, 0% used [0x00000000f5580000,0x00000000f5580000,0x00000000fc100000)
  from space 14848K, 33% used [0x00000000fd980000,0x00000000fde61c70,0x00000000fe800000)
  to   space 19968K, 0% used [0x00000000fc100000,0x00000000fc100000,0x00000000fd480000)
 ParOldGen       total 107520K, used 57921K [0x00000000e0000000, 0x00000000e6900000, 0x00000000f5580000)
  object space 107520K, 53% used [0x00000000e0000000,0x00000000e38905d0,0x00000000e6900000)
 Metaspace       used 86502K, capacity 93348K, committed 93696K, reserved 1130496K
  class space    used 10096K, capacity 12419K, committed 12544K, reserved 1048576K
}

Deoptimization events (10 events):
Event: 12204.782 Thread 0x0000000018a9c000 Uncommon trap: reason=unstable_if action=reinterpret pc=0x000000000378a624 method=org.eclipse.swt.graphics.Resource.dispose()V @ 15
Event: 12205.444 Thread 0x0000000018a9c000 Uncommon trap: reason=unstable_if action=reinterpret pc=0x000000000369c30c method=org.eclipse.osgi.internal.hooks.EclipseLazyStarter.shouldActivateFor(Ljava/lang/String;Lorg/eclipse/osgi/container/Module;Lorg/eclipse/osgi/container/ModuleRevision;Lorg/ecli
Event: 12205.480 Thread 0x0000000018a9c000 Uncommon trap: reason=null_check action=maybe_recompile pc=0x000000000456fe38 method=com.xilinx.sdk.targetmanager.internal.json.XMDJSONProcess.issueCommand(Ljava/lang/String;)Lcom/xilinx/sdk/targetmanager/internal/IXMDResult; @ 3
Event: 12205.516 Thread 0x0000000018a9c000 Uncommon trap: reason=unstable_if action=reinterpret pc=0x0000000003d3f76c method=org.eclipse.osgi.internal.serviceregistry.FilteredServiceListener.serviceChanged(Lorg/osgi/framework/ServiceEvent;)V @ 179
Event: 12205.600 Thread 0x0000000018a9f000 Uncommon trap: reason=unstable_if action=reinterpret pc=0x0000000004f6e198 method=org.eclipse.tcf.EventQueue.invokeLater(Ljava/lang/Runnable;)V @ 22
Event: 12206.318 Thread 0x000000001a97f000 Uncommon trap: reason=unstable_if action=reinterpret pc=0x0000000003ce2b58 method=org.eclipse.core.internal.jobs.JobManager.nextJob()Lorg/eclipse/core/runtime/jobs/Job; @ 80
Event: 12206.318 Thread 0x0000000019b86800 Uncommon trap: reason=unstable_if action=reinterpret pc=0x0000000003ce2b58 method=org.eclipse.core.internal.jobs.JobManager.nextJob()Lorg/eclipse/core/runtime/jobs/Job; @ 80
Event: 12206.337 Thread 0x0000000018a9c000 Uncommon trap: reason=unstable_if action=reinterpret pc=0x0000000003d37d10 method=sun.reflect.UnsafeStaticObjectFieldAccessorImpl.set(Ljava/lang/Object;Ljava/lang/Object;)V @ 13
Event: 12206.337 Thread 0x0000000016be5800 Uncommon trap: reason=unstable_if action=reinterpret pc=0x0000000002da865c method=org.eclipse.osgi.framework.eventmgr.EventManager$EventThread.getNextEvent()Lorg/eclipse/osgi/framework/eventmgr/EventManager$EventThread$Queued; @ 15
Event: 12206.339 Thread 0x0000000017c29800 Uncommon trap: reason=unstable_if action=reinterpret pc=0x0000000002da865c method=org.eclipse.osgi.framework.eventmgr.EventManager$EventThread.getNextEvent()Lorg/eclipse/osgi/framework/eventmgr/EventManager$EventThread$Queued; @ 15

Internal exceptions (10 events):
Event: 12204.672 Thread 0x0000000019b89800 Exception <a 'java/lang/InterruptedException'> (0x00000000fabc46b8) thrown at [C:\re\workspace\8-2-build-windows-amd64-cygwin\jdk8u66\5298\hotspot\src\share\vm\runtime\objectMonitor.cpp, line 1683]
Event: 12204.779 Thread 0x0000000018a9c000 Implicit null exception at 0x00000000041ec036 to 0x00000000041ecd54
Event: 12205.480 Thread 0x0000000018a9c000 Implicit null exception at 0x000000000456eda4 to 0x000000000456fe29
Event: 12205.481 Thread 0x0000000018a9c000 Exception <a 'java/lang/NullPointerException'> (0x00000000fae40de8) thrown at [C:\re\workspace\8-2-build-windows-amd64-cygwin\jdk8u66\5298\hotspot\src\share\vm\prims\jvm.cpp, line 1390]
Event: 12206.317 Thread 0x0000000018a97800 Exception <a 'java/lang/InterruptedException'> (0x00000000fa6c8090) thrown at [C:\re\workspace\8-2-build-windows-amd64-cygwin\jdk8u66\5298\hotspot\src\share\vm\runtime\objectMonitor.cpp, line 1683]
Event: 12206.337 Thread 0x0000000018a9c000 Implicit null exception at 0x0000000003d37a0f to 0x0000000003d37cfd
Event: 12206.337 Thread 0x0000000016be5800 Exception <a 'java/lang/InterruptedException'> (0x00000000fb19e0c8) thrown at [C:\re\workspace\8-2-build-windows-amd64-cygwin\jdk8u66\5298\hotspot\src\share\vm\runtime\objectMonitor.cpp, line 1683]
Event: 12206.339 Thread 0x0000000017c29800 Exception <a 'java/lang/InterruptedException'> (0x00000000f94b9050) thrown at [C:\re\workspace\8-2-build-windows-amd64-cygwin\jdk8u66\5298\hotspot\src\share\vm\runtime\objectMonitor.cpp, line 1683]
Event: 12206.339 Thread 0x00000000150e8800 Exception <a 'java/lang/InterruptedException'> (0x00000000fb2fb8e0) thrown at [C:\re\workspace\8-2-build-windows-amd64-cygwin\jdk8u66\5298\hotspot\src\share\vm\runtime\objectMonitor.cpp, line 1683]
Event: 12206.339 Thread 0x0000000016e63800 Exception <a 'java/lang/InterruptedException'> (0x00000000fb30f788) thrown at [C:\re\workspace\8-2-build-windows-amd64-cygwin\jdk8u66\5298\hotspot\src\share\vm\runtime\objectMonitor.cpp, line 1683]

Events (10 events):
Event: 12206.364 loading class java/util/IdentityHashMap$IdentityHashMapIterator
Event: 12206.373 loading class java/util/IdentityHashMap$IdentityHashMapIterator done
Event: 12206.373 loading class java/util/IdentityHashMap$KeyIterator done
Event: 12206.373 Thread 0x0000000018a9c000 Thread added: 0x0000000018a9c000
Event: 12206.374 Executing VM operation: RevokeBias
Event: 12206.374 Executing VM operation: RevokeBias done
Event: 12206.374 Executing VM operation: RevokeBias
Event: 12206.374 Executing VM operation: RevokeBias done
Event: 12206.374 Thread 0x0000000018a9c000 Thread exited: 0x0000000018a9c000
Event: 12206.374 Executing VM operation: Exit


Dynamic libraries:
0x0000000000400000 - 0x000000000044f000 	C:\Xilinx\SDK\2016.2\eclipse\win64.o\eclipse.exe
0x0000000077000000 - 0x00000000771aa000 	C:\Windows\SYSTEM32\ntdll.dll
0x0000000076de0000 - 0x0000000076eff000 	C:\Windows\system32\kernel32.dll
0x000007fefd090000 - 0x000007fefd0fa000 	C:\Windows\system32\KERNELBASE.dll
0x0000000076f00000 - 0x0000000076ffa000 	C:\Windows\system32\USER32.dll
0x000007fefd870000 - 0x000007fefd8d7000 	C:\Windows\system32\GDI32.dll
0x000007fefe7a0000 - 0x000007fefe7ae000 	C:\Windows\system32\LPK.dll
0x000007fefd2b0000 - 0x000007fefd37a000 	C:\Windows\system32\USP10.dll
0x000007fefd7d0000 - 0x000007fefd86f000 	C:\Windows\system32\msvcrt.dll
0x000007fefb650000 - 0x000007fefb844000 	C:\Windows\WinSxS\amd64_microsoft.windows.common-controls_6595b64144ccf1df_6.0.7601.18837_none_fa3b1e3d17594757\COMCTL32.dll
0x000007feff290000 - 0x000007feff301000 	C:\Windows\system32\SHLWAPI.dll
0x000007fefd480000 - 0x000007fefd4ae000 	C:\Windows\system32\IMM32.DLL
0x000007fefe990000 - 0x000007fefea99000 	C:\Windows\system32\MSCTF.dll
0x0000000072000000 - 0x0000000072012000 	C:\Xilinx\SDK\2016.2\eclipse\win64.o\plugins\org.eclipse.equinox.launcher.win32.win32.x86_64_1.1.300.v20150602-1417\eclipse_1611.dll
0x000007fefef00000 - 0x000007fefefdb000 	C:\Windows\system32\ADVAPI32.dll
0x000007fefd460000 - 0x000007fefd47f000 	C:\Windows\SYSTEM32\sechost.dll
0x000007fefd120000 - 0x000007fefd24d000 	C:\Windows\system32\RPCRT4.dll
0x000007fefbdd0000 - 0x000007fefbddc000 	C:\Windows\system32\VERSION.dll
0x000007fefb5f0000 - 0x000007fefb646000 	C:\Windows\system32\UxTheme.dll
0x00000000701e0000 - 0x0000000070a69000 	C:\Xilinx\SDK\2016.2\tps\win64\jre\bin\server\jvm.dll
0x000007fef86f0000 - 0x000007fef86f9000 	C:\Windows\system32\WSOCK32.dll
0x000007fefd4b0000 - 0x000007fefd4fd000 	C:\Windows\system32\WS2_32.dll
0x000007fefe790000 - 0x000007fefe798000 	C:\Windows\system32\NSI.dll
0x000007fef9f10000 - 0x000007fef9f4b000 	C:\Windows\system32\WINMM.dll
0x00000000771d0000 - 0x00000000771d7000 	C:\Windows\system32\PSAPI.DLL
0x0000000071b50000 - 0x0000000071c22000 	C:\Windows\system32\MSVCR100.dll
0x00000000715e0000 - 0x00000000715ef000 	C:\Xilinx\SDK\2016.2\tps\win64\jre\bin\verify.dll
0x00000000715b0000 - 0x00000000715d9000 	C:\Xilinx\SDK\2016.2\tps\win64\jre\bin\java.dll
0x0000000071590000 - 0x00000000715a6000 	C:\Xilinx\SDK\2016.2\tps\win64\jre\bin\zip.dll
0x000007fefda00000 - 0x000007fefe789000 	C:\Windows\system32\SHELL32.dll
0x000007feff080000 - 0x000007feff283000 	C:\Windows\system32\ole32.dll
0x000007fefcd40000 - 0x000007fefcd4f000 	C:\Windows\system32\profapi.dll
0x000007fefc540000 - 0x000007fefc558000 	C:\Windows\system32\CRYPTSP.dll
0x000007fefc240000 - 0x000007fefc287000 	C:\Windows\system32\rsaenh.dll
0x000007fefcfa0000 - 0x000007fefcfbe000 	C:\Windows\system32\USERENV.dll
0x000007fefcb40000 - 0x000007fefcb4f000 	C:\Windows\system32\CRYPTBASE.dll
0x0000000071570000 - 0x000000007158a000 	C:\Xilinx\SDK\2016.2\tps\win64\jre\bin\net.dll
0x000007fefc4e0000 - 0x000007fefc535000 	C:\Windows\system32\mswsock.dll
0x000007fefc4d0000 - 0x000007fefc4d7000 	C:\Windows\System32\wship6.dll
0x000007fefa450000 - 0x000007fefa477000 	C:\Windows\system32\IPHLPAPI.DLL
0x000007fefa430000 - 0x000007fefa43b000 	C:\Windows\system32\WINNSI.DLL
0x000007fefa260000 - 0x000007fefa271000 	C:\Windows\system32\dhcpcsvc6.DLL
0x000007fefa240000 - 0x000007fefa258000 	C:\Windows\system32\dhcpcsvc.DLL
0x0000000071550000 - 0x0000000071561000 	C:\Xilinx\SDK\2016.2\tps\win64\jre\bin\nio.dll
0x000007fef9960000 - 0x000007fef9975000 	C:\Windows\system32\NLAapi.dll
0x000007fef7a90000 - 0x000007fef7aa5000 	C:\Windows\system32\napinsp.dll
0x000007fef7ab0000 - 0x000007fef7ac9000 	C:\Windows\system32\pnrpnsp.dll
0x000007fefc360000 - 0x000007fefc3bb000 	C:\Windows\system32\DNSAPI.dll
0x000007fef7a80000 - 0x000007fef7a8b000 	C:\Windows\System32\winrnr.dll
0x000007fefbea0000 - 0x000007fefbea7000 	C:\Windows\System32\wshtcpip.dll
0x000007fef9dc0000 - 0x000007fef9dc8000 	C:\Windows\system32\rasadhlp.dll
0x000007fefa2f0000 - 0x000007fefa343000 	C:\Windows\System32\fwpuclnt.dll
0x000000001b6c0000 - 0x000000001b768000 	C:\Users\dezfoul2\.Xilinx\SDK\2016.2\org.eclipse.osgi\312\0\.cp\swt-win32-4527.dll
0x000007fefd380000 - 0x000007fefd458000 	C:\Windows\system32\OLEAUT32.dll
0x000007fefd8e0000 - 0x000007fefd977000 	C:\Windows\system32\comdlg32.dll
0x000007fef63e0000 - 0x000007fef6451000 	C:\Windows\system32\WINSPOOL.DRV
0x000007fefeaa0000 - 0x000007fefed65000 	C:\Windows\system32\WININET.dll
0x000007fefcf50000 - 0x000007fefcf54000 	C:\Windows\system32\api-ms-win-downlevel-user32-l1-1-0.dll
0x000007fefcf00000 - 0x000007fefcf04000 	C:\Windows\system32\api-ms-win-downlevel-shlwapi-l1-1-0.dll
0x000007fefd080000 - 0x000007fefd084000 	C:\Windows\system32\api-ms-win-downlevel-version-l1-1-0.dll
0x000007fefcfc0000 - 0x000007fefcfc3000 	C:\Windows\system32\api-ms-win-downlevel-normaliz-l1-1-0.dll
0x00000000771c0000 - 0x00000000771c3000 	C:\Windows\system32\normaliz.DLL
0x000007fefd500000 - 0x000007fefd7c9000 	C:\Windows\system32\iertutil.dll
0x000007fefcd80000 - 0x000007fefcd85000 	C:\Windows\system32\api-ms-win-downlevel-advapi32-l1-1-0.dll
0x000007fefcd90000 - 0x000007fefcefd000 	C:\Windows\system32\CRYPT32.dll
0x000007fefcd50000 - 0x000007fefcd5f000 	C:\Windows\system32\MSASN1.dll
0x000007fefb0c0000 - 0x000007fefb1ec000 	C:\Windows\system32\propsys.dll
0x000007fefefe0000 - 0x000007feff079000 	C:\Windows\system32\CLBCatQ.DLL
0x0000000002330000 - 0x000000000234e000 	C:\Users\dezfoul2\.Xilinx\SDK\2016.2\org.eclipse.osgi\312\0\.cp\swt-gdip-win32-4527.dll
0x000007fefb3d0000 - 0x000007fefb5e6000 	C:\Windows\WinSxS\amd64_microsoft.windows.gdiplus_6595b64144ccf1df_1.1.7601.23508_none_145555328b95eaaa\gdiplus.dll
0x000007fefaef0000 - 0x000007fefb051000 	C:\Windows\system32\WindowsCodecs.dll
0x0000000180000000 - 0x0000000180012000 	C:\Users\dezfoul2\.Xilinx\SDK\2016.2\org.eclipse.osgi\126\0\.cp\os\win32\x86_64\localfile_1_0_0.dll
0x000007fef1170000 - 0x000007fef11c4000 	C:\Windows\system32\oleacc.dll
0x000007fef8b90000 - 0x000007fef8b97000 	C:\Windows\system32\msimg32.dll
0x000007fefcc90000 - 0x000007fefcca4000 	C:\Windows\system32\RpcRtRemote.dll
0x000007fefcbf0000 - 0x000007fefcc47000 	C:\Windows\system32\apphelp.dll
0x000007fec4370000 - 0x000007fec4381000 	C:\Users\dezfoul2\.Xilinx\SDK\2016.2\org.eclipse.osgi\129\0\.cp\jWinHttp-1.0.0.dll
0x000007fef9610000 - 0x000007fef9681000 	C:\Windows\system32\WINHTTP.dll
0x000007fef95a0000 - 0x000007fef9604000 	C:\Windows\system32\webio.dll
0x000007fefcb10000 - 0x000007fefcb35000 	C:\Windows\system32\SspiCli.dll
0x000007fefc100000 - 0x000007fefc10a000 	C:\Windows\system32\credssp.dll
0x000007fefcf60000 - 0x000007fefcf96000 	C:\Windows\system32\CFGMGR32.dll
0x000007fef6280000 - 0x000007fef628f000 	C:\Xilinx\SDK\2016.2\lib\win64.o\librdi_repo_manager.dll
0x000007fec4340000 - 0x000007fec436a000 	C:\Xilinx\SDK\2016.2\lib\win64.o\libisl_sysinfo.dll
0x000007feeb940000 - 0x000007feeba14000 	C:\Windows\system32\MSVCR110.dll
0x000007feeb810000 - 0x000007feeb8b7000 	C:\Windows\system32\MSVCP110.dll
0x000007fec3900000 - 0x000007fec4340000 	C:\Xilinx\SDK\2016.2\lib\win64.o\librdi_common.dll
0x000007fec3590000 - 0x000007fec38fe000 	C:\Xilinx\SDK\2016.2\lib\win64.o\libCOIN-all.dll
0x000007fec3370000 - 0x000007fec358f000 	C:\Xilinx\SDK\2016.2\lib\win64.o\libXil_lmgr11.dll
0x000007fefadb0000 - 0x000007fefadc6000 	C:\Windows\system32\NETAPI32.dll
0x000007fefc170000 - 0x000007fefc17c000 	C:\Windows\system32\netutils.dll
0x000007fefc7e0000 - 0x000007fefc803000 	C:\Windows\system32\srvcli.dll
0x000007fefad90000 - 0x000007fefada5000 	C:\Windows\system32\wkscli.dll
0x000007fefcf10000 - 0x000007fefcf4b000 	C:\Windows\system32\WINTRUST.dll
0x000007fef51f0000 - 0x000007fef5200000 	C:\Xilinx\SDK\2016.2\lib\win64.o\libboost_date_time.dll
0x000007fec3340000 - 0x000007fec3364000 	C:\Xilinx\SDK\2016.2\lib\win64.o\libboost_filesystem.dll
0x000007fef5620000 - 0x000007fef5629000 	C:\Xilinx\SDK\2016.2\lib\win64.o\libboost_system.dll
0x000007fec32c0000 - 0x000007fec3337000 	C:\Xilinx\SDK\2016.2\lib\win64.o\libboost_program_options.dll
0x000007fec31b0000 - 0x000007fec32b6000 	C:\Xilinx\SDK\2016.2\lib\win64.o\libboost_regex.dll
0x000007fec3190000 - 0x000007fec31a3000 	C:\Xilinx\SDK\2016.2\lib\win64.o\libboost_signals.dll
0x000007fec3170000 - 0x000007fec318d000 	C:\Xilinx\SDK\2016.2\lib\win64.o\libboost_thread.dll
0x000007fef4d60000 - 0x000007fef4d6b000 	C:\Xilinx\SDK\2016.2\lib\win64.o\libboost_chrono.dll
0x000007fef40c0000 - 0x000007fef40cb000 	C:\Xilinx\SDK\2016.2\lib\win64.o\libboost_xilinx.dll
0x000007fec30f0000 - 0x000007fec3170000 	C:\Xilinx\SDK\2016.2\lib\win64.o\libhdlpsolve.dll
0x000007fec3050000 - 0x000007fec30ea000 	C:\Xilinx\SDK\2016.2\lib\win64.o\libhdxml.dll
0x000007fec2be0000 - 0x000007fec3045e00 	C:\Xilinx\SDK\2016.2\lib\win64.o\libisl_iostreams.dll
0x000007fec2bc0000 - 0x000007fec2bd6000 	C:\Xilinx\SDK\2016.2\lib\win64.o\libboost_iostreams.dll
0x000007fec2b90000 - 0x000007fec2bb3000 	C:\Xilinx\SDK\2016.2\lib\win64.o\librdizlib.dll
0x000007fec2b60000 - 0x000007fec2b83000 	C:\Xilinx\SDK\2016.2\lib\win64.o\libisl_iosutils.dll
0x000007fec2b40000 - 0x000007fec2b55000 	C:\Xilinx\SDK\2016.2\lib\win64.o\pthreadVC2.dll
0x000007fec2ae0000 - 0x000007fec2b34000 	C:\Xilinx\SDK\2016.2\lib\win64.o\librdi_commonxillic.dll
0x000007fec29b0000 - 0x000007fec2ae0000 	C:\Xilinx\SDK\2016.2\lib\win64.o\librdi_curl.dll
0x000007fec2990000 - 0x000007fec29a8000 	C:\Xilinx\SDK\2016.2\lib\win64.o\librdiconfig.dll
0x0000000071420000 - 0x0000000071547000 	C:\Xilinx\SDK\2016.2\lib\win64.o\tcl85t.dll
0x0000000024ab0000 - 0x0000000024d13000 	C:\Xilinx\SDK\2016.2\lib\win64.o\xerces-c_3_1.dll
0x000007fefed70000 - 0x000007fefeef6000 	C:\Windows\system32\urlmon.dll
0x000007fefd070000 - 0x000007fefd074000 	C:\Windows\system32\api-ms-win-downlevel-ole32-l1-1-0.dll
0x000007fef11e0000 - 0x000007fef1203000 	C:\Windows\system32\VCOMP110.DLL
0x000007fec2790000 - 0x000007fec2982000 	C:\Xilinx\SDK\2016.2\lib\win64.o\librdi_hsm.dll
0x000007fec2740000 - 0x000007fec2783000 	C:\Xilinx\SDK\2016.2\lib\win64.o\librdi_hdf.dll
0x000007fec24b0000 - 0x000007fec2731000 	C:\Xilinx\SDK\2016.2\lib\win64.o\librdi_ippcw.dll
0x000007fec2450000 - 0x000007fec2466000 	C:\Xilinx\SDK\2016.2\eclipse\win64.o\plugins\org.eclipse.cdt.core.win32.x86_64_5.4.0.201509131935\os\win32\x86_64\spawner.dll
0x000007fef4100000 - 0x000007fef410a000 	C:\Xilinx\SDK\2016.2\lib\win64.o\librdi_jtag_settings.dll
0x000007fef40d0000 - 0x000007fef40f9000 	C:\Xilinx\SDK\2016.2\lib\win64.o\librdi_debug_dialog.dll
0x000007fef3a20000 - 0x000007fef3a28000 	C:\Xilinx\SDK\2016.2\lib\win64.o\librdi_target_manager.dll
0x0000000071080000 - 0x00000000710a6000 	C:\Xilinx\SDK\2016.2\eclipse\win64.o\plugins\gnu.io.rxtx.win32.x86_64_2.1.7.3_v20071015\os\win32\x86_64\rxtxSerial.dll
0x000007feade20000 - 0x000007feae630000 	C:\Xilinx\SDK\2016.2\lib\win64.o\libXil_lmgr11FNP.dll
0x000007fef5280000 - 0x000007fef528b000 	C:\Windows\system32\snmpapi.dll

VM Arguments:
jvm_args: -Dcom.xilinx.sdk.args.hwspec=W:/ece532/src/hdmi.sdk/hdmi_wrapper.hdf -Xms64m -Xmx512m & 
java_command: <unknown>
java_class_path (initial): C:\Xilinx\SDK\2016.2\eclipse\win64.o\\plugins/org.eclipse.equinox.launcher_1.3.100.v20150511-1540.jar
Launcher Type: generic

Environment Variables:
PATH=C:/Xilinx/SDK/2016.2/tps/win64/jre/bin/server;C:/Xilinx/SDK/2016.2/tps/win64/jre/bin;C:/Xilinx/SDK/2016.2/tps/win64/jre/lib/amd64;C:\Xilinx\SDK\2016.2\gnuwin\bin;C:\Xilinx\SDK\2016.2\gnu\microblaze\nt\bin;C:\Xilinx\SDK\2016.2\gnu\microblaze\linux_toolchain\nt64_le\bin;C:\Xilinx\SDK\2016.2\gnu\microblaze\linux_toolchain\nt64_be\bin;C:\Xilinx\SDK\2016.2\gnu\arm\nt\bin;C:\Xilinx\SDK\2016.2\gnu\aarch64\nt\aarch64-none\bin;C:\Xilinx\SDK\2016.2\gnu\aarch64\nt\aarch64-linux\bin;C:\Xilinx\SDK\2016.2\gnu\armr5\nt\gcc-arm-none-eabi\bin;C:\Xilinx\SDK\2016.2\gnu\aarch32\nt\gcc-arm-none-eabi\bin;C:\Xilinx\SDK\2016.2\gnu\aarch32\nt\gcc-arm-linux-gnueabi\bin;C:\Xilinx\SDK\2016.2\tps\win64\cmake-3.3.2\bin;;C:\Xilinx\SDK\2016.2\bin;C:\Xilinx\SDK\2016.2\lib\win64.o;C:\Xilinx\SDK\2016.2\tps\win64\jre\bin\server;C:\Xilinx\SDK\2016.2\tps\win64\jre\bin;C:\Xilinx\Vivado\2016.2\ids_lite\ISE\bin\nt64;C:\Xilinx\Vivado\2016.2\ids_lite\ISE\lib\nt64;C:\Xilinx\Vivado\2016.2\bin;C:\Xilinx\Vivado\2016.2\lib\win64.o;C:\Xilinx\Vivado\2016.2\tps\win64\jre\bin\server;C:\Xilinx\Vivado\2016.2\tps\win64\jre\bin;C:\Xilinx\Vivado_HLS\2016.2\bin;C:\Windows\system32;C:\Windows;C:\Windows\System32\Wbem;C:\Windows\System32\WindowsPowerShell\v1.0\;C:\altera\16.0\quartus\bin64;c:\altera\16.0\quartus\bin64\jre64\bin;W:\ece532\src;
USERNAME=dezfoul2
OS=Windows_NT
PROCESSOR_IDENTIFIER=Intel64 Family 6 Model 60 Stepping 3, GenuineIntel



---------------  S Y S T E M  ---------------

OS: Windows 7 , 64 bit Build 7601 (6.1.7601.23418)

CPU:total 8 (4 cores per cpu, 2 threads per core) family 6 model 60 stepping 3, cmov, cx8, fxsr, mmx, sse, sse2, sse3, ssse3, sse4.1, sse4.2, popcnt, avx, avx2, aes, clmul, erms, lzcnt, ht, tsc, tscinvbit, bmi1, bmi2

Memory: 4k page, physical 16683160k(11750476k free), swap 33364460k(28035468k free)

vm_info: Java HotSpot(TM) 64-Bit Server VM (25.66-b18) for windows-amd64 JRE (1.8.0_66-b18), built on Nov  9 2015 10:51:13 by "java_re" with MS VC++ 10.0 (VS2010)

time: Thu Mar 23 14:52:33 2017
elapsed time: 12206 seconds (0d 3h 23m 26s)

