#
# A fatal error has been detected by the Java Runtime Environment:
#
#  EXCEPTION_UNCAUGHT_CXX_EXCEPTION (0xe06d7363) at pc=0x000007fefd5da06d, pid=4888, tid=196
#
# JRE version: Java(TM) SE Runtime Environment (8.0_66-b18) (build 1.8.0_66-b18)
# Java VM: Java HotSpot(TM) 64-Bit Server VM (25.66-b18 mixed mode windows-amd64 compressed oops)
# Problematic frame:
# C  [KERNELBASE.dll+0x1a06d]
#
# Failed to write core dump. Minidumps are not enabled by default on client versions of Windows
#
# If you would like to submit a bug report, please visit:
#   http://bugreport.java.com/bugreport/crash.jsp
#

---------------  T H R E A D  ---------------

Current thread (0x0000000013cf4800):  VMThread [stack: 0x0000000015dc0000,0x0000000015ec0000] [id=196]

siginfo: ExceptionCode=0xe06d7363, ExceptionInformation=0x0000000019930520 0x0000000015ebf6c8 0x000007feec552cb8 0x000007feec4a0000 

Registers:
RAX=0x000000006656e5f6, RBX=0x000007feec552cb8, RCX=0x0000000015ebef10, RDX=0x00000000000000d0
RSP=0x0000000015ebf520, RBP=0x0000000015ebf650, RSI=0x00000000ffffffff, RDI=0x000000001750a030
R8 =0x0000000000000000, R9 =0x0000000000000000, R10=0x000007feec4a0000, R11=0x0000000015ebf560
R12=0x0000000000000001, R13=0x0000000000000008, R14=0x0000000000000000, R15=0xffffffffffffffff
RIP=0x000007fefd5da06d, EFLAGS=0x0000000000000206

Top of Stack: (sp=0x0000000015ebf520)
0x0000000015ebf520:   000007feec552cb8 00000000ffffffff
0x0000000015ebf530:   000000001750a030 00000000003884f0
0x0000000015ebf540:   00000001e06d7363 0000000000000000
0x0000000015ebf550:   000007fefd5da06d 000007fe00000004
0x0000000015ebf560:   0000000019930520 0000000015ebf6c8
0x0000000015ebf570:   000007feec552cb8 000007feec4a0000
0x0000000015ebf580:   0000000000000000 0000000015ebf608
0x0000000015ebf590:   0000000000000028 000000001750a020
0x0000000015ebf5a0:   00000000174b56f0 0000000000000000
0x0000000015ebf5b0:   000007fffffa8000 000000007777f2d3
0x0000000015ebf5c0:   0000000000000000 0000000000000008
0x0000000015ebf5d0:   0000000000000001 000000001750a030
0x0000000015ebf5e0:   00000000ffffffff 000007feec4fe92c
0x0000000015ebf5f0:   000007feec552cb8 0000000015ebf660
0x0000000015ebf600:   0000000000000001 000007feec4a00f8
0x0000000015ebf610:   00000001e06d7363 0000000000000000 

Instructions: (pc=0x000007fefd5da06d)
0x000007fefd5da04d:   54 24 24 48 89 4c 24 28 4d 85 c9 0f 85 6a 03 00
0x000007fefd5da05d:   00 89 4c 24 38 48 8d 4c 24 20 ff 15 33 02 03 00
0x000007fefd5da06d:   48 81 c4 c8 00 00 00 c3 90 90 90 90 90 90 90 90
0x000007fefd5da07d:   90 90 90 48 83 ec 28 65 48 8b 04 25 30 00 00 00 


Register to memory mapping:

RAX=0x000000006656e5f6 is an unknown value
RBX=0x000007feec552cb8 is an unknown value
RCX=0x0000000015ebef10 is an unknown value
RDX=0x00000000000000d0 is an unknown value
RSP=0x0000000015ebf520 is an unknown value
RBP=0x0000000015ebf650 is an unknown value
RSI=0x00000000ffffffff is an unallocated location in the heap
RDI=0x000000001750a030 is an unknown value
R8 =0x0000000000000000 is an unknown value
R9 =0x0000000000000000 is an unknown value
R10=0x000007feec4a0000 is an unknown value
R11=0x0000000015ebf560 is an unknown value
R12=0x0000000000000001 is an unknown value
R13=0x0000000000000008 is an unknown value
R14=0x0000000000000000 is an unknown value
R15=0xffffffffffffffff is an unknown value


Stack: [0x0000000015dc0000,0x0000000015ec0000],  sp=0x0000000015ebf520,  free space=1021k
Native frames: (J=compiled Java code, j=interpreted, Vv=VM code, C=native code)
C  [KERNELBASE.dll+0x1a06d]
C  [MSVCR110.dll+0x5e92c]
C  [MSVCR110.dll+0x1315c]
C  [MSVCR110.dll+0x136a9]
C  [MSVCR110.dll+0x13e9c]
C  [MSVCR110.dll+0x239e]
C  [MSVCR110.dll+0xaf9e]
C  [MSVCP110.dll+0x397b9]
C  [librdi_common.dll+0x182316]
C  [librdi_common.dll+0x180fab]
C  [librdi_target_manager.dll+0x2400]
C  [librdi_target_manager.dll+0x2682]
C  [ntdll.dll+0x229b1]
C  [ntdll.dll+0x227c0]
C  [MSVCR100.dll+0x20ccd]
V  [jvm.dll+0x210cc5]
V  [jvm.dll+0x249897]
V  [jvm.dll+0x248b36]
V  [jvm.dll+0x248fd1]
V  [jvm.dll+0x2491ee]
V  [jvm.dll+0x29a0fa]
C  [MSVCR100.dll+0x21d9f]
C  [MSVCR100.dll+0x21e3b]
C  [kernel32.dll+0x159bd]
C  [ntdll.dll+0x2a2e1]

VM_Operation (0x000000000012f4c0): Exit, mode: safepoint, requested by thread 0x0000000002338000


---------------  P R O C E S S  ---------------

Java Threads: ( => current thread )
  0x000000001dc06000 JavaThread "Thread-46" daemon [_thread_blocked, id=5984, stack(0x0000000027e00000,0x0000000027f00000)]
  0x0000000019e6c000 JavaThread "TCF Channel Transmitter" daemon [_thread_blocked, id=1376, stack(0x0000000027c00000,0x0000000027d00000)]
  0x0000000019e6b800 JavaThread "TCF Channel Receiver" daemon [_thread_blocked, id=824, stack(0x0000000027450000,0x0000000027550000)]
  0x0000000019e6a800 JavaThread "Process monitor" daemon [_thread_in_native, id=3140, stack(0x0000000026ce0000,0x0000000026de0000)]
  0x0000000019e6a000 JavaThread "Input Stream Monitor" daemon [_thread_blocked, id=4712, stack(0x0000000026be0000,0x0000000026ce0000)]
  0x0000000019e69000 JavaThread "Output Stream Monitor" daemon [_thread_in_native, id=3232, stack(0x0000000026310000,0x0000000026410000)]
  0x0000000019e68800 JavaThread "Output Stream Monitor" daemon [_thread_in_native, id=5360, stack(0x00000000256f0000,0x00000000257f0000)]
  0x0000000017951000 JavaThread "TCF Locator DNS Lookup" daemon [_thread_blocked, id=5892, stack(0x0000000025320000,0x0000000025420000)]
  0x0000000017950000 JavaThread "TCF Locator Timer" daemon [_thread_blocked, id=6032, stack(0x0000000025220000,0x0000000025320000)]
  0x000000001794f800 JavaThread "TCF Locator Receiver" daemon [_thread_blocked, id=4164, stack(0x0000000025120000,0x0000000025220000)]
  0x000000001794e000 JavaThread "TCF Timer Dispatcher" daemon [_thread_blocked, id=2744, stack(0x0000000024d20000,0x0000000024e20000)]
  0x00000000179ea800 JavaThread "EMF Reference Cleaner" daemon [_thread_blocked, id=2832, stack(0x00000000195b0000,0x00000000196b0000)]
  0x0000000014f61800 JavaThread "Service Thread" daemon [_thread_blocked, id=5256, stack(0x0000000016780000,0x0000000016880000)]
  0x0000000014efb000 JavaThread "C1 CompilerThread3" daemon [_thread_blocked, id=3688, stack(0x0000000016680000,0x0000000016780000)]
  0x0000000014ed5800 JavaThread "C2 CompilerThread2" daemon [_thread_blocked, id=2228, stack(0x0000000016580000,0x0000000016680000)]
  0x0000000014ecf000 JavaThread "C2 CompilerThread1" daemon [_thread_blocked, id=4464, stack(0x0000000016480000,0x0000000016580000)]
  0x0000000014ec7800 JavaThread "C2 CompilerThread0" daemon [_thread_blocked, id=5880, stack(0x0000000016380000,0x0000000016480000)]
  0x0000000014ec4800 JavaThread "Attach Listener" daemon [_thread_blocked, id=5640, stack(0x0000000016280000,0x0000000016380000)]
  0x0000000014ec3800 JavaThread "Signal Dispatcher" daemon [_thread_blocked, id=4908, stack(0x0000000016180000,0x0000000016280000)]
  0x0000000013d00800 JavaThread "Finalizer" daemon [_thread_blocked, id=1564, stack(0x0000000015fc0000,0x00000000160c0000)]
  0x0000000013cf9800 JavaThread "Reference Handler" daemon [_thread_blocked, id=5632, stack(0x0000000015ec0000,0x0000000015fc0000)]
  0x0000000002338000 JavaThread "main" [_thread_blocked, id=5644, stack(0x0000000000030000,0x0000000000130000)]

Other Threads:
=>0x0000000013cf4800 VMThread [stack: 0x0000000015dc0000,0x0000000015ec0000] [id=196]

VM state:at safepoint (shutting down)

VM Mutex/Monitor currently owned by a thread:  ([mutex/lock_event])
[0x000000000052e970] Threads_lock - owner thread: 0x0000000013cf4800

Heap:
 PSYoungGen      total 86016K, used 56155K [0x00000000f5580000, 0x00000000fc300000, 0x0000000100000000)
  eden space 85504K, 65% used [0x00000000f5580000,0x00000000f8c56f70,0x00000000fa900000)
  from space 512K, 0% used [0x00000000fa900000,0x00000000fa900000,0x00000000fa980000)
  to   space 13312K, 0% used [0x00000000fb600000,0x00000000fb600000,0x00000000fc300000)
 ParOldGen       total 116736K, used 47316K [0x00000000e0000000, 0x00000000e7200000, 0x00000000f5580000)
  object space 116736K, 40% used [0x00000000e0000000,0x00000000e2e351b8,0x00000000e7200000)
 Metaspace       used 80806K, capacity 86926K, committed 87192K, reserved 1124352K
  class space    used 9942K, capacity 12121K, committed 12192K, reserved 1048576K

Card table byte_map: [0x0000000011850000,0x0000000011960000] byte_map_base: 0x0000000011150000

Marking Bits: (ParMarkBitMap*) 0x0000000070c3a5b0
 Begin Bits: [0x0000000012210000, 0x0000000012a10000)
 End Bits:   [0x0000000012a10000, 0x0000000013210000)

Polling page: 0x00000000004f0000

CodeCache: size=245760Kb used=36461Kb max_used=36659Kb free=209298Kb
 bounds [0x0000000002490000, 0x00000000048b0000, 0x0000000011490000]
 total_blobs=10779 nmethods=9903 adapters=783
 compilation: enabled

Compilation events (10 events):
Event: 2905.015 Thread 0x0000000014efb000 12448       3       java.util.Collections$SingletonList::<init> (10 bytes)
Event: 2905.016 Thread 0x0000000014efb000 nmethod 12448 0x0000000003295110 code [0x0000000003295280, 0x0000000003295510]
Event: 2905.021 Thread 0x0000000014efb000 12449       3       java.util.TimSort::ensureCapacity (107 bytes)
Event: 2905.022 Thread 0x0000000014efb000 nmethod 12449 0x0000000002929f10 code [0x000000000292a0a0, 0x000000000292a678]
Event: 2905.024 Thread 0x0000000014efb000 12450   !   3       java.util.zip.ZipFile::close (223 bytes)
Event: 2905.025 Thread 0x0000000014efb000 nmethod 12450 0x0000000002d052d0 code [0x0000000002d055c0, 0x0000000002d06fc8]
Event: 2905.026 Thread 0x0000000014efb000 12455       3       org.eclipse.osgi.internal.framework.EquinoxConfiguration::getConfiguration (22 bytes)
Event: 2905.027 Thread 0x0000000014efb000 nmethod 12455 0x0000000002fb8850 code [0x0000000002fb89c0, 0x0000000002fb8c28]
Event: 2905.027 Thread 0x0000000014efb000 12456       3       org.eclipse.osgi.container.Module::holdsTransitionEventLock (25 bytes)
Event: 2905.028 Thread 0x0000000014efb000 nmethod 12456 0x0000000003618c90 code [0x0000000003618e20, 0x0000000003619548]

GC Heap History (10 events):
Event: 2725.117 GC heap before
{Heap before GC invocations=52 (full 21):
 PSYoungGen      total 86528K, used 544K [0x00000000f5580000, 0x00000000fc600000, 0x0000000100000000)
  eden space 85504K, 0% used [0x00000000f5580000,0x00000000f5580000,0x00000000fa900000)
  from space 1024K, 53% used [0x00000000fa900000,0x00000000fa988000,0x00000000faa00000)
  to   space 14848K, 0% used [0x00000000fb780000,0x00000000fb780000,0x00000000fc600000)
 ParOldGen       total 116736K, used 47316K [0x00000000e0000000, 0x00000000e7200000, 0x00000000f5580000)
  object space 116736K, 40% used [0x00000000e0000000,0x00000000e2e350c8,0x00000000e7200000)
 Metaspace       used 79738K, capacity 85896K, committed 86168K, reserved 1124352K
  class space    used 9828K, capacity 11888K, committed 11936K, reserved 1048576K
Event: 2725.205 GC heap after
Heap after GC invocations=52 (full 21):
 PSYoungGen      total 86528K, used 0K [0x00000000f5580000, 0x00000000fc600000, 0x0000000100000000)
  eden space 85504K, 0% used [0x00000000f5580000,0x00000000f5580000,0x00000000fa900000)
  from space 1024K, 0% used [0x00000000fa900000,0x00000000fa900000,0x00000000faa00000)
  to   space 14848K, 0% used [0x00000000fb780000,0x00000000fb780000,0x00000000fc600000)
 ParOldGen       total 116736K, used 47481K [0x00000000e0000000, 0x00000000e7200000, 0x00000000f5580000)
  object space 116736K, 40% used [0x00000000e0000000,0x00000000e2e5e6c8,0x00000000e7200000)
 Metaspace       used 79738K, capacity 85896K, committed 86168K, reserved 1124352K
  class space    used 9828K, capacity 11888K, committed 11936K, reserved 1048576K
}
Event: 2785.124 GC heap before
{Heap before GC invocations=53 (full 21):
 PSYoungGen      total 86528K, used 2428K [0x00000000f5580000, 0x00000000fc600000, 0x0000000100000000)
  eden space 85504K, 2% used [0x00000000f5580000,0x00000000f57df1b0,0x00000000fa900000)
  from space 1024K, 0% used [0x00000000fa900000,0x00000000fa900000,0x00000000faa00000)
  to   space 14848K, 0% used [0x00000000fb780000,0x00000000fb780000,0x00000000fc600000)
 ParOldGen       total 116736K, used 47481K [0x00000000e0000000, 0x00000000e7200000, 0x00000000f5580000)
  object space 116736K, 40% used [0x00000000e0000000,0x00000000e2e5e6c8,0x00000000e7200000)
 Metaspace       used 79738K, capacity 85896K, committed 86168K, reserved 1124352K
  class space    used 9828K, capacity 11888K, committed 11936K, reserved 1048576K
Event: 2785.127 GC heap after
Heap after GC invocations=53 (full 21):
 PSYoungGen      total 98304K, used 160K [0x00000000f5580000, 0x00000000fc400000, 0x0000000100000000)
  eden space 85504K, 0% used [0x00000000f5580000,0x00000000f5580000,0x00000000fa900000)
  from space 12800K, 1% used [0x00000000fb780000,0x00000000fb7a8000,0x00000000fc400000)
  to   space 13824K, 0% used [0x00000000fa900000,0x00000000fa900000,0x00000000fb680000)
 ParOldGen       total 116736K, used 47481K [0x00000000e0000000, 0x00000000e7200000, 0x00000000f5580000)
  object space 116736K, 40% used [0x00000000e0000000,0x00000000e2e5e6c8,0x00000000e7200000)
 Metaspace       used 79738K, capacity 85896K, committed 86168K, reserved 1124352K
  class space    used 9828K, capacity 11888K, committed 11936K, reserved 1048576K
}
Event: 2785.127 GC heap before
{Heap before GC invocations=54 (full 22):
 PSYoungGen      total 98304K, used 160K [0x00000000f5580000, 0x00000000fc400000, 0x0000000100000000)
  eden space 85504K, 0% used [0x00000000f5580000,0x00000000f5580000,0x00000000fa900000)
  from space 12800K, 1% used [0x00000000fb780000,0x00000000fb7a8000,0x00000000fc400000)
  to   space 13824K, 0% used [0x00000000fa900000,0x00000000fa900000,0x00000000fb680000)
 ParOldGen       total 116736K, used 47481K [0x00000000e0000000, 0x00000000e7200000, 0x00000000f5580000)
  object space 116736K, 40% used [0x00000000e0000000,0x00000000e2e5e6c8,0x00000000e7200000)
 Metaspace       used 79738K, capacity 85896K, committed 86168K, reserved 1124352K
  class space    used 9828K, capacity 11888K, committed 11936K, reserved 1048576K
Event: 2785.205 GC heap after
Heap after GC invocations=54 (full 22):
 PSYoungGen      total 98304K, used 0K [0x00000000f5580000, 0x00000000fc400000, 0x0000000100000000)
  eden space 85504K, 0% used [0x00000000f5580000,0x00000000f5580000,0x00000000fa900000)
  from space 12800K, 0% used [0x00000000fb780000,0x00000000fb780000,0x00000000fc400000)
  to   space 13824K, 0% used [0x00000000fa900000,0x00000000fa900000,0x00000000fb680000)
 ParOldGen       total 116736K, used 47316K [0x00000000e0000000, 0x00000000e7200000, 0x00000000f5580000)
  object space 116736K, 40% used [0x00000000e0000000,0x00000000e2e351b8,0x00000000e7200000)
 Metaspace       used 79738K, capacity 85896K, committed 86168K, reserved 1124352K
  class space    used 9828K, capacity 11888K, committed 11936K, reserved 1048576K
}
Event: 2845.143 GC heap before
{Heap before GC invocations=55 (full 22):
 PSYoungGen      total 98304K, used 2385K [0x00000000f5580000, 0x00000000fc400000, 0x0000000100000000)
  eden space 85504K, 2% used [0x00000000f5580000,0x00000000f57d4660,0x00000000fa900000)
  from space 12800K, 0% used [0x00000000fb780000,0x00000000fb780000,0x00000000fc400000)
  to   space 13824K, 0% used [0x00000000fa900000,0x00000000fa900000,0x00000000fb680000)
 ParOldGen       total 116736K, used 47316K [0x00000000e0000000, 0x00000000e7200000, 0x00000000f5580000)
  object space 116736K, 40% used [0x00000000e0000000,0x00000000e2e351b8,0x00000000e7200000)
 Metaspace       used 79738K, capacity 85896K, committed 86168K, reserved 1124352K
  class space    used 9828K, capacity 11888K, committed 11936K, reserved 1048576K
Event: 2845.146 GC heap after
Heap after GC invocations=55 (full 22):
 PSYoungGen      total 86016K, used 224K [0x00000000f5580000, 0x00000000fc300000, 0x0000000100000000)
  eden space 85504K, 0% used [0x00000000f5580000,0x00000000f5580000,0x00000000fa900000)
  from space 512K, 43% used [0x00000000fa900000,0x00000000fa938000,0x00000000fa980000)
  to   space 13312K, 0% used [0x00000000fb600000,0x00000000fb600000,0x00000000fc300000)
 ParOldGen       total 116736K, used 47316K [0x00000000e0000000, 0x00000000e7200000, 0x00000000f5580000)
  object space 116736K, 40% used [0x00000000e0000000,0x00000000e2e351b8,0x00000000e7200000)
 Metaspace       used 79738K, capacity 85896K, committed 86168K, reserved 1124352K
  class space    used 9828K, capacity 11888K, committed 11936K, reserved 1048576K
}
Event: 2845.146 GC heap before
{Heap before GC invocations=56 (full 23):
 PSYoungGen      total 86016K, used 224K [0x00000000f5580000, 0x00000000fc300000, 0x0000000100000000)
  eden space 85504K, 0% used [0x00000000f5580000,0x00000000f5580000,0x00000000fa900000)
  from space 512K, 43% used [0x00000000fa900000,0x00000000fa938000,0x00000000fa980000)
  to   space 13312K, 0% used [0x00000000fb600000,0x00000000fb600000,0x00000000fc300000)
 ParOldGen       total 116736K, used 47316K [0x00000000e0000000, 0x00000000e7200000, 0x00000000f5580000)
  object space 116736K, 40% used [0x00000000e0000000,0x00000000e2e351b8,0x00000000e7200000)
 Metaspace       used 79738K, capacity 85896K, committed 86168K, reserved 1124352K
  class space    used 9828K, capacity 11888K, committed 11936K, reserved 1048576K
Event: 2845.232 GC heap after
Heap after GC invocations=56 (full 23):
 PSYoungGen      total 86016K, used 0K [0x00000000f5580000, 0x00000000fc300000, 0x0000000100000000)
  eden space 85504K, 0% used [0x00000000f5580000,0x00000000f5580000,0x00000000fa900000)
  from space 512K, 0% used [0x00000000fa900000,0x00000000fa900000,0x00000000fa980000)
  to   space 13312K, 0% used [0x00000000fb600000,0x00000000fb600000,0x00000000fc300000)
 ParOldGen       total 116736K, used 47316K [0x00000000e0000000, 0x00000000e7200000, 0x00000000f5580000)
  object space 116736K, 40% used [0x00000000e0000000,0x00000000e2e351b8,0x00000000e7200000)
 Metaspace       used 79738K, capacity 85896K, committed 86168K, reserved 1124352K
  class space    used 9828K, capacity 11888K, committed 11936K, reserved 1048576K
}

Deoptimization events (10 events):
Event: 2904.868 Thread 0x000000001794b800 Uncommon trap: reason=unstable_if action=reinterpret pc=0x00000000031881c4 method=org.eclipse.equinox.internal.event.EventHandlerTracker.getHandlers(Ljava/lang/String;)Ljava/util/Set; @ 28
Event: 2904.868 Thread 0x000000001794b800 Uncommon trap: reason=class_check action=maybe_recompile pc=0x0000000004810fec method=org.eclipse.e4.core.internal.contexts.TrackableComputationExt.update(Lorg/eclipse/e4/core/internal/contexts/ContextChangeEvent;)Z @ 62
Event: 2904.868 Thread 0x000000001794b800 Uncommon trap: reason=class_check action=maybe_recompile pc=0x000000000484fff8 method=org.eclipse.e4.core.internal.contexts.ContextObjectSupplier$ContextInjectionListener.update(Lorg/eclipse/e4/core/contexts/IEclipseContext;I[Ljava/lang/Object;)Z @ 173
Event: 2904.868 Thread 0x000000001794b800 Uncommon trap: reason=class_check action=maybe_recompile pc=0x0000000004810fec method=org.eclipse.e4.core.internal.contexts.TrackableComputationExt.update(Lorg/eclipse/e4/core/internal/contexts/ContextChangeEvent;)Z @ 62
Event: 2904.868 Thread 0x000000001794b800 Uncommon trap: reason=class_check action=maybe_recompile pc=0x000000000484fff8 method=org.eclipse.e4.core.internal.contexts.ContextObjectSupplier$ContextInjectionListener.update(Lorg/eclipse/e4/core/contexts/IEclipseContext;I[Ljava/lang/Object;)Z @ 173
Event: 2904.895 Thread 0x000000001dc05800 Uncommon trap: reason=unstable_if action=reinterpret pc=0x000000000260d924 method=sun.nio.cs.SingleByte$Encoder.encode(C)I @ 13
Event: 2904.914 Thread 0x000000001794b800 Uncommon trap: reason=predicate action=maybe_recompile pc=0x0000000002dedeb0 method=java.io.OutputStream.write([BII)V @ 62
Event: 2904.940 Thread 0x000000001794b800 Uncommon trap: reason=unstable_if action=reinterpret pc=0x00000000032117a4 method=org.eclipse.swt.graphics.Resource.dispose()V @ 15
Event: 2904.957 Thread 0x000000001794b800 Uncommon trap: reason=unstable_if action=reinterpret pc=0x00000000025eb7b4 method=org.eclipse.osgi.internal.hooks.EclipseLazyStarter.shouldActivateFor(Ljava/lang/String;Lorg/eclipse/osgi/container/Module;Lorg/eclipse/osgi/container/ModuleRevision;Lorg/ecli±FJM²¦@
Event: 2905.003 Thread 0x0000000016ab2000 Uncommon trap: reason=unstable_if action=reinterpret pc=0x000000000338ebf0 method=org.eclipse.osgi.internal.framework.BundleContextImpl.dispatchEvent(Ljava/lang/Object;Ljava/lang/Object;ILjava/lang/Object;)V @ 16

Internal exceptions (10 events):
Event: 2001.616 Thread 0x0000000002338000 Implicit null exception at 0x0000000002d2cf74 to 0x0000000002d2d011
Event: 2862.339 Thread 0x0000000002338000 Implicit null exception at 0x0000000004669401 to 0x00000000046698fd
Event: 2901.243 Thread 0x0000000002338000 Exception <a 'java/lang/NullPointerException'> (0x00000000f681dcb0) thrown at [C:\re\workspace\8-2-build-windows-amd64-cygwin\jdk8u66\5298\hotspot\src\share\vm\interpreter\linkResolver.cpp, line 1280]
Event: 2903.950 Thread 0x0000000002338000 Implicit null exception at 0x0000000002d2d3a1 to 0x0000000002d2d581
Event: 2904.860 Thread 0x0000000002338000 Implicit null exception at 0x0000000002a98a8a to 0x0000000002a9b2d1
Event: 2904.894 Thread 0x0000000019e6e800 Exception <a 'java/lang/InterruptedException'> (0x00000000f86f8090) thrown at [C:\re\workspace\8-2-build-windows-amd64-cygwin\jdk8u66\5298\hotspot\src\share\vm\runtime\objectMonitor.cpp, line 1683]
Event: 2905.002 Thread 0x0000000017949800 Exception <a 'java/lang/InterruptedException'> (0x00000000f8047ea0) thrown at [C:\re\workspace\8-2-build-windows-amd64-cygwin\jdk8u66\5298\hotspot\src\share\vm\runtime\objectMonitor.cpp, line 1683]
Event: 2905.021 Thread 0x0000000016ab2000 Exception <a 'java/lang/InterruptedException'> (0x00000000f8a094e8) thrown at [C:\re\workspace\8-2-build-windows-amd64-cygwin\jdk8u66\5298\hotspot\src\share\vm\runtime\objectMonitor.cpp, line 1683]
Event: 2905.025 Thread 0x000000001794a000 Exception <a 'java/lang/InterruptedException'> (0x00000000f755f2a8) thrown at [C:\re\workspace\8-2-build-windows-amd64-cygwin\jdk8u66\5298\hotspot\src\share\vm\runtime\objectMonitor.cpp, line 1683]
Event: 2905.026 Thread 0x00000000178d9000 Exception <a 'java/lang/InterruptedException'> (0x00000000f8bdbdb8) thrown at [C:\re\workspace\8-2-build-windows-amd64-cygwin\jdk8u66\5298\hotspot\src\share\vm\runtime\objectMonitor.cpp, line 1683]

Events (10 events):
Event: 2905.026 Thread 0x00000000178d9000 Thread exited: 0x00000000178d9000
Event: 2905.028 Thread 0x000000001794b800 Thread exited: 0x000000001794b800
Event: 2905.028 loading class java/util/IdentityHashMap$KeyIterator
Event: 2905.028 loading class java/util/IdentityHashMap$IdentityHashMapIterator
Event: 2905.028 loading class java/util/IdentityHashMap$IdentityHashMapIterator done
Event: 2905.028 loading class java/util/IdentityHashMap$KeyIterator done
Event: 2905.028 Thread 0x000000001794b800 Thread added: 0x000000001794b800
Event: 2905.028 Thread 0x000000001794b800 Thread exited: 0x000000001794b800
Event: 2905.028 Thread 0x0000000014efb000 flushing nmethod 0x0000000004673750
Event: 2905.029 Executing VM operation: Exit


Dynamic libraries:
0x0000000000400000 - 0x000000000044f000 	C:\Xilinx\SDK\2016.2\eclipse\win64.o\eclipse.exe
0x0000000077730000 - 0x00000000778da000 	C:\Windows\SYSTEM32\ntdll.dll
0x0000000077610000 - 0x000000007772f000 	C:\Windows\system32\kernel32.dll
0x000007fefd5c0000 - 0x000007fefd62a000 	C:\Windows\system32\KERNELBASE.dll
0x0000000077510000 - 0x000000007760a000 	C:\Windows\system32\USER32.dll
0x000007feff3f0000 - 0x000007feff457000 	C:\Windows\system32\GDI32.dll
0x000007feff5f0000 - 0x000007feff5fe000 	C:\Windows\system32\LPK.dll
0x000007fefe1e0000 - 0x000007fefe2aa000 	C:\Windows\system32\USP10.dll
0x000007fefdba0000 - 0x000007fefdc3f000 	C:\Windows\system32\msvcrt.dll
0x000007fefbd80000 - 0x000007fefbf74000 	C:\Windows\WinSxS\amd64_microsoft.windows.common-controls_6595b64144ccf1df_6.0.7601.18837_none_fa3b1e3d17594757\COMCTL32.dll
0x000007fefe2b0000 - 0x000007fefe321000 	C:\Windows\system32\SHLWAPI.dll
0x000007fefdb70000 - 0x000007fefdb9e000 	C:\Windows\system32\IMM32.DLL
0x000007feff4e0000 - 0x000007feff5e9000 	C:\Windows\system32\MSCTF.dll
0x0000000072000000 - 0x0000000072012000 	C:\Xilinx\SDK\2016.2\eclipse\win64.o\plugins\org.eclipse.equinox.launcher.win32.win32.x86_64_1.1.300.v20150602-1417\eclipse_1611.dll
0x000007fefdd20000 - 0x000007fefddfb000 	C:\Windows\system32\ADVAPI32.dll
0x000007fefe120000 - 0x000007fefe13f000 	C:\Windows\SYSTEM32\sechost.dll
0x000007fefda40000 - 0x000007fefdb6d000 	C:\Windows\system32\RPCRT4.dll
0x000007fefc500000 - 0x000007fefc50c000 	C:\Windows\system32\VERSION.dll
0x000007fefbd20000 - 0x000007fefbd76000 	C:\Windows\system32\UxTheme.dll
0x0000000070430000 - 0x0000000070cb9000 	C:\Xilinx\SDK\2016.2\tps\win64\jre\bin\server\jvm.dll
0x000007fefa200000 - 0x000007fefa209000 	C:\Windows\system32\WSOCK32.dll
0x000007fefde00000 - 0x000007fefde4d000 	C:\Windows\system32\WS2_32.dll
0x000007feff7e0000 - 0x000007feff7e8000 	C:\Windows\system32\NSI.dll
0x000007fefa240000 - 0x000007fefa27b000 	C:\Windows\system32\WINMM.dll
0x00000000778f0000 - 0x00000000778f7000 	C:\Windows\system32\PSAPI.DLL
0x0000000072fe0000 - 0x00000000730b2000 	C:\Windows\system32\MSVCR100.dll
0x0000000074370000 - 0x000000007437f000 	C:\Xilinx\SDK\2016.2\tps\win64\jre\bin\verify.dll
0x0000000073470000 - 0x0000000073499000 	C:\Xilinx\SDK\2016.2\tps\win64\jre\bin\java.dll
0x00000000734c0000 - 0x00000000734d6000 	C:\Xilinx\SDK\2016.2\tps\win64\jre\bin\zip.dll
0x000007fefe660000 - 0x000007feff3e9000 	C:\Windows\system32\SHELL32.dll
0x000007fefd830000 - 0x000007fefda33000 	C:\Windows\system32\ole32.dll
0x000007fefd480000 - 0x000007fefd48f000 	C:\Windows\system32\profapi.dll
0x000007fefcc70000 - 0x000007fefcc88000 	C:\Windows\system32\CRYPTSP.dll
0x000007fefc970000 - 0x000007fefc9b7000 	C:\Windows\system32\rsaenh.dll
0x000007fefd630000 - 0x000007fefd64e000 	C:\Windows\system32\USERENV.dll
0x000007fefd2d0000 - 0x000007fefd2df000 	C:\Windows\system32\CRYPTBASE.dll
0x0000000073450000 - 0x000000007346a000 	C:\Xilinx\SDK\2016.2\tps\win64\jre\bin\net.dll
0x000007fefcc10000 - 0x000007fefcc65000 	C:\Windows\system32\mswsock.dll
0x000007fefcc00000 - 0x000007fefcc07000 	C:\Windows\System32\wship6.dll
0x000007fef9c30000 - 0x000007fef9c57000 	C:\Windows\system32\IPHLPAPI.DLL
0x000007fef9c20000 - 0x000007fef9c2b000 	C:\Windows\system32\WINNSI.DLL
0x000007fefaae0000 - 0x000007fefaaf1000 	C:\Windows\system32\dhcpcsvc6.DLL
0x000007fefaac0000 - 0x000007fefaad8000 	C:\Windows\system32\dhcpcsvc.DLL
0x0000000073430000 - 0x0000000073441000 	C:\Xilinx\SDK\2016.2\tps\win64\jre\bin\nio.dll
0x000007fef9ff0000 - 0x000007fefa005000 	C:\Windows\system32\NLAapi.dll
0x000007fefa3b0000 - 0x000007fefa3c5000 	C:\Windows\system32\napinsp.dll
0x000007fefa370000 - 0x000007fefa389000 	C:\Windows\system32\pnrpnsp.dll
0x000007fefca90000 - 0x000007fefcaeb000 	C:\Windows\system32\DNSAPI.dll
0x000007fefa3a0000 - 0x000007fefa3ab000 	C:\Windows\System32\winrnr.dll
0x000007fefc5d0000 - 0x000007fefc5d7000 	C:\Windows\System32\wshtcpip.dll
0x000007fefa4b0000 - 0x000007fefa4b8000 	C:\Windows\system32\rasadhlp.dll
0x000007fefac90000 - 0x000007feface3000 	C:\Windows\System32\fwpuclnt.dll
0x0000000018630000 - 0x00000000186d8000 	C:\Users\dezfoul2\.Xilinx\SDK\2016.2\org.eclipse.osgi\312\0\.cp\swt-win32-4527.dll
0x000007fefdc40000 - 0x000007fefdd18000 	C:\Windows\system32\OLEAUT32.dll
0x000007feff980000 - 0x000007feffa17000 	C:\Windows\system32\comdlg32.dll
0x000007fef6b00000 - 0x000007fef6b71000 	C:\Windows\system32\WINSPOOL.DRV
0x000007fefe330000 - 0x000007fefe5f5000 	C:\Windows\system32\WININET.dll
0x000007fefd510000 - 0x000007fefd514000 	C:\Windows\system32\api-ms-win-downlevel-user32-l1-1-0.dll
0x000007fefd7d0000 - 0x000007fefd7d4000 	C:\Windows\system32\api-ms-win-downlevel-shlwapi-l1-1-0.dll
0x000007fefd7c0000 - 0x000007fefd7c4000 	C:\Windows\system32\api-ms-win-downlevel-version-l1-1-0.dll
0x000007fefd7e0000 - 0x000007fefd7e3000 	C:\Windows\system32\api-ms-win-downlevel-normaliz-l1-1-0.dll
0x0000000077900000 - 0x0000000077903000 	C:\Windows\system32\normaliz.DLL
0x000007fefde50000 - 0x000007fefe119000 	C:\Windows\system32\iertutil.dll
0x000007fefd4b0000 - 0x000007fefd4b5000 	C:\Windows\system32\api-ms-win-downlevel-advapi32-l1-1-0.dll
0x000007fefd650000 - 0x000007fefd7bd000 	C:\Windows\system32\CRYPT32.dll
0x000007fefd470000 - 0x000007fefd47f000 	C:\Windows\system32\MSASN1.dll
0x000007fefb7f0000 - 0x000007fefb91c000 	C:\Windows\system32\propsys.dll
0x000007fefe140000 - 0x000007fefe1d9000 	C:\Windows\system32\CLBCatQ.DLL
0x00000000005a0000 - 0x00000000005be000 	C:\Users\dezfoul2\.Xilinx\SDK\2016.2\org.eclipse.osgi\312\0\.cp\swt-gdip-win32-4527.dll
0x000007fefbb00000 - 0x000007fefbd16000 	C:\Windows\WinSxS\amd64_microsoft.windows.gdiplus_6595b64144ccf1df_1.1.7601.23508_none_145555328b95eaaa\gdiplus.dll
0x000007fefb620000 - 0x000007fefb781000 	C:\Windows\system32\WindowsCodecs.dll
0x0000000180000000 - 0x0000000180012000 	C:\Users\dezfoul2\.Xilinx\SDK\2016.2\org.eclipse.osgi\126\0\.cp\os\win32\x86_64\localfile_1_0_0.dll
0x000007fef4ba0000 - 0x000007fef4bf4000 	C:\Windows\system32\oleacc.dll
0x000007fef9dd0000 - 0x000007fef9dd7000 	C:\Windows\system32\msimg32.dll
0x000007fefd3c0000 - 0x000007fefd3d4000 	C:\Windows\system32\RpcRtRemote.dll
0x000007fefd270000 - 0x000007fefd2c7000 	C:\Windows\system32\apphelp.dll
0x000007fefac60000 - 0x000007fefac71000 	C:\Users\dezfoul2\.Xilinx\SDK\2016.2\org.eclipse.osgi\129\0\.cp\jWinHttp-1.0.0.dll
0x000007fef9760000 - 0x000007fef97d1000 	C:\Windows\system32\WINHTTP.dll
0x000007fef96f0000 - 0x000007fef9754000 	C:\Windows\system32\webio.dll
0x000007fefd240000 - 0x000007fefd265000 	C:\Windows\system32\SspiCli.dll
0x000007fefc860000 - 0x000007fefc86a000 	C:\Windows\system32\credssp.dll
0x000007fefd4c0000 - 0x000007fefd4f6000 	C:\Windows\system32\CFGMGR32.dll
0x000007fefa5a0000 - 0x000007fefa5af000 	C:\Xilinx\SDK\2016.2\lib\win64.o\librdi_repo_manager.dll
0x000007fef8eb0000 - 0x000007fef8eda000 	C:\Xilinx\SDK\2016.2\lib\win64.o\libisl_sysinfo.dll
0x000007feec4a0000 - 0x000007feec574000 	C:\Windows\system32\MSVCR110.dll
0x000007feec370000 - 0x000007feec417000 	C:\Windows\system32\MSVCP110.dll
0x000007febb7d0000 - 0x000007febc210000 	C:\Xilinx\SDK\2016.2\lib\win64.o\librdi_common.dll
0x000007febc8e0000 - 0x000007febcc4e000 	C:\Xilinx\SDK\2016.2\lib\win64.o\libCOIN-all.dll
0x000007feeb1c0000 - 0x000007feeb3df000 	C:\Xilinx\SDK\2016.2\lib\win64.o\libXil_lmgr11.dll
0x000007fefb4e0000 - 0x000007fefb4f6000 	C:\Windows\system32\NETAPI32.dll
0x000007fefc8a0000 - 0x000007fefc8ac000 	C:\Windows\system32\netutils.dll
0x000007fefce80000 - 0x000007fefcea3000 	C:\Windows\system32\srvcli.dll
0x000007fefb4c0000 - 0x000007fefb4d5000 	C:\Windows\system32\wkscli.dll
0x000007fefd7f0000 - 0x000007fefd82b000 	C:\Windows\system32\WINTRUST.dll
0x000007fefa4c0000 - 0x000007fefa4d0000 	C:\Xilinx\SDK\2016.2\lib\win64.o\libboost_date_time.dll
0x000007fef8e80000 - 0x000007fef8ea4000 	C:\Xilinx\SDK\2016.2\lib\win64.o\libboost_filesystem.dll
0x000007fef8e70000 - 0x000007fef8e79000 	C:\Xilinx\SDK\2016.2\lib\win64.o\libboost_system.dll
0x000007fef4600000 - 0x000007fef4677000 	C:\Xilinx\SDK\2016.2\lib\win64.o\libboost_program_options.dll
0x000007fef44f0000 - 0x000007fef45f6000 	C:\Xilinx\SDK\2016.2\lib\win64.o\libboost_regex.dll
0x000007fef8e50000 - 0x000007fef8e63000 	C:\Xilinx\SDK\2016.2\lib\win64.o\libboost_signals.dll
0x000007fef47f0000 - 0x000007fef480d000 	C:\Xilinx\SDK\2016.2\lib\win64.o\libboost_thread.dll
0x000007fef8e40000 - 0x000007fef8e4b000 	C:\Xilinx\SDK\2016.2\lib\win64.o\libboost_chrono.dll
0x000007fef4f30000 - 0x000007fef4f3b000 	C:\Xilinx\SDK\2016.2\lib\win64.o\libboost_xilinx.dll
0x000007fef4470000 - 0x000007fef44f0000 	C:\Xilinx\SDK\2016.2\lib\win64.o\libhdlpsolve.dll
0x000007fef43d0000 - 0x000007fef446a000 	C:\Xilinx\SDK\2016.2\lib\win64.o\libhdxml.dll
0x000007febc470000 - 0x000007febc8d5e00 	C:\Xilinx\SDK\2016.2\lib\win64.o\libisl_iostreams.dll
0x000007fef47d0000 - 0x000007fef47e6000 	C:\Xilinx\SDK\2016.2\lib\win64.o\libboost_iostreams.dll
0x000007fef43a0000 - 0x000007fef43c3000 	C:\Xilinx\SDK\2016.2\lib\win64.o\librdizlib.dll
0x000007fef4370000 - 0x000007fef4393000 	C:\Xilinx\SDK\2016.2\lib\win64.o\libisl_iosutils.dll
0x000007fef47b0000 - 0x000007fef47c5000 	C:\Xilinx\SDK\2016.2\lib\win64.o\pthreadVC2.dll
0x000007fef4090000 - 0x000007fef40e4000 	C:\Xilinx\SDK\2016.2\lib\win64.o\librdi_commonxillic.dll
0x000007fee1ab0000 - 0x000007fee1be0000 	C:\Xilinx\SDK\2016.2\lib\win64.o\librdi_curl.dll
0x000007fef4750000 - 0x000007fef4768000 	C:\Xilinx\SDK\2016.2\lib\win64.o\librdiconfig.dll
0x0000000073300000 - 0x0000000073427000 	C:\Xilinx\SDK\2016.2\lib\win64.o\tcl85t.dll
0x0000000026fe0000 - 0x0000000027243000 	C:\Xilinx\SDK\2016.2\lib\win64.o\xerces-c_3_1.dll
0x000007feff7f0000 - 0x000007feff976000 	C:\Windows\system32\urlmon.dll
0x000007fefd500000 - 0x000007fefd504000 	C:\Windows\system32\api-ms-win-downlevel-ole32-l1-1-0.dll
0x000007feee7a0000 - 0x000007feee7c3000 	C:\Windows\system32\VCOMP110.DLL
0x000007febc270000 - 0x000007febc462000 	C:\Xilinx\SDK\2016.2\lib\win64.o\librdi_hsm.dll
0x000007fef4320000 - 0x000007fef4363000 	C:\Xilinx\SDK\2016.2\lib\win64.o\librdi_hdf.dll
0x000007febb540000 - 0x000007febb7c1000 	C:\Xilinx\SDK\2016.2\lib\win64.o\librdi_ippcw.dll
0x000007fef4070000 - 0x000007fef4086000 	C:\Xilinx\SDK\2016.2\eclipse\win64.o\plugins\org.eclipse.cdt.core.win32.x86_64_5.4.0.201509131935\os\win32\x86_64\spawner.dll
0x000007fef4ed0000 - 0x000007fef4eda000 	C:\Xilinx\SDK\2016.2\lib\win64.o\librdi_jtag_settings.dll
0x000007fef3f30000 - 0x000007fef3f59000 	C:\Xilinx\SDK\2016.2\lib\win64.o\librdi_debug_dialog.dll
0x000007fef4710000 - 0x000007fef4718000 	C:\Xilinx\SDK\2016.2\lib\win64.o\librdi_target_manager.dll
0x0000000071080000 - 0x00000000710a6000 	C:\Xilinx\SDK\2016.2\eclipse\win64.o\plugins\gnu.io.rxtx.win32.x86_64_2.1.7.3_v20071015\os\win32\x86_64\rxtxSerial.dll
0x000007feb64d0000 - 0x000007feb6ce0000 	C:\Xilinx\SDK\2016.2\lib\win64.o\libXil_lmgr11FNP.dll
0x000007fef6e50000 - 0x000007fef6e5b000 	C:\Windows\system32\snmpapi.dll

VM Arguments:
jvm_args: -Dcom.xilinx.sdk.args.hwspec=W:/ece532/src/hdmi.sdk/hdmi_wrapper.hdf -Xms64m -Xmx512m & 
java_command: <unknown>
java_class_path (initial): C:\Xilinx\SDK\2016.2\eclipse\win64.o\\plugins/org.eclipse.equinox.launcher_1.3.100.v20150511-1540.jar
Launcher Type: generic

Environment Variables:
PATH=C:/Xilinx/SDK/2016.2/tps/win64/jre/bin/server;C:/Xilinx/SDK/2016.2/tps/win64/jre/bin;C:/Xilinx/SDK/2016.2/tps/win64/jre/lib/amd64;C:\Xilinx\SDK\2016.2\gnuwin\bin;C:\Xilinx\SDK\2016.2\gnu\microblaze\nt\bin;C:\Xilinx\SDK\2016.2\gnu\microblaze\linux_toolchain\nt64_le\bin;C:\Xilinx\SDK\2016.2\gnu\microblaze\linux_toolchain\nt64_be\bin;C:\Xilinx\SDK\2016.2\gnu\arm\nt\bin;C:\Xilinx\SDK\2016.2\gnu\aarch64\nt\aarch64-none\bin;C:\Xilinx\SDK\2016.2\gnu\aarch64\nt\aarch64-linux\bin;C:\Xilinx\SDK\2016.2\gnu\armr5\nt\gcc-arm-none-eabi\bin;C:\Xilinx\SDK\2016.2\gnu\aarch32\nt\gcc-arm-none-eabi\bin;C:\Xilinx\SDK\2016.2\gnu\aarch32\nt\gcc-arm-linux-gnueabi\bin;C:\Xilinx\SDK\2016.2\tps\win64\cmake-3.3.2\bin;;C:\Xilinx\SDK\2016.2\bin;C:\Xilinx\SDK\2016.2\lib\win64.o;C:\Xilinx\SDK\2016.2\tps\win64\jre\bin\server;C:\Xilinx\SDK\2016.2\tps\win64\jre\bin;C:\Xilinx\Vivado\2016.2\ids_lite\ISE\bin\nt64;C:\Xilinx\Vivado\2016.2\ids_lite\ISE\lib\nt64;C:\Xilinx\Vivado\2016.2\bin;C:\Xilinx\Vivado\2016.2\lib\win64.o;C:\Xilinx\Vivado\2016.2\tps\win64\jre\bin\server;C:\Xilinx\Vivado\2016.2\tps\win64\jre\bin;C:\Xilinx\Vivado_HLS\2016.2\bin;C:\Users\dezfoul2\bin;W:\Git\Git\mingw64\bin;W:\Git\Git\usr\local\bin;W:\Git\Git\usr\bin;C:\Windows\system32;C:\Windows;C:\Windows\System32\Wbem;C:\Windows\System32\WindowsPowerShell\v1.0;C:\Program Files (x86)\Java\jre6\bin;C:\Program Files (x86)\eclipse;C:\altera\16.0\quartus\bin64;C:\altera\16.0\quartus\bin64\jre64\bin;W:\Git\Git\usr\bin\vendor_perl;W:\Git\Git\usr\bin\core_perl;W:\ece532\src;
USERNAME=dezfoul2
SHELL=W:\Git\Git\usr\bin\bash.exe
DISPLAY=needs-to-be-defined
OS=Windows_NT
PROCESSOR_IDENTIFIER=Intel64 Family 6 Model 60 Stepping 3, GenuineIntel



---------------  S Y S T E M  ---------------

OS: Windows 7 , 64 bit Build 7601 (6.1.7601.23418)

CPU:total 8 (4 cores per cpu, 2 threads per core) family 6 model 60 stepping 3, cmov, cx8, fxsr, mmx, sse, sse2, sse3, ssse3, sse4.1, sse4.2, popcnt, avx, avx2, aes, clmul, erms, lzcnt, ht, tsc, tscinvbit, bmi1, bmi2

Memory: 4k page, physical 16683160k(9795080k free), swap 33364460k(25948280k free)

vm_info: Java HotSpot(TM) 64-Bit Server VM (25.66-b18) for windows-amd64 JRE (1.8.0_66-b18), built on Nov  9 2015 10:51:13 by "java_re" with MS VC++ 10.0 (VS2010)

time: Tue Mar 21 20:32:18 2017
elapsed time: 2905 seconds (0d 0h 48m 25s)

