#
# A fatal error has been detected by the Java Runtime Environment:
#
#  EXCEPTION_UNCAUGHT_CXX_EXCEPTION (0xe06d7363) at pc=0x000007fefda1a06d, pid=2040, tid=5620
#
# JRE version: Java(TM) SE Runtime Environment (8.0_66-b18) (build 1.8.0_66-b18)
# Java VM: Java HotSpot(TM) 64-Bit Server VM (25.66-b18 mixed mode windows-amd64 compressed oops)
# Problematic frame:
# C  [KERNELBASE.dll+0x1a06d]
#
# Failed to write core dump. Minidumps are not enabled by default on client versions of Windows
#
# If you would like to submit a bug report, please visit:
#   http://bugreport.java.com/bugreport/crash.jsp
#

---------------  T H R E A D  ---------------

Current thread (0x0000000014e92800):  VMThread [stack: 0x0000000015de0000,0x0000000015ee0000] [id=5620]

siginfo: ExceptionCode=0xe06d7363, ExceptionInformation=0x0000000019930520 0x0000000015edf6c8 0x000007feec432cb8 0x000007feec380000 

Registers:
RAX=0x0000000061458b8a, RBX=0x000007feec432cb8, RCX=0x0000000015edef10, RDX=0x00000000000000d0
RSP=0x0000000015edf520, RBP=0x0000000015edf650, RSI=0x00000000ffffffff, RDI=0x00000000174a97a0
R8 =0x0000000000000000, R9 =0x0000000000000000, R10=0x000007feec380000, R11=0x0000000015edf560
R12=0x0000000000000001, R13=0x0000000000000008, R14=0x0000000000000000, R15=0xffffffffffffffff
RIP=0x000007fefda1a06d, EFLAGS=0x0000000000000202

Top of Stack: (sp=0x0000000015edf520)
0x0000000015edf520:   000007feec432cb8 00000000ffffffff
0x0000000015edf530:   00000000174a97a0 0000000000213200
0x0000000015edf540:   00000001e06d7363 0000000000000000
0x0000000015edf550:   000007fefda1a06d 000007fe00000004
0x0000000015edf560:   0000000019930520 0000000015edf6c8
0x0000000015edf570:   000007feec432cb8 000007feec380000
0x0000000015edf580:   0000000000000000 0000000015edf608
0x0000000015edf590:   0000000000000028 00000000174a9790
0x0000000015edf5a0:   00000000174ca3b0 0000000000000000
0x0000000015edf5b0:   000007fffffa6000 0000000077b3f2d3
0x0000000015edf5c0:   0000000000000000 0000000000000008
0x0000000015edf5d0:   0000000000000001 00000000174a97a0
0x0000000015edf5e0:   00000000ffffffff 000007feec3de92c
0x0000000015edf5f0:   000007feec432cb8 0000000015edf660
0x0000000015edf600:   0000000000000001 000007feec3800f8
0x0000000015edf610:   00000001e06d7363 0000000000000000 

Instructions: (pc=0x000007fefda1a06d)
0x000007fefda1a04d:   54 24 24 48 89 4c 24 28 4d 85 c9 0f 85 6a 03 00
0x000007fefda1a05d:   00 89 4c 24 38 48 8d 4c 24 20 ff 15 33 02 03 00
0x000007fefda1a06d:   48 81 c4 c8 00 00 00 c3 90 90 90 90 90 90 90 90
0x000007fefda1a07d:   90 90 90 48 83 ec 28 65 48 8b 04 25 30 00 00 00 


Register to memory mapping:

RAX=0x0000000061458b8a is an unknown value
RBX=0x000007feec432cb8 is an unknown value
RCX=0x0000000015edef10 is an unknown value
RDX=0x00000000000000d0 is an unknown value
RSP=0x0000000015edf520 is an unknown value
RBP=0x0000000015edf650 is an unknown value
RSI=0x00000000ffffffff is an unallocated location in the heap
RDI=0x00000000174a97a0 is an unknown value
R8 =0x0000000000000000 is an unknown value
R9 =0x0000000000000000 is an unknown value
R10=0x000007feec380000 is an unknown value
R11=0x0000000015edf560 is an unknown value
R12=0x0000000000000001 is an unknown value
R13=0x0000000000000008 is an unknown value
R14=0x0000000000000000 is an unknown value
R15=0xffffffffffffffff is an unknown value


Stack: [0x0000000015de0000,0x0000000015ee0000],  sp=0x0000000015edf520,  free space=1021k
Native frames: (J=compiled Java code, j=interpreted, Vv=VM code, C=native code)
C  [KERNELBASE.dll+0x1a06d]
C  [MSVCR110.dll+0x5e92c]
C  [MSVCR110.dll+0x1315c]
C  [MSVCR110.dll+0x136a9]
C  [MSVCR110.dll+0x13e9c]
C  [MSVCR110.dll+0x239e]
C  [MSVCR110.dll+0xaf9e]
C  [MSVCP110.dll+0x397b9]
C  [librdi_common.dll+0x182316]
C  [librdi_common.dll+0x180fab]
C  [librdi_target_manager.dll+0x2400]
C  [librdi_target_manager.dll+0x2682]
C  [ntdll.dll+0x229b1]
C  [ntdll.dll+0x227c0]
C  [MSVCR100.dll+0x20ccd]
V  [jvm.dll+0x210cc5]
V  [jvm.dll+0x249897]
V  [jvm.dll+0x248b36]
V  [jvm.dll+0x248fd1]
V  [jvm.dll+0x2491ee]
V  [jvm.dll+0x29a0fa]
C  [MSVCR100.dll+0x21d9f]
C  [MSVCR100.dll+0x21e3b]
C  [kernel32.dll+0x159bd]
C  [ntdll.dll+0x2a2e1]

VM_Operation (0x000000000012f4c0): Exit, mode: safepoint, requested by thread 0x00000000024c8000


---------------  P R O C E S S  ---------------

Java Threads: ( => current thread )
  0x000000001a16a800 JavaThread "pool-2-thread-1" [_thread_blocked, id=5656, stack(0x0000000029c50000,0x0000000029d50000)]
  0x000000001a168000 JavaThread "Thread-45" daemon [_thread_blocked, id=3912, stack(0x0000000029850000,0x0000000029950000)]
  0x0000000022486800 JavaThread "TCF Channel Transmitter" daemon [_thread_blocked, id=4868, stack(0x00000000282c0000,0x00000000283c0000)]
  0x0000000022487000 JavaThread "TCF Channel Receiver" daemon [_thread_in_native, id=4640, stack(0x0000000027690000,0x0000000027790000)]
  0x0000000022483800 JavaThread "Process monitor" daemon [_thread_in_native, id=4240, stack(0x0000000026000000,0x0000000026100000)]
  0x0000000022482800 JavaThread "Input Stream Monitor" daemon [_thread_blocked, id=4028, stack(0x0000000025f00000,0x0000000026000000)]
  0x0000000022482000 JavaThread "Output Stream Monitor" daemon [_thread_in_native, id=3448, stack(0x0000000025e00000,0x0000000025f00000)]
  0x0000000022481000 JavaThread "Output Stream Monitor" daemon [_thread_in_native, id=5768, stack(0x0000000025960000,0x0000000025a60000)]
  0x0000000022479800 JavaThread "TCF Locator DNS Lookup" daemon [_thread_blocked, id=4940, stack(0x0000000023c50000,0x0000000023d50000)]
  0x0000000022479000 JavaThread "TCF Locator Timer" daemon [_thread_blocked, id=5752, stack(0x0000000023b50000,0x0000000023c50000)]
  0x00000000195d5000 JavaThread "TCF Locator Receiver" daemon [_thread_in_native, id=6108, stack(0x0000000023a50000,0x0000000023b50000)]
  0x00000000195d3800 JavaThread "TCF Timer Dispatcher" daemon [_thread_blocked, id=5744, stack(0x0000000023500000,0x0000000023600000)]
  0x00000000195ce800 JavaThread "EMF Reference Cleaner" daemon [_thread_blocked, id=4564, stack(0x000000001bb00000,0x000000001bc00000)]
  0x0000000014f82000 JavaThread "Service Thread" daemon [_thread_blocked, id=5904, stack(0x00000000167a0000,0x00000000168a0000)]
  0x0000000014f01000 JavaThread "C1 CompilerThread3" daemon [_thread_blocked, id=4228, stack(0x00000000166a0000,0x00000000167a0000)]
  0x0000000013d2f800 JavaThread "C2 CompilerThread2" daemon [_thread_blocked, id=6120, stack(0x00000000165a0000,0x00000000166a0000)]
  0x0000000014ef0800 JavaThread "C2 CompilerThread1" daemon [_thread_blocked, id=5536, stack(0x00000000164a0000,0x00000000165a0000)]
  0x0000000014ee9000 JavaThread "C2 CompilerThread0" daemon [_thread_blocked, id=4224, stack(0x00000000163a0000,0x00000000164a0000)]
  0x0000000014ee5000 JavaThread "Attach Listener" daemon [_thread_blocked, id=6136, stack(0x00000000162a0000,0x00000000163a0000)]
  0x0000000014ee4000 JavaThread "Signal Dispatcher" daemon [_thread_blocked, id=5128, stack(0x00000000161a0000,0x00000000162a0000)]
  0x0000000013d1e000 JavaThread "Finalizer" daemon [_thread_blocked, id=4316, stack(0x0000000015fe0000,0x00000000160e0000)]
  0x0000000013d17000 JavaThread "Reference Handler" daemon [_thread_blocked, id=4776, stack(0x0000000015ee0000,0x0000000015fe0000)]
  0x00000000024c8000 JavaThread "main" [_thread_blocked, id=2720, stack(0x0000000000030000,0x0000000000130000)]

Other Threads:
=>0x0000000014e92800 VMThread [stack: 0x0000000015de0000,0x0000000015ee0000] [id=5620]

VM state:at safepoint (shutting down)

VM Mutex/Monitor currently owned by a thread:  ([mutex/lock_event])
[0x000000000038e3b0] Threads_lock - owner thread: 0x0000000014e92800

Heap:
 PSYoungGen      total 148480K, used 36551K [0x00000000f5580000, 0x00000000fff80000, 0x0000000100000000)
  eden space 123392K, 29% used [0x00000000f5580000,0x00000000f7931d38,0x00000000fce00000)
  from space 25088K, 0% used [0x00000000fce00000,0x00000000fce00000,0x00000000fe680000)
  to   space 25088K, 0% used [0x00000000fe700000,0x00000000fe700000,0x00000000fff80000)
 ParOldGen       total 115712K, used 65747K [0x00000000e0000000, 0x00000000e7100000, 0x00000000f5580000)
  object space 115712K, 56% used [0x00000000e0000000,0x00000000e4034c38,0x00000000e7100000)
 Metaspace       used 90441K, capacity 98312K, committed 98648K, reserved 1134592K
  class space    used 11053K, capacity 13569K, committed 13696K, reserved 1048576K

Card table byte_map: [0x0000000011920000,0x0000000011a30000] byte_map_base: 0x0000000011220000

Marking Bits: (ParMarkBitMap*) 0x0000000070f3a5b0
 Begin Bits: [0x0000000012230000, 0x0000000012a30000)
 End Bits:   [0x0000000012a30000, 0x0000000013230000)

Polling page: 0x0000000000330000

CodeCache: size=245760Kb used=36994Kb max_used=37457Kb free=208765Kb
 bounds [0x0000000002560000, 0x0000000004a30000, 0x0000000011560000]
 total_blobs=10909 nmethods=9997 adapters=819
 compilation: enabled

Compilation events (10 events):
Event: 192.431 Thread 0x0000000014f01000 12766   !   3       org.eclipse.osgi.storage.BundleInfo$Generation::close (34 bytes)
Event: 192.431 Thread 0x0000000014f01000 nmethod 12766 0x0000000003470710 code [0x0000000003470880, 0x0000000003470ca8]
Event: 192.431 Thread 0x0000000013d2f800 nmethod 12765 0x0000000004142910 code [0x0000000004142a40, 0x0000000004142af8]
Event: 192.432 Thread 0x0000000014f01000 12767       3       org.eclipse.osgi.container.Module::holdsTransitionEventLock (25 bytes)
Event: 192.433 Thread 0x0000000014f01000 nmethod 12767 0x0000000002772810 code [0x00000000027729a0, 0x00000000027730c8]
Event: 192.433 Thread 0x0000000013d2f800 12777       4       org.eclipse.osgi.container.ModuleDatabase::readLock (11 bytes)
Event: 192.433 Thread 0x0000000014f01000 12768       3       org.eclipse.osgi.container.ModuleWiring::unload (6 bytes)
Event: 192.434 Thread 0x0000000014f01000 nmethod 12768 0x00000000040b8210 code [0x00000000040b8380, 0x00000000040b8508]
Event: 192.434 Thread 0x0000000013d2f800 nmethod 12777 0x00000000027acfd0 code [0x00000000027ad120, 0x00000000027ad1e8]
Event: 192.434 Thread 0x0000000014f01000 12769       3       org.eclipse.osgi.container.ModuleWiring::invalidate0 (52 bytes)

GC Heap History (10 events):
Event: 61.167 GC heap before
{Heap before GC invocations=18 (full 3):
 PSYoungGen      total 141824K, used 131132K [0x00000000f5580000, 0x00000000ffc80000, 0x0000000100000000)
  eden space 117760K, 100% used [0x00000000f5580000,0x00000000fc880000,0x00000000fc880000)
  from space 24064K, 55% used [0x00000000fe500000,0x00000000ff20f380,0x00000000ffc80000)
  to   space 26624K, 0% used [0x00000000fc880000,0x00000000fc880000,0x00000000fe280000)
 ParOldGen       total 115712K, used 82007K [0x00000000e0000000, 0x00000000e7100000, 0x00000000f5580000)
  object space 115712K, 70% used [0x00000000e0000000,0x00000000e5015fd8,0x00000000e7100000)
 Metaspace       used 84515K, capacity 91504K, committed 91608K, reserved 1128448K
  class space    used 10293K, capacity 12527K, committed 12544K, reserved 1048576K
Event: 61.175 GC heap after
Heap after GC invocations=18 (full 3):
 PSYoungGen      total 144384K, used 14393K [0x00000000f5580000, 0x0000000100000000, 0x0000000100000000)
  eden space 117760K, 0% used [0x00000000f5580000,0x00000000f5580000,0x00000000fc880000)
  from space 26624K, 54% used [0x00000000fc880000,0x00000000fd68e748,0x00000000fe280000)
  to   space 26112K, 0% used [0x00000000fe680000,0x00000000fe680000,0x0000000100000000)
 ParOldGen       total 115712K, used 82015K [0x00000000e0000000, 0x00000000e7100000, 0x00000000f5580000)
  object space 115712K, 70% used [0x00000000e0000000,0x00000000e5017fd8,0x00000000e7100000)
 Metaspace       used 84515K, capacity 91504K, committed 91608K, reserved 1128448K
  class space    used 10293K, capacity 12527K, committed 12544K, reserved 1048576K
}
Event: 70.320 GC heap before
{Heap before GC invocations=19 (full 3):
 PSYoungGen      total 144384K, used 48870K [0x00000000f5580000, 0x0000000100000000, 0x0000000100000000)
  eden space 117760K, 29% used [0x00000000f5580000,0x00000000f772b108,0x00000000fc880000)
  from space 26624K, 54% used [0x00000000fc880000,0x00000000fd68e748,0x00000000fe280000)
  to   space 26112K, 0% used [0x00000000fe680000,0x00000000fe680000,0x0000000100000000)
 ParOldGen       total 115712K, used 82015K [0x00000000e0000000, 0x00000000e7100000, 0x00000000f5580000)
  object space 115712K, 70% used [0x00000000e0000000,0x00000000e5017fd8,0x00000000e7100000)
 Metaspace       used 85557K, capacity 92704K, committed 92888K, reserved 1130496K
  class space    used 10429K, capacity 12736K, committed 12800K, reserved 1048576K
Event: 70.329 GC heap after
Heap after GC invocations=19 (full 3):
 PSYoungGen      total 148992K, used 13394K [0x00000000f5580000, 0x00000000fff80000, 0x0000000100000000)
  eden space 123392K, 0% used [0x00000000f5580000,0x00000000f5580000,0x00000000fce00000)
  from space 25600K, 52% used [0x00000000fe680000,0x00000000ff394930,0x00000000fff80000)
  to   space 25088K, 0% used [0x00000000fce00000,0x00000000fce00000,0x00000000fe680000)
 ParOldGen       total 115712K, used 82023K [0x00000000e0000000, 0x00000000e7100000, 0x00000000f5580000)
  object space 115712K, 70% used [0x00000000e0000000,0x00000000e5019fd8,0x00000000e7100000)
 Metaspace       used 85557K, capacity 92704K, committed 92888K, reserved 1130496K
  class space    used 10429K, capacity 12736K, committed 12800K, reserved 1048576K
}
Event: 70.329 GC heap before
{Heap before GC invocations=20 (full 4):
 PSYoungGen      total 148992K, used 13394K [0x00000000f5580000, 0x00000000fff80000, 0x0000000100000000)
  eden space 123392K, 0% used [0x00000000f5580000,0x00000000f5580000,0x00000000fce00000)
  from space 25600K, 52% used [0x00000000fe680000,0x00000000ff394930,0x00000000fff80000)
  to   space 25088K, 0% used [0x00000000fce00000,0x00000000fce00000,0x00000000fe680000)
 ParOldGen       total 115712K, used 82023K [0x00000000e0000000, 0x00000000e7100000, 0x00000000f5580000)
  object space 115712K, 70% used [0x00000000e0000000,0x00000000e5019fd8,0x00000000e7100000)
 Metaspace       used 85557K, capacity 92704K, committed 92888K, reserved 1130496K
  class space    used 10429K, capacity 12736K, committed 12800K, reserved 1048576K
Event: 70.540 GC heap after
Heap after GC invocations=20 (full 4):
 PSYoungGen      total 148992K, used 0K [0x00000000f5580000, 0x00000000fff80000, 0x0000000100000000)
  eden space 123392K, 0% used [0x00000000f5580000,0x00000000f5580000,0x00000000fce00000)
  from space 25600K, 0% used [0x00000000fe680000,0x00000000fe680000,0x00000000fff80000)
  to   space 25088K, 0% used [0x00000000fce00000,0x00000000fce00000,0x00000000fe680000)
 ParOldGen       total 115712K, used 62433K [0x00000000e0000000, 0x00000000e7100000, 0x00000000f5580000)
  object space 115712K, 53% used [0x00000000e0000000,0x00000000e3cf86e8,0x00000000e7100000)
 Metaspace       used 85557K, capacity 92704K, committed 92888K, reserved 1130496K
  class space    used 10429K, capacity 12736K, committed 12800K, reserved 1048576K
}
Event: 183.282 GC heap before
{Heap before GC invocations=21 (full 4):
 PSYoungGen      total 148992K, used 106348K [0x00000000f5580000, 0x00000000fff80000, 0x0000000100000000)
  eden space 123392K, 86% used [0x00000000f5580000,0x00000000fbd5b340,0x00000000fce00000)
  from space 25600K, 0% used [0x00000000fe680000,0x00000000fe680000,0x00000000fff80000)
  to   space 25088K, 0% used [0x00000000fce00000,0x00000000fce00000,0x00000000fe680000)
 ParOldGen       total 115712K, used 62433K [0x00000000e0000000, 0x00000000e7100000, 0x00000000f5580000)
  object space 115712K, 53% used [0x00000000e0000000,0x00000000e3cf86e8,0x00000000e7100000)
 Metaspace       used 89134K, capacity 96958K, committed 97112K, reserved 1132544K
  class space    used 10916K, capacity 13376K, committed 13440K, reserved 1048576K
Event: 183.288 GC heap after
Heap after GC invocations=21 (full 4):
 PSYoungGen      total 148480K, used 5220K [0x00000000f5580000, 0x00000000fff80000, 0x0000000100000000)
  eden space 123392K, 0% used [0x00000000f5580000,0x00000000f5580000,0x00000000fce00000)
  from space 25088K, 20% used [0x00000000fce00000,0x00000000fd319298,0x00000000fe680000)
  to   space 25088K, 0% used [0x00000000fe700000,0x00000000fe700000,0x00000000fff80000)
 ParOldGen       total 115712K, used 62441K [0x00000000e0000000, 0x00000000e7100000, 0x00000000f5580000)
  object space 115712K, 53% used [0x00000000e0000000,0x00000000e3cfa6e8,0x00000000e7100000)
 Metaspace       used 89134K, capacity 96958K, committed 97112K, reserved 1132544K
  class space    used 10916K, capacity 13376K, committed 13440K, reserved 1048576K
}
Event: 183.289 GC heap before
{Heap before GC invocations=22 (full 5):
 PSYoungGen      total 148480K, used 5220K [0x00000000f5580000, 0x00000000fff80000, 0x0000000100000000)
  eden space 123392K, 0% used [0x00000000f5580000,0x00000000f5580000,0x00000000fce00000)
  from space 25088K, 20% used [0x00000000fce00000,0x00000000fd319298,0x00000000fe680000)
  to   space 25088K, 0% used [0x00000000fe700000,0x00000000fe700000,0x00000000fff80000)
 ParOldGen       total 115712K, used 62441K [0x00000000e0000000, 0x00000000e7100000, 0x00000000f5580000)
  object space 115712K, 53% used [0x00000000e0000000,0x00000000e3cfa6e8,0x00000000e7100000)
 Metaspace       used 89134K, capacity 96958K, committed 97112K, reserved 1132544K
  class space    used 10916K, capacity 13376K, committed 13440K, reserved 1048576K
Event: 183.675 GC heap after
Heap after GC invocations=22 (full 5):
 PSYoungGen      total 148480K, used 0K [0x00000000f5580000, 0x00000000fff80000, 0x0000000100000000)
  eden space 123392K, 0% used [0x00000000f5580000,0x00000000f5580000,0x00000000fce00000)
  from space 25088K, 0% used [0x00000000fce00000,0x00000000fce00000,0x00000000fe680000)
  to   space 25088K, 0% used [0x00000000fe700000,0x00000000fe700000,0x00000000fff80000)
 ParOldGen       total 115712K, used 65747K [0x00000000e0000000, 0x00000000e7100000, 0x00000000f5580000)
  object space 115712K, 56% used [0x00000000e0000000,0x00000000e4034c38,0x00000000e7100000)
 Metaspace       used 89134K, capacity 96958K, committed 97112K, reserved 1132544K
  class space    used 10916K, capacity 13376K, committed 13440K, reserved 1048576K
}

Deoptimization events (10 events):
Event: 191.719 Thread 0x000000001a16b000 Uncommon trap: reason=class_check action=maybe_recompile pc=0x000000000497142c method=org.eclipse.e4.core.internal.contexts.ContextObjectSupplier$ContextInjectionListener.update(Lorg/eclipse/e4/core/contexts/IEclipseContext;I[Ljava/lang/Object;)Z @ 173
Event: 191.741 Thread 0x000000001a167800 Uncommon trap: reason=unstable_if action=reinterpret pc=0x00000000026e0f64 method=sun.nio.cs.SingleByte$Encoder.encode(C)I @ 13
Event: 191.741 Thread 0x000000001a167800 Uncommon trap: reason=unstable_if action=reinterpret pc=0x0000000003c96ba8 method=java.nio.charset.CharsetEncoder.encode(Ljava/nio/CharBuffer;Ljava/nio/ByteBuffer;Z)Ljava/nio/charset/CoderResult; @ 105
Event: 191.743 Thread 0x000000001a16b000 Uncommon trap: reason=predicate action=maybe_recompile pc=0x000000000313b3f4 method=java.io.OutputStream.write([BII)V @ 62
Event: 191.842 Thread 0x0000000016f9f000 Uncommon trap: reason=predicate action=maybe_recompile pc=0x00000000035090bc method=java.util.Arrays.fill([Ljava/lang/Object;Ljava/lang/Object;)V @ 10
Event: 192.367 Thread 0x0000000016f9f000 Uncommon trap: reason=array_check action=maybe_recompile pc=0x00000000026d4cb8 method=java.util.Arrays.fill([Ljava/lang/Object;Ljava/lang/Object;)V @ 13
Event: 192.367 Thread 0x0000000016f9f000 Uncommon trap: reason=array_check action=maybe_recompile pc=0x00000000026d4cb8 method=java.util.Arrays.fill([Ljava/lang/Object;Ljava/lang/Object;)V @ 13
Event: 192.368 Thread 0x0000000016f9f000 Uncommon trap: reason=array_check action=maybe_recompile pc=0x00000000026d4cb8 method=java.util.Arrays.fill([Ljava/lang/Object;Ljava/lang/Object;)V @ 13
Event: 192.368 Thread 0x0000000016f9f000 Uncommon trap: reason=array_check action=maybe_recompile pc=0x00000000026d4cb8 method=java.util.Arrays.fill([Ljava/lang/Object;Ljava/lang/Object;)V @ 13
Event: 192.379 Thread 0x000000001a16b000 Uncommon trap: reason=unstable_if action=reinterpret pc=0x00000000027c339c method=org.eclipse.osgi.internal.hooks.EclipseLazyStarter.shouldActivateFor(Ljava/lang/String;Lorg/eclipse/osgi/container/Module;Lorg/eclipse/osgi/container/ModuleRevision;Lorg/ecliÄU¡d÷g@

Internal exceptions (10 events):
Event: 85.017 Thread 0x000000002247f800 Exception <a 'java/io/FileNotFoundException'> (0x00000000f94ce928) thrown at [C:\re\workspace\8-2-build-windows-amd64-cygwin\jdk8u66\5298\hotspot\src\share\vm\prims\jni.cpp, line 709]
Event: 85.395 Thread 0x000000002247f800 Exception <a 'java/io/FileNotFoundException'> (0x00000000f94e7bd8) thrown at [C:\re\workspace\8-2-build-windows-amd64-cygwin\jdk8u66\5298\hotspot\src\share\vm\prims\jni.cpp, line 709]
Event: 105.001 Thread 0x00000000024c8000 Implicit null exception at 0x0000000004588a3a to 0x000000000458f2e1
Event: 191.161 Thread 0x00000000024c8000 Implicit null exception at 0x00000000027cf0b0 to 0x00000000027cf109
Event: 191.162 Thread 0x000000001a16b000 Implicit null exception at 0x0000000002ef3d14 to 0x0000000002ef4005
Event: 191.740 Thread 0x000000001a165800 Exception <a 'java/lang/InterruptedException'> (0x00000000f7315d68) thrown at [C:\re\workspace\8-2-build-windows-amd64-cygwin\jdk8u66\5298\hotspot\src\share\vm\runtime\objectMonitor.cpp, line 1683]
Event: 192.414 Thread 0x00000000195d0000 Exception <a 'java/lang/InterruptedException'> (0x00000000f58c6b78) thrown at [C:\re\workspace\8-2-build-windows-amd64-cygwin\jdk8u66\5298\hotspot\src\share\vm\runtime\objectMonitor.cpp, line 1683]
Event: 192.428 Thread 0x0000000016f9f000 Exception <a 'java/lang/InterruptedException'> (0x00000000f7696028) thrown at [C:\re\workspace\8-2-build-windows-amd64-cygwin\jdk8u66\5298\hotspot\src\share\vm\runtime\objectMonitor.cpp, line 1683]
Event: 192.432 Thread 0x00000000195d0800 Exception <a 'java/lang/InterruptedException'> (0x00000000f6b650f0) thrown at [C:\re\workspace\8-2-build-windows-amd64-cygwin\jdk8u66\5298\hotspot\src\share\vm\runtime\objectMonitor.cpp, line 1683]
Event: 192.432 Thread 0x0000000016b68000 Exception <a 'java/lang/InterruptedException'> (0x00000000f78c4ee8) thrown at [C:\re\workspace\8-2-build-windows-amd64-cygwin\jdk8u66\5298\hotspot\src\share\vm\runtime\objectMonitor.cpp, line 1683]

Events (10 events):
Event: 192.433 Executing VM operation: RevokeBias
Event: 192.433 Executing VM operation: RevokeBias done
Event: 192.434 Thread 0x000000001a16b000 Thread exited: 0x000000001a16b000
Event: 192.434 loading class java/util/IdentityHashMap$KeyIterator
Event: 192.434 loading class java/util/IdentityHashMap$IdentityHashMapIterator
Event: 192.434 loading class java/util/IdentityHashMap$IdentityHashMapIterator done
Event: 192.434 loading class java/util/IdentityHashMap$KeyIterator done
Event: 192.434 Thread 0x000000001a16b000 Thread added: 0x000000001a16b000
Event: 192.434 Thread 0x000000001a16b000 Thread exited: 0x000000001a16b000
Event: 192.434 Executing VM operation: Exit


Dynamic libraries:
0x0000000000400000 - 0x000000000044f000 	C:\Xilinx\SDK\2016.2\eclipse\win64.o\eclipse.exe
0x0000000077af0000 - 0x0000000077c9a000 	C:\Windows\SYSTEM32\ntdll.dll
0x00000000779d0000 - 0x0000000077aef000 	C:\Windows\system32\kernel32.dll
0x000007fefda00000 - 0x000007fefda6a000 	C:\Windows\system32\KERNELBASE.dll
0x00000000778d0000 - 0x00000000779ca000 	C:\Windows\system32\USER32.dll
0x000007feff200000 - 0x000007feff267000 	C:\Windows\system32\GDI32.dll
0x000007feff1f0000 - 0x000007feff1fe000 	C:\Windows\system32\LPK.dll
0x000007feffbc0000 - 0x000007feffc8a000 	C:\Windows\system32\USP10.dll
0x000007fefdea0000 - 0x000007fefdf3f000 	C:\Windows\system32\msvcrt.dll
0x000007fefc140000 - 0x000007fefc334000 	C:\Windows\WinSxS\amd64_microsoft.windows.common-controls_6595b64144ccf1df_6.0.7601.18837_none_fa3b1e3d17594757\COMCTL32.dll
0x000007fefe200000 - 0x000007fefe271000 	C:\Windows\system32\SHLWAPI.dll
0x000007feff270000 - 0x000007feff29e000 	C:\Windows\system32\IMM32.DLL
0x000007fefe280000 - 0x000007fefe389000 	C:\Windows\system32\MSCTF.dll
0x0000000072000000 - 0x0000000072012000 	C:\Xilinx\SDK\2016.2\eclipse\win64.o\plugins\org.eclipse.equinox.launcher.win32.win32.x86_64_1.1.300.v20150602-1417\eclipse_1611.dll
0x000007fefe120000 - 0x000007fefe1fb000 	C:\Windows\system32\ADVAPI32.dll
0x000007feffc90000 - 0x000007feffcaf000 	C:\Windows\SYSTEM32\sechost.dll
0x000007feff590000 - 0x000007feff6bd000 	C:\Windows\system32\RPCRT4.dll
0x000007fefc8c0000 - 0x000007fefc8cc000 	C:\Windows\system32\VERSION.dll
0x000007fefc0e0000 - 0x000007fefc136000 	C:\Windows\system32\UxTheme.dll
0x0000000070730000 - 0x0000000070fb9000 	C:\Xilinx\SDK\2016.2\tps\win64\jre\bin\server\jvm.dll
0x000007fef9100000 - 0x000007fef9109000 	C:\Windows\system32\WSOCK32.dll
0x000007feff1a0000 - 0x000007feff1ed000 	C:\Windows\system32\WS2_32.dll
0x000007feffcb0000 - 0x000007feffcb8000 	C:\Windows\system32\NSI.dll
0x000007fefb240000 - 0x000007fefb27b000 	C:\Windows\system32\WINMM.dll
0x0000000077cb0000 - 0x0000000077cb7000 	C:\Windows\system32\PSAPI.DLL
0x0000000073220000 - 0x00000000732f2000 	C:\Windows\system32\MSVCR100.dll
0x0000000073c60000 - 0x0000000073c6f000 	C:\Xilinx\SDK\2016.2\tps\win64\jre\bin\verify.dll
0x0000000073c30000 - 0x0000000073c59000 	C:\Xilinx\SDK\2016.2\tps\win64\jre\bin\java.dll
0x0000000073c10000 - 0x0000000073c26000 	C:\Xilinx\SDK\2016.2\tps\win64\jre\bin\zip.dll
0x000007fefe390000 - 0x000007feff119000 	C:\Windows\system32\SHELL32.dll
0x000007fefdbf0000 - 0x000007fefddf3000 	C:\Windows\system32\ole32.dll
0x000007fefd840000 - 0x000007fefd84f000 	C:\Windows\system32\profapi.dll
0x000007fefd030000 - 0x000007fefd048000 	C:\Windows\system32\CRYPTSP.dll
0x000007fefcd30000 - 0x000007fefcd77000 	C:\Windows\system32\rsaenh.dll
0x000007fefd9e0000 - 0x000007fefd9fe000 	C:\Windows\system32\USERENV.dll
0x000007fefd690000 - 0x000007fefd69f000 	C:\Windows\system32\CRYPTBASE.dll
0x0000000073bf0000 - 0x0000000073c0a000 	C:\Xilinx\SDK\2016.2\tps\win64\jre\bin\net.dll
0x000007fefcfd0000 - 0x000007fefd025000 	C:\Windows\system32\mswsock.dll
0x000007fefcfc0000 - 0x000007fefcfc7000 	C:\Windows\System32\wship6.dll
0x000007fefab40000 - 0x000007fefab67000 	C:\Windows\system32\IPHLPAPI.DLL
0x000007fefab30000 - 0x000007fefab3b000 	C:\Windows\system32\WINNSI.DLL
0x000007fefa810000 - 0x000007fefa821000 	C:\Windows\system32\dhcpcsvc6.DLL
0x000007fefa7f0000 - 0x000007fefa808000 	C:\Windows\system32\dhcpcsvc.DLL
0x0000000073bd0000 - 0x0000000073be1000 	C:\Xilinx\SDK\2016.2\tps\win64\jre\bin\nio.dll
0x000007fefadd0000 - 0x000007fefade5000 	C:\Windows\system32\NLAapi.dll
0x000007fef8470000 - 0x000007fef8485000 	C:\Windows\system32\napinsp.dll
0x000007fef8430000 - 0x000007fef8449000 	C:\Windows\system32\pnrpnsp.dll
0x000007fefce50000 - 0x000007fefceab000 	C:\Windows\system32\DNSAPI.dll
0x000007fef8460000 - 0x000007fef846b000 	C:\Windows\System32\winrnr.dll
0x000007fefc990000 - 0x000007fefc997000 	C:\Windows\System32\wshtcpip.dll
0x000007fefa3f0000 - 0x000007fefa3f8000 	C:\Windows\system32\rasadhlp.dll
0x000007fefaaa0000 - 0x000007fefaaf3000 	C:\Windows\System32\fwpuclnt.dll
0x0000000018740000 - 0x00000000187e8000 	C:\Users\dezfoul2\.Xilinx\SDK\2016.2\org.eclipse.osgi\312\0\.cp\swt-win32-4527.dll
0x000007feffcc0000 - 0x000007feffd98000 	C:\Windows\system32\OLEAUT32.dll
0x000007feffb20000 - 0x000007feffbb7000 	C:\Windows\system32\comdlg32.dll
0x000007fef7390000 - 0x000007fef7401000 	C:\Windows\system32\WINSPOOL.DRV
0x000007feff850000 - 0x000007feffb15000 	C:\Windows\system32\WININET.dll
0x000007fefd920000 - 0x000007fefd924000 	C:\Windows\system32\api-ms-win-downlevel-user32-l1-1-0.dll
0x000007fefd9d0000 - 0x000007fefd9d4000 	C:\Windows\system32\api-ms-win-downlevel-shlwapi-l1-1-0.dll
0x000007fefd9c0000 - 0x000007fefd9c4000 	C:\Windows\system32\api-ms-win-downlevel-version-l1-1-0.dll
0x000007fefda70000 - 0x000007fefda73000 	C:\Windows\system32\api-ms-win-downlevel-normaliz-l1-1-0.dll
0x0000000077cc0000 - 0x0000000077cc3000 	C:\Windows\system32\normaliz.DLL
0x000007feff2a0000 - 0x000007feff569000 	C:\Windows\system32\iertutil.dll
0x000007fefd930000 - 0x000007fefd935000 	C:\Windows\system32\api-ms-win-downlevel-advapi32-l1-1-0.dll
0x000007fefda80000 - 0x000007fefdbed000 	C:\Windows\system32\CRYPT32.dll
0x000007fefd830000 - 0x000007fefd83f000 	C:\Windows\system32\MSASN1.dll
0x000007fefbbb0000 - 0x000007fefbcdc000 	C:\Windows\system32\propsys.dll
0x000007fefde00000 - 0x000007fefde99000 	C:\Windows\system32\CLBCatQ.DLL
0x00000000003e0000 - 0x00000000003fe000 	C:\Users\dezfoul2\.Xilinx\SDK\2016.2\org.eclipse.osgi\312\0\.cp\swt-gdip-win32-4527.dll
0x000007fefbec0000 - 0x000007fefc0d6000 	C:\Windows\WinSxS\amd64_microsoft.windows.gdiplus_6595b64144ccf1df_1.1.7601.23508_none_145555328b95eaaa\gdiplus.dll
0x000007fefb9e0000 - 0x000007fefbb41000 	C:\Windows\system32\WindowsCodecs.dll
0x0000000180000000 - 0x0000000180012000 	C:\Users\dezfoul2\.Xilinx\SDK\2016.2\org.eclipse.osgi\126\0\.cp\os\win32\x86_64\localfile_1_0_0.dll
0x000007fef43d0000 - 0x000007fef4424000 	C:\Windows\system32\oleacc.dll
0x000007fef9eb0000 - 0x000007fef9eb7000 	C:\Windows\system32\msimg32.dll
0x000007fefd780000 - 0x000007fefd794000 	C:\Windows\system32\RpcRtRemote.dll
0x000007fefd630000 - 0x000007fefd687000 	C:\Windows\system32\apphelp.dll
0x000007fefac40000 - 0x000007fefac51000 	C:\Users\dezfoul2\.Xilinx\SDK\2016.2\org.eclipse.osgi\129\0\.cp\jWinHttp-1.0.0.dll
0x000007fefa090000 - 0x000007fefa101000 	C:\Windows\system32\WINHTTP.dll
0x000007fefa020000 - 0x000007fefa084000 	C:\Windows\system32\webio.dll
0x000007fefd600000 - 0x000007fefd625000 	C:\Windows\system32\SspiCli.dll
0x000007fefcbf0000 - 0x000007fefcbfa000 	C:\Windows\system32\credssp.dll
0x000007fefd980000 - 0x000007fefd9b6000 	C:\Windows\system32\CFGMGR32.dll
0x000007fefac30000 - 0x000007fefac3f000 	C:\Xilinx\SDK\2016.2\lib\win64.o\librdi_repo_manager.dll
0x000007fef7170000 - 0x000007fef719a000 	C:\Xilinx\SDK\2016.2\lib\win64.o\libisl_sysinfo.dll
0x000007feec380000 - 0x000007feec454000 	C:\Windows\system32\MSVCR110.dll
0x000007feec2d0000 - 0x000007feec377000 	C:\Windows\system32\MSVCP110.dll
0x000007feb9c50000 - 0x000007feba690000 	C:\Xilinx\SDK\2016.2\lib\win64.o\librdi_common.dll
0x000007feba980000 - 0x000007febacee000 	C:\Xilinx\SDK\2016.2\lib\win64.o\libCOIN-all.dll
0x000007fef1be0000 - 0x000007fef1dff000 	C:\Xilinx\SDK\2016.2\lib\win64.o\libXil_lmgr11.dll
0x000007fefb8a0000 - 0x000007fefb8b6000 	C:\Windows\system32\NETAPI32.dll
0x000007fefcc60000 - 0x000007fefcc6c000 	C:\Windows\system32\netutils.dll
0x000007fefd390000 - 0x000007fefd3b3000 	C:\Windows\system32\srvcli.dll
0x000007fefb880000 - 0x000007fefb895000 	C:\Windows\system32\wkscli.dll
0x000007fefd940000 - 0x000007fefd97b000 	C:\Windows\system32\WINTRUST.dll
0x000007fefac20000 - 0x000007fefac30000 	C:\Xilinx\SDK\2016.2\lib\win64.o\libboost_date_time.dll
0x000007fef5040000 - 0x000007fef5064000 	C:\Xilinx\SDK\2016.2\lib\win64.o\libboost_filesystem.dll
0x000007fefac10000 - 0x000007fefac19000 	C:\Xilinx\SDK\2016.2\lib\win64.o\libboost_system.dll
0x000007fef2550000 - 0x000007fef25c7000 	C:\Xilinx\SDK\2016.2\lib\win64.o\libboost_program_options.dll
0x000007feee3f0000 - 0x000007feee4f6000 	C:\Xilinx\SDK\2016.2\lib\win64.o\libboost_regex.dll
0x000007fefab90000 - 0x000007fefaba3000 	C:\Xilinx\SDK\2016.2\lib\win64.o\libboost_signals.dll
0x000007fef8640000 - 0x000007fef865d000 	C:\Xilinx\SDK\2016.2\lib\win64.o\libboost_thread.dll
0x000007fef80f0000 - 0x000007fef80fb000 	C:\Xilinx\SDK\2016.2\lib\win64.o\libboost_chrono.dll
0x000007fef80e0000 - 0x000007fef80eb000 	C:\Xilinx\SDK\2016.2\lib\win64.o\libboost_xilinx.dll
0x000007fef25d0000 - 0x000007fef2650000 	C:\Xilinx\SDK\2016.2\lib\win64.o\libhdlpsolve.dll
0x000007feee350000 - 0x000007feee3ea000 	C:\Xilinx\SDK\2016.2\lib\win64.o\libhdxml.dll
0x000007feb97e0000 - 0x000007feb9c45e00 	C:\Xilinx\SDK\2016.2\lib\win64.o\libisl_iostreams.dll
0x000007fef5020000 - 0x000007fef5036000 	C:\Xilinx\SDK\2016.2\lib\win64.o\libboost_iostreams.dll
0x000007fef4ff0000 - 0x000007fef5013000 	C:\Xilinx\SDK\2016.2\lib\win64.o\librdizlib.dll
0x000007fef4600000 - 0x000007fef4623000 	C:\Xilinx\SDK\2016.2\lib\win64.o\libisl_iosutils.dll
0x000007fef2e40000 - 0x000007fef2e55000 	C:\Xilinx\SDK\2016.2\lib\win64.o\pthreadVC2.dll
0x000007feee2f0000 - 0x000007feee344000 	C:\Xilinx\SDK\2016.2\lib\win64.o\librdi_commonxillic.dll
0x000007feee1c0000 - 0x000007feee2f0000 	C:\Xilinx\SDK\2016.2\lib\win64.o\librdi_curl.dll
0x000007fef4460000 - 0x000007fef4478000 	C:\Xilinx\SDK\2016.2\lib\win64.o\librdiconfig.dll
0x0000000073820000 - 0x0000000073947000 	C:\Xilinx\SDK\2016.2\lib\win64.o\tcl85t.dll
0x0000000026eb0000 - 0x0000000027113000 	C:\Xilinx\SDK\2016.2\lib\win64.o\xerces-c_3_1.dll
0x000007feff6c0000 - 0x000007feff846000 	C:\Windows\system32\urlmon.dll
0x000007fefd910000 - 0x000007fefd914000 	C:\Windows\system32\api-ms-win-downlevel-ole32-l1-1-0.dll
0x000007fee98d0000 - 0x000007fee98f3000 	C:\Windows\system32\VCOMP110.DLL
0x000007febae60000 - 0x000007febb052000 	C:\Xilinx\SDK\2016.2\lib\win64.o\librdi_hsm.dll
0x000007febbfb0000 - 0x000007febbff3000 	C:\Xilinx\SDK\2016.2\lib\win64.o\librdi_hdf.dll
0x000007feb9550000 - 0x000007feb97d1000 	C:\Xilinx\SDK\2016.2\lib\win64.o\librdi_ippcw.dll
0x000007fef1bc0000 - 0x000007fef1bd6000 	C:\Xilinx\SDK\2016.2\eclipse\win64.o\plugins\org.eclipse.cdt.core.win32.x86_64_5.4.0.201509131935\os\win32\x86_64\spawner.dll
0x0000000071080000 - 0x00000000710a6000 	C:\Xilinx\SDK\2016.2\eclipse\win64.o\plugins\gnu.io.rxtx.win32.x86_64_2.1.7.3_v20071015\os\win32\x86_64\rxtxSerial.dll
0x000007fef7840000 - 0x000007fef784a000 	C:\Xilinx\SDK\2016.2\lib\win64.o\librdi_jtag_settings.dll
0x000007fef1b30000 - 0x000007fef1b59000 	C:\Xilinx\SDK\2016.2\lib\win64.o\librdi_debug_dialog.dll
0x000007fef6370000 - 0x000007fef6378000 	C:\Xilinx\SDK\2016.2\lib\win64.o\librdi_target_manager.dll
0x0000000071100000 - 0x0000000071125000 	C:\Users\dezfoul2\.jssc\windows\jSSC-2.8_x86_64.dll
0x000007feae210000 - 0x000007feaea20000 	C:\Xilinx\SDK\2016.2\lib\win64.o\libXil_lmgr11FNP.dll

VM Arguments:
jvm_args: -Dcom.xilinx.sdk.args.hwspec=W:/ece532/src/hdmi.sdk/hdmi_wrapper.hdf -Xms64m -Xmx512m & 
java_command: <unknown>
java_class_path (initial): C:\Xilinx\SDK\2016.2\eclipse\win64.o\\plugins/org.eclipse.equinox.launcher_1.3.100.v20150511-1540.jar
Launcher Type: generic

Environment Variables:
PATH=C:/Xilinx/SDK/2016.2/tps/win64/jre/bin/server;C:/Xilinx/SDK/2016.2/tps/win64/jre/bin;C:/Xilinx/SDK/2016.2/tps/win64/jre/lib/amd64;C:\Xilinx\SDK\2016.2\gnuwin\bin;C:\Xilinx\SDK\2016.2\gnu\microblaze\nt\bin;C:\Xilinx\SDK\2016.2\gnu\microblaze\linux_toolchain\nt64_le\bin;C:\Xilinx\SDK\2016.2\gnu\microblaze\linux_toolchain\nt64_be\bin;C:\Xilinx\SDK\2016.2\gnu\arm\nt\bin;C:\Xilinx\SDK\2016.2\gnu\aarch64\nt\aarch64-none\bin;C:\Xilinx\SDK\2016.2\gnu\aarch64\nt\aarch64-linux\bin;C:\Xilinx\SDK\2016.2\gnu\armr5\nt\gcc-arm-none-eabi\bin;C:\Xilinx\SDK\2016.2\gnu\aarch32\nt\gcc-arm-none-eabi\bin;C:\Xilinx\SDK\2016.2\gnu\aarch32\nt\gcc-arm-linux-gnueabi\bin;C:\Xilinx\SDK\2016.2\tps\win64\cmake-3.3.2\bin;;C:\Xilinx\SDK\2016.2\bin;C:\Xilinx\SDK\2016.2\lib\win64.o;C:\Xilinx\SDK\2016.2\tps\win64\jre\bin\server;C:\Xilinx\SDK\2016.2\tps\win64\jre\bin;C:\Xilinx\Vivado\2016.2\ids_lite\ISE\bin\nt64;C:\Xilinx\Vivado\2016.2\ids_lite\ISE\lib\nt64;C:\Xilinx\Vivado\2016.2\bin;C:\Xilinx\Vivado\2016.2\lib\win64.o;C:\Xilinx\Vivado\2016.2\tps\win64\jre\bin\server;C:\Xilinx\Vivado\2016.2\tps\win64\jre\bin;C:\Xilinx\Vivado_HLS\2016.2\bin;C:\Windows\system32;C:\Windows;C:\Windows\System32\Wbem;C:\Windows\System32\WindowsPowerShell\v1.0\;C:\Program Files (x86)\Java\jre6\bin;C:\Program Files (x86)\eclipse;C:\altera\16.0\quartus\bin64;c:\altera\16.0\quartus\bin64\jre64\bin;w:\ece532\src;
USERNAME=dezfoul2
OS=Windows_NT
PROCESSOR_IDENTIFIER=Intel64 Family 6 Model 60 Stepping 3, GenuineIntel



---------------  S Y S T E M  ---------------

OS: Windows 7 , 64 bit Build 7601 (6.1.7601.23418)

CPU:total 8 (4 cores per cpu, 2 threads per core) family 6 model 60 stepping 3, cmov, cx8, fxsr, mmx, sse, sse2, sse3, ssse3, sse4.1, sse4.2, popcnt, avx, avx2, aes, clmul, erms, lzcnt, ht, tsc, tscinvbit, bmi1, bmi2

Memory: 4k page, physical 16683160k(11028476k free), swap 33364460k(27336244k free)

vm_info: Java HotSpot(TM) 64-Bit Server VM (25.66-b18) for windows-amd64 JRE (1.8.0_66-b18), built on Nov  9 2015 10:51:13 by "java_re" with MS VC++ 10.0 (VS2010)

time: Fri Mar 24 15:58:27 2017
elapsed time: 192 seconds (0d 0h 3m 12s)

