#
# A fatal error has been detected by the Java Runtime Environment:
#
#  Internal Error (0xc000000d), pid=4048, tid=4444
#
# JRE version: Java(TM) SE Runtime Environment (8.0_66-b18) (build 1.8.0_66-b18)
# Java VM: Java HotSpot(TM) 64-Bit Server VM (25.66-b18 mixed mode windows-amd64 compressed oops)
# Problematic frame:
# C  [ntdll.dll+0x96b4f]
#
# Failed to write core dump. Minidumps are not enabled by default on client versions of Windows
#
# If you would like to submit a bug report, please visit:
#   http://bugreport.java.com/bugreport/crash.jsp
#

---------------  T H R E A D  ---------------

Current thread (0x0000000013cc0000):  VMThread [stack: 0x0000000015d90000,0x0000000015e90000] [id=4444]

siginfo: ExceptionCode=0xc000000d

Registers:
RAX=0x00000000666e2c12, RBX=0x0000000000000000, RCX=0x0000000015e8ef10, RDX=0x0000000000000000
RSP=0x0000000015e8f520, RBP=0x000000001754b3a0, RSI=0x000007feec4a7408, RDI=0x0000000015e8f668
R8 =0x0000000000000000, R9 =0x0000000000000000, R10=0x0000000000000000, R11=0x0000000000000246
R12=0x0000000000312b70, R13=0x0000000000312b40, R14=0x000000001754b4a8, R15=0x0000000000000000
RIP=0x00000000777c6b4f, EFLAGS=0x0000000000000206

Top of Stack: (sp=0x0000000015e8f520)
0x0000000015e8f520:   0000000000000000 000007feec4a7408
0x0000000015e8f530:   0000000015e8f668 0000000000000000
0x0000000015e8f540:   0000000000000050 0000000000260000
0x0000000015e8f550:   0000000000000000 0000000000000000
0x0000000015e8f560:   0000000000000002 000000007777db18
0x0000000015e8f570:   00000000c000000d 0000000000000000
0x0000000015e8f580:   00000000777c6b4f 0000000000000000
0x0000000015e8f590:   0000000000000000 0000000000000000
0x0000000015e8f5a0:   0000000000000000 0000000000000000
0x0000000015e8f5b0:   0000000000000000 0000000000000000
0x0000000015e8f5c0:   0000000000000000 0000000000000000
0x0000000015e8f5d0:   0000000000000000 0000000000000000
0x0000000015e8f5e0:   0000000000000000 0000000000000000
0x0000000015e8f5f0:   0000000000000000 0000000000000000
0x0000000015e8f600:   0000000000000000 0000000000312b70
0x0000000015e8f610:   0000000000000d18 0000000077653458 

Instructions: (pc=0x00000000777c6b4f)
0x00000000777c6b2f:   cd 6b fb ff b9 57 00 00 00 c7 44 24 50 0d 00 00
0x00000000777c6b3f:   c0 e8 bb 6e fb ff 48 8d 4c 24 50 e8 31 1d f8 ff
0x00000000777c6b4f:   4c 8b 1d 82 68 09 00 4d 85 db 74 5b 65 48 8b 04
0x00000000777c6b5f:   25 30 00 00 00 f6 80 ee 17 00 00 08 74 12 65 48 


Register to memory mapping:

RAX=0x00000000666e2c12 is an unknown value
RBX=0x0000000000000000 is an unknown value
RCX=0x0000000015e8ef10 is an unknown value
RDX=0x0000000000000000 is an unknown value
RSP=0x0000000015e8f520 is an unknown value
RBP=0x000000001754b3a0 is an unknown value
RSI=0x000007feec4a7408 is an unknown value
RDI=0x0000000015e8f668 is an unknown value
R8 =0x0000000000000000 is an unknown value
R9 =0x0000000000000000 is an unknown value
R10=0x0000000000000000 is an unknown value
R11=0x0000000000000246 is an unknown value
R12=0x0000000000312b70 is an unknown value
R13=0x0000000000312b40 is an unknown value
R14=0x000000001754b4a8 is an unknown value
R15=0x0000000000000000 is an unknown value


Stack: [0x0000000015d90000,0x0000000015e90000],  sp=0x0000000015e8f520,  free space=1021k
Native frames: (J=compiled Java code, j=interpreted, Vv=VM code, C=native code)
C  [ntdll.dll+0x96b4f]
C  [kernel32.dll+0x43458]
C  [MSVCR110.dll+0x752d]
C  [MSVCR110.dll+0x73c6]
C  [MSVCR110.dll+0x14cca]
C  [MSVCR110.dll+0x13edc]
C  [MSVCR110.dll+0x239e]
C  [MSVCR110.dll+0xaf9e]
C  [MSVCP110.dll+0x397b9]
C  [librdi_common.dll+0x182316]
C  [librdi_common.dll+0x180fab]
C  [librdi_target_manager.dll+0x2400]
C  [librdi_target_manager.dll+0x2682]
C  [ntdll.dll+0x229b1]
C  [ntdll.dll+0x227c0]
C  [MSVCR100.dll+0x20ccd]
V  [jvm.dll+0x210cc5]
V  [jvm.dll+0x249897]
V  [jvm.dll+0x248b36]
V  [jvm.dll+0x248fd1]
V  [jvm.dll+0x2491ee]
V  [jvm.dll+0x29a0fa]
C  [MSVCR100.dll+0x21d9f]
C  [MSVCR100.dll+0x21e3b]
C  [kernel32.dll+0x159bd]
C  [ntdll.dll+0x2a2e1]

VM_Operation (0x000000000012f4c0): Exit, mode: safepoint, requested by thread 0x00000000022f8800


---------------  P R O C E S S  ---------------

Java Threads: ( => current thread )
  0x000000001abac800 JavaThread "pool-2-thread-2" [_thread_blocked, id=5640, stack(0x000000002ad10000,0x000000002ae10000)]
  0x000000001abad000 JavaThread "Worker-11" [_thread_blocked, id=5616, stack(0x000000002ac10000,0x000000002ad10000)]
  0x0000000017a87800 JavaThread "pool-2-thread-1" [_thread_blocked, id=3996, stack(0x000000002a710000,0x000000002a810000)]
  0x0000000020d96800 JavaThread "Thread-28" daemon [_thread_blocked, id=4476, stack(0x0000000028470000,0x0000000028570000)]
  0x000000001c66b800 JavaThread "TCF Channel Transmitter" daemon [_thread_blocked, id=4352, stack(0x0000000026670000,0x0000000026770000)]
  0x000000001c66a800 JavaThread "TCF Channel Receiver" daemon [_thread_in_native, id=4872, stack(0x0000000026320000,0x0000000026420000)]
  0x000000001c668800 JavaThread "Process monitor" daemon [_thread_in_native, id=5644, stack(0x0000000026220000,0x0000000026320000)]
  0x000000001c667800 JavaThread "Input Stream Monitor" daemon [_thread_blocked, id=5552, stack(0x0000000026120000,0x0000000026220000)]
  0x000000001c667000 JavaThread "Output Stream Monitor" daemon [_thread_in_native, id=1376, stack(0x0000000025550000,0x0000000025650000)]
  0x000000001c666000 JavaThread "Output Stream Monitor" daemon [_thread_in_native, id=4816, stack(0x00000000250e0000,0x00000000251e0000)]
  0x00000000181ca800 JavaThread "Worker-3" [_thread_blocked, id=5472, stack(0x0000000026a50000,0x0000000026b50000)]
  0x00000000181c7800 JavaThread "TCF Locator DNS Lookup" daemon [_thread_blocked, id=5584, stack(0x0000000025450000,0x0000000025550000)]
  0x00000000181c7000 JavaThread "TCF Locator Timer" daemon [_thread_blocked, id=4228, stack(0x0000000025350000,0x0000000025450000)]
  0x00000000181c6000 JavaThread "TCF Locator Receiver" daemon [_thread_in_native, id=6012, stack(0x0000000025250000,0x0000000025350000)]
  0x00000000181c4800 JavaThread "TCF Timer Dispatcher" daemon [_thread_blocked, id=1556, stack(0x0000000024ee0000,0x0000000024fe0000)]
  0x0000000016e94000 JavaThread "EMF Reference Cleaner" daemon [_thread_blocked, id=6124, stack(0x0000000019560000,0x0000000019660000)]
  0x0000000014f35800 JavaThread "Service Thread" daemon [_thread_blocked, id=2688, stack(0x0000000016750000,0x0000000016850000)]
  0x0000000014ecd000 JavaThread "C1 CompilerThread3" daemon [_thread_blocked, id=5400, stack(0x0000000016650000,0x0000000016750000)]
  0x0000000014ea4000 JavaThread "C2 CompilerThread2" daemon [_thread_blocked, id=1372, stack(0x0000000016550000,0x0000000016650000)]
  0x0000000014e9d000 JavaThread "C2 CompilerThread1" daemon [_thread_blocked, id=2440, stack(0x0000000016450000,0x0000000016550000)]
  0x0000000014e95800 JavaThread "C2 CompilerThread0" daemon [_thread_blocked, id=5780, stack(0x0000000016350000,0x0000000016450000)]
  0x0000000014e92000 JavaThread "Attach Listener" daemon [_thread_blocked, id=5184, stack(0x0000000016250000,0x0000000016350000)]
  0x0000000013cde800 JavaThread "Signal Dispatcher" daemon [_thread_blocked, id=3556, stack(0x0000000016150000,0x0000000016250000)]
  0x0000000013ccc800 JavaThread "Finalizer" daemon [_thread_blocked, id=4468, stack(0x0000000015f90000,0x0000000016090000)]
  0x0000000013cc5800 JavaThread "Reference Handler" daemon [_thread_blocked, id=5100, stack(0x0000000015e90000,0x0000000015f90000)]
  0x00000000022f8800 JavaThread "main" [_thread_blocked, id=4784, stack(0x0000000000030000,0x0000000000130000)]

Other Threads:
=>0x0000000013cc0000 VMThread [stack: 0x0000000015d90000,0x0000000015e90000] [id=4444]

VM state:at safepoint (shutting down)

VM Mutex/Monitor currently owned by a thread:  ([mutex/lock_event])
[0x000000000228e970] Threads_lock - owner thread: 0x0000000013cc0000

Heap:
 PSYoungGen      total 159744K, used 24856K [0x00000000f5580000, 0x0000000100000000, 0x0000000100000000)
  eden space 145920K, 13% used [0x00000000f5580000,0x00000000f696dc98,0x00000000fe400000)
  from space 13824K, 32% used [0x00000000ff280000,0x00000000ff6d86e8,0x0000000100000000)
  to   space 14336K, 0% used [0x00000000fe400000,0x00000000fe400000,0x00000000ff200000)
 ParOldGen       total 152576K, used 82489K [0x00000000e0000000, 0x00000000e9500000, 0x00000000f5580000)
  object space 152576K, 54% used [0x00000000e0000000,0x00000000e508e4c0,0x00000000e9500000)
 Metaspace       used 105028K, capacity 112490K, committed 112768K, reserved 1146880K
  class space    used 12500K, capacity 14849K, committed 14976K, reserved 1048576K

Card table byte_map: [0x0000000011820000,0x0000000011930000] byte_map_base: 0x0000000011120000

Marking Bits: (ParMarkBitMap*) 0x0000000070c3a5b0
 Begin Bits: [0x00000000121e0000, 0x00000000129e0000)
 End Bits:   [0x00000000129e0000, 0x00000000131e0000)

Polling page: 0x0000000000230000

CodeCache: size=245760Kb used=63163Kb max_used=63907Kb free=182596Kb
 bounds [0x0000000002460000, 0x0000000006340000, 0x0000000011460000]
 total_blobs=16832 nmethods=15900 adapters=838
 compilation: enabled

Compilation events (10 events):
Event: 999.890 Thread 0x0000000014ecd000 nmethod 20787 0x0000000003ecf0d0 code [0x0000000003ecf240, 0x0000000003ecf450]
Event: 999.890 Thread 0x0000000014ecd000 20788       3       org.eclipse.osgi.internal.framework.EquinoxContainerAdaptor::invalidateWiring (186 bytes)
Event: 999.891 Thread 0x0000000014ecd000 nmethod 20788 0x0000000005fd4090 code [0x0000000005fd4460, 0x0000000005fd6dd8]
Event: 999.891 Thread 0x0000000014ecd000 20789   !   3       org.eclipse.osgi.container.ModuleDatabase::getRevisionsTimestamp (25 bytes)
Event: 999.892 Thread 0x0000000014ecd000 nmethod 20789 0x0000000003345750 code [0x0000000003345960, 0x0000000003346698]
Event: 999.892 Thread 0x0000000014ecd000 20790       3       org.eclipse.osgi.internal.framework.EquinoxContainerAdaptor::clearManifestCache (84 bytes)
Event: 999.892 Thread 0x0000000014e95800 nmethod 20781 0x0000000004cfd1d0 code [0x0000000004cfd360, 0x0000000004cfd780]
Event: 999.893 Thread 0x0000000014ecd000 nmethod 20790 0x0000000004ee6d50 code [0x0000000004ee6fa0, 0x0000000004ee86b8]
Event: 999.893 Thread 0x0000000014ecd000 20792  s    3       java.util.Hashtable::clear (38 bytes)
Event: 999.893 Thread 0x0000000014ecd000 nmethod 20792 0x0000000006195810 code [0x0000000006195980, 0x0000000006195e50]

GC Heap History (10 events):
Event: 839.254 GC heap before
{Heap before GC invocations=1122 (full 15):
 PSYoungGen      total 162304K, used 133414K [0x00000000f5580000, 0x0000000100000000, 0x0000000100000000)
  eden space 150016K, 81% used [0x00000000f5580000,0x00000000fcc4b420,0x00000000fe800000)
  from space 12288K, 95% used [0x00000000ff400000,0x00000000fff7e6b8,0x0000000100000000)
  to   space 12288K, 0% used [0x00000000fe800000,0x00000000fe800000,0x00000000ff400000)
 ParOldGen       total 152576K, used 84931K [0x00000000e0000000, 0x00000000e9500000, 0x00000000f5580000)
  object space 152576K, 55% used [0x00000000e0000000,0x00000000e52f0e00,0x00000000e9500000)
 Metaspace       used 99291K, capacity 106750K, committed 107008K, reserved 1142784K
  class space    used 11657K, capacity 14030K, committed 14080K, reserved 1048576K
Event: 839.269 GC heap after
Heap after GC invocations=1122 (full 15):
 PSYoungGen      total 157696K, used 7341K [0x00000000f5580000, 0x0000000100000000, 0x0000000100000000)
  eden space 150016K, 0% used [0x00000000f5580000,0x00000000f5580000,0x00000000fe800000)
  from space 7680K, 95% used [0x00000000fe800000,0x00000000fef2b608,0x00000000fef80000)
  to   space 12800K, 0% used [0x00000000ff380000,0x00000000ff380000,0x0000000100000000)
 ParOldGen       total 152576K, used 84947K [0x00000000e0000000, 0x00000000e9500000, 0x00000000f5580000)
  object space 152576K, 55% used [0x00000000e0000000,0x00000000e52f4e00,0x00000000e9500000)
 Metaspace       used 99291K, capacity 106750K, committed 107008K, reserved 1142784K
  class space    used 11657K, capacity 14030K, committed 14080K, reserved 1048576K
}
Event: 839.269 GC heap before
{Heap before GC invocations=1123 (full 16):
 PSYoungGen      total 157696K, used 7341K [0x00000000f5580000, 0x0000000100000000, 0x0000000100000000)
  eden space 150016K, 0% used [0x00000000f5580000,0x00000000f5580000,0x00000000fe800000)
  from space 7680K, 95% used [0x00000000fe800000,0x00000000fef2b608,0x00000000fef80000)
  to   space 12800K, 0% used [0x00000000ff380000,0x00000000ff380000,0x0000000100000000)
 ParOldGen       total 152576K, used 84947K [0x00000000e0000000, 0x00000000e9500000, 0x00000000f5580000)
  object space 152576K, 55% used [0x00000000e0000000,0x00000000e52f4e00,0x00000000e9500000)
 Metaspace       used 99291K, capacity 106750K, committed 107008K, reserved 1142784K
  class space    used 11657K, capacity 14030K, committed 14080K, reserved 1048576K
Event: 839.558 GC heap after
Heap after GC invocations=1123 (full 16):
 PSYoungGen      total 157696K, used 0K [0x00000000f5580000, 0x0000000100000000, 0x0000000100000000)
  eden space 150016K, 0% used [0x00000000f5580000,0x00000000f5580000,0x00000000fe800000)
  from space 7680K, 0% used [0x00000000fe800000,0x00000000fe800000,0x00000000fef80000)
  to   space 12800K, 0% used [0x00000000ff380000,0x00000000ff380000,0x0000000100000000)
 ParOldGen       total 152576K, used 82473K [0x00000000e0000000, 0x00000000e9500000, 0x00000000f5580000)
  object space 152576K, 54% used [0x00000000e0000000,0x00000000e508a4c0,0x00000000e9500000)
 Metaspace       used 99291K, capacity 106750K, committed 107008K, reserved 1142784K
  class space    used 11657K, capacity 14030K, committed 14080K, reserved 1048576K
}
Event: 879.866 GC heap before
{Heap before GC invocations=1124 (full 16):
 PSYoungGen      total 157696K, used 150016K [0x00000000f5580000, 0x0000000100000000, 0x0000000100000000)
  eden space 150016K, 100% used [0x00000000f5580000,0x00000000fe800000,0x00000000fe800000)
  from space 7680K, 0% used [0x00000000fe800000,0x00000000fe800000,0x00000000fef80000)
  to   space 12800K, 0% used [0x00000000ff380000,0x00000000ff380000,0x0000000100000000)
 ParOldGen       total 152576K, used 82473K [0x00000000e0000000, 0x00000000e9500000, 0x00000000f5580000)
  object space 152576K, 54% used [0x00000000e0000000,0x00000000e508a4c0,0x00000000e9500000)
 Metaspace       used 102309K, capacity 109922K, committed 110080K, reserved 1144832K
  class space    used 12147K, capacity 14486K, committed 14592K, reserved 1048576K
Event: 879.873 GC heap after
Heap after GC invocations=1124 (full 16):
 PSYoungGen      total 159744K, used 6663K [0x00000000f5580000, 0x0000000100000000, 0x0000000100000000)
  eden space 146944K, 0% used [0x00000000f5580000,0x00000000f5580000,0x00000000fe500000)
  from space 12800K, 52% used [0x00000000ff380000,0x00000000ffa01e18,0x0000000100000000)
  to   space 13824K, 0% used [0x00000000fe500000,0x00000000fe500000,0x00000000ff280000)
 ParOldGen       total 152576K, used 82473K [0x00000000e0000000, 0x00000000e9500000, 0x00000000f5580000)
  object space 152576K, 54% used [0x00000000e0000000,0x00000000e508a4c0,0x00000000e9500000)
 Metaspace       used 102309K, capacity 109922K, committed 110080K, reserved 1144832K
  class space    used 12147K, capacity 14486K, committed 14592K, reserved 1048576K
}
Event: 955.848 GC heap before
{Heap before GC invocations=1125 (full 16):
 PSYoungGen      total 159744K, used 153607K [0x00000000f5580000, 0x0000000100000000, 0x0000000100000000)
  eden space 146944K, 100% used [0x00000000f5580000,0x00000000fe500000,0x00000000fe500000)
  from space 12800K, 52% used [0x00000000ff380000,0x00000000ffa01e18,0x0000000100000000)
  to   space 13824K, 0% used [0x00000000fe500000,0x00000000fe500000,0x00000000ff280000)
 ParOldGen       total 152576K, used 82473K [0x00000000e0000000, 0x00000000e9500000, 0x00000000f5580000)
  object space 152576K, 54% used [0x00000000e0000000,0x00000000e508a4c0,0x00000000e9500000)
 Metaspace       used 104338K, capacity 111918K, committed 112128K, reserved 1146880K
  class space    used 12436K, capacity 14808K, committed 14848K, reserved 1048576K
Event: 955.858 GC heap after
Heap after GC invocations=1125 (full 16):
 PSYoungGen      total 160768K, used 8037K [0x00000000f5580000, 0x0000000100000000, 0x0000000100000000)
  eden space 146944K, 0% used [0x00000000f5580000,0x00000000f5580000,0x00000000fe500000)
  from space 13824K, 58% used [0x00000000fe500000,0x00000000fecd9610,0x00000000ff280000)
  to   space 13824K, 0% used [0x00000000ff280000,0x00000000ff280000,0x0000000100000000)
 ParOldGen       total 152576K, used 82481K [0x00000000e0000000, 0x00000000e9500000, 0x00000000f5580000)
  object space 152576K, 54% used [0x00000000e0000000,0x00000000e508c4c0,0x00000000e9500000)
 Metaspace       used 104338K, capacity 111918K, committed 112128K, reserved 1146880K
  class space    used 12436K, capacity 14808K, committed 14848K, reserved 1048576K
}
Event: 997.801 GC heap before
{Heap before GC invocations=1126 (full 16):
 PSYoungGen      total 160768K, used 154981K [0x00000000f5580000, 0x0000000100000000, 0x0000000100000000)
  eden space 146944K, 100% used [0x00000000f5580000,0x00000000fe500000,0x00000000fe500000)
  from space 13824K, 58% used [0x00000000fe500000,0x00000000fecd9610,0x00000000ff280000)
  to   space 13824K, 0% used [0x00000000ff280000,0x00000000ff280000,0x0000000100000000)
 ParOldGen       total 152576K, used 82481K [0x00000000e0000000, 0x00000000e9500000, 0x00000000f5580000)
  object space 152576K, 54% used [0x00000000e0000000,0x00000000e508c4c0,0x00000000e9500000)
 Metaspace       used 104611K, capacity 112130K, committed 112384K, reserved 1146880K
  class space    used 12452K, capacity 14813K, committed 14848K, reserved 1048576K
Event: 997.807 GC heap after
Heap after GC invocations=1126 (full 16):
 PSYoungGen      total 159744K, used 4449K [0x00000000f5580000, 0x0000000100000000, 0x0000000100000000)
  eden space 145920K, 0% used [0x00000000f5580000,0x00000000f5580000,0x00000000fe400000)
  from space 13824K, 32% used [0x00000000ff280000,0x00000000ff6d86e8,0x0000000100000000)
  to   space 14336K, 0% used [0x00000000fe400000,0x00000000fe400000,0x00000000ff200000)
 ParOldGen       total 152576K, used 82489K [0x00000000e0000000, 0x00000000e9500000, 0x00000000f5580000)
  object space 152576K, 54% used [0x00000000e0000000,0x00000000e508e4c0,0x00000000e9500000)
 Metaspace       used 104611K, capacity 112130K, committed 112384K, reserved 1146880K
  class space    used 12452K, capacity 14813K, committed 14848K, reserved 1048576K
}

Deoptimization events (10 events):
Event: 999.869 Thread 0x00000000181cd800 Uncommon trap: reason=unstable_if action=reinterpret pc=0x000000000426a3e8 method=org.eclipse.core.internal.jobs.WorkerPool.startJob(Lorg/eclipse/core/internal/jobs/Worker;)Lorg/eclipse/core/internal/jobs/InternalJob; @ 177
Event: 999.869 Thread 0x00000000181cb800 Uncommon trap: reason=unstable_if action=reinterpret pc=0x0000000003cb5648 method=org.eclipse.core.internal.jobs.JobManager.nextJob()Lorg/eclipse/core/runtime/jobs/Job; @ 80
Event: 999.869 Thread 0x00000000181cb800 Uncommon trap: reason=unstable_if action=reinterpret pc=0x000000000426a3e8 method=org.eclipse.core.internal.jobs.WorkerPool.startJob(Lorg/eclipse/core/internal/jobs/Worker;)Lorg/eclipse/core/internal/jobs/InternalJob; @ 177
Event: 999.869 Thread 0x000000001a3b9800 Uncommon trap: reason=unstable_if action=reinterpret pc=0x000000000426a3e8 method=org.eclipse.core.internal.jobs.WorkerPool.startJob(Lorg/eclipse/core/internal/jobs/Worker;)Lorg/eclipse/core/internal/jobs/InternalJob; @ 177
Event: 999.869 Thread 0x00000000181cf000 Uncommon trap: reason=unstable_if action=reinterpret pc=0x000000000426a3e8 method=org.eclipse.core.internal.jobs.WorkerPool.startJob(Lorg/eclipse/core/internal/jobs/Worker;)Lorg/eclipse/core/internal/jobs/InternalJob; @ 177
Event: 999.869 Thread 0x00000000181cd000 Uncommon trap: reason=unstable_if action=reinterpret pc=0x000000000426a3e8 method=org.eclipse.core.internal.jobs.WorkerPool.startJob(Lorg/eclipse/core/internal/jobs/Worker;)Lorg/eclipse/core/internal/jobs/InternalJob; @ 177
Event: 999.869 Thread 0x00000000181c1000 Uncommon trap: reason=unstable_if action=reinterpret pc=0x000000000426a3e8 method=org.eclipse.core.internal.jobs.WorkerPool.startJob(Lorg/eclipse/core/internal/jobs/Worker;)Lorg/eclipse/core/internal/jobs/InternalJob; @ 177
Event: 999.869 Thread 0x00000000181ce800 Uncommon trap: reason=unstable_if action=reinterpret pc=0x000000000426a3e8 method=org.eclipse.core.internal.jobs.WorkerPool.startJob(Lorg/eclipse/core/internal/jobs/Worker;)Lorg/eclipse/core/internal/jobs/InternalJob; @ 177
Event: 999.869 Thread 0x00000000181cc000 Uncommon trap: reason=unstable_if action=reinterpret pc=0x000000000426a3e8 method=org.eclipse.core.internal.jobs.WorkerPool.startJob(Lorg/eclipse/core/internal/jobs/Worker;)Lorg/eclipse/core/internal/jobs/InternalJob; @ 177
Event: 999.886 Thread 0x00000000181ca000 Uncommon trap: reason=unstable_if action=reinterpret pc=0x0000000005fc132c method=sun.reflect.UnsafeStaticObjectFieldAccessorImpl.set(Ljava/lang/Object;Ljava/lang/Object;)V @ 13

Internal exceptions (10 events):
Event: 999.861 Thread 0x00000000181ca000 Exception <a 'java/io/IOException'> (0x00000000f667e668) thrown at [C:\re\workspace\8-2-build-windows-amd64-cygwin\jdk8u66\5298\hotspot\src\share\vm\prims\jni.cpp, line 709]
Event: 999.861 Thread 0x00000000181ca000 Exception <a 'java/io/IOException'> (0x00000000f667e8f8) thrown at [C:\re\workspace\8-2-build-windows-amd64-cygwin\jdk8u66\5298\hotspot\src\share\vm\prims\jni.cpp, line 709]
Event: 999.861 Thread 0x00000000181ca000 Exception <a 'java/io/IOException'> (0x00000000f667eb58) thrown at [C:\re\workspace\8-2-build-windows-amd64-cygwin\jdk8u66\5298\hotspot\src\share\vm\prims\jni.cpp, line 709]
Event: 999.869 Thread 0x00000000181ca000 Exception <a 'java/io/IOException'> (0x00000000f6685ea8) thrown at [C:\re\workspace\8-2-build-windows-amd64-cygwin\jdk8u66\5298\hotspot\src\share\vm\prims\jni.cpp, line 709]
Event: 999.869 Thread 0x00000000181ca000 Exception <a 'java/io/IOException'> (0x00000000f6686138) thrown at [C:\re\workspace\8-2-build-windows-amd64-cygwin\jdk8u66\5298\hotspot\src\share\vm\prims\jni.cpp, line 709]
Event: 999.869 Thread 0x00000000181ca000 Exception <a 'java/io/IOException'> (0x00000000f6686398) thrown at [C:\re\workspace\8-2-build-windows-amd64-cygwin\jdk8u66\5298\hotspot\src\share\vm\prims\jni.cpp, line 709]
Event: 999.886 Thread 0x00000000181ca000 Implicit null exception at 0x0000000005fc1037 to 0x0000000005fc1319
Event: 999.886 Thread 0x00000000177d1800 Exception <a 'java/lang/InterruptedException'> (0x00000000f668c5f8) thrown at [C:\re\workspace\8-2-build-windows-amd64-cygwin\jdk8u66\5298\hotspot\src\share\vm\runtime\objectMonitor.cpp, line 1683]
Event: 999.888 Thread 0x00000000181c2800 Exception <a 'java/lang/InterruptedException'> (0x00000000f59d6168) thrown at [C:\re\workspace\8-2-build-windows-amd64-cygwin\jdk8u66\5298\hotspot\src\share\vm\runtime\objectMonitor.cpp, line 1683]
Event: 999.888 Thread 0x00000000176bb800 Exception <a 'java/lang/InterruptedException'> (0x00000000f68b7580) thrown at [C:\re\workspace\8-2-build-windows-amd64-cygwin\jdk8u66\5298\hotspot\src\share\vm\runtime\objectMonitor.cpp, line 1683]

Events (10 events):
Event: 999.893 loading class java/util/IdentityHashMap$KeyIterator done
Event: 999.893 Thread 0x00000000181ca000 Thread added: 0x00000000181ca000
Event: 999.893 Executing VM operation: RevokeBias
Event: 999.893 Executing VM operation: RevokeBias done
Event: 999.893 Executing VM operation: RevokeBias
Event: 999.893 Executing VM operation: RevokeBias done
Event: 999.893 Executing VM operation: RevokeBias
Event: 999.894 Executing VM operation: RevokeBias done
Event: 999.894 Thread 0x00000000181ca000 Thread exited: 0x00000000181ca000
Event: 999.894 Executing VM operation: Exit


Dynamic libraries:
0x0000000000400000 - 0x000000000044f000 	C:\Xilinx\SDK\2016.2\eclipse\win64.o\eclipse.exe
0x0000000077730000 - 0x00000000778da000 	C:\Windows\SYSTEM32\ntdll.dll
0x0000000077610000 - 0x000000007772f000 	C:\Windows\system32\kernel32.dll
0x000007fefd5c0000 - 0x000007fefd62a000 	C:\Windows\system32\KERNELBASE.dll
0x0000000077510000 - 0x000000007760a000 	C:\Windows\system32\USER32.dll
0x000007feff3f0000 - 0x000007feff457000 	C:\Windows\system32\GDI32.dll
0x000007feff5f0000 - 0x000007feff5fe000 	C:\Windows\system32\LPK.dll
0x000007fefe1e0000 - 0x000007fefe2aa000 	C:\Windows\system32\USP10.dll
0x000007fefdba0000 - 0x000007fefdc3f000 	C:\Windows\system32\msvcrt.dll
0x000007fefbd80000 - 0x000007fefbf74000 	C:\Windows\WinSxS\amd64_microsoft.windows.common-controls_6595b64144ccf1df_6.0.7601.18837_none_fa3b1e3d17594757\COMCTL32.dll
0x000007fefe2b0000 - 0x000007fefe321000 	C:\Windows\system32\SHLWAPI.dll
0x000007fefdb70000 - 0x000007fefdb9e000 	C:\Windows\system32\IMM32.DLL
0x000007feff4e0000 - 0x000007feff5e9000 	C:\Windows\system32\MSCTF.dll
0x0000000072000000 - 0x0000000072012000 	C:\Xilinx\SDK\2016.2\eclipse\win64.o\plugins\org.eclipse.equinox.launcher.win32.win32.x86_64_1.1.300.v20150602-1417\eclipse_1611.dll
0x000007fefdd20000 - 0x000007fefddfb000 	C:\Windows\system32\ADVAPI32.dll
0x000007fefe120000 - 0x000007fefe13f000 	C:\Windows\SYSTEM32\sechost.dll
0x000007fefda40000 - 0x000007fefdb6d000 	C:\Windows\system32\RPCRT4.dll
0x000007fefc500000 - 0x000007fefc50c000 	C:\Windows\system32\VERSION.dll
0x000007fefbd20000 - 0x000007fefbd76000 	C:\Windows\system32\UxTheme.dll
0x0000000070430000 - 0x0000000070cb9000 	C:\Xilinx\SDK\2016.2\tps\win64\jre\bin\server\jvm.dll
0x000007fefa200000 - 0x000007fefa209000 	C:\Windows\system32\WSOCK32.dll
0x000007fefde00000 - 0x000007fefde4d000 	C:\Windows\system32\WS2_32.dll
0x000007feff7e0000 - 0x000007feff7e8000 	C:\Windows\system32\NSI.dll
0x000007fefa240000 - 0x000007fefa27b000 	C:\Windows\system32\WINMM.dll
0x00000000778f0000 - 0x00000000778f7000 	C:\Windows\system32\PSAPI.DLL
0x0000000072fe0000 - 0x00000000730b2000 	C:\Windows\system32\MSVCR100.dll
0x0000000074370000 - 0x000000007437f000 	C:\Xilinx\SDK\2016.2\tps\win64\jre\bin\verify.dll
0x0000000072b30000 - 0x0000000072b59000 	C:\Xilinx\SDK\2016.2\tps\win64\jre\bin\java.dll
0x0000000072b70000 - 0x0000000072b86000 	C:\Xilinx\SDK\2016.2\tps\win64\jre\bin\zip.dll
0x000007fefe660000 - 0x000007feff3e9000 	C:\Windows\system32\SHELL32.dll
0x000007fefd830000 - 0x000007fefda33000 	C:\Windows\system32\ole32.dll
0x000007fefd480000 - 0x000007fefd48f000 	C:\Windows\system32\profapi.dll
0x000007fefcc70000 - 0x000007fefcc88000 	C:\Windows\system32\CRYPTSP.dll
0x000007fefc970000 - 0x000007fefc9b7000 	C:\Windows\system32\rsaenh.dll
0x000007fefd630000 - 0x000007fefd64e000 	C:\Windows\system32\USERENV.dll
0x000007fefd2d0000 - 0x000007fefd2df000 	C:\Windows\system32\CRYPTBASE.dll
0x0000000072bb0000 - 0x0000000072bca000 	C:\Xilinx\SDK\2016.2\tps\win64\jre\bin\net.dll
0x000007fefcc10000 - 0x000007fefcc65000 	C:\Windows\system32\mswsock.dll
0x000007fefcc00000 - 0x000007fefcc07000 	C:\Windows\System32\wship6.dll
0x000007fef9c30000 - 0x000007fef9c57000 	C:\Windows\system32\IPHLPAPI.DLL
0x000007fef9c20000 - 0x000007fef9c2b000 	C:\Windows\system32\WINNSI.DLL
0x000007fefaae0000 - 0x000007fefaaf1000 	C:\Windows\system32\dhcpcsvc6.DLL
0x000007fefaac0000 - 0x000007fefaad8000 	C:\Windows\system32\dhcpcsvc.DLL
0x0000000071a10000 - 0x0000000071a21000 	C:\Xilinx\SDK\2016.2\tps\win64\jre\bin\nio.dll
0x000007fef9ff0000 - 0x000007fefa005000 	C:\Windows\system32\NLAapi.dll
0x000007fefa3b0000 - 0x000007fefa3c5000 	C:\Windows\system32\napinsp.dll
0x000007fefa370000 - 0x000007fefa389000 	C:\Windows\system32\pnrpnsp.dll
0x000007fefca90000 - 0x000007fefcaeb000 	C:\Windows\system32\DNSAPI.dll
0x000007fefa3a0000 - 0x000007fefa3ab000 	C:\Windows\System32\winrnr.dll
0x000007fefc5d0000 - 0x000007fefc5d7000 	C:\Windows\System32\wshtcpip.dll
0x000007fefa4b0000 - 0x000007fefa4b8000 	C:\Windows\system32\rasadhlp.dll
0x000007fefac90000 - 0x000007feface3000 	C:\Windows\System32\fwpuclnt.dll
0x0000000018a30000 - 0x0000000018ad8000 	C:\Users\dezfoul2\.Xilinx\SDK\2016.2\org.eclipse.osgi\312\0\.cp\swt-win32-4527.dll
0x000007fefdc40000 - 0x000007fefdd18000 	C:\Windows\system32\OLEAUT32.dll
0x000007feff980000 - 0x000007feffa17000 	C:\Windows\system32\comdlg32.dll
0x000007fef6b00000 - 0x000007fef6b71000 	C:\Windows\system32\WINSPOOL.DRV
0x000007fefe330000 - 0x000007fefe5f5000 	C:\Windows\system32\WININET.dll
0x000007fefd510000 - 0x000007fefd514000 	C:\Windows\system32\api-ms-win-downlevel-user32-l1-1-0.dll
0x000007fefd7d0000 - 0x000007fefd7d4000 	C:\Windows\system32\api-ms-win-downlevel-shlwapi-l1-1-0.dll
0x000007fefd7c0000 - 0x000007fefd7c4000 	C:\Windows\system32\api-ms-win-downlevel-version-l1-1-0.dll
0x000007fefd7e0000 - 0x000007fefd7e3000 	C:\Windows\system32\api-ms-win-downlevel-normaliz-l1-1-0.dll
0x0000000077900000 - 0x0000000077903000 	C:\Windows\system32\normaliz.DLL
0x000007fefde50000 - 0x000007fefe119000 	C:\Windows\system32\iertutil.dll
0x000007fefd4b0000 - 0x000007fefd4b5000 	C:\Windows\system32\api-ms-win-downlevel-advapi32-l1-1-0.dll
0x000007fefd650000 - 0x000007fefd7bd000 	C:\Windows\system32\CRYPT32.dll
0x000007fefd470000 - 0x000007fefd47f000 	C:\Windows\system32\MSASN1.dll
0x000007fefb7f0000 - 0x000007fefb91c000 	C:\Windows\system32\propsys.dll
0x000007fefe140000 - 0x000007fefe1d9000 	C:\Windows\system32\CLBCatQ.DLL
0x0000000002390000 - 0x00000000023ae000 	C:\Users\dezfoul2\.Xilinx\SDK\2016.2\org.eclipse.osgi\312\0\.cp\swt-gdip-win32-4527.dll
0x000007fefbb00000 - 0x000007fefbd16000 	C:\Windows\WinSxS\amd64_microsoft.windows.gdiplus_6595b64144ccf1df_1.1.7601.23508_none_145555328b95eaaa\gdiplus.dll
0x000007fefb620000 - 0x000007fefb781000 	C:\Windows\system32\WindowsCodecs.dll
0x0000000180000000 - 0x0000000180012000 	C:\Users\dezfoul2\.Xilinx\SDK\2016.2\org.eclipse.osgi\126\0\.cp\os\win32\x86_64\localfile_1_0_0.dll
0x000007fef4ba0000 - 0x000007fef4bf4000 	C:\Windows\system32\oleacc.dll
0x000007fef9dd0000 - 0x000007fef9dd7000 	C:\Windows\system32\msimg32.dll
0x000007fefd3c0000 - 0x000007fefd3d4000 	C:\Windows\system32\RpcRtRemote.dll
0x000007fefd270000 - 0x000007fefd2c7000 	C:\Windows\system32\apphelp.dll
0x000007fefac60000 - 0x000007fefac71000 	C:\Users\dezfoul2\.Xilinx\SDK\2016.2\org.eclipse.osgi\129\0\.cp\jWinHttp-1.0.0.dll
0x000007fef9760000 - 0x000007fef97d1000 	C:\Windows\system32\WINHTTP.dll
0x000007fef96f0000 - 0x000007fef9754000 	C:\Windows\system32\webio.dll
0x000007fefd240000 - 0x000007fefd265000 	C:\Windows\system32\SspiCli.dll
0x000007fefc860000 - 0x000007fefc86a000 	C:\Windows\system32\credssp.dll
0x000007fefd4c0000 - 0x000007fefd4f6000 	C:\Windows\system32\CFGMGR32.dll
0x000007fefa5a0000 - 0x000007fefa5af000 	C:\Xilinx\SDK\2016.2\lib\win64.o\librdi_repo_manager.dll
0x000007fef4630000 - 0x000007fef465a000 	C:\Xilinx\SDK\2016.2\lib\win64.o\libisl_sysinfo.dll
0x000007feec4a0000 - 0x000007feec574000 	C:\Windows\system32\MSVCR110.dll
0x000007feec370000 - 0x000007feec417000 	C:\Windows\system32\MSVCP110.dll
0x000007febb930000 - 0x000007febc370000 	C:\Xilinx\SDK\2016.2\lib\win64.o\librdi_common.dll
0x000007febb5c0000 - 0x000007febb92e000 	C:\Xilinx\SDK\2016.2\lib\win64.o\libCOIN-all.dll
0x000007fef4410000 - 0x000007fef462f000 	C:\Xilinx\SDK\2016.2\lib\win64.o\libXil_lmgr11.dll
0x000007fefb4e0000 - 0x000007fefb4f6000 	C:\Windows\system32\NETAPI32.dll
0x000007fefc8a0000 - 0x000007fefc8ac000 	C:\Windows\system32\netutils.dll
0x000007fefce80000 - 0x000007fefcea3000 	C:\Windows\system32\srvcli.dll
0x000007fefb4c0000 - 0x000007fefb4d5000 	C:\Windows\system32\wkscli.dll
0x000007fefd7f0000 - 0x000007fefd82b000 	C:\Windows\system32\WINTRUST.dll
0x000007fefa4c0000 - 0x000007fefa4d0000 	C:\Xilinx\SDK\2016.2\lib\win64.o\libboost_date_time.dll
0x000007fef43e0000 - 0x000007fef4404000 	C:\Xilinx\SDK\2016.2\lib\win64.o\libboost_filesystem.dll
0x000007fef47c0000 - 0x000007fef47c9000 	C:\Xilinx\SDK\2016.2\lib\win64.o\libboost_system.dll
0x000007fef4360000 - 0x000007fef43d7000 	C:\Xilinx\SDK\2016.2\lib\win64.o\libboost_program_options.dll
0x000007fef3c00000 - 0x000007fef3d06000 	C:\Xilinx\SDK\2016.2\lib\win64.o\libboost_regex.dll
0x000007fef4750000 - 0x000007fef4763000 	C:\Xilinx\SDK\2016.2\lib\win64.o\libboost_signals.dll
0x000007fef4340000 - 0x000007fef435d000 	C:\Xilinx\SDK\2016.2\lib\win64.o\libboost_thread.dll
0x000007fef47b0000 - 0x000007fef47bb000 	C:\Xilinx\SDK\2016.2\lib\win64.o\libboost_chrono.dll
0x000007fef4330000 - 0x000007fef433b000 	C:\Xilinx\SDK\2016.2\lib\win64.o\libboost_xilinx.dll
0x000007feeb360000 - 0x000007feeb3e0000 	C:\Xilinx\SDK\2016.2\lib\win64.o\libhdlpsolve.dll
0x000007fef4040000 - 0x000007fef40da000 	C:\Xilinx\SDK\2016.2\lib\win64.o\libhdxml.dll
0x000007febb150000 - 0x000007febb5b5e00 	C:\Xilinx\SDK\2016.2\lib\win64.o\libisl_iostreams.dll
0x000007fef4020000 - 0x000007fef4036000 	C:\Xilinx\SDK\2016.2\lib\win64.o\libboost_iostreams.dll
0x000007fef3ff0000 - 0x000007fef4013000 	C:\Xilinx\SDK\2016.2\lib\win64.o\librdizlib.dll
0x000007feeb330000 - 0x000007feeb353000 	C:\Xilinx\SDK\2016.2\lib\win64.o\libisl_iosutils.dll
0x000007feeb310000 - 0x000007feeb325000 	C:\Xilinx\SDK\2016.2\lib\win64.o\pthreadVC2.dll
0x000007feeb2b0000 - 0x000007feeb304000 	C:\Xilinx\SDK\2016.2\lib\win64.o\librdi_commonxillic.dll
0x000007febb020000 - 0x000007febb150000 	C:\Xilinx\SDK\2016.2\lib\win64.o\librdi_curl.dll
0x000007feeb290000 - 0x000007feeb2a8000 	C:\Xilinx\SDK\2016.2\lib\win64.o\librdiconfig.dll
0x0000000071610000 - 0x0000000071737000 	C:\Xilinx\SDK\2016.2\lib\win64.o\tcl85t.dll
0x0000000027600000 - 0x0000000027863000 	C:\Xilinx\SDK\2016.2\lib\win64.o\xerces-c_3_1.dll
0x000007feff7f0000 - 0x000007feff976000 	C:\Windows\system32\urlmon.dll
0x000007fefd500000 - 0x000007fefd504000 	C:\Windows\system32\api-ms-win-downlevel-ole32-l1-1-0.dll
0x000007feee7a0000 - 0x000007feee7c3000 	C:\Windows\system32\VCOMP110.DLL
0x000007febae20000 - 0x000007febb012000 	C:\Xilinx\SDK\2016.2\lib\win64.o\librdi_hsm.dll
0x000007feeb240000 - 0x000007feeb283000 	C:\Xilinx\SDK\2016.2\lib\win64.o\librdi_hdf.dll
0x000007febab90000 - 0x000007febae11000 	C:\Xilinx\SDK\2016.2\lib\win64.o\librdi_ippcw.dll
0x000007fef4320000 - 0x000007fef432a000 	C:\Xilinx\SDK\2016.2\lib\win64.o\librdi_jtag_settings.dll
0x000007feba320000 - 0x000007feba349000 	C:\Xilinx\SDK\2016.2\lib\win64.o\librdi_debug_dialog.dll
0x000007fef3640000 - 0x000007fef3648000 	C:\Xilinx\SDK\2016.2\lib\win64.o\librdi_target_manager.dll
0x000007fef4660000 - 0x000007fef4676000 	C:\Xilinx\SDK\2016.2\eclipse\win64.o\plugins\org.eclipse.cdt.core.win32.x86_64_5.4.0.201509131935\os\win32\x86_64\spawner.dll
0x000007fef8da0000 - 0x000007fef8dd5000 	C:\Windows\system32\EhStorShell.dll
0x000007feff600000 - 0x000007feff7d7000 	C:\Windows\system32\SETUPAPI.dll
0x000007fefd490000 - 0x000007fefd4aa000 	C:\Windows\system32\DEVOBJ.dll

VM Arguments:
jvm_args: -Dcom.xilinx.sdk.args.hwspec=W:/ece532/src/hdmi.sdk/hdmi_wrapper.hdf -Xms64m -Xmx512m & 
java_command: <unknown>
java_class_path (initial): C:\Xilinx\SDK\2016.2\eclipse\win64.o\\plugins/org.eclipse.equinox.launcher_1.3.100.v20150511-1540.jar
Launcher Type: generic

Environment Variables:
PATH=C:/Xilinx/SDK/2016.2/tps/win64/jre/bin/server;C:/Xilinx/SDK/2016.2/tps/win64/jre/bin;C:/Xilinx/SDK/2016.2/tps/win64/jre/lib/amd64;C:\Xilinx\SDK\2016.2\gnuwin\bin;C:\Xilinx\SDK\2016.2\gnu\microblaze\nt\bin;C:\Xilinx\SDK\2016.2\gnu\microblaze\linux_toolchain\nt64_le\bin;C:\Xilinx\SDK\2016.2\gnu\microblaze\linux_toolchain\nt64_be\bin;C:\Xilinx\SDK\2016.2\gnu\arm\nt\bin;C:\Xilinx\SDK\2016.2\gnu\aarch64\nt\aarch64-none\bin;C:\Xilinx\SDK\2016.2\gnu\aarch64\nt\aarch64-linux\bin;C:\Xilinx\SDK\2016.2\gnu\armr5\nt\gcc-arm-none-eabi\bin;C:\Xilinx\SDK\2016.2\gnu\aarch32\nt\gcc-arm-none-eabi\bin;C:\Xilinx\SDK\2016.2\gnu\aarch32\nt\gcc-arm-linux-gnueabi\bin;C:\Xilinx\SDK\2016.2\tps\win64\cmake-3.3.2\bin;;C:\Xilinx\SDK\2016.2\bin;C:\Xilinx\SDK\2016.2\lib\win64.o;C:\Xilinx\SDK\2016.2\tps\win64\jre\bin\server;C:\Xilinx\SDK\2016.2\tps\win64\jre\bin;C:\Xilinx\Vivado\2016.2\ids_lite\ISE\bin\nt64;C:\Xilinx\Vivado\2016.2\ids_lite\ISE\lib\nt64;C:\Xilinx\Vivado\2016.2\bin;C:\Xilinx\Vivado\2016.2\lib\win64.o;C:\Xilinx\Vivado\2016.2\tps\win64\jre\bin\server;C:\Xilinx\Vivado\2016.2\tps\win64\jre\bin;C:\Xilinx\Vivado_HLS\2016.2\bin;C:\Users\dezfoul2\bin;W:\Git\Git\mingw64\bin;W:\Git\Git\usr\local\bin;W:\Git\Git\usr\bin;C:\Windows\system32;C:\Windows;C:\Windows\System32\Wbem;C:\Windows\System32\WindowsPowerShell\v1.0;C:\Program Files (x86)\Java\jre6\bin;C:\Program Files (x86)\eclipse;C:\altera\16.0\quartus\bin64;C:\altera\16.0\quartus\bin64\jre64\bin;W:\Git\Git\usr\bin\vendor_perl;W:\Git\Git\usr\bin\core_perl;w:\ece532\src;
USERNAME=dezfoul2
SHELL=W:\Git\Git\usr\bin\bash.exe
DISPLAY=needs-to-be-defined
OS=Windows_NT
PROCESSOR_IDENTIFIER=Intel64 Family 6 Model 60 Stepping 3, GenuineIntel



---------------  S Y S T E M  ---------------

OS: Windows 7 , 64 bit Build 7601 (6.1.7601.23418)

CPU:total 8 (4 cores per cpu, 2 threads per core) family 6 model 60 stepping 3, cmov, cx8, fxsr, mmx, sse, sse2, sse3, ssse3, sse4.1, sse4.2, popcnt, avx, avx2, aes, clmul, erms, lzcnt, ht, tsc, tscinvbit, bmi1, bmi2

Memory: 4k page, physical 16683160k(9574816k free), swap 33364460k(25683512k free)

vm_info: Java HotSpot(TM) 64-Bit Server VM (25.66-b18) for windows-amd64 JRE (1.8.0_66-b18), built on Nov  9 2015 10:51:13 by "java_re" with MS VC++ 10.0 (VS2010)

time: Tue Mar 21 18:56:25 2017
elapsed time: 1000 seconds (0d 0h 16m 40s)

