#
# A fatal error has been detected by the Java Runtime Environment:
#
#  EXCEPTION_UNCAUGHT_CXX_EXCEPTION (0xe06d7363) at pc=0x000007fefd74a06d, pid=3628, tid=3268
#
# JRE version: Java(TM) SE Runtime Environment (8.0_66-b18) (build 1.8.0_66-b18)
# Java VM: Java HotSpot(TM) 64-Bit Server VM (25.66-b18 mixed mode windows-amd64 compressed oops)
# Problematic frame:
# C  [KERNELBASE.dll+0x1a06d]
#
# Failed to write core dump. Minidumps are not enabled by default on client versions of Windows
#
# If you would like to submit a bug report, please visit:
#   http://bugreport.java.com/bugreport/crash.jsp
#

---------------  T H R E A D  ---------------

Current thread (0x0000000014f22800):  VMThread [stack: 0x0000000015e70000,0x0000000015f70000] [id=3268]

siginfo: ExceptionCode=0xe06d7363, ExceptionInformation=0x0000000019930520 0x0000000015f6f4c8 0x000007feea952cb8 0x000007feea8a0000 

Registers:
RAX=0x0000000062520674, RBX=0x000007feea952cb8, RCX=0x0000000015f6ed10, RDX=0x00000000000000d0
RSP=0x0000000015f6f320, RBP=0x0000000015f6f450, RSI=0x00000000ffffffff, RDI=0x0000000026ac6040
R8 =0x0000000000000000, R9 =0x0000000000000000, R10=0x000007feea8a0000, R11=0x0000000015f6f360
R12=0x0000000000000001, R13=0x0000000000000008, R14=0x0000000000000000, R15=0xffffffffffffffff
RIP=0x000007fefd74a06d, EFLAGS=0x0000000000000206

Top of Stack: (sp=0x0000000015f6f320)
0x0000000015f6f320:   000007feea952cb8 00000000ffffffff
0x0000000015f6f330:   0000000026ac6040 0000000000367020
0x0000000015f6f340:   00000001e06d7363 0000000000000000
0x0000000015f6f350:   000007fefd74a06d 000007fe00000004
0x0000000015f6f360:   0000000019930520 0000000015f6f4c8
0x0000000015f6f370:   000007feea952cb8 000007feea8a0000
0x0000000015f6f380:   0000000000000000 0000000015f6f408
0x0000000015f6f390:   0000000000000028 0000000026ac6030
0x0000000015f6f3a0:   0000000000390de0 0000000000000000
0x0000000015f6f3b0:   000007fffffa8000 000000007794f2d3
0x0000000015f6f3c0:   0000000000000000 0000000000000008
0x0000000015f6f3d0:   0000000000000001 0000000026ac6040
0x0000000015f6f3e0:   00000000ffffffff 000007feea8fe92c
0x0000000015f6f3f0:   000007feea952cb8 0000000015f6f460
0x0000000015f6f400:   0000000000000001 000007feea8a00f8
0x0000000015f6f410:   00000001e06d7363 0000000000000000 

Instructions: (pc=0x000007fefd74a06d)
0x000007fefd74a04d:   54 24 24 48 89 4c 24 28 4d 85 c9 0f 85 6a 03 00
0x000007fefd74a05d:   00 89 4c 24 38 48 8d 4c 24 20 ff 15 33 02 03 00
0x000007fefd74a06d:   48 81 c4 c8 00 00 00 c3 90 90 90 90 90 90 90 90
0x000007fefd74a07d:   90 90 90 48 83 ec 28 65 48 8b 04 25 30 00 00 00 


Register to memory mapping:

RAX=0x0000000062520674 is an unknown value
RBX=0x000007feea952cb8 is an unknown value
RCX=0x0000000015f6ed10 is an unknown value
RDX=0x00000000000000d0 is an unknown value
RSP=0x0000000015f6f320 is an unknown value
RBP=0x0000000015f6f450 is an unknown value
RSI=0x00000000ffffffff is an unknown value
RDI=0x0000000026ac6040 is an unknown value
R8 =0x0000000000000000 is an unknown value
R9 =0x0000000000000000 is an unknown value
R10=0x000007feea8a0000 is an unknown value
R11=0x0000000015f6f360 is an unknown value
R12=0x0000000000000001 is an unknown value
R13=0x0000000000000008 is an unknown value
R14=0x0000000000000000 is an unknown value
R15=0xffffffffffffffff is an unknown value


Stack: [0x0000000015e70000,0x0000000015f70000],  sp=0x0000000015f6f320,  free space=1020k
Native frames: (J=compiled Java code, j=interpreted, Vv=VM code, C=native code)
C  [KERNELBASE.dll+0x1a06d]
C  [MSVCR110.dll+0x5e92c]
C  [MSVCR110.dll+0x1315c]
C  [MSVCR110.dll+0x136a9]
C  [MSVCR110.dll+0x13e9c]
C  [MSVCR110.dll+0x239e]
C  [MSVCR110.dll+0xaf9e]
C  [MSVCP110.dll+0x397b9]
C  [librdi_common.dll+0x182316]
C  [librdi_common.dll+0x180fab]
C  [librdi_target_manager.dll+0x2400]
C  [librdi_target_manager.dll+0x2682]
C  [ntdll.dll+0x229b1]
C  [ntdll.dll+0x227c0]
C  [MSVCR100.dll+0x20ccd]
V  [jvm.dll+0x210cc5]
V  [jvm.dll+0x249897]
V  [jvm.dll+0x248b36]
V  [jvm.dll+0x248fd1]
V  [jvm.dll+0x2491ee]
V  [jvm.dll+0x29a0fa]
C  [MSVCR100.dll+0x21d9f]
C  [MSVCR100.dll+0x21e3b]
C  [kernel32.dll+0x159bd]
C  [ntdll.dll+0x2a2e1]

VM_Operation (0x000000000012f4c0): Exit, mode: safepoint, requested by thread 0x0000000002478000


---------------  P R O C E S S  ---------------

Java Threads: ( => current thread )
  0x000000001ba29000 JavaThread "pool-2-thread-10" [_thread_blocked, id=4572, stack(0x000000002a940000,0x000000002aa40000)]
  0x0000000019fa5800 JavaThread "pool-2-thread-9" [_thread_blocked, id=4308, stack(0x0000000029f50000,0x000000002a050000)]
  0x0000000019ad5800 JavaThread "pool-2-thread-8" [_thread_blocked, id=1940, stack(0x000000002a060000,0x000000002a160000)]
  0x0000000019ad4800 JavaThread "pool-2-thread-7" [_thread_blocked, id=4380, stack(0x0000000029d10000,0x0000000029e10000)]
  0x0000000019ad8800 JavaThread "pool-2-thread-6" [_thread_blocked, id=4228, stack(0x0000000029a10000,0x0000000029b10000)]
  0x0000000019ada800 JavaThread "pool-2-thread-5" [_thread_blocked, id=3816, stack(0x0000000029810000,0x0000000029910000)]
  0x0000000019ad4000 JavaThread "pool-2-thread-4" [_thread_blocked, id=3624, stack(0x00000000292a0000,0x00000000293a0000)]
  0x000000001bd0f000 JavaThread "pool-2-thread-3" [_thread_blocked, id=3068, stack(0x0000000028000000,0x0000000028100000)]
  0x000000001c71c800 JavaThread "pool-2-thread-2" [_thread_blocked, id=4420, stack(0x000000001fb40000,0x000000001fc40000)]
  0x000000001c718000 JavaThread "pool-2-thread-1" [_thread_blocked, id=2384, stack(0x0000000028400000,0x0000000028500000)]
  0x000000001bd0c000 JavaThread "Thread-49" daemon [_thread_blocked, id=3632, stack(0x0000000028200000,0x0000000028300000)]
  0x000000001aaee000 JavaThread "TCF Channel Transmitter" daemon [_thread_blocked, id=2372, stack(0x0000000025fe0000,0x00000000260e0000)]
  0x000000001aaed800 JavaThread "TCF Channel Receiver" daemon [_thread_in_native, id=5044, stack(0x0000000025c80000,0x0000000025d80000)]
  0x000000001aaeb000 JavaThread "Process monitor" daemon [_thread_in_native, id=4128, stack(0x00000000259f0000,0x0000000025af0000)]
  0x000000001aaea000 JavaThread "Input Stream Monitor" daemon [_thread_blocked, id=3996, stack(0x00000000258f0000,0x00000000259f0000)]
  0x000000001bd12000 JavaThread "Output Stream Monitor" daemon [_thread_in_native, id=1156, stack(0x0000000025510000,0x0000000025610000)]
  0x000000001bd0d800 JavaThread "Output Stream Monitor" daemon [_thread_in_native, id=2608, stack(0x00000000253d0000,0x00000000254d0000)]
  0x000000001ba35000 JavaThread "TCF Locator DNS Lookup" daemon [_thread_blocked, id=4312, stack(0x0000000023730000,0x0000000023830000)]
  0x000000001ba34800 JavaThread "TCF Locator Timer" daemon [_thread_blocked, id=4300, stack(0x0000000023630000,0x0000000023730000)]
  0x000000001ba32000 JavaThread "TCF Timer Dispatcher" daemon [_thread_blocked, id=4280, stack(0x0000000023290000,0x0000000023390000)]
  0x000000001ba2a800 JavaThread "EMF Reference Cleaner" daemon [_thread_blocked, id=3828, stack(0x0000000019070000,0x0000000019170000)]
  0x0000000014fd7800 JavaThread "Service Thread" daemon [_thread_blocked, id=4124, stack(0x0000000016770000,0x0000000016870000)]
  0x0000000014f89800 JavaThread "C1 CompilerThread3" daemon [_thread_blocked, id=4204, stack(0x0000000016670000,0x0000000016770000)]
  0x0000000014f7c800 JavaThread "C2 CompilerThread2" daemon [_thread_blocked, id=4464, stack(0x0000000016570000,0x0000000016670000)]
  0x0000000014f79800 JavaThread "C2 CompilerThread1" daemon [_thread_blocked, id=4068, stack(0x0000000016470000,0x0000000016570000)]
  0x0000000014f75800 JavaThread "C2 CompilerThread0" daemon [_thread_blocked, id=4468, stack(0x0000000016370000,0x0000000016470000)]
  0x0000000014f6e000 JavaThread "Attach Listener" daemon [_thread_blocked, id=4220, stack(0x0000000016270000,0x0000000016370000)]
  0x0000000014f6c800 JavaThread "Signal Dispatcher" daemon [_thread_blocked, id=5024, stack(0x0000000016170000,0x0000000016270000)]
  0x0000000013dab000 JavaThread "Finalizer" daemon [_thread_blocked, id=4020, stack(0x0000000016070000,0x0000000016170000)]
  0x0000000013da4000 JavaThread "Reference Handler" daemon [_thread_blocked, id=3412, stack(0x0000000015f70000,0x0000000016070000)]
  0x0000000002478000 JavaThread "main" [_thread_blocked, id=4748, stack(0x0000000000030000,0x0000000000130000)]

Other Threads:
=>0x0000000014f22800 VMThread [stack: 0x0000000015e70000,0x0000000015f70000] [id=3268]

VM state:at safepoint (shutting down)

VM Mutex/Monitor currently owned by a thread:  ([mutex/lock_event])
[0x00000000004be2f0] Threads_lock - owner thread: 0x0000000014f22800

Heap:
 PSYoungGen      total 151552K, used 28320K [0x00000000f5580000, 0x0000000100000000, 0x0000000100000000)
  eden space 148992K, 17% used [0x00000000f5580000,0x00000000f6ee1a90,0x00000000fe700000)
  from space 2560K, 91% used [0x00000000fe700000,0x00000000fe946728,0x00000000fe980000)
  to   space 14336K, 0% used [0x00000000ff200000,0x00000000ff200000,0x0000000100000000)
 ParOldGen       total 142336K, used 82283K [0x00000000e0000000, 0x00000000e8b00000, 0x00000000f5580000)
  object space 142336K, 57% used [0x00000000e0000000,0x00000000e505aca8,0x00000000e8b00000)
 Metaspace       used 100211K, capacity 107676K, committed 107904K, reserved 1142784K
  class space    used 11702K, capacity 14077K, committed 14208K, reserved 1048576K

Card table byte_map: [0x00000000119b0000,0x0000000011ac0000] byte_map_base: 0x00000000112b0000

Marking Bits: (ParMarkBitMap*) 0x0000000070eba5b0
 Begin Bits: [0x00000000122c0000, 0x0000000012ac0000)
 End Bits:   [0x0000000012ac0000, 0x00000000132c0000)

Polling page: 0x00000000004c0000

CodeCache: size=245760Kb used=62835Kb max_used=63119Kb free=182924Kb
 bounds [0x00000000025f0000, 0x0000000006410000, 0x00000000115f0000]
 total_blobs=17752 nmethods=16826 adapters=831
 compilation: enabled

Compilation events (10 events):
Event: 4450.843 Thread 0x0000000014f89800 22022   !   3       org.eclipse.osgi.container.Module::$SWITCH_TABLE$org$eclipse$osgi$container$ModuleContainerAdaptor$ModuleEvent (157 bytes)
Event: 4450.843 Thread 0x0000000014f89800 nmethod 22022 0x000000000383b150 code [0x000000000383b340, 0x000000000383c068]
Event: 4450.844 Thread 0x0000000014f89800 22024  s    3       java.util.Hashtable::clear (38 bytes)
Event: 4450.844 Thread 0x0000000014f89800 nmethod 22024 0x000000000490be50 code [0x000000000490bfc0, 0x000000000490c490]
Event: 4450.846 Thread 0x0000000014f89800 22025   !   3       org.eclipse.osgi.container.ModuleDatabase::getRevisionsTimestamp (25 bytes)
Event: 4450.846 Thread 0x0000000014f89800 nmethod 22025 0x0000000004ae5950 code [0x0000000004ae5b60, 0x0000000004ae6898]
Event: 4450.847 Thread 0x0000000014f89800 22023       1       org.eclipse.osgi.storage.Storage::getModuleDatabase (5 bytes)
Event: 4450.847 Thread 0x0000000014f89800 nmethod 22023 0x0000000002975a10 code [0x0000000002975b60, 0x0000000002975c70]
Event: 4450.849 Thread 0x0000000014f89800 22021   !   3       org.eclipse.osgi.storage.BundleInfo$Generation::close (34 bytes)
Event: 4450.849 Thread 0x0000000014f89800 nmethod 22021 0x0000000003203450 code [0x00000000032035c0, 0x00000000032039e8]

GC Heap History (10 events):
Event: 4388.938 GC heap before
{Heap before GC invocations=3561 (full 25):
 PSYoungGen      total 162304K, used 161045K [0x00000000f5580000, 0x0000000100000000, 0x0000000100000000)
  eden space 150528K, 99% used [0x00000000f5580000,0x00000000fe749490,0x00000000fe880000)
  from space 11776K, 99% used [0x00000000fe880000,0x00000000ff3fc0d0,0x00000000ff400000)
  to   space 12288K, 0% used [0x00000000ff400000,0x00000000ff400000,0x0000000100000000)
 ParOldGen       total 142336K, used 124457K [0x00000000e0000000, 0x00000000e8b00000, 0x00000000f5580000)
  object space 142336K, 87% used [0x00000000e0000000,0x00000000e798a5e0,0x00000000e8b00000)
 Metaspace       used 99445K, capacity 107022K, committed 107264K, reserved 1142784K
  class space    used 11627K, capacity 14038K, committed 14080K, reserved 1048576K
Event: 4388.942 GC heap after
Heap after GC invocations=3561 (full 25):
 PSYoungGen      total 162304K, used 11232K [0x00000000f5580000, 0x0000000100000000, 0x0000000100000000)
  eden space 150016K, 0% used [0x00000000f5580000,0x00000000f5580000,0x00000000fe800000)
  from space 12288K, 91% used [0x00000000ff400000,0x00000000ffef8290,0x0000000100000000)
  to   space 12288K, 0% used [0x00000000fe800000,0x00000000fe800000,0x00000000ff400000)
 ParOldGen       total 142336K, used 125003K [0x00000000e0000000, 0x00000000e8b00000, 0x00000000f5580000)
  object space 142336K, 87% used [0x00000000e0000000,0x00000000e7a12ce0,0x00000000e8b00000)
 Metaspace       used 99445K, capacity 107022K, committed 107264K, reserved 1142784K
  class space    used 11627K, capacity 14038K, committed 14080K, reserved 1048576K
}
Event: 4389.063 GC heap before
{Heap before GC invocations=3562 (full 25):
 PSYoungGen      total 162304K, used 160573K [0x00000000f5580000, 0x0000000100000000, 0x0000000100000000)
  eden space 150016K, 99% used [0x00000000f5580000,0x00000000fe7572a0,0x00000000fe800000)
  from space 12288K, 91% used [0x00000000ff400000,0x00000000ffef8290,0x0000000100000000)
  to   space 12288K, 0% used [0x00000000fe800000,0x00000000fe800000,0x00000000ff400000)
 ParOldGen       total 142336K, used 125003K [0x00000000e0000000, 0x00000000e8b00000, 0x00000000f5580000)
  object space 142336K, 87% used [0x00000000e0000000,0x00000000e7a12ce0,0x00000000e8b00000)
 Metaspace       used 99445K, capacity 107022K, committed 107264K, reserved 1142784K
  class space    used 11627K, capacity 14038K, committed 14080K, reserved 1048576K
Event: 4389.067 GC heap after
Heap after GC invocations=3562 (full 25):
 PSYoungGen      total 162304K, used 11001K [0x00000000f5580000, 0x0000000100000000, 0x0000000100000000)
  eden space 150016K, 0% used [0x00000000f5580000,0x00000000f5580000,0x00000000fe800000)
  from space 12288K, 89% used [0x00000000fe800000,0x00000000ff2be508,0x00000000ff400000)
  to   space 12288K, 0% used [0x00000000ff400000,0x00000000ff400000,0x0000000100000000)
 ParOldGen       total 142336K, used 125300K [0x00000000e0000000, 0x00000000e8b00000, 0x00000000f5580000)
  object space 142336K, 88% used [0x00000000e0000000,0x00000000e7a5d028,0x00000000e8b00000)
 Metaspace       used 99445K, capacity 107022K, committed 107264K, reserved 1142784K
  class space    used 11627K, capacity 14038K, committed 14080K, reserved 1048576K
}
Event: 4394.026 GC heap before
{Heap before GC invocations=3563 (full 25):
 PSYoungGen      total 162304K, used 122718K [0x00000000f5580000, 0x0000000100000000, 0x0000000100000000)
  eden space 150016K, 74% used [0x00000000f5580000,0x00000000fc2995a8,0x00000000fe800000)
  from space 12288K, 89% used [0x00000000fe800000,0x00000000ff2be508,0x00000000ff400000)
  to   space 12288K, 0% used [0x00000000ff400000,0x00000000ff400000,0x0000000100000000)
 ParOldGen       total 142336K, used 125300K [0x00000000e0000000, 0x00000000e8b00000, 0x00000000f5580000)
  object space 142336K, 88% used [0x00000000e0000000,0x00000000e7a5d028,0x00000000e8b00000)
 Metaspace       used 99445K, capacity 107022K, committed 107264K, reserved 1142784K
  class space    used 11627K, capacity 14038K, committed 14080K, reserved 1048576K
Event: 4394.030 GC heap after
Heap after GC invocations=3563 (full 25):
 PSYoungGen      total 161280K, used 5846K [0x00000000f5580000, 0x0000000100000000, 0x0000000100000000)
  eden space 148992K, 0% used [0x00000000f5580000,0x00000000f5580000,0x00000000fe700000)
  from space 12288K, 47% used [0x00000000ff400000,0x00000000ff9b5948,0x0000000100000000)
  to   space 12800K, 0% used [0x00000000fe700000,0x00000000fe700000,0x00000000ff380000)
 ParOldGen       total 142336K, used 125340K [0x00000000e0000000, 0x00000000e8b00000, 0x00000000f5580000)
  object space 142336K, 88% used [0x00000000e0000000,0x00000000e7a67028,0x00000000e8b00000)
 Metaspace       used 99445K, capacity 107022K, committed 107264K, reserved 1142784K
  class space    used 11627K, capacity 14038K, committed 14080K, reserved 1048576K
}
Event: 4394.030 GC heap before
{Heap before GC invocations=3564 (full 26):
 PSYoungGen      total 161280K, used 5846K [0x00000000f5580000, 0x0000000100000000, 0x0000000100000000)
  eden space 148992K, 0% used [0x00000000f5580000,0x00000000f5580000,0x00000000fe700000)
  from space 12288K, 47% used [0x00000000ff400000,0x00000000ff9b5948,0x0000000100000000)
  to   space 12800K, 0% used [0x00000000fe700000,0x00000000fe700000,0x00000000ff380000)
 ParOldGen       total 142336K, used 125340K [0x00000000e0000000, 0x00000000e8b00000, 0x00000000f5580000)
  object space 142336K, 88% used [0x00000000e0000000,0x00000000e7a67028,0x00000000e8b00000)
 Metaspace       used 99445K, capacity 107022K, committed 107264K, reserved 1142784K
  class space    used 11627K, capacity 14038K, committed 14080K, reserved 1048576K
Event: 4394.356 GC heap after
Heap after GC invocations=3564 (full 26):
 PSYoungGen      total 161280K, used 0K [0x00000000f5580000, 0x0000000100000000, 0x0000000100000000)
  eden space 148992K, 0% used [0x00000000f5580000,0x00000000f5580000,0x00000000fe700000)
  from space 12288K, 0% used [0x00000000ff400000,0x00000000ff400000,0x0000000100000000)
  to   space 12800K, 0% used [0x00000000fe700000,0x00000000fe700000,0x00000000ff380000)
 ParOldGen       total 142336K, used 82283K [0x00000000e0000000, 0x00000000e8b00000, 0x00000000f5580000)
  object space 142336K, 57% used [0x00000000e0000000,0x00000000e505aca8,0x00000000e8b00000)
 Metaspace       used 99445K, capacity 107022K, committed 107264K, reserved 1142784K
  class space    used 11627K, capacity 14038K, committed 14080K, reserved 1048576K
}
Event: 4448.252 GC heap before
{Heap before GC invocations=3565 (full 26):
 PSYoungGen      total 161280K, used 148992K [0x00000000f5580000, 0x0000000100000000, 0x0000000100000000)
  eden space 148992K, 100% used [0x00000000f5580000,0x00000000fe700000,0x00000000fe700000)
  from space 12288K, 0% used [0x00000000ff400000,0x00000000ff400000,0x0000000100000000)
  to   space 12800K, 0% used [0x00000000fe700000,0x00000000fe700000,0x00000000ff380000)
 ParOldGen       total 142336K, used 82283K [0x00000000e0000000, 0x00000000e8b00000, 0x00000000f5580000)
  object space 142336K, 57% used [0x00000000e0000000,0x00000000e505aca8,0x00000000e8b00000)
 Metaspace       used 99701K, capacity 107282K, committed 107648K, reserved 1142784K
  class space    used 11649K, capacity 14076K, committed 14208K, reserved 1048576K
Event: 4448.256 GC heap after
Heap after GC invocations=3565 (full 26):
 PSYoungGen      total 151552K, used 2329K [0x00000000f5580000, 0x0000000100000000, 0x0000000100000000)
  eden space 148992K, 0% used [0x00000000f5580000,0x00000000f5580000,0x00000000fe700000)
  from space 2560K, 91% used [0x00000000fe700000,0x00000000fe946728,0x00000000fe980000)
  to   space 14336K, 0% used [0x00000000ff200000,0x00000000ff200000,0x0000000100000000)
 ParOldGen       total 142336K, used 82283K [0x00000000e0000000, 0x00000000e8b00000, 0x00000000f5580000)
  object space 142336K, 57% used [0x00000000e0000000,0x00000000e505aca8,0x00000000e8b00000)
 Metaspace       used 99701K, capacity 107282K, committed 107648K, reserved 1142784K
  class space    used 11649K, capacity 14076K, committed 14208K, reserved 1048576K
}

Deoptimization events (10 events):
Event: 4450.817 Thread 0x000000001ba2c800 Uncommon trap: reason=unstable_if action=reinterpret pc=0x0000000003f0f460 method=org.eclipse.osgi.framework.eventmgr.EventManager$EventThread.getNextEvent()Lorg/eclipse/osgi/framework/eventmgr/EventManager$EventThread$Queued; @ 15
Event: 4450.818 Thread 0x0000000019fa7800 Uncommon trap: reason=unstable_if action=reinterpret pc=0x00000000051e95f8 method=org.eclipse.core.internal.jobs.JobManager.nextJob()Lorg/eclipse/core/runtime/jobs/Job; @ 80
Event: 4450.818 Thread 0x0000000019fa7800 Uncommon trap: reason=unstable_if action=reinterpret pc=0x00000000052c2040 method=org.eclipse.core.internal.jobs.WorkerPool.startJob(Lorg/eclipse/core/internal/jobs/Worker;)Lorg/eclipse/core/internal/jobs/InternalJob; @ 177
Event: 4450.818 Thread 0x0000000019fa7000 Uncommon trap: reason=unstable_if action=reinterpret pc=0x00000000052c2040 method=org.eclipse.core.internal.jobs.WorkerPool.startJob(Lorg/eclipse/core/internal/jobs/Worker;)Lorg/eclipse/core/internal/jobs/InternalJob; @ 177
Event: 4450.818 Thread 0x000000001bd0b000 Uncommon trap: reason=unstable_if action=reinterpret pc=0x00000000052c2040 method=org.eclipse.core.internal.jobs.WorkerPool.startJob(Lorg/eclipse/core/internal/jobs/Worker;)Lorg/eclipse/core/internal/jobs/InternalJob; @ 177
Event: 4450.818 Thread 0x0000000019faa000 Uncommon trap: reason=unstable_if action=reinterpret pc=0x00000000052c2040 method=org.eclipse.core.internal.jobs.WorkerPool.startJob(Lorg/eclipse/core/internal/jobs/Worker;)Lorg/eclipse/core/internal/jobs/InternalJob; @ 177
Event: 4450.818 Thread 0x0000000019fa3000 Uncommon trap: reason=unstable_if action=reinterpret pc=0x00000000052c2040 method=org.eclipse.core.internal.jobs.WorkerPool.startJob(Lorg/eclipse/core/internal/jobs/Worker;)Lorg/eclipse/core/internal/jobs/InternalJob; @ 177
Event: 4450.818 Thread 0x0000000019ad7000 Uncommon trap: reason=unstable_if action=reinterpret pc=0x00000000052c2040 method=org.eclipse.core.internal.jobs.WorkerPool.startJob(Lorg/eclipse/core/internal/jobs/Worker;)Lorg/eclipse/core/internal/jobs/InternalJob; @ 177
Event: 4450.838 Thread 0x000000001c719800 Uncommon trap: reason=unstable_if action=reinterpret pc=0x000000000397351c method=sun.reflect.UnsafeStaticObjectFieldAccessorImpl.set(Ljava/lang/Object;Ljava/lang/Object;)V @ 13
Event: 4450.839 Thread 0x0000000017126000 Uncommon trap: reason=unstable_if action=reinterpret pc=0x0000000003f0f460 method=org.eclipse.osgi.framework.eventmgr.EventManager$EventThread.getNextEvent()Lorg/eclipse/osgi/framework/eventmgr/EventManager$EventThread$Queued; @ 15

Internal exceptions (10 events):
Event: 4449.217 Thread 0x000000001c71c800 Exception <a 'java/io/IOException'> (0x00000000f616df70) thrown at [C:\re\workspace\8-2-build-windows-amd64-cygwin\jdk8u66\5298\hotspot\src\share\vm\prims\jni.cpp, line 709]
Event: 4449.326 Thread 0x000000001aaef800 Exception <a 'java/lang/InterruptedException'> (0x00000000f649df38) thrown at [C:\re\workspace\8-2-build-windows-amd64-cygwin\jdk8u66\5298\hotspot\src\share\vm\runtime\objectMonitor.cpp, line 1683]
Event: 4449.360 Thread 0x000000001c719800 Implicit null exception at 0x0000000005f57d80 to 0x0000000005f58d52
Event: 4449.361 Thread 0x000000001c719800 Implicit null exception at 0x000000000408efac to 0x000000000408f3a1
Event: 4450.817 Thread 0x000000001ba2c800 Exception <a 'java/lang/InterruptedException'> (0x00000000f5ec0830) thrown at [C:\re\workspace\8-2-build-windows-amd64-cygwin\jdk8u66\5298\hotspot\src\share\vm\runtime\objectMonitor.cpp, line 1683]
Event: 4450.838 Thread 0x000000001c719800 Implicit null exception at 0x0000000003973117 to 0x0000000003973509
Event: 4450.839 Thread 0x0000000015273000 Exception <a 'java/lang/InterruptedException'> (0x00000000f6aab428) thrown at [C:\re\workspace\8-2-build-windows-amd64-cygwin\jdk8u66\5298\hotspot\src\share\vm\runtime\objectMonitor.cpp, line 1683]
Event: 4450.839 Thread 0x0000000017126000 Exception <a 'java/lang/InterruptedException'> (0x00000000f5d84748) thrown at [C:\re\workspace\8-2-build-windows-amd64-cygwin\jdk8u66\5298\hotspot\src\share\vm\runtime\objectMonitor.cpp, line 1683]
Event: 4450.839 Thread 0x0000000016c59800 Exception <a 'java/lang/InterruptedException'> (0x00000000f6c9ea00) thrown at [C:\re\workspace\8-2-build-windows-amd64-cygwin\jdk8u66\5298\hotspot\src\share\vm\runtime\objectMonitor.cpp, line 1683]
Event: 4450.840 Thread 0x0000000019a31000 Exception <a 'java/lang/InterruptedException'> (0x00000000f6cb3328) thrown at [C:\re\workspace\8-2-build-windows-amd64-cygwin\jdk8u66\5298\hotspot\src\share\vm\runtime\objectMonitor.cpp, line 1683]

Events (10 events):
Event: 4450.862 loading class java/util/IdentityHashMap$IdentityHashMapIterator
Event: 4450.872 loading class java/util/IdentityHashMap$IdentityHashMapIterator done
Event: 4450.872 loading class java/util/IdentityHashMap$KeyIterator done
Event: 4450.872 Thread 0x000000001c719800 Thread added: 0x000000001c719800
Event: 4450.872 Executing VM operation: RevokeBias
Event: 4450.872 Executing VM operation: RevokeBias done
Event: 4450.872 Executing VM operation: RevokeBias
Event: 4450.872 Executing VM operation: RevokeBias done
Event: 4450.872 Thread 0x000000001c719800 Thread exited: 0x000000001c719800
Event: 4450.873 Executing VM operation: Exit


Dynamic libraries:
0x0000000000400000 - 0x000000000044f000 	C:\Xilinx\SDK\2016.2\eclipse\win64.o\eclipse.exe
0x0000000077900000 - 0x0000000077aaa000 	C:\Windows\SYSTEM32\ntdll.dll
0x00000000777e0000 - 0x00000000778ff000 	C:\Windows\system32\kernel32.dll
0x000007fefd730000 - 0x000007fefd79a000 	C:\Windows\system32\KERNELBASE.dll
0x00000000776e0000 - 0x00000000777da000 	C:\Windows\system32\USER32.dll
0x000007fefe8a0000 - 0x000007fefe907000 	C:\Windows\system32\GDI32.dll
0x000007fefe3a0000 - 0x000007fefe3ae000 	C:\Windows\system32\LPK.dll
0x000007fefda30000 - 0x000007fefdafa000 	C:\Windows\system32\USP10.dll
0x000007fefdb00000 - 0x000007fefdb9f000 	C:\Windows\system32\msvcrt.dll
0x000007fefbf50000 - 0x000007fefc144000 	C:\Windows\WinSxS\amd64_microsoft.windows.common-controls_6595b64144ccf1df_6.0.7601.18837_none_fa3b1e3d17594757\COMCTL32.dll
0x000007fefdf70000 - 0x000007fefdfe1000 	C:\Windows\system32\SHLWAPI.dll
0x000007fefea20000 - 0x000007fefea4e000 	C:\Windows\system32\IMM32.DLL
0x000007fefe910000 - 0x000007fefea19000 	C:\Windows\system32\MSCTF.dll
0x0000000072000000 - 0x0000000072012000 	C:\Xilinx\SDK\2016.2\eclipse\win64.o\plugins\org.eclipse.equinox.launcher.win32.win32.x86_64_1.1.300.v20150602-1417\eclipse_1611.dll
0x000007fefe720000 - 0x000007fefe7fb000 	C:\Windows\system32\ADVAPI32.dll
0x000007fefda10000 - 0x000007fefda2f000 	C:\Windows\SYSTEM32\sechost.dll
0x000007fefed50000 - 0x000007fefee7d000 	C:\Windows\system32\RPCRT4.dll
0x000007fefc6d0000 - 0x000007fefc6dc000 	C:\Windows\system32\VERSION.dll
0x000007fefc200000 - 0x000007fefc256000 	C:\Windows\system32\UxTheme.dll
0x00000000706b0000 - 0x0000000070f39000 	C:\Xilinx\SDK\2016.2\tps\win64\jre\bin\server\jvm.dll
0x000007fef0990000 - 0x000007fef0999000 	C:\Windows\system32\WSOCK32.dll
0x000007fefed00000 - 0x000007fefed4d000 	C:\Windows\system32\WS2_32.dll
0x000007fefda00000 - 0x000007fefda08000 	C:\Windows\system32\NSI.dll
0x000007fef9ac0000 - 0x000007fef9afb000 	C:\Windows\system32\WINMM.dll
0x0000000077ac0000 - 0x0000000077ac7000 	C:\Windows\system32\PSAPI.DLL
0x0000000071ac0000 - 0x0000000071b92000 	C:\Windows\system32\MSVCR100.dll
0x0000000000470000 - 0x000000000047f000 	C:\Xilinx\SDK\2016.2\tps\win64\jre\bin\verify.dll
0x0000000000480000 - 0x00000000004a9000 	C:\Xilinx\SDK\2016.2\tps\win64\jre\bin\java.dll
0x0000000071fc0000 - 0x0000000071fd6000 	C:\Xilinx\SDK\2016.2\tps\win64\jre\bin\zip.dll
0x000007fefee80000 - 0x000007feffc09000 	C:\Windows\system32\SHELL32.dll
0x000007fefead0000 - 0x000007fefecd3000 	C:\Windows\system32\ole32.dll
0x000007fefd650000 - 0x000007fefd65f000 	C:\Windows\system32\profapi.dll
0x000007fefce40000 - 0x000007fefce58000 	C:\Windows\system32\CRYPTSP.dll
0x000007fefcb40000 - 0x000007fefcb87000 	C:\Windows\system32\rsaenh.dll
0x000007fefd870000 - 0x000007fefd88e000 	C:\Windows\system32\USERENV.dll
0x000007fefd440000 - 0x000007fefd44f000 	C:\Windows\system32\CRYPTBASE.dll
0x0000000071fa0000 - 0x0000000071fba000 	C:\Xilinx\SDK\2016.2\tps\win64\jre\bin\net.dll
0x000007fefcde0000 - 0x000007fefce35000 	C:\Windows\system32\mswsock.dll
0x000007fefcdd0000 - 0x000007fefcdd7000 	C:\Windows\System32\wship6.dll
0x000007fefab10000 - 0x000007fefab37000 	C:\Windows\system32\IPHLPAPI.DLL
0x000007fefaaf0000 - 0x000007fefaafb000 	C:\Windows\system32\WINNSI.DLL
0x000007fefa920000 - 0x000007fefa931000 	C:\Windows\system32\dhcpcsvc6.DLL
0x000007fefa900000 - 0x000007fefa918000 	C:\Windows\system32\dhcpcsvc.DLL
0x0000000071f80000 - 0x0000000071f91000 	C:\Xilinx\SDK\2016.2\tps\win64\jre\bin\nio.dll
0x000007fefae20000 - 0x000007fefae35000 	C:\Windows\system32\NLAapi.dll
0x000007fef85b0000 - 0x000007fef85c5000 	C:\Windows\system32\napinsp.dll
0x000007fef8570000 - 0x000007fef8589000 	C:\Windows\system32\pnrpnsp.dll
0x000007fefcc60000 - 0x000007fefccbb000 	C:\Windows\system32\DNSAPI.dll
0x000007fef85a0000 - 0x000007fef85ab000 	C:\Windows\System32\winrnr.dll
0x000007fefc7a0000 - 0x000007fefc7a7000 	C:\Windows\System32\wshtcpip.dll
0x000007fef98c0000 - 0x000007fef98c8000 	C:\Windows\system32\rasadhlp.dll
0x000007fefa9b0000 - 0x000007fefaa03000 	C:\Windows\System32\fwpuclnt.dll
0x0000000019170000 - 0x0000000019218000 	C:\Users\dezfoul2\.Xilinx\SDK\2016.2\org.eclipse.osgi\312\0\.cp\swt-win32-4527.dll
0x000007fefdff0000 - 0x000007fefe0c8000 	C:\Windows\system32\OLEAUT32.dll
0x000007fefde70000 - 0x000007fefdf07000 	C:\Windows\system32\comdlg32.dll
0x000007fef6f30000 - 0x000007fef6fa1000 	C:\Windows\system32\WINSPOOL.DRV
0x000007fefe0d0000 - 0x000007fefe395000 	C:\Windows\system32\WININET.dll
0x000007fefd840000 - 0x000007fefd844000 	C:\Windows\system32\api-ms-win-downlevel-user32-l1-1-0.dll
0x000007fefd710000 - 0x000007fefd714000 	C:\Windows\system32\api-ms-win-downlevel-shlwapi-l1-1-0.dll
0x000007fefd700000 - 0x000007fefd704000 	C:\Windows\system32\api-ms-win-downlevel-version-l1-1-0.dll
0x000007fefd860000 - 0x000007fefd863000 	C:\Windows\system32\api-ms-win-downlevel-normaliz-l1-1-0.dll
0x0000000077ad0000 - 0x0000000077ad3000 	C:\Windows\system32\normaliz.DLL
0x000007fefdba0000 - 0x000007fefde69000 	C:\Windows\system32\iertutil.dll
0x000007fefd720000 - 0x000007fefd725000 	C:\Windows\system32\api-ms-win-downlevel-advapi32-l1-1-0.dll
0x000007fefd890000 - 0x000007fefd9fd000 	C:\Windows\system32\CRYPT32.dll
0x000007fefd640000 - 0x000007fefd64f000 	C:\Windows\system32\MSASN1.dll
0x000007fefb9c0000 - 0x000007fefbaec000 	C:\Windows\system32\propsys.dll
0x000007fefe800000 - 0x000007fefe899000 	C:\Windows\system32\CLBCatQ.DLL
0x0000000002540000 - 0x000000000255e000 	C:\Users\dezfoul2\.Xilinx\SDK\2016.2\org.eclipse.osgi\312\0\.cp\swt-gdip-win32-4527.dll
0x000007fef36f0000 - 0x000007fef3906000 	C:\Windows\WinSxS\amd64_microsoft.windows.gdiplus_6595b64144ccf1df_1.1.7601.23508_none_145555328b95eaaa\gdiplus.dll
0x000007fefbb60000 - 0x000007fefbcc1000 	C:\Windows\system32\WindowsCodecs.dll
0x0000000180000000 - 0x0000000180012000 	C:\Users\dezfoul2\.Xilinx\SDK\2016.2\org.eclipse.osgi\126\0\.cp\os\win32\x86_64\localfile_1_0_0.dll
0x000007feed700000 - 0x000007feed754000 	C:\Windows\system32\oleacc.dll
0x000007fef70a0000 - 0x000007fef70b6000 	C:\Xilinx\SDK\2016.2\eclipse\win64.o\plugins\org.eclipse.cdt.core.win32.x86_64_5.4.0.201509131935\os\win32\x86_64\spawner.dll
0x000007fefd4f0000 - 0x000007fefd547000 	C:\Windows\system32\apphelp.dll
0x000007fefbee0000 - 0x000007fefbee7000 	C:\Windows\system32\msimg32.dll
0x000007fefd590000 - 0x000007fefd5a4000 	C:\Windows\system32\RpcRtRemote.dll
0x000007fef3e70000 - 0x000007fef3e81000 	C:\Users\dezfoul2\.Xilinx\SDK\2016.2\org.eclipse.osgi\129\0\.cp\jWinHttp-1.0.0.dll
0x000007fef9370000 - 0x000007fef93e1000 	C:\Windows\system32\WINHTTP.dll
0x000007fef9300000 - 0x000007fef9364000 	C:\Windows\system32\webio.dll
0x000007fefd410000 - 0x000007fefd435000 	C:\Windows\system32\SspiCli.dll
0x000007fefca00000 - 0x000007fefca0a000 	C:\Windows\system32\credssp.dll
0x000007fefd660000 - 0x000007fefd696000 	C:\Windows\system32\CFGMGR32.dll
0x000007fef83f0000 - 0x000007fef83ff000 	C:\Xilinx\SDK\2016.2\lib\win64.o\librdi_repo_manager.dll
0x000007fef3e40000 - 0x000007fef3e6a000 	C:\Xilinx\SDK\2016.2\lib\win64.o\libisl_sysinfo.dll
0x000007feea8a0000 - 0x000007feea974000 	C:\Windows\system32\MSVCR110.dll
0x000007feea980000 - 0x000007feeaa27000 	C:\Windows\system32\MSVCP110.dll
0x000007feba6d0000 - 0x000007febb110000 	C:\Xilinx\SDK\2016.2\lib\win64.o\librdi_common.dll
0x000007feba360000 - 0x000007feba6ce000 	C:\Xilinx\SDK\2016.2\lib\win64.o\libCOIN-all.dll
0x000007feba140000 - 0x000007feba35f000 	C:\Xilinx\SDK\2016.2\lib\win64.o\libXil_lmgr11.dll
0x000007fefb6b0000 - 0x000007fefb6c6000 	C:\Windows\system32\NETAPI32.dll
0x000007fefca70000 - 0x000007fefca7c000 	C:\Windows\system32\netutils.dll
0x000007fefd0e0000 - 0x000007fefd103000 	C:\Windows\system32\srvcli.dll
0x000007fefb690000 - 0x000007fefb6a5000 	C:\Windows\system32\wkscli.dll
0x000007fefd6c0000 - 0x000007fefd6fb000 	C:\Windows\system32\WINTRUST.dll
0x000007fef7080000 - 0x000007fef7090000 	C:\Xilinx\SDK\2016.2\lib\win64.o\libboost_date_time.dll
0x000007fef3e10000 - 0x000007fef3e34000 	C:\Xilinx\SDK\2016.2\lib\win64.o\libboost_filesystem.dll
0x000007fef8260000 - 0x000007fef8269000 	C:\Xilinx\SDK\2016.2\lib\win64.o\libboost_system.dll
0x000007fef3d90000 - 0x000007fef3e07000 	C:\Xilinx\SDK\2016.2\lib\win64.o\libboost_program_options.dll
0x000007feba030000 - 0x000007feba136000 	C:\Xilinx\SDK\2016.2\lib\win64.o\libboost_regex.dll
0x000007fef3d70000 - 0x000007fef3d83000 	C:\Xilinx\SDK\2016.2\lib\win64.o\libboost_signals.dll
0x000007fef3d50000 - 0x000007fef3d6d000 	C:\Xilinx\SDK\2016.2\lib\win64.o\libboost_thread.dll
0x000007fef7040000 - 0x000007fef704b000 	C:\Xilinx\SDK\2016.2\lib\win64.o\libboost_chrono.dll
0x000007fef5620000 - 0x000007fef562b000 	C:\Xilinx\SDK\2016.2\lib\win64.o\libboost_xilinx.dll
0x000007fef3cd0000 - 0x000007fef3d50000 	C:\Xilinx\SDK\2016.2\lib\win64.o\libhdlpsolve.dll
0x000007feb9f90000 - 0x000007feba02a000 	C:\Xilinx\SDK\2016.2\lib\win64.o\libhdxml.dll
0x000007feb9b20000 - 0x000007feb9f85e00 	C:\Xilinx\SDK\2016.2\lib\win64.o\libisl_iostreams.dll
0x000007fef3cb0000 - 0x000007fef3cc6000 	C:\Xilinx\SDK\2016.2\lib\win64.o\libboost_iostreams.dll
0x000007fef1ae0000 - 0x000007fef1b03000 	C:\Xilinx\SDK\2016.2\lib\win64.o\librdizlib.dll
0x000007fef0a20000 - 0x000007fef0a43000 	C:\Xilinx\SDK\2016.2\lib\win64.o\libisl_iosutils.dll
0x000007fef1ac0000 - 0x000007fef1ad5000 	C:\Xilinx\SDK\2016.2\lib\win64.o\pthreadVC2.dll
0x000007feb9ac0000 - 0x000007feb9b14000 	C:\Xilinx\SDK\2016.2\lib\win64.o\librdi_commonxillic.dll
0x000007feb9990000 - 0x000007feb9ac0000 	C:\Xilinx\SDK\2016.2\lib\win64.o\librdi_curl.dll
0x000007fef1c10000 - 0x000007fef1c28000 	C:\Xilinx\SDK\2016.2\lib\win64.o\librdiconfig.dll
0x0000000071ca0000 - 0x0000000071dc7000 	C:\Xilinx\SDK\2016.2\lib\win64.o\tcl85t.dll
0x0000000025680000 - 0x00000000258e3000 	C:\Xilinx\SDK\2016.2\lib\win64.o\xerces-c_3_1.dll
0x000007fefe590000 - 0x000007fefe716000 	C:\Windows\system32\urlmon.dll
0x000007fefd850000 - 0x000007fefd854000 	C:\Windows\system32\api-ms-win-downlevel-ole32-l1-1-0.dll
0x000007fee8ed0000 - 0x000007fee8ef3000 	C:\Windows\system32\VCOMP110.DLL
0x000007feb9790000 - 0x000007feb9982000 	C:\Xilinx\SDK\2016.2\lib\win64.o\librdi_hsm.dll
0x000007fee8e40000 - 0x000007fee8e83000 	C:\Xilinx\SDK\2016.2\lib\win64.o\librdi_hdf.dll
0x000007feb9500000 - 0x000007feb9781000 	C:\Xilinx\SDK\2016.2\lib\win64.o\librdi_ippcw.dll
0x0000000071080000 - 0x00000000710a6000 	C:\Xilinx\SDK\2016.2\eclipse\win64.o\plugins\gnu.io.rxtx.win32.x86_64_2.1.7.3_v20071015\os\win32\x86_64\rxtxSerial.dll
0x000007fefa390000 - 0x000007fefa39a000 	C:\Xilinx\SDK\2016.2\lib\win64.o\librdi_jtag_settings.dll
0x000007fefa360000 - 0x000007fefa389000 	C:\Xilinx\SDK\2016.2\lib\win64.o\librdi_debug_dialog.dll
0x000007fefa350000 - 0x000007fefa358000 	C:\Xilinx\SDK\2016.2\lib\win64.o\librdi_target_manager.dll
0x0000000071100000 - 0x0000000071125000 	C:\Users\dezfoul2\.jssc\windows\jSSC-2.8_x86_64.dll
0x000007feae530000 - 0x000007feaed40000 	C:\Xilinx\SDK\2016.2\lib\win64.o\libXil_lmgr11FNP.dll

VM Arguments:
jvm_args: -Dcom.xilinx.sdk.args.hwspec=W:/ece532/src/hdmi.sdk/hdmi_wrapper.hdf -Xms64m -Xmx512m & 
java_command: <unknown>
java_class_path (initial): C:\Xilinx\SDK\2016.2\eclipse\win64.o\\plugins/org.eclipse.equinox.launcher_1.3.100.v20150511-1540.jar
Launcher Type: generic

Environment Variables:
PATH=C:/Xilinx/SDK/2016.2/tps/win64/jre/bin/server;C:/Xilinx/SDK/2016.2/tps/win64/jre/bin;C:/Xilinx/SDK/2016.2/tps/win64/jre/lib/amd64;C:\Xilinx\SDK\2016.2\gnuwin\bin;C:\Xilinx\SDK\2016.2\gnu\microblaze\nt\bin;C:\Xilinx\SDK\2016.2\gnu\microblaze\linux_toolchain\nt64_le\bin;C:\Xilinx\SDK\2016.2\gnu\microblaze\linux_toolchain\nt64_be\bin;C:\Xilinx\SDK\2016.2\gnu\arm\nt\bin;C:\Xilinx\SDK\2016.2\gnu\aarch64\nt\aarch64-none\bin;C:\Xilinx\SDK\2016.2\gnu\aarch64\nt\aarch64-linux\bin;C:\Xilinx\SDK\2016.2\gnu\armr5\nt\gcc-arm-none-eabi\bin;C:\Xilinx\SDK\2016.2\gnu\aarch32\nt\gcc-arm-none-eabi\bin;C:\Xilinx\SDK\2016.2\gnu\aarch32\nt\gcc-arm-linux-gnueabi\bin;C:\Xilinx\SDK\2016.2\tps\win64\cmake-3.3.2\bin;;C:\Xilinx\SDK\2016.2\bin;C:\Xilinx\SDK\2016.2\lib\win64.o;C:\Xilinx\SDK\2016.2\tps\win64\jre\bin\server;C:\Xilinx\SDK\2016.2\tps\win64\jre\bin;C:\Xilinx\Vivado\2016.2\ids_lite\ISE\bin\nt64;C:\Xilinx\Vivado\2016.2\ids_lite\ISE\lib\nt64;C:\Xilinx\Vivado\2016.2\bin;C:\Xilinx\Vivado\2016.2\lib\win64.o;C:\Xilinx\Vivado\2016.2\tps\win64\jre\bin\server;C:\Xilinx\Vivado\2016.2\tps\win64\jre\bin;C:\Xilinx\Vivado_HLS\2016.2\bin;C:\Windows\system32;C:\Windows;C:\Windows\System32\Wbem;C:\Windows\System32\WindowsPowerShell\v1.0\;C:\altera\16.0\quartus\bin64;c:\altera\16.0\quartus\bin64\jre64\bin;W:\ece532\src;
USERNAME=dezfoul2
OS=Windows_NT
PROCESSOR_IDENTIFIER=Intel64 Family 6 Model 60 Stepping 3, GenuineIntel



---------------  S Y S T E M  ---------------

OS: Windows 7 , 64 bit Build 7601 (6.1.7601.23418)

CPU:total 8 (4 cores per cpu, 2 threads per core) family 6 model 60 stepping 3, cmov, cx8, fxsr, mmx, sse, sse2, sse3, ssse3, sse4.1, sse4.2, popcnt, avx, avx2, aes, clmul, erms, lzcnt, ht, tsc, tscinvbit, bmi1, bmi2

Memory: 4k page, physical 16683160k(12186536k free), swap 33364460k(28396944k free)

vm_info: Java HotSpot(TM) 64-Bit Server VM (25.66-b18) for windows-amd64 JRE (1.8.0_66-b18), built on Nov  9 2015 10:51:13 by "java_re" with MS VC++ 10.0 (VS2010)

time: Tue Mar 28 12:12:32 2017
elapsed time: 4451 seconds (0d 1h 14m 11s)

