#
# A fatal error has been detected by the Java Runtime Environment:
#
#  EXCEPTION_UNCAUGHT_CXX_EXCEPTION (0xe06d7363) at pc=0x000007fefdaaa06d, pid=4816, tid=220
#
# JRE version: Java(TM) SE Runtime Environment (8.0_66-b18) (build 1.8.0_66-b18)
# Java VM: Java HotSpot(TM) 64-Bit Server VM (25.66-b18 mixed mode windows-amd64 compressed oops)
# Problematic frame:
# C  [KERNELBASE.dll+0x1a06d]
#
# Failed to write core dump. Minidumps are not enabled by default on client versions of Windows
#
# If you would like to submit a bug report, please visit:
#   http://bugreport.java.com/bugreport/crash.jsp
#

---------------  T H R E A D  ---------------

Current thread (0x0000000014e92800):  VMThread [stack: 0x0000000015de0000,0x0000000015ee0000] [id=220]

siginfo: ExceptionCode=0xe06d7363, ExceptionInformation=0x0000000019930520 0x0000000015edf6c8 0x000007feed4e2cb8 0x000007feed430000 

Registers:
RAX=0x000000006050c50a, RBX=0x000007feed4e2cb8, RCX=0x0000000015edef10, RDX=0x00000000000000d0
RSP=0x0000000015edf520, RBP=0x0000000015edf650, RSI=0x00000000ffffffff, RDI=0x0000000028b129f0
R8 =0x0000000000000000, R9 =0x0000000000000000, R10=0x000007feed430000, R11=0x0000000015edf560
R12=0x0000000000000001, R13=0x0000000000000008, R14=0x0000000000000000, R15=0xffffffffffffffff
RIP=0x000007fefdaaa06d, EFLAGS=0x0000000000000206

Top of Stack: (sp=0x0000000015edf520)
0x0000000015edf520:   000007feed4e2cb8 00000000ffffffff
0x0000000015edf530:   0000000028b129f0 0000000000232f50
0x0000000015edf540:   00000001e06d7363 0000000000000000
0x0000000015edf550:   000007fefdaaa06d 000007fe00000004
0x0000000015edf560:   0000000019930520 0000000015edf6c8
0x0000000015edf570:   000007feed4e2cb8 000007feed430000
0x0000000015edf580:   0000000000000000 0000000015edf608
0x0000000015edf590:   0000000000000028 0000000028b129e0
0x0000000015edf5a0:   00000000175438f0 0000000000000000
0x0000000015edf5b0:   000007fffffa8000 0000000077b4f2d3
0x0000000015edf5c0:   0000000000000000 0000000000000008
0x0000000015edf5d0:   0000000000000001 0000000028b129f0
0x0000000015edf5e0:   00000000ffffffff 000007feed48e92c
0x0000000015edf5f0:   000007feed4e2cb8 0000000015edf660
0x0000000015edf600:   0000000000000001 000007feed4300f8
0x0000000015edf610:   00000001e06d7363 0000000000000000 

Instructions: (pc=0x000007fefdaaa06d)
0x000007fefdaaa04d:   54 24 24 48 89 4c 24 28 4d 85 c9 0f 85 6a 03 00
0x000007fefdaaa05d:   00 89 4c 24 38 48 8d 4c 24 20 ff 15 33 02 03 00
0x000007fefdaaa06d:   48 81 c4 c8 00 00 00 c3 90 90 90 90 90 90 90 90
0x000007fefdaaa07d:   90 90 90 48 83 ec 28 65 48 8b 04 25 30 00 00 00 


Register to memory mapping:

RAX=0x000000006050c50a is an unknown value
RBX=0x000007feed4e2cb8 is an unknown value
RCX=0x0000000015edef10 is an unknown value
RDX=0x00000000000000d0 is an unknown value
RSP=0x0000000015edf520 is an unknown value
RBP=0x0000000015edf650 is an unknown value
RSI=0x00000000ffffffff is an unallocated location in the heap
RDI=0x0000000028b129f0 is an unknown value
R8 =0x0000000000000000 is an unknown value
R9 =0x0000000000000000 is an unknown value
R10=0x000007feed430000 is an unknown value
R11=0x0000000015edf560 is an unknown value
R12=0x0000000000000001 is an unknown value
R13=0x0000000000000008 is an unknown value
R14=0x0000000000000000 is an unknown value
R15=0xffffffffffffffff is an unknown value


Stack: [0x0000000015de0000,0x0000000015ee0000],  sp=0x0000000015edf520,  free space=1021k
Native frames: (J=compiled Java code, j=interpreted, Vv=VM code, C=native code)
C  [KERNELBASE.dll+0x1a06d]
C  [MSVCR110.dll+0x5e92c]
C  [MSVCR110.dll+0x1315c]
C  [MSVCR110.dll+0x136a9]
C  [MSVCR110.dll+0x13e9c]
C  [MSVCR110.dll+0x239e]
C  [MSVCR110.dll+0xaf9e]
C  [MSVCP110.dll+0x397b9]
C  [librdi_common.dll+0x182316]
C  [librdi_common.dll+0x180fab]
C  [librdi_target_manager.dll+0x2400]
C  [librdi_target_manager.dll+0x2682]
C  [ntdll.dll+0x229b1]
C  [ntdll.dll+0x227c0]
C  [MSVCR100.dll+0x20ccd]
V  [jvm.dll+0x210cc5]
V  [jvm.dll+0x249897]
V  [jvm.dll+0x248b36]
V  [jvm.dll+0x248fd1]
V  [jvm.dll+0x2491ee]
V  [jvm.dll+0x29a0fa]
C  [MSVCR100.dll+0x21d9f]
C  [MSVCR100.dll+0x21e3b]
C  [kernel32.dll+0x159bd]
C  [ntdll.dll+0x2a2e1]

VM_Operation (0x000000000012f4c0): Exit, mode: safepoint, requested by thread 0x0000000002418000


---------------  P R O C E S S  ---------------

Java Threads: ( => current thread )
  0x0000000016c68000 JavaThread "pool-2-thread-10" [_thread_blocked, id=5184, stack(0x0000000027fc0000,0x00000000280c0000)]
  0x0000000016c65000 JavaThread "pool-2-thread-9" [_thread_blocked, id=4864, stack(0x000000002aeb0000,0x000000002afb0000)]
  0x0000000016c64800 JavaThread "pool-2-thread-8" [_thread_blocked, id=4712, stack(0x000000002acb0000,0x000000002adb0000)]
  0x0000000019106800 JavaThread "pool-2-thread-7" [_thread_blocked, id=4524, stack(0x00000000290b0000,0x00000000291b0000)]
  0x0000000018575800 JavaThread "pool-2-thread-6" [_thread_blocked, id=3904, stack(0x000000002a5b0000,0x000000002a6b0000)]
  0x0000000019107000 JavaThread "pool-2-thread-5" [_thread_blocked, id=3584, stack(0x000000002a3b0000,0x000000002a4b0000)]
  0x0000000019101000 JavaThread "pool-2-thread-4" [_thread_blocked, id=4648, stack(0x000000002a2b0000,0x000000002a3b0000)]
  0x0000000019100800 JavaThread "pool-2-thread-3" [_thread_blocked, id=1232, stack(0x00000000299b0000,0x0000000029ab0000)]
  0x0000000018574000 JavaThread "pool-2-thread-2" [_thread_blocked, id=660, stack(0x0000000029cb0000,0x0000000029db0000)]
  0x0000000018572800 JavaThread "pool-2-thread-1" [_thread_blocked, id=4892, stack(0x0000000029bb0000,0x0000000029cb0000)]
  0x0000000018570800 JavaThread "Thread-333" daemon [_thread_blocked, id=4644, stack(0x00000000298b0000,0x00000000299b0000)]
  0x000000001d83a000 JavaThread "TCF Channel Transmitter" daemon [_thread_blocked, id=1212, stack(0x0000000027bc0000,0x0000000027cc0000)]
  0x000000001d839000 JavaThread "TCF Channel Receiver" daemon [_thread_in_native, id=440, stack(0x0000000027450000,0x0000000027550000)]
  0x000000001d837000 JavaThread "Process monitor" daemon [_thread_in_native, id=4156, stack(0x0000000027ac0000,0x0000000027bc0000)]
  0x000000001d836000 JavaThread "Input Stream Monitor" daemon [_thread_blocked, id=4160, stack(0x00000000279c0000,0x0000000027ac0000)]
  0x000000001d835800 JavaThread "Output Stream Monitor" daemon [_thread_in_native, id=4148, stack(0x00000000276c0000,0x00000000277c0000)]
  0x000000001d834800 JavaThread "Output Stream Monitor" daemon [_thread_in_native, id=4152, stack(0x00000000275c0000,0x00000000276c0000)]
  0x000000001903b000 JavaThread "TCF Locator DNS Lookup" daemon [_thread_blocked, id=4808, stack(0x0000000024b30000,0x0000000024c30000)]
  0x0000000019038000 JavaThread "TCF Timer Dispatcher" daemon [_thread_blocked, id=1544, stack(0x00000000244f0000,0x00000000245f0000)]
  0x0000000019035000 JavaThread "EMF Reference Cleaner" daemon [_thread_blocked, id=2260, stack(0x000000001d8b0000,0x000000001d9b0000)]
  0x0000000014f49800 JavaThread "Service Thread" daemon [_thread_blocked, id=1224, stack(0x00000000167a0000,0x00000000168a0000)]
  0x0000000013d2e000 JavaThread "C1 CompilerThread3" daemon [_thread_blocked, id=4636, stack(0x00000000166a0000,0x00000000167a0000)]
  0x0000000013d2d000 JavaThread "C2 CompilerThread2" daemon [_thread_blocked, id=4604, stack(0x00000000165a0000,0x00000000166a0000)]
  0x0000000013d2a000 JavaThread "C2 CompilerThread1" daemon [_thread_blocked, id=4612, stack(0x00000000164a0000,0x00000000165a0000)]
  0x0000000014eec800 JavaThread "C2 CompilerThread0" daemon [_thread_blocked, id=4332, stack(0x00000000163a0000,0x00000000164a0000)]
  0x0000000014ee5000 JavaThread "Attach Listener" daemon [_thread_blocked, id=920, stack(0x00000000162a0000,0x00000000163a0000)]
  0x0000000014ee3800 JavaThread "Signal Dispatcher" daemon [_thread_blocked, id=4840, stack(0x00000000161a0000,0x00000000162a0000)]
  0x0000000013d1b000 JavaThread "Finalizer" daemon [_thread_blocked, id=4760, stack(0x0000000015fe0000,0x00000000160e0000)]
  0x0000000013d14000 JavaThread "Reference Handler" daemon [_thread_blocked, id=4844, stack(0x0000000015ee0000,0x0000000015fe0000)]
  0x0000000002418000 JavaThread "main" [_thread_blocked, id=2568, stack(0x0000000000030000,0x0000000000130000)]

Other Threads:
=>0x0000000014e92800 VMThread [stack: 0x0000000015de0000,0x0000000015ee0000] [id=220]

VM state:at safepoint (shutting down)

VM Mutex/Monitor currently owned by a thread:  ([mutex/lock_event])
[0x000000000032e3b0] Threads_lock - owner thread: 0x0000000014e92800

Heap:
 PSYoungGen      total 30720K, used 8984K [0x00000000f5580000, 0x00000000f7880000, 0x0000000100000000)
  eden space 26624K, 20% used [0x00000000f5580000,0x00000000f5aecad0,0x00000000f6f80000)
  from space 4096K, 83% used [0x00000000f7480000,0x00000000f77d9860,0x00000000f7880000)
  to   space 4608K, 0% used [0x00000000f6f80000,0x00000000f6f80000,0x00000000f7400000)
 ParOldGen       total 97792K, used 86223K [0x00000000e0000000, 0x00000000e5f80000, 0x00000000f5580000)
  object space 97792K, 88% used [0x00000000e0000000,0x00000000e5433fd0,0x00000000e5f80000)
 Metaspace       used 98180K, capacity 105832K, committed 106240K, reserved 1142784K
  class space    used 11265K, capacity 13702K, committed 13824K, reserved 1048576K

Card table byte_map: [0x0000000011870000,0x0000000011980000] byte_map_base: 0x0000000011170000

Marking Bits: (ParMarkBitMap*) 0x000000007066a5b0
 Begin Bits: [0x0000000012230000, 0x0000000012a30000)
 End Bits:   [0x0000000012a30000, 0x0000000013230000)

Polling page: 0x0000000000330000

CodeCache: size=245760Kb used=68868Kb max_used=69328Kb free=176891Kb
 bounds [0x00000000024b0000, 0x0000000006900000, 0x00000000114b0000]
 total_blobs=18334 nmethods=17414 adapters=825
 compilation: enabled

Compilation events (10 events):
Event: 11356.787 Thread 0x0000000013d2e000 nmethod 23571 0x0000000002b75b50 code [0x0000000002b75cc0, 0x0000000002b76190]
Event: 11356.788 Thread 0x0000000013d2e000 23572   !   3       org.eclipse.osgi.container.ModuleDatabase::getRevisionsTimestamp (25 bytes)
Event: 11356.788 Thread 0x0000000013d2e000 nmethod 23572 0x000000000619e590 code [0x000000000619e7a0, 0x000000000619f4d8]
Event: 11356.789 Thread 0x0000000013d2e000 23570       1       org.eclipse.osgi.storage.Storage::getModuleDatabase (5 bytes)
Event: 11356.789 Thread 0x0000000013d2e000 nmethod 23570 0x0000000003f6f610 code [0x0000000003f6f760, 0x0000000003f6f870]
Event: 11356.790 Thread 0x0000000013d2e000 23573       3       org.eclipse.osgi.container.Module::holdsTransitionEventLock (25 bytes)
Event: 11356.790 Thread 0x0000000013d2e000 nmethod 23573 0x000000000400cc10 code [0x000000000400cda0, 0x000000000400d4c8]
Event: 11356.791 Thread 0x0000000013d2d000 nmethod 23565 0x0000000006192310 code [0x0000000006192520, 0x0000000006193570]
Event: 11356.791 Thread 0x0000000013d2e000 23574   !   3       org.eclipse.osgi.storage.BundleInfo$Generation::clearManifestCache (30 bytes)
Event: 11356.792 Thread 0x0000000013d2e000 nmethod 23574 0x00000000034fdf50 code [0x00000000034fe0e0, 0x00000000034fe728]

GC Heap History (10 events):
Event: 11293.676 GC heap before
{Heap before GC invocations=668 (full 66):
 PSYoungGen      total 32256K, used 32044K [0x00000000f5580000, 0x00000000f7b00000, 0x0000000100000000)
  eden space 29184K, 100% used [0x00000000f5580000,0x00000000f7200000,0x00000000f7200000)
  from space 3072K, 93% used [0x00000000f7280000,0x00000000f754b110,0x00000000f7580000)
  to   space 4608K, 0% used [0x00000000f7680000,0x00000000f7680000,0x00000000f7b00000)
 ParOldGen       total 97792K, used 86175K [0x00000000e0000000, 0x00000000e5f80000, 0x00000000f5580000)
  object space 97792K, 88% used [0x00000000e0000000,0x00000000e5427fd0,0x00000000e5f80000)
 Metaspace       used 97384K, capacity 104946K, committed 105216K, reserved 1140736K
  class space    used 11185K, capacity 13539K, committed 13568K, reserved 1048576K
Event: 11293.682 GC heap after
Heap after GC invocations=668 (full 66):
 PSYoungGen      total 32768K, used 3746K [0x00000000f5580000, 0x00000000f7a80000, 0x0000000100000000)
  eden space 28672K, 0% used [0x00000000f5580000,0x00000000f5580000,0x00000000f7180000)
  from space 4096K, 91% used [0x00000000f7680000,0x00000000f7a28ae8,0x00000000f7a80000)
  to   space 4608K, 0% used [0x00000000f7180000,0x00000000f7180000,0x00000000f7600000)
 ParOldGen       total 97792K, used 86183K [0x00000000e0000000, 0x00000000e5f80000, 0x00000000f5580000)
  object space 97792K, 88% used [0x00000000e0000000,0x00000000e5429fd0,0x00000000e5f80000)
 Metaspace       used 97384K, capacity 104946K, committed 105216K, reserved 1140736K
  class space    used 11185K, capacity 13539K, committed 13568K, reserved 1048576K
}
Event: 11300.926 GC heap before
{Heap before GC invocations=669 (full 66):
 PSYoungGen      total 32768K, used 32418K [0x00000000f5580000, 0x00000000f7a80000, 0x0000000100000000)
  eden space 28672K, 100% used [0x00000000f5580000,0x00000000f7180000,0x00000000f7180000)
  from space 4096K, 91% used [0x00000000f7680000,0x00000000f7a28ae8,0x00000000f7a80000)
  to   space 4608K, 0% used [0x00000000f7180000,0x00000000f7180000,0x00000000f7600000)
 ParOldGen       total 97792K, used 86183K [0x00000000e0000000, 0x00000000e5f80000, 0x00000000f5580000)
  object space 97792K, 88% used [0x00000000e0000000,0x00000000e5429fd0,0x00000000e5f80000)
 Metaspace       used 97408K, capacity 105074K, committed 105216K, reserved 1140736K
  class space    used 11185K, capacity 13539K, committed 13568K, reserved 1048576K
Event: 11300.944 GC heap after
Heap after GC invocations=669 (full 66):
 PSYoungGen      total 31232K, used 2981K [0x00000000f5580000, 0x00000000f7a00000, 0x0000000100000000)
  eden space 28160K, 0% used [0x00000000f5580000,0x00000000f5580000,0x00000000f7100000)
  from space 3072K, 97% used [0x00000000f7180000,0x00000000f74694b0,0x00000000f7480000)
  to   space 4608K, 0% used [0x00000000f7580000,0x00000000f7580000,0x00000000f7a00000)
 ParOldGen       total 97792K, used 86191K [0x00000000e0000000, 0x00000000e5f80000, 0x00000000f5580000)
  object space 97792K, 88% used [0x00000000e0000000,0x00000000e542bfd0,0x00000000e5f80000)
 Metaspace       used 97408K, capacity 105074K, committed 105216K, reserved 1140736K
  class space    used 11185K, capacity 13539K, committed 13568K, reserved 1048576K
}
Event: 11331.257 GC heap before
{Heap before GC invocations=670 (full 66):
 PSYoungGen      total 31232K, used 30946K [0x00000000f5580000, 0x00000000f7a00000, 0x0000000100000000)
  eden space 28160K, 99% used [0x00000000f5580000,0x00000000f70cf5b0,0x00000000f7100000)
  from space 3072K, 97% used [0x00000000f7180000,0x00000000f74694b0,0x00000000f7480000)
  to   space 4608K, 0% used [0x00000000f7580000,0x00000000f7580000,0x00000000f7a00000)
 ParOldGen       total 97792K, used 86191K [0x00000000e0000000, 0x00000000e5f80000, 0x00000000f5580000)
  object space 97792K, 88% used [0x00000000e0000000,0x00000000e542bfd0,0x00000000e5f80000)
 Metaspace       used 97416K, capacity 105138K, committed 105472K, reserved 1140736K
  class space    used 11186K, capacity 13539K, committed 13568K, reserved 1048576K
Event: 11331.263 GC heap after
Heap after GC invocations=670 (full 66):
 PSYoungGen      total 31744K, used 3302K [0x00000000f5580000, 0x00000000f7980000, 0x0000000100000000)
  eden space 27648K, 0% used [0x00000000f5580000,0x00000000f5580000,0x00000000f7080000)
  from space 4096K, 80% used [0x00000000f7580000,0x00000000f78b9a30,0x00000000f7980000)
  to   space 4608K, 0% used [0x00000000f7080000,0x00000000f7080000,0x00000000f7500000)
 ParOldGen       total 97792K, used 86207K [0x00000000e0000000, 0x00000000e5f80000, 0x00000000f5580000)
  object space 97792K, 88% used [0x00000000e0000000,0x00000000e542ffd0,0x00000000e5f80000)
 Metaspace       used 97416K, capacity 105138K, committed 105472K, reserved 1140736K
  class space    used 11186K, capacity 13539K, committed 13568K, reserved 1048576K
}
Event: 11353.886 GC heap before
{Heap before GC invocations=671 (full 66):
 PSYoungGen      total 31744K, used 30950K [0x00000000f5580000, 0x00000000f7980000, 0x0000000100000000)
  eden space 27648K, 100% used [0x00000000f5580000,0x00000000f7080000,0x00000000f7080000)
  from space 4096K, 80% used [0x00000000f7580000,0x00000000f78b9a30,0x00000000f7980000)
  to   space 4608K, 0% used [0x00000000f7080000,0x00000000f7080000,0x00000000f7500000)
 ParOldGen       total 97792K, used 86207K [0x00000000e0000000, 0x00000000e5f80000, 0x00000000f5580000)
  object space 97792K, 88% used [0x00000000e0000000,0x00000000e542ffd0,0x00000000e5f80000)
 Metaspace       used 97564K, capacity 105234K, committed 105600K, reserved 1140736K
  class space    used 11204K, capacity 13571K, committed 13696K, reserved 1048576K
Event: 11353.891 GC heap after
Heap after GC invocations=671 (full 66):
 PSYoungGen      total 30720K, used 3305K [0x00000000f5580000, 0x00000000f7900000, 0x0000000100000000)
  eden space 27136K, 0% used [0x00000000f5580000,0x00000000f5580000,0x00000000f7000000)
  from space 3584K, 92% used [0x00000000f7080000,0x00000000f73ba790,0x00000000f7400000)
  to   space 4608K, 0% used [0x00000000f7480000,0x00000000f7480000,0x00000000f7900000)
 ParOldGen       total 97792K, used 86215K [0x00000000e0000000, 0x00000000e5f80000, 0x00000000f5580000)
  object space 97792K, 88% used [0x00000000e0000000,0x00000000e5431fd0,0x00000000e5f80000)
 Metaspace       used 97564K, capacity 105234K, committed 105600K, reserved 1140736K
  class space    used 11204K, capacity 13571K, committed 13696K, reserved 1048576K
}
Event: 11355.983 GC heap before
{Heap before GC invocations=672 (full 66):
 PSYoungGen      total 30720K, used 30441K [0x00000000f5580000, 0x00000000f7900000, 0x0000000100000000)
  eden space 27136K, 100% used [0x00000000f5580000,0x00000000f7000000,0x00000000f7000000)
  from space 3584K, 92% used [0x00000000f7080000,0x00000000f73ba790,0x00000000f7400000)
  to   space 4608K, 0% used [0x00000000f7480000,0x00000000f7480000,0x00000000f7900000)
 ParOldGen       total 97792K, used 86215K [0x00000000e0000000, 0x00000000e5f80000, 0x00000000f5580000)
  object space 97792K, 88% used [0x00000000e0000000,0x00000000e5431fd0,0x00000000e5f80000)
 Metaspace       used 98051K, capacity 105768K, committed 105984K, reserved 1140736K
  class space    used 11256K, capacity 13702K, committed 13824K, reserved 1048576K
Event: 11355.990 GC heap after
Heap after GC invocations=672 (full 66):
 PSYoungGen      total 30720K, used 3430K [0x00000000f5580000, 0x00000000f7880000, 0x0000000100000000)
  eden space 26624K, 0% used [0x00000000f5580000,0x00000000f5580000,0x00000000f6f80000)
  from space 4096K, 83% used [0x00000000f7480000,0x00000000f77d9860,0x00000000f7880000)
  to   space 4608K, 0% used [0x00000000f6f80000,0x00000000f6f80000,0x00000000f7400000)
 ParOldGen       total 97792K, used 86223K [0x00000000e0000000, 0x00000000e5f80000, 0x00000000f5580000)
  object space 97792K, 88% used [0x00000000e0000000,0x00000000e5433fd0,0x00000000e5f80000)
 Metaspace       used 98051K, capacity 105768K, committed 105984K, reserved 1140736K
  class space    used 11256K, capacity 13702K, committed 13824K, reserved 1048576K
}

Deoptimization events (10 events):
Event: 11356.757 Thread 0x0000000016c69000 Uncommon trap: reason=unstable_if action=reinterpret pc=0x0000000003c10dc0 method=org.eclipse.core.internal.jobs.WorkerPool.startJob(Lorg/eclipse/core/internal/jobs/Worker;)Lorg/eclipse/core/internal/jobs/InternalJob; @ 177
Event: 11356.757 Thread 0x0000000019042000 Uncommon trap: reason=unstable_if action=reinterpret pc=0x0000000003c10dc0 method=org.eclipse.core.internal.jobs.WorkerPool.startJob(Lorg/eclipse/core/internal/jobs/Worker;)Lorg/eclipse/core/internal/jobs/InternalJob; @ 177
Event: 11356.757 Thread 0x0000000018573800 Uncommon trap: reason=unstable_if action=reinterpret pc=0x0000000003c10dc0 method=org.eclipse.core.internal.jobs.WorkerPool.startJob(Lorg/eclipse/core/internal/jobs/Worker;)Lorg/eclipse/core/internal/jobs/InternalJob; @ 177
Event: 11356.757 Thread 0x0000000018571000 Uncommon trap: reason=unstable_if action=reinterpret pc=0x0000000003c10dc0 method=org.eclipse.core.internal.jobs.WorkerPool.startJob(Lorg/eclipse/core/internal/jobs/Worker;)Lorg/eclipse/core/internal/jobs/InternalJob; @ 177
Event: 11356.757 Thread 0x0000000019040800 Uncommon trap: reason=unstable_if action=reinterpret pc=0x0000000003c10dc0 method=org.eclipse.core.internal.jobs.WorkerPool.startJob(Lorg/eclipse/core/internal/jobs/Worker;)Lorg/eclipse/core/internal/jobs/InternalJob; @ 177
Event: 11356.757 Thread 0x000000001903f000 Uncommon trap: reason=unstable_if action=reinterpret pc=0x0000000003c10dc0 method=org.eclipse.core.internal.jobs.WorkerPool.startJob(Lorg/eclipse/core/internal/jobs/Worker;)Lorg/eclipse/core/internal/jobs/InternalJob; @ 177
Event: 11356.757 Thread 0x000000001d83d000 Uncommon trap: reason=unstable_if action=reinterpret pc=0x0000000003c10dc0 method=org.eclipse.core.internal.jobs.WorkerPool.startJob(Lorg/eclipse/core/internal/jobs/Worker;)Lorg/eclipse/core/internal/jobs/InternalJob; @ 177
Event: 11356.780 Thread 0x0000000018572000 Uncommon trap: reason=unstable_if action=reinterpret pc=0x000000000308245c method=sun.reflect.UnsafeStaticObjectFieldAccessorImpl.set(Ljava/lang/Object;Ljava/lang/Object;)V @ 13
Event: 11356.782 Thread 0x0000000017b1c800 Uncommon trap: reason=unstable_if action=reinterpret pc=0x0000000004a2319c method=org.eclipse.osgi.framework.eventmgr.EventManager$EventThread.getNextEvent()Lorg/eclipse/osgi/framework/eventmgr/EventManager$EventThread$Queued; @ 15
Event: 11356.782 Thread 0x0000000018572000 Uncommon trap: reason=unstable_if action=reinterpret pc=0x00000000032f7100 method=java.util.concurrent.locks.ReentrantLock$Sync.tryRelease(I)Z @ 28

Internal exceptions (10 events):
Event: 11354.219 Thread 0x0000000002418000 Implicit null exception at 0x00000000030b9f0f to 0x00000000030b9fa9
Event: 11354.220 Thread 0x0000000002418000 Implicit null exception at 0x0000000005f2b4c8 to 0x0000000005f2bd31
Event: 11354.235 Thread 0x0000000002418000 Implicit null exception at 0x0000000005bd9360 to 0x0000000005bd98ad
Event: 11355.207 Thread 0x000000001a8d7000 Exception <a 'java/lang/InterruptedException'> (0x00000000f6d8f8f8) thrown at [C:\re\workspace\8-2-build-windows-amd64-cygwin\jdk8u66\5298\hotspot\src\share\vm\runtime\objectMonitor.cpp, line 1683]
Event: 11356.756 Thread 0x0000000019036000 Exception <a 'java/lang/InterruptedException'> (0x00000000f58adc30) thrown at [C:\re\workspace\8-2-build-windows-amd64-cygwin\jdk8u66\5298\hotspot\src\share\vm\runtime\objectMonitor.cpp, line 1683]
Event: 11356.780 Thread 0x0000000018572000 Implicit null exception at 0x0000000003082057 to 0x0000000003082449
Event: 11356.780 Thread 0x0000000017179000 Exception <a 'java/lang/InterruptedException'> (0x00000000f58ad918) thrown at [C:\re\workspace\8-2-build-windows-amd64-cygwin\jdk8u66\5298\hotspot\src\share\vm\runtime\objectMonitor.cpp, line 1683]
Event: 11356.782 Thread 0x0000000017b1c800 Exception <a 'java/lang/InterruptedException'> (0x00000000f5610488) thrown at [C:\re\workspace\8-2-build-windows-amd64-cygwin\jdk8u66\5298\hotspot\src\share\vm\runtime\objectMonitor.cpp, line 1683]
Event: 11356.783 Thread 0x0000000016c29800 Exception <a 'java/lang/InterruptedException'> (0x00000000f5a1cd60) thrown at [C:\re\workspace\8-2-build-windows-amd64-cygwin\jdk8u66\5298\hotspot\src\share\vm\runtime\objectMonitor.cpp, line 1683]
Event: 11356.783 Thread 0x0000000018340000 Exception <a 'java/lang/InterruptedException'> (0x00000000f5a21a88) thrown at [C:\re\workspace\8-2-build-windows-amd64-cygwin\jdk8u66\5298\hotspot\src\share\vm\runtime\objectMonitor.cpp, line 1683]

Events (10 events):
Event: 11356.812 loading class java/util/IdentityHashMap$IdentityHashMapIterator
Event: 11356.814 loading class java/util/IdentityHashMap$IdentityHashMapIterator done
Event: 11356.814 loading class java/util/IdentityHashMap$KeyIterator done
Event: 11356.814 Thread 0x0000000018572000 Thread added: 0x0000000018572000
Event: 11356.814 Executing VM operation: RevokeBias
Event: 11356.815 Executing VM operation: RevokeBias done
Event: 11356.815 Executing VM operation: RevokeBias
Event: 11356.815 Executing VM operation: RevokeBias done
Event: 11356.815 Thread 0x0000000018572000 Thread exited: 0x0000000018572000
Event: 11356.815 Executing VM operation: Exit


Dynamic libraries:
0x0000000000400000 - 0x000000000044f000 	C:\Xilinx\SDK\2016.2\eclipse\win64.o\eclipse.exe
0x0000000077b00000 - 0x0000000077caa000 	C:\Windows\SYSTEM32\ntdll.dll
0x00000000778e0000 - 0x00000000779ff000 	C:\Windows\system32\kernel32.dll
0x000007fefda90000 - 0x000007fefdafa000 	C:\Windows\system32\KERNELBASE.dll
0x0000000077a00000 - 0x0000000077afa000 	C:\Windows\system32\USER32.dll
0x000007fefeb00000 - 0x000007fefeb67000 	C:\Windows\system32\GDI32.dll
0x000007fefeb70000 - 0x000007fefeb7e000 	C:\Windows\system32\LPK.dll
0x000007fefe350000 - 0x000007fefe41a000 	C:\Windows\system32\USP10.dll
0x000007fefdd60000 - 0x000007fefddff000 	C:\Windows\system32\msvcrt.dll
0x000007fefc150000 - 0x000007fefc344000 	C:\Windows\WinSxS\amd64_microsoft.windows.common-controls_6595b64144ccf1df_6.0.7601.18837_none_fa3b1e3d17594757\COMCTL32.dll
0x000007fefded0000 - 0x000007fefdf41000 	C:\Windows\system32\SHLWAPI.dll
0x000007fefe730000 - 0x000007fefe75e000 	C:\Windows\system32\IMM32.DLL
0x000007fefe7e0000 - 0x000007fefe8e9000 	C:\Windows\system32\MSCTF.dll
0x0000000072000000 - 0x0000000072012000 	C:\Xilinx\SDK\2016.2\eclipse\win64.o\plugins\org.eclipse.equinox.launcher.win32.win32.x86_64_1.1.300.v20150602-1417\eclipse_1611.dll
0x000007fefe650000 - 0x000007fefe72b000 	C:\Windows\system32\ADVAPI32.dll
0x000007fefde00000 - 0x000007fefde1f000 	C:\Windows\SYSTEM32\sechost.dll
0x000007fefe220000 - 0x000007fefe34d000 	C:\Windows\system32\RPCRT4.dll
0x000007fefc8d0000 - 0x000007fefc8dc000 	C:\Windows\system32\VERSION.dll
0x000007fefc0f0000 - 0x000007fefc146000 	C:\Windows\system32\UxTheme.dll
0x000000006fe60000 - 0x00000000706e9000 	C:\Xilinx\SDK\2016.2\tps\win64\jre\bin\server\jvm.dll
0x000007fef89f0000 - 0x000007fef89f9000 	C:\Windows\system32\WSOCK32.dll
0x000007fefe420000 - 0x000007fefe46d000 	C:\Windows\system32\WS2_32.dll
0x000007fefde20000 - 0x000007fefde28000 	C:\Windows\system32\NSI.dll
0x000007fefa5d0000 - 0x000007fefa60b000 	C:\Windows\system32\WINMM.dll
0x0000000077cc0000 - 0x0000000077cc7000 	C:\Windows\system32\PSAPI.DLL
0x0000000073360000 - 0x0000000073432000 	C:\Windows\system32\MSVCR100.dll
0x00000000746e0000 - 0x00000000746ef000 	C:\Xilinx\SDK\2016.2\tps\win64\jre\bin\verify.dll
0x0000000073c40000 - 0x0000000073c69000 	C:\Xilinx\SDK\2016.2\tps\win64\jre\bin\java.dll
0x0000000073c20000 - 0x0000000073c36000 	C:\Xilinx\SDK\2016.2\tps\win64\jre\bin\zip.dll
0x000007feff080000 - 0x000007feffe09000 	C:\Windows\system32\SHELL32.dll
0x000007fefe8f0000 - 0x000007fefeaf3000 	C:\Windows\system32\ole32.dll
0x000007fefd850000 - 0x000007fefd85f000 	C:\Windows\system32\profapi.dll
0x000007fefd040000 - 0x000007fefd058000 	C:\Windows\system32\CRYPTSP.dll
0x000007fefcd40000 - 0x000007fefcd87000 	C:\Windows\system32\rsaenh.dll
0x000007fefd8b0000 - 0x000007fefd8ce000 	C:\Windows\system32\USERENV.dll
0x000007fefd6a0000 - 0x000007fefd6af000 	C:\Windows\system32\CRYPTBASE.dll
0x0000000073c00000 - 0x0000000073c1a000 	C:\Xilinx\SDK\2016.2\tps\win64\jre\bin\net.dll
0x000007fefcfe0000 - 0x000007fefd035000 	C:\Windows\system32\mswsock.dll
0x000007fefcfd0000 - 0x000007fefcfd7000 	C:\Windows\System32\wship6.dll
0x000007fefa200000 - 0x000007fefa227000 	C:\Windows\system32\IPHLPAPI.DLL
0x000007fefa1f0000 - 0x000007fefa1fb000 	C:\Windows\system32\WINNSI.DLL
0x000007fefa6e0000 - 0x000007fefa6f1000 	C:\Windows\system32\dhcpcsvc6.DLL
0x000007fefa6c0000 - 0x000007fefa6d8000 	C:\Windows\system32\dhcpcsvc.DLL
0x0000000073be0000 - 0x0000000073bf1000 	C:\Xilinx\SDK\2016.2\tps\win64\jre\bin\nio.dll
0x000007fefaed0000 - 0x000007fefaee5000 	C:\Windows\system32\NLAapi.dll
0x000007fef9e60000 - 0x000007fef9e75000 	C:\Windows\system32\napinsp.dll
0x000007fef9e80000 - 0x000007fef9e99000 	C:\Windows\system32\pnrpnsp.dll
0x000007fefce60000 - 0x000007fefcebb000 	C:\Windows\system32\DNSAPI.dll
0x000007fef9e50000 - 0x000007fef9e5b000 	C:\Windows\System32\winrnr.dll
0x000007fefc9a0000 - 0x000007fefc9a7000 	C:\Windows\System32\wshtcpip.dll
0x000007fef9ea0000 - 0x000007fef9ea8000 	C:\Windows\system32\rasadhlp.dll
0x000007fefa890000 - 0x000007fefa8e3000 	C:\Windows\System32\fwpuclnt.dll
0x00000000176c0000 - 0x0000000017768000 	C:\Users\dezfoul2\.Xilinx\SDK\2016.2\org.eclipse.osgi\312\0\.cp\swt-win32-4527.dll
0x000007fefdc00000 - 0x000007fefdcd8000 	C:\Windows\system32\OLEAUT32.dll
0x000007fefde30000 - 0x000007fefdec7000 	C:\Windows\system32\comdlg32.dll
0x000007fef6730000 - 0x000007fef67a1000 	C:\Windows\system32\WINSPOOL.DRV
0x000007fefdf50000 - 0x000007fefe215000 	C:\Windows\system32\WININET.dll
0x000007fefd8a0000 - 0x000007fefd8a4000 	C:\Windows\system32\api-ms-win-downlevel-user32-l1-1-0.dll
0x000007fefd8d0000 - 0x000007fefd8d4000 	C:\Windows\system32\api-ms-win-downlevel-shlwapi-l1-1-0.dll
0x000007fefdbf0000 - 0x000007fefdbf4000 	C:\Windows\system32\api-ms-win-downlevel-version-l1-1-0.dll
0x000007fefd8f0000 - 0x000007fefd8f3000 	C:\Windows\system32\api-ms-win-downlevel-normaliz-l1-1-0.dll
0x0000000077cd0000 - 0x0000000077cd3000 	C:\Windows\system32\normaliz.DLL
0x000007fefedb0000 - 0x000007feff079000 	C:\Windows\system32\iertutil.dll
0x000007fefd8e0000 - 0x000007fefd8e5000 	C:\Windows\system32\api-ms-win-downlevel-advapi32-l1-1-0.dll
0x000007fefd900000 - 0x000007fefda6d000 	C:\Windows\system32\CRYPT32.dll
0x000007fefd840000 - 0x000007fefd84f000 	C:\Windows\system32\MSASN1.dll
0x000007fefbbc0000 - 0x000007fefbcec000 	C:\Windows\system32\propsys.dll
0x000007fefeb80000 - 0x000007fefec19000 	C:\Windows\system32\CLBCatQ.DLL
0x00000000003e0000 - 0x00000000003fe000 	C:\Users\dezfoul2\.Xilinx\SDK\2016.2\org.eclipse.osgi\312\0\.cp\swt-gdip-win32-4527.dll
0x000007fefbed0000 - 0x000007fefc0e6000 	C:\Windows\WinSxS\amd64_microsoft.windows.gdiplus_6595b64144ccf1df_1.1.7601.23508_none_145555328b95eaaa\gdiplus.dll
0x000007fefb9f0000 - 0x000007fefbb51000 	C:\Windows\system32\WindowsCodecs.dll
0x0000000180000000 - 0x0000000180012000 	C:\Users\dezfoul2\.Xilinx\SDK\2016.2\org.eclipse.osgi\126\0\.cp\os\win32\x86_64\localfile_1_0_0.dll
0x000007fef3340000 - 0x000007fef3394000 	C:\Windows\system32\oleacc.dll
0x000007fef89d0000 - 0x000007fef89d7000 	C:\Windows\system32\msimg32.dll
0x000007fefd790000 - 0x000007fefd7a4000 	C:\Windows\system32\RpcRtRemote.dll
0x000007fefd640000 - 0x000007fefd697000 	C:\Windows\system32\apphelp.dll
0x000007fef66f0000 - 0x000007fef6701000 	C:\Users\dezfoul2\.Xilinx\SDK\2016.2\org.eclipse.osgi\129\0\.cp\jWinHttp-1.0.0.dll
0x000007fefadd0000 - 0x000007fefae41000 	C:\Windows\system32\WINHTTP.dll
0x000007fefad60000 - 0x000007fefadc4000 	C:\Windows\system32\webio.dll
0x000007fefd610000 - 0x000007fefd635000 	C:\Windows\system32\SspiCli.dll
0x000007fefcc00000 - 0x000007fefcc0a000 	C:\Windows\system32\credssp.dll
0x000007fefdbb0000 - 0x000007fefdbe6000 	C:\Windows\system32\CFGMGR32.dll
0x000007fef94d0000 - 0x000007fef94df000 	C:\Xilinx\SDK\2016.2\lib\win64.o\librdi_repo_manager.dll
0x000007fef5de0000 - 0x000007fef5e0a000 	C:\Xilinx\SDK\2016.2\lib\win64.o\libisl_sysinfo.dll
0x000007feed430000 - 0x000007feed504000 	C:\Windows\system32\MSVCR110.dll
0x000007feed300000 - 0x000007feed3a7000 	C:\Windows\system32\MSVCP110.dll
0x000007feba8d0000 - 0x000007febb310000 	C:\Xilinx\SDK\2016.2\lib\win64.o\librdi_common.dll
0x000007febb9e0000 - 0x000007febbd4e000 	C:\Xilinx\SDK\2016.2\lib\win64.o\libCOIN-all.dll
0x000007febb7c0000 - 0x000007febb9df000 	C:\Xilinx\SDK\2016.2\lib\win64.o\libXil_lmgr11.dll
0x000007fefb8b0000 - 0x000007fefb8c6000 	C:\Windows\system32\NETAPI32.dll
0x000007fefcc70000 - 0x000007fefcc7c000 	C:\Windows\system32\netutils.dll
0x000007fefd250000 - 0x000007fefd273000 	C:\Windows\system32\srvcli.dll
0x000007fefb890000 - 0x000007fefb8a5000 	C:\Windows\system32\wkscli.dll
0x000007fefd860000 - 0x000007fefd89b000 	C:\Windows\system32\WINTRUST.dll
0x000007fef6b00000 - 0x000007fef6b10000 	C:\Xilinx\SDK\2016.2\lib\win64.o\libboost_date_time.dll
0x000007fef5db0000 - 0x000007fef5dd4000 	C:\Xilinx\SDK\2016.2\lib\win64.o\libboost_filesystem.dll
0x000007fef8a00000 - 0x000007fef8a09000 	C:\Xilinx\SDK\2016.2\lib\win64.o\libboost_system.dll
0x000007fef32c0000 - 0x000007fef3337000 	C:\Xilinx\SDK\2016.2\lib\win64.o\libboost_program_options.dll
0x000007feee630000 - 0x000007feee736000 	C:\Xilinx\SDK\2016.2\lib\win64.o\libboost_regex.dll
0x000007fef5d90000 - 0x000007fef5da3000 	C:\Xilinx\SDK\2016.2\lib\win64.o\libboost_signals.dll
0x000007fef5d70000 - 0x000007fef5d8d000 	C:\Xilinx\SDK\2016.2\lib\win64.o\libboost_thread.dll
0x000007fef58f0000 - 0x000007fef58fb000 	C:\Xilinx\SDK\2016.2\lib\win64.o\libboost_chrono.dll
0x000007fef58e0000 - 0x000007fef58eb000 	C:\Xilinx\SDK\2016.2\lib\win64.o\libboost_xilinx.dll
0x000007fef1af0000 - 0x000007fef1b70000 	C:\Xilinx\SDK\2016.2\lib\win64.o\libhdlpsolve.dll
0x000007fef1a50000 - 0x000007fef1aea000 	C:\Xilinx\SDK\2016.2\lib\win64.o\libhdxml.dll
0x000007febb350000 - 0x000007febb7b5e00 	C:\Xilinx\SDK\2016.2\lib\win64.o\libisl_iostreams.dll
0x000007fef4920000 - 0x000007fef4936000 	C:\Xilinx\SDK\2016.2\lib\win64.o\libboost_iostreams.dll
0x000007fef48f0000 - 0x000007fef4913000 	C:\Xilinx\SDK\2016.2\lib\win64.o\librdizlib.dll
0x000007fef1a20000 - 0x000007fef1a43000 	C:\Xilinx\SDK\2016.2\lib\win64.o\libisl_iosutils.dll
0x000007fef1a00000 - 0x000007fef1a15000 	C:\Xilinx\SDK\2016.2\lib\win64.o\pthreadVC2.dll
0x000007fef19a0000 - 0x000007fef19f4000 	C:\Xilinx\SDK\2016.2\lib\win64.o\librdi_commonxillic.dll
0x000007feba7a0000 - 0x000007feba8d0000 	C:\Xilinx\SDK\2016.2\lib\win64.o\librdi_curl.dll
0x000007fef1980000 - 0x000007fef1998000 	C:\Xilinx\SDK\2016.2\lib\win64.o\librdiconfig.dll
0x00000000739d0000 - 0x0000000073af7000 	C:\Xilinx\SDK\2016.2\lib\win64.o\tcl85t.dll
0x0000000026e50000 - 0x00000000270b3000 	C:\Xilinx\SDK\2016.2\lib\win64.o\xerces-c_3_1.dll
0x000007fefec20000 - 0x000007fefeda6000 	C:\Windows\system32\urlmon.dll
0x000007fefdb00000 - 0x000007fefdb04000 	C:\Windows\system32\api-ms-win-downlevel-ole32-l1-1-0.dll
0x000007fee9890000 - 0x000007fee98b3000 	C:\Windows\system32\VCOMP110.DLL
0x000007feba5a0000 - 0x000007feba792000 	C:\Xilinx\SDK\2016.2\lib\win64.o\librdi_hsm.dll
0x000007feee5e0000 - 0x000007feee623000 	C:\Xilinx\SDK\2016.2\lib\win64.o\librdi_hdf.dll
0x000007feba310000 - 0x000007feba591000 	C:\Xilinx\SDK\2016.2\lib\win64.o\librdi_ippcw.dll
0x000007fefb800000 - 0x000007fefb816000 	C:\Xilinx\SDK\2016.2\eclipse\win64.o\plugins\org.eclipse.cdt.core.win32.x86_64_5.4.0.201509131935\os\win32\x86_64\spawner.dll
0x000007fefb9b0000 - 0x000007fefb9ba000 	C:\Xilinx\SDK\2016.2\lib\win64.o\librdi_jtag_settings.dll
0x000007fefa130000 - 0x000007fefa159000 	C:\Xilinx\SDK\2016.2\lib\win64.o\librdi_debug_dialog.dll
0x000007fefa820000 - 0x000007fefa828000 	C:\Xilinx\SDK\2016.2\lib\win64.o\librdi_target_manager.dll
0x0000000071100000 - 0x0000000071125000 	C:\Users\dezfoul2\.jssc\windows\jSSC-2.8_x86_64.dll
0x0000000071080000 - 0x00000000710a6000 	C:\Xilinx\SDK\2016.2\eclipse\win64.o\plugins\gnu.io.rxtx.win32.x86_64_2.1.7.3_v20071015\os\win32\x86_64\rxtxSerial.dll
0x000007feae560000 - 0x000007feaed70000 	C:\Xilinx\SDK\2016.2\lib\win64.o\libXil_lmgr11FNP.dll

VM Arguments:
jvm_args: -Dcom.xilinx.sdk.args.hwspec=W:/ece532/src/hdmi.sdk/hdmi_wrapper.hdf -Xms64m -Xmx512m & 
java_command: <unknown>
java_class_path (initial): C:\Xilinx\SDK\2016.2\eclipse\win64.o\\plugins/org.eclipse.equinox.launcher_1.3.100.v20150511-1540.jar
Launcher Type: generic

Environment Variables:
PATH=C:/Xilinx/SDK/2016.2/tps/win64/jre/bin/server;C:/Xilinx/SDK/2016.2/tps/win64/jre/bin;C:/Xilinx/SDK/2016.2/tps/win64/jre/lib/amd64;C:\Xilinx\SDK\2016.2\gnuwin\bin;C:\Xilinx\SDK\2016.2\gnu\microblaze\nt\bin;C:\Xilinx\SDK\2016.2\gnu\microblaze\linux_toolchain\nt64_le\bin;C:\Xilinx\SDK\2016.2\gnu\microblaze\linux_toolchain\nt64_be\bin;C:\Xilinx\SDK\2016.2\gnu\arm\nt\bin;C:\Xilinx\SDK\2016.2\gnu\aarch64\nt\aarch64-none\bin;C:\Xilinx\SDK\2016.2\gnu\aarch64\nt\aarch64-linux\bin;C:\Xilinx\SDK\2016.2\gnu\armr5\nt\gcc-arm-none-eabi\bin;C:\Xilinx\SDK\2016.2\gnu\aarch32\nt\gcc-arm-none-eabi\bin;C:\Xilinx\SDK\2016.2\gnu\aarch32\nt\gcc-arm-linux-gnueabi\bin;C:\Xilinx\SDK\2016.2\tps\win64\cmake-3.3.2\bin;;C:\Xilinx\SDK\2016.2\bin;C:\Xilinx\SDK\2016.2\lib\win64.o;C:\Xilinx\SDK\2016.2\tps\win64\jre\bin\server;C:\Xilinx\SDK\2016.2\tps\win64\jre\bin;C:\Xilinx\Vivado\2016.2\ids_lite\ISE\bin\nt64;C:\Xilinx\Vivado\2016.2\ids_lite\ISE\lib\nt64;C:\Xilinx\Vivado\2016.2\bin;C:\Xilinx\Vivado\2016.2\lib\win64.o;C:\Xilinx\Vivado\2016.2\tps\win64\jre\bin\server;C:\Xilinx\Vivado\2016.2\tps\win64\jre\bin;C:\Xilinx\Vivado_HLS\2016.2\bin;C:\Windows\system32;C:\Windows;C:\Windows\System32\Wbem;C:\Windows\System32\WindowsPowerShell\v1.0\;C:\Program Files (x86)\Java\jre6\bin;C:\Program Files (x86)\eclipse;C:\altera\16.0\quartus\bin64;c:\altera\16.0\quartus\bin64\jre64\bin;W:\ece532\src;
USERNAME=dezfoul2
OS=Windows_NT
PROCESSOR_IDENTIFIER=Intel64 Family 6 Model 60 Stepping 3, GenuineIntel



---------------  S Y S T E M  ---------------

OS: Windows 7 , 64 bit Build 7601 (6.1.7601.23418)

CPU:total 8 (4 cores per cpu, 2 threads per core) family 6 model 60 stepping 3, cmov, cx8, fxsr, mmx, sse, sse2, sse3, ssse3, sse4.1, sse4.2, popcnt, avx, avx2, aes, clmul, erms, lzcnt, ht, tsc, tscinvbit, bmi1, bmi2

Memory: 4k page, physical 16683160k(7265092k free), swap 33364460k(23230260k free)

vm_info: Java HotSpot(TM) 64-Bit Server VM (25.66-b18) for windows-amd64 JRE (1.8.0_66-b18), built on Nov  9 2015 10:51:13 by "java_re" with MS VC++ 10.0 (VS2010)

time: Wed Mar 29 14:47:02 2017
elapsed time: 11357 seconds (0d 3h 9m 17s)

