#
# A fatal error has been detected by the Java Runtime Environment:
#
#  EXCEPTION_UNCAUGHT_CXX_EXCEPTION (0xe06d7363) at pc=0x000007fefda8a06d, pid=5660, tid=4572
#
# JRE version: Java(TM) SE Runtime Environment (8.0_66-b18) (build 1.8.0_66-b18)
# Java VM: Java HotSpot(TM) 64-Bit Server VM (25.66-b18 mixed mode windows-amd64 compressed oops)
# Problematic frame:
# C  [KERNELBASE.dll+0x1a06d]
#
# Failed to write core dump. Minidumps are not enabled by default on client versions of Windows
#
# If you would like to submit a bug report, please visit:
#   http://bugreport.java.com/bugreport/crash.jsp
#

---------------  T H R E A D  ---------------

Current thread (0x0000000014fe2800):  VMThread [stack: 0x0000000015f30000,0x0000000016030000] [id=4572]

siginfo: ExceptionCode=0xe06d7363, ExceptionInformation=0x0000000019930520 0x000000001602f4c8 0x000007feed522cb8 0x000007feed470000 

Registers:
RAX=0x0000000065d397e5, RBX=0x000007feed522cb8, RCX=0x000000001602ed10, RDX=0x00000000000000d0
RSP=0x000000001602f320, RBP=0x000000001602f450, RSI=0x00000000ffffffff, RDI=0x0000000017535370
R8 =0x0000000000000000, R9 =0x0000000000000000, R10=0x000007feed470000, R11=0x000000001602f360
R12=0x0000000000000001, R13=0x0000000000000008, R14=0x0000000000000000, R15=0xffffffffffffffff
RIP=0x000007fefda8a06d, EFLAGS=0x0000000000000202

Top of Stack: (sp=0x000000001602f320)
0x000000001602f320:   000007feed522cb8 00000000ffffffff
0x000000001602f330:   0000000017535370 0000000000356e90
0x000000001602f340:   00000001e06d7363 0000000000000000
0x000000001602f350:   000007fefda8a06d 000007fe00000004
0x000000001602f360:   0000000019930520 000000001602f4c8
0x000000001602f370:   000007feed522cb8 000007feed470000
0x000000001602f380:   0000000000000000 000000001602f408
0x000000001602f390:   0000000000000028 0000000017535360
0x000000001602f3a0:   000000001754c8c0 0000000000000000
0x000000001602f3b0:   000007fffffa8000 0000000077adf2d3
0x000000001602f3c0:   0000000000000000 0000000000000008
0x000000001602f3d0:   0000000000000001 0000000017535370
0x000000001602f3e0:   00000000ffffffff 000007feed4ce92c
0x000000001602f3f0:   000007feed522cb8 000000001602f460
0x000000001602f400:   0000000000000001 000007feed4700f8
0x000000001602f410:   00000001e06d7363 0000000000000000 

Instructions: (pc=0x000007fefda8a06d)
0x000007fefda8a04d:   54 24 24 48 89 4c 24 28 4d 85 c9 0f 85 6a 03 00
0x000007fefda8a05d:   00 89 4c 24 38 48 8d 4c 24 20 ff 15 33 02 03 00
0x000007fefda8a06d:   48 81 c4 c8 00 00 00 c3 90 90 90 90 90 90 90 90
0x000007fefda8a07d:   90 90 90 48 83 ec 28 65 48 8b 04 25 30 00 00 00 


Register to memory mapping:

RAX=0x0000000065d397e5 is an unknown value
RBX=0x000007feed522cb8 is an unknown value
RCX=0x000000001602ed10 is an unknown value
RDX=0x00000000000000d0 is an unknown value
RSP=0x000000001602f320 is an unknown value
RBP=0x000000001602f450 is an unknown value
RSI=0x00000000ffffffff is an unknown value
RDI=0x0000000017535370 is an unknown value
R8 =0x0000000000000000 is an unknown value
R9 =0x0000000000000000 is an unknown value
R10=0x000007feed470000 is an unknown value
R11=0x000000001602f360 is an unknown value
R12=0x0000000000000001 is an unknown value
R13=0x0000000000000008 is an unknown value
R14=0x0000000000000000 is an unknown value
R15=0xffffffffffffffff is an unknown value


Stack: [0x0000000015f30000,0x0000000016030000],  sp=0x000000001602f320,  free space=1020k
Native frames: (J=compiled Java code, j=interpreted, Vv=VM code, C=native code)
C  [KERNELBASE.dll+0x1a06d]
C  [MSVCR110.dll+0x5e92c]
C  [MSVCR110.dll+0x1315c]
C  [MSVCR110.dll+0x136a9]
C  [MSVCR110.dll+0x13e9c]
C  [MSVCR110.dll+0x239e]
C  [MSVCR110.dll+0xaf9e]
C  [MSVCP110.dll+0x397b9]
C  [librdi_common.dll+0x182316]
C  [librdi_common.dll+0x180fab]
C  [librdi_target_manager.dll+0x2400]
C  [librdi_target_manager.dll+0x2682]
C  [ntdll.dll+0x229b1]
C  [ntdll.dll+0x227c0]
C  [MSVCR100.dll+0x20ccd]
V  [jvm.dll+0x210cc5]
V  [jvm.dll+0x249897]
V  [jvm.dll+0x248b36]
V  [jvm.dll+0x248fd1]
V  [jvm.dll+0x2491ee]
V  [jvm.dll+0x29a0fa]
C  [MSVCR100.dll+0x21d9f]
C  [MSVCR100.dll+0x21e3b]
C  [kernel32.dll+0x159bd]
C  [ntdll.dll+0x2a2e1]

VM_Operation (0x000000000012f4c0): Exit, mode: safepoint, requested by thread 0x0000000002608000


---------------  P R O C E S S  ---------------

Java Threads: ( => current thread )
  0x0000000017ed2800 JavaThread "pool-2-thread-2" [_thread_blocked, id=6076, stack(0x0000000026800000,0x0000000026900000)]
  0x000000001854b000 JavaThread "pool-2-thread-1" [_thread_blocked, id=4944, stack(0x0000000028db0000,0x0000000028eb0000)]
  0x0000000017b7d800 JavaThread "Thread-24" daemon [_thread_blocked, id=5676, stack(0x0000000028690000,0x0000000028790000)]
  0x000000001e43b000 JavaThread "TCF Channel Transmitter" daemon [_thread_blocked, id=5664, stack(0x0000000027c00000,0x0000000027d00000)]
  0x000000001e439800 JavaThread "TCF Channel Receiver" daemon [_thread_in_native, id=3804, stack(0x0000000027670000,0x0000000027770000)]
  0x000000001e436000 JavaThread "Process monitor" daemon [_thread_in_native, id=4124, stack(0x0000000026f70000,0x0000000027070000)]
  0x000000001e434800 JavaThread "Input Stream Monitor" daemon [_thread_blocked, id=4952, stack(0x0000000026e70000,0x0000000026f70000)]
  0x000000001e433800 JavaThread "Output Stream Monitor" daemon [_thread_in_native, id=6140, stack(0x0000000026d70000,0x0000000026e70000)]
  0x000000001e433000 JavaThread "Output Stream Monitor" daemon [_thread_in_native, id=5516, stack(0x0000000025cf0000,0x0000000025df0000)]
  0x0000000017ecc800 JavaThread "TCF Locator DNS Lookup" daemon [_thread_blocked, id=5272, stack(0x0000000024980000,0x0000000024a80000)]
  0x0000000017ecc000 JavaThread "TCF Locator Timer" daemon [_thread_blocked, id=4840, stack(0x00000000244d0000,0x00000000245d0000)]
  0x0000000017ecb000 JavaThread "TCF Locator Receiver" daemon [_thread_in_native, id=4904, stack(0x00000000243d0000,0x00000000244d0000)]
  0x0000000017ec9800 JavaThread "TCF Timer Dispatcher" daemon [_thread_blocked, id=5940, stack(0x0000000020470000,0x0000000020570000)]
  0x0000000017d52800 JavaThread "EMF Reference Cleaner" daemon [_thread_blocked, id=4252, stack(0x0000000019680000,0x0000000019780000)]
  0x00000000150d1800 JavaThread "Service Thread" daemon [_thread_blocked, id=3984, stack(0x0000000016830000,0x0000000016930000)]
  0x0000000015069000 JavaThread "C1 CompilerThread3" daemon [_thread_blocked, id=3100, stack(0x0000000016730000,0x0000000016830000)]
  0x0000000015044000 JavaThread "C2 CompilerThread2" daemon [_thread_blocked, id=1596, stack(0x0000000016630000,0x0000000016730000)]
  0x000000001503d000 JavaThread "C2 CompilerThread1" daemon [_thread_blocked, id=5864, stack(0x0000000016530000,0x0000000016630000)]
  0x0000000015036000 JavaThread "C2 CompilerThread0" daemon [_thread_blocked, id=1856, stack(0x0000000016430000,0x0000000016530000)]
  0x000000001502e000 JavaThread "Attach Listener" daemon [_thread_blocked, id=5968, stack(0x0000000016330000,0x0000000016430000)]
  0x000000001502c800 JavaThread "Signal Dispatcher" daemon [_thread_blocked, id=4264, stack(0x0000000016230000,0x0000000016330000)]
  0x0000000013e6b000 JavaThread "Finalizer" daemon [_thread_blocked, id=5076, stack(0x0000000016130000,0x0000000016230000)]
  0x0000000013e64000 JavaThread "Reference Handler" daemon [_thread_blocked, id=2000, stack(0x0000000016030000,0x0000000016130000)]
  0x0000000002608000 JavaThread "main" [_thread_blocked, id=1568, stack(0x0000000000030000,0x0000000000130000)]

Other Threads:
=>0x0000000014fe2800 VMThread [stack: 0x0000000015f30000,0x0000000016030000] [id=4572]

VM state:at safepoint (shutting down)

VM Mutex/Monitor currently owned by a thread:  ([mutex/lock_event])
[0x00000000026ae3b0] Threads_lock - owner thread: 0x0000000014fe2800

Heap:
 PSYoungGen      total 164864K, used 55418K [0x00000000f5580000, 0x0000000100000000, 0x0000000100000000)
  eden space 155136K, 35% used [0x00000000f5580000,0x00000000f8b9e818,0x00000000fed00000)
  from space 9728K, 0% used [0x00000000fed00000,0x00000000fed00000,0x00000000ff680000)
  to   space 9216K, 0% used [0x00000000ff700000,0x00000000ff700000,0x0000000100000000)
 ParOldGen       total 162816K, used 58508K [0x00000000e0000000, 0x00000000e9f00000, 0x00000000f5580000)
  object space 162816K, 35% used [0x00000000e0000000,0x00000000e3923070,0x00000000e9f00000)
 Metaspace       used 88584K, capacity 96210K, committed 96536K, reserved 1132544K
  class space    used 10684K, capacity 13212K, committed 13344K, reserved 1048576K

Card table byte_map: [0x0000000011a70000,0x0000000011b80000] byte_map_base: 0x0000000011370000

Marking Bits: (ParMarkBitMap*) 0x0000000071f1a5b0
 Begin Bits: [0x0000000012380000, 0x0000000012b80000)
 End Bits:   [0x0000000012b80000, 0x0000000013380000)

Polling page: 0x0000000000220000

CodeCache: size=245760Kb used=38078Kb max_used=38444Kb free=207681Kb
 bounds [0x00000000026b0000, 0x0000000004c90000, 0x00000000116b0000]
 total_blobs=11207 nmethods=10300 adapters=814
 compilation: enabled

Compilation events (10 events):
Event: 1166.077 Thread 0x0000000015044000 nmethod 13130 0x0000000003574f50 code [0x00000000035750a0, 0x0000000003575168]
Event: 1166.077 Thread 0x0000000015069000 nmethod 13121 0x00000000046f2d10 code [0x00000000046f2ec0, 0x00000000046f3868]
Event: 1166.077 Thread 0x0000000015069000 13122       3       org.eclipse.osgi.internal.container.AtomicLazyInitializer::getAndClear (9 bytes)
Event: 1166.077 Thread 0x0000000015036000 nmethod 13117 0x00000000031770d0 code [0x0000000003177260, 0x0000000003177680]
Event: 1166.077 Thread 0x0000000015069000 nmethod 13122 0x0000000002f71710 code [0x0000000002f71880, 0x0000000002f71ad0]
Event: 1166.077 Thread 0x0000000015069000 13123       3       java.util.concurrent.atomic.AtomicReference::getAndSet (12 bytes)
Event: 1166.078 Thread 0x0000000015069000 nmethod 13123 0x00000000048c02d0 code [0x00000000048c0420, 0x00000000048c0590]
Event: 1166.078 Thread 0x0000000015069000 13124       3       sun.misc.Unsafe::getAndSetObject (24 bytes)
Event: 1166.078 Thread 0x0000000015069000 nmethod 13124 0x0000000003b5fd50 code [0x0000000003b5fec0, 0x0000000003b600d0]
Event: 1166.078 Thread 0x0000000015069000 13125       3       org.eclipse.osgi.internal.framework.EquinoxContainerAdaptor::invalidateWiring (186 bytes)

GC Heap History (10 events):
Event: 993.179 GC heap before
{Heap before GC invocations=1006 (full 13):
 PSYoungGen      total 164352K, used 224K [0x00000000f5580000, 0x0000000100000000, 0x0000000100000000)
  eden space 154112K, 0% used [0x00000000f5580000,0x00000000f5580000,0x00000000fec00000)
  from space 10240K, 2% used [0x00000000fec00000,0x00000000fec38000,0x00000000ff600000)
  to   space 9728K, 0% used [0x00000000ff680000,0x00000000ff680000,0x0000000100000000)
 ParOldGen       total 162816K, used 59043K [0x00000000e0000000, 0x00000000e9f00000, 0x00000000f5580000)
  object space 162816K, 36% used [0x00000000e0000000,0x00000000e39a8ff8,0x00000000e9f00000)
 Metaspace       used 87688K, capacity 95204K, committed 95512K, reserved 1132544K
  class space    used 10584K, capacity 12997K, committed 13088K, reserved 1048576K
Event: 993.416 GC heap after
Heap after GC invocations=1006 (full 13):
 PSYoungGen      total 164352K, used 0K [0x00000000f5580000, 0x0000000100000000, 0x0000000100000000)
  eden space 154112K, 0% used [0x00000000f5580000,0x00000000f5580000,0x00000000fec00000)
  from space 10240K, 0% used [0x00000000fec00000,0x00000000fec00000,0x00000000ff600000)
  to   space 9728K, 0% used [0x00000000ff680000,0x00000000ff680000,0x0000000100000000)
 ParOldGen       total 162816K, used 58518K [0x00000000e0000000, 0x00000000e9f00000, 0x00000000f5580000)
  object space 162816K, 35% used [0x00000000e0000000,0x00000000e3925a28,0x00000000e9f00000)
 Metaspace       used 87652K, capacity 95144K, committed 95512K, reserved 1132544K
  class space    used 10579K, capacity 12987K, committed 13088K, reserved 1048576K
}
Event: 1053.188 GC heap before
{Heap before GC invocations=1007 (full 13):
 PSYoungGen      total 164352K, used 3932K [0x00000000f5580000, 0x0000000100000000, 0x0000000100000000)
  eden space 154112K, 2% used [0x00000000f5580000,0x00000000f5957020,0x00000000fec00000)
  from space 10240K, 0% used [0x00000000fec00000,0x00000000fec00000,0x00000000ff600000)
  to   space 9728K, 0% used [0x00000000ff680000,0x00000000ff680000,0x0000000100000000)
 ParOldGen       total 162816K, used 58518K [0x00000000e0000000, 0x00000000e9f00000, 0x00000000f5580000)
  object space 162816K, 35% used [0x00000000e0000000,0x00000000e3925a28,0x00000000e9f00000)
 Metaspace       used 87652K, capacity 95144K, committed 95512K, reserved 1132544K
  class space    used 10579K, capacity 12987K, committed 13088K, reserved 1048576K
Event: 1053.191 GC heap after
Heap after GC invocations=1007 (full 13):
 PSYoungGen      total 164864K, used 256K [0x00000000f5580000, 0x0000000100000000, 0x0000000100000000)
  eden space 155136K, 0% used [0x00000000f5580000,0x00000000f5580000,0x00000000fed00000)
  from space 9728K, 2% used [0x00000000ff680000,0x00000000ff6c0000,0x0000000100000000)
  to   space 9728K, 0% used [0x00000000fed00000,0x00000000fed00000,0x00000000ff680000)
 ParOldGen       total 162816K, used 58518K [0x00000000e0000000, 0x00000000e9f00000, 0x00000000f5580000)
  object space 162816K, 35% used [0x00000000e0000000,0x00000000e3925a28,0x00000000e9f00000)
 Metaspace       used 87652K, capacity 95144K, committed 95512K, reserved 1132544K
  class space    used 10579K, capacity 12987K, committed 13088K, reserved 1048576K
}
Event: 1053.191 GC heap before
{Heap before GC invocations=1008 (full 14):
 PSYoungGen      total 164864K, used 256K [0x00000000f5580000, 0x0000000100000000, 0x0000000100000000)
  eden space 155136K, 0% used [0x00000000f5580000,0x00000000f5580000,0x00000000fed00000)
  from space 9728K, 2% used [0x00000000ff680000,0x00000000ff6c0000,0x0000000100000000)
  to   space 9728K, 0% used [0x00000000fed00000,0x00000000fed00000,0x00000000ff680000)
 ParOldGen       total 162816K, used 58518K [0x00000000e0000000, 0x00000000e9f00000, 0x00000000f5580000)
  object space 162816K, 35% used [0x00000000e0000000,0x00000000e3925a28,0x00000000e9f00000)
 Metaspace       used 87652K, capacity 95144K, committed 95512K, reserved 1132544K
  class space    used 10579K, capacity 12987K, committed 13088K, reserved 1048576K
Event: 1053.319 GC heap after
Heap after GC invocations=1008 (full 14):
 PSYoungGen      total 164864K, used 0K [0x00000000f5580000, 0x0000000100000000, 0x0000000100000000)
  eden space 155136K, 0% used [0x00000000f5580000,0x00000000f5580000,0x00000000fed00000)
  from space 9728K, 0% used [0x00000000ff680000,0x00000000ff680000,0x0000000100000000)
  to   space 9728K, 0% used [0x00000000fed00000,0x00000000fed00000,0x00000000ff680000)
 ParOldGen       total 162816K, used 58518K [0x00000000e0000000, 0x00000000e9f00000, 0x00000000f5580000)
  object space 162816K, 35% used [0x00000000e0000000,0x00000000e39258c8,0x00000000e9f00000)
 Metaspace       used 87652K, capacity 95144K, committed 95512K, reserved 1132544K
  class space    used 10579K, capacity 12987K, committed 13088K, reserved 1048576K
}
Event: 1113.197 GC heap before
{Heap before GC invocations=1009 (full 14):
 PSYoungGen      total 164864K, used 4350K [0x00000000f5580000, 0x0000000100000000, 0x0000000100000000)
  eden space 155136K, 2% used [0x00000000f5580000,0x00000000f59bf990,0x00000000fed00000)
  from space 9728K, 0% used [0x00000000ff680000,0x00000000ff680000,0x0000000100000000)
  to   space 9728K, 0% used [0x00000000fed00000,0x00000000fed00000,0x00000000ff680000)
 ParOldGen       total 162816K, used 58518K [0x00000000e0000000, 0x00000000e9f00000, 0x00000000f5580000)
  object space 162816K, 35% used [0x00000000e0000000,0x00000000e39258c8,0x00000000e9f00000)
 Metaspace       used 87652K, capacity 95144K, committed 95512K, reserved 1132544K
  class space    used 10579K, capacity 12987K, committed 13088K, reserved 1048576K
Event: 1113.200 GC heap after
Heap after GC invocations=1009 (full 14):
 PSYoungGen      total 164864K, used 224K [0x00000000f5580000, 0x0000000100000000, 0x0000000100000000)
  eden space 155136K, 0% used [0x00000000f5580000,0x00000000f5580000,0x00000000fed00000)
  from space 9728K, 2% used [0x00000000fed00000,0x00000000fed38000,0x00000000ff680000)
  to   space 9216K, 0% used [0x00000000ff700000,0x00000000ff700000,0x0000000100000000)
 ParOldGen       total 162816K, used 58526K [0x00000000e0000000, 0x00000000e9f00000, 0x00000000f5580000)
  object space 162816K, 35% used [0x00000000e0000000,0x00000000e39278c8,0x00000000e9f00000)
 Metaspace       used 87652K, capacity 95144K, committed 95512K, reserved 1132544K
  class space    used 10579K, capacity 12987K, committed 13088K, reserved 1048576K
}
Event: 1113.200 GC heap before
{Heap before GC invocations=1010 (full 15):
 PSYoungGen      total 164864K, used 224K [0x00000000f5580000, 0x0000000100000000, 0x0000000100000000)
  eden space 155136K, 0% used [0x00000000f5580000,0x00000000f5580000,0x00000000fed00000)
  from space 9728K, 2% used [0x00000000fed00000,0x00000000fed38000,0x00000000ff680000)
  to   space 9216K, 0% used [0x00000000ff700000,0x00000000ff700000,0x0000000100000000)
 ParOldGen       total 162816K, used 58526K [0x00000000e0000000, 0x00000000e9f00000, 0x00000000f5580000)
  object space 162816K, 35% used [0x00000000e0000000,0x00000000e39278c8,0x00000000e9f00000)
 Metaspace       used 87652K, capacity 95144K, committed 95512K, reserved 1132544K
  class space    used 10579K, capacity 12987K, committed 13088K, reserved 1048576K
Event: 1113.348 GC heap after
Heap after GC invocations=1010 (full 15):
 PSYoungGen      total 164864K, used 0K [0x00000000f5580000, 0x0000000100000000, 0x0000000100000000)
  eden space 155136K, 0% used [0x00000000f5580000,0x00000000f5580000,0x00000000fed00000)
  from space 9728K, 0% used [0x00000000fed00000,0x00000000fed00000,0x00000000ff680000)
  to   space 9216K, 0% used [0x00000000ff700000,0x00000000ff700000,0x0000000100000000)
 ParOldGen       total 162816K, used 58508K [0x00000000e0000000, 0x00000000e9f00000, 0x00000000f5580000)
  object space 162816K, 35% used [0x00000000e0000000,0x00000000e3923070,0x00000000e9f00000)
 Metaspace       used 87650K, capacity 95138K, committed 95512K, reserved 1132544K
  class space    used 10578K, capacity 12986K, committed 13088K, reserved 1048576K
}

Deoptimization events (10 events):
Event: 1165.424 Thread 0x0000000017ed0800 Uncommon trap: reason=class_check action=maybe_recompile pc=0x0000000003a5ad34 method=org.eclipse.e4.core.internal.contexts.TrackableComputationExt.update(Lorg/eclipse/e4/core/internal/contexts/ContextChangeEvent;)Z @ 62
Event: 1165.444 Thread 0x0000000017b7d000 Uncommon trap: reason=unstable_if action=reinterpret pc=0x000000000282f9a4 method=sun.nio.cs.SingleByte$Encoder.encode(C)I @ 13
Event: 1165.446 Thread 0x0000000017ed0800 Uncommon trap: reason=predicate action=maybe_recompile pc=0x00000000042f6370 method=java.io.OutputStream.write([BII)V @ 62
Event: 1165.472 Thread 0x0000000017ed0800 Uncommon trap: reason=unstable_if action=reinterpret pc=0x0000000003adc818 method=org.eclipse.core.internal.localstore.FileSystemResourceManager.getStoreRoot(Lorg/eclipse/core/resources/IResource;)Lorg/eclipse/core/internal/localstore/FileStoreRoot; @ 17
Event: 1165.474 Thread 0x0000000017ed0800 Uncommon trap: reason=unstable_if action=reinterpret pc=0x0000000002fed8e4 method=org.eclipse.swt.graphics.Resource.dispose()V @ 15
Event: 1166.004 Thread 0x0000000017ed0800 Uncommon trap: reason=unstable_if action=reinterpret pc=0x000000000309d90c method=org.eclipse.osgi.internal.hooks.EclipseLazyStarter.shouldActivateFor(Ljava/lang/String;Lorg/eclipse/osgi/container/Module;Lorg/eclipse/osgi/container/ModuleRevision;Lorg/ecli€ˆ—«8í@
Event: 1166.005 Thread 0x0000000017ed0800 Uncommon trap: reason=class_check action=maybe_recompile pc=0x000000000307d5ec method=org.eclipse.swt.widgets.Display.asyncExec(Ljava/lang/Runnable;)V @ 23
Event: 1166.005 Thread 0x0000000017ed0800 Uncommon trap: reason=class_check action=maybe_recompile pc=0x000000000307d5ec method=org.eclipse.swt.widgets.Display.asyncExec(Ljava/lang/Runnable;)V @ 23
Event: 1166.055 Thread 0x00000000178c1000 Uncommon trap: reason=unstable_if action=reinterpret pc=0x00000000035d4208 method=org.eclipse.osgi.internal.framework.BundleContextImpl.dispatchEvent(Ljava/lang/Object;Ljava/lang/Object;ILjava/lang/Object;)V @ 16
Event: 1166.069 Thread 0x0000000017ed0800 Uncommon trap: reason=unstable_if action=reinterpret pc=0x0000000003b302dc method=sun.reflect.UnsafeStaticObjectFieldAccessorImpl.set(Ljava/lang/Object;Ljava/lang/Object;)V @ 13

Internal exceptions (10 events):
Event: 1164.669 Thread 0x0000000002608000 Implicit null exception at 0x00000000046ea504 to 0x00000000046ead95
Event: 1164.684 Thread 0x0000000002608000 Implicit null exception at 0x0000000003f14b3f to 0x0000000003f15259
Event: 1165.410 Thread 0x0000000002608000 Implicit null exception at 0x0000000002ca814a to 0x0000000002caa9d9
Event: 1165.443 Thread 0x000000001e43f800 Exception <a 'java/lang/InterruptedException'> (0x00000000f848e608) thrown at [C:\re\workspace\8-2-build-windows-amd64-cygwin\jdk8u66\5298\hotspot\src\share\vm\runtime\objectMonitor.cpp, line 1683]
Event: 1165.472 Thread 0x0000000017ed0800 Implicit null exception at 0x0000000003adc51d to 0x0000000003adc801
Event: 1166.055 Thread 0x0000000017ec6800 Exception <a 'java/lang/InterruptedException'> (0x00000000f7e88b78) thrown at [C:\re\workspace\8-2-build-windows-amd64-cygwin\jdk8u66\5298\hotspot\src\share\vm\runtime\objectMonitor.cpp, line 1683]
Event: 1166.069 Thread 0x0000000017ed0800 Implicit null exception at 0x0000000003b2fed7 to 0x0000000003b302c9
Event: 1166.069 Thread 0x00000000178c1000 Exception <a 'java/lang/InterruptedException'> (0x00000000f87e0df0) thrown at [C:\re\workspace\8-2-build-windows-amd64-cygwin\jdk8u66\5298\hotspot\src\share\vm\runtime\objectMonitor.cpp, line 1683]
Event: 1166.073 Thread 0x0000000017ec7800 Exception <a 'java/lang/InterruptedException'> (0x00000000f7a8ea68) thrown at [C:\re\workspace\8-2-build-windows-amd64-cygwin\jdk8u66\5298\hotspot\src\share\vm\runtime\objectMonitor.cpp, line 1683]
Event: 1166.073 Thread 0x00000000178bd800 Exception <a 'java/lang/InterruptedException'> (0x00000000f8a89700) thrown at [C:\re\workspace\8-2-build-windows-amd64-cygwin\jdk8u66\5298\hotspot\src\share\vm\runtime\objectMonitor.cpp, line 1683]

Events (10 events):
Event: 1166.076 Thread 0x0000000015044000 flushing nmethod 0x00000000049f9e90
Event: 1166.076 Thread 0x0000000015044000 flushing nmethod 0x00000000049fd950
Event: 1166.077 Thread 0x0000000017ed0800 Thread exited: 0x0000000017ed0800
Event: 1166.078 loading class java/util/IdentityHashMap$KeyIterator
Event: 1166.078 loading class java/util/IdentityHashMap$IdentityHashMapIterator
Event: 1166.078 loading class java/util/IdentityHashMap$IdentityHashMapIterator done
Event: 1166.078 loading class java/util/IdentityHashMap$KeyIterator done
Event: 1166.078 Thread 0x0000000017ed0800 Thread added: 0x0000000017ed0800
Event: 1166.078 Thread 0x0000000017ed0800 Thread exited: 0x0000000017ed0800
Event: 1166.078 Executing VM operation: Exit


Dynamic libraries:
0x0000000000400000 - 0x000000000044f000 	C:\Xilinx\SDK\2016.2\eclipse\win64.o\eclipse.exe
0x0000000077a90000 - 0x0000000077c3a000 	C:\Windows\SYSTEM32\ntdll.dll
0x0000000077870000 - 0x000000007798f000 	C:\Windows\system32\kernel32.dll
0x000007fefda70000 - 0x000007fefdada000 	C:\Windows\system32\KERNELBASE.dll
0x0000000077990000 - 0x0000000077a8a000 	C:\Windows\system32\USER32.dll
0x000007feff1f0000 - 0x000007feff257000 	C:\Windows\system32\GDI32.dll
0x000007feff880000 - 0x000007feff88e000 	C:\Windows\system32\LPK.dll
0x000007feff260000 - 0x000007feff32a000 	C:\Windows\system32\USP10.dll
0x000007fefebc0000 - 0x000007fefec5f000 	C:\Windows\system32\msvcrt.dll
0x000007fefc0e0000 - 0x000007fefc2d4000 	C:\Windows\WinSxS\amd64_microsoft.windows.common-controls_6595b64144ccf1df_6.0.7601.18837_none_fa3b1e3d17594757\COMCTL32.dll
0x000007feff890000 - 0x000007feff901000 	C:\Windows\system32\SHLWAPI.dll
0x000007feff160000 - 0x000007feff18e000 	C:\Windows\system32\IMM32.DLL
0x000007feff770000 - 0x000007feff879000 	C:\Windows\system32\MSCTF.dll
0x0000000072000000 - 0x0000000072012000 	C:\Xilinx\SDK\2016.2\eclipse\win64.o\plugins\org.eclipse.equinox.launcher.win32.win32.x86_64_1.1.300.v20150602-1417\eclipse_1611.dll
0x000007feffbe0000 - 0x000007feffcbb000 	C:\Windows\system32\ADVAPI32.dll
0x000007feff740000 - 0x000007feff75f000 	C:\Windows\SYSTEM32\sechost.dll
0x000007fefdb90000 - 0x000007fefdcbd000 	C:\Windows\system32\RPCRT4.dll
0x000007fefc860000 - 0x000007fefc86c000 	C:\Windows\system32\VERSION.dll
0x000007fefc080000 - 0x000007fefc0d6000 	C:\Windows\system32\UxTheme.dll
0x0000000071710000 - 0x0000000071f99000 	C:\Xilinx\SDK\2016.2\tps\win64\jre\bin\server\jvm.dll
0x000007fefa240000 - 0x000007fefa249000 	C:\Windows\system32\WSOCK32.dll
0x000007fefdd40000 - 0x000007fefdd8d000 	C:\Windows\system32\WS2_32.dll
0x000007feff760000 - 0x000007feff768000 	C:\Windows\system32\NSI.dll
0x000007fef9070000 - 0x000007fef90ab000 	C:\Windows\system32\WINMM.dll
0x0000000077c60000 - 0x0000000077c67000 	C:\Windows\system32\PSAPI.DLL
0x0000000073940000 - 0x0000000073a12000 	C:\Windows\system32\MSVCR100.dll
0x00000000738e0000 - 0x00000000738ef000 	C:\Xilinx\SDK\2016.2\tps\win64\jre\bin\verify.dll
0x00000000738b0000 - 0x00000000738d9000 	C:\Xilinx\SDK\2016.2\tps\win64\jre\bin\java.dll
0x0000000073890000 - 0x00000000738a6000 	C:\Xilinx\SDK\2016.2\tps\win64\jre\bin\zip.dll
0x000007fefde30000 - 0x000007fefebb9000 	C:\Windows\system32\SHELL32.dll
0x000007feff330000 - 0x000007feff533000 	C:\Windows\system32\ole32.dll
0x000007fefd7e0000 - 0x000007fefd7ef000 	C:\Windows\system32\profapi.dll
0x000007fefcfd0000 - 0x000007fefcfe8000 	C:\Windows\system32\CRYPTSP.dll
0x000007fefccd0000 - 0x000007fefcd17000 	C:\Windows\system32\rsaenh.dll
0x000007fefd8a0000 - 0x000007fefd8be000 	C:\Windows\system32\USERENV.dll
0x000007fefd630000 - 0x000007fefd63f000 	C:\Windows\system32\CRYPTBASE.dll
0x0000000073870000 - 0x000000007388a000 	C:\Xilinx\SDK\2016.2\tps\win64\jre\bin\net.dll
0x000007fefcf70000 - 0x000007fefcfc5000 	C:\Windows\system32\mswsock.dll
0x000007fefcf60000 - 0x000007fefcf67000 	C:\Windows\System32\wship6.dll
0x000007fefa110000 - 0x000007fefa137000 	C:\Windows\system32\IPHLPAPI.DLL
0x000007fefa100000 - 0x000007fefa10b000 	C:\Windows\system32\WINNSI.DLL
0x000007fefaf40000 - 0x000007fefaf51000 	C:\Windows\system32\dhcpcsvc6.DLL
0x000007fefaf20000 - 0x000007fefaf38000 	C:\Windows\system32\dhcpcsvc.DLL
0x0000000073850000 - 0x0000000073861000 	C:\Xilinx\SDK\2016.2\tps\win64\jre\bin\nio.dll
0x000007fefa220000 - 0x000007fefa235000 	C:\Windows\system32\NLAapi.dll
0x000007fef9df0000 - 0x000007fef9e05000 	C:\Windows\system32\napinsp.dll
0x000007fef9e10000 - 0x000007fef9e29000 	C:\Windows\system32\pnrpnsp.dll
0x000007fefcdf0000 - 0x000007fefce4b000 	C:\Windows\system32\DNSAPI.dll
0x000007fef9de0000 - 0x000007fef9deb000 	C:\Windows\System32\winrnr.dll
0x000007fefc930000 - 0x000007fefc937000 	C:\Windows\System32\wshtcpip.dll
0x000007fef9e30000 - 0x000007fef9e38000 	C:\Windows\system32\rasadhlp.dll
0x000007fefafd0000 - 0x000007fefb023000 	C:\Windows\System32\fwpuclnt.dll
0x00000000186d0000 - 0x0000000018778000 	C:\Users\dezfoul2\.Xilinx\SDK\2016.2\org.eclipse.osgi\312\0\.cp\swt-win32-4527.dll
0x000007feffcc0000 - 0x000007feffd98000 	C:\Windows\system32\OLEAUT32.dll
0x000007feff0c0000 - 0x000007feff157000 	C:\Windows\system32\comdlg32.dll
0x000007fef7130000 - 0x000007fef71a1000 	C:\Windows\system32\WINSPOOL.DRV
0x000007feff910000 - 0x000007feffbd5000 	C:\Windows\system32\WININET.dll
0x000007fefd810000 - 0x000007fefd814000 	C:\Windows\system32\api-ms-win-downlevel-user32-l1-1-0.dll
0x000007fefd7f0000 - 0x000007fefd7f4000 	C:\Windows\system32\api-ms-win-downlevel-shlwapi-l1-1-0.dll
0x000007fefdae0000 - 0x000007fefdae4000 	C:\Windows\system32\api-ms-win-downlevel-version-l1-1-0.dll
0x000007fefd800000 - 0x000007fefd803000 	C:\Windows\system32\api-ms-win-downlevel-normaliz-l1-1-0.dll
0x0000000077c50000 - 0x0000000077c53000 	C:\Windows\system32\normaliz.DLL
0x000007fefedf0000 - 0x000007feff0b9000 	C:\Windows\system32\iertutil.dll
0x000007fefd890000 - 0x000007fefd895000 	C:\Windows\system32\api-ms-win-downlevel-advapi32-l1-1-0.dll
0x000007fefd8c0000 - 0x000007fefda2d000 	C:\Windows\system32\CRYPT32.dll
0x000007fefd7d0000 - 0x000007fefd7df000 	C:\Windows\system32\MSASN1.dll
0x000007fefbb50000 - 0x000007fefbc7c000 	C:\Windows\system32\propsys.dll
0x000007fefdd90000 - 0x000007fefde29000 	C:\Windows\system32\CLBCatQ.DLL
0x00000000003c0000 - 0x00000000003de000 	C:\Users\dezfoul2\.Xilinx\SDK\2016.2\org.eclipse.osgi\312\0\.cp\swt-gdip-win32-4527.dll
0x000007fefbe60000 - 0x000007fefc076000 	C:\Windows\WinSxS\amd64_microsoft.windows.gdiplus_6595b64144ccf1df_1.1.7601.23508_none_145555328b95eaaa\gdiplus.dll
0x000007fefb980000 - 0x000007fefbae1000 	C:\Windows\system32\WindowsCodecs.dll
0x0000000180000000 - 0x0000000180012000 	C:\Users\dezfoul2\.Xilinx\SDK\2016.2\org.eclipse.osgi\126\0\.cp\os\win32\x86_64\localfile_1_0_0.dll
0x000007fef4f10000 - 0x000007fef4f64000 	C:\Windows\system32\oleacc.dll
0x000007fef93a0000 - 0x000007fef93a7000 	C:\Windows\system32\msimg32.dll
0x000007fefd720000 - 0x000007fefd734000 	C:\Windows\system32\RpcRtRemote.dll
0x000007fefd5d0000 - 0x000007fefd627000 	C:\Windows\system32\apphelp.dll
0x000007fef89e0000 - 0x000007fef89f1000 	C:\Users\dezfoul2\.Xilinx\SDK\2016.2\org.eclipse.osgi\129\0\.cp\jWinHttp-1.0.0.dll
0x000007fefa960000 - 0x000007fefa9d1000 	C:\Windows\system32\WINHTTP.dll
0x000007fefa8f0000 - 0x000007fefa954000 	C:\Windows\system32\webio.dll
0x000007fefd5a0000 - 0x000007fefd5c5000 	C:\Windows\system32\SspiCli.dll
0x000007fefcb90000 - 0x000007fefcb9a000 	C:\Windows\system32\credssp.dll
0x000007fefda30000 - 0x000007fefda66000 	C:\Windows\system32\CFGMGR32.dll
0x000007fefaa80000 - 0x000007fefaa8f000 	C:\Xilinx\SDK\2016.2\lib\win64.o\librdi_repo_manager.dll
0x000007fef89b0000 - 0x000007fef89da000 	C:\Xilinx\SDK\2016.2\lib\win64.o\libisl_sysinfo.dll
0x000007feed470000 - 0x000007feed544000 	C:\Windows\system32\MSVCR110.dll
0x000007feed370000 - 0x000007feed417000 	C:\Windows\system32\MSVCP110.dll
0x000007febb340000 - 0x000007febbd80000 	C:\Xilinx\SDK\2016.2\lib\win64.o\librdi_common.dll
0x000007febccd0000 - 0x000007febd03e000 	C:\Xilinx\SDK\2016.2\lib\win64.o\libCOIN-all.dll
0x000007febcab0000 - 0x000007febcccf000 	C:\Xilinx\SDK\2016.2\lib\win64.o\libXil_lmgr11.dll
0x000007fefb840000 - 0x000007fefb856000 	C:\Windows\system32\NETAPI32.dll
0x000007fefcc00000 - 0x000007fefcc0c000 	C:\Windows\system32\netutils.dll
0x000007fefd250000 - 0x000007fefd273000 	C:\Windows\system32\srvcli.dll
0x000007fefb820000 - 0x000007fefb835000 	C:\Windows\system32\wkscli.dll
0x000007fefd850000 - 0x000007fefd88b000 	C:\Windows\system32\WINTRUST.dll
0x000007fefb8b0000 - 0x000007fefb8c0000 	C:\Xilinx\SDK\2016.2\lib\win64.o\libboost_date_time.dll
0x000007fef3bc0000 - 0x000007fef3be4000 	C:\Xilinx\SDK\2016.2\lib\win64.o\libboost_filesystem.dll
0x000007fefa010000 - 0x000007fefa019000 	C:\Xilinx\SDK\2016.2\lib\win64.o\libboost_system.dll
0x000007fef3b40000 - 0x000007fef3bb7000 	C:\Xilinx\SDK\2016.2\lib\win64.o\libboost_program_options.dll
0x000007febc9a0000 - 0x000007febcaa6000 	C:\Xilinx\SDK\2016.2\lib\win64.o\libboost_regex.dll
0x000007fef4a20000 - 0x000007fef4a33000 	C:\Xilinx\SDK\2016.2\lib\win64.o\libboost_signals.dll
0x000007fef3f20000 - 0x000007fef3f3d000 	C:\Xilinx\SDK\2016.2\lib\win64.o\libboost_thread.dll
0x000007fef96b0000 - 0x000007fef96bb000 	C:\Xilinx\SDK\2016.2\lib\win64.o\libboost_chrono.dll
0x000007fef89a0000 - 0x000007fef89ab000 	C:\Xilinx\SDK\2016.2\lib\win64.o\libboost_xilinx.dll
0x000007fef3ac0000 - 0x000007fef3b40000 	C:\Xilinx\SDK\2016.2\lib\win64.o\libhdlpsolve.dll
0x000007fec5b80000 - 0x000007fec5c1a000 	C:\Xilinx\SDK\2016.2\lib\win64.o\libhdxml.dll
0x000007febc530000 - 0x000007febc995e00 	C:\Xilinx\SDK\2016.2\lib\win64.o\libisl_iostreams.dll
0x000007fef3aa0000 - 0x000007fef3ab6000 	C:\Xilinx\SDK\2016.2\lib\win64.o\libboost_iostreams.dll
0x000007fef3a70000 - 0x000007fef3a93000 	C:\Xilinx\SDK\2016.2\lib\win64.o\librdizlib.dll
0x000007fef3a40000 - 0x000007fef3a63000 	C:\Xilinx\SDK\2016.2\lib\win64.o\libisl_iosutils.dll
0x000007fef39d0000 - 0x000007fef39e5000 	C:\Xilinx\SDK\2016.2\lib\win64.o\pthreadVC2.dll
0x000007fee7fe0000 - 0x000007fee8034000 	C:\Xilinx\SDK\2016.2\lib\win64.o\librdi_commonxillic.dll
0x000007febc400000 - 0x000007febc530000 	C:\Xilinx\SDK\2016.2\lib\win64.o\librdi_curl.dll
0x000007fef39b0000 - 0x000007fef39c8000 	C:\Xilinx\SDK\2016.2\lib\win64.o\librdiconfig.dll
0x0000000070a00000 - 0x0000000070b27000 	C:\Xilinx\SDK\2016.2\lib\win64.o\tcl85t.dll
0x0000000026b00000 - 0x0000000026d63000 	C:\Xilinx\SDK\2016.2\lib\win64.o\xerces-c_3_1.dll
0x000007fefec60000 - 0x000007fefede6000 	C:\Windows\system32\urlmon.dll
0x000007fefd840000 - 0x000007fefd844000 	C:\Windows\system32\api-ms-win-downlevel-ole32-l1-1-0.dll
0x000007fef4da0000 - 0x000007fef4dc3000 	C:\Windows\system32\VCOMP110.DLL
0x000007febc200000 - 0x000007febc3f2000 	C:\Xilinx\SDK\2016.2\lib\win64.o\librdi_hsm.dll
0x000007fed6410000 - 0x000007fed6453000 	C:\Xilinx\SDK\2016.2\lib\win64.o\librdi_hdf.dll
0x000007febae20000 - 0x000007febb0a1000 	C:\Xilinx\SDK\2016.2\lib\win64.o\librdi_ippcw.dll
0x000007fef2fd0000 - 0x000007fef2fe6000 	C:\Xilinx\SDK\2016.2\eclipse\win64.o\plugins\org.eclipse.cdt.core.win32.x86_64_5.4.0.201509131935\os\win32\x86_64\spawner.dll
0x000007fef8980000 - 0x000007fef898a000 	C:\Xilinx\SDK\2016.2\lib\win64.o\librdi_jtag_settings.dll
0x000007feecdb0000 - 0x000007feecdd9000 	C:\Xilinx\SDK\2016.2\lib\win64.o\librdi_debug_dialog.dll
0x000007fef5820000 - 0x000007fef5828000 	C:\Xilinx\SDK\2016.2\lib\win64.o\librdi_target_manager.dll
0x0000000071100000 - 0x0000000071125000 	C:\Users\dezfoul2\.jssc\windows\jSSC-2.8_x86_64.dll
0x0000000071080000 - 0x00000000710a6000 	C:\Xilinx\SDK\2016.2\eclipse\win64.o\plugins\gnu.io.rxtx.win32.x86_64_2.1.7.3_v20071015\os\win32\x86_64\rxtxSerial.dll
0x000007fef31a0000 - 0x000007fef39b0000 	C:\Xilinx\SDK\2016.2\lib\win64.o\libXil_lmgr11FNP.dll

VM Arguments:
jvm_args: -Dcom.xilinx.sdk.args.hwspec=W:/ece532/src/hdmi.sdk/hdmi_wrapper.hdf -Xms64m -Xmx512m & 
java_command: <unknown>
java_class_path (initial): C:\Xilinx\SDK\2016.2\eclipse\win64.o\\plugins/org.eclipse.equinox.launcher_1.3.100.v20150511-1540.jar
Launcher Type: generic

Environment Variables:
PATH=C:/Xilinx/SDK/2016.2/tps/win64/jre/bin/server;C:/Xilinx/SDK/2016.2/tps/win64/jre/bin;C:/Xilinx/SDK/2016.2/tps/win64/jre/lib/amd64;C:\Xilinx\SDK\2016.2\gnuwin\bin;C:\Xilinx\SDK\2016.2\gnu\microblaze\nt\bin;C:\Xilinx\SDK\2016.2\gnu\microblaze\linux_toolchain\nt64_le\bin;C:\Xilinx\SDK\2016.2\gnu\microblaze\linux_toolchain\nt64_be\bin;C:\Xilinx\SDK\2016.2\gnu\arm\nt\bin;C:\Xilinx\SDK\2016.2\gnu\aarch64\nt\aarch64-none\bin;C:\Xilinx\SDK\2016.2\gnu\aarch64\nt\aarch64-linux\bin;C:\Xilinx\SDK\2016.2\gnu\armr5\nt\gcc-arm-none-eabi\bin;C:\Xilinx\SDK\2016.2\gnu\aarch32\nt\gcc-arm-none-eabi\bin;C:\Xilinx\SDK\2016.2\gnu\aarch32\nt\gcc-arm-linux-gnueabi\bin;C:\Xilinx\SDK\2016.2\tps\win64\cmake-3.3.2\bin;;C:\Xilinx\SDK\2016.2\bin;C:\Xilinx\SDK\2016.2\lib\win64.o;C:\Xilinx\SDK\2016.2\tps\win64\jre\bin\server;C:\Xilinx\SDK\2016.2\tps\win64\jre\bin;C:\Xilinx\Vivado\2016.2\ids_lite\ISE\bin\nt64;C:\Xilinx\Vivado\2016.2\ids_lite\ISE\lib\nt64;C:\Xilinx\Vivado\2016.2\bin;C:\Xilinx\Vivado\2016.2\lib\win64.o;C:\Xilinx\Vivado\2016.2\tps\win64\jre\bin\server;C:\Xilinx\Vivado\2016.2\tps\win64\jre\bin;C:\Xilinx\Vivado_HLS\2016.2\bin;C:\Windows\system32;C:\Windows;C:\Windows\System32\Wbem;C:\Windows\System32\WindowsPowerShell\v1.0\;C:\Program Files (x86)\Java\jre6\bin;C:\Program Files (x86)\eclipse;C:\altera\16.0\quartus\bin64;c:\altera\16.0\quartus\bin64\jre64\bin;W:\ece532\src;
USERNAME=dezfoul2
OS=Windows_NT
PROCESSOR_IDENTIFIER=Intel64 Family 6 Model 60 Stepping 3, GenuineIntel



---------------  S Y S T E M  ---------------

OS: Windows 7 , 64 bit Build 7601 (6.1.7601.23418)

CPU:total 8 (4 cores per cpu, 2 threads per core) family 6 model 60 stepping 3, cmov, cx8, fxsr, mmx, sse, sse2, sse3, ssse3, sse4.1, sse4.2, popcnt, avx, avx2, aes, clmul, erms, lzcnt, ht, tsc, tscinvbit, bmi1, bmi2

Memory: 4k page, physical 16683160k(12343048k free), swap 33364460k(28684592k free)

vm_info: Java HotSpot(TM) 64-Bit Server VM (25.66-b18) for windows-amd64 JRE (1.8.0_66-b18), built on Nov  9 2015 10:51:13 by "java_re" with MS VC++ 10.0 (VS2010)

time: Mon Mar 27 20:57:28 2017
elapsed time: 1166 seconds (0d 0h 19m 26s)

