#
# A fatal error has been detected by the Java Runtime Environment:
#
#  EXCEPTION_UNCAUGHT_CXX_EXCEPTION (0xe06d7363) at pc=0x000007fefd74a06d, pid=3144, tid=5876
#
# JRE version: Java(TM) SE Runtime Environment (8.0_66-b18) (build 1.8.0_66-b18)
# Java VM: Java HotSpot(TM) 64-Bit Server VM (25.66-b18 mixed mode windows-amd64 compressed oops)
# Problematic frame:
# C  [KERNELBASE.dll+0x1a06d]
#
# Failed to write core dump. Minidumps are not enabled by default on client versions of Windows
#
# If you would like to submit a bug report, please visit:
#   http://bugreport.java.com/bugreport/crash.jsp
#

---------------  T H R E A D  ---------------

Current thread (0x0000000014fb2800):  VMThread [stack: 0x0000000015f00000,0x0000000016000000] [id=5876]

siginfo: ExceptionCode=0xe06d7363, ExceptionInformation=0x0000000019930520 0x0000000015fff6c8 0x000007feea952cb8 0x000007feea8a0000 

Registers:
RAX=0x00000000632c9264, RBX=0x000007feea952cb8, RCX=0x0000000015ffef10, RDX=0x00000000000000d0
RSP=0x0000000015fff520, RBP=0x0000000015fff650, RSI=0x00000000ffffffff, RDI=0x0000000027e078e0
R8 =0x0000000000000000, R9 =0x0000000000000000, R10=0x000007feea8a0000, R11=0x0000000015fff560
R12=0x0000000000000001, R13=0x0000000000000008, R14=0x0000000000000000, R15=0xffffffffffffffff
RIP=0x000007fefd74a06d, EFLAGS=0x0000000000000202

Top of Stack: (sp=0x0000000015fff520)
0x0000000015fff520:   000007feea952cb8 00000000ffffffff
0x0000000015fff530:   0000000027e078e0 00000000002e6c10
0x0000000015fff540:   00000001e06d7363 0000000000000000
0x0000000015fff550:   000007fefd74a06d 000007fe00000004
0x0000000015fff560:   0000000019930520 0000000015fff6c8
0x0000000015fff570:   000007feea952cb8 000007feea8a0000
0x0000000015fff580:   0000000000000000 0000000015fff608
0x0000000015fff590:   0000000000000028 0000000027e078d0
0x0000000015fff5a0:   000000001749c320 0000000000000000
0x0000000015fff5b0:   000007fffffa8000 000000007794f2d3
0x0000000015fff5c0:   0000000000000000 0000000000000008
0x0000000015fff5d0:   0000000000000001 0000000027e078e0
0x0000000015fff5e0:   00000000ffffffff 000007feea8fe92c
0x0000000015fff5f0:   000007feea952cb8 0000000015fff660
0x0000000015fff600:   0000000000000001 000007feea8a00f8
0x0000000015fff610:   00000001e06d7363 0000000000000000 

Instructions: (pc=0x000007fefd74a06d)
0x000007fefd74a04d:   54 24 24 48 89 4c 24 28 4d 85 c9 0f 85 6a 03 00
0x000007fefd74a05d:   00 89 4c 24 38 48 8d 4c 24 20 ff 15 33 02 03 00
0x000007fefd74a06d:   48 81 c4 c8 00 00 00 c3 90 90 90 90 90 90 90 90
0x000007fefd74a07d:   90 90 90 48 83 ec 28 65 48 8b 04 25 30 00 00 00 


Register to memory mapping:

RAX=0x00000000632c9264 is an unknown value
RBX=0x000007feea952cb8 is an unknown value
RCX=0x0000000015ffef10 is an unknown value
RDX=0x00000000000000d0 is an unknown value
RSP=0x0000000015fff520 is an unknown value
RBP=0x0000000015fff650 is an unknown value
RSI=0x00000000ffffffff is an unknown value
RDI=0x0000000027e078e0 is an unknown value
R8 =0x0000000000000000 is an unknown value
R9 =0x0000000000000000 is an unknown value
R10=0x000007feea8a0000 is an unknown value
R11=0x0000000015fff560 is an unknown value
R12=0x0000000000000001 is an unknown value
R13=0x0000000000000008 is an unknown value
R14=0x0000000000000000 is an unknown value
R15=0xffffffffffffffff is an unknown value


Stack: [0x0000000015f00000,0x0000000016000000],  sp=0x0000000015fff520,  free space=1021k
Native frames: (J=compiled Java code, j=interpreted, Vv=VM code, C=native code)
C  [KERNELBASE.dll+0x1a06d]
C  [MSVCR110.dll+0x5e92c]
C  [MSVCR110.dll+0x1315c]
C  [MSVCR110.dll+0x136a9]
C  [MSVCR110.dll+0x13e9c]
C  [MSVCR110.dll+0x239e]
C  [MSVCR110.dll+0xaf9e]
C  [MSVCP110.dll+0x397b9]
C  [librdi_common.dll+0x182316]
C  [librdi_common.dll+0x180fab]
C  [librdi_target_manager.dll+0x2400]
C  [librdi_target_manager.dll+0x2682]
C  [ntdll.dll+0x229b1]
C  [ntdll.dll+0x227c0]
C  [MSVCR100.dll+0x20ccd]
V  [jvm.dll+0x210cc5]
V  [jvm.dll+0x249897]
V  [jvm.dll+0x248b36]
V  [jvm.dll+0x248fd1]
V  [jvm.dll+0x2491ee]
V  [jvm.dll+0x29a0fa]
C  [MSVCR100.dll+0x21d9f]
C  [MSVCR100.dll+0x21e3b]
C  [kernel32.dll+0x159bd]
C  [ntdll.dll+0x2a2e1]

VM_Operation (0x000000000012f4c0): Exit, mode: safepoint, requested by thread 0x0000000002508000


---------------  P R O C E S S  ---------------

Java Threads: ( => current thread )
  0x00000000181e8000 JavaThread "pool-2-thread-1" [_thread_blocked, id=6432, stack(0x00000000280a0000,0x00000000281a0000)]
  0x00000000181e6800 JavaThread "Thread-26" daemon [_thread_blocked, id=1616, stack(0x0000000027ca0000,0x0000000027da0000)]
  0x000000001a5ba000 JavaThread "TCF Channel Transmitter" daemon [_thread_blocked, id=4108, stack(0x00000000267a0000,0x00000000268a0000)]
  0x000000001a5b8800 JavaThread "TCF Channel Receiver" daemon [_thread_in_native, id=2360, stack(0x0000000026400000,0x0000000026500000)]
  0x000000001a5b7800 JavaThread "Process monitor" daemon [_thread_in_native, id=5316, stack(0x0000000025fb0000,0x00000000260b0000)]
  0x000000001a5b7000 JavaThread "Input Stream Monitor" daemon [_thread_blocked, id=4332, stack(0x0000000025c70000,0x0000000025d70000)]
  0x000000001a5b6000 JavaThread "Output Stream Monitor" daemon [_thread_in_native, id=4304, stack(0x00000000258d0000,0x00000000259d0000)]
  0x000000001a5b5800 JavaThread "Output Stream Monitor" daemon [_thread_in_native, id=6772, stack(0x0000000024800000,0x0000000024900000)]
  0x0000000017c4f800 JavaThread "TCF Locator DNS Lookup" daemon [_thread_blocked, id=6532, stack(0x0000000023e10000,0x0000000023f10000)]
  0x0000000017c4e800 JavaThread "TCF Locator Timer" daemon [_thread_blocked, id=5328, stack(0x0000000023d10000,0x0000000023e10000)]
  0x0000000017c4e000 JavaThread "TCF Locator Receiver" daemon [_thread_in_native, id=6688, stack(0x0000000023c10000,0x0000000023d10000)]
  0x0000000017c4c800 JavaThread "TCF Timer Dispatcher" daemon [_thread_blocked, id=6592, stack(0x0000000023a10000,0x0000000023b10000)]
  0x0000000017c48000 JavaThread "EMF Reference Cleaner" daemon [_thread_blocked, id=5904, stack(0x00000000195f0000,0x00000000196f0000)]
  0x0000000015099800 JavaThread "Service Thread" daemon [_thread_blocked, id=6992, stack(0x0000000016800000,0x0000000016900000)]
  0x0000000015015000 JavaThread "C1 CompilerThread3" daemon [_thread_blocked, id=6636, stack(0x0000000016700000,0x0000000016800000)]
  0x0000000015014000 JavaThread "C2 CompilerThread2" daemon [_thread_blocked, id=4596, stack(0x0000000016600000,0x0000000016700000)]
  0x000000001500d000 JavaThread "C2 CompilerThread1" daemon [_thread_blocked, id=7156, stack(0x0000000016500000,0x0000000016600000)]
  0x0000000015005800 JavaThread "C2 CompilerThread0" daemon [_thread_blocked, id=7096, stack(0x0000000016400000,0x0000000016500000)]
  0x0000000015001800 JavaThread "Attach Listener" daemon [_thread_blocked, id=6204, stack(0x0000000016300000,0x0000000016400000)]
  0x0000000015000800 JavaThread "Signal Dispatcher" daemon [_thread_blocked, id=7016, stack(0x0000000016200000,0x0000000016300000)]
  0x0000000013e3e000 JavaThread "Finalizer" daemon [_thread_blocked, id=3384, stack(0x0000000016100000,0x0000000016200000)]
  0x0000000013e37800 JavaThread "Reference Handler" daemon [_thread_blocked, id=3504, stack(0x0000000016000000,0x0000000016100000)]
  0x0000000002508000 JavaThread "main" [_thread_blocked, id=5512, stack(0x0000000000030000,0x0000000000130000)]

Other Threads:
=>0x0000000014fb2800 VMThread [stack: 0x0000000015f00000,0x0000000016000000] [id=5876]

VM state:at safepoint (shutting down)

VM Mutex/Monitor currently owned by a thread:  ([mutex/lock_event])
[0x000000000267e2f0] Threads_lock - owner thread: 0x0000000014fb2800

Heap:
 PSYoungGen      total 133632K, used 62334K [0x00000000f5580000, 0x0000000100000000, 0x0000000100000000)
  eden space 97792K, 63% used [0x00000000f5580000,0x00000000f925f860,0x00000000fb500000)
  from space 35840K, 0% used [0x00000000fdd00000,0x00000000fdd00000,0x0000000100000000)
  to   space 38400K, 0% used [0x00000000fb500000,0x00000000fb500000,0x00000000fda80000)
 ParOldGen       total 120832K, used 61710K [0x00000000e0000000, 0x00000000e7600000, 0x00000000f5580000)
  object space 120832K, 51% used [0x00000000e0000000,0x00000000e3c43940,0x00000000e7600000)
 Metaspace       used 85211K, capacity 92510K, committed 92696K, reserved 1128448K
  class space    used 10386K, capacity 12792K, committed 12832K, reserved 1048576K

Card table byte_map: [0x0000000011a40000,0x0000000011b50000] byte_map_base: 0x0000000011340000

Marking Bits: (ParMarkBitMap*) 0x00000000707fa5b0
 Begin Bits: [0x0000000012350000, 0x0000000012b50000)
 End Bits:   [0x0000000012b50000, 0x0000000013350000)

Polling page: 0x0000000000220000

CodeCache: size=245760Kb used=29601Kb max_used=30134Kb free=216158Kb
 bounds [0x0000000002680000, 0x0000000004440000, 0x0000000011680000]
 total_blobs=9220 nmethods=8315 adapters=812
 compilation: enabled

Compilation events (10 events):
Event: 92.535 Thread 0x0000000015015000 nmethod 10430 0x00000000032571d0 code [0x0000000003257340, 0x0000000003257590]
Event: 92.535 Thread 0x0000000015015000 10431       3       java.util.concurrent.atomic.AtomicReference::getAndSet (12 bytes)
Event: 92.535 Thread 0x0000000015015000 nmethod 10431 0x000000000344d890 code [0x000000000344d9e0, 0x000000000344db50]
Event: 92.535 Thread 0x0000000015015000 10433       3       org.eclipse.osgi.internal.framework.EquinoxContainerAdaptor::invalidateWiring (186 bytes)
Event: 92.535 Thread 0x000000001500d000 10437       4       java.lang.Long::valueOf (36 bytes)
Event: 92.536 Thread 0x000000001500d000 nmethod 10437 0x0000000002f65550 code [0x0000000002f656a0, 0x0000000002f657b8]
Event: 92.536 Thread 0x0000000015015000 nmethod 10433 0x0000000002f3fc10 code [0x0000000002f3ffe0, 0x0000000002f42958]
Event: 92.536 Thread 0x0000000015015000 10434   !   3       org.eclipse.osgi.container.ModuleDatabase::getRevisionsTimestamp (25 bytes)
Event: 92.536 Thread 0x0000000015015000 nmethod 10434 0x0000000003a4f710 code [0x0000000003a4f920, 0x0000000003a50658]
Event: 92.536 Thread 0x0000000015015000 10435       3       org.eclipse.osgi.internal.framework.EquinoxContainerAdaptor::clearManifestCache (84 bytes)

GC Heap History (10 events):
Event: 5.787 GC heap before
{Heap before GC invocations=12 (full 3):
 PSYoungGen      total 140288K, used 116224K [0x00000000f5580000, 0x00000000ff600000, 0x0000000100000000)
  eden space 116224K, 100% used [0x00000000f5580000,0x00000000fc700000,0x00000000fc700000)
  from space 24064K, 0% used [0x00000000fde80000,0x00000000fde80000,0x00000000ff600000)
  to   space 24064K, 0% used [0x00000000fc700000,0x00000000fc700000,0x00000000fde80000)
 ParOldGen       total 120832K, used 38921K [0x00000000e0000000, 0x00000000e7600000, 0x00000000f5580000)
  object space 120832K, 32% used [0x00000000e0000000,0x00000000e2602750,0x00000000e7600000)
 Metaspace       used 72449K, capacity 78666K, committed 78872K, reserved 1118208K
  class space    used 8818K, capacity 10706K, committed 10784K, reserved 1048576K
Event: 5.809 GC heap after
Heap after GC invocations=12 (full 3):
 PSYoungGen      total 140288K, used 24057K [0x00000000f5580000, 0x0000000100000000, 0x0000000100000000)
  eden space 116224K, 0% used [0x00000000f5580000,0x00000000f5580000,0x00000000fc700000)
  from space 24064K, 99% used [0x00000000fc700000,0x00000000fde7e448,0x00000000fde80000)
  to   space 30208K, 0% used [0x00000000fe280000,0x00000000fe280000,0x0000000100000000)
 ParOldGen       total 120832K, used 44429K [0x00000000e0000000, 0x00000000e7600000, 0x00000000f5580000)
  object space 120832K, 36% used [0x00000000e0000000,0x00000000e2b634d0,0x00000000e7600000)
 Metaspace       used 72449K, capacity 78666K, committed 78872K, reserved 1118208K
  class space    used 8818K, capacity 10706K, committed 10784K, reserved 1048576K
}
Event: 9.549 GC heap before
{Heap before GC invocations=13 (full 3):
 PSYoungGen      total 140288K, used 140281K [0x00000000f5580000, 0x0000000100000000, 0x0000000100000000)
  eden space 116224K, 100% used [0x00000000f5580000,0x00000000fc700000,0x00000000fc700000)
  from space 24064K, 99% used [0x00000000fc700000,0x00000000fde7e448,0x00000000fde80000)
  to   space 30208K, 0% used [0x00000000fe280000,0x00000000fe280000,0x0000000100000000)
 ParOldGen       total 120832K, used 44429K [0x00000000e0000000, 0x00000000e7600000, 0x00000000f5580000)
  object space 120832K, 36% used [0x00000000e0000000,0x00000000e2b634d0,0x00000000e7600000)
 Metaspace       used 76638K, capacity 83344K, committed 83480K, reserved 1122304K
  class space    used 9331K, capacity 11438K, committed 11552K, reserved 1048576K
Event: 9.566 GC heap after
Heap after GC invocations=13 (full 3):
 PSYoungGen      total 139264K, used 25453K [0x00000000f5580000, 0x0000000100000000, 0x0000000100000000)
  eden space 109056K, 0% used [0x00000000f5580000,0x00000000f5580000,0x00000000fc000000)
  from space 30208K, 84% used [0x00000000fe280000,0x00000000ffb5b720,0x0000000100000000)
  to   space 32768K, 0% used [0x00000000fc000000,0x00000000fc000000,0x00000000fe000000)
 ParOldGen       total 120832K, used 44437K [0x00000000e0000000, 0x00000000e7600000, 0x00000000f5580000)
  object space 120832K, 36% used [0x00000000e0000000,0x00000000e2b654d0,0x00000000e7600000)
 Metaspace       used 76638K, capacity 83344K, committed 83480K, reserved 1122304K
  class space    used 9331K, capacity 11438K, committed 11552K, reserved 1048576K
}
Event: 17.779 GC heap before
{Heap before GC invocations=14 (full 3):
 PSYoungGen      total 139264K, used 134509K [0x00000000f5580000, 0x0000000100000000, 0x0000000100000000)
  eden space 109056K, 100% used [0x00000000f5580000,0x00000000fc000000,0x00000000fc000000)
  from space 30208K, 84% used [0x00000000fe280000,0x00000000ffb5b720,0x0000000100000000)
  to   space 32768K, 0% used [0x00000000fc000000,0x00000000fc000000,0x00000000fe000000)
 ParOldGen       total 120832K, used 44437K [0x00000000e0000000, 0x00000000e7600000, 0x00000000f5580000)
  object space 120832K, 36% used [0x00000000e0000000,0x00000000e2b654d0,0x00000000e7600000)
 Metaspace       used 81555K, capacity 88826K, committed 89112K, reserved 1126400K
  class space    used 9927K, capacity 12214K, committed 12320K, reserved 1048576K
Event: 17.793 GC heap after
Heap after GC invocations=14 (full 3):
 PSYoungGen      total 138752K, used 29553K [0x00000000f5580000, 0x0000000100000000, 0x0000000100000000)
  eden space 109056K, 0% used [0x00000000f5580000,0x00000000f5580000,0x00000000fc000000)
  from space 29696K, 99% used [0x00000000fc000000,0x00000000fdcdc510,0x00000000fdd00000)
  to   space 35840K, 0% used [0x00000000fdd00000,0x00000000fdd00000,0x0000000100000000)
 ParOldGen       total 120832K, used 44445K [0x00000000e0000000, 0x00000000e7600000, 0x00000000f5580000)
  object space 120832K, 36% used [0x00000000e0000000,0x00000000e2b674d0,0x00000000e7600000)
 Metaspace       used 81555K, capacity 88826K, committed 89112K, reserved 1126400K
  class space    used 9927K, capacity 12214K, committed 12320K, reserved 1048576K
}
Event: 62.030 GC heap before
{Heap before GC invocations=15 (full 3):
 PSYoungGen      total 138752K, used 105712K [0x00000000f5580000, 0x0000000100000000, 0x0000000100000000)
  eden space 109056K, 69% used [0x00000000f5580000,0x00000000f9fdfc30,0x00000000fc000000)
  from space 29696K, 99% used [0x00000000fc000000,0x00000000fdcdc510,0x00000000fdd00000)
  to   space 35840K, 0% used [0x00000000fdd00000,0x00000000fdd00000,0x0000000100000000)
 ParOldGen       total 120832K, used 44445K [0x00000000e0000000, 0x00000000e7600000, 0x00000000f5580000)
  object space 120832K, 36% used [0x00000000e0000000,0x00000000e2b674d0,0x00000000e7600000)
 Metaspace       used 83148K, capacity 90472K, committed 90648K, reserved 1128448K
  class space    used 10179K, capacity 12501K, committed 12576K, reserved 1048576K
Event: 62.044 GC heap after
Heap after GC invocations=15 (full 3):
 PSYoungGen      total 133632K, used 26529K [0x00000000f5580000, 0x0000000100000000, 0x0000000100000000)
  eden space 97792K, 0% used [0x00000000f5580000,0x00000000f5580000,0x00000000fb500000)
  from space 35840K, 74% used [0x00000000fdd00000,0x00000000ff6e8620,0x0000000100000000)
  to   space 38400K, 0% used [0x00000000fb500000,0x00000000fb500000,0x00000000fda80000)
 ParOldGen       total 120832K, used 44453K [0x00000000e0000000, 0x00000000e7600000, 0x00000000f5580000)
  object space 120832K, 36% used [0x00000000e0000000,0x00000000e2b694d0,0x00000000e7600000)
 Metaspace       used 83148K, capacity 90472K, committed 90648K, reserved 1128448K
  class space    used 10179K, capacity 12501K, committed 12576K, reserved 1048576K
}
Event: 62.044 GC heap before
{Heap before GC invocations=16 (full 4):
 PSYoungGen      total 133632K, used 26529K [0x00000000f5580000, 0x0000000100000000, 0x0000000100000000)
  eden space 97792K, 0% used [0x00000000f5580000,0x00000000f5580000,0x00000000fb500000)
  from space 35840K, 74% used [0x00000000fdd00000,0x00000000ff6e8620,0x0000000100000000)
  to   space 38400K, 0% used [0x00000000fb500000,0x00000000fb500000,0x00000000fda80000)
 ParOldGen       total 120832K, used 44453K [0x00000000e0000000, 0x00000000e7600000, 0x00000000f5580000)
  object space 120832K, 36% used [0x00000000e0000000,0x00000000e2b694d0,0x00000000e7600000)
 Metaspace       used 83148K, capacity 90472K, committed 90648K, reserved 1128448K
  class space    used 10179K, capacity 12501K, committed 12576K, reserved 1048576K
Event: 62.361 GC heap after
Heap after GC invocations=16 (full 4):
 PSYoungGen      total 133632K, used 0K [0x00000000f5580000, 0x0000000100000000, 0x0000000100000000)
  eden space 97792K, 0% used [0x00000000f5580000,0x00000000f5580000,0x00000000fb500000)
  from space 35840K, 0% used [0x00000000fdd00000,0x00000000fdd00000,0x0000000100000000)
  to   space 38400K, 0% used [0x00000000fb500000,0x00000000fb500000,0x00000000fda80000)
 ParOldGen       total 120832K, used 61710K [0x00000000e0000000, 0x00000000e7600000, 0x00000000f5580000)
  object space 120832K, 51% used [0x00000000e0000000,0x00000000e3c43940,0x00000000e7600000)
 Metaspace       used 83148K, capacity 90472K, committed 90648K, reserved 1128448K
  class space    used 10179K, capacity 12501K, committed 12576K, reserved 1048576K
}

Deoptimization events (10 events):
Event: 91.884 Thread 0x00000000181e7800 Uncommon trap: reason=class_check action=maybe_recompile pc=0x0000000004322ac8 method=org.eclipse.e4.core.internal.contexts.TrackableComputationExt.update(Lorg/eclipse/e4/core/internal/contexts/ContextChangeEvent;)Z @ 62
Event: 91.884 Thread 0x00000000181e7800 Uncommon trap: reason=class_check action=maybe_recompile pc=0x00000000043016dc method=org.eclipse.e4.core.internal.contexts.ContextObjectSupplier$ContextInjectionListener.update(Lorg/eclipse/e4/core/contexts/IEclipseContext;I[Ljava/lang/Object;)Z @ 173
Event: 91.884 Thread 0x00000000181e7800 Uncommon trap: reason=class_check action=maybe_recompile pc=0x0000000004322ac8 method=org.eclipse.e4.core.internal.contexts.TrackableComputationExt.update(Lorg/eclipse/e4/core/internal/contexts/ContextChangeEvent;)Z @ 62
Event: 91.884 Thread 0x00000000181e7800 Uncommon trap: reason=class_check action=maybe_recompile pc=0x00000000043016dc method=org.eclipse.e4.core.internal.contexts.ContextObjectSupplier$ContextInjectionListener.update(Lorg/eclipse/e4/core/contexts/IEclipseContext;I[Ljava/lang/Object;)Z @ 173
Event: 91.909 Thread 0x00000000181e6000 Uncommon trap: reason=unstable_if action=reinterpret pc=0x00000000028038a4 method=sun.nio.cs.SingleByte$Encoder.encode(C)I @ 13
Event: 91.909 Thread 0x00000000181e6000 Uncommon trap: reason=unstable_if action=reinterpret pc=0x000000000317fad8 method=java.nio.charset.CharsetEncoder.encode(Ljava/nio/CharBuffer;Ljava/nio/ByteBuffer;Z)Ljava/nio/charset/CoderResult; @ 105
Event: 91.910 Thread 0x00000000181e7800 Uncommon trap: reason=predicate action=maybe_recompile pc=0x000000000432e834 method=java.io.OutputStream.write([BII)V @ 62
Event: 91.936 Thread 0x00000000181e7800 Uncommon trap: reason=unstable_if action=reinterpret pc=0x0000000002c52118 method=org.eclipse.core.internal.localstore.FileSystemResourceManager.getStoreRoot(Lorg/eclipse/core/resources/IResource;)Lorg/eclipse/core/internal/localstore/FileStoreRoot; @ 17
Event: 92.475 Thread 0x00000000181e7800 Uncommon trap: reason=unstable_if action=reinterpret pc=0x0000000002b255c0 method=org.eclipse.osgi.internal.hooks.EclipseLazyStarter.shouldActivateFor(Ljava/lang/String;Lorg/eclipse/osgi/container/Module;Lorg/eclipse/osgi/container/ModuleRevision;Lorg/ecli
Event: 92.478 Thread 0x0000000016ed4000 Uncommon trap: reason=unstable_if action=reinterpret pc=0x0000000003408430 method=org.eclipse.osgi.internal.framework.BundleContextImpl.dispatchEvent(Ljava/lang/Object;Ljava/lang/Object;ILjava/lang/Object;)V @ 16

Internal exceptions (10 events):
Event: 23.670 Thread 0x0000000017c54000 Exception <a 'java/io/FileNotFoundException'> (0x00000000f76f7cc0) thrown at [C:\re\workspace\8-2-build-windows-amd64-cygwin\jdk8u66\5298\hotspot\src\share\vm\prims\jni.cpp, line 709]
Event: 26.966 Thread 0x0000000017c56000 Implicit null exception at 0x0000000003c43ee5 to 0x0000000003c441c8
Event: 91.362 Thread 0x0000000002508000 Implicit null exception at 0x0000000003572b70 to 0x0000000003572bc9
Event: 91.370 Thread 0x00000000181e7800 Implicit null exception at 0x0000000003f5a019 to 0x0000000003f5a2f5
Event: 91.907 Thread 0x000000001a5ba800 Exception <a 'java/lang/InterruptedException'> (0x00000000f8c2d020) thrown at [C:\re\workspace\8-2-build-windows-amd64-cygwin\jdk8u66\5298\hotspot\src\share\vm\runtime\objectMonitor.cpp, line 1683]
Event: 91.936 Thread 0x00000000181e7800 Implicit null exception at 0x0000000002c51e1d to 0x0000000002c52101
Event: 92.511 Thread 0x0000000017c49800 Exception <a 'java/lang/InterruptedException'> (0x00000000f5ce5930) thrown at [C:\re\workspace\8-2-build-windows-amd64-cygwin\jdk8u66\5298\hotspot\src\share\vm\runtime\objectMonitor.cpp, line 1683]
Event: 92.526 Thread 0x0000000016ed4000 Exception <a 'java/lang/InterruptedException'> (0x00000000f8f35ea0) thrown at [C:\re\workspace\8-2-build-windows-amd64-cygwin\jdk8u66\5298\hotspot\src\share\vm\runtime\objectMonitor.cpp, line 1683]
Event: 92.529 Thread 0x0000000017c4a000 Exception <a 'java/lang/InterruptedException'> (0x00000000f5c2dda8) thrown at [C:\re\workspace\8-2-build-windows-amd64-cygwin\jdk8u66\5298\hotspot\src\share\vm\runtime\objectMonitor.cpp, line 1683]
Event: 92.530 Thread 0x00000000177eb000 Exception <a 'java/lang/InterruptedException'> (0x00000000f91c0400) thrown at [C:\re\workspace\8-2-build-windows-amd64-cygwin\jdk8u66\5298\hotspot\src\share\vm\runtime\objectMonitor.cpp, line 1683]

Events (10 events):
Event: 92.535 Thread 0x00000000181e7800 Thread exited: 0x00000000181e7800
Event: 92.536 loading class java/util/IdentityHashMap$KeySet
Event: 92.536 loading class java/util/IdentityHashMap$KeySet done
Event: 92.536 loading class java/util/IdentityHashMap$KeyIterator
Event: 92.536 loading class java/util/IdentityHashMap$IdentityHashMapIterator
Event: 92.536 loading class java/util/IdentityHashMap$IdentityHashMapIterator done
Event: 92.536 loading class java/util/IdentityHashMap$KeyIterator done
Event: 92.536 Thread 0x00000000181e7800 Thread added: 0x00000000181e7800
Event: 92.536 Thread 0x00000000181e7800 Thread exited: 0x00000000181e7800
Event: 92.536 Executing VM operation: Exit


Dynamic libraries:
0x0000000000400000 - 0x000000000044f000 	C:\Xilinx\SDK\2016.2\eclipse\win64.o\eclipse.exe
0x0000000077900000 - 0x0000000077aaa000 	C:\Windows\SYSTEM32\ntdll.dll
0x00000000777e0000 - 0x00000000778ff000 	C:\Windows\system32\kernel32.dll
0x000007fefd730000 - 0x000007fefd79a000 	C:\Windows\system32\KERNELBASE.dll
0x00000000776e0000 - 0x00000000777da000 	C:\Windows\system32\USER32.dll
0x000007fefe8a0000 - 0x000007fefe907000 	C:\Windows\system32\GDI32.dll
0x000007fefe3a0000 - 0x000007fefe3ae000 	C:\Windows\system32\LPK.dll
0x000007fefda30000 - 0x000007fefdafa000 	C:\Windows\system32\USP10.dll
0x000007fefdb00000 - 0x000007fefdb9f000 	C:\Windows\system32\msvcrt.dll
0x000007fefbf50000 - 0x000007fefc144000 	C:\Windows\WinSxS\amd64_microsoft.windows.common-controls_6595b64144ccf1df_6.0.7601.18837_none_fa3b1e3d17594757\COMCTL32.dll
0x000007fefdf70000 - 0x000007fefdfe1000 	C:\Windows\system32\SHLWAPI.dll
0x000007fefea20000 - 0x000007fefea4e000 	C:\Windows\system32\IMM32.DLL
0x000007fefe910000 - 0x000007fefea19000 	C:\Windows\system32\MSCTF.dll
0x0000000072000000 - 0x0000000072012000 	C:\Xilinx\SDK\2016.2\eclipse\win64.o\plugins\org.eclipse.equinox.launcher.win32.win32.x86_64_1.1.300.v20150602-1417\eclipse_1611.dll
0x000007fefe720000 - 0x000007fefe7fb000 	C:\Windows\system32\ADVAPI32.dll
0x000007fefda10000 - 0x000007fefda2f000 	C:\Windows\SYSTEM32\sechost.dll
0x000007fefed50000 - 0x000007fefee7d000 	C:\Windows\system32\RPCRT4.dll
0x000007fefc6d0000 - 0x000007fefc6dc000 	C:\Windows\system32\VERSION.dll
0x000007fefc200000 - 0x000007fefc256000 	C:\Windows\system32\UxTheme.dll
0x000000006fff0000 - 0x0000000070879000 	C:\Xilinx\SDK\2016.2\tps\win64\jre\bin\server\jvm.dll
0x000007fef0990000 - 0x000007fef0999000 	C:\Windows\system32\WSOCK32.dll
0x000007fefed00000 - 0x000007fefed4d000 	C:\Windows\system32\WS2_32.dll
0x000007fefda00000 - 0x000007fefda08000 	C:\Windows\system32\NSI.dll
0x000007fef9ac0000 - 0x000007fef9afb000 	C:\Windows\system32\WINMM.dll
0x0000000077ac0000 - 0x0000000077ac7000 	C:\Windows\system32\PSAPI.DLL
0x0000000072320000 - 0x00000000723f2000 	C:\Windows\system32\MSVCR100.dll
0x0000000072400000 - 0x000000007240f000 	C:\Xilinx\SDK\2016.2\tps\win64\jre\bin\verify.dll
0x0000000072270000 - 0x0000000072299000 	C:\Xilinx\SDK\2016.2\tps\win64\jre\bin\java.dll
0x00000000722b0000 - 0x00000000722c6000 	C:\Xilinx\SDK\2016.2\tps\win64\jre\bin\zip.dll
0x000007fefee80000 - 0x000007feffc09000 	C:\Windows\system32\SHELL32.dll
0x000007fefead0000 - 0x000007fefecd3000 	C:\Windows\system32\ole32.dll
0x000007fefd650000 - 0x000007fefd65f000 	C:\Windows\system32\profapi.dll
0x000007fefce40000 - 0x000007fefce58000 	C:\Windows\system32\CRYPTSP.dll
0x000007fefcb40000 - 0x000007fefcb87000 	C:\Windows\system32\rsaenh.dll
0x000007fefd870000 - 0x000007fefd88e000 	C:\Windows\system32\USERENV.dll
0x000007fefd440000 - 0x000007fefd44f000 	C:\Windows\system32\CRYPTBASE.dll
0x0000000072250000 - 0x000000007226a000 	C:\Xilinx\SDK\2016.2\tps\win64\jre\bin\net.dll
0x000007fefcde0000 - 0x000007fefce35000 	C:\Windows\system32\mswsock.dll
0x000007fefcdd0000 - 0x000007fefcdd7000 	C:\Windows\System32\wship6.dll
0x000007fefab10000 - 0x000007fefab37000 	C:\Windows\system32\IPHLPAPI.DLL
0x000007fefaaf0000 - 0x000007fefaafb000 	C:\Windows\system32\WINNSI.DLL
0x000007fefa920000 - 0x000007fefa931000 	C:\Windows\system32\dhcpcsvc6.DLL
0x000007fefa900000 - 0x000007fefa918000 	C:\Windows\system32\dhcpcsvc.DLL
0x0000000000500000 - 0x0000000000511000 	C:\Xilinx\SDK\2016.2\tps\win64\jre\bin\nio.dll
0x000007fefae20000 - 0x000007fefae35000 	C:\Windows\system32\NLAapi.dll
0x000007fef85b0000 - 0x000007fef85c5000 	C:\Windows\system32\napinsp.dll
0x000007fef8570000 - 0x000007fef8589000 	C:\Windows\system32\pnrpnsp.dll
0x000007fefcc60000 - 0x000007fefccbb000 	C:\Windows\system32\DNSAPI.dll
0x000007fef85a0000 - 0x000007fef85ab000 	C:\Windows\System32\winrnr.dll
0x000007fefc7a0000 - 0x000007fefc7a7000 	C:\Windows\System32\wshtcpip.dll
0x000007fef98c0000 - 0x000007fef98c8000 	C:\Windows\system32\rasadhlp.dll
0x000007fefa9b0000 - 0x000007fefaa03000 	C:\Windows\System32\fwpuclnt.dll
0x0000000017300000 - 0x00000000173a8000 	C:\Users\dezfoul2\.Xilinx\SDK\2016.2\org.eclipse.osgi\312\0\.cp\swt-win32-4527.dll
0x000007fefdff0000 - 0x000007fefe0c8000 	C:\Windows\system32\OLEAUT32.dll
0x000007fefde70000 - 0x000007fefdf07000 	C:\Windows\system32\comdlg32.dll
0x000007fef6f30000 - 0x000007fef6fa1000 	C:\Windows\system32\WINSPOOL.DRV
0x000007fefe0d0000 - 0x000007fefe395000 	C:\Windows\system32\WININET.dll
0x000007fefd840000 - 0x000007fefd844000 	C:\Windows\system32\api-ms-win-downlevel-user32-l1-1-0.dll
0x000007fefd710000 - 0x000007fefd714000 	C:\Windows\system32\api-ms-win-downlevel-shlwapi-l1-1-0.dll
0x000007fefd700000 - 0x000007fefd704000 	C:\Windows\system32\api-ms-win-downlevel-version-l1-1-0.dll
0x000007fefd860000 - 0x000007fefd863000 	C:\Windows\system32\api-ms-win-downlevel-normaliz-l1-1-0.dll
0x0000000077ad0000 - 0x0000000077ad3000 	C:\Windows\system32\normaliz.DLL
0x000007fefdba0000 - 0x000007fefde69000 	C:\Windows\system32\iertutil.dll
0x000007fefd720000 - 0x000007fefd725000 	C:\Windows\system32\api-ms-win-downlevel-advapi32-l1-1-0.dll
0x000007fefd890000 - 0x000007fefd9fd000 	C:\Windows\system32\CRYPT32.dll
0x000007fefd640000 - 0x000007fefd64f000 	C:\Windows\system32\MSASN1.dll
0x000007fefb9c0000 - 0x000007fefbaec000 	C:\Windows\system32\propsys.dll
0x000007fefe800000 - 0x000007fefe899000 	C:\Windows\system32\CLBCatQ.DLL
0x0000000002400000 - 0x000000000241e000 	C:\Users\dezfoul2\.Xilinx\SDK\2016.2\org.eclipse.osgi\312\0\.cp\swt-gdip-win32-4527.dll
0x000007fef36f0000 - 0x000007fef3906000 	C:\Windows\WinSxS\amd64_microsoft.windows.gdiplus_6595b64144ccf1df_1.1.7601.23508_none_145555328b95eaaa\gdiplus.dll
0x000007fefbb60000 - 0x000007fefbcc1000 	C:\Windows\system32\WindowsCodecs.dll
0x0000000180000000 - 0x0000000180012000 	C:\Users\dezfoul2\.Xilinx\SDK\2016.2\org.eclipse.osgi\126\0\.cp\os\win32\x86_64\localfile_1_0_0.dll
0x000007feed700000 - 0x000007feed754000 	C:\Windows\system32\oleacc.dll
0x000007fefbee0000 - 0x000007fefbee7000 	C:\Windows\system32\msimg32.dll
0x000007fefd590000 - 0x000007fefd5a4000 	C:\Windows\system32\RpcRtRemote.dll
0x000007fefd4f0000 - 0x000007fefd547000 	C:\Windows\system32\apphelp.dll
0x000007fef4bf0000 - 0x000007fef4c01000 	C:\Users\dezfoul2\.Xilinx\SDK\2016.2\org.eclipse.osgi\129\0\.cp\jWinHttp-1.0.0.dll
0x000007fef9370000 - 0x000007fef93e1000 	C:\Windows\system32\WINHTTP.dll
0x000007fef9300000 - 0x000007fef9364000 	C:\Windows\system32\webio.dll
0x000007fefd410000 - 0x000007fefd435000 	C:\Windows\system32\SspiCli.dll
0x000007fefca00000 - 0x000007fefca0a000 	C:\Windows\system32\credssp.dll
0x000007fefd660000 - 0x000007fefd696000 	C:\Windows\system32\CFGMGR32.dll
0x000007fefa330000 - 0x000007fefa33f000 	C:\Xilinx\SDK\2016.2\lib\win64.o\librdi_repo_manager.dll
0x000007fef22b0000 - 0x000007fef22da000 	C:\Xilinx\SDK\2016.2\lib\win64.o\libisl_sysinfo.dll
0x000007feea8a0000 - 0x000007feea974000 	C:\Windows\system32\MSVCR110.dll
0x000007feea980000 - 0x000007feeaa27000 	C:\Windows\system32\MSVCP110.dll
0x000007febb300000 - 0x000007febbd40000 	C:\Xilinx\SDK\2016.2\lib\win64.o\librdi_common.dll
0x000007febaf90000 - 0x000007febb2fe000 	C:\Xilinx\SDK\2016.2\lib\win64.o\libCOIN-all.dll
0x000007febad70000 - 0x000007febaf8f000 	C:\Xilinx\SDK\2016.2\lib\win64.o\libXil_lmgr11.dll
0x000007fefb6b0000 - 0x000007fefb6c6000 	C:\Windows\system32\NETAPI32.dll
0x000007fefca70000 - 0x000007fefca7c000 	C:\Windows\system32\netutils.dll
0x000007fefd0e0000 - 0x000007fefd103000 	C:\Windows\system32\srvcli.dll
0x000007fefb690000 - 0x000007fefb6a5000 	C:\Windows\system32\wkscli.dll
0x000007fefd6c0000 - 0x000007fefd6fb000 	C:\Windows\system32\WINTRUST.dll
0x000007fefa210000 - 0x000007fefa220000 	C:\Xilinx\SDK\2016.2\lib\win64.o\libboost_date_time.dll
0x000007fef1b60000 - 0x000007fef1b84000 	C:\Xilinx\SDK\2016.2\lib\win64.o\libboost_filesystem.dll
0x000007fefa2d0000 - 0x000007fefa2d9000 	C:\Xilinx\SDK\2016.2\lib\win64.o\libboost_system.dll
0x000007fef0770000 - 0x000007fef07e7000 	C:\Xilinx\SDK\2016.2\lib\win64.o\libboost_program_options.dll
0x000007febac60000 - 0x000007febad66000 	C:\Xilinx\SDK\2016.2\lib\win64.o\libboost_regex.dll
0x000007fef50a0000 - 0x000007fef50b3000 	C:\Xilinx\SDK\2016.2\lib\win64.o\libboost_signals.dll
0x000007fef3d30000 - 0x000007fef3d4d000 	C:\Xilinx\SDK\2016.2\lib\win64.o\libboost_thread.dll
0x000007fef9b80000 - 0x000007fef9b8b000 	C:\Xilinx\SDK\2016.2\lib\win64.o\libboost_chrono.dll
0x000007fef9c90000 - 0x000007fef9c9b000 	C:\Xilinx\SDK\2016.2\lib\win64.o\libboost_xilinx.dll
0x000007fee8ed0000 - 0x000007fee8f50000 	C:\Xilinx\SDK\2016.2\lib\win64.o\libhdlpsolve.dll
0x000007fec8b20000 - 0x000007fec8bba000 	C:\Xilinx\SDK\2016.2\lib\win64.o\libhdxml.dll
0x000007feba7f0000 - 0x000007febac55e00 	C:\Xilinx\SDK\2016.2\lib\win64.o\libisl_iostreams.dll
0x000007fef19c0000 - 0x000007fef19d6000 	C:\Xilinx\SDK\2016.2\lib\win64.o\libboost_iostreams.dll
0x000007fef1990000 - 0x000007fef19b3000 	C:\Xilinx\SDK\2016.2\lib\win64.o\librdizlib.dll
0x000007fef09a0000 - 0x000007fef09c3000 	C:\Xilinx\SDK\2016.2\lib\win64.o\libisl_iosutils.dll
0x000007fef0910000 - 0x000007fef0925000 	C:\Xilinx\SDK\2016.2\lib\win64.o\pthreadVC2.dll
0x000007fee7260000 - 0x000007fee72b4000 	C:\Xilinx\SDK\2016.2\lib\win64.o\librdi_commonxillic.dll
0x000007feba6c0000 - 0x000007feba7f0000 	C:\Xilinx\SDK\2016.2\lib\win64.o\librdi_curl.dll
0x000007fef08c0000 - 0x000007fef08d8000 	C:\Xilinx\SDK\2016.2\lib\win64.o\librdiconfig.dll
0x0000000071af0000 - 0x0000000071c17000 	C:\Xilinx\SDK\2016.2\lib\win64.o\tcl85t.dll
0x0000000025a00000 - 0x0000000025c63000 	C:\Xilinx\SDK\2016.2\lib\win64.o\xerces-c_3_1.dll
0x000007fefe590000 - 0x000007fefe716000 	C:\Windows\system32\urlmon.dll
0x000007fefd850000 - 0x000007fefd854000 	C:\Windows\system32\api-ms-win-downlevel-ole32-l1-1-0.dll
0x000007fef7750000 - 0x000007fef7773000 	C:\Windows\system32\VCOMP110.DLL
0x000007feba4c0000 - 0x000007feba6b2000 	C:\Xilinx\SDK\2016.2\lib\win64.o\librdi_hsm.dll
0x000007fecc710000 - 0x000007fecc753000 	C:\Xilinx\SDK\2016.2\lib\win64.o\librdi_hdf.dll
0x000007feba230000 - 0x000007feba4b1000 	C:\Xilinx\SDK\2016.2\lib\win64.o\librdi_ippcw.dll
0x000007fef0750000 - 0x000007fef0766000 	C:\Xilinx\SDK\2016.2\eclipse\win64.o\plugins\org.eclipse.cdt.core.win32.x86_64_5.4.0.201509131935\os\win32\x86_64\spawner.dll
0x000007fef9a00000 - 0x000007fef9a0a000 	C:\Xilinx\SDK\2016.2\lib\win64.o\librdi_jtag_settings.dll
0x000007feee620000 - 0x000007feee649000 	C:\Xilinx\SDK\2016.2\lib\win64.o\librdi_debug_dialog.dll
0x000007fef6d80000 - 0x000007fef6d88000 	C:\Xilinx\SDK\2016.2\lib\win64.o\librdi_target_manager.dll
0x0000000071080000 - 0x00000000710a6000 	C:\Xilinx\SDK\2016.2\eclipse\win64.o\plugins\gnu.io.rxtx.win32.x86_64_2.1.7.3_v20071015\os\win32\x86_64\rxtxSerial.dll
0x0000000071100000 - 0x0000000071125000 	C:\Users\dezfoul2\.jssc\windows\jSSC-2.8_x86_64.dll
0x000007feb78f0000 - 0x000007feb8100000 	C:\Xilinx\SDK\2016.2\lib\win64.o\libXil_lmgr11FNP.dll

VM Arguments:
jvm_args: -Dcom.xilinx.sdk.args.hwspec=W:/ece532/src/hdmi.sdk/hdmi_wrapper.hdf -Xms64m -Xmx512m & 
java_command: <unknown>
java_class_path (initial): C:\Xilinx\SDK\2016.2\eclipse\win64.o\\plugins/org.eclipse.equinox.launcher_1.3.100.v20150511-1540.jar
Launcher Type: generic

Environment Variables:
PATH=C:/Xilinx/SDK/2016.2/tps/win64/jre/bin/server;C:/Xilinx/SDK/2016.2/tps/win64/jre/bin;C:/Xilinx/SDK/2016.2/tps/win64/jre/lib/amd64;C:\Xilinx\SDK\2016.2\gnuwin\bin;C:\Xilinx\SDK\2016.2\gnu\microblaze\nt\bin;C:\Xilinx\SDK\2016.2\gnu\microblaze\linux_toolchain\nt64_le\bin;C:\Xilinx\SDK\2016.2\gnu\microblaze\linux_toolchain\nt64_be\bin;C:\Xilinx\SDK\2016.2\gnu\arm\nt\bin;C:\Xilinx\SDK\2016.2\gnu\aarch64\nt\aarch64-none\bin;C:\Xilinx\SDK\2016.2\gnu\aarch64\nt\aarch64-linux\bin;C:\Xilinx\SDK\2016.2\gnu\armr5\nt\gcc-arm-none-eabi\bin;C:\Xilinx\SDK\2016.2\gnu\aarch32\nt\gcc-arm-none-eabi\bin;C:\Xilinx\SDK\2016.2\gnu\aarch32\nt\gcc-arm-linux-gnueabi\bin;C:\Xilinx\SDK\2016.2\tps\win64\cmake-3.3.2\bin;;C:\Xilinx\SDK\2016.2\bin;C:\Xilinx\SDK\2016.2\lib\win64.o;C:\Xilinx\SDK\2016.2\tps\win64\jre\bin\server;C:\Xilinx\SDK\2016.2\tps\win64\jre\bin;C:\Xilinx\Vivado\2016.2\ids_lite\ISE\bin\nt64;C:\Xilinx\Vivado\2016.2\ids_lite\ISE\lib\nt64;C:\Xilinx\Vivado\2016.2\bin;C:\Xilinx\Vivado\2016.2\lib\win64.o;C:\Xilinx\Vivado\2016.2\tps\win64\jre\bin\server;C:\Xilinx\Vivado\2016.2\tps\win64\jre\bin;C:\Xilinx\Vivado_HLS\2016.2\bin;C:\Windows\system32;C:\Windows;C:\Windows\System32\Wbem;C:\Windows\System32\WindowsPowerShell\v1.0\;C:\altera\16.0\quartus\bin64;c:\altera\16.0\quartus\bin64\jre64\bin;W:\ece532\src;
USERNAME=dezfoul2
OS=Windows_NT
PROCESSOR_IDENTIFIER=Intel64 Family 6 Model 60 Stepping 3, GenuineIntel



---------------  S Y S T E M  ---------------

OS: Windows 7 , 64 bit Build 7601 (6.1.7601.23418)

CPU:total 8 (4 cores per cpu, 2 threads per core) family 6 model 60 stepping 3, cmov, cx8, fxsr, mmx, sse, sse2, sse3, ssse3, sse4.1, sse4.2, popcnt, avx, avx2, aes, clmul, erms, lzcnt, ht, tsc, tscinvbit, bmi1, bmi2

Memory: 4k page, physical 16683160k(11990908k free), swap 33364460k(28043844k free)

vm_info: Java HotSpot(TM) 64-Bit Server VM (25.66-b18) for windows-amd64 JRE (1.8.0_66-b18), built on Nov  9 2015 10:51:13 by "java_re" with MS VC++ 10.0 (VS2010)

time: Tue Mar 28 17:33:37 2017
elapsed time: 93 seconds (0d 0h 1m 33s)

