#
# A fatal error has been detected by the Java Runtime Environment:
#
#  EXCEPTION_UNCAUGHT_CXX_EXCEPTION (0xe06d7363) at pc=0x000007fefcc2a06d, pid=3876, tid=3820
#
# JRE version: Java(TM) SE Runtime Environment (8.0_66-b18) (build 1.8.0_66-b18)
# Java VM: Java HotSpot(TM) 64-Bit Server VM (25.66-b18 mixed mode windows-amd64 compressed oops)
# Problematic frame:
# C  [KERNELBASE.dll+0x1a06d]
#
# Failed to write core dump. Minidumps are not enabled by default on client versions of Windows
#
# If you would like to submit a bug report, please visit:
#   http://bugreport.java.com/bugreport/crash.jsp
#

---------------  T H R E A D  ---------------

Current thread (0x0000000013ee0800):  VMThread [stack: 0x0000000015fb0000,0x00000000160b0000] [id=3820]

siginfo: ExceptionCode=0xe06d7363, ExceptionInformation=0x0000000019930520 0x00000000160af4c8 0x000007feeb462cb8 0x000007feeb3b0000 

Registers:
RAX=0x0000000062376f80, RBX=0x000007feeb462cb8, RCX=0x00000000160aed10, RDX=0x00000000000000d0
RSP=0x00000000160af320, RBP=0x00000000160af450, RSI=0x00000000ffffffff, RDI=0x0000000026abdc90
R8 =0x0000000000000000, R9 =0x0000000000000000, R10=0x000007feeb3b0000, R11=0x00000000160af360
R12=0x0000000000000001, R13=0x0000000000000008, R14=0x0000000000000000, R15=0xffffffffffffffff
RIP=0x000007fefcc2a06d, EFLAGS=0x0000000000000202

Top of Stack: (sp=0x00000000160af320)
0x00000000160af320:   000007feeb462cb8 00000000ffffffff
0x00000000160af330:   0000000026abdc90 000000000031a2a0
0x00000000160af340:   00000001e06d7363 0000000000000000
0x00000000160af350:   000007fefcc2a06d 000007fe00000004
0x00000000160af360:   0000000019930520 00000000160af4c8
0x00000000160af370:   000007feeb462cb8 000007feeb3b0000
0x00000000160af380:   0000000000000000 00000000160af408
0x00000000160af390:   0000000000000028 0000000026abdc80
0x00000000160af3a0:   000000001760f170 0000000000000000
0x00000000160af3b0:   000007fffffa8000 0000000076eff2d3
0x00000000160af3c0:   0000000000000000 0000000000000008
0x00000000160af3d0:   0000000000000001 0000000026abdc90
0x00000000160af3e0:   00000000ffffffff 000007feeb40e92c
0x00000000160af3f0:   000007feeb462cb8 00000000160af460
0x00000000160af400:   0000000000000001 000007feeb3b00f8
0x00000000160af410:   00000001e06d7363 0000000000000000 

Instructions: (pc=0x000007fefcc2a06d)
0x000007fefcc2a04d:   54 24 24 48 89 4c 24 28 4d 85 c9 0f 85 6a 03 00
0x000007fefcc2a05d:   00 89 4c 24 38 48 8d 4c 24 20 ff 15 33 02 03 00
0x000007fefcc2a06d:   48 81 c4 c8 00 00 00 c3 90 90 90 90 90 90 90 90
0x000007fefcc2a07d:   90 90 90 48 83 ec 28 65 48 8b 04 25 30 00 00 00 


Register to memory mapping:

RAX=0x0000000062376f80 is an unknown value
RBX=0x000007feeb462cb8 is an unknown value
RCX=0x00000000160aed10 is an unknown value
RDX=0x00000000000000d0 is an unknown value
RSP=0x00000000160af320 is an unknown value
RBP=0x00000000160af450 is an unknown value
RSI=0x00000000ffffffff is an unallocated location in the heap
RDI=0x0000000026abdc90 is an unknown value
R8 =0x0000000000000000 is an unknown value
R9 =0x0000000000000000 is an unknown value
R10=0x000007feeb3b0000 is an unknown value
R11=0x00000000160af360 is an unknown value
R12=0x0000000000000001 is an unknown value
R13=0x0000000000000008 is an unknown value
R14=0x0000000000000000 is an unknown value
R15=0xffffffffffffffff is an unknown value


Stack: [0x0000000015fb0000,0x00000000160b0000],  sp=0x00000000160af320,  free space=1020k
Native frames: (J=compiled Java code, j=interpreted, Vv=VM code, C=native code)
C  [KERNELBASE.dll+0x1a06d]
C  [MSVCR110.dll+0x5e92c]
C  [MSVCR110.dll+0x1315c]
C  [MSVCR110.dll+0x136a9]
C  [MSVCR110.dll+0x13e9c]
C  [MSVCR110.dll+0x239e]
C  [MSVCR110.dll+0xaf9e]
C  [MSVCP110.dll+0x397b9]
C  [librdi_common.dll+0x182316]
C  [librdi_common.dll+0x180fab]
C  [librdi_target_manager.dll+0x2400]
C  [librdi_target_manager.dll+0x2682]
C  [ntdll.dll+0x229b1]
C  [ntdll.dll+0x227c0]
C  [MSVCR100.dll+0x20ccd]
V  [jvm.dll+0x210cc5]
V  [jvm.dll+0x249897]
V  [jvm.dll+0x248b36]
V  [jvm.dll+0x248fd1]
V  [jvm.dll+0x2491ee]
V  [jvm.dll+0x29a0fa]
C  [MSVCR100.dll+0x21d9f]
C  [MSVCR100.dll+0x21e3b]
C  [kernel32.dll+0x159bd]
C  [ntdll.dll+0x2a2e1]

VM_Operation (0x000000000012f4c0): Exit, mode: safepoint, requested by thread 0x000000000272e800


---------------  P R O C E S S  ---------------

Java Threads: ( => current thread )
  0x000000001a021800 JavaThread "pool-2-thread-4" [_thread_blocked, id=3788, stack(0x00000000296e0000,0x00000000297e0000)]
  0x000000001703f000 JavaThread "Worker-16" [_thread_blocked, id=4188, stack(0x0000000027900000,0x0000000027a00000)]
  0x000000001703d800 JavaThread "pool-2-thread-3" [_thread_blocked, id=2620, stack(0x0000000027e00000,0x0000000027f00000)]
  0x000000001a021000 JavaThread "pool-2-thread-2" [_thread_blocked, id=2916, stack(0x0000000024980000,0x0000000024a80000)]
  0x000000001a01b800 JavaThread "pool-2-thread-1" [_thread_blocked, id=4160, stack(0x0000000027300000,0x0000000027400000)]
  0x000000001fca1800 JavaThread "Thread-27" daemon [_thread_blocked, id=3704, stack(0x0000000027100000,0x0000000027200000)]
  0x000000001fc9b800 JavaThread "TCF Channel Transmitter" daemon [_thread_blocked, id=4296, stack(0x00000000246d0000,0x00000000247d0000)]
  0x000000001fc9a000 JavaThread "TCF Channel Receiver" daemon [_thread_in_native, id=3184, stack(0x0000000024440000,0x0000000024540000)]
  0x000000001fc99800 JavaThread "Process monitor" daemon [_thread_in_native, id=4816, stack(0x0000000025c70000,0x0000000025d70000)]
  0x000000001fc98800 JavaThread "Input Stream Monitor" daemon [_thread_blocked, id=3632, stack(0x00000000258b0000,0x00000000259b0000)]
  0x000000001fc98000 JavaThread "Output Stream Monitor" daemon [_thread_in_native, id=1868, stack(0x0000000023f30000,0x0000000024030000)]
  0x000000001fc97000 JavaThread "Output Stream Monitor" daemon [_thread_in_native, id=1032, stack(0x0000000023b90000,0x0000000023c90000)]
  0x0000000019a83800 JavaThread "TCF Locator DNS Lookup" daemon [_thread_blocked, id=5088, stack(0x0000000022bd0000,0x0000000022cd0000)]
  0x0000000019a82800 JavaThread "TCF Locator Timer" daemon [_thread_blocked, id=2792, stack(0x0000000022ad0000,0x0000000022bd0000)]
  0x0000000019a82000 JavaThread "TCF Locator Receiver" daemon [_thread_in_native, id=3136, stack(0x0000000021580000,0x0000000021680000)]
  0x0000000019a80800 JavaThread "TCF Timer Dispatcher" daemon [_thread_blocked, id=4268, stack(0x0000000020df0000,0x0000000020ef0000)]
  0x0000000019a7b000 JavaThread "EMF Reference Cleaner" daemon [_thread_blocked, id=3280, stack(0x000000001bea0000,0x000000001bfa0000)]
  0x0000000015154800 JavaThread "Service Thread" daemon [_thread_blocked, id=3476, stack(0x00000000168b0000,0x00000000169b0000)]
  0x00000000150ee800 JavaThread "C1 CompilerThread3" daemon [_thread_blocked, id=2200, stack(0x00000000167b0000,0x00000000168b0000)]
  0x00000000150c4800 JavaThread "C2 CompilerThread2" daemon [_thread_blocked, id=4956, stack(0x00000000166b0000,0x00000000167b0000)]
  0x00000000150bd000 JavaThread "C2 CompilerThread1" daemon [_thread_blocked, id=1488, stack(0x00000000165b0000,0x00000000166b0000)]
  0x00000000150b5800 JavaThread "C2 CompilerThread0" daemon [_thread_blocked, id=4424, stack(0x00000000164b0000,0x00000000165b0000)]
  0x00000000150b2000 JavaThread "Attach Listener" daemon [_thread_blocked, id=416, stack(0x00000000163b0000,0x00000000164b0000)]
  0x0000000013eff000 JavaThread "Signal Dispatcher" daemon [_thread_blocked, id=5092, stack(0x00000000162b0000,0x00000000163b0000)]
  0x0000000013eec800 JavaThread "Finalizer" daemon [_thread_blocked, id=2060, stack(0x00000000161b0000,0x00000000162b0000)]
  0x0000000013ee6000 JavaThread "Reference Handler" daemon [_thread_blocked, id=4904, stack(0x00000000160b0000,0x00000000161b0000)]
  0x000000000272e800 JavaThread "main" [_thread_blocked, id=2516, stack(0x0000000000030000,0x0000000000130000)]

Other Threads:
=>0x0000000013ee0800 VMThread [stack: 0x0000000015fb0000,0x00000000160b0000] [id=3820]

VM state:at safepoint (shutting down)

VM Mutex/Monitor currently owned by a thread:  ([mutex/lock_event])
[0x00000000025d8a00] Threads_lock - owner thread: 0x0000000013ee0800

Heap:
 PSYoungGen      total 51712K, used 21579K [0x00000000f5580000, 0x00000000f9480000, 0x0000000100000000)
  eden space 38912K, 42% used [0x00000000f5580000,0x00000000f65c1180,0x00000000f7b80000)
  from space 12800K, 38% used [0x00000000f7b80000,0x00000000f8051b48,0x00000000f8800000)
  to   space 12288K, 0% used [0x00000000f8880000,0x00000000f8880000,0x00000000f9480000)
 ParOldGen       total 133632K, used 67185K [0x00000000e0000000, 0x00000000e8280000, 0x00000000f5580000)
  object space 133632K, 50% used [0x00000000e0000000,0x00000000e419c780,0x00000000e8280000)
 Metaspace       used 98329K, capacity 106116K, committed 106328K, reserved 1140736K
  class space    used 11660K, capacity 14172K, committed 14208K, reserved 1048576K

Card table byte_map: [0x0000000011af0000,0x0000000011c00000] byte_map_base: 0x00000000113f0000

Marking Bits: (ParMarkBitMap*) 0x000000006ff8a5b0
 Begin Bits: [0x0000000012400000, 0x0000000012c00000)
 End Bits:   [0x0000000012c00000, 0x0000000013400000)

Polling page: 0x0000000000220000

CodeCache: size=245760Kb used=59185Kb max_used=59185Kb free=186574Kb
 bounds [0x0000000002730000, 0x0000000006170000, 0x0000000011730000]
 total_blobs=16119 nmethods=15188 adapters=835
 compilation: enabled

Compilation events (10 events):
Event: 2926.454 Thread 0x00000000150ee800 nmethod 19963 0x000000000616a5d0 code [0x000000000616a780, 0x000000000616b128]
Event: 2926.454 Thread 0x00000000150ee800 19970   !   3       org.eclipse.osgi.storage.BundleInfo$Generation::clearManifestCache (30 bytes)
Event: 2926.455 Thread 0x00000000150ee800 nmethod 19970 0x000000000616b3d0 code [0x000000000616b560, 0x000000000616bba8]
Event: 2926.455 Thread 0x00000000150ee800 19964       3       org.eclipse.osgi.internal.container.AtomicLazyInitializer::getAndClear (9 bytes)
Event: 2926.455 Thread 0x00000000150ee800 nmethod 19964 0x0000000006150050 code [0x00000000061501c0, 0x0000000006150410]
Event: 2926.455 Thread 0x00000000150ee800 19965       3       java.util.concurrent.atomic.AtomicReference::getAndSet (12 bytes)
Event: 2926.455 Thread 0x00000000150ee800 nmethod 19965 0x000000000616be90 code [0x000000000616bfe0, 0x000000000616c150]
Event: 2926.455 Thread 0x00000000150ee800 19966       3       sun.misc.Unsafe::getAndSetObject (24 bytes)
Event: 2926.455 Thread 0x00000000150ee800 nmethod 19966 0x000000000616c1d0 code [0x000000000616c340, 0x000000000616c550]
Event: 2926.455 Thread 0x00000000150ee800 19967       3       org.eclipse.osgi.internal.framework.EquinoxContainerAdaptor::invalidateWiring (186 bytes)

GC Heap History (10 events):
Event: 2797.068 GC heap before
{Heap before GC invocations=261 (full 4):
 PSYoungGen      total 49152K, used 45932K [0x00000000f5580000, 0x00000000f9200000, 0x0000000100000000)
  eden space 37888K, 100% used [0x00000000f5580000,0x00000000f7a80000,0x00000000f7a80000)
  from space 11264K, 71% used [0x00000000f8600000,0x00000000f8ddb1f0,0x00000000f9100000)
  to   space 11776K, 0% used [0x00000000f7a80000,0x00000000f7a80000,0x00000000f8600000)
 ParOldGen       total 133632K, used 66732K [0x00000000e0000000, 0x00000000e8280000, 0x00000000f5580000)
  object space 133632K, 49% used [0x00000000e0000000,0x00000000e412b058,0x00000000e8280000)
 Metaspace       used 97405K, capacity 105372K, committed 105816K, reserved 1140736K
  class space    used 11580K, capacity 14127K, committed 14208K, reserved 1048576K
Event: 2797.077 GC heap after
Heap after GC invocations=261 (full 4):
 PSYoungGen      total 49664K, used 8121K [0x00000000f5580000, 0x00000000f9300000, 0x0000000100000000)
  eden space 37888K, 0% used [0x00000000f5580000,0x00000000f5580000,0x00000000f7a80000)
  from space 11776K, 68% used [0x00000000f7a80000,0x00000000f826e4c0,0x00000000f8600000)
  to   space 12288K, 0% used [0x00000000f8700000,0x00000000f8700000,0x00000000f9300000)
 ParOldGen       total 133632K, used 66764K [0x00000000e0000000, 0x00000000e8280000, 0x00000000f5580000)
  object space 133632K, 49% used [0x00000000e0000000,0x00000000e4133058,0x00000000e8280000)
 Metaspace       used 97405K, capacity 105372K, committed 105816K, reserved 1140736K
  class space    used 11580K, capacity 14127K, committed 14208K, reserved 1048576K
}
Event: 2822.059 GC heap before
{Heap before GC invocations=262 (full 4):
 PSYoungGen      total 49664K, used 46009K [0x00000000f5580000, 0x00000000f9300000, 0x0000000100000000)
  eden space 37888K, 100% used [0x00000000f5580000,0x00000000f7a80000,0x00000000f7a80000)
  from space 11776K, 68% used [0x00000000f7a80000,0x00000000f826e4c0,0x00000000f8600000)
  to   space 12288K, 0% used [0x00000000f8700000,0x00000000f8700000,0x00000000f9300000)
 ParOldGen       total 133632K, used 66764K [0x00000000e0000000, 0x00000000e8280000, 0x00000000f5580000)
  object space 133632K, 49% used [0x00000000e0000000,0x00000000e4133058,0x00000000e8280000)
 Metaspace       used 97457K, capacity 105372K, committed 105816K, reserved 1140736K
  class space    used 11580K, capacity 14127K, committed 14208K, reserved 1048576K
Event: 2822.066 GC heap after
Heap after GC invocations=262 (full 4):
 PSYoungGen      total 50688K, used 8039K [0x00000000f5580000, 0x00000000f9300000, 0x0000000100000000)
  eden space 38400K, 0% used [0x00000000f5580000,0x00000000f5580000,0x00000000f7b00000)
  from space 12288K, 65% used [0x00000000f8700000,0x00000000f8ed9f10,0x00000000f9300000)
  to   space 12288K, 0% used [0x00000000f7b00000,0x00000000f7b00000,0x00000000f8700000)
 ParOldGen       total 133632K, used 66892K [0x00000000e0000000, 0x00000000e8280000, 0x00000000f5580000)
  object space 133632K, 50% used [0x00000000e0000000,0x00000000e4153058,0x00000000e8280000)
 Metaspace       used 97457K, capacity 105372K, committed 105816K, reserved 1140736K
  class space    used 11580K, capacity 14127K, committed 14208K, reserved 1048576K
}
Event: 2837.311 GC heap before
{Heap before GC invocations=263 (full 4):
 PSYoungGen      total 50688K, used 46439K [0x00000000f5580000, 0x00000000f9300000, 0x0000000100000000)
  eden space 38400K, 100% used [0x00000000f5580000,0x00000000f7b00000,0x00000000f7b00000)
  from space 12288K, 65% used [0x00000000f8700000,0x00000000f8ed9f10,0x00000000f9300000)
  to   space 12288K, 0% used [0x00000000f7b00000,0x00000000f7b00000,0x00000000f8700000)
 ParOldGen       total 133632K, used 66892K [0x00000000e0000000, 0x00000000e8280000, 0x00000000f5580000)
  object space 133632K, 50% used [0x00000000e0000000,0x00000000e4153058,0x00000000e8280000)
 Metaspace       used 97543K, capacity 105396K, committed 105816K, reserved 1140736K
  class space    used 11583K, capacity 14131K, committed 14208K, reserved 1048576K
Event: 2837.318 GC heap after
Heap after GC invocations=263 (full 4):
 PSYoungGen      total 50688K, used 8567K [0x00000000f5580000, 0x00000000f9480000, 0x0000000100000000)
  eden space 38400K, 0% used [0x00000000f5580000,0x00000000f5580000,0x00000000f7b00000)
  from space 12288K, 69% used [0x00000000f7b00000,0x00000000f835df20,0x00000000f8700000)
  to   space 12800K, 0% used [0x00000000f8800000,0x00000000f8800000,0x00000000f9480000)
 ParOldGen       total 133632K, used 66932K [0x00000000e0000000, 0x00000000e8280000, 0x00000000f5580000)
  object space 133632K, 50% used [0x00000000e0000000,0x00000000e415d058,0x00000000e8280000)
 Metaspace       used 97543K, capacity 105396K, committed 105816K, reserved 1140736K
  class space    used 11583K, capacity 14131K, committed 14208K, reserved 1048576K
}
Event: 2922.600 GC heap before
{Heap before GC invocations=264 (full 4):
 PSYoungGen      total 50688K, used 46967K [0x00000000f5580000, 0x00000000f9480000, 0x0000000100000000)
  eden space 38400K, 100% used [0x00000000f5580000,0x00000000f7b00000,0x00000000f7b00000)
  from space 12288K, 69% used [0x00000000f7b00000,0x00000000f835df20,0x00000000f8700000)
  to   space 12800K, 0% used [0x00000000f8800000,0x00000000f8800000,0x00000000f9480000)
 ParOldGen       total 133632K, used 66932K [0x00000000e0000000, 0x00000000e8280000, 0x00000000f5580000)
  object space 133632K, 50% used [0x00000000e0000000,0x00000000e415d058,0x00000000e8280000)
 Metaspace       used 97725K, capacity 105542K, committed 105816K, reserved 1140736K
  class space    used 11595K, capacity 14134K, committed 14208K, reserved 1048576K
Event: 2922.606 GC heap after
Heap after GC invocations=264 (full 4):
 PSYoungGen      total 51712K, used 7823K [0x00000000f5580000, 0x00000000f9480000, 0x0000000100000000)
  eden space 38912K, 0% used [0x00000000f5580000,0x00000000f5580000,0x00000000f7b80000)
  from space 12800K, 61% used [0x00000000f8800000,0x00000000f8fa3d10,0x00000000f9480000)
  to   space 12800K, 0% used [0x00000000f7b80000,0x00000000f7b80000,0x00000000f8800000)
 ParOldGen       total 133632K, used 67070K [0x00000000e0000000, 0x00000000e8280000, 0x00000000f5580000)
  object space 133632K, 50% used [0x00000000e0000000,0x00000000e417f998,0x00000000e8280000)
 Metaspace       used 97725K, capacity 105542K, committed 105816K, reserved 1140736K
  class space    used 11595K, capacity 14134K, committed 14208K, reserved 1048576K
}
Event: 2923.056 GC heap before
{Heap before GC invocations=265 (full 4):
 PSYoungGen      total 51712K, used 46735K [0x00000000f5580000, 0x00000000f9480000, 0x0000000100000000)
  eden space 38912K, 100% used [0x00000000f5580000,0x00000000f7b80000,0x00000000f7b80000)
  from space 12800K, 61% used [0x00000000f8800000,0x00000000f8fa3d10,0x00000000f9480000)
  to   space 12800K, 0% used [0x00000000f7b80000,0x00000000f7b80000,0x00000000f8800000)
 ParOldGen       total 133632K, used 67070K [0x00000000e0000000, 0x00000000e8280000, 0x00000000f5580000)
  object space 133632K, 50% used [0x00000000e0000000,0x00000000e417f998,0x00000000e8280000)
 Metaspace       used 97797K, capacity 105624K, committed 105816K, reserved 1140736K
  class space    used 11598K, capacity 14137K, committed 14208K, reserved 1048576K
Event: 2923.063 GC heap after
Heap after GC invocations=265 (full 4):
 PSYoungGen      total 51712K, used 4934K [0x00000000f5580000, 0x00000000f9480000, 0x0000000100000000)
  eden space 38912K, 0% used [0x00000000f5580000,0x00000000f5580000,0x00000000f7b80000)
  from space 12800K, 38% used [0x00000000f7b80000,0x00000000f8051b48,0x00000000f8800000)
  to   space 12288K, 0% used [0x00000000f8880000,0x00000000f8880000,0x00000000f9480000)
 ParOldGen       total 133632K, used 67185K [0x00000000e0000000, 0x00000000e8280000, 0x00000000f5580000)
  object space 133632K, 50% used [0x00000000e0000000,0x00000000e419c780,0x00000000e8280000)
 Metaspace       used 97797K, capacity 105624K, committed 105816K, reserved 1140736K
  class space    used 11598K, capacity 14137K, committed 14208K, reserved 1048576K
}

Deoptimization events (10 events):
Event: 2926.074 Thread 0x000000001a01c000 Uncommon trap: reason=bimorphic action=maybe_recompile pc=0x00000000056f6bcc method=org.eclipse.core.internal.dtree.AbstractDataTreeNode.assembleWith([Lorg/eclipse/core/internal/dtree/AbstractDataTreeNode;[Lorg/eclipse/core/internal/dtree/AbstractDataTreeNî|’õ%Ü¦@
Event: 2926.074 Thread 0x000000001a01c000 Uncommon trap: reason=bimorphic action=maybe_recompile pc=0x00000000056f6bcc method=org.eclipse.core.internal.dtree.AbstractDataTreeNode.assembleWith([Lorg/eclipse/core/internal/dtree/AbstractDataTreeNode;[Lorg/eclipse/core/internal/dtree/AbstractDataTreeNx¼ØAÞÜ¦@
Event: 2926.434 Thread 0x000000001cedf000 Uncommon trap: reason=unstable_if action=reinterpret pc=0x00000000040c7c7c method=org.eclipse.core.internal.jobs.JobManager.nextJob()Lorg/eclipse/core/runtime/jobs/Job; @ 80
Event: 2926.434 Thread 0x000000001cedf000 Uncommon trap: reason=unstable_if action=reinterpret pc=0x0000000005ef7d14 method=org.eclipse.core.internal.jobs.WorkerPool.startJob(Lorg/eclipse/core/internal/jobs/Worker;)Lorg/eclipse/core/internal/jobs/InternalJob; @ 177
Event: 2926.434 Thread 0x0000000019a89800 Uncommon trap: reason=unstable_if action=reinterpret pc=0x00000000040c7c7c method=org.eclipse.core.internal.jobs.JobManager.nextJob()Lorg/eclipse/core/runtime/jobs/Job; @ 80
Event: 2926.434 Thread 0x000000001cedd800 Uncommon trap: reason=unstable_if action=reinterpret pc=0x0000000005ef7d14 method=org.eclipse.core.internal.jobs.WorkerPool.startJob(Lorg/eclipse/core/internal/jobs/Worker;)Lorg/eclipse/core/internal/jobs/InternalJob; @ 177
Event: 2926.434 Thread 0x000000001fc96800 Uncommon trap: reason=unstable_if action=reinterpret pc=0x0000000005ef7d14 method=org.eclipse.core.internal.jobs.WorkerPool.startJob(Lorg/eclipse/core/internal/jobs/Worker;)Lorg/eclipse/core/internal/jobs/InternalJob; @ 177
Event: 2926.434 Thread 0x000000001cedf800 Uncommon trap: reason=unstable_if action=reinterpret pc=0x0000000005ef7d14 method=org.eclipse.core.internal.jobs.WorkerPool.startJob(Lorg/eclipse/core/internal/jobs/Worker;)Lorg/eclipse/core/internal/jobs/InternalJob; @ 177
Event: 2926.434 Thread 0x0000000019a86800 Uncommon trap: reason=unstable_if action=reinterpret pc=0x0000000005ef7d14 method=org.eclipse.core.internal.jobs.WorkerPool.startJob(Lorg/eclipse/core/internal/jobs/Worker;)Lorg/eclipse/core/internal/jobs/InternalJob; @ 177
Event: 2926.449 Thread 0x000000001a01c000 Uncommon trap: reason=unstable_if action=reinterpret pc=0x000000000306d950 method=sun.reflect.UnsafeStaticObjectFieldAccessorImpl.set(Ljava/lang/Object;Ljava/lang/Object;)V @ 13

Internal exceptions (10 events):
Event: 2924.537 Thread 0x0000000016f73000 Exception <a 'java/lang/InterruptedException'> (0x00000000f6282950) thrown at [C:\re\workspace\8-2-build-windows-amd64-cygwin\jdk8u66\5298\hotspot\src\share\vm\runtime\objectMonitor.cpp, line 1683]
Event: 2925.624 Thread 0x000000001703f000 Implicit null exception at 0x0000000002e076a4 to 0x0000000002e0806d
Event: 2926.103 Thread 0x0000000019a7c800 Exception <a 'java/lang/InterruptedException'> (0x00000000f5d43878) thrown at [C:\re\workspace\8-2-build-windows-amd64-cygwin\jdk8u66\5298\hotspot\src\share\vm\runtime\objectMonitor.cpp, line 1683]
Event: 2926.434 Thread 0x000000001a01c000 Exception <a 'java/io/IOException'> (0x00000000f63ea2a0) thrown at [C:\re\workspace\8-2-build-windows-amd64-cygwin\jdk8u66\5298\hotspot\src\share\vm\prims\jni.cpp, line 709]
Event: 2926.434 Thread 0x000000001a01c000 Exception <a 'java/io/IOException'> (0x00000000f63ea530) thrown at [C:\re\workspace\8-2-build-windows-amd64-cygwin\jdk8u66\5298\hotspot\src\share\vm\prims\jni.cpp, line 709]
Event: 2926.434 Thread 0x000000001a01c000 Exception <a 'java/io/IOException'> (0x00000000f63ea790) thrown at [C:\re\workspace\8-2-build-windows-amd64-cygwin\jdk8u66\5298\hotspot\src\share\vm\prims\jni.cpp, line 709]
Event: 2926.449 Thread 0x000000001a01c000 Implicit null exception at 0x000000000306d557 to 0x000000000306d93d
Event: 2926.449 Thread 0x0000000017ae9000 Exception <a 'java/lang/InterruptedException'> (0x00000000f63c08f0) thrown at [C:\re\workspace\8-2-build-windows-amd64-cygwin\jdk8u66\5298\hotspot\src\share\vm\runtime\objectMonitor.cpp, line 1683]
Event: 2926.453 Thread 0x0000000019a7d800 Exception <a 'java/lang/InterruptedException'> (0x00000000f58a88f0) thrown at [C:\re\workspace\8-2-build-windows-amd64-cygwin\jdk8u66\5298\hotspot\src\share\vm\runtime\objectMonitor.cpp, line 1683]
Event: 2926.453 Thread 0x0000000017aec000 Exception <a 'java/lang/InterruptedException'> (0x00000000f65994a8) thrown at [C:\re\workspace\8-2-build-windows-amd64-cygwin\jdk8u66\5298\hotspot\src\share\vm\runtime\objectMonitor.cpp, line 1683]

Events (10 events):
Event: 2926.453 Executing VM operation: RevokeBias
Event: 2926.453 Executing VM operation: RevokeBias done
Event: 2926.454 Thread 0x000000001a01c000 Thread exited: 0x000000001a01c000
Event: 2926.454 loading class java/util/IdentityHashMap$KeyIterator
Event: 2926.455 loading class java/util/IdentityHashMap$IdentityHashMapIterator
Event: 2926.455 loading class java/util/IdentityHashMap$IdentityHashMapIterator done
Event: 2926.455 loading class java/util/IdentityHashMap$KeyIterator done
Event: 2926.455 Thread 0x000000001a01c000 Thread added: 0x000000001a01c000
Event: 2926.455 Thread 0x000000001a01c000 Thread exited: 0x000000001a01c000
Event: 2926.455 Executing VM operation: Exit


Dynamic libraries:
0x0000000000400000 - 0x000000000044f000 	C:\Xilinx\SDK\2016.2\eclipse\win64.o\eclipse.exe
0x0000000076eb0000 - 0x000000007705a000 	C:\Windows\SYSTEM32\ntdll.dll
0x0000000076d90000 - 0x0000000076eaf000 	C:\Windows\system32\kernel32.dll
0x000007fefcc10000 - 0x000007fefcc7a000 	C:\Windows\system32\KERNELBASE.dll
0x0000000076c90000 - 0x0000000076d8a000 	C:\Windows\system32\USER32.dll
0x000007fefe470000 - 0x000007fefe4d7000 	C:\Windows\system32\GDI32.dll
0x000007fefcfb0000 - 0x000007fefcfbe000 	C:\Windows\system32\LPK.dll
0x000007fefd3b0000 - 0x000007fefd47a000 	C:\Windows\system32\USP10.dll
0x000007fefe880000 - 0x000007fefe91f000 	C:\Windows\system32\msvcrt.dll
0x000007fefb500000 - 0x000007fefb6f4000 	C:\Windows\WinSxS\amd64_microsoft.windows.common-controls_6595b64144ccf1df_6.0.7601.18837_none_fa3b1e3d17594757\COMCTL32.dll
0x000007fefcfd0000 - 0x000007fefd041000 	C:\Windows\system32\SHLWAPI.dll
0x000007fefee20000 - 0x000007fefee4e000 	C:\Windows\system32\IMM32.DLL
0x000007fefe4e0000 - 0x000007fefe5e9000 	C:\Windows\system32\MSCTF.dll
0x0000000072000000 - 0x0000000072012000 	C:\Xilinx\SDK\2016.2\eclipse\win64.o\plugins\org.eclipse.equinox.launcher.win32.win32.x86_64_1.1.300.v20150602-1417\eclipse_1611.dll
0x000007fefd480000 - 0x000007fefd55b000 	C:\Windows\system32\ADVAPI32.dll
0x000007fefeb30000 - 0x000007fefeb4f000 	C:\Windows\SYSTEM32\sechost.dll
0x000007fefd280000 - 0x000007fefd3ad000 	C:\Windows\system32\RPCRT4.dll
0x000007fefbc80000 - 0x000007fefbc8c000 	C:\Windows\system32\VERSION.dll
0x000007fefb4a0000 - 0x000007fefb4f6000 	C:\Windows\system32\UxTheme.dll
0x000000006f780000 - 0x0000000070009000 	C:\Xilinx\SDK\2016.2\tps\win64\jre\bin\server\jvm.dll
0x000007fef8b00000 - 0x000007fef8b09000 	C:\Windows\system32\WSOCK32.dll
0x000007fefd230000 - 0x000007fefd27d000 	C:\Windows\system32\WS2_32.dll
0x000007fefcfc0000 - 0x000007fefcfc8000 	C:\Windows\system32\NSI.dll
0x000007fefa510000 - 0x000007fefa54b000 	C:\Windows\system32\WINMM.dll
0x0000000077070000 - 0x0000000077077000 	C:\Windows\system32\PSAPI.DLL
0x0000000073080000 - 0x0000000073152000 	C:\Windows\system32\MSVCR100.dll
0x00000000741b0000 - 0x00000000741bf000 	C:\Xilinx\SDK\2016.2\tps\win64\jre\bin\verify.dll
0x0000000074180000 - 0x00000000741a9000 	C:\Xilinx\SDK\2016.2\tps\win64\jre\bin\java.dll
0x0000000074160000 - 0x0000000074176000 	C:\Xilinx\SDK\2016.2\tps\win64\jre\bin\zip.dll
0x000007fefd6e0000 - 0x000007fefe469000 	C:\Windows\system32\SHELL32.dll
0x000007fefe920000 - 0x000007fefeb23000 	C:\Windows\system32\ole32.dll
0x000007fefcbf0000 - 0x000007fefcbff000 	C:\Windows\system32\profapi.dll
0x000007fefc3f0000 - 0x000007fefc408000 	C:\Windows\system32\CRYPTSP.dll
0x000007fefc0f0000 - 0x000007fefc137000 	C:\Windows\system32\rsaenh.dll
0x000007fefcf20000 - 0x000007fefcf3e000 	C:\Windows\system32\USERENV.dll
0x000007fefca50000 - 0x000007fefca5f000 	C:\Windows\system32\CRYPTBASE.dll
0x0000000074140000 - 0x000000007415a000 	C:\Xilinx\SDK\2016.2\tps\win64\jre\bin\net.dll
0x000007fefc390000 - 0x000007fefc3e5000 	C:\Windows\system32\mswsock.dll
0x000007fefc380000 - 0x000007fefc387000 	C:\Windows\System32\wship6.dll
0x000007fef92f0000 - 0x000007fef9317000 	C:\Windows\system32\IPHLPAPI.DLL
0x000007fef92d0000 - 0x000007fef92db000 	C:\Windows\system32\WINNSI.DLL
0x000007fef9100000 - 0x000007fef9111000 	C:\Windows\system32\dhcpcsvc6.DLL
0x000007fef90e0000 - 0x000007fef90f8000 	C:\Windows\system32\dhcpcsvc.DLL
0x0000000074120000 - 0x0000000074131000 	C:\Xilinx\SDK\2016.2\tps\win64\jre\bin\nio.dll
0x000007fefa190000 - 0x000007fefa1a5000 	C:\Windows\system32\NLAapi.dll
0x000007fef8a20000 - 0x000007fef8a35000 	C:\Windows\system32\napinsp.dll
0x000007fef8d90000 - 0x000007fef8da9000 	C:\Windows\system32\pnrpnsp.dll
0x000007fefc210000 - 0x000007fefc26b000 	C:\Windows\system32\DNSAPI.dll
0x000007fef8d80000 - 0x000007fef8d8b000 	C:\Windows\System32\winrnr.dll
0x000007fefbd50000 - 0x000007fefbd57000 	C:\Windows\System32\wshtcpip.dll
0x000007fef8d50000 - 0x000007fef8d58000 	C:\Windows\system32\rasadhlp.dll
0x000007fef9190000 - 0x000007fef91e3000 	C:\Windows\System32\fwpuclnt.dll
0x0000000002670000 - 0x0000000002718000 	C:\Users\dezfoul2\.Xilinx\SDK\2016.2\org.eclipse.osgi\312\0\.cp\swt-win32-4527.dll
0x000007fefd560000 - 0x000007fefd638000 	C:\Windows\system32\OLEAUT32.dll
0x000007fefd640000 - 0x000007fefd6d7000 	C:\Windows\system32\comdlg32.dll
0x000007fef65f0000 - 0x000007fef6661000 	C:\Windows\system32\WINSPOOL.DRV
0x000007fefeef0000 - 0x000007feff1b5000 	C:\Windows\system32\WININET.dll
0x000007fefcd60000 - 0x000007fefcd64000 	C:\Windows\system32\api-ms-win-downlevel-user32-l1-1-0.dll
0x000007fefcc80000 - 0x000007fefcc84000 	C:\Windows\system32\api-ms-win-downlevel-shlwapi-l1-1-0.dll
0x000007fefcfa0000 - 0x000007fefcfa4000 	C:\Windows\system32\api-ms-win-downlevel-version-l1-1-0.dll
0x000007fefcf90000 - 0x000007fefcf93000 	C:\Windows\system32\api-ms-win-downlevel-normaliz-l1-1-0.dll
0x0000000077080000 - 0x0000000077083000 	C:\Windows\system32\normaliz.DLL
0x000007fefeb50000 - 0x000007fefee19000 	C:\Windows\system32\iertutil.dll
0x000007fefcd50000 - 0x000007fefcd55000 	C:\Windows\system32\api-ms-win-downlevel-advapi32-l1-1-0.dll
0x000007fefcdb0000 - 0x000007fefcf1d000 	C:\Windows\system32\CRYPT32.dll
0x000007fefcc00000 - 0x000007fefcc0f000 	C:\Windows\system32\MSASN1.dll
0x000007fefaf70000 - 0x000007fefb09c000 	C:\Windows\system32\propsys.dll
0x000007fefee50000 - 0x000007fefeee9000 	C:\Windows\system32\CLBCatQ.DLL
0x00000000003b0000 - 0x00000000003ce000 	C:\Users\dezfoul2\.Xilinx\SDK\2016.2\org.eclipse.osgi\312\0\.cp\swt-gdip-win32-4527.dll
0x000007fefb280000 - 0x000007fefb496000 	C:\Windows\WinSxS\amd64_microsoft.windows.gdiplus_6595b64144ccf1df_1.1.7601.23508_none_145555328b95eaaa\gdiplus.dll
0x000007fefada0000 - 0x000007fefaf01000 	C:\Windows\system32\WindowsCodecs.dll
0x0000000180000000 - 0x0000000180012000 	C:\Users\dezfoul2\.Xilinx\SDK\2016.2\org.eclipse.osgi\126\0\.cp\os\win32\x86_64\localfile_1_0_0.dll
0x000007fef0360000 - 0x000007fef03b4000 	C:\Windows\system32\oleacc.dll
0x000007fef9530000 - 0x000007fef9537000 	C:\Windows\system32\msimg32.dll
0x000007fefcb40000 - 0x000007fefcb54000 	C:\Windows\system32\RpcRtRemote.dll
0x000007fefc9f0000 - 0x000007fefca47000 	C:\Windows\system32\apphelp.dll
0x000007fefa030000 - 0x000007fefa041000 	C:\Users\dezfoul2\.Xilinx\SDK\2016.2\org.eclipse.osgi\129\0\.cp\jWinHttp-1.0.0.dll
0x000007fef84d0000 - 0x000007fef8541000 	C:\Windows\system32\WINHTTP.dll
0x000007fef8460000 - 0x000007fef84c4000 	C:\Windows\system32\webio.dll
0x000007fefc9c0000 - 0x000007fefc9e5000 	C:\Windows\system32\SspiCli.dll
0x000007fefbfb0000 - 0x000007fefbfba000 	C:\Windows\system32\credssp.dll
0x000007fefcf50000 - 0x000007fefcf86000 	C:\Windows\system32\CFGMGR32.dll
0x000007fefa0b0000 - 0x000007fefa0bf000 	C:\Xilinx\SDK\2016.2\lib\win64.o\librdi_repo_manager.dll
0x000007fef9c20000 - 0x000007fef9c4a000 	C:\Xilinx\SDK\2016.2\lib\win64.o\libisl_sysinfo.dll
0x000007feeb3b0000 - 0x000007feeb484000 	C:\Windows\system32\MSVCR110.dll
0x000007feeb2b0000 - 0x000007feeb357000 	C:\Windows\system32\MSVCP110.dll
0x000007feb8e30000 - 0x000007feb9870000 	C:\Xilinx\SDK\2016.2\lib\win64.o\librdi_common.dll
0x000007feb9f40000 - 0x000007feba2ae000 	C:\Xilinx\SDK\2016.2\lib\win64.o\libCOIN-all.dll
0x000007febb110000 - 0x000007febb32f000 	C:\Xilinx\SDK\2016.2\lib\win64.o\libXil_lmgr11.dll
0x000007fefac60000 - 0x000007fefac76000 	C:\Windows\system32\NETAPI32.dll
0x000007fefc020000 - 0x000007fefc02c000 	C:\Windows\system32\netutils.dll
0x000007fefc600000 - 0x000007fefc623000 	C:\Windows\system32\srvcli.dll
0x000007fefac40000 - 0x000007fefac55000 	C:\Windows\system32\wkscli.dll
0x000007fefcd70000 - 0x000007fefcdab000 	C:\Windows\system32\WINTRUST.dll
0x000007fefa020000 - 0x000007fefa030000 	C:\Xilinx\SDK\2016.2\lib\win64.o\libboost_date_time.dll
0x000007fef99b0000 - 0x000007fef99d4000 	C:\Xilinx\SDK\2016.2\lib\win64.o\libboost_filesystem.dll
0x000007fefa060000 - 0x000007fefa069000 	C:\Xilinx\SDK\2016.2\lib\win64.o\libboost_system.dll
0x000007fef9930000 - 0x000007fef99a7000 	C:\Xilinx\SDK\2016.2\lib\win64.o\libboost_program_options.dll
0x000007fef01a0000 - 0x000007fef02a6000 	C:\Xilinx\SDK\2016.2\lib\win64.o\libboost_regex.dll
0x000007fef9fb0000 - 0x000007fef9fc3000 	C:\Xilinx\SDK\2016.2\lib\win64.o\libboost_signals.dll
0x000007fef9910000 - 0x000007fef992d000 	C:\Xilinx\SDK\2016.2\lib\win64.o\libboost_thread.dll
0x000007fefa010000 - 0x000007fefa01b000 	C:\Xilinx\SDK\2016.2\lib\win64.o\libboost_chrono.dll
0x000007fef9c10000 - 0x000007fef9c1b000 	C:\Xilinx\SDK\2016.2\lib\win64.o\libboost_xilinx.dll
0x000007fef9890000 - 0x000007fef9910000 	C:\Xilinx\SDK\2016.2\lib\win64.o\libhdlpsolve.dll
0x000007fef7890000 - 0x000007fef792a000 	C:\Xilinx\SDK\2016.2\lib\win64.o\libhdxml.dll
0x000007feb9ad0000 - 0x000007feb9f35e00 	C:\Xilinx\SDK\2016.2\lib\win64.o\libisl_iostreams.dll
0x000007fef9870000 - 0x000007fef9886000 	C:\Xilinx\SDK\2016.2\lib\win64.o\libboost_iostreams.dll
0x000007fef2fd0000 - 0x000007fef2ff3000 	C:\Xilinx\SDK\2016.2\lib\win64.o\librdizlib.dll
0x000007fef32e0000 - 0x000007fef3303000 	C:\Xilinx\SDK\2016.2\lib\win64.o\libisl_iosutils.dll
0x000007fef9850000 - 0x000007fef9865000 	C:\Xilinx\SDK\2016.2\lib\win64.o\pthreadVC2.dll
0x000007fef2f70000 - 0x000007fef2fc4000 	C:\Xilinx\SDK\2016.2\lib\win64.o\librdi_commonxillic.dll
0x000007feed130000 - 0x000007feed260000 	C:\Xilinx\SDK\2016.2\lib\win64.o\librdi_curl.dll
0x000007fef2f50000 - 0x000007fef2f68000 	C:\Xilinx\SDK\2016.2\lib\win64.o\librdiconfig.dll
0x00000000713f0000 - 0x0000000071517000 	C:\Xilinx\SDK\2016.2\lib\win64.o\tcl85t.dll
0x0000000025a00000 - 0x0000000025c63000 	C:\Xilinx\SDK\2016.2\lib\win64.o\xerces-c_3_1.dll
0x000007fefe670000 - 0x000007fefe7f6000 	C:\Windows\system32\urlmon.dll
0x000007fefcf40000 - 0x000007fefcf44000 	C:\Windows\system32\api-ms-win-downlevel-ole32-l1-1-0.dll
0x000007fedfef0000 - 0x000007fedff13000 	C:\Windows\system32\VCOMP110.DLL
0x000007feea850000 - 0x000007feeaa42000 	C:\Xilinx\SDK\2016.2\lib\win64.o\librdi_hsm.dll
0x000007fef2170000 - 0x000007fef21b3000 	C:\Xilinx\SDK\2016.2\lib\win64.o\librdi_hdf.dll
0x000007feb8ba0000 - 0x000007feb8e21000 	C:\Xilinx\SDK\2016.2\lib\win64.o\librdi_ippcw.dll
0x000007fef2f30000 - 0x000007fef2f46000 	C:\Xilinx\SDK\2016.2\eclipse\win64.o\plugins\org.eclipse.cdt.core.win32.x86_64_5.4.0.201509131935\os\win32\x86_64\spawner.dll
0x000007fef8a40000 - 0x000007fef8a4a000 	C:\Xilinx\SDK\2016.2\lib\win64.o\librdi_jtag_settings.dll
0x000007fef2100000 - 0x000007fef2129000 	C:\Xilinx\SDK\2016.2\lib\win64.o\librdi_debug_dialog.dll
0x000007fef9520000 - 0x000007fef9528000 	C:\Xilinx\SDK\2016.2\lib\win64.o\librdi_target_manager.dll
0x0000000071080000 - 0x00000000710a6000 	C:\Xilinx\SDK\2016.2\eclipse\win64.o\plugins\gnu.io.rxtx.win32.x86_64_2.1.7.3_v20071015\os\win32\x86_64\rxtxSerial.dll
0x0000000071100000 - 0x0000000071125000 	C:\Users\dezfoul2\.jssc\windows\jSSC-2.8_x86_64.dll
0x000007feae520000 - 0x000007feaed30000 	C:\Xilinx\SDK\2016.2\lib\win64.o\libXil_lmgr11FNP.dll

VM Arguments:
jvm_args: -Dcom.xilinx.sdk.args.hwspec=W:/ece532/integration_Copy/hdmi.sdk/hdmi_wrapper.hdf -Xms64m -Xmx512m & 
java_command: <unknown>
java_class_path (initial): C:\Xilinx\SDK\2016.2\eclipse\win64.o\\plugins/org.eclipse.equinox.launcher_1.3.100.v20150511-1540.jar
Launcher Type: generic

Environment Variables:
PATH=C:/Xilinx/SDK/2016.2/tps/win64/jre/bin/server;C:/Xilinx/SDK/2016.2/tps/win64/jre/bin;C:/Xilinx/SDK/2016.2/tps/win64/jre/lib/amd64;C:\Xilinx\SDK\2016.2\gnuwin\bin;C:\Xilinx\SDK\2016.2\gnu\microblaze\nt\bin;C:\Xilinx\SDK\2016.2\gnu\microblaze\linux_toolchain\nt64_le\bin;C:\Xilinx\SDK\2016.2\gnu\microblaze\linux_toolchain\nt64_be\bin;C:\Xilinx\SDK\2016.2\gnu\arm\nt\bin;C:\Xilinx\SDK\2016.2\gnu\aarch64\nt\aarch64-none\bin;C:\Xilinx\SDK\2016.2\gnu\aarch64\nt\aarch64-linux\bin;C:\Xilinx\SDK\2016.2\gnu\armr5\nt\gcc-arm-none-eabi\bin;C:\Xilinx\SDK\2016.2\gnu\aarch32\nt\gcc-arm-none-eabi\bin;C:\Xilinx\SDK\2016.2\gnu\aarch32\nt\gcc-arm-linux-gnueabi\bin;C:\Xilinx\SDK\2016.2\tps\win64\cmake-3.3.2\bin;;C:\Xilinx\SDK\2016.2\bin;C:\Xilinx\SDK\2016.2\lib\win64.o;C:\Xilinx\SDK\2016.2\tps\win64\jre\bin\server;C:\Xilinx\SDK\2016.2\tps\win64\jre\bin;C:\Xilinx\Vivado\2016.2\ids_lite\ISE\bin\nt64;C:\Xilinx\Vivado\2016.2\ids_lite\ISE\lib\nt64;C:\Xilinx\Vivado\2016.2\bin;C:\Xilinx\Vivado\2016.2\lib\win64.o;C:\Xilinx\Vivado\2016.2\tps\win64\jre\bin\server;C:\Xilinx\Vivado\2016.2\tps\win64\jre\bin;C:\Xilinx\Vivado_HLS\2016.2\bin;C:\Users\dezfoul2\bin;W:\Git\Git\mingw64\bin;W:\Git\Git\usr\local\bin;W:\Git\Git\usr\bin;C:\Windows\system32;C:\Windows;C:\Windows\System32\Wbem;C:\Windows\System32\WindowsPowerShell\v1.0;C:\Program Files (x86)\Java\jre6\bin;C:\Program Files (x86)\eclipse;C:\altera\16.0\quartus\bin64;C:\altera\16.0\quartus\bin64\jre64\bin;W:\Git\Git\usr\bin\vendor_perl;W:\Git\Git\usr\bin\core_perl;w:\ece532\integration_Copy;
USERNAME=dezfoul2
SHELL=W:\Git\Git\usr\bin\bash.exe
DISPLAY=needs-to-be-defined
OS=Windows_NT
PROCESSOR_IDENTIFIER=Intel64 Family 6 Model 60 Stepping 3, GenuineIntel



---------------  S Y S T E M  ---------------

OS: Windows 7 , 64 bit Build 7601 (6.1.7601.23418)

CPU:total 8 (4 cores per cpu, 2 threads per core) family 6 model 60 stepping 3, cmov, cx8, fxsr, mmx, sse, sse2, sse3, ssse3, sse4.1, sse4.2, popcnt, avx, avx2, aes, clmul, erms, lzcnt, ht, tsc, tscinvbit, bmi1, bmi2

Memory: 4k page, physical 16683160k(10031036k free), swap 33364460k(26417156k free)

vm_info: Java HotSpot(TM) 64-Bit Server VM (25.66-b18) for windows-amd64 JRE (1.8.0_66-b18), built on Nov  9 2015 10:51:13 by "java_re" with MS VC++ 10.0 (VS2010)

time: Thu Mar 16 13:42:33 2017
elapsed time: 2926 seconds (0d 0h 48m 46s)

