#
# A fatal error has been detected by the Java Runtime Environment:
#
#  EXCEPTION_UNCAUGHT_CXX_EXCEPTION (0xe06d7363) at pc=0x000007fefd0aa06d, pid=2436, tid=3704
#
# JRE version: Java(TM) SE Runtime Environment (8.0_66-b18) (build 1.8.0_66-b18)
# Java VM: Java HotSpot(TM) 64-Bit Server VM (25.66-b18 mixed mode windows-amd64 compressed oops)
# Problematic frame:
# C  [KERNELBASE.dll+0x1a06d]
#
# Failed to write core dump. Minidumps are not enabled by default on client versions of Windows
#
# If you would like to submit a bug report, please visit:
#   http://bugreport.java.com/bugreport/crash.jsp
#

---------------  T H R E A D  ---------------

Current thread (0x0000000014e92800):  VMThread [stack: 0x0000000015de0000,0x0000000015ee0000] [id=3704]

siginfo: ExceptionCode=0xe06d7363, ExceptionInformation=0x0000000019930520 0x0000000015edf4c8 0x000007feeb9f2cb8 0x000007feeb940000 

Registers:
RAX=0x0000000066e4c2b5, RBX=0x000007feeb9f2cb8, RCX=0x0000000015eded10, RDX=0x00000000000000d0
RSP=0x0000000015edf320, RBP=0x0000000015edf450, RSI=0x00000000ffffffff, RDI=0x0000000017598bf0
R8 =0x0000000000000000, R9 =0x0000000000000000, R10=0x000007feeb940000, R11=0x0000000015edf360
R12=0x0000000000000001, R13=0x0000000000000008, R14=0x0000000000000000, R15=0xffffffffffffffff
RIP=0x000007fefd0aa06d, EFLAGS=0x0000000000000202

Top of Stack: (sp=0x0000000015edf320)
0x0000000015edf320:   000007feeb9f2cb8 00000000ffffffff
0x0000000015edf330:   0000000017598bf0 0000000000296c50
0x0000000015edf340:   00000001e06d7363 0000000000000000
0x0000000015edf350:   000007fefd0aa06d 000007fe00000004
0x0000000015edf360:   0000000019930520 0000000015edf4c8
0x0000000015edf370:   000007feeb9f2cb8 000007feeb940000
0x0000000015edf380:   0000000000000000 0000000015edf408
0x0000000015edf390:   0000000000000028 0000000017598be0
0x0000000015edf3a0:   000000001754ec60 0000000000000000
0x0000000015edf3b0:   000007fffffa6000 000000007704f2d3
0x0000000015edf3c0:   0000000000000000 0000000000000008
0x0000000015edf3d0:   0000000000000001 0000000017598bf0
0x0000000015edf3e0:   00000000ffffffff 000007feeb99e92c
0x0000000015edf3f0:   000007feeb9f2cb8 0000000015edf460
0x0000000015edf400:   0000000000000001 000007feeb9400f8
0x0000000015edf410:   00000001e06d7363 0000000000000000 

Instructions: (pc=0x000007fefd0aa06d)
0x000007fefd0aa04d:   54 24 24 48 89 4c 24 28 4d 85 c9 0f 85 6a 03 00
0x000007fefd0aa05d:   00 89 4c 24 38 48 8d 4c 24 20 ff 15 33 02 03 00
0x000007fefd0aa06d:   48 81 c4 c8 00 00 00 c3 90 90 90 90 90 90 90 90
0x000007fefd0aa07d:   90 90 90 48 83 ec 28 65 48 8b 04 25 30 00 00 00 


Register to memory mapping:

RAX=0x0000000066e4c2b5 is an unknown value
RBX=0x000007feeb9f2cb8 is an unknown value
RCX=0x0000000015eded10 is an unknown value
RDX=0x00000000000000d0 is an unknown value
RSP=0x0000000015edf320 is an unknown value
RBP=0x0000000015edf450 is an unknown value
RSI=0x00000000ffffffff is an unallocated location in the heap
RDI=0x0000000017598bf0 is an unknown value
R8 =0x0000000000000000 is an unknown value
R9 =0x0000000000000000 is an unknown value
R10=0x000007feeb940000 is an unknown value
R11=0x0000000015edf360 is an unknown value
R12=0x0000000000000001 is an unknown value
R13=0x0000000000000008 is an unknown value
R14=0x0000000000000000 is an unknown value
R15=0xffffffffffffffff is an unknown value


Stack: [0x0000000015de0000,0x0000000015ee0000],  sp=0x0000000015edf320,  free space=1020k
Native frames: (J=compiled Java code, j=interpreted, Vv=VM code, C=native code)
C  [KERNELBASE.dll+0x1a06d]
C  [MSVCR110.dll+0x5e92c]
C  [MSVCR110.dll+0x1315c]
C  [MSVCR110.dll+0x136a9]
C  [MSVCR110.dll+0x13e9c]
C  [MSVCR110.dll+0x239e]
C  [MSVCR110.dll+0xaf9e]
C  [MSVCP110.dll+0x397b9]
C  [librdi_common.dll+0x182316]
C  [librdi_common.dll+0x180fab]
C  [librdi_target_manager.dll+0x2400]
C  [librdi_target_manager.dll+0x2682]
C  [ntdll.dll+0x229b1]
C  [ntdll.dll+0x227c0]
C  [MSVCR100.dll+0x20ccd]
V  [jvm.dll+0x210cc5]
V  [jvm.dll+0x249897]
V  [jvm.dll+0x248b36]
V  [jvm.dll+0x248fd1]
V  [jvm.dll+0x2491ee]
V  [jvm.dll+0x29a0fa]
C  [MSVCR100.dll+0x21d9f]
C  [MSVCR100.dll+0x21e3b]
C  [kernel32.dll+0x159bd]
C  [ntdll.dll+0x2a2e1]

VM_Operation (0x000000000012f4c0): Exit, mode: safepoint, requested by thread 0x00000000022a8000


---------------  P R O C E S S  ---------------

Java Threads: ( => current thread )
  0x0000000017d92000 JavaThread "pool-2-thread-8" [_thread_blocked, id=3956, stack(0x0000000029c60000,0x0000000029d60000)]
  0x000000001dd72800 JavaThread "pool-2-thread-7" [_thread_blocked, id=2952, stack(0x00000000222c0000,0x00000000223c0000)]
  0x0000000016ce7000 JavaThread "pool-2-thread-6" [_thread_blocked, id=3128, stack(0x0000000028460000,0x0000000028560000)]
  0x0000000016ce2800 JavaThread "pool-2-thread-5" [_thread_blocked, id=3176, stack(0x0000000025ae0000,0x0000000025be0000)]
  0x0000000016ce4000 JavaThread "pool-2-thread-4" [_thread_blocked, id=4496, stack(0x0000000028560000,0x0000000028660000)]
  0x0000000016ce2000 JavaThread "pool-2-thread-3" [_thread_blocked, id=2640, stack(0x0000000028060000,0x0000000028160000)]
  0x000000001dd74000 JavaThread "pool-2-thread-2" [_thread_blocked, id=5824, stack(0x0000000028860000,0x0000000028960000)]
  0x000000001dd71800 JavaThread "pool-2-thread-1" [_thread_blocked, id=5384, stack(0x0000000028160000,0x0000000028260000)]
  0x000000001dd70000 JavaThread "Thread-42" daemon [_thread_blocked, id=6056, stack(0x0000000027f60000,0x0000000028060000)]
  0x000000001c16b000 JavaThread "TCF Channel Transmitter" daemon [_thread_blocked, id=4644, stack(0x0000000025be0000,0x0000000025ce0000)]
  0x000000001c169000 JavaThread "TCF Channel Receiver" daemon [_thread_blocked, id=4704, stack(0x0000000025010000,0x0000000025110000)]
  0x000000001c167800 JavaThread "Process monitor" daemon [_thread_in_native, id=6092, stack(0x00000000264a0000,0x00000000265a0000)]
  0x000000001c166800 JavaThread "Input Stream Monitor" daemon [_thread_blocked, id=1444, stack(0x00000000263a0000,0x00000000264a0000)]
  0x0000000017b39800 JavaThread "Output Stream Monitor" daemon [_thread_in_native, id=4588, stack(0x00000000262a0000,0x00000000263a0000)]
  0x0000000017b38800 JavaThread "Output Stream Monitor" daemon [_thread_in_native, id=4844, stack(0x00000000261a0000,0x00000000262a0000)]
  0x0000000017b31000 JavaThread "TCF Locator DNS Lookup" daemon [_thread_blocked, id=3936, stack(0x0000000022ae0000,0x0000000022be0000)]
  0x0000000017b30000 JavaThread "TCF Locator Timer" daemon [_thread_blocked, id=2508, stack(0x00000000229e0000,0x0000000022ae0000)]
  0x0000000017b2f800 JavaThread "TCF Locator Receiver" daemon [_thread_blocked, id=4432, stack(0x0000000022640000,0x0000000022740000)]
  0x0000000017b2e000 JavaThread "TCF Timer Dispatcher" daemon [_thread_blocked, id=3872, stack(0x000000001f260000,0x000000001f360000)]
  0x00000000185e0800 JavaThread "EMF Reference Cleaner" daemon [_thread_blocked, id=4448, stack(0x000000001a4b0000,0x000000001a5b0000)]
  0x0000000014f84000 JavaThread "Service Thread" daemon [_thread_blocked, id=3356, stack(0x00000000167a0000,0x00000000168a0000)]
  0x0000000014f1b000 JavaThread "C1 CompilerThread3" daemon [_thread_blocked, id=4600, stack(0x00000000166a0000,0x00000000167a0000)]
  0x0000000014ef6800 JavaThread "C2 CompilerThread2" daemon [_thread_blocked, id=4816, stack(0x00000000165a0000,0x00000000166a0000)]
  0x0000000014eef800 JavaThread "C2 CompilerThread1" daemon [_thread_blocked, id=1488, stack(0x00000000164a0000,0x00000000165a0000)]
  0x0000000014ee8000 JavaThread "C2 CompilerThread0" daemon [_thread_blocked, id=4528, stack(0x00000000163a0000,0x00000000164a0000)]
  0x0000000014ee4800 JavaThread "Attach Listener" daemon [_thread_blocked, id=5456, stack(0x00000000162a0000,0x00000000163a0000)]
  0x0000000014ee3000 JavaThread "Signal Dispatcher" daemon [_thread_blocked, id=3044, stack(0x00000000161a0000,0x00000000162a0000)]
  0x0000000013d20000 JavaThread "Finalizer" daemon [_thread_blocked, id=5204, stack(0x0000000015fe0000,0x00000000160e0000)]
  0x0000000013d19000 JavaThread "Reference Handler" daemon [_thread_blocked, id=4360, stack(0x0000000015ee0000,0x0000000015fe0000)]
  0x00000000022a8000 JavaThread "main" [_thread_blocked, id=1724, stack(0x0000000000030000,0x0000000000130000)]

Other Threads:
=>0x0000000014e92800 VMThread [stack: 0x0000000015de0000,0x0000000015ee0000] [id=3704]

VM state:at safepoint (shutting down)

VM Mutex/Monitor currently owned by a thread:  ([mutex/lock_event])
[0x000000000033e2f0] Threads_lock - owner thread: 0x0000000014e92800

Heap:
 PSYoungGen      total 122368K, used 32910K [0x00000000f5580000, 0x00000000fff00000, 0x0000000100000000)
  eden space 73728K, 43% used [0x00000000f5580000,0x00000000f7487e10,0x00000000f9d80000)
  from space 48640K, 2% used [0x00000000f9d80000,0x00000000f9e9bd60,0x00000000fcd00000)
  to   space 47104K, 0% used [0x00000000fd100000,0x00000000fd100000,0x00000000fff00000)
 ParOldGen       total 349696K, used 308223K [0x00000000e0000000, 0x00000000f5580000, 0x00000000f5580000)
  object space 349696K, 88% used [0x00000000e0000000,0x00000000f2cffc58,0x00000000f5580000)
 Metaspace       used 92656K, capacity 100066K, committed 100248K, reserved 1136640K
  class space    used 10774K, capacity 13231K, committed 13232K, reserved 1048576K

Card table byte_map: [0x0000000011870000,0x0000000011980000] byte_map_base: 0x0000000011170000

Marking Bits: (ParMarkBitMap*) 0x00000000709ea5b0
 Begin Bits: [0x0000000012230000, 0x0000000012a30000)
 End Bits:   [0x0000000012a30000, 0x0000000013230000)

Polling page: 0x0000000000320000

CodeCache: size=245760Kb used=54031Kb max_used=54174Kb free=191728Kb
 bounds [0x00000000024b0000, 0x0000000005a10000, 0x00000000114b0000]
 total_blobs=15146 nmethods=14229 adapters=823
 compilation: enabled

Compilation events (10 events):
Event: 4141.537 Thread 0x0000000014f1b000 18733       3       org.eclipse.osgi.storage.bundlefile.BundleFile::setMruIndex (6 bytes)
Event: 4141.537 Thread 0x0000000014f1b000 nmethod 18733 0x0000000003349ed0 code [0x000000000334a020, 0x000000000334a170]
Event: 4141.538 Thread 0x0000000014f1b000 18734  s!   3       org.eclipse.osgi.storage.bundlefile.ZipBundleFile::close (64 bytes)
Event: 4141.539 Thread 0x0000000014f1b000 nmethod 18734 0x00000000047b6890 code [0x00000000047b6a60, 0x00000000047b73f8]
Event: 4141.541 Thread 0x0000000014f1b000 18736       3       org.eclipse.osgi.storage.bundlefile.MRUBundleFileList::removeInternal (37 bytes)
Event: 4141.541 Thread 0x0000000014f1b000 nmethod 18736 0x0000000005984c50 code [0x0000000005984dc0, 0x0000000005985230]
Event: 4141.542 Thread 0x0000000014f1b000 18737   !   3       org.eclipse.osgi.storage.BundleInfo$Generation::close (34 bytes)
Event: 4141.542 Thread 0x0000000014f1b000 nmethod 18737 0x00000000027c5210 code [0x00000000027c5380, 0x00000000027c57a8]
Event: 4141.543 Thread 0x0000000014f1b000 18738       3       org.eclipse.osgi.container.Module::holdsTransitionEventLock (25 bytes)
Event: 4141.543 Thread 0x0000000014f1b000 nmethod 18738 0x0000000003c71110 code [0x0000000003c712a0, 0x0000000003c719c8]

GC Heap History (10 events):
Event: 4139.030 GC heap before
{Heap before GC invocations=93418 (full 1567):
 PSYoungGen      total 115200K, used 102080K [0x00000000f5580000, 0x0000000100000000, 0x0000000100000000)
  eden space 68096K, 90% used [0x00000000f5580000,0x00000000f91c0520,0x00000000f9800000)
  from space 47104K, 85% used [0x00000000fcf00000,0x00000000ff66fd48,0x00000000ffd00000)
  to   space 53248K, 0% used [0x00000000f9800000,0x00000000f9800000,0x00000000fcc00000)
 ParOldGen       total 349696K, used 266529K [0x00000000e0000000, 0x00000000f5580000, 0x00000000f5580000)
  object space 349696K, 76% used [0x00000000e0000000,0x00000000f0448560,0x00000000f5580000)
 Metaspace       used 91610K, capacity 99122K, committed 99352K, reserved 1136640K
  class space    used 10661K, capacity 13069K, committed 13104K, reserved 1048576K
Event: 4139.036 GC heap after
Heap after GC invocations=93418 (full 1567):
 PSYoungGen      total 121344K, used 96K [0x00000000f5580000, 0x0000000100000000, 0x0000000100000000)
  eden space 68096K, 0% used [0x00000000f5580000,0x00000000f5580000,0x00000000f9800000)
  from space 53248K, 0% used [0x00000000f9800000,0x00000000f9818000,0x00000000fcc00000)
  to   space 52736K, 0% used [0x00000000fcc80000,0x00000000fcc80000,0x0000000100000000)
 ParOldGen       total 349696K, used 306857K [0x00000000e0000000, 0x00000000f5580000, 0x00000000f5580000)
  object space 349696K, 87% used [0x00000000e0000000,0x00000000f2baa500,0x00000000f5580000)
 Metaspace       used 91610K, capacity 99122K, committed 99352K, reserved 1136640K
  class space    used 10661K, capacity 13069K, committed 13104K, reserved 1048576K
}
Event: 4139.048 GC heap before
{Heap before GC invocations=93419 (full 1567):
 PSYoungGen      total 121344K, used 61834K [0x00000000f5580000, 0x0000000100000000, 0x0000000100000000)
  eden space 68096K, 90% used [0x00000000f5580000,0x00000000f91ca8a0,0x00000000f9800000)
  from space 53248K, 0% used [0x00000000f9800000,0x00000000f9818000,0x00000000fcc00000)
  to   space 52736K, 0% used [0x00000000fcc80000,0x00000000fcc80000,0x0000000100000000)
 ParOldGen       total 349696K, used 306857K [0x00000000e0000000, 0x00000000f5580000, 0x00000000f5580000)
  object space 349696K, 87% used [0x00000000e0000000,0x00000000f2baa500,0x00000000f5580000)
 Metaspace       used 91610K, capacity 99122K, committed 99352K, reserved 1136640K
  class space    used 10661K, capacity 13069K, committed 13104K, reserved 1048576K
Event: 4139.053 GC heap after
Heap after GC invocations=93419 (full 1567):
 PSYoungGen      total 116736K, used 20159K [0x00000000f5580000, 0x00000000ffb80000, 0x0000000100000000)
  eden space 68608K, 0% used [0x00000000f5580000,0x00000000f5580000,0x00000000f9880000)
  from space 48128K, 41% used [0x00000000fcc80000,0x00000000fe02fdb8,0x00000000ffb80000)
  to   space 50688K, 0% used [0x00000000f9880000,0x00000000f9880000,0x00000000fca00000)
 ParOldGen       total 349696K, used 306865K [0x00000000e0000000, 0x00000000f5580000, 0x00000000f5580000)
  object space 349696K, 87% used [0x00000000e0000000,0x00000000f2bac500,0x00000000f5580000)
 Metaspace       used 91610K, capacity 99122K, committed 99352K, reserved 1136640K
  class space    used 10661K, capacity 13069K, committed 13104K, reserved 1048576K
}
Event: 4139.064 GC heap before
{Heap before GC invocations=93420 (full 1567):
 PSYoungGen      total 116736K, used 81776K [0x00000000f5580000, 0x00000000ffb80000, 0x0000000100000000)
  eden space 68608K, 89% used [0x00000000f5580000,0x00000000f91ac4f8,0x00000000f9880000)
  from space 48128K, 41% used [0x00000000fcc80000,0x00000000fe02fdb8,0x00000000ffb80000)
  to   space 50688K, 0% used [0x00000000f9880000,0x00000000f9880000,0x00000000fca00000)
 ParOldGen       total 349696K, used 306865K [0x00000000e0000000, 0x00000000f5580000, 0x00000000f5580000)
  object space 349696K, 87% used [0x00000000e0000000,0x00000000f2bac500,0x00000000f5580000)
 Metaspace       used 91610K, capacity 99122K, committed 99352K, reserved 1136640K
  class space    used 10661K, capacity 13069K, committed 13104K, reserved 1048576K
Event: 4139.067 GC heap after
Heap after GC invocations=93420 (full 1567):
 PSYoungGen      total 119296K, used 64K [0x00000000f5580000, 0x0000000100000000, 0x0000000100000000)
  eden space 68608K, 0% used [0x00000000f5580000,0x00000000f5580000,0x00000000f9880000)
  from space 50688K, 0% used [0x00000000f9880000,0x00000000f9890000,0x00000000fca00000)
  to   space 50176K, 0% used [0x00000000fcf00000,0x00000000fcf00000,0x0000000100000000)
 ParOldGen       total 349696K, used 306865K [0x00000000e0000000, 0x00000000f5580000, 0x00000000f5580000)
  object space 349696K, 87% used [0x00000000e0000000,0x00000000f2bac500,0x00000000f5580000)
 Metaspace       used 91610K, capacity 99122K, committed 99352K, reserved 1136640K
  class space    used 10661K, capacity 13069K, committed 13104K, reserved 1048576K
}
Event: 4139.084 GC heap before
{Heap before GC invocations=93421 (full 1567):
 PSYoungGen      total 119296K, used 50268K [0x00000000f5580000, 0x0000000100000000, 0x0000000100000000)
  eden space 68608K, 73% used [0x00000000f5580000,0x00000000f8687158,0x00000000f9880000)
  from space 50688K, 0% used [0x00000000f9880000,0x00000000f9890000,0x00000000fca00000)
  to   space 50176K, 0% used [0x00000000fcf00000,0x00000000fcf00000,0x0000000100000000)
 ParOldGen       total 349696K, used 306865K [0x00000000e0000000, 0x00000000f5580000, 0x00000000f5580000)
  object space 349696K, 87% used [0x00000000e0000000,0x00000000f2bac500,0x00000000f5580000)
 Metaspace       used 91610K, capacity 99122K, committed 99352K, reserved 1136640K
  class space    used 10661K, capacity 13069K, committed 13104K, reserved 1048576K
Event: 4139.087 GC heap after
Heap after GC invocations=93421 (full 1567):
 PSYoungGen      total 120320K, used 1405K [0x00000000f5580000, 0x00000000ffc80000, 0x0000000100000000)
  eden space 73728K, 0% used [0x00000000f5580000,0x00000000f5580000,0x00000000f9d80000)
  from space 46592K, 3% used [0x00000000fcf00000,0x00000000fd05f758,0x00000000ffc80000)
  to   space 48640K, 0% used [0x00000000f9d80000,0x00000000f9d80000,0x00000000fcd00000)
 ParOldGen       total 349696K, used 306873K [0x00000000e0000000, 0x00000000f5580000, 0x00000000f5580000)
  object space 349696K, 87% used [0x00000000e0000000,0x00000000f2bae500,0x00000000f5580000)
 Metaspace       used 91610K, capacity 99122K, committed 99352K, reserved 1136640K
  class space    used 10661K, capacity 13069K, committed 13104K, reserved 1048576K
}
Event: 4140.119 GC heap before
{Heap before GC invocations=93422 (full 1567):
 PSYoungGen      total 120320K, used 75133K [0x00000000f5580000, 0x00000000ffc80000, 0x0000000100000000)
  eden space 73728K, 100% used [0x00000000f5580000,0x00000000f9d80000,0x00000000f9d80000)
  from space 46592K, 3% used [0x00000000fcf00000,0x00000000fd05f758,0x00000000ffc80000)
  to   space 48640K, 0% used [0x00000000f9d80000,0x00000000f9d80000,0x00000000fcd00000)
 ParOldGen       total 349696K, used 306873K [0x00000000e0000000, 0x00000000f5580000, 0x00000000f5580000)
  object space 349696K, 87% used [0x00000000e0000000,0x00000000f2bae500,0x00000000f5580000)
 Metaspace       used 92010K, capacity 99486K, committed 99608K, reserved 1136640K
  class space    used 10705K, capacity 13103K, committed 13104K, reserved 1048576K
Event: 4140.123 GC heap after
Heap after GC invocations=93422 (full 1567):
 PSYoungGen      total 122368K, used 1135K [0x00000000f5580000, 0x00000000fff00000, 0x0000000100000000)
  eden space 73728K, 0% used [0x00000000f5580000,0x00000000f5580000,0x00000000f9d80000)
  from space 48640K, 2% used [0x00000000f9d80000,0x00000000f9e9bd60,0x00000000fcd00000)
  to   space 47104K, 0% used [0x00000000fd100000,0x00000000fd100000,0x00000000fff00000)
 ParOldGen       total 349696K, used 308223K [0x00000000e0000000, 0x00000000f5580000, 0x00000000f5580000)
  object space 349696K, 88% used [0x00000000e0000000,0x00000000f2cffc58,0x00000000f5580000)
 Metaspace       used 92010K, capacity 99486K, committed 99608K, reserved 1136640K
  class space    used 10705K, capacity 13103K, committed 13104K, reserved 1048576K
}

Deoptimization events (10 events):
Event: 4141.474 Thread 0x0000000016ce8000 Uncommon trap: reason=class_check action=maybe_recompile pc=0x00000000051a60ec method=org.eclipse.swt.widgets.Display.asyncExec(Ljava/lang/Runnable;)V @ 23
Event: 4141.474 Thread 0x0000000016ce8000 Uncommon trap: reason=class_check action=maybe_recompile pc=0x00000000051a60ec method=org.eclipse.swt.widgets.Display.asyncExec(Ljava/lang/Runnable;)V @ 23
Event: 4141.475 Thread 0x0000000017d92800 Uncommon trap: reason=unstable_if action=reinterpret pc=0x0000000004b64b44 method=org.eclipse.core.internal.jobs.JobManager.startJob(Lorg/eclipse/core/internal/jobs/Worker;)Lorg/eclipse/core/runtime/jobs/Job; @ 20
Event: 4141.481 Thread 0x0000000018abf800 Uncommon trap: reason=unstable_if action=reinterpret pc=0x000000000345b5c0 method=org.eclipse.osgi.internal.framework.BundleContextImpl.dispatchEvent(Ljava/lang/Object;Ljava/lang/Object;ILjava/lang/Object;)V @ 16
Event: 4141.497 Thread 0x0000000016ce8000 Uncommon trap: reason=bimorphic action=maybe_recompile pc=0x0000000003fdea70 method=org.eclipse.core.internal.dtree.AbstractDataTreeNode.assembleWith([Lorg/eclipse/core/internal/dtree/AbstractDataTreeNode;[Lorg/eclipse/core/internal/dtree/AbstractDataTreeN
Event: 4141.497 Thread 0x0000000016ce8000 Uncommon trap: reason=bimorphic action=maybe_recompile pc=0x0000000003fdea70 method=org.eclipse.core.internal.dtree.AbstractDataTreeNode.assembleWith([Lorg/eclipse/core/internal/dtree/AbstractDataTreeNode;[Lorg/eclipse/core/internal/dtree/AbstractDataTreeN¥Re(-°@
Event: 4141.497 Thread 0x0000000016ce8000 Uncommon trap: reason=bimorphic action=maybe_recompile pc=0x0000000003fdea70 method=org.eclipse.core.internal.dtree.AbstractDataTreeNode.assembleWith([Lorg/eclipse/core/internal/dtree/AbstractDataTreeNode;[Lorg/eclipse/core/internal/dtree/AbstractDataTreeNÞaþ(-°@
Event: 4141.497 Thread 0x0000000016ce8000 Uncommon trap: reason=bimorphic action=maybe_recompile pc=0x0000000003fdea70 method=org.eclipse.core.internal.dtree.AbstractDataTreeNode.assembleWith([Lorg/eclipse/core/internal/dtree/AbstractDataTreeNode;[Lorg/eclipse/core/internal/dtree/AbstractDataTreeN%6Ïµ…-°@
Event: 4141.522 Thread 0x0000000017d92800 Uncommon trap: reason=unstable_if action=reinterpret pc=0x0000000004b4fff8 method=org.eclipse.core.internal.jobs.JobManager.nextJob()Lorg/eclipse/core/runtime/jobs/Job; @ 80
Event: 4141.536 Thread 0x0000000016ce8000 Uncommon trap: reason=unstable_if action=reinterpret pc=0x0000000004490970 method=sun.reflect.UnsafeStaticObjectFieldAccessorImpl.set(Ljava/lang/Object;Ljava/lang/Object;)V @ 13

Internal exceptions (10 events):
Event: 4140.067 Thread 0x00000000022a8000 Implicit null exception at 0x000000000336bcb0 to 0x000000000336bd09
Event: 4140.639 Thread 0x0000000016ce8000 Implicit null exception at 0x0000000002e7c523 to 0x0000000002e7c7bd
Event: 4140.859 Thread 0x00000000022a8000 Implicit null exception at 0x0000000002acf8e9 to 0x0000000002ad2201
Event: 4140.903 Thread 0x000000001dd6d800 Exception <a 'java/lang/InterruptedException'> (0x00000000f6e0b228) thrown at [C:\re\workspace\8-2-build-windows-amd64-cygwin\jdk8u66\5298\hotspot\src\share\vm\runtime\objectMonitor.cpp, line 1683]
Event: 4140.930 Thread 0x0000000016ce8000 Implicit null exception at 0x0000000003a919bd to 0x0000000003a91c7d
Event: 4141.522 Thread 0x0000000017b2b000 Exception <a 'java/lang/InterruptedException'> (0x00000000f69bb120) thrown at [C:\re\workspace\8-2-build-windows-amd64-cygwin\jdk8u66\5298\hotspot\src\share\vm\runtime\objectMonitor.cpp, line 1683]
Event: 4141.536 Thread 0x0000000016ce8000 Implicit null exception at 0x000000000449068f to 0x000000000449095d
Event: 4141.536 Thread 0x0000000018abf800 Exception <a 'java/lang/InterruptedException'> (0x00000000f7159058) thrown at [C:\re\workspace\8-2-build-windows-amd64-cygwin\jdk8u66\5298\hotspot\src\share\vm\runtime\objectMonitor.cpp, line 1683]
Event: 4141.542 Thread 0x0000000017b2b800 Exception <a 'java/lang/InterruptedException'> (0x00000000f6fc1c98) thrown at [C:\re\workspace\8-2-build-windows-amd64-cygwin\jdk8u66\5298\hotspot\src\share\vm\runtime\objectMonitor.cpp, line 1683]
Event: 4141.542 Thread 0x0000000017864800 Exception <a 'java/lang/InterruptedException'> (0x00000000f72cda00) thrown at [C:\re\workspace\8-2-build-windows-amd64-cygwin\jdk8u66\5298\hotspot\src\share\vm\runtime\objectMonitor.cpp, line 1683]

Events (10 events):
Event: 4141.543 Thread 0x0000000014f1b000 flushing nmethod 0x0000000002acecd0
Event: 4141.543 Thread 0x0000000016ce8000 Thread exited: 0x0000000016ce8000
Event: 4141.543 loading class java/util/IdentityHashMap$KeyIterator
Event: 4141.544 loading class java/util/IdentityHashMap$IdentityHashMapIterator
Event: 4141.544 Thread 0x0000000014f1b000 flushing nmethod 0x0000000002c73690
Event: 4141.544 loading class java/util/IdentityHashMap$IdentityHashMapIterator done
Event: 4141.544 loading class java/util/IdentityHashMap$KeyIterator done
Event: 4141.544 Thread 0x0000000016ce8000 Thread added: 0x0000000016ce8000
Event: 4141.544 Thread 0x0000000016ce8000 Thread exited: 0x0000000016ce8000
Event: 4141.544 Executing VM operation: Exit


Dynamic libraries:
0x0000000000400000 - 0x000000000044f000 	C:\Xilinx\SDK\2016.2\eclipse\win64.o\eclipse.exe
0x0000000077000000 - 0x00000000771aa000 	C:\Windows\SYSTEM32\ntdll.dll
0x0000000076de0000 - 0x0000000076eff000 	C:\Windows\system32\kernel32.dll
0x000007fefd090000 - 0x000007fefd0fa000 	C:\Windows\system32\KERNELBASE.dll
0x0000000076f00000 - 0x0000000076ffa000 	C:\Windows\system32\USER32.dll
0x000007fefd870000 - 0x000007fefd8d7000 	C:\Windows\system32\GDI32.dll
0x000007fefe7a0000 - 0x000007fefe7ae000 	C:\Windows\system32\LPK.dll
0x000007fefd2b0000 - 0x000007fefd37a000 	C:\Windows\system32\USP10.dll
0x000007fefd7d0000 - 0x000007fefd86f000 	C:\Windows\system32\msvcrt.dll
0x000007fefb650000 - 0x000007fefb844000 	C:\Windows\WinSxS\amd64_microsoft.windows.common-controls_6595b64144ccf1df_6.0.7601.18837_none_fa3b1e3d17594757\COMCTL32.dll
0x000007feff290000 - 0x000007feff301000 	C:\Windows\system32\SHLWAPI.dll
0x000007fefd480000 - 0x000007fefd4ae000 	C:\Windows\system32\IMM32.DLL
0x000007fefe990000 - 0x000007fefea99000 	C:\Windows\system32\MSCTF.dll
0x0000000072000000 - 0x0000000072012000 	C:\Xilinx\SDK\2016.2\eclipse\win64.o\plugins\org.eclipse.equinox.launcher.win32.win32.x86_64_1.1.300.v20150602-1417\eclipse_1611.dll
0x000007fefef00000 - 0x000007fefefdb000 	C:\Windows\system32\ADVAPI32.dll
0x000007fefd460000 - 0x000007fefd47f000 	C:\Windows\SYSTEM32\sechost.dll
0x000007fefd120000 - 0x000007fefd24d000 	C:\Windows\system32\RPCRT4.dll
0x000007fefbdd0000 - 0x000007fefbddc000 	C:\Windows\system32\VERSION.dll
0x000007fefb5f0000 - 0x000007fefb646000 	C:\Windows\system32\UxTheme.dll
0x00000000701e0000 - 0x0000000070a69000 	C:\Xilinx\SDK\2016.2\tps\win64\jre\bin\server\jvm.dll
0x000007fef86f0000 - 0x000007fef86f9000 	C:\Windows\system32\WSOCK32.dll
0x000007fefd4b0000 - 0x000007fefd4fd000 	C:\Windows\system32\WS2_32.dll
0x000007fefe790000 - 0x000007fefe798000 	C:\Windows\system32\NSI.dll
0x000007fef9f10000 - 0x000007fef9f4b000 	C:\Windows\system32\WINMM.dll
0x00000000771d0000 - 0x00000000771d7000 	C:\Windows\system32\PSAPI.DLL
0x0000000071b50000 - 0x0000000071c22000 	C:\Windows\system32\MSVCR100.dll
0x0000000071690000 - 0x000000007169f000 	C:\Xilinx\SDK\2016.2\tps\win64\jre\bin\verify.dll
0x00000000714a0000 - 0x00000000714c9000 	C:\Xilinx\SDK\2016.2\tps\win64\jre\bin\java.dll
0x0000000071670000 - 0x0000000071686000 	C:\Xilinx\SDK\2016.2\tps\win64\jre\bin\zip.dll
0x000007fefda00000 - 0x000007fefe789000 	C:\Windows\system32\SHELL32.dll
0x000007feff080000 - 0x000007feff283000 	C:\Windows\system32\ole32.dll
0x000007fefcd40000 - 0x000007fefcd4f000 	C:\Windows\system32\profapi.dll
0x000007fefc540000 - 0x000007fefc558000 	C:\Windows\system32\CRYPTSP.dll
0x000007fefc240000 - 0x000007fefc287000 	C:\Windows\system32\rsaenh.dll
0x000007fefcfa0000 - 0x000007fefcfbe000 	C:\Windows\system32\USERENV.dll
0x000007fefcb40000 - 0x000007fefcb4f000 	C:\Windows\system32\CRYPTBASE.dll
0x0000000071480000 - 0x000000007149a000 	C:\Xilinx\SDK\2016.2\tps\win64\jre\bin\net.dll
0x000007fefc4e0000 - 0x000007fefc535000 	C:\Windows\system32\mswsock.dll
0x000007fefc4d0000 - 0x000007fefc4d7000 	C:\Windows\System32\wship6.dll
0x000007fefa450000 - 0x000007fefa477000 	C:\Windows\system32\IPHLPAPI.DLL
0x000007fefa430000 - 0x000007fefa43b000 	C:\Windows\system32\WINNSI.DLL
0x000007fefa260000 - 0x000007fefa271000 	C:\Windows\system32\dhcpcsvc6.DLL
0x000007fefa240000 - 0x000007fefa258000 	C:\Windows\system32\dhcpcsvc.DLL
0x0000000071460000 - 0x0000000071471000 	C:\Xilinx\SDK\2016.2\tps\win64\jre\bin\nio.dll
0x000007fef9960000 - 0x000007fef9975000 	C:\Windows\system32\NLAapi.dll
0x000007fef7a90000 - 0x000007fef7aa5000 	C:\Windows\system32\napinsp.dll
0x000007fef7ab0000 - 0x000007fef7ac9000 	C:\Windows\system32\pnrpnsp.dll
0x000007fefc360000 - 0x000007fefc3bb000 	C:\Windows\system32\DNSAPI.dll
0x000007fef7a80000 - 0x000007fef7a8b000 	C:\Windows\System32\winrnr.dll
0x000007fefbea0000 - 0x000007fefbea7000 	C:\Windows\System32\wshtcpip.dll
0x000007fef9dc0000 - 0x000007fef9dc8000 	C:\Windows\system32\rasadhlp.dll
0x000007fefa2f0000 - 0x000007fefa343000 	C:\Windows\System32\fwpuclnt.dll
0x000000001a7b0000 - 0x000000001a858000 	C:\Users\dezfoul2\.Xilinx\SDK\2016.2\org.eclipse.osgi\312\0\.cp\swt-win32-4527.dll
0x000007fefd380000 - 0x000007fefd458000 	C:\Windows\system32\OLEAUT32.dll
0x000007fefd8e0000 - 0x000007fefd977000 	C:\Windows\system32\comdlg32.dll
0x000007fef63e0000 - 0x000007fef6451000 	C:\Windows\system32\WINSPOOL.DRV
0x000007fefeaa0000 - 0x000007fefed65000 	C:\Windows\system32\WININET.dll
0x000007fefcf50000 - 0x000007fefcf54000 	C:\Windows\system32\api-ms-win-downlevel-user32-l1-1-0.dll
0x000007fefcf00000 - 0x000007fefcf04000 	C:\Windows\system32\api-ms-win-downlevel-shlwapi-l1-1-0.dll
0x000007fefd080000 - 0x000007fefd084000 	C:\Windows\system32\api-ms-win-downlevel-version-l1-1-0.dll
0x000007fefcfc0000 - 0x000007fefcfc3000 	C:\Windows\system32\api-ms-win-downlevel-normaliz-l1-1-0.dll
0x00000000771c0000 - 0x00000000771c3000 	C:\Windows\system32\normaliz.DLL
0x000007fefd500000 - 0x000007fefd7c9000 	C:\Windows\system32\iertutil.dll
0x000007fefcd80000 - 0x000007fefcd85000 	C:\Windows\system32\api-ms-win-downlevel-advapi32-l1-1-0.dll
0x000007fefcd90000 - 0x000007fefcefd000 	C:\Windows\system32\CRYPT32.dll
0x000007fefcd50000 - 0x000007fefcd5f000 	C:\Windows\system32\MSASN1.dll
0x000007fefb0c0000 - 0x000007fefb1ec000 	C:\Windows\system32\propsys.dll
0x000007fefefe0000 - 0x000007feff079000 	C:\Windows\system32\CLBCatQ.DLL
0x00000000003c0000 - 0x00000000003de000 	C:\Users\dezfoul2\.Xilinx\SDK\2016.2\org.eclipse.osgi\312\0\.cp\swt-gdip-win32-4527.dll
0x000007fefb3d0000 - 0x000007fefb5e6000 	C:\Windows\WinSxS\amd64_microsoft.windows.gdiplus_6595b64144ccf1df_1.1.7601.23508_none_145555328b95eaaa\gdiplus.dll
0x000007fefaef0000 - 0x000007fefb051000 	C:\Windows\system32\WindowsCodecs.dll
0x0000000180000000 - 0x0000000180012000 	C:\Users\dezfoul2\.Xilinx\SDK\2016.2\org.eclipse.osgi\126\0\.cp\os\win32\x86_64\localfile_1_0_0.dll
0x000007fef1170000 - 0x000007fef11c4000 	C:\Windows\system32\oleacc.dll
0x000007fef8b90000 - 0x000007fef8b97000 	C:\Windows\system32\msimg32.dll
0x000007fefcc90000 - 0x000007fefcca4000 	C:\Windows\system32\RpcRtRemote.dll
0x000007fefcbf0000 - 0x000007fefcc47000 	C:\Windows\system32\apphelp.dll
0x000007fef3670000 - 0x000007fef3681000 	C:\Users\dezfoul2\.Xilinx\SDK\2016.2\org.eclipse.osgi\129\0\.cp\jWinHttp-1.0.0.dll
0x000007fef9610000 - 0x000007fef9681000 	C:\Windows\system32\WINHTTP.dll
0x000007fef95a0000 - 0x000007fef9604000 	C:\Windows\system32\webio.dll
0x000007fefcb10000 - 0x000007fefcb35000 	C:\Windows\system32\SspiCli.dll
0x000007fefc100000 - 0x000007fefc10a000 	C:\Windows\system32\credssp.dll
0x000007fefcf60000 - 0x000007fefcf96000 	C:\Windows\system32\CFGMGR32.dll
0x000007fefacf0000 - 0x000007fefacff000 	C:\Xilinx\SDK\2016.2\lib\win64.o\librdi_repo_manager.dll
0x000007fef2810000 - 0x000007fef283a000 	C:\Xilinx\SDK\2016.2\lib\win64.o\libisl_sysinfo.dll
0x000007feeb940000 - 0x000007feeba14000 	C:\Windows\system32\MSVCR110.dll
0x000007feeb810000 - 0x000007feeb8b7000 	C:\Windows\system32\MSVCP110.dll
0x000007fec2030000 - 0x000007fec2a70000 	C:\Xilinx\SDK\2016.2\lib\win64.o\librdi_common.dll
0x000007fec1cc0000 - 0x000007fec202e000 	C:\Xilinx\SDK\2016.2\lib\win64.o\libCOIN-all.dll
0x000007fec1580000 - 0x000007fec179f000 	C:\Xilinx\SDK\2016.2\lib\win64.o\libXil_lmgr11.dll
0x000007fefadb0000 - 0x000007fefadc6000 	C:\Windows\system32\NETAPI32.dll
0x000007fefc170000 - 0x000007fefc17c000 	C:\Windows\system32\netutils.dll
0x000007fefc7e0000 - 0x000007fefc803000 	C:\Windows\system32\srvcli.dll
0x000007fefad90000 - 0x000007fefada5000 	C:\Windows\system32\wkscli.dll
0x000007fefcf10000 - 0x000007fefcf4b000 	C:\Windows\system32\WINTRUST.dll
0x000007fef6c20000 - 0x000007fef6c30000 	C:\Xilinx\SDK\2016.2\lib\win64.o\libboost_date_time.dll
0x000007fef2620000 - 0x000007fef2644000 	C:\Xilinx\SDK\2016.2\lib\win64.o\libboost_filesystem.dll
0x000007fef6560000 - 0x000007fef6569000 	C:\Xilinx\SDK\2016.2\lib\win64.o\libboost_system.dll
0x000007fec3bb0000 - 0x000007fec3c27000 	C:\Xilinx\SDK\2016.2\lib\win64.o\libboost_program_options.dll
0x000007fec1470000 - 0x000007fec1576000 	C:\Xilinx\SDK\2016.2\lib\win64.o\libboost_regex.dll
0x000007fef3aa0000 - 0x000007fef3ab3000 	C:\Xilinx\SDK\2016.2\lib\win64.o\libboost_signals.dll
0x000007fef3430000 - 0x000007fef344d000 	C:\Xilinx\SDK\2016.2\lib\win64.o\libboost_thread.dll
0x000007fef5620000 - 0x000007fef562b000 	C:\Xilinx\SDK\2016.2\lib\win64.o\libboost_chrono.dll
0x000007fef64f0000 - 0x000007fef64fb000 	C:\Xilinx\SDK\2016.2\lib\win64.o\libboost_xilinx.dll
0x000007fec1c40000 - 0x000007fec1cc0000 	C:\Xilinx\SDK\2016.2\lib\win64.o\libhdlpsolve.dll
0x000007fec13d0000 - 0x000007fec146a000 	C:\Xilinx\SDK\2016.2\lib\win64.o\libhdxml.dll
0x000007fec0f60000 - 0x000007fec13c5e00 	C:\Xilinx\SDK\2016.2\lib\win64.o\libisl_iostreams.dll
0x000007fef27f0000 - 0x000007fef2806000 	C:\Xilinx\SDK\2016.2\lib\win64.o\libboost_iostreams.dll
0x000007fec3b80000 - 0x000007fec3ba3000 	C:\Xilinx\SDK\2016.2\lib\win64.o\librdizlib.dll
0x000007fec1c10000 - 0x000007fec1c33000 	C:\Xilinx\SDK\2016.2\lib\win64.o\libisl_iosutils.dll
0x000007fec1b90000 - 0x000007fec1ba5000 	C:\Xilinx\SDK\2016.2\lib\win64.o\pthreadVC2.dll
0x000007fec0f00000 - 0x000007fec0f54000 	C:\Xilinx\SDK\2016.2\lib\win64.o\librdi_commonxillic.dll
0x000007fec0dd0000 - 0x000007fec0f00000 	C:\Xilinx\SDK\2016.2\lib\win64.o\librdi_curl.dll
0x000007fec0db0000 - 0x000007fec0dc8000 	C:\Xilinx\SDK\2016.2\lib\win64.o\librdiconfig.dll
0x000000006fc40000 - 0x000000006fd67000 	C:\Xilinx\SDK\2016.2\lib\win64.o\tcl85t.dll
0x0000000024ca0000 - 0x0000000024f03000 	C:\Xilinx\SDK\2016.2\lib\win64.o\xerces-c_3_1.dll
0x000007fefed70000 - 0x000007fefeef6000 	C:\Windows\system32\urlmon.dll
0x000007fefd070000 - 0x000007fefd074000 	C:\Windows\system32\api-ms-win-downlevel-ole32-l1-1-0.dll
0x000007feee230000 - 0x000007feee253000 	C:\Windows\system32\VCOMP110.DLL
0x000007fec0b20000 - 0x000007fec0d12000 	C:\Xilinx\SDK\2016.2\lib\win64.o\librdi_hsm.dll
0x000007fec0d60000 - 0x000007fec0da3000 	C:\Xilinx\SDK\2016.2\lib\win64.o\librdi_hdf.dll
0x000007fec0890000 - 0x000007fec0b11000 	C:\Xilinx\SDK\2016.2\lib\win64.o\librdi_ippcw.dll
0x000007fef27d0000 - 0x000007fef27e6000 	C:\Xilinx\SDK\2016.2\eclipse\win64.o\plugins\org.eclipse.cdt.core.win32.x86_64_5.4.0.201509131935\os\win32\x86_64\spawner.dll
0x000007fef51f0000 - 0x000007fef51fa000 	C:\Xilinx\SDK\2016.2\lib\win64.o\librdi_jtag_settings.dll
0x000007fec03c0000 - 0x000007fec03e9000 	C:\Xilinx\SDK\2016.2\lib\win64.o\librdi_debug_dialog.dll
0x000007fef4d60000 - 0x000007fef4d68000 	C:\Xilinx\SDK\2016.2\lib\win64.o\librdi_target_manager.dll
0x0000000071080000 - 0x00000000710a6000 	C:\Xilinx\SDK\2016.2\eclipse\win64.o\plugins\gnu.io.rxtx.win32.x86_64_2.1.7.3_v20071015\os\win32\x86_64\rxtxSerial.dll
0x0000000071100000 - 0x0000000071125000 	C:\Users\dezfoul2\.jssc\windows\jSSC-2.8_x86_64.dll
0x000007febe250000 - 0x000007febea60000 	C:\Xilinx\SDK\2016.2\lib\win64.o\libXil_lmgr11FNP.dll

VM Arguments:
jvm_args: -Dcom.xilinx.sdk.args.hwspec=W:/ece532/src/hdmi.sdk/hdmi_wrapper.hdf -Xms64m -Xmx512m & 
java_command: <unknown>
java_class_path (initial): C:\Xilinx\SDK\2016.2\eclipse\win64.o\\plugins/org.eclipse.equinox.launcher_1.3.100.v20150511-1540.jar
Launcher Type: generic

Environment Variables:
PATH=C:/Xilinx/SDK/2016.2/tps/win64/jre/bin/server;C:/Xilinx/SDK/2016.2/tps/win64/jre/bin;C:/Xilinx/SDK/2016.2/tps/win64/jre/lib/amd64;C:\Xilinx\SDK\2016.2\gnuwin\bin;C:\Xilinx\SDK\2016.2\gnu\microblaze\nt\bin;C:\Xilinx\SDK\2016.2\gnu\microblaze\linux_toolchain\nt64_le\bin;C:\Xilinx\SDK\2016.2\gnu\microblaze\linux_toolchain\nt64_be\bin;C:\Xilinx\SDK\2016.2\gnu\arm\nt\bin;C:\Xilinx\SDK\2016.2\gnu\aarch64\nt\aarch64-none\bin;C:\Xilinx\SDK\2016.2\gnu\aarch64\nt\aarch64-linux\bin;C:\Xilinx\SDK\2016.2\gnu\armr5\nt\gcc-arm-none-eabi\bin;C:\Xilinx\SDK\2016.2\gnu\aarch32\nt\gcc-arm-none-eabi\bin;C:\Xilinx\SDK\2016.2\gnu\aarch32\nt\gcc-arm-linux-gnueabi\bin;C:\Xilinx\SDK\2016.2\tps\win64\cmake-3.3.2\bin;;C:\Xilinx\SDK\2016.2\bin;C:\Xilinx\SDK\2016.2\lib\win64.o;C:\Xilinx\SDK\2016.2\tps\win64\jre\bin\server;C:\Xilinx\SDK\2016.2\tps\win64\jre\bin;C:\Xilinx\Vivado\2016.2\ids_lite\ISE\bin\nt64;C:\Xilinx\Vivado\2016.2\ids_lite\ISE\lib\nt64;C:\Xilinx\Vivado\2016.2\bin;C:\Xilinx\Vivado\2016.2\lib\win64.o;C:\Xilinx\Vivado\2016.2\tps\win64\jre\bin\server;C:\Xilinx\Vivado\2016.2\tps\win64\jre\bin;C:\Xilinx\Vivado_HLS\2016.2\bin;C:\Windows\system32;C:\Windows;C:\Windows\System32\Wbem;C:\Windows\System32\WindowsPowerShell\v1.0\;C:\altera\16.0\quartus\bin64;c:\altera\16.0\quartus\bin64\jre64\bin;w:\ece532\src;
USERNAME=dezfoul2
OS=Windows_NT
PROCESSOR_IDENTIFIER=Intel64 Family 6 Model 60 Stepping 3, GenuineIntel



---------------  S Y S T E M  ---------------

OS: Windows 7 , 64 bit Build 7601 (6.1.7601.23418)

CPU:total 8 (4 cores per cpu, 2 threads per core) family 6 model 60 stepping 3, cmov, cx8, fxsr, mmx, sse, sse2, sse3, ssse3, sse4.1, sse4.2, popcnt, avx, avx2, aes, clmul, erms, lzcnt, ht, tsc, tscinvbit, bmi1, bmi2

Memory: 4k page, physical 16683160k(10341096k free), swap 33364460k(26582512k free)

vm_info: Java HotSpot(TM) 64-Bit Server VM (25.66-b18) for windows-amd64 JRE (1.8.0_66-b18), built on Nov  9 2015 10:51:13 by "java_re" with MS VC++ 10.0 (VS2010)

time: Thu Mar 23 20:16:45 2017
elapsed time: 4142 seconds (0d 1h 9m 2s)

