#
# A fatal error has been detected by the Java Runtime Environment:
#
#  EXCEPTION_UNCAUGHT_CXX_EXCEPTION (0xe06d7363) at pc=0x000007fefcc2a06d, pid=5832, tid=5688
#
# JRE version: Java(TM) SE Runtime Environment (8.0_66-b18) (build 1.8.0_66-b18)
# Java VM: Java HotSpot(TM) 64-Bit Server VM (25.66-b18 mixed mode windows-amd64 compressed oops)
# Problematic frame:
# C  [KERNELBASE.dll+0x1a06d]
#
# Failed to write core dump. Minidumps are not enabled by default on client versions of Windows
#
# If you would like to submit a bug report, please visit:
#   http://bugreport.java.com/bugreport/crash.jsp
#

---------------  T H R E A D  ---------------

Current thread (0x0000000014f22800):  VMThread [stack: 0x0000000015e70000,0x0000000015f70000] [id=5688]

siginfo: ExceptionCode=0xe06d7363, ExceptionInformation=0x0000000019930520 0x0000000015f6f6c8 0x000007feeb462cb8 0x000007feeb3b0000 

Registers:
RAX=0x000000006059a5f5, RBX=0x000007feeb462cb8, RCX=0x0000000015f6ef10, RDX=0x00000000000000d0
RSP=0x0000000015f6f520, RBP=0x0000000015f6f650, RSI=0x00000000ffffffff, RDI=0x000000001758ba60
R8 =0x0000000000000000, R9 =0x0000000000000000, R10=0x000007feeb3b0000, R11=0x0000000015f6f560
R12=0x0000000000000001, R13=0x0000000000000008, R14=0x0000000000000000, R15=0xffffffffffffffff
RIP=0x000007fefcc2a06d, EFLAGS=0x0000000000000206

Top of Stack: (sp=0x0000000015f6f520)
0x0000000015f6f520:   000007feeb462cb8 00000000ffffffff
0x0000000015f6f530:   000000001758ba60 0000000000217330
0x0000000015f6f540:   00000001e06d7363 0000000000000000
0x0000000015f6f550:   000007fefcc2a06d 000007fe00000004
0x0000000015f6f560:   0000000019930520 0000000015f6f6c8
0x0000000015f6f570:   000007feeb462cb8 000007feeb3b0000
0x0000000015f6f580:   0000000000000000 0000000015f6f608
0x0000000015f6f590:   0000000000000028 000000001758ba50
0x0000000015f6f5a0:   00000000175b1d50 0000000000000000
0x0000000015f6f5b0:   000007fffffa8000 0000000076eff2d3
0x0000000015f6f5c0:   0000000000000000 0000000000000008
0x0000000015f6f5d0:   0000000000000001 000000001758ba60
0x0000000015f6f5e0:   00000000ffffffff 000007feeb40e92c
0x0000000015f6f5f0:   000007feeb462cb8 0000000015f6f660
0x0000000015f6f600:   0000000000000001 000007feeb3b00f8
0x0000000015f6f610:   00000001e06d7363 0000000000000000 

Instructions: (pc=0x000007fefcc2a06d)
0x000007fefcc2a04d:   54 24 24 48 89 4c 24 28 4d 85 c9 0f 85 6a 03 00
0x000007fefcc2a05d:   00 89 4c 24 38 48 8d 4c 24 20 ff 15 33 02 03 00
0x000007fefcc2a06d:   48 81 c4 c8 00 00 00 c3 90 90 90 90 90 90 90 90
0x000007fefcc2a07d:   90 90 90 48 83 ec 28 65 48 8b 04 25 30 00 00 00 


Register to memory mapping:

RAX=0x000000006059a5f5 is an unknown value
RBX=0x000007feeb462cb8 is an unknown value
RCX=0x0000000015f6ef10 is an unknown value
RDX=0x00000000000000d0 is an unknown value
RSP=0x0000000015f6f520 is an unknown value
RBP=0x0000000015f6f650 is an unknown value
RSI=0x00000000ffffffff is an unallocated location in the heap
RDI=0x000000001758ba60 is an unknown value
R8 =0x0000000000000000 is an unknown value
R9 =0x0000000000000000 is an unknown value
R10=0x000007feeb3b0000 is an unknown value
R11=0x0000000015f6f560 is an unknown value
R12=0x0000000000000001 is an unknown value
R13=0x0000000000000008 is an unknown value
R14=0x0000000000000000 is an unknown value
R15=0xffffffffffffffff is an unknown value


Stack: [0x0000000015e70000,0x0000000015f70000],  sp=0x0000000015f6f520,  free space=1021k
Native frames: (J=compiled Java code, j=interpreted, Vv=VM code, C=native code)
C  [KERNELBASE.dll+0x1a06d]
C  [MSVCR110.dll+0x5e92c]
C  [MSVCR110.dll+0x1315c]
C  [MSVCR110.dll+0x136a9]
C  [MSVCR110.dll+0x13e9c]
C  [MSVCR110.dll+0x239e]
C  [MSVCR110.dll+0xaf9e]
C  [MSVCP110.dll+0x397b9]
C  [librdi_common.dll+0x182316]
C  [librdi_common.dll+0x180fab]
C  [librdi_target_manager.dll+0x2400]
C  [librdi_target_manager.dll+0x2682]
C  [ntdll.dll+0x229b1]
C  [ntdll.dll+0x227c0]
C  [MSVCR100.dll+0x20ccd]
V  [jvm.dll+0x210cc5]
V  [jvm.dll+0x249897]
V  [jvm.dll+0x248b36]
V  [jvm.dll+0x248fd1]
V  [jvm.dll+0x2491ee]
V  [jvm.dll+0x29a0fa]
C  [MSVCR100.dll+0x21d9f]
C  [MSVCR100.dll+0x21e3b]
C  [kernel32.dll+0x159bd]
C  [ntdll.dll+0x2a2e1]

VM_Operation (0x000000000012f4c0): Exit, mode: safepoint, requested by thread 0x00000000024d8000


---------------  P R O C E S S  ---------------

Java Threads: ( => current thread )
  0x0000000019250000 JavaThread "pool-2-thread-5" [_thread_blocked, id=1852, stack(0x0000000029e60000,0x0000000029f60000)]
  0x000000001ebad000 JavaThread "pool-2-thread-4" [_thread_blocked, id=2200, stack(0x0000000029d60000,0x0000000029e60000)]
  0x00000000186d5800 JavaThread "pool-2-thread-3" [_thread_blocked, id=2648, stack(0x0000000029560000,0x0000000029660000)]
  0x00000000186d4000 JavaThread "pool-2-thread-2" [_thread_blocked, id=5344, stack(0x0000000029160000,0x0000000029260000)]
  0x00000000186d2800 JavaThread "pool-2-thread-1" [_thread_blocked, id=5552, stack(0x0000000029660000,0x0000000029760000)]
  0x00000000186d0000 JavaThread "Thread-44" daemon [_thread_blocked, id=5020, stack(0x0000000029360000,0x0000000029460000)]
  0x0000000019051800 JavaThread "TCF Channel Transmitter" daemon [_thread_blocked, id=3292, stack(0x0000000027110000,0x0000000027210000)]
  0x0000000019052000 JavaThread "TCF Channel Receiver" daemon [_thread_in_native, id=5904, stack(0x0000000026a60000,0x0000000026b60000)]
  0x0000000019050000 JavaThread "Process monitor" daemon [_thread_in_native, id=3136, stack(0x0000000025ff0000,0x00000000260f0000)]
  0x0000000017939000 JavaThread "Input Stream Monitor" daemon [_thread_blocked, id=5744, stack(0x0000000025ef0000,0x0000000025ff0000)]
  0x0000000017938800 JavaThread "Output Stream Monitor" daemon [_thread_in_native, id=5780, stack(0x0000000025a50000,0x0000000025b50000)]
  0x0000000017937800 JavaThread "Output Stream Monitor" daemon [_thread_in_native, id=4136, stack(0x00000000238d0000,0x00000000239d0000)]
  0x0000000017934000 JavaThread "TCF Locator DNS Lookup" daemon [_thread_blocked, id=6064, stack(0x00000000237b0000,0x00000000238b0000)]
  0x0000000017933000 JavaThread "TCF Locator Timer" daemon [_thread_blocked, id=4188, stack(0x00000000236b0000,0x00000000237b0000)]
  0x0000000017932800 JavaThread "TCF Locator Receiver" daemon [_thread_blocked, id=4156, stack(0x00000000234a0000,0x00000000235a0000)]
  0x0000000017931000 JavaThread "TCF Timer Dispatcher" daemon [_thread_blocked, id=6016, stack(0x00000000235b0000,0x00000000236b0000)]
  0x000000001798c000 JavaThread "EMF Reference Cleaner" daemon [_thread_blocked, id=5468, stack(0x000000001a640000,0x000000001a740000)]
  0x0000000014fe8000 JavaThread "Service Thread" daemon [_thread_blocked, id=1700, stack(0x0000000016830000,0x0000000016930000)]
  0x0000000014fa1800 JavaThread "C1 CompilerThread3" daemon [_thread_blocked, id=688, stack(0x0000000016730000,0x0000000016830000)]
  0x0000000014f89000 JavaThread "C2 CompilerThread2" daemon [_thread_blocked, id=1900, stack(0x0000000016630000,0x0000000016730000)]
  0x0000000014f7e000 JavaThread "C2 CompilerThread1" daemon [_thread_blocked, id=4848, stack(0x0000000016530000,0x0000000016630000)]
  0x0000000014f70800 JavaThread "C2 CompilerThread0" daemon [_thread_blocked, id=5368, stack(0x0000000016430000,0x0000000016530000)]
  0x0000000014f68800 JavaThread "Attach Listener" daemon [_thread_blocked, id=5060, stack(0x0000000016330000,0x0000000016430000)]
  0x0000000014f79000 JavaThread "Signal Dispatcher" daemon [_thread_blocked, id=220, stack(0x0000000016230000,0x0000000016330000)]
  0x0000000013dac000 JavaThread "Finalizer" daemon [_thread_blocked, id=3280, stack(0x0000000016070000,0x0000000016170000)]
  0x0000000013da5000 JavaThread "Reference Handler" daemon [_thread_blocked, id=416, stack(0x0000000015f70000,0x0000000016070000)]
  0x00000000024d8000 JavaThread "main" [_thread_blocked, id=5592, stack(0x0000000000030000,0x0000000000130000)]

Other Threads:
=>0x0000000014f22800 VMThread [stack: 0x0000000015e70000,0x0000000015f70000] [id=5688]

VM state:at safepoint (shutting down)

VM Mutex/Monitor currently owned by a thread:  ([mutex/lock_event])
[0x00000000025ee3c0] Threads_lock - owner thread: 0x0000000014f22800

Heap:
 PSYoungGen      total 113664K, used 73654K [0x00000000f5580000, 0x00000000fe800000, 0x0000000100000000)
  eden space 83456K, 85% used [0x00000000f5580000,0x00000000f9b4b5f8,0x00000000fa700000)
  from space 30208K, 7% used [0x00000000fca80000,0x00000000fcca22c0,0x00000000fe800000)
  to   space 33280K, 0% used [0x00000000fa700000,0x00000000fa700000,0x00000000fc780000)
 ParOldGen       total 139264K, used 55040K [0x00000000e0000000, 0x00000000e8800000, 0x00000000f5580000)
  object space 139264K, 39% used [0x00000000e0000000,0x00000000e35c0308,0x00000000e8800000)
 Metaspace       used 90684K, capacity 98118K, committed 98580K, reserved 1134592K
  class space    used 10848K, capacity 13246K, committed 13372K, reserved 1048576K

Card table byte_map: [0x00000000119b0000,0x0000000011ac0000] byte_map_base: 0x00000000112b0000

Marking Bits: (ParMarkBitMap*) 0x00000000691ca5b0
 Begin Bits: [0x00000000122c0000, 0x0000000012ac0000)
 End Bits:   [0x0000000012ac0000, 0x00000000132c0000)

Polling page: 0x0000000000320000

CodeCache: size=245760Kb used=41873Kb max_used=42303Kb free=203886Kb
 bounds [0x00000000025f0000, 0x0000000004f90000, 0x00000000115f0000]
 total_blobs=12298 nmethods=11389 adapters=815
 compilation: enabled

Compilation events (10 events):
Event: 2467.263 Thread 0x0000000014fa1800 nmethod 14659 0x0000000004525390 code [0x0000000004525500, 0x0000000004525970]
Event: 2467.264 Thread 0x0000000014fa1800 14660       3       org.eclipse.osgi.container.Module::holdsTransitionEventLock (25 bytes)
Event: 2467.264 Thread 0x0000000014fa1800 nmethod 14660 0x0000000003c8d210 code [0x0000000003c8d3a0, 0x0000000003c8dac8]
Event: 2467.265 Thread 0x0000000014f70800 14670       4       java.util.concurrent.locks.AbstractQueuedSynchronizer::release (33 bytes)
Event: 2467.265 Thread 0x0000000014fa1800 14669   !   3       org.eclipse.osgi.storage.BundleInfo$Generation::clearManifestCache (30 bytes)
Event: 2467.265 Thread 0x0000000014fa1800 nmethod 14669 0x0000000003172c90 code [0x0000000003172e20, 0x0000000003173468]
Event: 2467.265 Thread 0x0000000014f70800 nmethod 14670 0x0000000002b5c410 code [0x0000000002b5c560, 0x0000000002b5c628]
Event: 2467.265 Thread 0x0000000014f89000 14671       4       java.lang.ref.WeakReference::<init> (6 bytes)
Event: 2467.266 Thread 0x0000000014fa1800 14661       3       org.eclipse.osgi.container.ModuleWiring::unload (6 bytes)
Event: 2467.266 Thread 0x0000000014fa1800 nmethod 14661 0x0000000002cc1810 code [0x0000000002cc1980, 0x0000000002cc1b08]

GC Heap History (10 events):
Event: 1405.428 GC heap before
{Heap before GC invocations=24 (full 5):
 PSYoungGen      total 124416K, used 93545K [0x00000000f5580000, 0x00000000ff700000, 0x0000000100000000)
  eden space 89600K, 100% used [0x00000000f5580000,0x00000000fad00000,0x00000000fad00000)
  from space 34816K, 11% used [0x00000000fd500000,0x00000000fd8da770,0x00000000ff700000)
  to   space 37888K, 0% used [0x00000000fad00000,0x00000000fad00000,0x00000000fd200000)
 ParOldGen       total 139264K, used 65037K [0x00000000e0000000, 0x00000000e8800000, 0x00000000f5580000)
  object space 139264K, 46% used [0x00000000e0000000,0x00000000e3f83590,0x00000000e8800000)
 Metaspace       used 88877K, capacity 96510K, committed 96788K, reserved 1132544K
  class space    used 10713K, capacity 13068K, committed 13116K, reserved 1048576K
Event: 1405.434 GC heap after
Heap after GC invocations=24 (full 5):
 PSYoungGen      total 93696K, used 6024K [0x00000000f5580000, 0x00000000ff200000, 0x0000000100000000)
  eden space 87552K, 0% used [0x00000000f5580000,0x00000000f5580000,0x00000000fab00000)
  from space 6144K, 98% used [0x00000000fad00000,0x00000000fb2e2008,0x00000000fb300000)
  to   space 36352K, 0% used [0x00000000fce80000,0x00000000fce80000,0x00000000ff200000)
 ParOldGen       total 139264K, used 65045K [0x00000000e0000000, 0x00000000e8800000, 0x00000000f5580000)
  object space 139264K, 46% used [0x00000000e0000000,0x00000000e3f85590,0x00000000e8800000)
 Metaspace       used 88877K, capacity 96510K, committed 96788K, reserved 1132544K
  class space    used 10713K, capacity 13068K, committed 13116K, reserved 1048576K
}
Event: 1654.538 GC heap before
{Heap before GC invocations=25 (full 5):
 PSYoungGen      total 93696K, used 93576K [0x00000000f5580000, 0x00000000ff200000, 0x0000000100000000)
  eden space 87552K, 100% used [0x00000000f5580000,0x00000000fab00000,0x00000000fab00000)
  from space 6144K, 98% used [0x00000000fad00000,0x00000000fb2e2008,0x00000000fb300000)
  to   space 36352K, 0% used [0x00000000fce80000,0x00000000fce80000,0x00000000ff200000)
 ParOldGen       total 139264K, used 65045K [0x00000000e0000000, 0x00000000e8800000, 0x00000000f5580000)
  object space 139264K, 46% used [0x00000000e0000000,0x00000000e3f85590,0x00000000e8800000)
 Metaspace       used 89128K, capacity 96766K, committed 97044K, reserved 1132544K
  class space    used 10718K, capacity 13068K, committed 13116K, reserved 1048576K
Event: 1654.545 GC heap after
Heap after GC invocations=25 (full 5):
 PSYoungGen      total 117760K, used 4290K [0x00000000f5580000, 0x00000000fee00000, 0x0000000100000000)
  eden space 85504K, 0% used [0x00000000f5580000,0x00000000f5580000,0x00000000fa900000)
  from space 32256K, 13% used [0x00000000fce80000,0x00000000fd2b0b88,0x00000000fee00000)
  to   space 35328K, 0% used [0x00000000fa900000,0x00000000fa900000,0x00000000fcb80000)
 ParOldGen       total 139264K, used 65053K [0x00000000e0000000, 0x00000000e8800000, 0x00000000f5580000)
  object space 139264K, 46% used [0x00000000e0000000,0x00000000e3f87590,0x00000000e8800000)
 Metaspace       used 89128K, capacity 96766K, committed 97044K, reserved 1132544K
  class space    used 10718K, capacity 13068K, committed 13116K, reserved 1048576K
}
Event: 1704.707 GC heap before
{Heap before GC invocations=26 (full 5):
 PSYoungGen      total 117760K, used 28668K [0x00000000f5580000, 0x00000000fee00000, 0x0000000100000000)
  eden space 85504K, 28% used [0x00000000f5580000,0x00000000f6d4e558,0x00000000fa900000)
  from space 32256K, 13% used [0x00000000fce80000,0x00000000fd2b0b88,0x00000000fee00000)
  to   space 35328K, 0% used [0x00000000fa900000,0x00000000fa900000,0x00000000fcb80000)
 ParOldGen       total 139264K, used 65053K [0x00000000e0000000, 0x00000000e8800000, 0x00000000f5580000)
  object space 139264K, 46% used [0x00000000e0000000,0x00000000e3f87590,0x00000000e8800000)
 Metaspace       used 89363K, capacity 96868K, committed 97044K, reserved 1132544K
  class space    used 10734K, capacity 13101K, committed 13116K, reserved 1048576K
Event: 1704.712 GC heap after
Heap after GC invocations=26 (full 5):
 PSYoungGen      total 89600K, used 3798K [0x00000000f5580000, 0x00000000fec00000, 0x0000000100000000)
  eden space 85504K, 0% used [0x00000000f5580000,0x00000000f5580000,0x00000000fa900000)
  from space 4096K, 92% used [0x00000000fa900000,0x00000000facb59b8,0x00000000fad00000)
  to   space 34304K, 0% used [0x00000000fca80000,0x00000000fca80000,0x00000000fec00000)
 ParOldGen       total 139264K, used 65061K [0x00000000e0000000, 0x00000000e8800000, 0x00000000f5580000)
  object space 139264K, 46% used [0x00000000e0000000,0x00000000e3f89590,0x00000000e8800000)
 Metaspace       used 89363K, capacity 96868K, committed 97044K, reserved 1132544K
  class space    used 10734K, capacity 13101K, committed 13116K, reserved 1048576K
}
Event: 1704.712 GC heap before
{Heap before GC invocations=27 (full 6):
 PSYoungGen      total 89600K, used 3798K [0x00000000f5580000, 0x00000000fec00000, 0x0000000100000000)
  eden space 85504K, 0% used [0x00000000f5580000,0x00000000f5580000,0x00000000fa900000)
  from space 4096K, 92% used [0x00000000fa900000,0x00000000facb59b8,0x00000000fad00000)
  to   space 34304K, 0% used [0x00000000fca80000,0x00000000fca80000,0x00000000fec00000)
 ParOldGen       total 139264K, used 65061K [0x00000000e0000000, 0x00000000e8800000, 0x00000000f5580000)
  object space 139264K, 46% used [0x00000000e0000000,0x00000000e3f89590,0x00000000e8800000)
 Metaspace       used 89363K, capacity 96868K, committed 97044K, reserved 1132544K
  class space    used 10734K, capacity 13101K, committed 13116K, reserved 1048576K
Event: 1704.956 GC heap after
Heap after GC invocations=27 (full 6):
 PSYoungGen      total 89600K, used 0K [0x00000000f5580000, 0x00000000fec00000, 0x0000000100000000)
  eden space 85504K, 0% used [0x00000000f5580000,0x00000000f5580000,0x00000000fa900000)
  from space 4096K, 0% used [0x00000000fa900000,0x00000000fa900000,0x00000000fad00000)
  to   space 34304K, 0% used [0x00000000fca80000,0x00000000fca80000,0x00000000fec00000)
 ParOldGen       total 139264K, used 55040K [0x00000000e0000000, 0x00000000e8800000, 0x00000000f5580000)
  object space 139264K, 39% used [0x00000000e0000000,0x00000000e35c0308,0x00000000e8800000)
 Metaspace       used 89304K, capacity 96768K, committed 97044K, reserved 1132544K
  class space    used 10723K, capacity 13081K, committed 13116K, reserved 1048576K
}
Event: 2228.408 GC heap before
{Heap before GC invocations=28 (full 6):
 PSYoungGen      total 89600K, used 85504K [0x00000000f5580000, 0x00000000fec00000, 0x0000000100000000)
  eden space 85504K, 100% used [0x00000000f5580000,0x00000000fa900000,0x00000000fa900000)
  from space 4096K, 0% used [0x00000000fa900000,0x00000000fa900000,0x00000000fad00000)
  to   space 34304K, 0% used [0x00000000fca80000,0x00000000fca80000,0x00000000fec00000)
 ParOldGen       total 139264K, used 55040K [0x00000000e0000000, 0x00000000e8800000, 0x00000000f5580000)
  object space 139264K, 39% used [0x00000000e0000000,0x00000000e35c0308,0x00000000e8800000)
 Metaspace       used 89674K, capacity 97184K, committed 97684K, reserved 1134592K
  class space    used 10735K, capacity 13113K, committed 13244K, reserved 1048576K
Event: 2228.414 GC heap after
Heap after GC invocations=28 (full 6):
 PSYoungGen      total 113664K, used 2184K [0x00000000f5580000, 0x00000000fe800000, 0x0000000100000000)
  eden space 83456K, 0% used [0x00000000f5580000,0x00000000f5580000,0x00000000fa700000)
  from space 30208K, 7% used [0x00000000fca80000,0x00000000fcca22c0,0x00000000fe800000)
  to   space 33280K, 0% used [0x00000000fa700000,0x00000000fa700000,0x00000000fc780000)
 ParOldGen       total 139264K, used 55040K [0x00000000e0000000, 0x00000000e8800000, 0x00000000f5580000)
  object space 139264K, 39% used [0x00000000e0000000,0x00000000e35c0308,0x00000000e8800000)
 Metaspace       used 89674K, capacity 97184K, committed 97684K, reserved 1134592K
  class space    used 10735K, capacity 13113K, committed 13244K, reserved 1048576K
}

Deoptimization events (10 events):
Event: 2466.657 Thread 0x00000000183e9800 Uncommon trap: reason=unstable_if action=reinterpret pc=0x00000000038ece70 method=org.eclipse.core.internal.localstore.FileSystemResourceManager.getStoreRoot(Lorg/eclipse/core/resources/IResource;)Lorg/eclipse/core/internal/localstore/FileStoreRoot; @ 17
Event: 2466.659 Thread 0x000000001835c000 Uncommon trap: reason=array_check action=maybe_recompile pc=0x0000000004534538 method=java.util.Arrays.fill([Ljava/lang/Object;Ljava/lang/Object;)V @ 13
Event: 2466.659 Thread 0x000000001835c000 Uncommon trap: reason=array_check action=maybe_recompile pc=0x0000000004534538 method=java.util.Arrays.fill([Ljava/lang/Object;Ljava/lang/Object;)V @ 13
Event: 2466.659 Thread 0x000000001835c000 Uncommon trap: reason=array_check action=maybe_recompile pc=0x0000000004534538 method=java.util.Arrays.fill([Ljava/lang/Object;Ljava/lang/Object;)V @ 13
Event: 2466.659 Thread 0x000000001835c000 Uncommon trap: reason=array_check action=maybe_recompile pc=0x0000000004534538 method=java.util.Arrays.fill([Ljava/lang/Object;Ljava/lang/Object;)V @ 13
Event: 2466.659 Thread 0x00000000183e9800 Uncommon trap: reason=unstable_if action=reinterpret pc=0x000000000343a0e4 method=org.eclipse.swt.graphics.Resource.dispose()V @ 15
Event: 2467.205 Thread 0x00000000183e9800 Uncommon trap: reason=unstable_if action=reinterpret pc=0x0000000002a8a9e4 method=org.eclipse.osgi.internal.hooks.EclipseLazyStarter.shouldActivateFor(Ljava/lang/String;Lorg/eclipse/osgi/container/Module;Lorg/eclipse/osgi/container/ModuleRevision;Lorg/ecli
Event: 2467.207 Thread 0x000000001792b800 Uncommon trap: reason=unstable_if action=reinterpret pc=0x0000000003d47a8c method=org.eclipse.core.internal.jobs.JobManager.startJob(Lorg/eclipse/core/internal/jobs/Worker;)Lorg/eclipse/core/runtime/jobs/Job; @ 20
Event: 2467.244 Thread 0x000000001792b800 Uncommon trap: reason=unstable_if action=reinterpret pc=0x0000000004a20bfc method=org.eclipse.core.internal.jobs.JobManager.nextJob()Lorg/eclipse/core/runtime/jobs/Job; @ 80
Event: 2467.257 Thread 0x00000000183e9800 Uncommon trap: reason=unstable_if action=reinterpret pc=0x0000000003b9b0d0 method=sun.reflect.UnsafeStaticObjectFieldAccessorImpl.set(Ljava/lang/Object;Ljava/lang/Object;)V @ 13

Internal exceptions (10 events):
Event: 1714.006 Thread 0x000000001792b800 Exception <a 'java/io/FileNotFoundException'> (0x00000000f70e7920) thrown at [C:\re\workspace\8-2-build-windows-amd64-cygwin\jdk8u66\5298\hotspot\src\share\vm\prims\jni.cpp, line 709]
Event: 1714.287 Thread 0x000000001792b800 Exception <a 'java/io/FileNotFoundException'> (0x00000000f712ece8) thrown at [C:\re\workspace\8-2-build-windows-amd64-cygwin\jdk8u66\5298\hotspot\src\share\vm\prims\jni.cpp, line 709]
Event: 2465.288 Thread 0x00000000024d8000 Implicit null exception at 0x0000000003038e3d to 0x0000000003038ea1
Event: 2466.030 Thread 0x00000000024d8000 Implicit null exception at 0x0000000004493689 to 0x0000000004493969
Event: 2466.631 Thread 0x00000000183eb000 Exception <a 'java/lang/InterruptedException'> (0x00000000f9560e80) thrown at [C:\re\workspace\8-2-build-windows-amd64-cygwin\jdk8u66\5298\hotspot\src\share\vm\runtime\objectMonitor.cpp, line 1683]
Event: 2467.244 Thread 0x000000001792e800 Exception <a 'java/lang/InterruptedException'> (0x00000000f90f10c0) thrown at [C:\re\workspace\8-2-build-windows-amd64-cygwin\jdk8u66\5298\hotspot\src\share\vm\runtime\objectMonitor.cpp, line 1683]
Event: 2467.257 Thread 0x00000000183e9800 Implicit null exception at 0x0000000003b9adcf to 0x0000000003b9b0bd
Event: 2467.257 Thread 0x000000001835c000 Exception <a 'java/lang/InterruptedException'> (0x00000000f98d0318) thrown at [C:\re\workspace\8-2-build-windows-amd64-cygwin\jdk8u66\5298\hotspot\src\share\vm\runtime\objectMonitor.cpp, line 1683]
Event: 2467.263 Thread 0x000000001792d000 Exception <a 'java/lang/InterruptedException'> (0x00000000f872fe28) thrown at [C:\re\workspace\8-2-build-windows-amd64-cygwin\jdk8u66\5298\hotspot\src\share\vm\runtime\objectMonitor.cpp, line 1683]
Event: 2467.263 Thread 0x0000000016e4f800 Exception <a 'java/lang/InterruptedException'> (0x00000000f9ac28b8) thrown at [C:\re\workspace\8-2-build-windows-amd64-cygwin\jdk8u66\5298\hotspot\src\share\vm\runtime\objectMonitor.cpp, line 1683]

Events (10 events):
Event: 2467.265 loading class java/util/IdentityHashMap$KeyIterator
Event: 2467.265 loading class java/util/IdentityHashMap$IdentityHashMapIterator
Event: 2467.265 loading class java/util/IdentityHashMap$IdentityHashMapIterator done
Event: 2467.265 loading class java/util/IdentityHashMap$KeyIterator done
Event: 2467.265 Thread 0x00000000183e9800 Thread added: 0x00000000183e9800
Event: 2467.265 Thread 0x0000000014fa1800 flushing nmethod 0x000000000327efd0
Event: 2467.265 Thread 0x0000000014fa1800 flushing nmethod 0x00000000032b5510
Event: 2467.265 Thread 0x0000000014fa1800 flushing nmethod 0x00000000032c1b10
Event: 2467.265 Thread 0x00000000183e9800 Thread exited: 0x00000000183e9800
Event: 2467.266 Executing VM operation: Exit


Dynamic libraries:
0x0000000000400000 - 0x000000000044f000 	C:\Xilinx\SDK\2016.2\eclipse\win64.o\eclipse.exe
0x0000000076eb0000 - 0x000000007705a000 	C:\Windows\SYSTEM32\ntdll.dll
0x0000000076d90000 - 0x0000000076eaf000 	C:\Windows\system32\kernel32.dll
0x000007fefcc10000 - 0x000007fefcc7a000 	C:\Windows\system32\KERNELBASE.dll
0x0000000076c90000 - 0x0000000076d8a000 	C:\Windows\system32\USER32.dll
0x000007fefe470000 - 0x000007fefe4d7000 	C:\Windows\system32\GDI32.dll
0x000007fefcfb0000 - 0x000007fefcfbe000 	C:\Windows\system32\LPK.dll
0x000007fefd3b0000 - 0x000007fefd47a000 	C:\Windows\system32\USP10.dll
0x000007fefe880000 - 0x000007fefe91f000 	C:\Windows\system32\msvcrt.dll
0x000007fefb500000 - 0x000007fefb6f4000 	C:\Windows\WinSxS\amd64_microsoft.windows.common-controls_6595b64144ccf1df_6.0.7601.18837_none_fa3b1e3d17594757\COMCTL32.dll
0x000007fefcfd0000 - 0x000007fefd041000 	C:\Windows\system32\SHLWAPI.dll
0x000007fefee20000 - 0x000007fefee4e000 	C:\Windows\system32\IMM32.DLL
0x000007fefe4e0000 - 0x000007fefe5e9000 	C:\Windows\system32\MSCTF.dll
0x0000000072000000 - 0x0000000072012000 	C:\Xilinx\SDK\2016.2\eclipse\win64.o\plugins\org.eclipse.equinox.launcher.win32.win32.x86_64_1.1.300.v20150602-1417\eclipse_1611.dll
0x000007fefd480000 - 0x000007fefd55b000 	C:\Windows\system32\ADVAPI32.dll
0x000007fefeb30000 - 0x000007fefeb4f000 	C:\Windows\SYSTEM32\sechost.dll
0x000007fefd280000 - 0x000007fefd3ad000 	C:\Windows\system32\RPCRT4.dll
0x000007fefbc80000 - 0x000007fefbc8c000 	C:\Windows\system32\VERSION.dll
0x000007fefb4a0000 - 0x000007fefb4f6000 	C:\Windows\system32\UxTheme.dll
0x00000000689c0000 - 0x0000000069249000 	C:\Xilinx\SDK\2016.2\tps\win64\jre\bin\server\jvm.dll
0x000007fef8b00000 - 0x000007fef8b09000 	C:\Windows\system32\WSOCK32.dll
0x000007fefd230000 - 0x000007fefd27d000 	C:\Windows\system32\WS2_32.dll
0x000007fefcfc0000 - 0x000007fefcfc8000 	C:\Windows\system32\NSI.dll
0x000007fefa510000 - 0x000007fefa54b000 	C:\Windows\system32\WINMM.dll
0x0000000077070000 - 0x0000000077077000 	C:\Windows\system32\PSAPI.DLL
0x0000000073080000 - 0x0000000073152000 	C:\Windows\system32\MSVCR100.dll
0x00000000741a0000 - 0x00000000741af000 	C:\Xilinx\SDK\2016.2\tps\win64\jre\bin\verify.dll
0x0000000074170000 - 0x0000000074199000 	C:\Xilinx\SDK\2016.2\tps\win64\jre\bin\java.dll
0x0000000074150000 - 0x0000000074166000 	C:\Xilinx\SDK\2016.2\tps\win64\jre\bin\zip.dll
0x000007fefd6e0000 - 0x000007fefe469000 	C:\Windows\system32\SHELL32.dll
0x000007fefe920000 - 0x000007fefeb23000 	C:\Windows\system32\ole32.dll
0x000007fefcbf0000 - 0x000007fefcbff000 	C:\Windows\system32\profapi.dll
0x000007fefc3f0000 - 0x000007fefc408000 	C:\Windows\system32\CRYPTSP.dll
0x000007fefc0f0000 - 0x000007fefc137000 	C:\Windows\system32\rsaenh.dll
0x000007fefcf20000 - 0x000007fefcf3e000 	C:\Windows\system32\USERENV.dll
0x000007fefca50000 - 0x000007fefca5f000 	C:\Windows\system32\CRYPTBASE.dll
0x0000000074130000 - 0x000000007414a000 	C:\Xilinx\SDK\2016.2\tps\win64\jre\bin\net.dll
0x000007fefc390000 - 0x000007fefc3e5000 	C:\Windows\system32\mswsock.dll
0x000007fefc380000 - 0x000007fefc387000 	C:\Windows\System32\wship6.dll
0x000007fef92f0000 - 0x000007fef9317000 	C:\Windows\system32\IPHLPAPI.DLL
0x000007fef92d0000 - 0x000007fef92db000 	C:\Windows\system32\WINNSI.DLL
0x000007fef9100000 - 0x000007fef9111000 	C:\Windows\system32\dhcpcsvc6.DLL
0x000007fef90e0000 - 0x000007fef90f8000 	C:\Windows\system32\dhcpcsvc.DLL
0x0000000071400000 - 0x0000000071411000 	C:\Xilinx\SDK\2016.2\tps\win64\jre\bin\nio.dll
0x000007fefa190000 - 0x000007fefa1a5000 	C:\Windows\system32\NLAapi.dll
0x000007fef8a20000 - 0x000007fef8a35000 	C:\Windows\system32\napinsp.dll
0x000007fef8d90000 - 0x000007fef8da9000 	C:\Windows\system32\pnrpnsp.dll
0x000007fefc210000 - 0x000007fefc26b000 	C:\Windows\system32\DNSAPI.dll
0x000007fef8d80000 - 0x000007fef8d8b000 	C:\Windows\System32\winrnr.dll
0x000007fefbd50000 - 0x000007fefbd57000 	C:\Windows\System32\wshtcpip.dll
0x000007fef8d50000 - 0x000007fef8d58000 	C:\Windows\system32\rasadhlp.dll
0x000007fef9190000 - 0x000007fef91e3000 	C:\Windows\System32\fwpuclnt.dll
0x0000000018b30000 - 0x0000000018bd8000 	C:\Users\dezfoul2\.Xilinx\SDK\2016.2\org.eclipse.osgi\312\0\.cp\swt-win32-4527.dll
0x000007fefd560000 - 0x000007fefd638000 	C:\Windows\system32\OLEAUT32.dll
0x000007fefd640000 - 0x000007fefd6d7000 	C:\Windows\system32\comdlg32.dll
0x000007fef65f0000 - 0x000007fef6661000 	C:\Windows\system32\WINSPOOL.DRV
0x000007fefeef0000 - 0x000007feff1b5000 	C:\Windows\system32\WININET.dll
0x000007fefcd60000 - 0x000007fefcd64000 	C:\Windows\system32\api-ms-win-downlevel-user32-l1-1-0.dll
0x000007fefcc80000 - 0x000007fefcc84000 	C:\Windows\system32\api-ms-win-downlevel-shlwapi-l1-1-0.dll
0x000007fefcfa0000 - 0x000007fefcfa4000 	C:\Windows\system32\api-ms-win-downlevel-version-l1-1-0.dll
0x000007fefcf90000 - 0x000007fefcf93000 	C:\Windows\system32\api-ms-win-downlevel-normaliz-l1-1-0.dll
0x0000000077080000 - 0x0000000077083000 	C:\Windows\system32\normaliz.DLL
0x000007fefeb50000 - 0x000007fefee19000 	C:\Windows\system32\iertutil.dll
0x000007fefcd50000 - 0x000007fefcd55000 	C:\Windows\system32\api-ms-win-downlevel-advapi32-l1-1-0.dll
0x000007fefcdb0000 - 0x000007fefcf1d000 	C:\Windows\system32\CRYPT32.dll
0x000007fefcc00000 - 0x000007fefcc0f000 	C:\Windows\system32\MSASN1.dll
0x000007fefaf70000 - 0x000007fefb09c000 	C:\Windows\system32\propsys.dll
0x000007fefee50000 - 0x000007fefeee9000 	C:\Windows\system32\CLBCatQ.DLL
0x00000000003b0000 - 0x00000000003ce000 	C:\Users\dezfoul2\.Xilinx\SDK\2016.2\org.eclipse.osgi\312\0\.cp\swt-gdip-win32-4527.dll
0x000007fefb280000 - 0x000007fefb496000 	C:\Windows\WinSxS\amd64_microsoft.windows.gdiplus_6595b64144ccf1df_1.1.7601.23508_none_145555328b95eaaa\gdiplus.dll
0x000007fefada0000 - 0x000007fefaf01000 	C:\Windows\system32\WindowsCodecs.dll
0x0000000180000000 - 0x0000000180012000 	C:\Users\dezfoul2\.Xilinx\SDK\2016.2\org.eclipse.osgi\126\0\.cp\os\win32\x86_64\localfile_1_0_0.dll
0x000007fefa030000 - 0x000007fefa046000 	C:\Xilinx\SDK\2016.2\eclipse\win64.o\plugins\org.eclipse.cdt.core.win32.x86_64_5.4.0.201509131935\os\win32\x86_64\spawner.dll
0x000007fefc9f0000 - 0x000007fefca47000 	C:\Windows\system32\apphelp.dll
0x000007fef0360000 - 0x000007fef03b4000 	C:\Windows\system32\oleacc.dll
0x000007fef9530000 - 0x000007fef9537000 	C:\Windows\system32\msimg32.dll
0x000007fefcb40000 - 0x000007fefcb54000 	C:\Windows\system32\RpcRtRemote.dll
0x000007fef9fd0000 - 0x000007fef9fe1000 	C:\Users\dezfoul2\.Xilinx\SDK\2016.2\org.eclipse.osgi\129\0\.cp\jWinHttp-1.0.0.dll
0x000007fef84d0000 - 0x000007fef8541000 	C:\Windows\system32\WINHTTP.dll
0x000007fef8460000 - 0x000007fef84c4000 	C:\Windows\system32\webio.dll
0x000007fefc9c0000 - 0x000007fefc9e5000 	C:\Windows\system32\SspiCli.dll
0x000007fefbfb0000 - 0x000007fefbfba000 	C:\Windows\system32\credssp.dll
0x000007fefcf50000 - 0x000007fefcf86000 	C:\Windows\system32\CFGMGR32.dll
0x000007fefa060000 - 0x000007fefa06f000 	C:\Xilinx\SDK\2016.2\lib\win64.o\librdi_repo_manager.dll
0x000007fef9cd0000 - 0x000007fef9cfa000 	C:\Xilinx\SDK\2016.2\lib\win64.o\libisl_sysinfo.dll
0x000007feeb3b0000 - 0x000007feeb484000 	C:\Windows\system32\MSVCR110.dll
0x000007feeb2b0000 - 0x000007feeb357000 	C:\Windows\system32\MSVCP110.dll
0x000007feb8e30000 - 0x000007feb9870000 	C:\Xilinx\SDK\2016.2\lib\win64.o\librdi_common.dll
0x000007feb9f40000 - 0x000007feba2ae000 	C:\Xilinx\SDK\2016.2\lib\win64.o\libCOIN-all.dll
0x000007febb110000 - 0x000007febb32f000 	C:\Xilinx\SDK\2016.2\lib\win64.o\libXil_lmgr11.dll
0x000007fefac60000 - 0x000007fefac76000 	C:\Windows\system32\NETAPI32.dll
0x000007fefc020000 - 0x000007fefc02c000 	C:\Windows\system32\netutils.dll
0x000007fefc600000 - 0x000007fefc623000 	C:\Windows\system32\srvcli.dll
0x000007fefac40000 - 0x000007fefac55000 	C:\Windows\system32\wkscli.dll
0x000007fefcd70000 - 0x000007fefcdab000 	C:\Windows\system32\WINTRUST.dll
0x000007fefa0b0000 - 0x000007fefa0c0000 	C:\Xilinx\SDK\2016.2\lib\win64.o\libboost_date_time.dll
0x000007fef9ca0000 - 0x000007fef9cc4000 	C:\Xilinx\SDK\2016.2\lib\win64.o\libboost_filesystem.dll
0x000007fef9fc0000 - 0x000007fef9fc9000 	C:\Xilinx\SDK\2016.2\lib\win64.o\libboost_system.dll
0x000007fef9c20000 - 0x000007fef9c97000 	C:\Xilinx\SDK\2016.2\lib\win64.o\libboost_program_options.dll
0x000007fef01a0000 - 0x000007fef02a6000 	C:\Xilinx\SDK\2016.2\lib\win64.o\libboost_regex.dll
0x000007fef99c0000 - 0x000007fef99d3000 	C:\Xilinx\SDK\2016.2\lib\win64.o\libboost_signals.dll
0x000007fef99a0000 - 0x000007fef99bd000 	C:\Xilinx\SDK\2016.2\lib\win64.o\libboost_thread.dll
0x000007fef9fb0000 - 0x000007fef9fbb000 	C:\Xilinx\SDK\2016.2\lib\win64.o\libboost_chrono.dll
0x000007fef9d20000 - 0x000007fef9d2b000 	C:\Xilinx\SDK\2016.2\lib\win64.o\libboost_xilinx.dll
0x000007fef9920000 - 0x000007fef99a0000 	C:\Xilinx\SDK\2016.2\lib\win64.o\libhdlpsolve.dll
0x000007fef9880000 - 0x000007fef991a000 	C:\Xilinx\SDK\2016.2\lib\win64.o\libhdxml.dll
0x000007feb9ad0000 - 0x000007feb9f35e00 	C:\Xilinx\SDK\2016.2\lib\win64.o\libisl_iostreams.dll
0x000007fef9860000 - 0x000007fef9876000 	C:\Xilinx\SDK\2016.2\lib\win64.o\libboost_iostreams.dll
0x000007fef7940000 - 0x000007fef7963000 	C:\Xilinx\SDK\2016.2\lib\win64.o\librdizlib.dll
0x000007fef7910000 - 0x000007fef7933000 	C:\Xilinx\SDK\2016.2\lib\win64.o\libisl_iosutils.dll
0x000007fef78f0000 - 0x000007fef7905000 	C:\Xilinx\SDK\2016.2\lib\win64.o\pthreadVC2.dll
0x000007fef7890000 - 0x000007fef78e4000 	C:\Xilinx\SDK\2016.2\lib\win64.o\librdi_commonxillic.dll
0x000007feed130000 - 0x000007feed260000 	C:\Xilinx\SDK\2016.2\lib\win64.o\librdi_curl.dll
0x000007fef32f0000 - 0x000007fef3308000 	C:\Xilinx\SDK\2016.2\lib\win64.o\librdiconfig.dll
0x000000006fdb0000 - 0x000000006fed7000 	C:\Xilinx\SDK\2016.2\lib\win64.o\tcl85t.dll
0x0000000025c80000 - 0x0000000025ee3000 	C:\Xilinx\SDK\2016.2\lib\win64.o\xerces-c_3_1.dll
0x000007fefe670000 - 0x000007fefe7f6000 	C:\Windows\system32\urlmon.dll
0x000007fefcf40000 - 0x000007fefcf44000 	C:\Windows\system32\api-ms-win-downlevel-ole32-l1-1-0.dll
0x000007fedfef0000 - 0x000007fedff13000 	C:\Windows\system32\VCOMP110.DLL
0x000007feb98d0000 - 0x000007feb9ac2000 	C:\Xilinx\SDK\2016.2\lib\win64.o\librdi_hsm.dll
0x000007fef2fb0000 - 0x000007fef2ff3000 	C:\Xilinx\SDK\2016.2\lib\win64.o\librdi_hdf.dll
0x000007feb8910000 - 0x000007feb8b91000 	C:\Xilinx\SDK\2016.2\lib\win64.o\librdi_ippcw.dll
0x000007fef9d10000 - 0x000007fef9d1a000 	C:\Xilinx\SDK\2016.2\lib\win64.o\librdi_jtag_settings.dll
0x000007fef2f40000 - 0x000007fef2f69000 	C:\Xilinx\SDK\2016.2\lib\win64.o\librdi_debug_dialog.dll
0x000007fef9d00000 - 0x000007fef9d08000 	C:\Xilinx\SDK\2016.2\lib\win64.o\librdi_target_manager.dll
0x0000000071080000 - 0x00000000710a6000 	C:\Xilinx\SDK\2016.2\eclipse\win64.o\plugins\gnu.io.rxtx.win32.x86_64_2.1.7.3_v20071015\os\win32\x86_64\rxtxSerial.dll
0x000007fead4b0000 - 0x000007feadcc0000 	C:\Xilinx\SDK\2016.2\lib\win64.o\libXil_lmgr11FNP.dll
0x000007fef5210000 - 0x000007fef521b000 	C:\Windows\system32\snmpapi.dll

VM Arguments:
jvm_args: -Dcom.xilinx.sdk.args.hwspec=W:/ece532/integration_Copy2/hdmi.sdk/hdmi_wrapper.hdf -Xms64m -Xmx512m & 
java_command: <unknown>
java_class_path (initial): C:\Xilinx\SDK\2016.2\eclipse\win64.o\\plugins/org.eclipse.equinox.launcher_1.3.100.v20150511-1540.jar
Launcher Type: generic

Environment Variables:
PATH=C:/Xilinx/SDK/2016.2/tps/win64/jre/bin/server;C:/Xilinx/SDK/2016.2/tps/win64/jre/bin;C:/Xilinx/SDK/2016.2/tps/win64/jre/lib/amd64;C:\Xilinx\SDK\2016.2\gnuwin\bin;C:\Xilinx\SDK\2016.2\gnu\microblaze\nt\bin;C:\Xilinx\SDK\2016.2\gnu\microblaze\linux_toolchain\nt64_le\bin;C:\Xilinx\SDK\2016.2\gnu\microblaze\linux_toolchain\nt64_be\bin;C:\Xilinx\SDK\2016.2\gnu\arm\nt\bin;C:\Xilinx\SDK\2016.2\gnu\aarch64\nt\aarch64-none\bin;C:\Xilinx\SDK\2016.2\gnu\aarch64\nt\aarch64-linux\bin;C:\Xilinx\SDK\2016.2\gnu\armr5\nt\gcc-arm-none-eabi\bin;C:\Xilinx\SDK\2016.2\gnu\aarch32\nt\gcc-arm-none-eabi\bin;C:\Xilinx\SDK\2016.2\gnu\aarch32\nt\gcc-arm-linux-gnueabi\bin;C:\Xilinx\SDK\2016.2\tps\win64\cmake-3.3.2\bin;;C:\Xilinx\SDK\2016.2\bin;C:\Xilinx\SDK\2016.2\lib\win64.o;C:\Xilinx\SDK\2016.2\tps\win64\jre\bin\server;C:\Xilinx\SDK\2016.2\tps\win64\jre\bin;C:\Xilinx\Vivado\2016.2\ids_lite\ISE\bin\nt64;C:\Xilinx\Vivado\2016.2\ids_lite\ISE\lib\nt64;C:\Xilinx\Vivado\2016.2\bin;C:\Xilinx\Vivado\2016.2\lib\win64.o;C:\Xilinx\Vivado\2016.2\tps\win64\jre\bin\server;C:\Xilinx\Vivado\2016.2\tps\win64\jre\bin;C:\Xilinx\Vivado_HLS\2016.2\bin;C:\Windows\system32;C:\Windows;C:\Windows\System32\Wbem;C:\Windows\System32\WindowsPowerShell\v1.0\;C:\Program Files (x86)\Java\jre6\bin;C:\Program Files (x86)\eclipse;C:\altera\16.0\quartus\bin64;c:\altera\16.0\quartus\bin64\jre64\bin;w:\ece532\integration_Copy2;
USERNAME=dezfoul2
OS=Windows_NT
PROCESSOR_IDENTIFIER=Intel64 Family 6 Model 60 Stepping 3, GenuineIntel



---------------  S Y S T E M  ---------------

OS: Windows 7 , 64 bit Build 7601 (6.1.7601.23418)

CPU:total 8 (4 cores per cpu, 2 threads per core) family 6 model 60 stepping 3, cmov, cx8, fxsr, mmx, sse, sse2, sse3, ssse3, sse4.1, sse4.2, popcnt, avx, avx2, aes, clmul, erms, lzcnt, ht, tsc, tscinvbit, bmi1, bmi2

Memory: 4k page, physical 16683160k(8080812k free), swap 33364460k(24101904k free)

vm_info: Java HotSpot(TM) 64-Bit Server VM (25.66-b18) for windows-amd64 JRE (1.8.0_66-b18), built on Nov  9 2015 10:51:13 by "java_re" with MS VC++ 10.0 (VS2010)

time: Thu Mar 16 16:09:09 2017
elapsed time: 2467 seconds (0d 0h 41m 7s)

