#
# A fatal error has been detected by the Java Runtime Environment:
#
#  EXCEPTION_UNCAUGHT_CXX_EXCEPTION (0xe06d7363) at pc=0x000007fefd74a06d, pid=5448, tid=3792
#
# JRE version: Java(TM) SE Runtime Environment (8.0_66-b18) (build 1.8.0_66-b18)
# Java VM: Java HotSpot(TM) 64-Bit Server VM (25.66-b18 mixed mode windows-amd64 compressed oops)
# Problematic frame:
# C  [KERNELBASE.dll+0x1a06d]
#
# Failed to write core dump. Minidumps are not enabled by default on client versions of Windows
#
# If you would like to submit a bug report, please visit:
#   http://bugreport.java.com/bugreport/crash.jsp
#

---------------  T H R E A D  ---------------

Current thread (0x0000000015002800):  VMThread [stack: 0x0000000015f50000,0x0000000016050000] [id=3792]

siginfo: ExceptionCode=0xe06d7363, ExceptionInformation=0x0000000019930520 0x000000001604f6c8 0x000007feea952cb8 0x000007feea8a0000 

Registers:
RAX=0x0000000060cbe169, RBX=0x000007feea952cb8, RCX=0x000000001604ef10, RDX=0x00000000000000d0
RSP=0x000000001604f520, RBP=0x000000001604f650, RSI=0x00000000ffffffff, RDI=0x0000000000296c00
R8 =0x0000000000000000, R9 =0x0000000000000000, R10=0x000007feea8a0000, R11=0x000000001604f560
R12=0x0000000000000001, R13=0x0000000000000008, R14=0x0000000000000000, R15=0xffffffffffffffff
RIP=0x000007fefd74a06d, EFLAGS=0x0000000000000206

Top of Stack: (sp=0x000000001604f520)
0x000000001604f520:   000007feea952cb8 00000000ffffffff
0x000000001604f530:   0000000000296c00 0000000000236c10
0x000000001604f540:   00000001e06d7363 0000000000000000
0x000000001604f550:   000007fefd74a06d 000007fe00000004
0x000000001604f560:   0000000019930520 000000001604f6c8
0x000000001604f570:   000007feea952cb8 000007feea8a0000
0x000000001604f580:   0000000000000000 000000001604f608
0x000000001604f590:   0000000000000028 0000000000296bf0
0x000000001604f5a0:   000000001750b290 0000000000000000
0x000000001604f5b0:   000007fffffa6000 000000007794f2d3
0x000000001604f5c0:   0000000000000000 0000000000000008
0x000000001604f5d0:   0000000000000001 0000000000296c00
0x000000001604f5e0:   00000000ffffffff 000007feea8fe92c
0x000000001604f5f0:   000007feea952cb8 000000001604f660
0x000000001604f600:   0000000000000001 000007feea8a00f8
0x000000001604f610:   00000001e06d7363 0000000000000000 

Instructions: (pc=0x000007fefd74a06d)
0x000007fefd74a04d:   54 24 24 48 89 4c 24 28 4d 85 c9 0f 85 6a 03 00
0x000007fefd74a05d:   00 89 4c 24 38 48 8d 4c 24 20 ff 15 33 02 03 00
0x000007fefd74a06d:   48 81 c4 c8 00 00 00 c3 90 90 90 90 90 90 90 90
0x000007fefd74a07d:   90 90 90 48 83 ec 28 65 48 8b 04 25 30 00 00 00 


Register to memory mapping:

RAX=0x0000000060cbe169 is an unknown value
RBX=0x000007feea952cb8 is an unknown value
RCX=0x000000001604ef10 is an unknown value
RDX=0x00000000000000d0 is an unknown value
RSP=0x000000001604f520 is an unknown value
RBP=0x000000001604f650 is an unknown value
RSI=0x00000000ffffffff is an unallocated location in the heap
RDI=0x0000000000296c00 is an unknown value
R8 =0x0000000000000000 is an unknown value
R9 =0x0000000000000000 is an unknown value
R10=0x000007feea8a0000 is an unknown value
R11=0x000000001604f560 is an unknown value
R12=0x0000000000000001 is an unknown value
R13=0x0000000000000008 is an unknown value
R14=0x0000000000000000 is an unknown value
R15=0xffffffffffffffff is an unknown value


Stack: [0x0000000015f50000,0x0000000016050000],  sp=0x000000001604f520,  free space=1021k
Native frames: (J=compiled Java code, j=interpreted, Vv=VM code, C=native code)
C  [KERNELBASE.dll+0x1a06d]
C  [MSVCR110.dll+0x5e92c]
C  [MSVCR110.dll+0x1315c]
C  [MSVCR110.dll+0x136a9]
C  [MSVCR110.dll+0x13e9c]
C  [MSVCR110.dll+0x239e]
C  [MSVCR110.dll+0xaf9e]
C  [MSVCP110.dll+0x397b9]
C  [librdi_common.dll+0x182316]
C  [librdi_common.dll+0x180fab]
C  [librdi_target_manager.dll+0x2400]
C  [librdi_target_manager.dll+0x2682]
C  [ntdll.dll+0x229b1]
C  [ntdll.dll+0x227c0]
C  [MSVCR100.dll+0x20ccd]
V  [jvm.dll+0x210cc5]
V  [jvm.dll+0x249897]
V  [jvm.dll+0x248b36]
V  [jvm.dll+0x248fd1]
V  [jvm.dll+0x2491ee]
V  [jvm.dll+0x29a0fa]
C  [MSVCR100.dll+0x21d9f]
C  [MSVCR100.dll+0x21e3b]
C  [kernel32.dll+0x159bd]
C  [ntdll.dll+0x2a2e1]

VM_Operation (0x000000000012f4c0): Exit, mode: safepoint, requested by thread 0x0000000002638000


---------------  P R O C E S S  ---------------

Java Threads: ( => current thread )
  0x0000000021194000 JavaThread "EventThread COM4" [_thread_in_native, id=5332, stack(0x00000000284a0000,0x00000000285a0000)]
  0x0000000021193800 JavaThread "pool-2-thread-1" [_thread_blocked, id=6260, stack(0x00000000283a0000,0x00000000284a0000)]
  0x0000000021192800 JavaThread "Thread-37" [_thread_in_native, id=6612, stack(0x000000001ff80000,0x0000000020080000)]
  0x0000000021192000 JavaThread "Thread-34" daemon [_thread_blocked, id=2524, stack(0x00000000280a0000,0x00000000281a0000)]
  0x000000001c49f800 JavaThread "TCF Channel Transmitter" daemon [_thread_blocked, id=1748, stack(0x0000000024f10000,0x0000000025010000)]
  0x000000001c4a0000 JavaThread "TCF Channel Receiver" daemon [_thread_blocked, id=6272, stack(0x00000000247b0000,0x00000000248b0000)]
  0x000000001c49e000 JavaThread "Process monitor" daemon [_thread_in_native, id=6824, stack(0x00000000242f0000,0x00000000243f0000)]
  0x000000001c49d000 JavaThread "Input Stream Monitor" daemon [_thread_blocked, id=6704, stack(0x00000000241f0000,0x00000000242f0000)]
  0x000000001c49c000 JavaThread "Output Stream Monitor" daemon [_thread_in_native, id=2596, stack(0x00000000240f0000,0x00000000241f0000)]
  0x000000001c49b800 JavaThread "Output Stream Monitor" daemon [_thread_in_native, id=5828, stack(0x0000000023ff0000,0x00000000240f0000)]
  0x0000000017a7e000 JavaThread "Worker-6" [_thread_blocked, id=4584, stack(0x0000000022fc0000,0x00000000230c0000)]
  0x0000000017a78800 JavaThread "TCF Locator DNS Lookup" daemon [_thread_blocked, id=5496, stack(0x0000000021cf0000,0x0000000021df0000)]
  0x0000000017a78000 JavaThread "TCF Locator Timer" daemon [_thread_blocked, id=7104, stack(0x0000000021bf0000,0x0000000021cf0000)]
  0x0000000017a77000 JavaThread "TCF Locator Receiver" daemon [_thread_blocked, id=3864, stack(0x0000000021af0000,0x0000000021bf0000)]
  0x0000000017a75800 JavaThread "TCF Timer Dispatcher" daemon [_thread_blocked, id=5980, stack(0x000000001f2c0000,0x000000001f3c0000)]
  0x0000000017ac1000 JavaThread "EMF Reference Cleaner" daemon [_thread_blocked, id=5036, stack(0x00000000196b0000,0x00000000197b0000)]
  0x00000000150f0800 JavaThread "Service Thread" daemon [_thread_blocked, id=1744, stack(0x0000000016850000,0x0000000016950000)]
  0x0000000015088000 JavaThread "C1 CompilerThread3" daemon [_thread_blocked, id=2516, stack(0x0000000016750000,0x0000000016850000)]
  0x0000000015063000 JavaThread "C2 CompilerThread2" daemon [_thread_blocked, id=3468, stack(0x0000000016650000,0x0000000016750000)]
  0x000000001505c000 JavaThread "C2 CompilerThread1" daemon [_thread_blocked, id=5972, stack(0x0000000016550000,0x0000000016650000)]
  0x0000000015054800 JavaThread "C2 CompilerThread0" daemon [_thread_blocked, id=4152, stack(0x0000000016450000,0x0000000016550000)]
  0x0000000015051000 JavaThread "Attach Listener" daemon [_thread_blocked, id=6072, stack(0x0000000016350000,0x0000000016450000)]
  0x0000000015050000 JavaThread "Signal Dispatcher" daemon [_thread_blocked, id=4816, stack(0x0000000016250000,0x0000000016350000)]
  0x0000000013e8e000 JavaThread "Finalizer" daemon [_thread_blocked, id=5548, stack(0x0000000016150000,0x0000000016250000)]
  0x0000000013e87800 JavaThread "Reference Handler" daemon [_thread_blocked, id=3268, stack(0x0000000016050000,0x0000000016150000)]
  0x0000000002638000 JavaThread "main" [_thread_blocked, id=680, stack(0x0000000000030000,0x0000000000130000)]

Other Threads:
=>0x0000000015002800 VMThread [stack: 0x0000000015f50000,0x0000000016050000] [id=3792]

VM state:at safepoint (shutting down)

VM Mutex/Monitor currently owned by a thread:  ([mutex/lock_event])
[0x00000000025ce2f0] Threads_lock - owner thread: 0x0000000015002800

Heap:
 PSYoungGen      total 99840K, used 15959K [0x00000000f5580000, 0x00000000ff680000, 0x0000000100000000)
  eden space 92160K, 9% used [0x00000000f5580000,0x00000000f5dca6b0,0x00000000faf80000)
  from space 7680K, 97% used [0x00000000fb200000,0x00000000fb94b6d0,0x00000000fb980000)
  to   space 36352K, 0% used [0x00000000fd300000,0x00000000fd300000,0x00000000ff680000)
 ParOldGen       total 114688K, used 59945K [0x00000000e0000000, 0x00000000e7000000, 0x00000000f5580000)
  object space 114688K, 52% used [0x00000000e0000000,0x00000000e3a8a718,0x00000000e7000000)
 Metaspace       used 88094K, capacity 95470K, committed 95512K, reserved 1132544K
  class space    used 10654K, capacity 13064K, committed 13088K, reserved 1048576K

Card table byte_map: [0x0000000011a90000,0x0000000011ba0000] byte_map_base: 0x0000000011390000

Marking Bits: (ParMarkBitMap*) 0x00000000707fa5b0
 Begin Bits: [0x00000000123a0000, 0x0000000012ba0000)
 End Bits:   [0x0000000012ba0000, 0x00000000133a0000)

Polling page: 0x0000000000320000

CodeCache: size=245760Kb used=34621Kb max_used=35441Kb free=211138Kb
 bounds [0x00000000026d0000, 0x00000000049b0000, 0x00000000116d0000]
 total_blobs=10486 nmethods=9579 adapters=813
 compilation: enabled

Compilation events (10 events):
Event: 230.888 Thread 0x0000000015088000 nmethod 12139 0x00000000044ce3d0 code [0x00000000044ce560, 0x00000000044ceba8]
Event: 230.888 Thread 0x0000000015088000 12132       3       org.eclipse.osgi.container.ModuleWiring::invalidate0 (52 bytes)
Event: 230.889 Thread 0x0000000015088000 nmethod 12132 0x0000000002b98f10 code [0x0000000002b990c0, 0x0000000002b99a68]
Event: 230.889 Thread 0x0000000015088000 12133       3       org.eclipse.osgi.internal.container.AtomicLazyInitializer::getAndClear (9 bytes)
Event: 230.889 Thread 0x0000000015088000 nmethod 12133 0x0000000003a98c10 code [0x0000000003a98d80, 0x0000000003a98fd0]
Event: 230.889 Thread 0x0000000015088000 12134       3       java.util.concurrent.atomic.AtomicReference::getAndSet (12 bytes)
Event: 230.889 Thread 0x0000000015088000 nmethod 12134 0x0000000003563910 code [0x0000000003563a60, 0x0000000003563bd0]
Event: 230.889 Thread 0x0000000015088000 12135       3       sun.misc.Unsafe::getAndSetObject (24 bytes)
Event: 230.889 Thread 0x0000000015088000 nmethod 12135 0x0000000003aef390 code [0x0000000003aef500, 0x0000000003aef710]
Event: 230.889 Thread 0x0000000015088000 12136       3       org.eclipse.osgi.internal.framework.EquinoxContainerAdaptor::invalidateWiring (186 bytes)

GC Heap History (10 events):
Event: 62.197 GC heap before
{Heap before GC invocations=19 (full 3):
 PSYoungGen      total 118272K, used 88732K [0x00000000f5580000, 0x00000000ff600000, 0x0000000100000000)
  eden space 84480K, 73% used [0x00000000f5580000,0x00000000f921af58,0x00000000fa800000)
  from space 33792K, 78% used [0x00000000fa800000,0x00000000fc20c340,0x00000000fc900000)
  to   space 35840K, 0% used [0x00000000fd300000,0x00000000fd300000,0x00000000ff600000)
 ParOldGen       total 114688K, used 43996K [0x00000000e0000000, 0x00000000e7000000, 0x00000000f5580000)
  object space 114688K, 38% used [0x00000000e0000000,0x00000000e2af7388,0x00000000e7000000)
 Metaspace       used 80031K, capacity 86312K, committed 86424K, reserved 1124352K
  class space    used 9664K, capacity 11629K, committed 11680K, reserved 1048576K
Event: 62.210 GC heap after
Heap after GC invocations=19 (full 3):
 PSYoungGen      total 126976K, used 25379K [0x00000000f5580000, 0x00000000ff900000, 0x0000000100000000)
  eden space 91136K, 0% used [0x00000000f5580000,0x00000000f5580000,0x00000000fae80000)
  from space 35840K, 70% used [0x00000000fd300000,0x00000000febc8dd8,0x00000000ff600000)
  to   space 37376K, 0% used [0x00000000fae80000,0x00000000fae80000,0x00000000fd300000)
 ParOldGen       total 114688K, used 44004K [0x00000000e0000000, 0x00000000e7000000, 0x00000000f5580000)
  object space 114688K, 38% used [0x00000000e0000000,0x00000000e2af9388,0x00000000e7000000)
 Metaspace       used 80031K, capacity 86312K, committed 86424K, reserved 1124352K
  class space    used 9664K, capacity 11629K, committed 11680K, reserved 1048576K
}
Event: 62.211 GC heap before
{Heap before GC invocations=20 (full 4):
 PSYoungGen      total 126976K, used 25379K [0x00000000f5580000, 0x00000000ff900000, 0x0000000100000000)
  eden space 91136K, 0% used [0x00000000f5580000,0x00000000f5580000,0x00000000fae80000)
  from space 35840K, 70% used [0x00000000fd300000,0x00000000febc8dd8,0x00000000ff600000)
  to   space 37376K, 0% used [0x00000000fae80000,0x00000000fae80000,0x00000000fd300000)
 ParOldGen       total 114688K, used 44004K [0x00000000e0000000, 0x00000000e7000000, 0x00000000f5580000)
  object space 114688K, 38% used [0x00000000e0000000,0x00000000e2af9388,0x00000000e7000000)
 Metaspace       used 80031K, capacity 86312K, committed 86424K, reserved 1124352K
  class space    used 9664K, capacity 11629K, committed 11680K, reserved 1048576K
Event: 62.484 GC heap after
Heap after GC invocations=20 (full 4):
 PSYoungGen      total 126976K, used 0K [0x00000000f5580000, 0x00000000ff900000, 0x0000000100000000)
  eden space 91136K, 0% used [0x00000000f5580000,0x00000000f5580000,0x00000000fae80000)
  from space 35840K, 0% used [0x00000000fd300000,0x00000000fd300000,0x00000000ff600000)
  to   space 37376K, 0% used [0x00000000fae80000,0x00000000fae80000,0x00000000fd300000)
 ParOldGen       total 114688K, used 59921K [0x00000000e0000000, 0x00000000e7000000, 0x00000000f5580000)
  object space 114688K, 52% used [0x00000000e0000000,0x00000000e3a84718,0x00000000e7000000)
 Metaspace       used 80031K, capacity 86312K, committed 86424K, reserved 1124352K
  class space    used 9664K, capacity 11629K, committed 11680K, reserved 1048576K
}
Event: 101.101 GC heap before
{Heap before GC invocations=21 (full 4):
 PSYoungGen      total 126976K, used 91136K [0x00000000f5580000, 0x00000000ff900000, 0x0000000100000000)
  eden space 91136K, 100% used [0x00000000f5580000,0x00000000fae80000,0x00000000fae80000)
  from space 35840K, 0% used [0x00000000fd300000,0x00000000fd300000,0x00000000ff600000)
  to   space 37376K, 0% used [0x00000000fae80000,0x00000000fae80000,0x00000000fd300000)
 ParOldGen       total 114688K, used 59921K [0x00000000e0000000, 0x00000000e7000000, 0x00000000f5580000)
  object space 114688K, 52% used [0x00000000e0000000,0x00000000e3a84718,0x00000000e7000000)
 Metaspace       used 83431K, capacity 90182K, committed 90392K, reserved 1128448K
  class space    used 10078K, capacity 12302K, committed 12320K, reserved 1048576K
Event: 101.106 GC heap after
Heap after GC invocations=21 (full 4):
 PSYoungGen      total 128512K, used 8035K [0x00000000f5580000, 0x00000000ffd80000, 0x0000000100000000)
  eden space 91136K, 0% used [0x00000000f5580000,0x00000000f5580000,0x00000000fae80000)
  from space 37376K, 21% used [0x00000000fae80000,0x00000000fb658f48,0x00000000fd300000)
  to   space 36864K, 0% used [0x00000000fd980000,0x00000000fd980000,0x00000000ffd80000)
 ParOldGen       total 114688K, used 59929K [0x00000000e0000000, 0x00000000e7000000, 0x00000000f5580000)
  object space 114688K, 52% used [0x00000000e0000000,0x00000000e3a86718,0x00000000e7000000)
 Metaspace       used 83431K, capacity 90182K, committed 90392K, reserved 1128448K
  class space    used 10078K, capacity 12302K, committed 12320K, reserved 1048576K
}
Event: 179.111 GC heap before
{Heap before GC invocations=22 (full 4):
 PSYoungGen      total 128512K, used 99171K [0x00000000f5580000, 0x00000000ffd80000, 0x0000000100000000)
  eden space 91136K, 100% used [0x00000000f5580000,0x00000000fae80000,0x00000000fae80000)
  from space 37376K, 21% used [0x00000000fae80000,0x00000000fb658f48,0x00000000fd300000)
  to   space 36864K, 0% used [0x00000000fd980000,0x00000000fd980000,0x00000000ffd80000)
 ParOldGen       total 114688K, used 59929K [0x00000000e0000000, 0x00000000e7000000, 0x00000000f5580000)
  object space 114688K, 52% used [0x00000000e0000000,0x00000000e3a86718,0x00000000e7000000)
 Metaspace       used 85443K, capacity 92706K, committed 92824K, reserved 1130496K
  class space    used 10361K, capacity 12663K, committed 12704K, reserved 1048576K
Event: 179.119 GC heap after
Heap after GC invocations=22 (full 4):
 PSYoungGen      total 128000K, used 5871K [0x00000000f5580000, 0x00000000ffa00000, 0x0000000100000000)
  eden space 94720K, 0% used [0x00000000f5580000,0x00000000f5580000,0x00000000fb200000)
  from space 33280K, 17% used [0x00000000fd980000,0x00000000fdf3bc20,0x00000000ffa00000)
  to   space 36864K, 0% used [0x00000000fb200000,0x00000000fb200000,0x00000000fd600000)
 ParOldGen       total 114688K, used 59937K [0x00000000e0000000, 0x00000000e7000000, 0x00000000f5580000)
  object space 114688K, 52% used [0x00000000e0000000,0x00000000e3a88718,0x00000000e7000000)
 Metaspace       used 85443K, capacity 92706K, committed 92824K, reserved 1130496K
  class space    used 10361K, capacity 12663K, committed 12704K, reserved 1048576K
}
Event: 229.722 GC heap before
{Heap before GC invocations=23 (full 4):
 PSYoungGen      total 128000K, used 100591K [0x00000000f5580000, 0x00000000ffa00000, 0x0000000100000000)
  eden space 94720K, 100% used [0x00000000f5580000,0x00000000fb200000,0x00000000fb200000)
  from space 33280K, 17% used [0x00000000fd980000,0x00000000fdf3bc20,0x00000000ffa00000)
  to   space 36864K, 0% used [0x00000000fb200000,0x00000000fb200000,0x00000000fd600000)
 ParOldGen       total 114688K, used 59937K [0x00000000e0000000, 0x00000000e7000000, 0x00000000f5580000)
  object space 114688K, 52% used [0x00000000e0000000,0x00000000e3a88718,0x00000000e7000000)
 Metaspace       used 87740K, capacity 95242K, committed 95512K, reserved 1132544K
  class space    used 10619K, capacity 13032K, committed 13088K, reserved 1048576K
Event: 229.741 GC heap after
Heap after GC invocations=23 (full 4):
 PSYoungGen      total 99840K, used 7469K [0x00000000f5580000, 0x00000000ff680000, 0x0000000100000000)
  eden space 92160K, 0% used [0x00000000f5580000,0x00000000f5580000,0x00000000faf80000)
  from space 7680K, 97% used [0x00000000fb200000,0x00000000fb94b6d0,0x00000000fb980000)
  to   space 36352K, 0% used [0x00000000fd300000,0x00000000fd300000,0x00000000ff680000)
 ParOldGen       total 114688K, used 59945K [0x00000000e0000000, 0x00000000e7000000, 0x00000000f5580000)
  object space 114688K, 52% used [0x00000000e0000000,0x00000000e3a8a718,0x00000000e7000000)
 Metaspace       used 87740K, capacity 95242K, committed 95512K, reserved 1132544K
  class space    used 10619K, capacity 13032K, committed 13088K, reserved 1048576K
}

Deoptimization events (10 events):
Event: 229.711 Thread 0x000000001e067800 Uncommon trap: reason=unstable_if action=reinterpret pc=0x00000000047340d4 method=org.eclipse.equinox.internal.event.EventHandlerTracker.getHandlers(Ljava/lang/String;)Ljava/util/Set; @ 28
Event: 229.712 Thread 0x000000001e067800 Uncommon trap: reason=class_check action=maybe_recompile pc=0x00000000048f1060 method=org.eclipse.e4.core.internal.contexts.TrackableComputationExt.update(Lorg/eclipse/e4/core/internal/contexts/ContextChangeEvent;)Z @ 62
Event: 229.712 Thread 0x000000001e067800 Uncommon trap: reason=class_check action=maybe_recompile pc=0x00000000048f1060 method=org.eclipse.e4.core.internal.contexts.TrackableComputationExt.update(Lorg/eclipse/e4/core/internal/contexts/ContextChangeEvent;)Z @ 62
Event: 229.927 Thread 0x0000000021191000 Uncommon trap: reason=unstable_if action=reinterpret pc=0x0000000002854664 method=sun.nio.cs.SingleByte$Encoder.encode(C)I @ 13
Event: 229.927 Thread 0x0000000021191000 Uncommon trap: reason=unstable_if action=reinterpret pc=0x0000000003bdb4d8 method=java.nio.charset.CharsetEncoder.encode(Ljava/nio/CharBuffer;Ljava/nio/ByteBuffer;Z)Ljava/nio/charset/CoderResult; @ 105
Event: 229.929 Thread 0x000000001e067800 Uncommon trap: reason=predicate action=maybe_recompile pc=0x00000000048d3374 method=java.io.OutputStream.write([BII)V @ 62
Event: 229.974 Thread 0x000000001e067800 Uncommon trap: reason=unstable_if action=reinterpret pc=0x0000000003d37dac method=java.nio.charset.CoderResult.isOverflow()Z @ 5
Event: 230.500 Thread 0x000000001e067800 Uncommon trap: reason=unstable_if action=reinterpret pc=0x0000000003601e6c method=org.eclipse.osgi.internal.hooks.EclipseLazyStarter.shouldActivateFor(Ljava/lang/String;Lorg/eclipse/osgi/container/Module;Lorg/eclipse/osgi/container/ModuleRevision;Lorg/ecliæœ„[Ðl@
Event: 230.511 Thread 0x000000001e067800 Uncommon trap: reason=null_check action=maybe_recompile pc=0x00000000042e49fc method=com.xilinx.sdk.targetmanager.internal.json.XMDJSONProcess.issueCommand(Ljava/lang/String;)Lcom/xilinx/sdk/targetmanager/internal/IXMDResult; @ 3
Event: 230.882 Thread 0x000000001e067800 Uncommon trap: reason=unstable_if action=reinterpret pc=0x00000000046e30cc method=sun.reflect.UnsafeStaticObjectFieldAccessorImpl.set(Ljava/lang/Object;Ljava/lang/Object;)V @ 13

Internal exceptions (10 events):
Event: 230.511 Thread 0x000000001e067800 Implicit null exception at 0x00000000042e41a4 to 0x00000000042e49ed
Event: 230.511 Thread 0x000000001e067800 Exception <a 'java/lang/NullPointerException'> (0x00000000f596ce90) thrown at [C:\re\workspace\8-2-build-windows-amd64-cygwin\jdk8u66\5298\hotspot\src\share\vm\prims\jvm.cpp, line 1390]
Event: 230.536 Thread 0x0000000017a72800 Exception <a 'java/lang/InterruptedException'> (0x00000000f5ab0060) thrown at [C:\re\workspace\8-2-build-windows-amd64-cygwin\jdk8u66\5298\hotspot\src\share\vm\runtime\objectMonitor.cpp, line 1683]
Event: 230.869 Thread 0x000000001e067800 Exception <a 'java/io/IOException'> (0x00000000f5aacbf0) thrown at [C:\re\workspace\8-2-build-windows-amd64-cygwin\jdk8u66\5298\hotspot\src\share\vm\prims\jni.cpp, line 709]
Event: 230.869 Thread 0x000000001e067800 Exception <a 'java/io/IOException'> (0x00000000f5aace80) thrown at [C:\re\workspace\8-2-build-windows-amd64-cygwin\jdk8u66\5298\hotspot\src\share\vm\prims\jni.cpp, line 709]
Event: 230.869 Thread 0x000000001e067800 Exception <a 'java/io/IOException'> (0x00000000f5aad0e0) thrown at [C:\re\workspace\8-2-build-windows-amd64-cygwin\jdk8u66\5298\hotspot\src\share\vm\prims\jni.cpp, line 709]
Event: 230.882 Thread 0x000000001e067800 Implicit null exception at 0x00000000046e2dcf to 0x00000000046e30b9
Event: 230.882 Thread 0x00000000177e4000 Exception <a 'java/lang/InterruptedException'> (0x00000000f5aa20c0) thrown at [C:\re\workspace\8-2-build-windows-amd64-cygwin\jdk8u66\5298\hotspot\src\share\vm\runtime\objectMonitor.cpp, line 1683]
Event: 230.886 Thread 0x0000000017a73800 Exception <a 'java/lang/InterruptedException'> (0x00000000f58e54f0) thrown at [C:\re\workspace\8-2-build-windows-amd64-cygwin\jdk8u66\5298\hotspot\src\share\vm\runtime\objectMonitor.cpp, line 1683]
Event: 230.886 Thread 0x000000001776a800 Exception <a 'java/lang/InterruptedException'> (0x00000000f5c9df70) thrown at [C:\re\workspace\8-2-build-windows-amd64-cygwin\jdk8u66\5298\hotspot\src\share\vm\runtime\objectMonitor.cpp, line 1683]

Events (10 events):
Event: 230.887 Executing VM operation: RevokeBias
Event: 230.887 Executing VM operation: RevokeBias done
Event: 230.888 Thread 0x000000001e067800 Thread exited: 0x000000001e067800
Event: 230.888 loading class java/util/IdentityHashMap$KeyIterator
Event: 230.889 loading class java/util/IdentityHashMap$IdentityHashMapIterator
Event: 230.889 loading class java/util/IdentityHashMap$IdentityHashMapIterator done
Event: 230.889 loading class java/util/IdentityHashMap$KeyIterator done
Event: 230.889 Thread 0x000000001e067800 Thread added: 0x000000001e067800
Event: 230.889 Thread 0x000000001e067800 Thread exited: 0x000000001e067800
Event: 230.889 Executing VM operation: Exit


Dynamic libraries:
0x0000000000400000 - 0x000000000044f000 	C:\Xilinx\SDK\2016.2\eclipse\win64.o\eclipse.exe
0x0000000077900000 - 0x0000000077aaa000 	C:\Windows\SYSTEM32\ntdll.dll
0x00000000777e0000 - 0x00000000778ff000 	C:\Windows\system32\kernel32.dll
0x000007fefd730000 - 0x000007fefd79a000 	C:\Windows\system32\KERNELBASE.dll
0x00000000776e0000 - 0x00000000777da000 	C:\Windows\system32\USER32.dll
0x000007fefe8a0000 - 0x000007fefe907000 	C:\Windows\system32\GDI32.dll
0x000007fefe3a0000 - 0x000007fefe3ae000 	C:\Windows\system32\LPK.dll
0x000007fefda30000 - 0x000007fefdafa000 	C:\Windows\system32\USP10.dll
0x000007fefdb00000 - 0x000007fefdb9f000 	C:\Windows\system32\msvcrt.dll
0x000007fefbf50000 - 0x000007fefc144000 	C:\Windows\WinSxS\amd64_microsoft.windows.common-controls_6595b64144ccf1df_6.0.7601.18837_none_fa3b1e3d17594757\COMCTL32.dll
0x000007fefdf70000 - 0x000007fefdfe1000 	C:\Windows\system32\SHLWAPI.dll
0x000007fefea20000 - 0x000007fefea4e000 	C:\Windows\system32\IMM32.DLL
0x000007fefe910000 - 0x000007fefea19000 	C:\Windows\system32\MSCTF.dll
0x0000000072000000 - 0x0000000072012000 	C:\Xilinx\SDK\2016.2\eclipse\win64.o\plugins\org.eclipse.equinox.launcher.win32.win32.x86_64_1.1.300.v20150602-1417\eclipse_1611.dll
0x000007fefe720000 - 0x000007fefe7fb000 	C:\Windows\system32\ADVAPI32.dll
0x000007fefda10000 - 0x000007fefda2f000 	C:\Windows\SYSTEM32\sechost.dll
0x000007fefed50000 - 0x000007fefee7d000 	C:\Windows\system32\RPCRT4.dll
0x000007fefc6d0000 - 0x000007fefc6dc000 	C:\Windows\system32\VERSION.dll
0x000007fefc200000 - 0x000007fefc256000 	C:\Windows\system32\UxTheme.dll
0x000000006fff0000 - 0x0000000070879000 	C:\Xilinx\SDK\2016.2\tps\win64\jre\bin\server\jvm.dll
0x000007fef0990000 - 0x000007fef0999000 	C:\Windows\system32\WSOCK32.dll
0x000007fefed00000 - 0x000007fefed4d000 	C:\Windows\system32\WS2_32.dll
0x000007fefda00000 - 0x000007fefda08000 	C:\Windows\system32\NSI.dll
0x000007fef9ac0000 - 0x000007fef9afb000 	C:\Windows\system32\WINMM.dll
0x0000000077ac0000 - 0x0000000077ac7000 	C:\Windows\system32\PSAPI.DLL
0x0000000072320000 - 0x00000000723f2000 	C:\Windows\system32\MSVCR100.dll
0x0000000072400000 - 0x000000007240f000 	C:\Xilinx\SDK\2016.2\tps\win64\jre\bin\verify.dll
0x0000000072270000 - 0x0000000072299000 	C:\Xilinx\SDK\2016.2\tps\win64\jre\bin\java.dll
0x00000000722b0000 - 0x00000000722c6000 	C:\Xilinx\SDK\2016.2\tps\win64\jre\bin\zip.dll
0x000007fefee80000 - 0x000007feffc09000 	C:\Windows\system32\SHELL32.dll
0x000007fefead0000 - 0x000007fefecd3000 	C:\Windows\system32\ole32.dll
0x000007fefd650000 - 0x000007fefd65f000 	C:\Windows\system32\profapi.dll
0x000007fefce40000 - 0x000007fefce58000 	C:\Windows\system32\CRYPTSP.dll
0x000007fefcb40000 - 0x000007fefcb87000 	C:\Windows\system32\rsaenh.dll
0x000007fefd870000 - 0x000007fefd88e000 	C:\Windows\system32\USERENV.dll
0x000007fefd440000 - 0x000007fefd44f000 	C:\Windows\system32\CRYPTBASE.dll
0x0000000072250000 - 0x000000007226a000 	C:\Xilinx\SDK\2016.2\tps\win64\jre\bin\net.dll
0x000007fefcde0000 - 0x000007fefce35000 	C:\Windows\system32\mswsock.dll
0x000007fefcdd0000 - 0x000007fefcdd7000 	C:\Windows\System32\wship6.dll
0x000007fefab10000 - 0x000007fefab37000 	C:\Windows\system32\IPHLPAPI.DLL
0x000007fefaaf0000 - 0x000007fefaafb000 	C:\Windows\system32\WINNSI.DLL
0x000007fefa920000 - 0x000007fefa931000 	C:\Windows\system32\dhcpcsvc6.DLL
0x000007fefa900000 - 0x000007fefa918000 	C:\Windows\system32\dhcpcsvc.DLL
0x0000000002330000 - 0x0000000002341000 	C:\Xilinx\SDK\2016.2\tps\win64\jre\bin\nio.dll
0x000007fefae20000 - 0x000007fefae35000 	C:\Windows\system32\NLAapi.dll
0x000007fef85b0000 - 0x000007fef85c5000 	C:\Windows\system32\napinsp.dll
0x000007fef8570000 - 0x000007fef8589000 	C:\Windows\system32\pnrpnsp.dll
0x000007fefcc60000 - 0x000007fefccbb000 	C:\Windows\system32\DNSAPI.dll
0x000007fef85a0000 - 0x000007fef85ab000 	C:\Windows\System32\winrnr.dll
0x000007fefc7a0000 - 0x000007fefc7a7000 	C:\Windows\System32\wshtcpip.dll
0x000007fef98c0000 - 0x000007fef98c8000 	C:\Windows\system32\rasadhlp.dll
0x000007fefa9b0000 - 0x000007fefaa03000 	C:\Windows\System32\fwpuclnt.dll
0x0000000017250000 - 0x00000000172f8000 	C:\Users\dezfoul2\.Xilinx\SDK\2016.2\org.eclipse.osgi\312\0\.cp\swt-win32-4527.dll
0x000007fefdff0000 - 0x000007fefe0c8000 	C:\Windows\system32\OLEAUT32.dll
0x000007fefde70000 - 0x000007fefdf07000 	C:\Windows\system32\comdlg32.dll
0x000007fef6f30000 - 0x000007fef6fa1000 	C:\Windows\system32\WINSPOOL.DRV
0x000007fefe0d0000 - 0x000007fefe395000 	C:\Windows\system32\WININET.dll
0x000007fefd840000 - 0x000007fefd844000 	C:\Windows\system32\api-ms-win-downlevel-user32-l1-1-0.dll
0x000007fefd710000 - 0x000007fefd714000 	C:\Windows\system32\api-ms-win-downlevel-shlwapi-l1-1-0.dll
0x000007fefd700000 - 0x000007fefd704000 	C:\Windows\system32\api-ms-win-downlevel-version-l1-1-0.dll
0x000007fefd860000 - 0x000007fefd863000 	C:\Windows\system32\api-ms-win-downlevel-normaliz-l1-1-0.dll
0x0000000077ad0000 - 0x0000000077ad3000 	C:\Windows\system32\normaliz.DLL
0x000007fefdba0000 - 0x000007fefde69000 	C:\Windows\system32\iertutil.dll
0x000007fefd720000 - 0x000007fefd725000 	C:\Windows\system32\api-ms-win-downlevel-advapi32-l1-1-0.dll
0x000007fefd890000 - 0x000007fefd9fd000 	C:\Windows\system32\CRYPT32.dll
0x000007fefd640000 - 0x000007fefd64f000 	C:\Windows\system32\MSASN1.dll
0x000007fefb9c0000 - 0x000007fefbaec000 	C:\Windows\system32\propsys.dll
0x000007fefe800000 - 0x000007fefe899000 	C:\Windows\system32\CLBCatQ.DLL
0x0000000002410000 - 0x000000000242e000 	C:\Users\dezfoul2\.Xilinx\SDK\2016.2\org.eclipse.osgi\312\0\.cp\swt-gdip-win32-4527.dll
0x000007fef36f0000 - 0x000007fef3906000 	C:\Windows\WinSxS\amd64_microsoft.windows.gdiplus_6595b64144ccf1df_1.1.7601.23508_none_145555328b95eaaa\gdiplus.dll
0x000007fefbb60000 - 0x000007fefbcc1000 	C:\Windows\system32\WindowsCodecs.dll
0x0000000180000000 - 0x0000000180012000 	C:\Users\dezfoul2\.Xilinx\SDK\2016.2\org.eclipse.osgi\126\0\.cp\os\win32\x86_64\localfile_1_0_0.dll
0x000007feed700000 - 0x000007feed754000 	C:\Windows\system32\oleacc.dll
0x000007fefbee0000 - 0x000007fefbee7000 	C:\Windows\system32\msimg32.dll
0x000007fefd590000 - 0x000007fefd5a4000 	C:\Windows\system32\RpcRtRemote.dll
0x000007fefd4f0000 - 0x000007fefd547000 	C:\Windows\system32\apphelp.dll
0x000007fef50a0000 - 0x000007fef50b1000 	C:\Users\dezfoul2\.Xilinx\SDK\2016.2\org.eclipse.osgi\129\0\.cp\jWinHttp-1.0.0.dll
0x000007fef9370000 - 0x000007fef93e1000 	C:\Windows\system32\WINHTTP.dll
0x000007fef9300000 - 0x000007fef9364000 	C:\Windows\system32\webio.dll
0x000007fefd410000 - 0x000007fefd435000 	C:\Windows\system32\SspiCli.dll
0x000007fefca00000 - 0x000007fefca0a000 	C:\Windows\system32\credssp.dll
0x000007fefd660000 - 0x000007fefd696000 	C:\Windows\system32\CFGMGR32.dll
0x000007fefa2d0000 - 0x000007fefa2df000 	C:\Xilinx\SDK\2016.2\lib\win64.o\librdi_repo_manager.dll
0x000007fef1b60000 - 0x000007fef1b8a000 	C:\Xilinx\SDK\2016.2\lib\win64.o\libisl_sysinfo.dll
0x000007feea8a0000 - 0x000007feea974000 	C:\Windows\system32\MSVCR110.dll
0x000007feea980000 - 0x000007feeaa27000 	C:\Windows\system32\MSVCP110.dll
0x000007feba8c0000 - 0x000007febb300000 	C:\Xilinx\SDK\2016.2\lib\win64.o\librdi_common.dll
0x000007febb9d0000 - 0x000007febbd3e000 	C:\Xilinx\SDK\2016.2\lib\win64.o\libCOIN-all.dll
0x000007febb7b0000 - 0x000007febb9cf000 	C:\Xilinx\SDK\2016.2\lib\win64.o\libXil_lmgr11.dll
0x000007fefb6b0000 - 0x000007fefb6c6000 	C:\Windows\system32\NETAPI32.dll
0x000007fefca70000 - 0x000007fefca7c000 	C:\Windows\system32\netutils.dll
0x000007fefd0e0000 - 0x000007fefd103000 	C:\Windows\system32\srvcli.dll
0x000007fefb690000 - 0x000007fefb6a5000 	C:\Windows\system32\wkscli.dll
0x000007fefd6c0000 - 0x000007fefd6fb000 	C:\Windows\system32\WINTRUST.dll
0x000007fefa210000 - 0x000007fefa220000 	C:\Xilinx\SDK\2016.2\lib\win64.o\libboost_date_time.dll
0x000007fef19b0000 - 0x000007fef19d4000 	C:\Xilinx\SDK\2016.2\lib\win64.o\libboost_filesystem.dll
0x000007fefa330000 - 0x000007fefa339000 	C:\Xilinx\SDK\2016.2\lib\win64.o\libboost_system.dll
0x000007fee8ed0000 - 0x000007fee8f47000 	C:\Xilinx\SDK\2016.2\lib\win64.o\libboost_program_options.dll
0x000007febb6a0000 - 0x000007febb7a6000 	C:\Xilinx\SDK\2016.2\lib\win64.o\libboost_regex.dll
0x000007fef6230000 - 0x000007fef6243000 	C:\Xilinx\SDK\2016.2\lib\win64.o\libboost_signals.dll
0x000007fef4bf0000 - 0x000007fef4c0d000 	C:\Xilinx\SDK\2016.2\lib\win64.o\libboost_thread.dll
0x000007fef9c90000 - 0x000007fef9c9b000 	C:\Xilinx\SDK\2016.2\lib\win64.o\libboost_chrono.dll
0x000007fef9a00000 - 0x000007fef9a0b000 	C:\Xilinx\SDK\2016.2\lib\win64.o\libboost_xilinx.dll
0x000007fef0770000 - 0x000007fef07f0000 	C:\Xilinx\SDK\2016.2\lib\win64.o\libhdlpsolve.dll
0x000007fec8cd0000 - 0x000007fec8d6a000 	C:\Xilinx\SDK\2016.2\lib\win64.o\libhdxml.dll
0x000007feba450000 - 0x000007feba8b5e00 	C:\Xilinx\SDK\2016.2\lib\win64.o\libisl_iostreams.dll
0x000007fef1990000 - 0x000007fef19a6000 	C:\Xilinx\SDK\2016.2\lib\win64.o\libboost_iostreams.dll
0x000007fef09a0000 - 0x000007fef09c3000 	C:\Xilinx\SDK\2016.2\lib\win64.o\librdizlib.dll
0x000007fef0900000 - 0x000007fef0923000 	C:\Xilinx\SDK\2016.2\lib\win64.o\libisl_iosutils.dll
0x000007fef3d30000 - 0x000007fef3d45000 	C:\Xilinx\SDK\2016.2\lib\win64.o\pthreadVC2.dll
0x000007fecc700000 - 0x000007fecc754000 	C:\Xilinx\SDK\2016.2\lib\win64.o\librdi_commonxillic.dll
0x000007febb570000 - 0x000007febb6a0000 	C:\Xilinx\SDK\2016.2\lib\win64.o\librdi_curl.dll
0x000007fef08c0000 - 0x000007fef08d8000 	C:\Xilinx\SDK\2016.2\lib\win64.o\librdiconfig.dll
0x0000000071870000 - 0x0000000071997000 	C:\Xilinx\SDK\2016.2\lib\win64.o\tcl85t.dll
0x0000000023610000 - 0x0000000023873000 	C:\Xilinx\SDK\2016.2\lib\win64.o\xerces-c_3_1.dll
0x000007fefe590000 - 0x000007fefe716000 	C:\Windows\system32\urlmon.dll
0x000007fefd850000 - 0x000007fefd854000 	C:\Windows\system32\api-ms-win-downlevel-ole32-l1-1-0.dll
0x000007fef7750000 - 0x000007fef7773000 	C:\Windows\system32\VCOMP110.DLL
0x000007febb370000 - 0x000007febb562000 	C:\Xilinx\SDK\2016.2\lib\win64.o\librdi_hsm.dll
0x000007feee600000 - 0x000007feee643000 	C:\Xilinx\SDK\2016.2\lib\win64.o\librdi_hdf.dll
0x000007feba1c0000 - 0x000007feba441000 	C:\Xilinx\SDK\2016.2\lib\win64.o\librdi_ippcw.dll
0x000007fef0750000 - 0x000007fef0766000 	C:\Xilinx\SDK\2016.2\eclipse\win64.o\plugins\org.eclipse.cdt.core.win32.x86_64_5.4.0.201509131935\os\win32\x86_64\spawner.dll
0x000007fef9b80000 - 0x000007fef9b8a000 	C:\Xilinx\SDK\2016.2\lib\win64.o\librdi_jtag_settings.dll
0x000007feece10000 - 0x000007feece39000 	C:\Xilinx\SDK\2016.2\lib\win64.o\librdi_debug_dialog.dll
0x000007fef7080000 - 0x000007fef7088000 	C:\Xilinx\SDK\2016.2\lib\win64.o\librdi_target_manager.dll
0x0000000071080000 - 0x00000000710a6000 	C:\Xilinx\SDK\2016.2\eclipse\win64.o\plugins\gnu.io.rxtx.win32.x86_64_2.1.7.3_v20071015\os\win32\x86_64\rxtxSerial.dll
0x0000000071100000 - 0x0000000071125000 	C:\Users\dezfoul2\.jssc\windows\jSSC-2.8_x86_64.dll
0x000007feaea20000 - 0x000007feaf230000 	C:\Xilinx\SDK\2016.2\lib\win64.o\libXil_lmgr11FNP.dll

VM Arguments:
jvm_args: -Dcom.xilinx.sdk.args.hwspec=W:/ece532/src/hdmi.sdk/hdmi_wrapper.hdf -Xms64m -Xmx512m & 
java_command: <unknown>
java_class_path (initial): C:\Xilinx\SDK\2016.2\eclipse\win64.o\\plugins/org.eclipse.equinox.launcher_1.3.100.v20150511-1540.jar
Launcher Type: generic

Environment Variables:
PATH=C:/Xilinx/SDK/2016.2/tps/win64/jre/bin/server;C:/Xilinx/SDK/2016.2/tps/win64/jre/bin;C:/Xilinx/SDK/2016.2/tps/win64/jre/lib/amd64;C:\Xilinx\SDK\2016.2\gnuwin\bin;C:\Xilinx\SDK\2016.2\gnu\microblaze\nt\bin;C:\Xilinx\SDK\2016.2\gnu\microblaze\linux_toolchain\nt64_le\bin;C:\Xilinx\SDK\2016.2\gnu\microblaze\linux_toolchain\nt64_be\bin;C:\Xilinx\SDK\2016.2\gnu\arm\nt\bin;C:\Xilinx\SDK\2016.2\gnu\aarch64\nt\aarch64-none\bin;C:\Xilinx\SDK\2016.2\gnu\aarch64\nt\aarch64-linux\bin;C:\Xilinx\SDK\2016.2\gnu\armr5\nt\gcc-arm-none-eabi\bin;C:\Xilinx\SDK\2016.2\gnu\aarch32\nt\gcc-arm-none-eabi\bin;C:\Xilinx\SDK\2016.2\gnu\aarch32\nt\gcc-arm-linux-gnueabi\bin;C:\Xilinx\SDK\2016.2\tps\win64\cmake-3.3.2\bin;;C:\Xilinx\SDK\2016.2\bin;C:\Xilinx\SDK\2016.2\lib\win64.o;C:\Xilinx\SDK\2016.2\tps\win64\jre\bin\server;C:\Xilinx\SDK\2016.2\tps\win64\jre\bin;C:\Xilinx\Vivado\2016.2\ids_lite\ISE\bin\nt64;C:\Xilinx\Vivado\2016.2\ids_lite\ISE\lib\nt64;C:\Xilinx\Vivado\2016.2\bin;C:\Xilinx\Vivado\2016.2\lib\win64.o;C:\Xilinx\Vivado\2016.2\tps\win64\jre\bin\server;C:\Xilinx\Vivado\2016.2\tps\win64\jre\bin;C:\Xilinx\Vivado_HLS\2016.2\bin;C:\Windows\system32;C:\Windows;C:\Windows\System32\Wbem;C:\Windows\System32\WindowsPowerShell\v1.0\;C:\altera\16.0\quartus\bin64;c:\altera\16.0\quartus\bin64\jre64\bin;W:\ece532\src;
USERNAME=dezfoul2
OS=Windows_NT
PROCESSOR_IDENTIFIER=Intel64 Family 6 Model 60 Stepping 3, GenuineIntel



---------------  S Y S T E M  ---------------

OS: Windows 7 , 64 bit Build 7601 (6.1.7601.23418)

CPU:total 8 (4 cores per cpu, 2 threads per core) family 6 model 60 stepping 3, cmov, cx8, fxsr, mmx, sse, sse2, sse3, ssse3, sse4.1, sse4.2, popcnt, avx, avx2, aes, clmul, erms, lzcnt, ht, tsc, tscinvbit, bmi1, bmi2

Memory: 4k page, physical 16683160k(11964676k free), swap 33364460k(27990864k free)

vm_info: Java HotSpot(TM) 64-Bit Server VM (25.66-b18) for windows-amd64 JRE (1.8.0_66-b18), built on Nov  9 2015 10:51:13 by "java_re" with MS VC++ 10.0 (VS2010)

time: Tue Mar 28 17:32:01 2017
elapsed time: 231 seconds (0d 0h 3m 51s)

