#
# A fatal error has been detected by the Java Runtime Environment:
#
#  EXCEPTION_UNCAUGHT_CXX_EXCEPTION (0xe06d7363) at pc=0x000007fefd7aa06d, pid=2248, tid=3064
#
# JRE version: Java(TM) SE Runtime Environment (8.0_66-b18) (build 1.8.0_66-b18)
# Java VM: Java HotSpot(TM) 64-Bit Server VM (25.66-b18 mixed mode windows-amd64 compressed oops)
# Problematic frame:
# C  [KERNELBASE.dll+0x1a06d]
#
# Failed to write core dump. Minidumps are not enabled by default on client versions of Windows
#
# If you would like to submit a bug report, please visit:
#   http://bugreport.java.com/bugreport/crash.jsp
#

---------------  T H R E A D  ---------------

Current thread (0x0000000013e10000):  VMThread [stack: 0x0000000015ee0000,0x0000000015fe0000] [id=3064]

siginfo: ExceptionCode=0xe06d7363, ExceptionInformation=0x0000000019930520 0x0000000015fdf6c8 0x000007feec052cb8 0x000007feebfa0000 

Registers:
RAX=0x000000006124eb30, RBX=0x000007feec052cb8, RCX=0x0000000015fdef10, RDX=0x00000000000000d0
RSP=0x0000000015fdf520, RBP=0x0000000015fdf650, RSI=0x00000000ffffffff, RDI=0x0000000017598940
R8 =0x0000000000000000, R9 =0x0000000000000000, R10=0x000007feebfa0000, R11=0x0000000015fdf560
R12=0x0000000000000001, R13=0x0000000000000008, R14=0x0000000000000000, R15=0xffffffffffffffff
RIP=0x000007fefd7aa06d, EFLAGS=0x0000000000000206

Top of Stack: (sp=0x0000000015fdf520)
0x0000000015fdf520:   000007feec052cb8 00000000ffffffff
0x0000000015fdf530:   0000000017598940 0000000000344080
0x0000000015fdf540:   00000001e06d7363 0000000000000000
0x0000000015fdf550:   000007fefd7aa06d 000007fe00000004
0x0000000015fdf560:   0000000019930520 0000000015fdf6c8
0x0000000015fdf570:   000007feec052cb8 000007feebfa0000
0x0000000015fdf580:   0000000000000000 0000000015fdf608
0x0000000015fdf590:   0000000000000028 0000000017598930
0x0000000015fdf5a0:   0000000000353da0 0000000000000000
0x0000000015fdf5b0:   000007fffffa8000 00000000777df2d3
0x0000000015fdf5c0:   0000000000000000 0000000000000008
0x0000000015fdf5d0:   0000000000000001 0000000017598940
0x0000000015fdf5e0:   00000000ffffffff 000007feebffe92c
0x0000000015fdf5f0:   000007feec052cb8 0000000015fdf660
0x0000000015fdf600:   0000000000000001 000007feebfa00f8
0x0000000015fdf610:   00000001e06d7363 0000000000000000 

Instructions: (pc=0x000007fefd7aa06d)
0x000007fefd7aa04d:   54 24 24 48 89 4c 24 28 4d 85 c9 0f 85 6a 03 00
0x000007fefd7aa05d:   00 89 4c 24 38 48 8d 4c 24 20 ff 15 33 02 03 00
0x000007fefd7aa06d:   48 81 c4 c8 00 00 00 c3 90 90 90 90 90 90 90 90
0x000007fefd7aa07d:   90 90 90 48 83 ec 28 65 48 8b 04 25 30 00 00 00 


Register to memory mapping:

RAX=0x000000006124eb30 is an unknown value
RBX=0x000007feec052cb8 is an unknown value
RCX=0x0000000015fdef10 is an unknown value
RDX=0x00000000000000d0 is an unknown value
RSP=0x0000000015fdf520 is an unknown value
RBP=0x0000000015fdf650 is an unknown value
RSI=0x00000000ffffffff is an unallocated location in the heap
RDI=0x0000000017598940 is an unknown value
R8 =0x0000000000000000 is an unknown value
R9 =0x0000000000000000 is an unknown value
R10=0x000007feebfa0000 is an unknown value
R11=0x0000000015fdf560 is an unknown value
R12=0x0000000000000001 is an unknown value
R13=0x0000000000000008 is an unknown value
R14=0x0000000000000000 is an unknown value
R15=0xffffffffffffffff is an unknown value


Stack: [0x0000000015ee0000,0x0000000015fe0000],  sp=0x0000000015fdf520,  free space=1021k
Native frames: (J=compiled Java code, j=interpreted, Vv=VM code, C=native code)
C  [KERNELBASE.dll+0x1a06d]
C  [MSVCR110.dll+0x5e92c]
C  [MSVCR110.dll+0x1315c]
C  [MSVCR110.dll+0x136a9]
C  [MSVCR110.dll+0x13e9c]
C  [MSVCR110.dll+0x239e]
C  [MSVCR110.dll+0xaf9e]
C  [MSVCP110.dll+0x397b9]
C  [librdi_common.dll+0x182316]
C  [librdi_common.dll+0x180fab]
C  [librdi_target_manager.dll+0x2400]
C  [librdi_target_manager.dll+0x2682]
C  [ntdll.dll+0x229b1]
C  [ntdll.dll+0x227c0]
C  [MSVCR100.dll+0x20ccd]
V  [jvm.dll+0x210cc5]
V  [jvm.dll+0x249897]
V  [jvm.dll+0x248b36]
V  [jvm.dll+0x248fd1]
V  [jvm.dll+0x2491ee]
V  [jvm.dll+0x29a0fa]
C  [MSVCR100.dll+0x21d9f]
C  [MSVCR100.dll+0x21e3b]
C  [kernel32.dll+0x159bd]
C  [ntdll.dll+0x2a2e1]

VM_Operation (0x000000000012f4c0): Exit, mode: safepoint, requested by thread 0x00000000025c8800


---------------  P R O C E S S  ---------------

Java Threads: ( => current thread )
  0x0000000017d2a000 JavaThread "pool-2-thread-3" [_thread_blocked, id=2856, stack(0x0000000029740000,0x0000000029840000)]
  0x0000000015001000 JavaThread "pool-2-thread-2" [_thread_blocked, id=3444, stack(0x0000000029640000,0x0000000029740000)]
  0x0000000017d25000 JavaThread "pool-2-thread-1" [_thread_blocked, id=4256, stack(0x0000000028e40000,0x0000000028f40000)]
  0x0000000017d24000 JavaThread "Thread-81" daemon [_thread_blocked, id=3056, stack(0x0000000028c40000,0x0000000028d40000)]
  0x0000000017d35800 JavaThread "TCF Channel Transmitter" daemon [_thread_blocked, id=4644, stack(0x0000000024660000,0x0000000024760000)]
  0x0000000017d34800 JavaThread "TCF Channel Receiver" daemon [_thread_in_native, id=4728, stack(0x0000000024560000,0x0000000024660000)]
  0x0000000017d32000 JavaThread "Process monitor" daemon [_thread_in_native, id=1360, stack(0x0000000024060000,0x0000000024160000)]
  0x0000000017d31800 JavaThread "Input Stream Monitor" daemon [_thread_blocked, id=4444, stack(0x0000000023f60000,0x0000000024060000)]
  0x0000000017d30800 JavaThread "Output Stream Monitor" daemon [_thread_in_native, id=468, stack(0x0000000023e60000,0x0000000023f60000)]
  0x0000000017d30000 JavaThread "Output Stream Monitor" daemon [_thread_in_native, id=4684, stack(0x0000000023af0000,0x0000000023bf0000)]
  0x0000000015009000 JavaThread "TCF Locator DNS Lookup" daemon [_thread_blocked, id=2996, stack(0x00000000218c0000,0x00000000219c0000)]
  0x0000000015008000 JavaThread "TCF Locator Timer" daemon [_thread_blocked, id=3720, stack(0x00000000217c0000,0x00000000218c0000)]
  0x0000000015005800 JavaThread "TCF Timer Dispatcher" daemon [_thread_blocked, id=2104, stack(0x00000000214c0000,0x00000000215c0000)]
  0x0000000014fff800 JavaThread "EMF Reference Cleaner" daemon [_thread_blocked, id=2704, stack(0x000000001c8f0000,0x000000001c9f0000)]
  0x0000000015059000 JavaThread "Service Thread" daemon [_thread_blocked, id=3564, stack(0x00000000167e0000,0x00000000168e0000)]
  0x0000000014ffe000 JavaThread "C1 CompilerThread3" daemon [_thread_blocked, id=4360, stack(0x00000000166e0000,0x00000000167e0000)]
  0x0000000014ff4800 JavaThread "C2 CompilerThread2" daemon [_thread_blocked, id=4428, stack(0x00000000165e0000,0x00000000166e0000)]
  0x0000000014fed000 JavaThread "C2 CompilerThread1" daemon [_thread_blocked, id=4448, stack(0x00000000164e0000,0x00000000165e0000)]
  0x0000000014fe9000 JavaThread "C2 CompilerThread0" daemon [_thread_blocked, id=1628, stack(0x00000000163e0000,0x00000000164e0000)]
  0x0000000014fe2000 JavaThread "Attach Listener" daemon [_thread_blocked, id=4676, stack(0x00000000162e0000,0x00000000163e0000)]
  0x0000000013e2e800 JavaThread "Signal Dispatcher" daemon [_thread_blocked, id=5028, stack(0x00000000161e0000,0x00000000162e0000)]
  0x0000000013e1c800 JavaThread "Finalizer" daemon [_thread_blocked, id=3160, stack(0x00000000160e0000,0x00000000161e0000)]
  0x0000000013e15800 JavaThread "Reference Handler" daemon [_thread_blocked, id=2804, stack(0x0000000015fe0000,0x00000000160e0000)]
  0x00000000025c8800 JavaThread "main" [_thread_blocked, id=4740, stack(0x0000000000030000,0x0000000000130000)]

Other Threads:
=>0x0000000013e10000 VMThread [stack: 0x0000000015ee0000,0x0000000015fe0000] [id=3064]

VM state:at safepoint (shutting down)

VM Mutex/Monitor currently owned by a thread:  ([mutex/lock_event])
[0x000000000255e9f0] Threads_lock - owner thread: 0x0000000013e10000

Heap:
 PSYoungGen      total 109568K, used 63196K [0x00000000f5580000, 0x00000000fc300000, 0x0000000100000000)
  eden space 109056K, 57% used [0x00000000f5580000,0x00000000f9337330,0x00000000fc000000)
  from space 512K, 0% used [0x00000000fc000000,0x00000000fc000000,0x00000000fc080000)
  to   space 1536K, 0% used [0x00000000fc180000,0x00000000fc180000,0x00000000fc300000)
 ParOldGen       total 106496K, used 65527K [0x00000000e0000000, 0x00000000e6800000, 0x00000000f5580000)
  object space 106496K, 61% used [0x00000000e0000000,0x00000000e3ffdd20,0x00000000e6800000)
 Metaspace       used 99097K, capacity 106810K, committed 106880K, reserved 1142784K
  class space    used 11724K, capacity 14148K, committed 14208K, reserved 1048576K

Card table byte_map: [0x0000000011a20000,0x0000000011b30000] byte_map_base: 0x0000000011320000

Marking Bits: (ParMarkBitMap*) 0x0000000070faa5b0
 Begin Bits: [0x0000000012330000, 0x0000000012b30000)
 End Bits:   [0x0000000012b30000, 0x0000000013330000)

Polling page: 0x0000000000220000

CodeCache: size=245760Kb used=58986Kb max_used=59163Kb free=186773Kb
 bounds [0x0000000002660000, 0x00000000060a0000, 0x0000000011660000]
 total_blobs=16326 nmethods=15407 adapters=825
 compilation: enabled

Compilation events (10 events):
Event: 6833.276 Thread 0x0000000014ffe000 nmethod 20640 0x000000000357cad0 code [0x000000000357cce0, 0x000000000357da18]
Event: 6833.276 Thread 0x0000000014ffe000 20647       3       java.util.concurrent.locks.ReentrantLock$Sync::tryRelease (45 bytes)
Event: 6833.277 Thread 0x0000000014ffe000 nmethod 20647 0x00000000053e21d0 code [0x00000000053e2360, 0x00000000053e2908]
Event: 6833.277 Thread 0x0000000014ffe000 20646       1       java.util.concurrent.locks.AbstractQueuedSynchronizer::setState (6 bytes)
Event: 6833.277 Thread 0x0000000014ffe000 nmethod 20646 0x000000000440a010 code [0x000000000440a160, 0x000000000440a270]
Event: 6833.277 Thread 0x0000000014ffe000 20643   !   3       org.eclipse.osgi.storage.BundleInfo$Generation::clearManifestCache (30 bytes)
Event: 6833.277 Thread 0x0000000014ffe000 nmethod 20643 0x0000000005f852d0 code [0x0000000005f85460, 0x0000000005f85aa8]
Event: 6833.277 Thread 0x0000000014ffe000 20641       3       org.eclipse.osgi.container.Module::holdsTransitionEventLock (25 bytes)
Event: 6833.277 Thread 0x0000000014ffe000 nmethod 20641 0x0000000005ce88d0 code [0x0000000005ce8a60, 0x0000000005ce9188]
Event: 6833.277 Thread 0x0000000014ffe000 20644   !   3       org.eclipse.osgi.storage.ManifestLocalization::clearCache (28 bytes)

GC Heap History (10 events):
Event: 6692.946 GC heap before
{Heap before GC invocations=190 (full 83):
 PSYoungGen      total 111104K, used 224K [0x00000000f5580000, 0x00000000fc400000, 0x0000000100000000)
  eden space 109056K, 0% used [0x00000000f5580000,0x00000000f5580000,0x00000000fc000000)
  from space 2048K, 10% used [0x00000000fc000000,0x00000000fc038000,0x00000000fc200000)
  to   space 2048K, 0% used [0x00000000fc200000,0x00000000fc200000,0x00000000fc400000)
 ParOldGen       total 106496K, used 65687K [0x00000000e0000000, 0x00000000e6800000, 0x00000000f5580000)
  object space 106496K, 61% used [0x00000000e0000000,0x00000000e4025e20,0x00000000e6800000)
 Metaspace       used 98414K, capacity 106114K, committed 106368K, reserved 1140736K
  class space    used 11660K, capacity 14076K, committed 14208K, reserved 1048576K
Event: 6693.069 GC heap after
Heap after GC invocations=190 (full 83):
 PSYoungGen      total 111104K, used 0K [0x00000000f5580000, 0x00000000fc400000, 0x0000000100000000)
  eden space 109056K, 0% used [0x00000000f5580000,0x00000000f5580000,0x00000000fc000000)
  from space 2048K, 0% used [0x00000000fc000000,0x00000000fc000000,0x00000000fc200000)
  to   space 2048K, 0% used [0x00000000fc200000,0x00000000fc200000,0x00000000fc400000)
 ParOldGen       total 106496K, used 65528K [0x00000000e0000000, 0x00000000e6800000, 0x00000000f5580000)
  object space 106496K, 61% used [0x00000000e0000000,0x00000000e3ffe3b0,0x00000000e6800000)
 Metaspace       used 98414K, capacity 106114K, committed 106368K, reserved 1140736K
  class space    used 11660K, capacity 14076K, committed 14208K, reserved 1048576K
}
Event: 6752.961 GC heap before
{Heap before GC invocations=191 (full 83):
 PSYoungGen      total 111104K, used 2729K [0x00000000f5580000, 0x00000000fc400000, 0x0000000100000000)
  eden space 109056K, 2% used [0x00000000f5580000,0x00000000f582a680,0x00000000fc000000)
  from space 2048K, 0% used [0x00000000fc000000,0x00000000fc000000,0x00000000fc200000)
  to   space 2048K, 0% used [0x00000000fc200000,0x00000000fc200000,0x00000000fc400000)
 ParOldGen       total 106496K, used 65528K [0x00000000e0000000, 0x00000000e6800000, 0x00000000f5580000)
  object space 106496K, 61% used [0x00000000e0000000,0x00000000e3ffe3b0,0x00000000e6800000)
 Metaspace       used 98414K, capacity 106114K, committed 106368K, reserved 1140736K
  class space    used 11660K, capacity 14076K, committed 14208K, reserved 1048576K
Event: 6752.965 GC heap after
Heap after GC invocations=191 (full 83):
 PSYoungGen      total 111104K, used 160K [0x00000000f5580000, 0x00000000fc400000, 0x0000000100000000)
  eden space 109056K, 0% used [0x00000000f5580000,0x00000000f5580000,0x00000000fc000000)
  from space 2048K, 7% used [0x00000000fc200000,0x00000000fc228000,0x00000000fc400000)
  to   space 2048K, 0% used [0x00000000fc000000,0x00000000fc000000,0x00000000fc200000)
 ParOldGen       total 106496K, used 65528K [0x00000000e0000000, 0x00000000e6800000, 0x00000000f5580000)
  object space 106496K, 61% used [0x00000000e0000000,0x00000000e3ffe3b0,0x00000000e6800000)
 Metaspace       used 98414K, capacity 106114K, committed 106368K, reserved 1140736K
  class space    used 11660K, capacity 14076K, committed 14208K, reserved 1048576K
}
Event: 6752.965 GC heap before
{Heap before GC invocations=192 (full 84):
 PSYoungGen      total 111104K, used 160K [0x00000000f5580000, 0x00000000fc400000, 0x0000000100000000)
  eden space 109056K, 0% used [0x00000000f5580000,0x00000000f5580000,0x00000000fc000000)
  from space 2048K, 7% used [0x00000000fc200000,0x00000000fc228000,0x00000000fc400000)
  to   space 2048K, 0% used [0x00000000fc000000,0x00000000fc000000,0x00000000fc200000)
 ParOldGen       total 106496K, used 65528K [0x00000000e0000000, 0x00000000e6800000, 0x00000000f5580000)
  object space 106496K, 61% used [0x00000000e0000000,0x00000000e3ffe3b0,0x00000000e6800000)
 Metaspace       used 98414K, capacity 106114K, committed 106368K, reserved 1140736K
  class space    used 11660K, capacity 14076K, committed 14208K, reserved 1048576K
Event: 6753.088 GC heap after
Heap after GC invocations=192 (full 84):
 PSYoungGen      total 111104K, used 0K [0x00000000f5580000, 0x00000000fc400000, 0x0000000100000000)
  eden space 109056K, 0% used [0x00000000f5580000,0x00000000f5580000,0x00000000fc000000)
  from space 2048K, 0% used [0x00000000fc200000,0x00000000fc200000,0x00000000fc400000)
  to   space 2048K, 0% used [0x00000000fc000000,0x00000000fc000000,0x00000000fc200000)
 ParOldGen       total 106496K, used 65528K [0x00000000e0000000, 0x00000000e6800000, 0x00000000f5580000)
  object space 106496K, 61% used [0x00000000e0000000,0x00000000e3ffe3b0,0x00000000e6800000)
 Metaspace       used 98414K, capacity 106114K, committed 106368K, reserved 1140736K
  class space    used 11660K, capacity 14076K, committed 14208K, reserved 1048576K
}
Event: 6812.969 GC heap before
{Heap before GC invocations=193 (full 84):
 PSYoungGen      total 111104K, used 2703K [0x00000000f5580000, 0x00000000fc400000, 0x0000000100000000)
  eden space 109056K, 2% used [0x00000000f5580000,0x00000000f5823e88,0x00000000fc000000)
  from space 2048K, 0% used [0x00000000fc200000,0x00000000fc200000,0x00000000fc400000)
  to   space 2048K, 0% used [0x00000000fc000000,0x00000000fc000000,0x00000000fc200000)
 ParOldGen       total 106496K, used 65528K [0x00000000e0000000, 0x00000000e6800000, 0x00000000f5580000)
  object space 106496K, 61% used [0x00000000e0000000,0x00000000e3ffe3b0,0x00000000e6800000)
 Metaspace       used 98414K, capacity 106114K, committed 106368K, reserved 1140736K
  class space    used 11660K, capacity 14076K, committed 14208K, reserved 1048576K
Event: 6812.972 GC heap after
Heap after GC invocations=193 (full 84):
 PSYoungGen      total 109568K, used 192K [0x00000000f5580000, 0x00000000fc300000, 0x0000000100000000)
  eden space 109056K, 0% used [0x00000000f5580000,0x00000000f5580000,0x00000000fc000000)
  from space 512K, 37% used [0x00000000fc000000,0x00000000fc030000,0x00000000fc080000)
  to   space 1536K, 0% used [0x00000000fc180000,0x00000000fc180000,0x00000000fc300000)
 ParOldGen       total 106496K, used 65528K [0x00000000e0000000, 0x00000000e6800000, 0x00000000f5580000)
  object space 106496K, 61% used [0x00000000e0000000,0x00000000e3ffe3b0,0x00000000e6800000)
 Metaspace       used 98414K, capacity 106114K, committed 106368K, reserved 1140736K
  class space    used 11660K, capacity 14076K, committed 14208K, reserved 1048576K
}
Event: 6812.972 GC heap before
{Heap before GC invocations=194 (full 85):
 PSYoungGen      total 109568K, used 192K [0x00000000f5580000, 0x00000000fc300000, 0x0000000100000000)
  eden space 109056K, 0% used [0x00000000f5580000,0x00000000f5580000,0x00000000fc000000)
  from space 512K, 37% used [0x00000000fc000000,0x00000000fc030000,0x00000000fc080000)
  to   space 1536K, 0% used [0x00000000fc180000,0x00000000fc180000,0x00000000fc300000)
 ParOldGen       total 106496K, used 65528K [0x00000000e0000000, 0x00000000e6800000, 0x00000000f5580000)
  object space 106496K, 61% used [0x00000000e0000000,0x00000000e3ffe3b0,0x00000000e6800000)
 Metaspace       used 98414K, capacity 106114K, committed 106368K, reserved 1140736K
  class space    used 11660K, capacity 14076K, committed 14208K, reserved 1048576K
Event: 6813.095 GC heap after
Heap after GC invocations=194 (full 85):
 PSYoungGen      total 109568K, used 0K [0x00000000f5580000, 0x00000000fc300000, 0x0000000100000000)
  eden space 109056K, 0% used [0x00000000f5580000,0x00000000f5580000,0x00000000fc000000)
  from space 512K, 0% used [0x00000000fc000000,0x00000000fc000000,0x00000000fc080000)
  to   space 1536K, 0% used [0x00000000fc180000,0x00000000fc180000,0x00000000fc300000)
 ParOldGen       total 106496K, used 65527K [0x00000000e0000000, 0x00000000e6800000, 0x00000000f5580000)
  object space 106496K, 61% used [0x00000000e0000000,0x00000000e3ffdd20,0x00000000e6800000)
 Metaspace       used 98414K, capacity 106114K, committed 106368K, reserved 1140736K
  class space    used 11660K, capacity 14076K, committed 14208K, reserved 1048576K
}

Deoptimization events (10 events):
Event: 6832.697 Thread 0x000000001500a800 Uncommon trap: reason=unstable_if action=reinterpret pc=0x000000000324fce4 method=java.lang.Class.getDeclaredMethod(Ljava/lang/String;[Ljava/lang/Class;)Ljava/lang/reflect/Method; @ 21
Event: 6832.760 Thread 0x0000000015007800 Uncommon trap: reason=unstable_if action=reinterpret pc=0x0000000005d5e364 method=org.eclipse.tcf.EventQueue.invokeLater(Ljava/lang/Runnable;)V @ 22
Event: 6833.247 Thread 0x0000000015002800 Uncommon trap: reason=unstable_if action=reinterpret pc=0x0000000002d91c9c method=org.eclipse.osgi.framework.eventmgr.EventManager$EventThread.getNextEvent()Lorg/eclipse/osgi/framework/eventmgr/EventManager$EventThread$Queued; @ 15
Event: 6833.248 Thread 0x0000000017d29800 Uncommon trap: reason=unstable_if action=reinterpret pc=0x0000000005e0e080 method=org.eclipse.core.internal.jobs.WorkerPool.startJob(Lorg/eclipse/core/internal/jobs/Worker;)Lorg/eclipse/core/internal/jobs/InternalJob; @ 177
Event: 6833.248 Thread 0x000000001a6bd000 Uncommon trap: reason=unstable_if action=reinterpret pc=0x0000000005e0e080 method=org.eclipse.core.internal.jobs.WorkerPool.startJob(Lorg/eclipse/core/internal/jobs/Worker;)Lorg/eclipse/core/internal/jobs/InternalJob; @ 177
Event: 6833.248 Thread 0x0000000017d26800 Uncommon trap: reason=unstable_if action=reinterpret pc=0x0000000005e0e080 method=org.eclipse.core.internal.jobs.WorkerPool.startJob(Lorg/eclipse/core/internal/jobs/Worker;)Lorg/eclipse/core/internal/jobs/InternalJob; @ 177
Event: 6833.248 Thread 0x0000000017d28000 Uncommon trap: reason=unstable_if action=reinterpret pc=0x0000000005e0e080 method=org.eclipse.core.internal.jobs.WorkerPool.startJob(Lorg/eclipse/core/internal/jobs/Worker;)Lorg/eclipse/core/internal/jobs/InternalJob; @ 177
Event: 6833.269 Thread 0x000000001500a800 Uncommon trap: reason=unstable_if action=reinterpret pc=0x00000000030b719c method=sun.reflect.UnsafeStaticObjectFieldAccessorImpl.set(Ljava/lang/Object;Ljava/lang/Object;)V @ 13
Event: 6833.273 Thread 0x0000000015243800 Uncommon trap: reason=unstable_if action=reinterpret pc=0x0000000002d91c9c method=org.eclipse.osgi.framework.eventmgr.EventManager$EventThread.getNextEvent()Lorg/eclipse/osgi/framework/eventmgr/EventManager$EventThread$Queued; @ 15
Event: 6833.274 Thread 0x000000001500a800 Uncommon trap: reason=unstable_if action=reinterpret pc=0x00000000050e8e00 method=java.util.concurrent.locks.ReentrantLock$Sync.tryRelease(I)Z @ 28

Internal exceptions (10 events):
Event: 6831.537 Thread 0x00000000025c8800 Implicit null exception at 0x000000000554d204 to 0x000000000554da5d
Event: 6831.550 Thread 0x00000000025c8800 Implicit null exception at 0x00000000034b9af0 to 0x00000000034b9b49
Event: 6832.073 Thread 0x000000001a6c0000 Exception <a 'java/lang/InterruptedException'> (0x00000000f8a0f288) thrown at [C:\re\workspace\8-2-build-windows-amd64-cygwin\jdk8u66\5298\hotspot\src\share\vm\runtime\objectMonitor.cpp, line 1683]
Event: 6832.100 Thread 0x000000001500a800 Implicit null exception at 0x0000000004e0a760 to 0x0000000004e0b702
Event: 6833.247 Thread 0x0000000015002800 Exception <a 'java/lang/InterruptedException'> (0x00000000f8615248) thrown at [C:\re\workspace\8-2-build-windows-amd64-cygwin\jdk8u66\5298\hotspot\src\share\vm\runtime\objectMonitor.cpp, line 1683]
Event: 6833.269 Thread 0x000000001500a800 Implicit null exception at 0x00000000030b6d97 to 0x00000000030b7189
Event: 6833.269 Thread 0x0000000017114000 Exception <a 'java/lang/InterruptedException'> (0x00000000f8f73a98) thrown at [C:\re\workspace\8-2-build-windows-amd64-cygwin\jdk8u66\5298\hotspot\src\share\vm\runtime\objectMonitor.cpp, line 1683]
Event: 6833.273 Thread 0x0000000015243800 Exception <a 'java/lang/InterruptedException'> (0x00000000f7fda570) thrown at [C:\re\workspace\8-2-build-windows-amd64-cygwin\jdk8u66\5298\hotspot\src\share\vm\runtime\objectMonitor.cpp, line 1683]
Event: 6833.274 Thread 0x000000001513a000 Exception <a 'java/lang/InterruptedException'> (0x00000000f915f1f8) thrown at [C:\re\workspace\8-2-build-windows-amd64-cygwin\jdk8u66\5298\hotspot\src\share\vm\runtime\objectMonitor.cpp, line 1683]
Event: 6833.274 Thread 0x0000000017118000 Exception <a 'java/lang/InterruptedException'> (0x00000000f92f97a0) thrown at [C:\re\workspace\8-2-build-windows-amd64-cygwin\jdk8u66\5298\hotspot\src\share\vm\runtime\objectMonitor.cpp, line 1683]

Events (10 events):
Event: 6833.277 loading class java/util/IdentityHashMap$IdentityHashMapIterator
Event: 6833.277 loading class java/util/IdentityHashMap$IdentityHashMapIterator done
Event: 6833.277 loading class java/util/IdentityHashMap$KeyIterator done
Event: 6833.277 Thread 0x000000001500a800 Thread added: 0x000000001500a800
Event: 6833.277 Executing VM operation: RevokeBias
Event: 6833.277 Executing VM operation: RevokeBias done
Event: 6833.277 Executing VM operation: RevokeBias
Event: 6833.277 Executing VM operation: RevokeBias done
Event: 6833.277 Thread 0x000000001500a800 Thread exited: 0x000000001500a800
Event: 6833.277 Executing VM operation: Exit


Dynamic libraries:
0x0000000000400000 - 0x000000000044f000 	C:\Xilinx\SDK\2016.2\eclipse\win64.o\eclipse.exe
0x0000000077790000 - 0x000000007793a000 	C:\Windows\SYSTEM32\ntdll.dll
0x0000000077570000 - 0x000000007768f000 	C:\Windows\system32\kernel32.dll
0x000007fefd790000 - 0x000007fefd7fa000 	C:\Windows\system32\KERNELBASE.dll
0x0000000077690000 - 0x000000007778a000 	C:\Windows\system32\USER32.dll
0x000007fefd940000 - 0x000007fefd9a7000 	C:\Windows\system32\GDI32.dll
0x000007feff710000 - 0x000007feff71e000 	C:\Windows\system32\LPK.dll
0x000007feff8a0000 - 0x000007feff96a000 	C:\Windows\system32\USP10.dll
0x000007fefdbe0000 - 0x000007fefdc7f000 	C:\Windows\system32\msvcrt.dll
0x000007fefbde0000 - 0x000007fefbfd4000 	C:\Windows\WinSxS\amd64_microsoft.windows.common-controls_6595b64144ccf1df_6.0.7601.18837_none_fa3b1e3d17594757\COMCTL32.dll
0x000007fefd8c0000 - 0x000007fefd931000 	C:\Windows\system32\SHLWAPI.dll
0x000007fefd890000 - 0x000007fefd8be000 	C:\Windows\system32\IMM32.DLL
0x000007fefee40000 - 0x000007fefef49000 	C:\Windows\system32\MSCTF.dll
0x0000000072000000 - 0x0000000072012000 	C:\Xilinx\SDK\2016.2\eclipse\win64.o\plugins\org.eclipse.equinox.launcher.win32.win32.x86_64_1.1.300.v20150602-1417\eclipse_1611.dll
0x000007feff720000 - 0x000007feff7fb000 	C:\Windows\system32\ADVAPI32.dll
0x000007fefe090000 - 0x000007fefe0af000 	C:\Windows\SYSTEM32\sechost.dll
0x000007feff970000 - 0x000007feffa9d000 	C:\Windows\system32\RPCRT4.dll
0x000007fefc560000 - 0x000007fefc56c000 	C:\Windows\system32\VERSION.dll
0x000007fefbd80000 - 0x000007fefbdd6000 	C:\Windows\system32\UxTheme.dll
0x00000000707a0000 - 0x0000000071029000 	C:\Xilinx\SDK\2016.2\tps\win64\jre\bin\server\jvm.dll
0x000007fef8fd0000 - 0x000007fef8fd9000 	C:\Windows\system32\WSOCK32.dll
0x000007feff530000 - 0x000007feff57d000 	C:\Windows\system32\WS2_32.dll
0x000007feff480000 - 0x000007feff488000 	C:\Windows\system32\NSI.dll
0x000007fefadf0000 - 0x000007fefae2b000 	C:\Windows\system32\WINMM.dll
0x0000000077950000 - 0x0000000077957000 	C:\Windows\system32\PSAPI.DLL
0x0000000072e90000 - 0x0000000072f62000 	C:\Windows\system32\MSVCR100.dll
0x0000000073b30000 - 0x0000000073b3f000 	C:\Xilinx\SDK\2016.2\tps\win64\jre\bin\verify.dll
0x0000000073b00000 - 0x0000000073b29000 	C:\Xilinx\SDK\2016.2\tps\win64\jre\bin\java.dll
0x0000000073ae0000 - 0x0000000073af6000 	C:\Xilinx\SDK\2016.2\tps\win64\jre\bin\zip.dll
0x000007fefe0b0000 - 0x000007fefee39000 	C:\Windows\system32\SHELL32.dll
0x000007fefd9d0000 - 0x000007fefdbd3000 	C:\Windows\system32\ole32.dll
0x000007fefd4e0000 - 0x000007fefd4ef000 	C:\Windows\system32\profapi.dll
0x000007fefccd0000 - 0x000007fefcce8000 	C:\Windows\system32\CRYPTSP.dll
0x000007fefc9d0000 - 0x000007fefca17000 	C:\Windows\system32\rsaenh.dll
0x000007fefd840000 - 0x000007fefd85e000 	C:\Windows\system32\USERENV.dll
0x000007fefd330000 - 0x000007fefd33f000 	C:\Windows\system32\CRYPTBASE.dll
0x0000000071fe0000 - 0x0000000071ffa000 	C:\Xilinx\SDK\2016.2\tps\win64\jre\bin\net.dll
0x000007fefcc70000 - 0x000007fefccc5000 	C:\Windows\system32\mswsock.dll
0x000007fefcc60000 - 0x000007fefcc67000 	C:\Windows\System32\wship6.dll
0x000007fefa7e0000 - 0x000007fefa807000 	C:\Windows\system32\IPHLPAPI.DLL
0x000007fefa7d0000 - 0x000007fefa7db000 	C:\Windows\system32\WINNSI.DLL
0x000007fef9620000 - 0x000007fef9631000 	C:\Windows\system32\dhcpcsvc6.DLL
0x000007fef9600000 - 0x000007fef9618000 	C:\Windows\system32\dhcpcsvc.DLL
0x0000000071fc0000 - 0x0000000071fd1000 	C:\Xilinx\SDK\2016.2\tps\win64\jre\bin\nio.dll
0x000007fefaa80000 - 0x000007fefaa95000 	C:\Windows\system32\NLAapi.dll
0x000007fef9010000 - 0x000007fef9025000 	C:\Windows\system32\napinsp.dll
0x000007fef9030000 - 0x000007fef9049000 	C:\Windows\system32\pnrpnsp.dll
0x000007fefcaf0000 - 0x000007fefcb4b000 	C:\Windows\system32\DNSAPI.dll
0x000007fef9220000 - 0x000007fef922b000 	C:\Windows\System32\winrnr.dll
0x000007fefc630000 - 0x000007fefc637000 	C:\Windows\System32\wshtcpip.dll
0x000007fef9230000 - 0x000007fef9238000 	C:\Windows\system32\rasadhlp.dll
0x000007fef96b0000 - 0x000007fef9703000 	C:\Windows\System32\fwpuclnt.dll
0x000000001c9f0000 - 0x000000001ca98000 	C:\Users\dezfoul2\.Xilinx\SDK\2016.2\org.eclipse.osgi\312\0\.cp\swt-win32-4527.dll
0x000007fefdc80000 - 0x000007fefdd58000 	C:\Windows\system32\OLEAUT32.dll
0x000007feff490000 - 0x000007feff527000 	C:\Windows\system32\comdlg32.dll
0x000007fef70d0000 - 0x000007fef7141000 	C:\Windows\system32\WINSPOOL.DRV
0x000007fefef50000 - 0x000007feff215000 	C:\Windows\system32\WININET.dll
0x000007fefd800000 - 0x000007fefd804000 	C:\Windows\system32\api-ms-win-downlevel-user32-l1-1-0.dll
0x000007fefd830000 - 0x000007fefd834000 	C:\Windows\system32\api-ms-win-downlevel-shlwapi-l1-1-0.dll
0x000007fefd570000 - 0x000007fefd574000 	C:\Windows\system32\api-ms-win-downlevel-version-l1-1-0.dll
0x000007fefd820000 - 0x000007fefd823000 	C:\Windows\system32\api-ms-win-downlevel-normaliz-l1-1-0.dll
0x0000000077960000 - 0x0000000077963000 	C:\Windows\system32\normaliz.DLL
0x000007fefdd60000 - 0x000007fefe029000 	C:\Windows\system32\iertutil.dll
0x000007fefd880000 - 0x000007fefd885000 	C:\Windows\system32\api-ms-win-downlevel-advapi32-l1-1-0.dll
0x000007fefd620000 - 0x000007fefd78d000 	C:\Windows\system32\CRYPT32.dll
0x000007fefd4d0000 - 0x000007fefd4df000 	C:\Windows\system32\MSASN1.dll
0x000007fefb850000 - 0x000007fefb97c000 	C:\Windows\system32\propsys.dll
0x000007feff800000 - 0x000007feff899000 	C:\Windows\system32\CLBCatQ.DLL
0x00000000003c0000 - 0x00000000003de000 	C:\Users\dezfoul2\.Xilinx\SDK\2016.2\org.eclipse.osgi\312\0\.cp\swt-gdip-win32-4527.dll
0x000007fefbb60000 - 0x000007fefbd76000 	C:\Windows\WinSxS\amd64_microsoft.windows.gdiplus_6595b64144ccf1df_1.1.7601.23508_none_145555328b95eaaa\gdiplus.dll
0x000007fefb680000 - 0x000007fefb7e1000 	C:\Windows\system32\WindowsCodecs.dll
0x0000000180000000 - 0x0000000180012000 	C:\Users\dezfoul2\.Xilinx\SDK\2016.2\org.eclipse.osgi\126\0\.cp\os\win32\x86_64\localfile_1_0_0.dll
0x000007fef2570000 - 0x000007fef25c4000 	C:\Windows\system32\oleacc.dll
0x000007fef98b0000 - 0x000007fef98b7000 	C:\Windows\system32\msimg32.dll
0x000007fefd420000 - 0x000007fefd434000 	C:\Windows\system32\RpcRtRemote.dll
0x000007fefd2d0000 - 0x000007fefd327000 	C:\Windows\system32\apphelp.dll
0x000007fefb560000 - 0x000007fefb571000 	C:\Users\dezfoul2\.Xilinx\SDK\2016.2\org.eclipse.osgi\129\0\.cp\jWinHttp-1.0.0.dll
0x000007fef90c0000 - 0x000007fef9131000 	C:\Windows\system32\WINHTTP.dll
0x000007fef9050000 - 0x000007fef90b4000 	C:\Windows\system32\webio.dll
0x000007fefd2a0000 - 0x000007fefd2c5000 	C:\Windows\system32\SspiCli.dll
0x000007fefc890000 - 0x000007fefc89a000 	C:\Windows\system32\credssp.dll
0x000007fefd530000 - 0x000007fefd566000 	C:\Windows\system32\CFGMGR32.dll
0x000007fefb630000 - 0x000007fefb63f000 	C:\Xilinx\SDK\2016.2\lib\win64.o\librdi_repo_manager.dll
0x000007fef4850000 - 0x000007fef487a000 	C:\Xilinx\SDK\2016.2\lib\win64.o\libisl_sysinfo.dll
0x000007feebfa0000 - 0x000007feec074000 	C:\Windows\system32\MSVCR110.dll
0x000007feebef0000 - 0x000007feebf97000 	C:\Windows\system32\MSVCP110.dll
0x000007feb8f00000 - 0x000007feb9940000 	C:\Xilinx\SDK\2016.2\lib\win64.o\librdi_common.dll
0x000007feba010000 - 0x000007feba37e000 	C:\Xilinx\SDK\2016.2\lib\win64.o\libCOIN-all.dll
0x000007feede60000 - 0x000007feee07f000 	C:\Xilinx\SDK\2016.2\lib\win64.o\libXil_lmgr11.dll
0x000007fefb540000 - 0x000007fefb556000 	C:\Windows\system32\NETAPI32.dll
0x000007fefc900000 - 0x000007fefc90c000 	C:\Windows\system32\netutils.dll
0x000007fefcee0000 - 0x000007fefcf03000 	C:\Windows\system32\srvcli.dll
0x000007fefb520000 - 0x000007fefb535000 	C:\Windows\system32\wkscli.dll
0x000007fefd4f0000 - 0x000007fefd52b000 	C:\Windows\system32\WINTRUST.dll
0x000007fefa450000 - 0x000007fefa460000 	C:\Xilinx\SDK\2016.2\lib\win64.o\libboost_date_time.dll
0x000007fef4820000 - 0x000007fef4844000 	C:\Xilinx\SDK\2016.2\lib\win64.o\libboost_filesystem.dll
0x000007fefa440000 - 0x000007fefa449000 	C:\Xilinx\SDK\2016.2\lib\win64.o\libboost_system.dll
0x000007fef3ca0000 - 0x000007fef3d17000 	C:\Xilinx\SDK\2016.2\lib\win64.o\libboost_program_options.dll
0x000007fef3b90000 - 0x000007fef3c96000 	C:\Xilinx\SDK\2016.2\lib\win64.o\libboost_regex.dll
0x000007fef5cb0000 - 0x000007fef5cc3000 	C:\Xilinx\SDK\2016.2\lib\win64.o\libboost_signals.dll
0x000007fef4800000 - 0x000007fef481d000 	C:\Xilinx\SDK\2016.2\lib\win64.o\libboost_thread.dll
0x000007fefa310000 - 0x000007fefa31b000 	C:\Xilinx\SDK\2016.2\lib\win64.o\libboost_chrono.dll
0x000007fef5520000 - 0x000007fef552b000 	C:\Xilinx\SDK\2016.2\lib\win64.o\libboost_xilinx.dll
0x000007feee8d0000 - 0x000007feee950000 	C:\Xilinx\SDK\2016.2\lib\win64.o\libhdlpsolve.dll
0x000007feee700000 - 0x000007feee79a000 	C:\Xilinx\SDK\2016.2\lib\win64.o\libhdxml.dll
0x000007feb9ba0000 - 0x000007feba005e00 	C:\Xilinx\SDK\2016.2\lib\win64.o\libisl_iostreams.dll
0x000007fef4670000 - 0x000007fef4686000 	C:\Xilinx\SDK\2016.2\lib\win64.o\libboost_iostreams.dll
0x000007fef3b60000 - 0x000007fef3b83000 	C:\Xilinx\SDK\2016.2\lib\win64.o\librdizlib.dll
0x000007fef3b30000 - 0x000007fef3b53000 	C:\Xilinx\SDK\2016.2\lib\win64.o\libisl_iosutils.dll
0x000007fef4690000 - 0x000007fef46a5000 	C:\Xilinx\SDK\2016.2\lib\win64.o\pthreadVC2.dll
0x000007feee870000 - 0x000007feee8c4000 	C:\Xilinx\SDK\2016.2\lib\win64.o\librdi_commonxillic.dll
0x000007feee5d0000 - 0x000007feee700000 	C:\Xilinx\SDK\2016.2\lib\win64.o\librdi_curl.dll
0x000007fef4650000 - 0x000007fef4668000 	C:\Xilinx\SDK\2016.2\lib\win64.o\librdiconfig.dll
0x0000000071e90000 - 0x0000000071fb7000 	C:\Xilinx\SDK\2016.2\lib\win64.o\tcl85t.dll
0x0000000023bf0000 - 0x0000000023e53000 	C:\Xilinx\SDK\2016.2\lib\win64.o\xerces-c_3_1.dll
0x000007feff580000 - 0x000007feff706000 	C:\Windows\system32\urlmon.dll
0x000007fefd810000 - 0x000007fefd814000 	C:\Windows\system32\api-ms-win-downlevel-ole32-l1-1-0.dll
0x000007fedfca0000 - 0x000007fedfcc3000 	C:\Windows\system32\VCOMP110.DLL
0x000007feb99a0000 - 0x000007feb9b92000 	C:\Xilinx\SDK\2016.2\lib\win64.o\librdi_hsm.dll
0x000007feee580000 - 0x000007feee5c3000 	C:\Xilinx\SDK\2016.2\lib\win64.o\librdi_hdf.dll
0x000007feb8c70000 - 0x000007feb8ef1000 	C:\Xilinx\SDK\2016.2\lib\win64.o\librdi_ippcw.dll
0x000007fef33c0000 - 0x000007fef33d6000 	C:\Xilinx\SDK\2016.2\eclipse\win64.o\plugins\org.eclipse.cdt.core.win32.x86_64_5.4.0.201509131935\os\win32\x86_64\spawner.dll
0x0000000071080000 - 0x00000000710a6000 	C:\Xilinx\SDK\2016.2\eclipse\win64.o\plugins\gnu.io.rxtx.win32.x86_64_2.1.7.3_v20071015\os\win32\x86_64\rxtxSerial.dll
0x000007fefb600000 - 0x000007fefb60a000 	C:\Xilinx\SDK\2016.2\lib\win64.o\librdi_jtag_settings.dll
0x000007fef3580000 - 0x000007fef35a9000 	C:\Xilinx\SDK\2016.2\lib\win64.o\librdi_debug_dialog.dll
0x000007fef5200000 - 0x000007fef5208000 	C:\Xilinx\SDK\2016.2\lib\win64.o\librdi_target_manager.dll
0x0000000071100000 - 0x0000000071125000 	C:\Users\dezfoul2\.jssc\windows\jSSC-2.8_x86_64.dll
0x000007fee0da0000 - 0x000007fee15b0000 	C:\Xilinx\SDK\2016.2\lib\win64.o\libXil_lmgr11FNP.dll

VM Arguments:
jvm_args: -Dcom.xilinx.sdk.args.hwspec=W:/ece532/integration/hdmi.sdk/hdmi_wrapper.hdf -Xms64m -Xmx512m & 
java_command: <unknown>
java_class_path (initial): C:\Xilinx\SDK\2016.2\eclipse\win64.o\\plugins/org.eclipse.equinox.launcher_1.3.100.v20150511-1540.jar
Launcher Type: generic

Environment Variables:
PATH=C:/Xilinx/SDK/2016.2/tps/win64/jre/bin/server;C:/Xilinx/SDK/2016.2/tps/win64/jre/bin;C:/Xilinx/SDK/2016.2/tps/win64/jre/lib/amd64;C:\Xilinx\SDK\2016.2\gnuwin\bin;C:\Xilinx\SDK\2016.2\gnu\microblaze\nt\bin;C:\Xilinx\SDK\2016.2\gnu\microblaze\linux_toolchain\nt64_le\bin;C:\Xilinx\SDK\2016.2\gnu\microblaze\linux_toolchain\nt64_be\bin;C:\Xilinx\SDK\2016.2\gnu\arm\nt\bin;C:\Xilinx\SDK\2016.2\gnu\aarch64\nt\aarch64-none\bin;C:\Xilinx\SDK\2016.2\gnu\aarch64\nt\aarch64-linux\bin;C:\Xilinx\SDK\2016.2\gnu\armr5\nt\gcc-arm-none-eabi\bin;C:\Xilinx\SDK\2016.2\gnu\aarch32\nt\gcc-arm-none-eabi\bin;C:\Xilinx\SDK\2016.2\gnu\aarch32\nt\gcc-arm-linux-gnueabi\bin;C:\Xilinx\SDK\2016.2\tps\win64\cmake-3.3.2\bin;;C:\Xilinx\SDK\2016.2\bin;C:\Xilinx\SDK\2016.2\lib\win64.o;C:\Xilinx\SDK\2016.2\tps\win64\jre\bin\server;C:\Xilinx\SDK\2016.2\tps\win64\jre\bin;C:\Xilinx\Vivado\2016.2\ids_lite\ISE\bin\nt64;C:\Xilinx\Vivado\2016.2\ids_lite\ISE\lib\nt64;C:\Xilinx\Vivado\2016.2\bin;C:\Xilinx\Vivado\2016.2\lib\win64.o;C:\Xilinx\Vivado\2016.2\tps\win64\jre\bin\server;C:\Xilinx\Vivado\2016.2\tps\win64\jre\bin;C:\Xilinx\Vivado_HLS\2016.2\bin;C:\Users\dezfoul2\bin;W:\Git\Git\mingw64\bin;W:\Git\Git\usr\local\bin;W:\Git\Git\usr\bin;C:\Windows\system32;C:\Windows;C:\Windows\System32\Wbem;C:\Windows\System32\WindowsPowerShell\v1.0;C:\Program Files (x86)\Java\jre6\bin;C:\Program Files (x86)\eclipse;C:\altera\16.0\quartus\bin64;C:\altera\16.0\quartus\bin64\jre64\bin;W:\Git\Git\usr\bin\vendor_perl;W:\Git\Git\usr\bin\core_perl;w:\ece532\integration;
USERNAME=dezfoul2
SHELL=W:\Git\Git\usr\bin\bash.exe
DISPLAY=needs-to-be-defined
OS=Windows_NT
PROCESSOR_IDENTIFIER=Intel64 Family 6 Model 60 Stepping 3, GenuineIntel



---------------  S Y S T E M  ---------------

OS: Windows 7 , 64 bit Build 7601 (6.1.7601.23418)

CPU:total 8 (4 cores per cpu, 2 threads per core) family 6 model 60 stepping 3, cmov, cx8, fxsr, mmx, sse, sse2, sse3, ssse3, sse4.1, sse4.2, popcnt, avx, avx2, aes, clmul, erms, lzcnt, ht, tsc, tscinvbit, bmi1, bmi2

Memory: 4k page, physical 16683160k(13124780k free), swap 33364460k(29638232k free)

vm_info: Java HotSpot(TM) 64-Bit Server VM (25.66-b18) for windows-amd64 JRE (1.8.0_66-b18), built on Nov  9 2015 10:51:13 by "java_re" with MS VC++ 10.0 (VS2010)

time: Thu Mar 09 17:26:37 2017
elapsed time: 6833 seconds (0d 1h 53m 53s)

