#
# A fatal error has been detected by the Java Runtime Environment:
#
#  EXCEPTION_UNCAUGHT_CXX_EXCEPTION (0xe06d7363) at pc=0x000007fefda8a06d, pid=1480, tid=300
#
# JRE version: Java(TM) SE Runtime Environment (8.0_66-b18) (build 1.8.0_66-b18)
# Java VM: Java HotSpot(TM) 64-Bit Server VM (25.66-b18 mixed mode windows-amd64 compressed oops)
# Problematic frame:
# C  [KERNELBASE.dll+0x1a06d]
#
# Failed to write core dump. Minidumps are not enabled by default on client versions of Windows
#
# If you would like to submit a bug report, please visit:
#   http://bugreport.java.com/bugreport/crash.jsp
#

---------------  T H R E A D  ---------------

Current thread (0x0000000013d10000):  VMThread [stack: 0x0000000015de0000,0x0000000015ee0000] [id=300]

siginfo: ExceptionCode=0xe06d7363, ExceptionInformation=0x0000000019930520 0x0000000015edf6c8 0x000007feed522cb8 0x000007feed470000 

Registers:
RAX=0x00000000614af958, RBX=0x000007feed522cb8, RCX=0x0000000015edef10, RDX=0x00000000000000d0
RSP=0x0000000015edf520, RBP=0x0000000015edf650, RSI=0x00000000ffffffff, RDI=0x00000000174b6230
R8 =0x0000000000000000, R9 =0x0000000000000000, R10=0x000007feed470000, R11=0x0000000015edf560
R12=0x0000000000000001, R13=0x0000000000000008, R14=0x0000000000000000, R15=0xffffffffffffffff
RIP=0x000007fefda8a06d, EFLAGS=0x0000000000000202

Top of Stack: (sp=0x0000000015edf520)
0x0000000015edf520:   000007feed522cb8 00000000ffffffff
0x0000000015edf530:   00000000174b6230 0000000000227eb0
0x0000000015edf540:   00000001e06d7363 0000000000000000
0x0000000015edf550:   000007fefda8a06d 000007fe00000004
0x0000000015edf560:   0000000019930520 0000000015edf6c8
0x0000000015edf570:   000007feed522cb8 000007feed470000
0x0000000015edf580:   0000000000000000 0000000015edf608
0x0000000015edf590:   0000000000000028 00000000174b6220
0x0000000015edf5a0:   000000000024f9c0 0000000000000000
0x0000000015edf5b0:   000007fffffa8000 0000000077adf2d3
0x0000000015edf5c0:   0000000000000000 0000000000000008
0x0000000015edf5d0:   0000000000000001 00000000174b6230
0x0000000015edf5e0:   00000000ffffffff 000007feed4ce92c
0x0000000015edf5f0:   000007feed522cb8 0000000015edf660
0x0000000015edf600:   0000000000000001 000007feed4700f8
0x0000000015edf610:   00000001e06d7363 0000000000000000 

Instructions: (pc=0x000007fefda8a06d)
0x000007fefda8a04d:   54 24 24 48 89 4c 24 28 4d 85 c9 0f 85 6a 03 00
0x000007fefda8a05d:   00 89 4c 24 38 48 8d 4c 24 20 ff 15 33 02 03 00
0x000007fefda8a06d:   48 81 c4 c8 00 00 00 c3 90 90 90 90 90 90 90 90
0x000007fefda8a07d:   90 90 90 48 83 ec 28 65 48 8b 04 25 30 00 00 00 


Register to memory mapping:

RAX=0x00000000614af958 is an unknown value
RBX=0x000007feed522cb8 is an unknown value
RCX=0x0000000015edef10 is an unknown value
RDX=0x00000000000000d0 is an unknown value
RSP=0x0000000015edf520 is an unknown value
RBP=0x0000000015edf650 is an unknown value
RSI=0x00000000ffffffff is an unknown value
RDI=0x00000000174b6230 is an unknown value
R8 =0x0000000000000000 is an unknown value
R9 =0x0000000000000000 is an unknown value
R10=0x000007feed470000 is an unknown value
R11=0x0000000015edf560 is an unknown value
R12=0x0000000000000001 is an unknown value
R13=0x0000000000000008 is an unknown value
R14=0x0000000000000000 is an unknown value
R15=0xffffffffffffffff is an unknown value


Stack: [0x0000000015de0000,0x0000000015ee0000],  sp=0x0000000015edf520,  free space=1021k
Native frames: (J=compiled Java code, j=interpreted, Vv=VM code, C=native code)
C  [KERNELBASE.dll+0x1a06d]
C  [MSVCR110.dll+0x5e92c]
C  [MSVCR110.dll+0x1315c]
C  [MSVCR110.dll+0x136a9]
C  [MSVCR110.dll+0x13e9c]
C  [MSVCR110.dll+0x239e]
C  [MSVCR110.dll+0xaf9e]
C  [MSVCP110.dll+0x397b9]
C  [librdi_common.dll+0x182316]
C  [librdi_common.dll+0x180fab]
C  [librdi_target_manager.dll+0x2400]
C  [librdi_target_manager.dll+0x2682]
C  [ntdll.dll+0x229b1]
C  [ntdll.dll+0x227c0]
C  [MSVCR100.dll+0x20ccd]
V  [jvm.dll+0x210cc5]
V  [jvm.dll+0x249897]
V  [jvm.dll+0x248b36]
V  [jvm.dll+0x248fd1]
V  [jvm.dll+0x2491ee]
V  [jvm.dll+0x29a0fa]
C  [MSVCR100.dll+0x21d9f]
C  [MSVCR100.dll+0x21e3b]
C  [kernel32.dll+0x159bd]
C  [ntdll.dll+0x2a2e1]

VM_Operation (0x000000000012f4c0): Exit, mode: safepoint, requested by thread 0x0000000002338800


---------------  P R O C E S S  ---------------

Java Threads: ( => current thread )
  0x000000001c5ce000 JavaThread "pool-2-thread-8" [_thread_blocked, id=1364, stack(0x00000000295e0000,0x00000000296e0000)]
  0x000000001c5d1000 JavaThread "pool-2-thread-7" [_thread_blocked, id=5880, stack(0x00000000299e0000,0x0000000029ae0000)]
  0x000000001c023000 JavaThread "pool-2-thread-6" [_thread_blocked, id=3688, stack(0x000000002ae40000,0x000000002af40000)]
  0x0000000019f97000 JavaThread "pool-2-thread-5" [_thread_blocked, id=2908, stack(0x0000000029ce0000,0x0000000029de0000)]
  0x0000000019f96800 JavaThread "pool-2-thread-4" [_thread_blocked, id=4844, stack(0x0000000029ae0000,0x0000000029be0000)]
  0x000000001b839800 JavaThread "pool-2-thread-3" [_thread_blocked, id=3256, stack(0x00000000280f0000,0x00000000281f0000)]
  0x000000001b836800 JavaThread "pool-2-thread-2" [_thread_blocked, id=2740, stack(0x00000000282c0000,0x00000000283c0000)]
  0x0000000016eac000 JavaThread "EventThread COM4" [_thread_blocked, id=1472, stack(0x0000000028e70000,0x0000000028f70000)]
  0x0000000016ea5800 JavaThread "pool-2-thread-1" [_thread_blocked, id=2108, stack(0x0000000028d70000,0x0000000028e70000)]
  0x0000000016ea8800 JavaThread "Thread-76" daemon [_thread_blocked, id=4092, stack(0x0000000028c70000,0x0000000028d70000)]
  0x00000000179ad000 JavaThread "TCF Channel Transmitter" daemon [_thread_blocked, id=764, stack(0x0000000025d50000,0x0000000025e50000)]
  0x00000000179aa800 JavaThread "TCF Channel Receiver" daemon [_thread_in_native, id=3248, stack(0x0000000025c50000,0x0000000025d50000)]
  0x000000001711a800 JavaThread "Process monitor" daemon [_thread_in_native, id=3436, stack(0x0000000025790000,0x0000000025890000)]
  0x000000001711a000 JavaThread "Input Stream Monitor" daemon [_thread_blocked, id=1964, stack(0x0000000025690000,0x0000000025790000)]
  0x0000000017118000 JavaThread "Output Stream Monitor" daemon [_thread_in_native, id=3844, stack(0x0000000025590000,0x0000000025690000)]
  0x0000000017119000 JavaThread "Output Stream Monitor" daemon [_thread_in_native, id=4628, stack(0x0000000025490000,0x0000000025590000)]
  0x0000000018cc9800 JavaThread "TCF Locator DNS Lookup" daemon [_thread_blocked, id=1424, stack(0x00000000235a0000,0x00000000236a0000)]
  0x0000000018cc6800 JavaThread "TCF Timer Dispatcher" daemon [_thread_blocked, id=3156, stack(0x0000000023110000,0x0000000023210000)]
  0x0000000018cbe000 JavaThread "EMF Reference Cleaner" daemon [_thread_blocked, id=4032, stack(0x000000001d540000,0x000000001d640000)]
  0x0000000014f53000 JavaThread "Service Thread" daemon [_thread_blocked, id=3376, stack(0x00000000167a0000,0x00000000168a0000)]
  0x0000000014efc800 JavaThread "C1 CompilerThread3" daemon [_thread_blocked, id=2904, stack(0x00000000166a0000,0x00000000167a0000)]
  0x0000000014ef7800 JavaThread "C2 CompilerThread2" daemon [_thread_blocked, id=4252, stack(0x00000000165a0000,0x00000000166a0000)]
  0x0000000014ef1000 JavaThread "C2 CompilerThread1" daemon [_thread_blocked, id=4568, stack(0x00000000164a0000,0x00000000165a0000)]
  0x0000000014eed000 JavaThread "C2 CompilerThread0" daemon [_thread_blocked, id=4948, stack(0x00000000163a0000,0x00000000164a0000)]
  0x0000000014ee2000 JavaThread "Attach Listener" daemon [_thread_blocked, id=4200, stack(0x00000000162a0000,0x00000000163a0000)]
  0x0000000013d2e800 JavaThread "Signal Dispatcher" daemon [_thread_blocked, id=4016, stack(0x00000000161a0000,0x00000000162a0000)]
  0x0000000013d1c800 JavaThread "Finalizer" daemon [_thread_blocked, id=3364, stack(0x0000000015fe0000,0x00000000160e0000)]
  0x0000000013d15800 JavaThread "Reference Handler" daemon [_thread_blocked, id=3356, stack(0x0000000015ee0000,0x0000000015fe0000)]
  0x0000000002338800 JavaThread "main" [_thread_blocked, id=4488, stack(0x0000000000030000,0x0000000000130000)]

Other Threads:
=>0x0000000013d10000 VMThread [stack: 0x0000000015de0000,0x0000000015ee0000] [id=300]

VM state:at safepoint (shutting down)

VM Mutex/Monitor currently owned by a thread:  ([mutex/lock_event])
[0x000000000266e970] Threads_lock - owner thread: 0x0000000013d10000

Heap:
 PSYoungGen      total 171008K, used 63441K [0x00000000f5580000, 0x0000000100000000, 0x0000000100000000)
  eden space 168448K, 37% used [0x00000000f5580000,0x00000000f9279ce0,0x00000000ffa00000)
  from space 2560K, 39% used [0x00000000ffa00000,0x00000000ffafa850,0x00000000ffc80000)
  to   space 2560K, 0% used [0x00000000ffd80000,0x00000000ffd80000,0x0000000100000000)
 ParOldGen       total 349696K, used 166562K [0x00000000e0000000, 0x00000000f5580000, 0x00000000f5580000)
  object space 349696K, 47% used [0x00000000e0000000,0x00000000ea2a8888,0x00000000f5580000)
 Metaspace       used 98932K, capacity 106504K, committed 106752K, reserved 1142784K
  class space    used 11304K, capacity 13766K, committed 13824K, reserved 1048576K

Card table byte_map: [0x00000000024a0000,0x00000000025b0000] byte_map_base: 0x0000000001da0000

Marking Bits: (ParMarkBitMap*) 0x0000000071f1a5b0
 Begin Bits: [0x0000000012230000, 0x0000000012a30000)
 End Bits:   [0x0000000012a30000, 0x0000000013230000)

Polling page: 0x0000000000470000

CodeCache: size=245760Kb used=70961Kb max_used=71447Kb free=174798Kb
 bounds [0x0000000002670000, 0x0000000006cc0000, 0x0000000011670000]
 total_blobs=18670 nmethods=17751 adapters=824
 compilation: enabled

Compilation events (10 events):
Event: 8129.229 Thread 0x0000000014efc800 24131   !   3       org.eclipse.osgi.container.ModuleDatabase::getRevisionsTimestamp (25 bytes)
Event: 8129.229 Thread 0x0000000014efc800 nmethod 24131 0x000000000453f890 code [0x000000000453faa0, 0x00000000045407d8]
Event: 8129.230 Thread 0x0000000014ef7800 nmethod 24129 0x0000000003413c90 code [0x0000000003413e20, 0x0000000003414290]
Event: 8129.231 Thread 0x0000000014eed000 nmethod 24122 0x00000000045ba810 code [0x00000000045baa00, 0x00000000045bb8f0]
Event: 8129.231 Thread 0x0000000014efc800 24132       3       org.eclipse.osgi.container.Module::holdsTransitionEventLock (25 bytes)
Event: 8129.232 Thread 0x0000000014efc800 nmethod 24132 0x0000000003c77ed0 code [0x0000000003c78060, 0x0000000003c78788]
Event: 8129.233 Thread 0x0000000014efc800 24133   !   3       org.eclipse.osgi.storage.BundleInfo$Generation::clearManifestCache (30 bytes)
Event: 8129.234 Thread 0x0000000014efc800 nmethod 24133 0x0000000006051790 code [0x0000000006051920, 0x0000000006051f68]
Event: 8129.234 Thread 0x0000000014efc800 24134   !   3       org.eclipse.osgi.storage.ManifestLocalization::clearCache (28 bytes)
Event: 8129.234 Thread 0x0000000014efc800 nmethod 24134 0x000000000594a7d0 code [0x000000000594a940, 0x000000000594ad28]

GC Heap History (10 events):
Event: 8124.414 GC heap before
{Heap before GC invocations=40207 (full 2502):
 PSYoungGen      total 170496K, used 151496K [0x00000000f5580000, 0x0000000100000000, 0x0000000100000000)
  eden space 167424K, 89% used [0x00000000f5580000,0x00000000fe89c750,0x00000000ff900000)
  from space 3072K, 27% used [0x00000000ff900000,0x00000000ff9d59b0,0x00000000ffc00000)
  to   space 3072K, 0% used [0x00000000ffd00000,0x00000000ffd00000,0x0000000100000000)
 ParOldGen       total 349696K, used 221558K [0x00000000e0000000, 0x00000000f5580000, 0x00000000f5580000)
  object space 349696K, 63% used [0x00000000e0000000,0x00000000ed85dbc0,0x00000000f5580000)
 Metaspace       used 98138K, capacity 105950K, committed 106368K, reserved 1142784K
  class space    used 11220K, capacity 13669K, committed 13696K, reserved 1048576K
Event: 8124.419 GC heap after
Heap after GC invocations=40207 (full 2502):
 PSYoungGen      total 171520K, used 950K [0x00000000f5580000, 0x0000000100000000, 0x0000000100000000)
  eden space 168448K, 0% used [0x00000000f5580000,0x00000000f5580000,0x00000000ffa00000)
  from space 3072K, 30% used [0x00000000ffd00000,0x00000000ffded9b0,0x0000000100000000)
  to   space 3072K, 0% used [0x00000000ffa00000,0x00000000ffa00000,0x00000000ffd00000)
 ParOldGen       total 349696K, used 258276K [0x00000000e0000000, 0x00000000f5580000, 0x00000000f5580000)
  object space 349696K, 73% used [0x00000000e0000000,0x00000000efc39000,0x00000000f5580000)
 Metaspace       used 98138K, capacity 105950K, committed 106368K, reserved 1142784K
  class space    used 11220K, capacity 13669K, committed 13696K, reserved 1048576K
}
Event: 8124.458 GC heap before
{Heap before GC invocations=40208 (full 2502):
 PSYoungGen      total 171520K, used 155379K [0x00000000f5580000, 0x0000000100000000, 0x0000000100000000)
  eden space 168448K, 91% used [0x00000000f5580000,0x00000000fec4f418,0x00000000ffa00000)
  from space 3072K, 30% used [0x00000000ffd00000,0x00000000ffded9b0,0x0000000100000000)
  to   space 3072K, 0% used [0x00000000ffa00000,0x00000000ffa00000,0x00000000ffd00000)
 ParOldGen       total 349696K, used 258276K [0x00000000e0000000, 0x00000000f5580000, 0x00000000f5580000)
  object space 349696K, 73% used [0x00000000e0000000,0x00000000efc39000,0x00000000f5580000)
 Metaspace       used 98138K, capacity 105950K, committed 106368K, reserved 1142784K
  class space    used 11220K, capacity 13669K, committed 13696K, reserved 1048576K
Event: 8124.463 GC heap after
Heap after GC invocations=40208 (full 2502):
 PSYoungGen      total 169472K, used 918K [0x00000000f5580000, 0x00000000fff00000, 0x0000000100000000)
  eden space 168448K, 0% used [0x00000000f5580000,0x00000000f5580000,0x00000000ffa00000)
  from space 1024K, 89% used [0x00000000ffa00000,0x00000000ffae59d8,0x00000000ffb00000)
  to   space 2560K, 0% used [0x00000000ffc80000,0x00000000ffc80000,0x00000000fff00000)
 ParOldGen       total 349696K, used 294994K [0x00000000e0000000, 0x00000000f5580000, 0x00000000f5580000)
  object space 349696K, 84% used [0x00000000e0000000,0x00000000f2014818,0x00000000f5580000)
 Metaspace       used 98138K, capacity 105950K, committed 106368K, reserved 1142784K
  class space    used 11220K, capacity 13669K, committed 13696K, reserved 1048576K
}
Event: 8124.494 GC heap before
{Heap before GC invocations=40209 (full 2502):
 PSYoungGen      total 169472K, used 151879K [0x00000000f5580000, 0x00000000fff00000, 0x0000000100000000)
  eden space 168448K, 89% used [0x00000000f5580000,0x00000000fe8ec500,0x00000000ffa00000)
  from space 1024K, 89% used [0x00000000ffa00000,0x00000000ffae59d8,0x00000000ffb00000)
  to   space 2560K, 0% used [0x00000000ffc80000,0x00000000ffc80000,0x00000000fff00000)
 ParOldGen       total 349696K, used 294994K [0x00000000e0000000, 0x00000000f5580000, 0x00000000f5580000)
  object space 349696K, 84% used [0x00000000e0000000,0x00000000f2014818,0x00000000f5580000)
 Metaspace       used 98138K, capacity 105950K, committed 106368K, reserved 1142784K
  class space    used 11220K, capacity 13669K, committed 13696K, reserved 1048576K
Event: 8124.499 GC heap after
Heap after GC invocations=40209 (full 2502):
 PSYoungGen      total 171008K, used 886K [0x00000000f5580000, 0x0000000100000000, 0x0000000100000000)
  eden space 168448K, 0% used [0x00000000f5580000,0x00000000f5580000,0x00000000ffa00000)
  from space 2560K, 34% used [0x00000000ffc80000,0x00000000ffd5d9d8,0x00000000fff00000)
  to   space 2560K, 0% used [0x00000000ffa00000,0x00000000ffa00000,0x00000000ffc80000)
 ParOldGen       total 349696K, used 313352K [0x00000000e0000000, 0x00000000f5580000, 0x00000000f5580000)
  object space 349696K, 89% used [0x00000000e0000000,0x00000000f32023d0,0x00000000f5580000)
 Metaspace       used 98138K, capacity 105950K, committed 106368K, reserved 1142784K
  class space    used 11220K, capacity 13669K, committed 13696K, reserved 1048576K
}
Event: 8124.499 GC heap before
{Heap before GC invocations=40210 (full 2503):
 PSYoungGen      total 171008K, used 886K [0x00000000f5580000, 0x0000000100000000, 0x0000000100000000)
  eden space 168448K, 0% used [0x00000000f5580000,0x00000000f5580000,0x00000000ffa00000)
  from space 2560K, 34% used [0x00000000ffc80000,0x00000000ffd5d9d8,0x00000000fff00000)
  to   space 2560K, 0% used [0x00000000ffa00000,0x00000000ffa00000,0x00000000ffc80000)
 ParOldGen       total 349696K, used 313352K [0x00000000e0000000, 0x00000000f5580000, 0x00000000f5580000)
  object space 349696K, 89% used [0x00000000e0000000,0x00000000f32023d0,0x00000000f5580000)
 Metaspace       used 98138K, capacity 105950K, committed 106368K, reserved 1142784K
  class space    used 11220K, capacity 13669K, committed 13696K, reserved 1048576K
Event: 8124.599 GC heap after
Heap after GC invocations=40210 (full 2503):
 PSYoungGen      total 171008K, used 0K [0x00000000f5580000, 0x0000000100000000, 0x0000000100000000)
  eden space 168448K, 0% used [0x00000000f5580000,0x00000000f5580000,0x00000000ffa00000)
  from space 2560K, 0% used [0x00000000ffc80000,0x00000000ffc80000,0x00000000fff00000)
  to   space 2560K, 0% used [0x00000000ffa00000,0x00000000ffa00000,0x00000000ffc80000)
 ParOldGen       total 349696K, used 166554K [0x00000000e0000000, 0x00000000f5580000, 0x00000000f5580000)
  object space 349696K, 47% used [0x00000000e0000000,0x00000000ea2a6888,0x00000000f5580000)
 Metaspace       used 98138K, capacity 105950K, committed 106368K, reserved 1142784K
  class space    used 11220K, capacity 13669K, committed 13696K, reserved 1048576K
}
Event: 8127.499 GC heap before
{Heap before GC invocations=40211 (full 2503):
 PSYoungGen      total 171008K, used 168448K [0x00000000f5580000, 0x0000000100000000, 0x0000000100000000)
  eden space 168448K, 100% used [0x00000000f5580000,0x00000000ffa00000,0x00000000ffa00000)
  from space 2560K, 0% used [0x00000000ffc80000,0x00000000ffc80000,0x00000000fff00000)
  to   space 2560K, 0% used [0x00000000ffa00000,0x00000000ffa00000,0x00000000ffc80000)
 ParOldGen       total 349696K, used 166554K [0x00000000e0000000, 0x00000000f5580000, 0x00000000f5580000)
  object space 349696K, 47% used [0x00000000e0000000,0x00000000ea2a6888,0x00000000f5580000)
 Metaspace       used 98545K, capacity 106180K, committed 106496K, reserved 1142784K
  class space    used 11266K, capacity 13702K, committed 13824K, reserved 1048576K
Event: 8127.504 GC heap after
Heap after GC invocations=40211 (full 2503):
 PSYoungGen      total 171008K, used 1002K [0x00000000f5580000, 0x0000000100000000, 0x0000000100000000)
  eden space 168448K, 0% used [0x00000000f5580000,0x00000000f5580000,0x00000000ffa00000)
  from space 2560K, 39% used [0x00000000ffa00000,0x00000000ffafa850,0x00000000ffc80000)
  to   space 2560K, 0% used [0x00000000ffd80000,0x00000000ffd80000,0x0000000100000000)
 ParOldGen       total 349696K, used 166562K [0x00000000e0000000, 0x00000000f5580000, 0x00000000f5580000)
  object space 349696K, 47% used [0x00000000e0000000,0x00000000ea2a8888,0x00000000f5580000)
 Metaspace       used 98545K, capacity 106180K, committed 106496K, reserved 1142784K
  class space    used 11266K, capacity 13702K, committed 13824K, reserved 1048576K
}

Deoptimization events (10 events):
Event: 8128.601 Thread 0x0000000018cc8000 Uncommon trap: reason=unstable_if action=reinterpret pc=0x0000000005f9de40 method=org.eclipse.tcf.EventQueue.invokeLater(Ljava/lang/Runnable;)V @ 22
Event: 8129.195 Thread 0x0000000018cc4000 Uncommon trap: reason=unstable_if action=reinterpret pc=0x000000000516465c method=org.eclipse.osgi.framework.eventmgr.EventManager$EventThread.getNextEvent()Lorg/eclipse/osgi/framework/eventmgr/EventManager$EventThread$Queued; @ 15
Event: 8129.196 Thread 0x0000000018cbc800 Uncommon trap: reason=unstable_if action=reinterpret pc=0x000000000699f9b4 method=org.eclipse.core.internal.jobs.JobManager.nextJob()Lorg/eclipse/core/runtime/jobs/Job; @ 80
Event: 8129.196 Thread 0x0000000018cbc800 Uncommon trap: reason=unstable_if action=reinterpret pc=0x000000000452b6f8 method=org.eclipse.core.internal.jobs.WorkerPool.startJob(Lorg/eclipse/core/internal/jobs/Worker;)Lorg/eclipse/core/internal/jobs/InternalJob; @ 177
Event: 8129.196 Thread 0x000000001b83a000 Uncommon trap: reason=unstable_if action=reinterpret pc=0x000000000452b6f8 method=org.eclipse.core.internal.jobs.WorkerPool.startJob(Lorg/eclipse/core/internal/jobs/Worker;)Lorg/eclipse/core/internal/jobs/InternalJob; @ 177
Event: 8129.196 Thread 0x000000001c5d2800 Uncommon trap: reason=unstable_if action=reinterpret pc=0x000000000452b6f8 method=org.eclipse.core.internal.jobs.WorkerPool.startJob(Lorg/eclipse/core/internal/jobs/Worker;)Lorg/eclipse/core/internal/jobs/InternalJob; @ 177
Event: 8129.196 Thread 0x000000001c5d0800 Uncommon trap: reason=unstable_if action=reinterpret pc=0x000000000452b6f8 method=org.eclipse.core.internal.jobs.WorkerPool.startJob(Lorg/eclipse/core/internal/jobs/Worker;)Lorg/eclipse/core/internal/jobs/InternalJob; @ 177
Event: 8129.217 Thread 0x0000000019f93800 Uncommon trap: reason=unstable_if action=reinterpret pc=0x0000000003a17c5c method=sun.reflect.UnsafeStaticObjectFieldAccessorImpl.set(Ljava/lang/Object;Ljava/lang/Object;)V @ 13
Event: 8129.221 Thread 0x0000000016d1e000 Uncommon trap: reason=unstable_if action=reinterpret pc=0x000000000516465c method=org.eclipse.osgi.framework.eventmgr.EventManager$EventThread.getNextEvent()Lorg/eclipse/osgi/framework/eventmgr/EventManager$EventThread$Queued; @ 15
Event: 8129.221 Thread 0x0000000019f93800 Uncommon trap: reason=unstable_if action=reinterpret pc=0x00000000048fe6c0 method=java.util.concurrent.locks.ReentrantLock$Sync.tryRelease(I)Z @ 28

Internal exceptions (10 events):
Event: 8126.239 Thread 0x0000000002338800 Implicit null exception at 0x00000000033561b0 to 0x0000000003356209
Event: 8127.537 Thread 0x0000000018cbc800 Implicit null exception at 0x0000000004dc61e8 to 0x0000000004dc7a99
Event: 8127.561 Thread 0x0000000016ea9800 Exception <a 'java/lang/InterruptedException'> (0x00000000f5d21208) thrown at [C:\re\workspace\8-2-build-windows-amd64-cygwin\jdk8u66\5298\hotspot\src\share\vm\runtime\objectMonitor.cpp, line 1683]
Event: 8127.662 Thread 0x0000000019f93800 Implicit null exception at 0x0000000005a7177f to 0x0000000005a7277e
Event: 8129.195 Thread 0x0000000018cc4000 Exception <a 'java/lang/InterruptedException'> (0x00000000f58bbbe0) thrown at [C:\re\workspace\8-2-build-windows-amd64-cygwin\jdk8u66\5298\hotspot\src\share\vm\runtime\objectMonitor.cpp, line 1683]
Event: 8129.217 Thread 0x0000000019f93800 Implicit null exception at 0x0000000003a17857 to 0x0000000003a17c49
Event: 8129.218 Thread 0x0000000016a04800 Exception <a 'java/lang/InterruptedException'> (0x00000000f8bc0e40) thrown at [C:\re\workspace\8-2-build-windows-amd64-cygwin\jdk8u66\5298\hotspot\src\share\vm\runtime\objectMonitor.cpp, line 1683]
Event: 8129.221 Thread 0x0000000016d1e000 Exception <a 'java/lang/InterruptedException'> (0x00000000f71824d8) thrown at [C:\re\workspace\8-2-build-windows-amd64-cygwin\jdk8u66\5298\hotspot\src\share\vm\runtime\objectMonitor.cpp, line 1683]
Event: 8129.221 Thread 0x0000000016c74000 Exception <a 'java/lang/InterruptedException'> (0x00000000f8e40858) thrown at [C:\re\workspace\8-2-build-windows-amd64-cygwin\jdk8u66\5298\hotspot\src\share\vm\runtime\objectMonitor.cpp, line 1683]
Event: 8129.221 Thread 0x00000000169b5800 Exception <a 'java/lang/InterruptedException'> (0x00000000f8e5efe8) thrown at [C:\re\workspace\8-2-build-windows-amd64-cygwin\jdk8u66\5298\hotspot\src\share\vm\runtime\objectMonitor.cpp, line 1683]

Events (10 events):
Event: 8129.251 loading class java/util/IdentityHashMap$IdentityHashMapIterator
Event: 8129.253 loading class java/util/IdentityHashMap$IdentityHashMapIterator done
Event: 8129.253 loading class java/util/IdentityHashMap$KeyIterator done
Event: 8129.253 Thread 0x0000000019f93800 Thread added: 0x0000000019f93800
Event: 8129.253 Executing VM operation: RevokeBias
Event: 8129.253 Executing VM operation: RevokeBias done
Event: 8129.253 Executing VM operation: RevokeBias
Event: 8129.253 Executing VM operation: RevokeBias done
Event: 8129.253 Thread 0x0000000019f93800 Thread exited: 0x0000000019f93800
Event: 8129.253 Executing VM operation: Exit


Dynamic libraries:
0x0000000000400000 - 0x000000000044f000 	C:\Xilinx\SDK\2016.2\eclipse\win64.o\eclipse.exe
0x0000000077a90000 - 0x0000000077c3a000 	C:\Windows\SYSTEM32\ntdll.dll
0x0000000077870000 - 0x000000007798f000 	C:\Windows\system32\kernel32.dll
0x000007fefda70000 - 0x000007fefdada000 	C:\Windows\system32\KERNELBASE.dll
0x0000000077990000 - 0x0000000077a8a000 	C:\Windows\system32\USER32.dll
0x000007feff1f0000 - 0x000007feff257000 	C:\Windows\system32\GDI32.dll
0x000007feff880000 - 0x000007feff88e000 	C:\Windows\system32\LPK.dll
0x000007feff260000 - 0x000007feff32a000 	C:\Windows\system32\USP10.dll
0x000007fefebc0000 - 0x000007fefec5f000 	C:\Windows\system32\msvcrt.dll
0x000007fefc0e0000 - 0x000007fefc2d4000 	C:\Windows\WinSxS\amd64_microsoft.windows.common-controls_6595b64144ccf1df_6.0.7601.18837_none_fa3b1e3d17594757\COMCTL32.dll
0x000007feff890000 - 0x000007feff901000 	C:\Windows\system32\SHLWAPI.dll
0x000007feff160000 - 0x000007feff18e000 	C:\Windows\system32\IMM32.DLL
0x000007feff770000 - 0x000007feff879000 	C:\Windows\system32\MSCTF.dll
0x0000000072000000 - 0x0000000072012000 	C:\Xilinx\SDK\2016.2\eclipse\win64.o\plugins\org.eclipse.equinox.launcher.win32.win32.x86_64_1.1.300.v20150602-1417\eclipse_1611.dll
0x000007feffbe0000 - 0x000007feffcbb000 	C:\Windows\system32\ADVAPI32.dll
0x000007feff740000 - 0x000007feff75f000 	C:\Windows\SYSTEM32\sechost.dll
0x000007fefdb90000 - 0x000007fefdcbd000 	C:\Windows\system32\RPCRT4.dll
0x000007fefc860000 - 0x000007fefc86c000 	C:\Windows\system32\VERSION.dll
0x000007fefc080000 - 0x000007fefc0d6000 	C:\Windows\system32\UxTheme.dll
0x0000000071710000 - 0x0000000071f99000 	C:\Xilinx\SDK\2016.2\tps\win64\jre\bin\server\jvm.dll
0x000007fefa240000 - 0x000007fefa249000 	C:\Windows\system32\WSOCK32.dll
0x000007fefdd40000 - 0x000007fefdd8d000 	C:\Windows\system32\WS2_32.dll
0x000007feff760000 - 0x000007feff768000 	C:\Windows\system32\NSI.dll
0x000007fef9070000 - 0x000007fef90ab000 	C:\Windows\system32\WINMM.dll
0x0000000077c60000 - 0x0000000077c67000 	C:\Windows\system32\PSAPI.DLL
0x0000000073940000 - 0x0000000073a12000 	C:\Windows\system32\MSVCR100.dll
0x00000000745a0000 - 0x00000000745af000 	C:\Xilinx\SDK\2016.2\tps\win64\jre\bin\verify.dll
0x0000000072b60000 - 0x0000000072b89000 	C:\Xilinx\SDK\2016.2\tps\win64\jre\bin\java.dll
0x0000000072b40000 - 0x0000000072b56000 	C:\Xilinx\SDK\2016.2\tps\win64\jre\bin\zip.dll
0x000007fefde30000 - 0x000007fefebb9000 	C:\Windows\system32\SHELL32.dll
0x000007feff330000 - 0x000007feff533000 	C:\Windows\system32\ole32.dll
0x000007fefd7e0000 - 0x000007fefd7ef000 	C:\Windows\system32\profapi.dll
0x000007fefcfd0000 - 0x000007fefcfe8000 	C:\Windows\system32\CRYPTSP.dll
0x000007fefccd0000 - 0x000007fefcd17000 	C:\Windows\system32\rsaenh.dll
0x000007fefd8a0000 - 0x000007fefd8be000 	C:\Windows\system32\USERENV.dll
0x000007fefd630000 - 0x000007fefd63f000 	C:\Windows\system32\CRYPTBASE.dll
0x0000000072b20000 - 0x0000000072b3a000 	C:\Xilinx\SDK\2016.2\tps\win64\jre\bin\net.dll
0x000007fefcf70000 - 0x000007fefcfc5000 	C:\Windows\system32\mswsock.dll
0x000007fefcf60000 - 0x000007fefcf67000 	C:\Windows\System32\wship6.dll
0x000007fefa110000 - 0x000007fefa137000 	C:\Windows\system32\IPHLPAPI.DLL
0x000007fefa100000 - 0x000007fefa10b000 	C:\Windows\system32\WINNSI.DLL
0x000007fefaf40000 - 0x000007fefaf51000 	C:\Windows\system32\dhcpcsvc6.DLL
0x000007fefaf20000 - 0x000007fefaf38000 	C:\Windows\system32\dhcpcsvc.DLL
0x0000000072760000 - 0x0000000072771000 	C:\Xilinx\SDK\2016.2\tps\win64\jre\bin\nio.dll
0x000007fefa220000 - 0x000007fefa235000 	C:\Windows\system32\NLAapi.dll
0x000007fef9df0000 - 0x000007fef9e05000 	C:\Windows\system32\napinsp.dll
0x000007fef9e10000 - 0x000007fef9e29000 	C:\Windows\system32\pnrpnsp.dll
0x000007fefcdf0000 - 0x000007fefce4b000 	C:\Windows\system32\DNSAPI.dll
0x000007fef9de0000 - 0x000007fef9deb000 	C:\Windows\System32\winrnr.dll
0x000007fefc930000 - 0x000007fefc937000 	C:\Windows\System32\wshtcpip.dll
0x000007fef9e30000 - 0x000007fef9e38000 	C:\Windows\system32\rasadhlp.dll
0x000007fefafd0000 - 0x000007fefb023000 	C:\Windows\System32\fwpuclnt.dll
0x000000001dae0000 - 0x000000001db88000 	C:\Users\dezfoul2\.Xilinx\SDK\2016.2\org.eclipse.osgi\312\0\.cp\swt-win32-4527.dll
0x000007feffcc0000 - 0x000007feffd98000 	C:\Windows\system32\OLEAUT32.dll
0x000007feff0c0000 - 0x000007feff157000 	C:\Windows\system32\comdlg32.dll
0x000007fef7130000 - 0x000007fef71a1000 	C:\Windows\system32\WINSPOOL.DRV
0x000007feff910000 - 0x000007feffbd5000 	C:\Windows\system32\WININET.dll
0x000007fefd810000 - 0x000007fefd814000 	C:\Windows\system32\api-ms-win-downlevel-user32-l1-1-0.dll
0x000007fefd7f0000 - 0x000007fefd7f4000 	C:\Windows\system32\api-ms-win-downlevel-shlwapi-l1-1-0.dll
0x000007fefdae0000 - 0x000007fefdae4000 	C:\Windows\system32\api-ms-win-downlevel-version-l1-1-0.dll
0x000007fefd800000 - 0x000007fefd803000 	C:\Windows\system32\api-ms-win-downlevel-normaliz-l1-1-0.dll
0x0000000077c50000 - 0x0000000077c53000 	C:\Windows\system32\normaliz.DLL
0x000007fefedf0000 - 0x000007feff0b9000 	C:\Windows\system32\iertutil.dll
0x000007fefd890000 - 0x000007fefd895000 	C:\Windows\system32\api-ms-win-downlevel-advapi32-l1-1-0.dll
0x000007fefd8c0000 - 0x000007fefda2d000 	C:\Windows\system32\CRYPT32.dll
0x000007fefd7d0000 - 0x000007fefd7df000 	C:\Windows\system32\MSASN1.dll
0x000007fefbb50000 - 0x000007fefbc7c000 	C:\Windows\system32\propsys.dll
0x000007fefdd90000 - 0x000007fefde29000 	C:\Windows\system32\CLBCatQ.DLL
0x0000000002400000 - 0x000000000241e000 	C:\Users\dezfoul2\.Xilinx\SDK\2016.2\org.eclipse.osgi\312\0\.cp\swt-gdip-win32-4527.dll
0x000007fefbe60000 - 0x000007fefc076000 	C:\Windows\WinSxS\amd64_microsoft.windows.gdiplus_6595b64144ccf1df_1.1.7601.23508_none_145555328b95eaaa\gdiplus.dll
0x000007fefb980000 - 0x000007fefbae1000 	C:\Windows\system32\WindowsCodecs.dll
0x0000000180000000 - 0x0000000180012000 	C:\Users\dezfoul2\.Xilinx\SDK\2016.2\org.eclipse.osgi\126\0\.cp\os\win32\x86_64\localfile_1_0_0.dll
0x000007fefd5d0000 - 0x000007fefd627000 	C:\Windows\system32\apphelp.dll
0x000007fef4f10000 - 0x000007fef4f64000 	C:\Windows\system32\oleacc.dll
0x000007fef93a0000 - 0x000007fef93a7000 	C:\Windows\system32\msimg32.dll
0x000007fef89e0000 - 0x000007fef89f6000 	C:\Xilinx\SDK\2016.2\eclipse\win64.o\plugins\org.eclipse.cdt.core.win32.x86_64_5.4.0.201509131935\os\win32\x86_64\spawner.dll
0x000007fefd720000 - 0x000007fefd734000 	C:\Windows\system32\RpcRtRemote.dll
0x000007fef89c0000 - 0x000007fef89d1000 	C:\Users\dezfoul2\.Xilinx\SDK\2016.2\org.eclipse.osgi\129\0\.cp\jWinHttp-1.0.0.dll
0x000007fefa960000 - 0x000007fefa9d1000 	C:\Windows\system32\WINHTTP.dll
0x000007fefa8f0000 - 0x000007fefa954000 	C:\Windows\system32\webio.dll
0x000007fefd5a0000 - 0x000007fefd5c5000 	C:\Windows\system32\SspiCli.dll
0x000007fefcb90000 - 0x000007fefcb9a000 	C:\Windows\system32\credssp.dll
0x000007fefda30000 - 0x000007fefda66000 	C:\Windows\system32\CFGMGR32.dll
0x000007fef96b0000 - 0x000007fef96bf000 	C:\Xilinx\SDK\2016.2\lib\win64.o\librdi_repo_manager.dll
0x000007fef8990000 - 0x000007fef89ba000 	C:\Xilinx\SDK\2016.2\lib\win64.o\libisl_sysinfo.dll
0x000007feed470000 - 0x000007feed544000 	C:\Windows\system32\MSVCR110.dll
0x000007feed370000 - 0x000007feed417000 	C:\Windows\system32\MSVCP110.dll
0x000007feba900000 - 0x000007febb340000 	C:\Xilinx\SDK\2016.2\lib\win64.o\librdi_common.dll
0x000007febba10000 - 0x000007febbd7e000 	C:\Xilinx\SDK\2016.2\lib\win64.o\libCOIN-all.dll
0x000007febb7f0000 - 0x000007febba0f000 	C:\Xilinx\SDK\2016.2\lib\win64.o\libXil_lmgr11.dll
0x000007fefb840000 - 0x000007fefb856000 	C:\Windows\system32\NETAPI32.dll
0x000007fefcc00000 - 0x000007fefcc0c000 	C:\Windows\system32\netutils.dll
0x000007fefd250000 - 0x000007fefd273000 	C:\Windows\system32\srvcli.dll
0x000007fefb820000 - 0x000007fefb835000 	C:\Windows\system32\wkscli.dll
0x000007fefd850000 - 0x000007fefd88b000 	C:\Windows\system32\WINTRUST.dll
0x000007fef8970000 - 0x000007fef8980000 	C:\Xilinx\SDK\2016.2\lib\win64.o\libboost_date_time.dll
0x000007feef640000 - 0x000007feef664000 	C:\Xilinx\SDK\2016.2\lib\win64.o\libboost_filesystem.dll
0x000007fef8980000 - 0x000007fef8989000 	C:\Xilinx\SDK\2016.2\lib\win64.o\libboost_system.dll
0x000007feef5c0000 - 0x000007feef637000 	C:\Xilinx\SDK\2016.2\lib\win64.o\libboost_program_options.dll
0x000007feef4b0000 - 0x000007feef5b6000 	C:\Xilinx\SDK\2016.2\lib\win64.o\libboost_regex.dll
0x000007fef4a20000 - 0x000007fef4a33000 	C:\Xilinx\SDK\2016.2\lib\win64.o\libboost_signals.dll
0x000007feef490000 - 0x000007feef4ad000 	C:\Xilinx\SDK\2016.2\lib\win64.o\libboost_thread.dll
0x000007fef8960000 - 0x000007fef896b000 	C:\Xilinx\SDK\2016.2\lib\win64.o\libboost_chrono.dll
0x000007fef5780000 - 0x000007fef578b000 	C:\Xilinx\SDK\2016.2\lib\win64.o\libboost_xilinx.dll
0x000007febb770000 - 0x000007febb7f0000 	C:\Xilinx\SDK\2016.2\lib\win64.o\libhdlpsolve.dll
0x000007febb6d0000 - 0x000007febb76a000 	C:\Xilinx\SDK\2016.2\lib\win64.o\libhdxml.dll
0x000007feba200000 - 0x000007feba665e00 	C:\Xilinx\SDK\2016.2\lib\win64.o\libisl_iostreams.dll
0x000007feef470000 - 0x000007feef486000 	C:\Xilinx\SDK\2016.2\lib\win64.o\libboost_iostreams.dll
0x000007febb6a0000 - 0x000007febb6c3000 	C:\Xilinx\SDK\2016.2\lib\win64.o\librdizlib.dll
0x000007febb670000 - 0x000007febb693000 	C:\Xilinx\SDK\2016.2\lib\win64.o\libisl_iosutils.dll
0x000007febb650000 - 0x000007febb665000 	C:\Xilinx\SDK\2016.2\lib\win64.o\pthreadVC2.dll
0x000007febb5f0000 - 0x000007febb644000 	C:\Xilinx\SDK\2016.2\lib\win64.o\librdi_commonxillic.dll
0x000007febb4c0000 - 0x000007febb5f0000 	C:\Xilinx\SDK\2016.2\lib\win64.o\librdi_curl.dll
0x000007febb4a0000 - 0x000007febb4b8000 	C:\Xilinx\SDK\2016.2\lib\win64.o\librdiconfig.dll
0x0000000070c20000 - 0x0000000070d47000 	C:\Xilinx\SDK\2016.2\lib\win64.o\tcl85t.dll
0x0000000025220000 - 0x0000000025483000 	C:\Xilinx\SDK\2016.2\lib\win64.o\xerces-c_3_1.dll
0x000007fefec60000 - 0x000007fefede6000 	C:\Windows\system32\urlmon.dll
0x000007fefd840000 - 0x000007fefd844000 	C:\Windows\system32\api-ms-win-downlevel-ole32-l1-1-0.dll
0x000007fee0a70000 - 0x000007fee0a93000 	C:\Windows\system32\VCOMP110.DLL
0x000007feba700000 - 0x000007feba8f2000 	C:\Xilinx\SDK\2016.2\lib\win64.o\librdi_hsm.dll
0x000007febb450000 - 0x000007febb493000 	C:\Xilinx\SDK\2016.2\lib\win64.o\librdi_hdf.dll
0x000007feb9f70000 - 0x000007feba1f1000 	C:\Xilinx\SDK\2016.2\lib\win64.o\librdi_ippcw.dll
0x0000000071080000 - 0x00000000710a6000 	C:\Xilinx\SDK\2016.2\eclipse\win64.o\plugins\gnu.io.rxtx.win32.x86_64_2.1.7.3_v20071015\os\win32\x86_64\rxtxSerial.dll
0x000007fefb940000 - 0x000007fefb94a000 	C:\Xilinx\SDK\2016.2\lib\win64.o\librdi_jtag_settings.dll
0x000007fef4ee0000 - 0x000007fef4f09000 	C:\Xilinx\SDK\2016.2\lib\win64.o\librdi_debug_dialog.dll
0x000007fefb8e0000 - 0x000007fefb8e8000 	C:\Xilinx\SDK\2016.2\lib\win64.o\librdi_target_manager.dll
0x0000000071100000 - 0x0000000071125000 	C:\Users\dezfoul2\.jssc\windows\jSSC-2.8_x86_64.dll
0x000007fef33e0000 - 0x000007fef3bf0000 	C:\Xilinx\SDK\2016.2\lib\win64.o\libXil_lmgr11FNP.dll

VM Arguments:
jvm_args: -Dcom.xilinx.sdk.args.hwspec=W:/ece532/src/hdmi.sdk/hdmi_wrapper.hdf -Xms64m -Xmx512m & 
java_command: <unknown>
java_class_path (initial): C:\Xilinx\SDK\2016.2\eclipse\win64.o\\plugins/org.eclipse.equinox.launcher_1.3.100.v20150511-1540.jar
Launcher Type: generic

Environment Variables:
PATH=C:/Xilinx/SDK/2016.2/tps/win64/jre/bin/server;C:/Xilinx/SDK/2016.2/tps/win64/jre/bin;C:/Xilinx/SDK/2016.2/tps/win64/jre/lib/amd64;C:\Xilinx\SDK\2016.2\gnuwin\bin;C:\Xilinx\SDK\2016.2\gnu\microblaze\nt\bin;C:\Xilinx\SDK\2016.2\gnu\microblaze\linux_toolchain\nt64_le\bin;C:\Xilinx\SDK\2016.2\gnu\microblaze\linux_toolchain\nt64_be\bin;C:\Xilinx\SDK\2016.2\gnu\arm\nt\bin;C:\Xilinx\SDK\2016.2\gnu\aarch64\nt\aarch64-none\bin;C:\Xilinx\SDK\2016.2\gnu\aarch64\nt\aarch64-linux\bin;C:\Xilinx\SDK\2016.2\gnu\armr5\nt\gcc-arm-none-eabi\bin;C:\Xilinx\SDK\2016.2\gnu\aarch32\nt\gcc-arm-none-eabi\bin;C:\Xilinx\SDK\2016.2\gnu\aarch32\nt\gcc-arm-linux-gnueabi\bin;C:\Xilinx\SDK\2016.2\tps\win64\cmake-3.3.2\bin;;C:\Xilinx\SDK\2016.2\bin;C:\Xilinx\SDK\2016.2\lib\win64.o;C:\Xilinx\SDK\2016.2\tps\win64\jre\bin\server;C:\Xilinx\SDK\2016.2\tps\win64\jre\bin;C:\Xilinx\Vivado\2016.2\ids_lite\ISE\bin\nt64;C:\Xilinx\Vivado\2016.2\ids_lite\ISE\lib\nt64;C:\Xilinx\Vivado\2016.2\bin;C:\Xilinx\Vivado\2016.2\lib\win64.o;C:\Xilinx\Vivado\2016.2\tps\win64\jre\bin\server;C:\Xilinx\Vivado\2016.2\tps\win64\jre\bin;C:\Xilinx\Vivado_HLS\2016.2\bin;C:\Users\dezfoul2\bin;W:\Git\Git\mingw64\bin;W:\Git\Git\usr\local\bin;W:\Git\Git\usr\bin;C:\Windows\system32;C:\Windows;C:\Windows\System32\Wbem;C:\Windows\System32\WindowsPowerShell\v1.0;C:\Program Files (x86)\Java\jre6\bin;C:\Program Files (x86)\eclipse;C:\altera\16.0\quartus\bin64;C:\altera\16.0\quartus\bin64\jre64\bin;W:\Git\Git\usr\bin\vendor_perl;W:\Git\Git\usr\bin\core_perl;W:\ece532\src;
USERNAME=dezfoul2
SHELL=W:\Git\Git\usr\bin\bash.exe
DISPLAY=needs-to-be-defined
OS=Windows_NT
PROCESSOR_IDENTIFIER=Intel64 Family 6 Model 60 Stepping 3, GenuineIntel



---------------  S Y S T E M  ---------------

OS: Windows 7 , 64 bit Build 7601 (6.1.7601.23418)

CPU:total 8 (4 cores per cpu, 2 threads per core) family 6 model 60 stepping 3, cmov, cx8, fxsr, mmx, sse, sse2, sse3, ssse3, sse4.1, sse4.2, popcnt, avx, avx2, aes, clmul, erms, lzcnt, ht, tsc, tscinvbit, bmi1, bmi2

Memory: 4k page, physical 16683160k(10228536k free), swap 33364460k(26484264k free)

vm_info: Java HotSpot(TM) 64-Bit Server VM (25.66-b18) for windows-amd64 JRE (1.8.0_66-b18), built on Nov  9 2015 10:51:13 by "java_re" with MS VC++ 10.0 (VS2010)

time: Mon Mar 27 16:44:48 2017
elapsed time: 8129 seconds (0d 2h 15m 29s)

