#
# A fatal error has been detected by the Java Runtime Environment:
#
#  EXCEPTION_UNCAUGHT_CXX_EXCEPTION (0xe06d7363) at pc=0x000007fefcc2a06d, pid=5428, tid=4404
#
# JRE version: Java(TM) SE Runtime Environment (8.0_66-b18) (build 1.8.0_66-b18)
# Java VM: Java HotSpot(TM) 64-Bit Server VM (25.66-b18 mixed mode windows-amd64 compressed oops)
# Problematic frame:
# C  [KERNELBASE.dll+0x1a06d]
#
# Failed to write core dump. Minidumps are not enabled by default on client versions of Windows
#
# If you would like to submit a bug report, please visit:
#   http://bugreport.java.com/bugreport/crash.jsp
#

---------------  T H R E A D  ---------------

Current thread (0x0000000013dd6000):  VMThread [stack: 0x0000000015ea0000,0x0000000015fa0000] [id=4404]

siginfo: ExceptionCode=0xe06d7363, ExceptionInformation=0x0000000019930520 0x0000000015f9f4c8 0x000007feeb462cb8 0x000007feeb3b0000 

Registers:
RAX=0x0000000061f73fef, RBX=0x000007feeb462cb8, RCX=0x0000000015f9ed10, RDX=0x00000000000000d0
RSP=0x0000000015f9f320, RBP=0x0000000015f9f450, RSI=0x00000000ffffffff, RDI=0x00000000175b7e10
R8 =0x0000000000000000, R9 =0x0000000000000000, R10=0x000007feeb3b0000, R11=0x0000000015f9f360
R12=0x0000000000000001, R13=0x0000000000000008, R14=0x0000000000000000, R15=0xffffffffffffffff
RIP=0x000007fefcc2a06d, EFLAGS=0x0000000000000202

Top of Stack: (sp=0x0000000015f9f320)
0x0000000015f9f320:   000007feeb462cb8 00000000ffffffff
0x0000000015f9f330:   00000000175b7e10 00000000002fa1a0
0x0000000015f9f340:   00000001e06d7363 0000000000000000
0x0000000015f9f350:   000007fefcc2a06d 000007fe00000004
0x0000000015f9f360:   0000000019930520 0000000015f9f4c8
0x0000000015f9f370:   000007feeb462cb8 000007feeb3b0000
0x0000000015f9f380:   0000000000000000 0000000015f9f408
0x0000000015f9f390:   0000000000000028 00000000175b7e00
0x0000000015f9f3a0:   00000000175d2d90 0000000000000000
0x0000000015f9f3b0:   000007fffffa8000 0000000076eff2d3
0x0000000015f9f3c0:   0000000000000000 0000000000000008
0x0000000015f9f3d0:   0000000000000001 00000000175b7e10
0x0000000015f9f3e0:   00000000ffffffff 000007feeb40e92c
0x0000000015f9f3f0:   000007feeb462cb8 0000000015f9f460
0x0000000015f9f400:   0000000000000001 000007feeb3b00f8
0x0000000015f9f410:   00000001e06d7363 0000000000000000 

Instructions: (pc=0x000007fefcc2a06d)
0x000007fefcc2a04d:   54 24 24 48 89 4c 24 28 4d 85 c9 0f 85 6a 03 00
0x000007fefcc2a05d:   00 89 4c 24 38 48 8d 4c 24 20 ff 15 33 02 03 00
0x000007fefcc2a06d:   48 81 c4 c8 00 00 00 c3 90 90 90 90 90 90 90 90
0x000007fefcc2a07d:   90 90 90 48 83 ec 28 65 48 8b 04 25 30 00 00 00 


Register to memory mapping:

RAX=0x0000000061f73fef is an unknown value
RBX=0x000007feeb462cb8 is an unknown value
RCX=0x0000000015f9ed10 is an unknown value
RDX=0x00000000000000d0 is an unknown value
RSP=0x0000000015f9f320 is an unknown value
RBP=0x0000000015f9f450 is an unknown value
RSI=0x00000000ffffffff is an unallocated location in the heap
RDI=0x00000000175b7e10 is an unknown value
R8 =0x0000000000000000 is an unknown value
R9 =0x0000000000000000 is an unknown value
R10=0x000007feeb3b0000 is an unknown value
R11=0x0000000015f9f360 is an unknown value
R12=0x0000000000000001 is an unknown value
R13=0x0000000000000008 is an unknown value
R14=0x0000000000000000 is an unknown value
R15=0xffffffffffffffff is an unknown value


Stack: [0x0000000015ea0000,0x0000000015fa0000],  sp=0x0000000015f9f320,  free space=1020k
Native frames: (J=compiled Java code, j=interpreted, Vv=VM code, C=native code)
C  [KERNELBASE.dll+0x1a06d]
C  [MSVCR110.dll+0x5e92c]
C  [MSVCR110.dll+0x1315c]
C  [MSVCR110.dll+0x136a9]
C  [MSVCR110.dll+0x13e9c]
C  [MSVCR110.dll+0x239e]
C  [MSVCR110.dll+0xaf9e]
C  [MSVCP110.dll+0x397b9]
C  [librdi_common.dll+0x182316]
C  [librdi_common.dll+0x180fab]
C  [librdi_target_manager.dll+0x2400]
C  [librdi_target_manager.dll+0x2682]
C  [ntdll.dll+0x229b1]
C  [ntdll.dll+0x227c0]
C  [MSVCR100.dll+0x20ccd]
V  [jvm.dll+0x210cc5]
V  [jvm.dll+0x249897]
V  [jvm.dll+0x248b36]
V  [jvm.dll+0x248fd1]
V  [jvm.dll+0x2491ee]
V  [jvm.dll+0x29a0fa]
C  [MSVCR100.dll+0x21d9f]
C  [MSVCR100.dll+0x21e3b]
C  [kernel32.dll+0x159bd]
C  [ntdll.dll+0x2a2e1]

VM_Operation (0x000000000012f4c0): Exit, mode: safepoint, requested by thread 0x000000000244e800


---------------  P R O C E S S  ---------------

Java Threads: ( => current thread )
  0x0000000018719800 JavaThread "Thread-23" daemon [_thread_blocked, id=6040, stack(0x0000000026df0000,0x0000000026ef0000)]
  0x0000000018715000 JavaThread "TCF Channel Transmitter" daemon [_thread_blocked, id=5744, stack(0x00000000265f0000,0x00000000266f0000)]
  0x0000000016b6f000 JavaThread "TCF Channel Receiver" daemon [_thread_in_native, id=3156, stack(0x0000000024b60000,0x0000000024c60000)]
  0x000000001e8a8800 JavaThread "Process monitor" daemon [_thread_in_native, id=2236, stack(0x0000000026340000,0x0000000026440000)]
  0x000000001e8a6800 JavaThread "Input Stream Monitor" daemon [_thread_blocked, id=5908, stack(0x0000000026240000,0x0000000026340000)]
  0x000000001e8a8000 JavaThread "Output Stream Monitor" daemon [_thread_in_native, id=5988, stack(0x0000000026140000,0x0000000026240000)]
  0x000000001e8a7000 JavaThread "Output Stream Monitor" daemon [_thread_in_native, id=5504, stack(0x00000000250f0000,0x00000000251f0000)]
  0x000000001e8a5000 JavaThread "Worker-7" [_thread_blocked, id=6084, stack(0x0000000025740000,0x0000000025840000)]
  0x0000000016b78800 JavaThread "TCF Locator DNS Lookup" daemon [_thread_blocked, id=5436, stack(0x0000000024650000,0x0000000024750000)]
  0x0000000016b78000 JavaThread "TCF Locator Timer" daemon [_thread_blocked, id=5532, stack(0x0000000024550000,0x0000000024650000)]
  0x0000000016b75800 JavaThread "TCF Timer Dispatcher" daemon [_thread_blocked, id=2444, stack(0x0000000024250000,0x0000000024350000)]
  0x0000000016b6b000 JavaThread "EMF Reference Cleaner" daemon [_thread_blocked, id=1376, stack(0x00000000195b0000,0x00000000196b0000)]
  0x0000000015042000 JavaThread "Service Thread" daemon [_thread_blocked, id=3064, stack(0x0000000016860000,0x0000000016960000)]
  0x0000000014fc4000 JavaThread "C1 CompilerThread3" daemon [_thread_blocked, id=2856, stack(0x0000000016760000,0x0000000016860000)]
  0x0000000014fb6000 JavaThread "C2 CompilerThread2" daemon [_thread_blocked, id=5424, stack(0x0000000016660000,0x0000000016760000)]
  0x0000000014faf000 JavaThread "C2 CompilerThread1" daemon [_thread_blocked, id=4484, stack(0x0000000016560000,0x0000000016660000)]
  0x0000000014fa9800 JavaThread "C2 CompilerThread0" daemon [_thread_blocked, id=6028, stack(0x0000000016460000,0x0000000016560000)]
  0x0000000014fa6800 JavaThread "Attach Listener" daemon [_thread_blocked, id=3728, stack(0x0000000016360000,0x0000000016460000)]
  0x0000000014fa5800 JavaThread "Signal Dispatcher" daemon [_thread_blocked, id=3164, stack(0x0000000016260000,0x0000000016360000)]
  0x0000000013de1800 JavaThread "Finalizer" daemon [_thread_blocked, id=5904, stack(0x00000000160a0000,0x00000000161a0000)]
  0x0000000013dda800 JavaThread "Reference Handler" daemon [_thread_blocked, id=5048, stack(0x0000000015fa0000,0x00000000160a0000)]
  0x000000000244e800 JavaThread "main" [_thread_blocked, id=5384, stack(0x0000000000030000,0x0000000000130000)]

Other Threads:
=>0x0000000013dd6000 VMThread [stack: 0x0000000015ea0000,0x0000000015fa0000] [id=4404]

VM state:at safepoint (shutting down)

VM Mutex/Monitor currently owned by a thread:  ([mutex/lock_event])
[0x0000000002368a00] Threads_lock - owner thread: 0x0000000013dd6000

Heap:
 PSYoungGen      total 93184K, used 80092K [0x00000000f5580000, 0x00000000fdc80000, 0x0000000100000000)
  eden space 82944K, 84% used [0x00000000f5580000,0x00000000f9a32f38,0x00000000fa680000)
  from space 10240K, 95% used [0x00000000fa900000,0x00000000fb284480,0x00000000fb300000)
  to   space 27648K, 0% used [0x00000000fc180000,0x00000000fc180000,0x00000000fdc80000)
 ParOldGen       total 115200K, used 59523K [0x00000000e0000000, 0x00000000e7080000, 0x00000000f5580000)
  object space 115200K, 51% used [0x00000000e0000000,0x00000000e3a20e68,0x00000000e7080000)
 Metaspace       used 94246K, capacity 101912K, committed 102184K, reserved 1138688K
  class space    used 11300K, capacity 13780K, committed 13872K, reserved 1048576K

Card table byte_map: [0x00000000024f0000,0x0000000002600000] byte_map_base: 0x0000000001df0000

Marking Bits: (ParMarkBitMap*) 0x00000000691ca5b0
 Begin Bits: [0x00000000122f0000, 0x0000000012af0000)
 End Bits:   [0x0000000012af0000, 0x00000000132f0000)

Polling page: 0x0000000000220000

CodeCache: size=245760Kb used=47479Kb max_used=47668Kb free=198280Kb
 bounds [0x0000000002730000, 0x0000000005620000, 0x0000000011730000]
 total_blobs=13553 nmethods=12639 adapters=819
 compilation: enabled

Compilation events (10 events):
Event: 1333.521 Thread 0x0000000014fc4000 15982       3       org.eclipse.osgi.storage.bundlefile.MRUBundleFileList::removeInternal (37 bytes)
Event: 1333.521 Thread 0x0000000014fc4000 nmethod 15982 0x00000000045c2ad0 code [0x00000000045c2c40, 0x00000000045c30b0]
Event: 1333.522 Thread 0x0000000014fc4000 15983   !   3       org.eclipse.osgi.storage.BundleInfo$Generation::close (34 bytes)
Event: 1333.523 Thread 0x0000000014fc4000 nmethod 15983 0x00000000028f2890 code [0x00000000028f2a00, 0x00000000028f2e28]
Event: 1333.524 Thread 0x0000000014fc4000 15985       3       org.eclipse.osgi.container.Module::holdsTransitionEventLock (25 bytes)
Event: 1333.524 Thread 0x0000000014fc4000 nmethod 15985 0x00000000036b7690 code [0x00000000036b7820, 0x00000000036b7f48]
Event: 1333.525 Thread 0x0000000014fa9800 15995       4       java.lang.Long::hashCode (8 bytes)
Event: 1333.525 Thread 0x0000000014faf000 15996       4       org.eclipse.osgi.container.ModuleDatabase::readUnlock (11 bytes)
Event: 1333.525 Thread 0x0000000014fa9800 nmethod 15995 0x000000000469ba50 code [0x000000000469bb80, 0x000000000469bbf8]
Event: 1333.525 Thread 0x0000000014fc4000 15993       3       org.eclipse.osgi.internal.framework.EquinoxContainerAdaptor::clearManifestCache (84 bytes)

GC Heap History (10 events):
Event: 644.409 GC heap before
{Heap before GC invocations=21 (full 4):
 PSYoungGen      total 125440K, used 108697K [0x00000000f5580000, 0x00000000ff600000, 0x0000000100000000)
  eden space 95744K, 100% used [0x00000000f5580000,0x00000000fb300000,0x00000000fb300000)
  from space 29696K, 43% used [0x00000000fd900000,0x00000000fe5a6488,0x00000000ff600000)
  to   space 34304K, 0% used [0x00000000fb300000,0x00000000fb300000,0x00000000fd480000)
 ParOldGen       total 115200K, used 59483K [0x00000000e0000000, 0x00000000e7080000, 0x00000000f5580000)
  object space 115200K, 51% used [0x00000000e0000000,0x00000000e3a16e68,0x00000000e7080000)
 Metaspace       used 91973K, capacity 99670K, committed 99880K, reserved 1136640K
  class space    used 11082K, capacity 13563K, committed 13616K, reserved 1048576K
Event: 644.416 GC heap after
Heap after GC invocations=21 (full 4):
 PSYoungGen      total 105984K, used 12568K [0x00000000f5580000, 0x00000000fef80000, 0x0000000100000000)
  eden space 93184K, 0% used [0x00000000f5580000,0x00000000f5580000,0x00000000fb080000)
  from space 12800K, 98% used [0x00000000fb300000,0x00000000fbf46100,0x00000000fbf80000)
  to   space 32256K, 0% used [0x00000000fd000000,0x00000000fd000000,0x00000000fef80000)
 ParOldGen       total 115200K, used 59491K [0x00000000e0000000, 0x00000000e7080000, 0x00000000f5580000)
  object space 115200K, 51% used [0x00000000e0000000,0x00000000e3a18e68,0x00000000e7080000)
 Metaspace       used 91973K, capacity 99670K, committed 99880K, reserved 1136640K
  class space    used 11082K, capacity 13563K, committed 13616K, reserved 1048576K
}
Event: 756.453 GC heap before
{Heap before GC invocations=22 (full 4):
 PSYoungGen      total 105984K, used 105752K [0x00000000f5580000, 0x00000000fef80000, 0x0000000100000000)
  eden space 93184K, 100% used [0x00000000f5580000,0x00000000fb080000,0x00000000fb080000)
  from space 12800K, 98% used [0x00000000fb300000,0x00000000fbf46100,0x00000000fbf80000)
  to   space 32256K, 0% used [0x00000000fd000000,0x00000000fd000000,0x00000000fef80000)
 ParOldGen       total 115200K, used 59491K [0x00000000e0000000, 0x00000000e7080000, 0x00000000f5580000)
  object space 115200K, 51% used [0x00000000e0000000,0x00000000e3a18e68,0x00000000e7080000)
 Metaspace       used 92101K, capacity 99734K, committed 99880K, reserved 1136640K
  class space    used 11094K, capacity 13563K, committed 13616K, reserved 1048576K
Event: 756.462 GC heap after
Heap after GC invocations=22 (full 4):
 PSYoungGen      total 117248K, used 12690K [0x00000000f5580000, 0x00000000fea00000, 0x0000000100000000)
  eden space 90624K, 0% used [0x00000000f5580000,0x00000000f5580000,0x00000000fae00000)
  from space 26624K, 47% used [0x00000000fd000000,0x00000000fdc64950,0x00000000fea00000)
  to   space 30720K, 0% used [0x00000000fae00000,0x00000000fae00000,0x00000000fcc00000)
 ParOldGen       total 115200K, used 59499K [0x00000000e0000000, 0x00000000e7080000, 0x00000000f5580000)
  object space 115200K, 51% used [0x00000000e0000000,0x00000000e3a1ae68,0x00000000e7080000)
 Metaspace       used 92101K, capacity 99734K, committed 99880K, reserved 1136640K
  class space    used 11094K, capacity 13563K, committed 13616K, reserved 1048576K
}
Event: 831.590 GC heap before
{Heap before GC invocations=23 (full 4):
 PSYoungGen      total 117248K, used 103308K [0x00000000f5580000, 0x00000000fea00000, 0x0000000100000000)
  eden space 90624K, 99% used [0x00000000f5580000,0x00000000fadfe908,0x00000000fae00000)
  from space 26624K, 47% used [0x00000000fd000000,0x00000000fdc64950,0x00000000fea00000)
  to   space 30720K, 0% used [0x00000000fae00000,0x00000000fae00000,0x00000000fcc00000)
 ParOldGen       total 115200K, used 59499K [0x00000000e0000000, 0x00000000e7080000, 0x00000000f5580000)
  object space 115200K, 51% used [0x00000000e0000000,0x00000000e3a1ae68,0x00000000e7080000)
 Metaspace       used 92347K, capacity 99938K, committed 100136K, reserved 1136640K
  class space    used 11105K, capacity 13565K, committed 13616K, reserved 1048576K
Event: 831.598 GC heap after
Heap after GC invocations=23 (full 4):
 PSYoungGen      total 99840K, used 11429K [0x00000000f5580000, 0x00000000fe580000, 0x0000000100000000)
  eden space 88064K, 0% used [0x00000000f5580000,0x00000000f5580000,0x00000000fab80000)
  from space 11776K, 97% used [0x00000000fae00000,0x00000000fb929660,0x00000000fb980000)
  to   space 29696K, 0% used [0x00000000fc880000,0x00000000fc880000,0x00000000fe580000)
 ParOldGen       total 115200K, used 59507K [0x00000000e0000000, 0x00000000e7080000, 0x00000000f5580000)
  object space 115200K, 51% used [0x00000000e0000000,0x00000000e3a1ce68,0x00000000e7080000)
 Metaspace       used 92347K, capacity 99938K, committed 100136K, reserved 1136640K
  class space    used 11105K, capacity 13565K, committed 13616K, reserved 1048576K
}
Event: 1113.085 GC heap before
{Heap before GC invocations=24 (full 4):
 PSYoungGen      total 99840K, used 99493K [0x00000000f5580000, 0x00000000fe580000, 0x0000000100000000)
  eden space 88064K, 100% used [0x00000000f5580000,0x00000000fab80000,0x00000000fab80000)
  from space 11776K, 97% used [0x00000000fae00000,0x00000000fb929660,0x00000000fb980000)
  to   space 29696K, 0% used [0x00000000fc880000,0x00000000fc880000,0x00000000fe580000)
 ParOldGen       total 115200K, used 59507K [0x00000000e0000000, 0x00000000e7080000, 0x00000000f5580000)
  object space 115200K, 51% used [0x00000000e0000000,0x00000000e3a1ce68,0x00000000e7080000)
 Metaspace       used 92956K, capacity 100698K, committed 100904K, reserved 1136640K
  class space    used 11162K, capacity 13601K, committed 13616K, reserved 1048576K
Event: 1113.093 GC heap after
Heap after GC invocations=24 (full 4):
 PSYoungGen      total 110592K, used 11687K [0x00000000f5580000, 0x00000000fe100000, 0x0000000100000000)
  eden space 85504K, 0% used [0x00000000f5580000,0x00000000f5580000,0x00000000fa900000)
  from space 25088K, 46% used [0x00000000fc880000,0x00000000fd3e9f90,0x00000000fe100000)
  to   space 28672K, 0% used [0x00000000fa900000,0x00000000fa900000,0x00000000fc500000)
 ParOldGen       total 115200K, used 59515K [0x00000000e0000000, 0x00000000e7080000, 0x00000000f5580000)
  object space 115200K, 51% used [0x00000000e0000000,0x00000000e3a1ee68,0x00000000e7080000)
 Metaspace       used 92956K, capacity 100698K, committed 100904K, reserved 1136640K
  class space    used 11162K, capacity 13601K, committed 13616K, reserved 1048576K
}
Event: 1293.229 GC heap before
{Heap before GC invocations=25 (full 4):
 PSYoungGen      total 110592K, used 97191K [0x00000000f5580000, 0x00000000fe100000, 0x0000000100000000)
  eden space 85504K, 100% used [0x00000000f5580000,0x00000000fa900000,0x00000000fa900000)
  from space 25088K, 46% used [0x00000000fc880000,0x00000000fd3e9f90,0x00000000fe100000)
  to   space 28672K, 0% used [0x00000000fa900000,0x00000000fa900000,0x00000000fc500000)
 ParOldGen       total 115200K, used 59515K [0x00000000e0000000, 0x00000000e7080000, 0x00000000f5580000)
  object space 115200K, 51% used [0x00000000e0000000,0x00000000e3a1ee68,0x00000000e7080000)
 Metaspace       used 93227K, capacity 100974K, committed 101288K, reserved 1136640K
  class space    used 11189K, capacity 13644K, committed 13744K, reserved 1048576K
Event: 1293.240 GC heap after
Heap after GC invocations=25 (full 4):
 PSYoungGen      total 93184K, used 9745K [0x00000000f5580000, 0x00000000fdc80000, 0x0000000100000000)
  eden space 82944K, 0% used [0x00000000f5580000,0x00000000f5580000,0x00000000fa680000)
  from space 10240K, 95% used [0x00000000fa900000,0x00000000fb284480,0x00000000fb300000)
  to   space 27648K, 0% used [0x00000000fc180000,0x00000000fc180000,0x00000000fdc80000)
 ParOldGen       total 115200K, used 59523K [0x00000000e0000000, 0x00000000e7080000, 0x00000000f5580000)
  object space 115200K, 51% used [0x00000000e0000000,0x00000000e3a20e68,0x00000000e7080000)
 Metaspace       used 93227K, capacity 100974K, committed 101288K, reserved 1136640K
  class space    used 11189K, capacity 13644K, committed 13744K, reserved 1048576K
}

Deoptimization events (10 events):
Event: 1333.159 Thread 0x0000000016b7a000 Uncommon trap: reason=bimorphic action=maybe_recompile pc=0x0000000004eb2830 method=org.eclipse.core.internal.dtree.AbstractDataTreeNode.assembleWith([Lorg/eclipse/core/internal/dtree/AbstractDataTreeNode;[Lorg/eclipse/core/internal/dtree/AbstractDataTreeNmÌuµ
Event: 1333.501 Thread 0x000000001e8a2800 Uncommon trap: reason=unstable_if action=reinterpret pc=0x000000000327bdf8 method=org.eclipse.core.internal.jobs.JobManager.nextJob()Lorg/eclipse/core/runtime/jobs/Job; @ 80
Event: 1333.501 Thread 0x000000001e8a2800 Uncommon trap: reason=unstable_if action=reinterpret pc=0x0000000003554328 method=org.eclipse.core.internal.jobs.WorkerPool.startJob(Lorg/eclipse/core/internal/jobs/Worker;)Lorg/eclipse/core/internal/jobs/InternalJob; @ 177
Event: 1333.501 Thread 0x0000000020822000 Uncommon trap: reason=unstable_if action=reinterpret pc=0x000000000327bdf8 method=org.eclipse.core.internal.jobs.JobManager.nextJob()Lorg/eclipse/core/runtime/jobs/Job; @ 80
Event: 1333.501 Thread 0x0000000020822000 Uncommon trap: reason=unstable_if action=reinterpret pc=0x0000000003554328 method=org.eclipse.core.internal.jobs.WorkerPool.startJob(Lorg/eclipse/core/internal/jobs/Worker;)Lorg/eclipse/core/internal/jobs/InternalJob; @ 177
Event: 1333.501 Thread 0x0000000016b6f800 Uncommon trap: reason=unstable_if action=reinterpret pc=0x0000000003554328 method=org.eclipse.core.internal.jobs.WorkerPool.startJob(Lorg/eclipse/core/internal/jobs/Worker;)Lorg/eclipse/core/internal/jobs/InternalJob; @ 177
Event: 1333.501 Thread 0x000000001e8a4000 Uncommon trap: reason=unstable_if action=reinterpret pc=0x0000000003554328 method=org.eclipse.core.internal.jobs.WorkerPool.startJob(Lorg/eclipse/core/internal/jobs/Worker;)Lorg/eclipse/core/internal/jobs/InternalJob; @ 177
Event: 1333.501 Thread 0x0000000016b79800 Uncommon trap: reason=unstable_if action=reinterpret pc=0x0000000003554328 method=org.eclipse.core.internal.jobs.WorkerPool.startJob(Lorg/eclipse/core/internal/jobs/Worker;)Lorg/eclipse/core/internal/jobs/InternalJob; @ 177
Event: 1333.501 Thread 0x0000000020820800 Uncommon trap: reason=unstable_if action=reinterpret pc=0x0000000003554328 method=org.eclipse.core.internal.jobs.WorkerPool.startJob(Lorg/eclipse/core/internal/jobs/Worker;)Lorg/eclipse/core/internal/jobs/InternalJob; @ 177
Event: 1333.514 Thread 0x0000000016b7a000 Uncommon trap: reason=unstable_if action=reinterpret pc=0x000000000555b998 method=sun.reflect.UnsafeStaticObjectFieldAccessorImpl.set(Ljava/lang/Object;Ljava/lang/Object;)V @ 13

Internal exceptions (10 events):
Event: 1332.189 Thread 0x000000002210e800 Exception <a 'java/lang/InterruptedException'> (0x00000000f94089b0) thrown at [C:\re\workspace\8-2-build-windows-amd64-cygwin\jdk8u66\5298\hotspot\src\share\vm\runtime\objectMonitor.cpp, line 1683]
Event: 1332.509 Thread 0x0000000018717000 Exception <a 'java/lang/InterruptedException'> (0x00000000f943bcb8) thrown at [C:\re\workspace\8-2-build-windows-amd64-cygwin\jdk8u66\5298\hotspot\src\share\vm\runtime\objectMonitor.cpp, line 1683]
Event: 1333.179 Thread 0x0000000016b71000 Exception <a 'java/lang/InterruptedException'> (0x00000000f902d4b0) thrown at [C:\re\workspace\8-2-build-windows-amd64-cygwin\jdk8u66\5298\hotspot\src\share\vm\runtime\objectMonitor.cpp, line 1683]
Event: 1333.501 Thread 0x0000000016b7a000 Exception <a 'java/io/IOException'> (0x00000000f97bb208) thrown at [C:\re\workspace\8-2-build-windows-amd64-cygwin\jdk8u66\5298\hotspot\src\share\vm\prims\jni.cpp, line 709]
Event: 1333.501 Thread 0x0000000016b7a000 Exception <a 'java/io/IOException'> (0x00000000f97bb498) thrown at [C:\re\workspace\8-2-build-windows-amd64-cygwin\jdk8u66\5298\hotspot\src\share\vm\prims\jni.cpp, line 709]
Event: 1333.501 Thread 0x0000000016b7a000 Exception <a 'java/io/IOException'> (0x00000000f97bb6f8) thrown at [C:\re\workspace\8-2-build-windows-amd64-cygwin\jdk8u66\5298\hotspot\src\share\vm\prims\jni.cpp, line 709]
Event: 1333.514 Thread 0x0000000016b7a000 Implicit null exception at 0x000000000555b677 to 0x000000000555b985
Event: 1333.514 Thread 0x000000001714d800 Exception <a 'java/lang/InterruptedException'> (0x00000000f9758788) thrown at [C:\re\workspace\8-2-build-windows-amd64-cygwin\jdk8u66\5298\hotspot\src\share\vm\runtime\objectMonitor.cpp, line 1683]
Event: 1333.523 Thread 0x0000000016b6d800 Exception <a 'java/lang/InterruptedException'> (0x00000000f804b710) thrown at [C:\re\workspace\8-2-build-windows-amd64-cygwin\jdk8u66\5298\hotspot\src\share\vm\runtime\objectMonitor.cpp, line 1683]
Event: 1333.523 Thread 0x00000000171fd000 Exception <a 'java/lang/InterruptedException'> (0x00000000f992b4a8) thrown at [C:\re\workspace\8-2-build-windows-amd64-cygwin\jdk8u66\5298\hotspot\src\share\vm\runtime\objectMonitor.cpp, line 1683]

Events (10 events):
Event: 1333.525 Thread 0x0000000016b7a000 Thread exited: 0x0000000016b7a000
Event: 1333.525 Thread 0x0000000014fc4000 flushing nmethod 0x00000000046758d0
Event: 1333.525 Thread 0x0000000014fc4000 flushing nmethod 0x00000000046d7e90
Event: 1333.525 loading class java/util/IdentityHashMap$KeyIterator
Event: 1333.525 loading class java/util/IdentityHashMap$IdentityHashMapIterator
Event: 1333.526 loading class java/util/IdentityHashMap$IdentityHashMapIterator done
Event: 1333.526 loading class java/util/IdentityHashMap$KeyIterator done
Event: 1333.526 Thread 0x0000000016b7a000 Thread added: 0x0000000016b7a000
Event: 1333.526 Thread 0x0000000016b7a000 Thread exited: 0x0000000016b7a000
Event: 1333.526 Executing VM operation: Exit


Dynamic libraries:
0x0000000000400000 - 0x000000000044f000 	C:\Xilinx\SDK\2016.2\eclipse\win64.o\eclipse.exe
0x0000000076eb0000 - 0x000000007705a000 	C:\Windows\SYSTEM32\ntdll.dll
0x0000000076d90000 - 0x0000000076eaf000 	C:\Windows\system32\kernel32.dll
0x000007fefcc10000 - 0x000007fefcc7a000 	C:\Windows\system32\KERNELBASE.dll
0x0000000076c90000 - 0x0000000076d8a000 	C:\Windows\system32\USER32.dll
0x000007fefe470000 - 0x000007fefe4d7000 	C:\Windows\system32\GDI32.dll
0x000007fefcfb0000 - 0x000007fefcfbe000 	C:\Windows\system32\LPK.dll
0x000007fefd3b0000 - 0x000007fefd47a000 	C:\Windows\system32\USP10.dll
0x000007fefe880000 - 0x000007fefe91f000 	C:\Windows\system32\msvcrt.dll
0x000007fefb500000 - 0x000007fefb6f4000 	C:\Windows\WinSxS\amd64_microsoft.windows.common-controls_6595b64144ccf1df_6.0.7601.18837_none_fa3b1e3d17594757\COMCTL32.dll
0x000007fefcfd0000 - 0x000007fefd041000 	C:\Windows\system32\SHLWAPI.dll
0x000007fefee20000 - 0x000007fefee4e000 	C:\Windows\system32\IMM32.DLL
0x000007fefe4e0000 - 0x000007fefe5e9000 	C:\Windows\system32\MSCTF.dll
0x0000000072000000 - 0x0000000072012000 	C:\Xilinx\SDK\2016.2\eclipse\win64.o\plugins\org.eclipse.equinox.launcher.win32.win32.x86_64_1.1.300.v20150602-1417\eclipse_1611.dll
0x000007fefd480000 - 0x000007fefd55b000 	C:\Windows\system32\ADVAPI32.dll
0x000007fefeb30000 - 0x000007fefeb4f000 	C:\Windows\SYSTEM32\sechost.dll
0x000007fefd280000 - 0x000007fefd3ad000 	C:\Windows\system32\RPCRT4.dll
0x000007fefbc80000 - 0x000007fefbc8c000 	C:\Windows\system32\VERSION.dll
0x000007fefb4a0000 - 0x000007fefb4f6000 	C:\Windows\system32\UxTheme.dll
0x00000000689c0000 - 0x0000000069249000 	C:\Xilinx\SDK\2016.2\tps\win64\jre\bin\server\jvm.dll
0x000007fef8b00000 - 0x000007fef8b09000 	C:\Windows\system32\WSOCK32.dll
0x000007fefd230000 - 0x000007fefd27d000 	C:\Windows\system32\WS2_32.dll
0x000007fefcfc0000 - 0x000007fefcfc8000 	C:\Windows\system32\NSI.dll
0x000007fefa510000 - 0x000007fefa54b000 	C:\Windows\system32\WINMM.dll
0x0000000077070000 - 0x0000000077077000 	C:\Windows\system32\PSAPI.DLL
0x0000000073080000 - 0x0000000073152000 	C:\Windows\system32\MSVCR100.dll
0x00000000741a0000 - 0x00000000741af000 	C:\Xilinx\SDK\2016.2\tps\win64\jre\bin\verify.dll
0x0000000074170000 - 0x0000000074199000 	C:\Xilinx\SDK\2016.2\tps\win64\jre\bin\java.dll
0x0000000074150000 - 0x0000000074166000 	C:\Xilinx\SDK\2016.2\tps\win64\jre\bin\zip.dll
0x000007fefd6e0000 - 0x000007fefe469000 	C:\Windows\system32\SHELL32.dll
0x000007fefe920000 - 0x000007fefeb23000 	C:\Windows\system32\ole32.dll
0x000007fefcbf0000 - 0x000007fefcbff000 	C:\Windows\system32\profapi.dll
0x000007fefc3f0000 - 0x000007fefc408000 	C:\Windows\system32\CRYPTSP.dll
0x000007fefc0f0000 - 0x000007fefc137000 	C:\Windows\system32\rsaenh.dll
0x000007fefcf20000 - 0x000007fefcf3e000 	C:\Windows\system32\USERENV.dll
0x000007fefca50000 - 0x000007fefca5f000 	C:\Windows\system32\CRYPTBASE.dll
0x0000000074130000 - 0x000000007414a000 	C:\Xilinx\SDK\2016.2\tps\win64\jre\bin\net.dll
0x000007fefc390000 - 0x000007fefc3e5000 	C:\Windows\system32\mswsock.dll
0x000007fefc380000 - 0x000007fefc387000 	C:\Windows\System32\wship6.dll
0x000007fef92f0000 - 0x000007fef9317000 	C:\Windows\system32\IPHLPAPI.DLL
0x000007fef92d0000 - 0x000007fef92db000 	C:\Windows\system32\WINNSI.DLL
0x000007fef9100000 - 0x000007fef9111000 	C:\Windows\system32\dhcpcsvc6.DLL
0x000007fef90e0000 - 0x000007fef90f8000 	C:\Windows\system32\dhcpcsvc.DLL
0x0000000071500000 - 0x0000000071511000 	C:\Xilinx\SDK\2016.2\tps\win64\jre\bin\nio.dll
0x000007fefa190000 - 0x000007fefa1a5000 	C:\Windows\system32\NLAapi.dll
0x000007fef8a20000 - 0x000007fef8a35000 	C:\Windows\system32\napinsp.dll
0x000007fef8d90000 - 0x000007fef8da9000 	C:\Windows\system32\pnrpnsp.dll
0x000007fefc210000 - 0x000007fefc26b000 	C:\Windows\system32\DNSAPI.dll
0x000007fef8d80000 - 0x000007fef8d8b000 	C:\Windows\System32\winrnr.dll
0x000007fefbd50000 - 0x000007fefbd57000 	C:\Windows\System32\wshtcpip.dll
0x000007fef8d50000 - 0x000007fef8d58000 	C:\Windows\system32\rasadhlp.dll
0x000007fef9190000 - 0x000007fef91e3000 	C:\Windows\System32\fwpuclnt.dll
0x0000000017320000 - 0x00000000173c8000 	C:\Users\dezfoul2\.Xilinx\SDK\2016.2\org.eclipse.osgi\312\0\.cp\swt-win32-4527.dll
0x000007fefd560000 - 0x000007fefd638000 	C:\Windows\system32\OLEAUT32.dll
0x000007fefd640000 - 0x000007fefd6d7000 	C:\Windows\system32\comdlg32.dll
0x000007fef65f0000 - 0x000007fef6661000 	C:\Windows\system32\WINSPOOL.DRV
0x000007fefeef0000 - 0x000007feff1b5000 	C:\Windows\system32\WININET.dll
0x000007fefcd60000 - 0x000007fefcd64000 	C:\Windows\system32\api-ms-win-downlevel-user32-l1-1-0.dll
0x000007fefcc80000 - 0x000007fefcc84000 	C:\Windows\system32\api-ms-win-downlevel-shlwapi-l1-1-0.dll
0x000007fefcfa0000 - 0x000007fefcfa4000 	C:\Windows\system32\api-ms-win-downlevel-version-l1-1-0.dll
0x000007fefcf90000 - 0x000007fefcf93000 	C:\Windows\system32\api-ms-win-downlevel-normaliz-l1-1-0.dll
0x0000000077080000 - 0x0000000077083000 	C:\Windows\system32\normaliz.DLL
0x000007fefeb50000 - 0x000007fefee19000 	C:\Windows\system32\iertutil.dll
0x000007fefcd50000 - 0x000007fefcd55000 	C:\Windows\system32\api-ms-win-downlevel-advapi32-l1-1-0.dll
0x000007fefcdb0000 - 0x000007fefcf1d000 	C:\Windows\system32\CRYPT32.dll
0x000007fefcc00000 - 0x000007fefcc0f000 	C:\Windows\system32\MSASN1.dll
0x000007fefaf70000 - 0x000007fefb09c000 	C:\Windows\system32\propsys.dll
0x000007fefee50000 - 0x000007fefeee9000 	C:\Windows\system32\CLBCatQ.DLL
0x00000000003b0000 - 0x00000000003ce000 	C:\Users\dezfoul2\.Xilinx\SDK\2016.2\org.eclipse.osgi\312\0\.cp\swt-gdip-win32-4527.dll
0x000007fefb280000 - 0x000007fefb496000 	C:\Windows\WinSxS\amd64_microsoft.windows.gdiplus_6595b64144ccf1df_1.1.7601.23508_none_145555328b95eaaa\gdiplus.dll
0x000007fefada0000 - 0x000007fefaf01000 	C:\Windows\system32\WindowsCodecs.dll
0x0000000180000000 - 0x0000000180012000 	C:\Users\dezfoul2\.Xilinx\SDK\2016.2\org.eclipse.osgi\126\0\.cp\os\win32\x86_64\localfile_1_0_0.dll
0x000007fef0360000 - 0x000007fef03b4000 	C:\Windows\system32\oleacc.dll
0x000007fef9530000 - 0x000007fef9537000 	C:\Windows\system32\msimg32.dll
0x000007fefcb40000 - 0x000007fefcb54000 	C:\Windows\system32\RpcRtRemote.dll
0x000007fefc9f0000 - 0x000007fefca47000 	C:\Windows\system32\apphelp.dll
0x000007fef9ff0000 - 0x000007fefa001000 	C:\Users\dezfoul2\.Xilinx\SDK\2016.2\org.eclipse.osgi\129\0\.cp\jWinHttp-1.0.0.dll
0x000007fef84d0000 - 0x000007fef8541000 	C:\Windows\system32\WINHTTP.dll
0x000007fef8460000 - 0x000007fef84c4000 	C:\Windows\system32\webio.dll
0x000007fefc9c0000 - 0x000007fefc9e5000 	C:\Windows\system32\SspiCli.dll
0x000007fefbfb0000 - 0x000007fefbfba000 	C:\Windows\system32\credssp.dll
0x000007fefcf50000 - 0x000007fefcf86000 	C:\Windows\system32\CFGMGR32.dll
0x000007fefa060000 - 0x000007fefa06f000 	C:\Xilinx\SDK\2016.2\lib\win64.o\librdi_repo_manager.dll
0x000007fef9fc0000 - 0x000007fef9fea000 	C:\Xilinx\SDK\2016.2\lib\win64.o\libisl_sysinfo.dll
0x000007feeb3b0000 - 0x000007feeb484000 	C:\Windows\system32\MSVCR110.dll
0x000007feeb2b0000 - 0x000007feeb357000 	C:\Windows\system32\MSVCP110.dll
0x000007feb8e30000 - 0x000007feb9870000 	C:\Xilinx\SDK\2016.2\lib\win64.o\librdi_common.dll
0x000007feb9f40000 - 0x000007feba2ae000 	C:\Xilinx\SDK\2016.2\lib\win64.o\libCOIN-all.dll
0x000007febb110000 - 0x000007febb32f000 	C:\Xilinx\SDK\2016.2\lib\win64.o\libXil_lmgr11.dll
0x000007fefac60000 - 0x000007fefac76000 	C:\Windows\system32\NETAPI32.dll
0x000007fefc020000 - 0x000007fefc02c000 	C:\Windows\system32\netutils.dll
0x000007fefc600000 - 0x000007fefc623000 	C:\Windows\system32\srvcli.dll
0x000007fefac40000 - 0x000007fefac55000 	C:\Windows\system32\wkscli.dll
0x000007fefcd70000 - 0x000007fefcdab000 	C:\Windows\system32\WINTRUST.dll
0x000007fefa0b0000 - 0x000007fefa0c0000 	C:\Xilinx\SDK\2016.2\lib\win64.o\libboost_date_time.dll
0x000007fef9cc0000 - 0x000007fef9ce4000 	C:\Xilinx\SDK\2016.2\lib\win64.o\libboost_filesystem.dll
0x000007fef9fb0000 - 0x000007fef9fb9000 	C:\Xilinx\SDK\2016.2\lib\win64.o\libboost_system.dll
0x000007fef9c40000 - 0x000007fef9cb7000 	C:\Xilinx\SDK\2016.2\lib\win64.o\libboost_program_options.dll
0x000007fef01a0000 - 0x000007fef02a6000 	C:\Xilinx\SDK\2016.2\lib\win64.o\libboost_regex.dll
0x000007fef9c20000 - 0x000007fef9c33000 	C:\Xilinx\SDK\2016.2\lib\win64.o\libboost_signals.dll
0x000007fef99c0000 - 0x000007fef99dd000 	C:\Xilinx\SDK\2016.2\lib\win64.o\libboost_thread.dll
0x000007fef9c10000 - 0x000007fef9c1b000 	C:\Xilinx\SDK\2016.2\lib\win64.o\libboost_chrono.dll
0x000007fef99b0000 - 0x000007fef99bb000 	C:\Xilinx\SDK\2016.2\lib\win64.o\libboost_xilinx.dll
0x000007fef9930000 - 0x000007fef99b0000 	C:\Xilinx\SDK\2016.2\lib\win64.o\libhdlpsolve.dll
0x000007fef9890000 - 0x000007fef992a000 	C:\Xilinx\SDK\2016.2\lib\win64.o\libhdxml.dll
0x000007feb9ad0000 - 0x000007feb9f35e00 	C:\Xilinx\SDK\2016.2\lib\win64.o\libisl_iostreams.dll
0x000007fef9870000 - 0x000007fef9886000 	C:\Xilinx\SDK\2016.2\lib\win64.o\libboost_iostreams.dll
0x000007fef7940000 - 0x000007fef7963000 	C:\Xilinx\SDK\2016.2\lib\win64.o\librdizlib.dll
0x000007fef7910000 - 0x000007fef7933000 	C:\Xilinx\SDK\2016.2\lib\win64.o\libisl_iosutils.dll
0x000007fef9850000 - 0x000007fef9865000 	C:\Xilinx\SDK\2016.2\lib\win64.o\pthreadVC2.dll
0x000007fef78b0000 - 0x000007fef7904000 	C:\Xilinx\SDK\2016.2\lib\win64.o\librdi_commonxillic.dll
0x000007feed130000 - 0x000007feed260000 	C:\Xilinx\SDK\2016.2\lib\win64.o\librdi_curl.dll
0x000007fef7890000 - 0x000007fef78a8000 	C:\Xilinx\SDK\2016.2\lib\win64.o\librdiconfig.dll
0x000000006fdb0000 - 0x000000006fed7000 	C:\Xilinx\SDK\2016.2\lib\win64.o\tcl85t.dll
0x0000000025b40000 - 0x0000000025da3000 	C:\Xilinx\SDK\2016.2\lib\win64.o\xerces-c_3_1.dll
0x000007fefe670000 - 0x000007fefe7f6000 	C:\Windows\system32\urlmon.dll
0x000007fefcf40000 - 0x000007fefcf44000 	C:\Windows\system32\api-ms-win-downlevel-ole32-l1-1-0.dll
0x000007fedfef0000 - 0x000007fedff13000 	C:\Windows\system32\VCOMP110.DLL
0x000007feb98d0000 - 0x000007feb9ac2000 	C:\Xilinx\SDK\2016.2\lib\win64.o\librdi_hsm.dll
0x000007fef2fb0000 - 0x000007fef2ff3000 	C:\Xilinx\SDK\2016.2\lib\win64.o\librdi_hdf.dll
0x000007feb8910000 - 0x000007feb8b91000 	C:\Xilinx\SDK\2016.2\lib\win64.o\librdi_ippcw.dll
0x000007fef32f0000 - 0x000007fef3306000 	C:\Xilinx\SDK\2016.2\eclipse\win64.o\plugins\org.eclipse.cdt.core.win32.x86_64_5.4.0.201509131935\os\win32\x86_64\spawner.dll
0x000007fef9520000 - 0x000007fef952a000 	C:\Xilinx\SDK\2016.2\lib\win64.o\librdi_jtag_settings.dll
0x000007fef2f40000 - 0x000007fef2f69000 	C:\Xilinx\SDK\2016.2\lib\win64.o\librdi_debug_dialog.dll
0x000007fef8a40000 - 0x000007fef8a48000 	C:\Xilinx\SDK\2016.2\lib\win64.o\librdi_target_manager.dll
0x0000000071080000 - 0x00000000710a6000 	C:\Xilinx\SDK\2016.2\eclipse\win64.o\plugins\gnu.io.rxtx.win32.x86_64_2.1.7.3_v20071015\os\win32\x86_64\rxtxSerial.dll
0x000007fead740000 - 0x000007feadf50000 	C:\Xilinx\SDK\2016.2\lib\win64.o\libXil_lmgr11FNP.dll
0x000007fef5210000 - 0x000007fef521b000 	C:\Windows\system32\snmpapi.dll

VM Arguments:
jvm_args: -Dcom.xilinx.sdk.args.hwspec=W:/ece532/integration_Copy/hdmi.sdk/hdmi_wrapper.hdf -Xms64m -Xmx512m & 
java_command: <unknown>
java_class_path (initial): C:\Xilinx\SDK\2016.2\eclipse\win64.o\\plugins/org.eclipse.equinox.launcher_1.3.100.v20150511-1540.jar
Launcher Type: generic

Environment Variables:
PATH=C:/Xilinx/SDK/2016.2/tps/win64/jre/bin/server;C:/Xilinx/SDK/2016.2/tps/win64/jre/bin;C:/Xilinx/SDK/2016.2/tps/win64/jre/lib/amd64;C:\Xilinx\SDK\2016.2\gnuwin\bin;C:\Xilinx\SDK\2016.2\gnu\microblaze\nt\bin;C:\Xilinx\SDK\2016.2\gnu\microblaze\linux_toolchain\nt64_le\bin;C:\Xilinx\SDK\2016.2\gnu\microblaze\linux_toolchain\nt64_be\bin;C:\Xilinx\SDK\2016.2\gnu\arm\nt\bin;C:\Xilinx\SDK\2016.2\gnu\aarch64\nt\aarch64-none\bin;C:\Xilinx\SDK\2016.2\gnu\aarch64\nt\aarch64-linux\bin;C:\Xilinx\SDK\2016.2\gnu\armr5\nt\gcc-arm-none-eabi\bin;C:\Xilinx\SDK\2016.2\gnu\aarch32\nt\gcc-arm-none-eabi\bin;C:\Xilinx\SDK\2016.2\gnu\aarch32\nt\gcc-arm-linux-gnueabi\bin;C:\Xilinx\SDK\2016.2\tps\win64\cmake-3.3.2\bin;;C:\Xilinx\SDK\2016.2\bin;C:\Xilinx\SDK\2016.2\lib\win64.o;C:\Xilinx\SDK\2016.2\tps\win64\jre\bin\server;C:\Xilinx\SDK\2016.2\tps\win64\jre\bin;C:\Xilinx\Vivado\2016.2\ids_lite\ISE\bin\nt64;C:\Xilinx\Vivado\2016.2\ids_lite\ISE\lib\nt64;C:\Xilinx\Vivado\2016.2\bin;C:\Xilinx\Vivado\2016.2\lib\win64.o;C:\Xilinx\Vivado\2016.2\tps\win64\jre\bin\server;C:\Xilinx\Vivado\2016.2\tps\win64\jre\bin;C:\Xilinx\Vivado_HLS\2016.2\bin;C:\Users\dezfoul2\bin;W:\Git\Git\mingw64\bin;W:\Git\Git\usr\local\bin;W:\Git\Git\usr\bin;C:\Windows\system32;C:\Windows;C:\Windows\System32\Wbem;C:\Windows\System32\WindowsPowerShell\v1.0;C:\Program Files (x86)\Java\jre6\bin;C:\Program Files (x86)\eclipse;C:\altera\16.0\quartus\bin64;C:\altera\16.0\quartus\bin64\jre64\bin;W:\Git\Git\usr\bin\vendor_perl;W:\Git\Git\usr\bin\core_perl;w:\ece532\integration_Copy;
USERNAME=dezfoul2
SHELL=W:\Git\Git\usr\bin\bash.exe
DISPLAY=needs-to-be-defined
OS=Windows_NT
PROCESSOR_IDENTIFIER=Intel64 Family 6 Model 60 Stepping 3, GenuineIntel



---------------  S Y S T E M  ---------------

OS: Windows 7 , 64 bit Build 7601 (6.1.7601.23418)

CPU:total 8 (4 cores per cpu, 2 threads per core) family 6 model 60 stepping 3, cmov, cx8, fxsr, mmx, sse, sse2, sse3, ssse3, sse4.1, sse4.2, popcnt, avx, avx2, aes, clmul, erms, lzcnt, ht, tsc, tscinvbit, bmi1, bmi2

Memory: 4k page, physical 16683160k(10010668k free), swap 33364460k(26354524k free)

vm_info: Java HotSpot(TM) 64-Bit Server VM (25.66-b18) for windows-amd64 JRE (1.8.0_66-b18), built on Nov  9 2015 10:51:13 by "java_re" with MS VC++ 10.0 (VS2010)

time: Thu Mar 16 14:04:48 2017
elapsed time: 1334 seconds (0d 0h 22m 14s)

