#
# A fatal error has been detected by the Java Runtime Environment:
#
#  EXCEPTION_UNCAUGHT_CXX_EXCEPTION (0xe06d7363) at pc=0x000007fefd74a06d, pid=2480, tid=6984
#
# JRE version: Java(TM) SE Runtime Environment (8.0_66-b18) (build 1.8.0_66-b18)
# Java VM: Java HotSpot(TM) 64-Bit Server VM (25.66-b18 mixed mode windows-amd64 compressed oops)
# Problematic frame:
# C  [KERNELBASE.dll+0x1a06d]
#
# Failed to write core dump. Minidumps are not enabled by default on client versions of Windows
#
# If you would like to submit a bug report, please visit:
#   http://bugreport.java.com/bugreport/crash.jsp
#

---------------  T H R E A D  ---------------

Current thread (0x0000000014e72800):  VMThread [stack: 0x0000000015dc0000,0x0000000015ec0000] [id=6984]

siginfo: ExceptionCode=0xe06d7363, ExceptionInformation=0x0000000019930520 0x0000000015ebf6c8 0x000007feea952cb8 0x000007feea8a0000 

Registers:
RAX=0x000000006313d260, RBX=0x000007feea952cb8, RCX=0x0000000015ebef10, RDX=0x00000000000000d0
RSP=0x0000000015ebf520, RBP=0x0000000015ebf650, RSI=0x00000000ffffffff, RDI=0x00000000174d35c0
R8 =0x0000000000000000, R9 =0x0000000000000000, R10=0x000007feea8a0000, R11=0x0000000015ebf560
R12=0x0000000000000001, R13=0x0000000000000008, R14=0x0000000000000000, R15=0xffffffffffffffff
RIP=0x000007fefd74a06d, EFLAGS=0x0000000000000206

Top of Stack: (sp=0x0000000015ebf520)
0x0000000015ebf520:   000007feea952cb8 00000000ffffffff
0x0000000015ebf530:   00000000174d35c0 00000000006c6e10
0x0000000015ebf540:   00000001e06d7363 0000000000000000
0x0000000015ebf550:   000007fefd74a06d 000007fe00000004
0x0000000015ebf560:   0000000019930520 0000000015ebf6c8
0x0000000015ebf570:   000007feea952cb8 000007feea8a0000
0x0000000015ebf580:   0000000000000000 0000000015ebf608
0x0000000015ebf590:   0000000000000028 00000000174d35b0
0x0000000015ebf5a0:   000000001750b2a0 0000000000000000
0x0000000015ebf5b0:   000007fffffa8000 000000007794f2d3
0x0000000015ebf5c0:   0000000000000000 0000000000000008
0x0000000015ebf5d0:   0000000000000001 00000000174d35c0
0x0000000015ebf5e0:   00000000ffffffff 000007feea8fe92c
0x0000000015ebf5f0:   000007feea952cb8 0000000015ebf660
0x0000000015ebf600:   0000000000000001 000007feea8a00f8
0x0000000015ebf610:   00000001e06d7363 0000000000000000 

Instructions: (pc=0x000007fefd74a06d)
0x000007fefd74a04d:   54 24 24 48 89 4c 24 28 4d 85 c9 0f 85 6a 03 00
0x000007fefd74a05d:   00 89 4c 24 38 48 8d 4c 24 20 ff 15 33 02 03 00
0x000007fefd74a06d:   48 81 c4 c8 00 00 00 c3 90 90 90 90 90 90 90 90
0x000007fefd74a07d:   90 90 90 48 83 ec 28 65 48 8b 04 25 30 00 00 00 


Register to memory mapping:

RAX=0x000000006313d260 is an unknown value
RBX=0x000007feea952cb8 is an unknown value
RCX=0x0000000015ebef10 is an unknown value
RDX=0x00000000000000d0 is an unknown value
RSP=0x0000000015ebf520 is an unknown value
RBP=0x0000000015ebf650 is an unknown value
RSI=0x00000000ffffffff is an unallocated location in the heap
RDI=0x00000000174d35c0 is an unknown value
R8 =0x0000000000000000 is an unknown value
R9 =0x0000000000000000 is an unknown value
R10=0x000007feea8a0000 is an unknown value
R11=0x0000000015ebf560 is an unknown value
R12=0x0000000000000001 is an unknown value
R13=0x0000000000000008 is an unknown value
R14=0x0000000000000000 is an unknown value
R15=0xffffffffffffffff is an unknown value


Stack: [0x0000000015dc0000,0x0000000015ec0000],  sp=0x0000000015ebf520,  free space=1021k
Native frames: (J=compiled Java code, j=interpreted, Vv=VM code, C=native code)
C  [KERNELBASE.dll+0x1a06d]
C  [MSVCR110.dll+0x5e92c]
C  [MSVCR110.dll+0x1315c]
C  [MSVCR110.dll+0x136a9]
C  [MSVCR110.dll+0x13e9c]
C  [MSVCR110.dll+0x239e]
C  [MSVCR110.dll+0xaf9e]
C  [MSVCP110.dll+0x397b9]
C  [librdi_common.dll+0x182316]
C  [librdi_common.dll+0x180fab]
C  [librdi_target_manager.dll+0x2400]
C  [librdi_target_manager.dll+0x2682]
C  [ntdll.dll+0x229b1]
C  [ntdll.dll+0x227c0]
C  [MSVCR100.dll+0x20ccd]
V  [jvm.dll+0x210cc5]
V  [jvm.dll+0x249897]
V  [jvm.dll+0x248b36]
V  [jvm.dll+0x248fd1]
V  [jvm.dll+0x2491ee]
V  [jvm.dll+0x29a0fa]
C  [MSVCR100.dll+0x21d9f]
C  [MSVCR100.dll+0x21e3b]
C  [kernel32.dll+0x159bd]
C  [ntdll.dll+0x2a2e1]

VM_Operation (0x000000000012f4c0): Exit, mode: safepoint, requested by thread 0x00000000024a8000


---------------  P R O C E S S  ---------------

Java Threads: ( => current thread )
  0x0000000019432800 JavaThread "pool-2-thread-7" [_thread_blocked, id=4428, stack(0x000000002baa0000,0x000000002bba0000)]
  0x000000001698a800 JavaThread "pool-2-thread-6" [_thread_blocked, id=6576, stack(0x000000002b9a0000,0x000000002baa0000)]
  0x000000001698a000 JavaThread "Thread-111" [_thread_in_native, id=5344, stack(0x0000000029990000,0x0000000029a90000)]
  0x0000000016989000 JavaThread "pool-2-thread-5" [_thread_blocked, id=6036, stack(0x000000002aed0000,0x000000002afd0000)]
  0x000000001c3f4000 JavaThread "pool-2-thread-4" [_thread_blocked, id=3464, stack(0x000000002b4a0000,0x000000002b5a0000)]
  0x000000001e3c1000 JavaThread "pool-2-thread-3" [_thread_blocked, id=4284, stack(0x000000002b3a0000,0x000000002b4a0000)]
  0x000000001e3bf000 JavaThread "pool-2-thread-2" [_thread_blocked, id=4788, stack(0x000000002acd0000,0x000000002add0000)]
  0x000000001e3be000 JavaThread "pool-2-thread-1" [_thread_blocked, id=1012, stack(0x000000002add0000,0x000000002aed0000)]
  0x000000001703d000 JavaThread "Thread-70" daemon [_thread_blocked, id=1768, stack(0x0000000029790000,0x0000000029890000)]
  0x000000001c3f4800 JavaThread "TCF Channel Transmitter" daemon [_thread_blocked, id=5632, stack(0x0000000028180000,0x0000000028280000)]
  0x000000001c3f3000 JavaThread "TCF Channel Receiver" daemon [_thread_in_native, id=6560, stack(0x0000000028080000,0x0000000028180000)]
  0x000000001c3f2800 JavaThread "Process monitor" daemon [_thread_in_native, id=4300, stack(0x0000000026e20000,0x0000000026f20000)]
  0x0000000017d1c800 JavaThread "Input Stream Monitor" daemon [_thread_blocked, id=5352, stack(0x0000000025f10000,0x0000000026010000)]
  0x0000000017d1b800 JavaThread "Output Stream Monitor" daemon [_thread_in_native, id=6376, stack(0x0000000025970000,0x0000000025a70000)]
  0x0000000016b92000 JavaThread "Output Stream Monitor" daemon [_thread_in_native, id=1804, stack(0x0000000025870000,0x0000000025970000)]
  0x0000000016b9d000 JavaThread "TCF Locator DNS Lookup" daemon [_thread_blocked, id=6184, stack(0x0000000024f90000,0x0000000025090000)]
  0x0000000016b9c800 JavaThread "TCF Locator Timer" daemon [_thread_blocked, id=5540, stack(0x0000000024e90000,0x0000000024f90000)]
  0x0000000016b9b800 JavaThread "TCF Locator Receiver" daemon [_thread_in_native, id=6428, stack(0x0000000024d90000,0x0000000024e90000)]
  0x0000000016b9a000 JavaThread "TCF Timer Dispatcher" daemon [_thread_blocked, id=6356, stack(0x00000000248f0000,0x00000000249f0000)]
  0x0000000018f59800 JavaThread "EMF Reference Cleaner" daemon [_thread_blocked, id=6680, stack(0x000000001a4b0000,0x000000001a5b0000)]
  0x0000000014f69800 JavaThread "Service Thread" daemon [_thread_blocked, id=6548, stack(0x0000000016780000,0x0000000016880000)]
  0x0000000014ef8800 JavaThread "C1 CompilerThread3" daemon [_thread_blocked, id=3616, stack(0x0000000016680000,0x0000000016780000)]
  0x0000000014ed4000 JavaThread "C2 CompilerThread2" daemon [_thread_blocked, id=7140, stack(0x0000000016580000,0x0000000016680000)]
  0x0000000014ecd000 JavaThread "C2 CompilerThread1" daemon [_thread_blocked, id=6332, stack(0x0000000016480000,0x0000000016580000)]
  0x0000000014ec5800 JavaThread "C2 CompilerThread0" daemon [_thread_blocked, id=5176, stack(0x0000000016380000,0x0000000016480000)]
  0x0000000014ec1800 JavaThread "Attach Listener" daemon [_thread_blocked, id=6732, stack(0x0000000016280000,0x0000000016380000)]
  0x0000000014ec0800 JavaThread "Signal Dispatcher" daemon [_thread_blocked, id=5648, stack(0x0000000016180000,0x0000000016280000)]
  0x0000000013cfe800 JavaThread "Finalizer" daemon [_thread_blocked, id=4020, stack(0x0000000015fc0000,0x00000000160c0000)]
  0x0000000013cf7800 JavaThread "Reference Handler" daemon [_thread_blocked, id=7000, stack(0x0000000015ec0000,0x0000000015fc0000)]
  0x00000000024a8000 JavaThread "main" [_thread_blocked, id=6200, stack(0x0000000000030000,0x0000000000130000)]

Other Threads:
=>0x0000000014e72800 VMThread [stack: 0x0000000015dc0000,0x0000000015ec0000] [id=6984]

VM state:at safepoint (shutting down)

VM Mutex/Monitor currently owned by a thread:  ([mutex/lock_event])
[0x00000000022ee2f0] Threads_lock - owner thread: 0x0000000014e72800

Heap:
 PSYoungGen      total 166912K, used 33369K [0x00000000f5580000, 0x00000000fff80000, 0x0000000100000000)
  eden space 159232K, 17% used [0x00000000f5580000,0x00000000f70c34b8,0x00000000ff100000)
  from space 7680K, 70% used [0x00000000ff100000,0x00000000ff653148,0x00000000ff880000)
  to   space 7168K, 0% used [0x00000000ff880000,0x00000000ff880000,0x00000000fff80000)
 ParOldGen       total 117760K, used 62791K [0x00000000e0000000, 0x00000000e7300000, 0x00000000f5580000)
  object space 117760K, 53% used [0x00000000e0000000,0x00000000e3d51f98,0x00000000e7300000)
 Metaspace       used 93829K, capacity 101257K, committed 101552K, reserved 1136640K
  class space    used 11094K, capacity 13473K, committed 13488K, reserved 1048576K

Card table byte_map: [0x0000000011900000,0x0000000011a10000] byte_map_base: 0x0000000011200000

Marking Bits: (ParMarkBitMap*) 0x00000000707fa5b0
 Begin Bits: [0x0000000012210000, 0x0000000012a10000)
 End Bits:   [0x0000000012a10000, 0x0000000013210000)

Polling page: 0x0000000000330000

CodeCache: size=245760Kb used=50603Kb max_used=50889Kb free=195156Kb
 bounds [0x0000000002540000, 0x0000000005750000, 0x0000000011540000]
 total_blobs=14265 nmethods=13350 adapters=821
 compilation: enabled

Compilation events (10 events):
Event: 1122.144 Thread 0x0000000014ef8800 17342       3       org.eclipse.osgi.storage.bundlefile.MRUBundleFileList::removeInternal (37 bytes)
Event: 1122.145 Thread 0x0000000014ef8800 nmethod 17342 0x0000000002be4cd0 code [0x0000000002be4e40, 0x0000000002be52b0]
Event: 1122.146 Thread 0x0000000014ef8800 17351       1       java.util.concurrent.atomic.AtomicLong::get (5 bytes)
Event: 1122.146 Thread 0x0000000014ef8800 nmethod 17351 0x000000000345f850 code [0x000000000345f9a0, 0x000000000345fab0]
Event: 1122.146 Thread 0x0000000014ed4000 17352       4       org.eclipse.osgi.container.ModuleDatabase::readUnlock (11 bytes)
Event: 1122.146 Thread 0x0000000014ec5800 17353       4       org.eclipse.osgi.container.ModuleDatabase::readLock (11 bytes)
Event: 1122.147 Thread 0x0000000014ecd000 17358       4       java.util.concurrent.locks.AbstractQueuedSynchronizer::release (33 bytes)
Event: 1122.147 Thread 0x0000000014ec5800 nmethod 17353 0x00000000037b1610 code [0x00000000037b1760, 0x00000000037b1828]
Event: 1122.147 Thread 0x0000000014ecd000 nmethod 17358 0x0000000003ca33d0 code [0x0000000003ca3520, 0x0000000003ca35e8]
Event: 1122.148 Thread 0x0000000014ef8800 17345       3       org.eclipse.osgi.container.Module::holdsTransitionEventLock (25 bytes)

GC Heap History (10 events):
Event: 958.973 GC heap before
{Heap before GC invocations=1023 (full 10):
 PSYoungGen      total 167936K, used 34225K [0x00000000f5580000, 0x0000000100000000, 0x0000000100000000)
  eden space 161280K, 17% used [0x00000000f5580000,0x00000000f70e6098,0x00000000ff300000)
  from space 6656K, 92% used [0x00000000ff980000,0x00000000fff86580,0x0000000100000000)
  to   space 6656K, 0% used [0x00000000ff300000,0x00000000ff300000,0x00000000ff980000)
 ParOldGen       total 117760K, used 74577K [0x00000000e0000000, 0x00000000e7300000, 0x00000000f5580000)
  object space 117760K, 63% used [0x00000000e0000000,0x00000000e48d4688,0x00000000e7300000)
 Metaspace       used 92582K, capacity 100321K, committed 100528K, reserved 1136640K
  class space    used 10984K, capacity 13403K, committed 13488K, reserved 1048576K
Event: 958.976 GC heap after
Heap after GC invocations=1023 (full 10):
 PSYoungGen      total 165376K, used 3584K [0x00000000f5580000, 0x0000000100000000, 0x0000000100000000)
  eden space 161280K, 0% used [0x00000000f5580000,0x00000000f5580000,0x00000000ff300000)
  from space 4096K, 87% used [0x00000000ff300000,0x00000000ff680128,0x00000000ff700000)
  to   space 7168K, 0% used [0x00000000ff900000,0x00000000ff900000,0x0000000100000000)
 ParOldGen       total 117760K, used 74601K [0x00000000e0000000, 0x00000000e7300000, 0x00000000f5580000)
  object space 117760K, 63% used [0x00000000e0000000,0x00000000e48da688,0x00000000e7300000)
 Metaspace       used 92582K, capacity 100321K, committed 100528K, reserved 1136640K
  class space    used 10984K, capacity 13403K, committed 13488K, reserved 1048576K
}
Event: 958.976 GC heap before
{Heap before GC invocations=1024 (full 11):
 PSYoungGen      total 165376K, used 3584K [0x00000000f5580000, 0x0000000100000000, 0x0000000100000000)
  eden space 161280K, 0% used [0x00000000f5580000,0x00000000f5580000,0x00000000ff300000)
  from space 4096K, 87% used [0x00000000ff300000,0x00000000ff680128,0x00000000ff700000)
  to   space 7168K, 0% used [0x00000000ff900000,0x00000000ff900000,0x0000000100000000)
 ParOldGen       total 117760K, used 74601K [0x00000000e0000000, 0x00000000e7300000, 0x00000000f5580000)
  object space 117760K, 63% used [0x00000000e0000000,0x00000000e48da688,0x00000000e7300000)
 Metaspace       used 92582K, capacity 100321K, committed 100528K, reserved 1136640K
  class space    used 10984K, capacity 13403K, committed 13488K, reserved 1048576K
Event: 959.199 GC heap after
Heap after GC invocations=1024 (full 11):
 PSYoungGen      total 165376K, used 0K [0x00000000f5580000, 0x0000000100000000, 0x0000000100000000)
  eden space 161280K, 0% used [0x00000000f5580000,0x00000000f5580000,0x00000000ff300000)
  from space 4096K, 0% used [0x00000000ff300000,0x00000000ff300000,0x00000000ff700000)
  to   space 7168K, 0% used [0x00000000ff900000,0x00000000ff900000,0x0000000100000000)
 ParOldGen       total 117760K, used 62787K [0x00000000e0000000, 0x00000000e7300000, 0x00000000f5580000)
  object space 117760K, 53% used [0x00000000e0000000,0x00000000e3d50fc8,0x00000000e7300000)
 Metaspace       used 92582K, capacity 100321K, committed 100528K, reserved 1136640K
  class space    used 10984K, capacity 13403K, committed 13488K, reserved 1048576K
}
Event: 1018.980 GC heap before
{Heap before GC invocations=1025 (full 11):
 PSYoungGen      total 165376K, used 43367K [0x00000000f5580000, 0x0000000100000000, 0x0000000100000000)
  eden space 161280K, 26% used [0x00000000f5580000,0x00000000f7fd9ea0,0x00000000ff300000)
  from space 4096K, 0% used [0x00000000ff300000,0x00000000ff300000,0x00000000ff700000)
  to   space 7168K, 0% used [0x00000000ff900000,0x00000000ff900000,0x0000000100000000)
 ParOldGen       total 117760K, used 62787K [0x00000000e0000000, 0x00000000e7300000, 0x00000000f5580000)
  object space 117760K, 53% used [0x00000000e0000000,0x00000000e3d50fc8,0x00000000e7300000)
 Metaspace       used 92640K, capacity 100385K, committed 100784K, reserved 1136640K
  class space    used 10985K, capacity 13403K, committed 13488K, reserved 1048576K
Event: 1018.983 GC heap after
Heap after GC invocations=1025 (full 11):
 PSYoungGen      total 166400K, used 1851K [0x00000000f5580000, 0x0000000100000000, 0x0000000100000000)
  eden space 159232K, 0% used [0x00000000f5580000,0x00000000f5580000,0x00000000ff100000)
  from space 7168K, 25% used [0x00000000ff900000,0x00000000ffaced18,0x0000000100000000)
  to   space 7680K, 0% used [0x00000000ff100000,0x00000000ff100000,0x00000000ff880000)
 ParOldGen       total 117760K, used 62787K [0x00000000e0000000, 0x00000000e7300000, 0x00000000f5580000)
  object space 117760K, 53% used [0x00000000e0000000,0x00000000e3d50fc8,0x00000000e7300000)
 Metaspace       used 92640K, capacity 100385K, committed 100784K, reserved 1136640K
  class space    used 10985K, capacity 13403K, committed 13488K, reserved 1048576K
}
Event: 1018.983 GC heap before
{Heap before GC invocations=1026 (full 12):
 PSYoungGen      total 166400K, used 1851K [0x00000000f5580000, 0x0000000100000000, 0x0000000100000000)
  eden space 159232K, 0% used [0x00000000f5580000,0x00000000f5580000,0x00000000ff100000)
  from space 7168K, 25% used [0x00000000ff900000,0x00000000ffaced18,0x0000000100000000)
  to   space 7680K, 0% used [0x00000000ff100000,0x00000000ff100000,0x00000000ff880000)
 ParOldGen       total 117760K, used 62787K [0x00000000e0000000, 0x00000000e7300000, 0x00000000f5580000)
  object space 117760K, 53% used [0x00000000e0000000,0x00000000e3d50fc8,0x00000000e7300000)
 Metaspace       used 92640K, capacity 100385K, committed 100784K, reserved 1136640K
  class space    used 10985K, capacity 13403K, committed 13488K, reserved 1048576K
Event: 1019.125 GC heap after
Heap after GC invocations=1026 (full 12):
 PSYoungGen      total 166400K, used 0K [0x00000000f5580000, 0x0000000100000000, 0x0000000100000000)
  eden space 159232K, 0% used [0x00000000f5580000,0x00000000f5580000,0x00000000ff100000)
  from space 7168K, 0% used [0x00000000ff900000,0x00000000ff900000,0x0000000100000000)
  to   space 7680K, 0% used [0x00000000ff100000,0x00000000ff100000,0x00000000ff880000)
 ParOldGen       total 117760K, used 62791K [0x00000000e0000000, 0x00000000e7300000, 0x00000000f5580000)
  object space 117760K, 53% used [0x00000000e0000000,0x00000000e3d51f98,0x00000000e7300000)
 Metaspace       used 92640K, capacity 100385K, committed 100784K, reserved 1136640K
  class space    used 10985K, capacity 13403K, committed 13488K, reserved 1048576K
}
Event: 1120.427 GC heap before
{Heap before GC invocations=1027 (full 12):
 PSYoungGen      total 166400K, used 159232K [0x00000000f5580000, 0x0000000100000000, 0x0000000100000000)
  eden space 159232K, 100% used [0x00000000f5580000,0x00000000ff100000,0x00000000ff100000)
  from space 7168K, 0% used [0x00000000ff900000,0x00000000ff900000,0x0000000100000000)
  to   space 7680K, 0% used [0x00000000ff100000,0x00000000ff100000,0x00000000ff880000)
 ParOldGen       total 117760K, used 62791K [0x00000000e0000000, 0x00000000e7300000, 0x00000000f5580000)
  object space 117760K, 53% used [0x00000000e0000000,0x00000000e3d51f98,0x00000000e7300000)
 Metaspace       used 93245K, capacity 100801K, committed 101040K, reserved 1136640K
  class space    used 11029K, capacity 13435K, committed 13488K, reserved 1048576K
Event: 1120.433 GC heap after
Heap after GC invocations=1027 (full 12):
 PSYoungGen      total 166912K, used 5452K [0x00000000f5580000, 0x00000000fff80000, 0x0000000100000000)
  eden space 159232K, 0% used [0x00000000f5580000,0x00000000f5580000,0x00000000ff100000)
  from space 7680K, 70% used [0x00000000ff100000,0x00000000ff653148,0x00000000ff880000)
  to   space 7168K, 0% used [0x00000000ff880000,0x00000000ff880000,0x00000000fff80000)
 ParOldGen       total 117760K, used 62791K [0x00000000e0000000, 0x00000000e7300000, 0x00000000f5580000)
  object space 117760K, 53% used [0x00000000e0000000,0x00000000e3d51f98,0x00000000e7300000)
 Metaspace       used 93245K, capacity 100801K, committed 101040K, reserved 1136640K
  class space    used 11029K, capacity 13435K, committed 13488K, reserved 1048576K
}

Deoptimization events (10 events):
Event: 1122.085 Thread 0x0000000019431000 Uncommon trap: reason=unstable_if action=reinterpret pc=0x00000000035f4080 method=org.eclipse.osgi.internal.hooks.EclipseLazyStarter.shouldActivateFor(Ljava/lang/String;Lorg/eclipse/osgi/container/Module;Lorg/eclipse/osgi/container/ModuleRevision;Lorg/ecliﬂ¨î‰Vàë@
Event: 1122.085 Thread 0x0000000019431000 Uncommon trap: reason=class_check action=maybe_recompile pc=0x00000000051d7aec method=org.eclipse.swt.widgets.Display.asyncExec(Ljava/lang/Runnable;)V @ 23
Event: 1122.085 Thread 0x0000000019431000 Uncommon trap: reason=class_check action=maybe_recompile pc=0x00000000051d7aec method=org.eclipse.swt.widgets.Display.asyncExec(Ljava/lang/Runnable;)V @ 23
Event: 1122.097 Thread 0x0000000019431000 Uncommon trap: reason=null_check action=maybe_recompile pc=0x00000000049fc6f8 method=com.xilinx.sdk.targetmanager.internal.json.XMDJSONProcess.issueCommand(Ljava/lang/String;)Lcom/xilinx/sdk/targetmanager/internal/IXMDResult; @ 3
Event: 1122.101 Thread 0x0000000019431000 Uncommon trap: reason=bimorphic action=maybe_recompile pc=0x00000000051e5734 method=org.eclipse.core.internal.dtree.AbstractDataTreeNode.assembleWith([Lorg/eclipse/core/internal/dtree/AbstractDataTreeNode;[Lorg/eclipse/core/internal/dtree/AbstractDataTreeNÛ∫∫#gàë@
Event: 1122.101 Thread 0x0000000019431000 Uncommon trap: reason=bimorphic action=maybe_recompile pc=0x00000000051e5734 method=org.eclipse.core.internal.dtree.AbstractDataTreeNode.assembleWith([Lorg/eclipse/core/internal/dtree/AbstractDataTreeNode;[Lorg/eclipse/core/internal/dtree/AbstractDataTreeNtKﬁ&gàë@
Event: 1122.101 Thread 0x0000000019431000 Uncommon trap: reason=bimorphic action=maybe_recompile pc=0x00000000051e5734 method=org.eclipse.core.internal.dtree.AbstractDataTreeNode.assembleWith([Lorg/eclipse/core/internal/dtree/AbstractDataTreeNode;[Lorg/eclipse/core/internal/dtree/AbstractDataTreeNuè)gàë@
Event: 1122.101 Thread 0x0000000019431000 Uncommon trap: reason=bimorphic action=maybe_recompile pc=0x00000000051e5734 method=org.eclipse.core.internal.dtree.AbstractDataTreeNode.assembleWith([Lorg/eclipse/core/internal/dtree/AbstractDataTreeNode;[Lorg/eclipse/core/internal/dtree/AbstractDataTreeN
Event: 1122.123 Thread 0x000000001e3c2000 Uncommon trap: reason=unstable_if action=reinterpret pc=0x00000000031befb0 method=org.eclipse.core.internal.jobs.JobManager.nextJob()Lorg/eclipse/core/runtime/jobs/Job; @ 80
Event: 1122.136 Thread 0x0000000019431000 Uncommon trap: reason=unstable_if action=reinterpret pc=0x0000000003095ed8 method=sun.reflect.UnsafeStaticObjectFieldAccessorImpl.set(Ljava/lang/Object;Ljava/lang/Object;)V @ 13

Internal exceptions (10 events):
Event: 1120.650 Thread 0x00000000024a8000 Implicit null exception at 0x0000000004fef2fd to 0x0000000004fefa35
Event: 1121.368 Thread 0x00000000024a8000 Implicit null exception at 0x0000000002b541ca to 0x0000000002b56a0d
Event: 1121.509 Thread 0x0000000017038800 Exception <a 'java/lang/InterruptedException'> (0x00000000f69ca210) thrown at [C:\re\workspace\8-2-build-windows-amd64-cygwin\jdk8u66\5298\hotspot\src\share\vm\runtime\objectMonitor.cpp, line 1683]
Event: 1122.097 Thread 0x0000000019431000 Implicit null exception at 0x00000000049fbea4 to 0x00000000049fc6e9
Event: 1122.097 Thread 0x0000000019431000 Exception <a 'java/lang/NullPointerException'> (0x00000000f6c73b28) thrown at [C:\re\workspace\8-2-build-windows-amd64-cygwin\jdk8u66\5298\hotspot\src\share\vm\prims\jvm.cpp, line 1390]
Event: 1122.122 Thread 0x0000000016b94000 Exception <a 'java/lang/InterruptedException'> (0x00000000f6422af0) thrown at [C:\re\workspace\8-2-build-windows-amd64-cygwin\jdk8u66\5298\hotspot\src\share\vm\runtime\objectMonitor.cpp, line 1683]
Event: 1122.136 Thread 0x0000000019431000 Implicit null exception at 0x0000000003095bb7 to 0x0000000003095ec5
Event: 1122.136 Thread 0x000000001866a800 Exception <a 'java/lang/InterruptedException'> (0x00000000f6d98a68) thrown at [C:\re\workspace\8-2-build-windows-amd64-cygwin\jdk8u66\5298\hotspot\src\share\vm\runtime\objectMonitor.cpp, line 1683]
Event: 1122.145 Thread 0x0000000016b91000 Exception <a 'java/lang/InterruptedException'> (0x00000000f62ebc30) thrown at [C:\re\workspace\8-2-build-windows-amd64-cygwin\jdk8u66\5298\hotspot\src\share\vm\runtime\objectMonitor.cpp, line 1683]
Event: 1122.146 Thread 0x000000001798a000 Exception <a 'java/lang/InterruptedException'> (0x00000000f6feea70) thrown at [C:\re\workspace\8-2-build-windows-amd64-cygwin\jdk8u66\5298\hotspot\src\share\vm\runtime\objectMonitor.cpp, line 1683]

Events (10 events):
Event: 1122.146 Thread 0x0000000014ef8800 flushing nmethod 0x000000000488c7d0
Event: 1122.147 loading class java/util/IdentityHashMap$KeyIterator
Event: 1122.147 loading class java/util/IdentityHashMap$IdentityHashMapIterator
Event: 1122.147 loading class java/util/IdentityHashMap$IdentityHashMapIterator done
Event: 1122.147 loading class java/util/IdentityHashMap$KeyIterator done
Event: 1122.147 Thread 0x0000000014ef8800 flushing nmethod 0x0000000004b99390
Event: 1122.147 Thread 0x0000000019431000 Thread exited: 0x0000000019431000
Event: 1122.147 Thread 0x0000000019431000 Thread added: 0x0000000019431000
Event: 1122.147 Thread 0x0000000019431000 Thread exited: 0x0000000019431000
Event: 1122.148 Executing VM operation: Exit


Dynamic libraries:
0x0000000000400000 - 0x000000000044f000 	C:\Xilinx\SDK\2016.2\eclipse\win64.o\eclipse.exe
0x0000000077900000 - 0x0000000077aaa000 	C:\Windows\SYSTEM32\ntdll.dll
0x00000000777e0000 - 0x00000000778ff000 	C:\Windows\system32\kernel32.dll
0x000007fefd730000 - 0x000007fefd79a000 	C:\Windows\system32\KERNELBASE.dll
0x00000000776e0000 - 0x00000000777da000 	C:\Windows\system32\USER32.dll
0x000007fefe8a0000 - 0x000007fefe907000 	C:\Windows\system32\GDI32.dll
0x000007fefe3a0000 - 0x000007fefe3ae000 	C:\Windows\system32\LPK.dll
0x000007fefda30000 - 0x000007fefdafa000 	C:\Windows\system32\USP10.dll
0x000007fefdb00000 - 0x000007fefdb9f000 	C:\Windows\system32\msvcrt.dll
0x000007fefbf50000 - 0x000007fefc144000 	C:\Windows\WinSxS\amd64_microsoft.windows.common-controls_6595b64144ccf1df_6.0.7601.18837_none_fa3b1e3d17594757\COMCTL32.dll
0x000007fefdf70000 - 0x000007fefdfe1000 	C:\Windows\system32\SHLWAPI.dll
0x000007fefea20000 - 0x000007fefea4e000 	C:\Windows\system32\IMM32.DLL
0x000007fefe910000 - 0x000007fefea19000 	C:\Windows\system32\MSCTF.dll
0x0000000072000000 - 0x0000000072012000 	C:\Xilinx\SDK\2016.2\eclipse\win64.o\plugins\org.eclipse.equinox.launcher.win32.win32.x86_64_1.1.300.v20150602-1417\eclipse_1611.dll
0x000007fefe720000 - 0x000007fefe7fb000 	C:\Windows\system32\ADVAPI32.dll
0x000007fefda10000 - 0x000007fefda2f000 	C:\Windows\SYSTEM32\sechost.dll
0x000007fefed50000 - 0x000007fefee7d000 	C:\Windows\system32\RPCRT4.dll
0x000007fefc6d0000 - 0x000007fefc6dc000 	C:\Windows\system32\VERSION.dll
0x000007fefc200000 - 0x000007fefc256000 	C:\Windows\system32\UxTheme.dll
0x000000006fff0000 - 0x0000000070879000 	C:\Xilinx\SDK\2016.2\tps\win64\jre\bin\server\jvm.dll
0x000007fef0990000 - 0x000007fef0999000 	C:\Windows\system32\WSOCK32.dll
0x000007fefed00000 - 0x000007fefed4d000 	C:\Windows\system32\WS2_32.dll
0x000007fefda00000 - 0x000007fefda08000 	C:\Windows\system32\NSI.dll
0x000007fef9ac0000 - 0x000007fef9afb000 	C:\Windows\system32\WINMM.dll
0x0000000077ac0000 - 0x0000000077ac7000 	C:\Windows\system32\PSAPI.DLL
0x0000000072320000 - 0x00000000723f2000 	C:\Windows\system32\MSVCR100.dll
0x0000000072400000 - 0x000000007240f000 	C:\Xilinx\SDK\2016.2\tps\win64\jre\bin\verify.dll
0x0000000072270000 - 0x0000000072299000 	C:\Xilinx\SDK\2016.2\tps\win64\jre\bin\java.dll
0x00000000722b0000 - 0x00000000722c6000 	C:\Xilinx\SDK\2016.2\tps\win64\jre\bin\zip.dll
0x000007fefee80000 - 0x000007feffc09000 	C:\Windows\system32\SHELL32.dll
0x000007fefead0000 - 0x000007fefecd3000 	C:\Windows\system32\ole32.dll
0x000007fefd650000 - 0x000007fefd65f000 	C:\Windows\system32\profapi.dll
0x000007fefce40000 - 0x000007fefce58000 	C:\Windows\system32\CRYPTSP.dll
0x000007fefcb40000 - 0x000007fefcb87000 	C:\Windows\system32\rsaenh.dll
0x000007fefd870000 - 0x000007fefd88e000 	C:\Windows\system32\USERENV.dll
0x000007fefd440000 - 0x000007fefd44f000 	C:\Windows\system32\CRYPTBASE.dll
0x0000000072250000 - 0x000000007226a000 	C:\Xilinx\SDK\2016.2\tps\win64\jre\bin\net.dll
0x000007fefcde0000 - 0x000007fefce35000 	C:\Windows\system32\mswsock.dll
0x000007fefcdd0000 - 0x000007fefcdd7000 	C:\Windows\System32\wship6.dll
0x000007fefab10000 - 0x000007fefab37000 	C:\Windows\system32\IPHLPAPI.DLL
0x000007fefaaf0000 - 0x000007fefaafb000 	C:\Windows\system32\WINNSI.DLL
0x000007fefa920000 - 0x000007fefa931000 	C:\Windows\system32\dhcpcsvc6.DLL
0x000007fefa900000 - 0x000007fefa918000 	C:\Windows\system32\dhcpcsvc.DLL
0x00000000005e0000 - 0x00000000005f1000 	C:\Xilinx\SDK\2016.2\tps\win64\jre\bin\nio.dll
0x000007fefae20000 - 0x000007fefae35000 	C:\Windows\system32\NLAapi.dll
0x000007fef85b0000 - 0x000007fef85c5000 	C:\Windows\system32\napinsp.dll
0x000007fef8570000 - 0x000007fef8589000 	C:\Windows\system32\pnrpnsp.dll
0x000007fefcc60000 - 0x000007fefccbb000 	C:\Windows\system32\DNSAPI.dll
0x000007fef85a0000 - 0x000007fef85ab000 	C:\Windows\System32\winrnr.dll
0x000007fefc7a0000 - 0x000007fefc7a7000 	C:\Windows\System32\wshtcpip.dll
0x000007fef98c0000 - 0x000007fef98c8000 	C:\Windows\system32\rasadhlp.dll
0x000007fefa9b0000 - 0x000007fefaa03000 	C:\Windows\System32\fwpuclnt.dll
0x0000000017340000 - 0x00000000173e8000 	C:\Users\dezfoul2\.Xilinx\SDK\2016.2\org.eclipse.osgi\312\0\.cp\swt-win32-4527.dll
0x000007fefdff0000 - 0x000007fefe0c8000 	C:\Windows\system32\OLEAUT32.dll
0x000007fefde70000 - 0x000007fefdf07000 	C:\Windows\system32\comdlg32.dll
0x000007fef6f30000 - 0x000007fef6fa1000 	C:\Windows\system32\WINSPOOL.DRV
0x000007fefe0d0000 - 0x000007fefe395000 	C:\Windows\system32\WININET.dll
0x000007fefd840000 - 0x000007fefd844000 	C:\Windows\system32\api-ms-win-downlevel-user32-l1-1-0.dll
0x000007fefd710000 - 0x000007fefd714000 	C:\Windows\system32\api-ms-win-downlevel-shlwapi-l1-1-0.dll
0x000007fefd700000 - 0x000007fefd704000 	C:\Windows\system32\api-ms-win-downlevel-version-l1-1-0.dll
0x000007fefd860000 - 0x000007fefd863000 	C:\Windows\system32\api-ms-win-downlevel-normaliz-l1-1-0.dll
0x0000000077ad0000 - 0x0000000077ad3000 	C:\Windows\system32\normaliz.DLL
0x000007fefdba0000 - 0x000007fefde69000 	C:\Windows\system32\iertutil.dll
0x000007fefd720000 - 0x000007fefd725000 	C:\Windows\system32\api-ms-win-downlevel-advapi32-l1-1-0.dll
0x000007fefd890000 - 0x000007fefd9fd000 	C:\Windows\system32\CRYPT32.dll
0x000007fefd640000 - 0x000007fefd64f000 	C:\Windows\system32\MSASN1.dll
0x000007fefb9c0000 - 0x000007fefbaec000 	C:\Windows\system32\propsys.dll
0x000007fefe800000 - 0x000007fefe899000 	C:\Windows\system32\CLBCatQ.DLL
0x00000000022a0000 - 0x00000000022be000 	C:\Users\dezfoul2\.Xilinx\SDK\2016.2\org.eclipse.osgi\312\0\.cp\swt-gdip-win32-4527.dll
0x000007fef36f0000 - 0x000007fef3906000 	C:\Windows\WinSxS\amd64_microsoft.windows.gdiplus_6595b64144ccf1df_1.1.7601.23508_none_145555328b95eaaa\gdiplus.dll
0x000007fefbb60000 - 0x000007fefbcc1000 	C:\Windows\system32\WindowsCodecs.dll
0x0000000180000000 - 0x0000000180012000 	C:\Users\dezfoul2\.Xilinx\SDK\2016.2\org.eclipse.osgi\126\0\.cp\os\win32\x86_64\localfile_1_0_0.dll
0x000007feed700000 - 0x000007feed754000 	C:\Windows\system32\oleacc.dll
0x000007fefbee0000 - 0x000007fefbee7000 	C:\Windows\system32\msimg32.dll
0x000007fefd590000 - 0x000007fefd5a4000 	C:\Windows\system32\RpcRtRemote.dll
0x000007fefd4f0000 - 0x000007fefd547000 	C:\Windows\system32\apphelp.dll
0x000007fef6230000 - 0x000007fef6241000 	C:\Users\dezfoul2\.Xilinx\SDK\2016.2\org.eclipse.osgi\129\0\.cp\jWinHttp-1.0.0.dll
0x000007fef9370000 - 0x000007fef93e1000 	C:\Windows\system32\WINHTTP.dll
0x000007fef9300000 - 0x000007fef9364000 	C:\Windows\system32\webio.dll
0x000007fefd410000 - 0x000007fefd435000 	C:\Windows\system32\SspiCli.dll
0x000007fefca00000 - 0x000007fefca0a000 	C:\Windows\system32\credssp.dll
0x000007fefd660000 - 0x000007fefd696000 	C:\Windows\system32\CFGMGR32.dll
0x000007fefa330000 - 0x000007fefa33f000 	C:\Xilinx\SDK\2016.2\lib\win64.o\librdi_repo_manager.dll
0x000007fef1b60000 - 0x000007fef1b8a000 	C:\Xilinx\SDK\2016.2\lib\win64.o\libisl_sysinfo.dll
0x000007feea8a0000 - 0x000007feea974000 	C:\Windows\system32\MSVCR110.dll
0x000007feea980000 - 0x000007feeaa27000 	C:\Windows\system32\MSVCP110.dll
0x000007febb300000 - 0x000007febbd40000 	C:\Xilinx\SDK\2016.2\lib\win64.o\librdi_common.dll
0x000007febaf90000 - 0x000007febb2fe000 	C:\Xilinx\SDK\2016.2\lib\win64.o\libCOIN-all.dll
0x000007febad70000 - 0x000007febaf8f000 	C:\Xilinx\SDK\2016.2\lib\win64.o\libXil_lmgr11.dll
0x000007fefb6b0000 - 0x000007fefb6c6000 	C:\Windows\system32\NETAPI32.dll
0x000007fefca70000 - 0x000007fefca7c000 	C:\Windows\system32\netutils.dll
0x000007fefd0e0000 - 0x000007fefd103000 	C:\Windows\system32\srvcli.dll
0x000007fefb690000 - 0x000007fefb6a5000 	C:\Windows\system32\wkscli.dll
0x000007fefd6c0000 - 0x000007fefd6fb000 	C:\Windows\system32\WINTRUST.dll
0x000007fefa2d0000 - 0x000007fefa2e0000 	C:\Xilinx\SDK\2016.2\lib\win64.o\libboost_date_time.dll
0x000007fef19b0000 - 0x000007fef19d4000 	C:\Xilinx\SDK\2016.2\lib\win64.o\libboost_filesystem.dll
0x000007fefa210000 - 0x000007fefa219000 	C:\Xilinx\SDK\2016.2\lib\win64.o\libboost_system.dll
0x000007fef0770000 - 0x000007fef07e7000 	C:\Xilinx\SDK\2016.2\lib\win64.o\libboost_program_options.dll
0x000007febac60000 - 0x000007febad66000 	C:\Xilinx\SDK\2016.2\lib\win64.o\libboost_regex.dll
0x000007fef50a0000 - 0x000007fef50b3000 	C:\Xilinx\SDK\2016.2\lib\win64.o\libboost_signals.dll
0x000007fef4bf0000 - 0x000007fef4c0d000 	C:\Xilinx\SDK\2016.2\lib\win64.o\libboost_thread.dll
0x000007fef9a00000 - 0x000007fef9a0b000 	C:\Xilinx\SDK\2016.2\lib\win64.o\libboost_chrono.dll
0x000007fef9c90000 - 0x000007fef9c9b000 	C:\Xilinx\SDK\2016.2\lib\win64.o\libboost_xilinx.dll
0x000007fee8ed0000 - 0x000007fee8f50000 	C:\Xilinx\SDK\2016.2\lib\win64.o\libhdlpsolve.dll
0x000007fecbfc0000 - 0x000007fecc05a000 	C:\Xilinx\SDK\2016.2\lib\win64.o\libhdxml.dll
0x000007feba7f0000 - 0x000007febac55e00 	C:\Xilinx\SDK\2016.2\lib\win64.o\libisl_iostreams.dll
0x000007fef3d30000 - 0x000007fef3d46000 	C:\Xilinx\SDK\2016.2\lib\win64.o\libboost_iostreams.dll
0x000007fef09a0000 - 0x000007fef09c3000 	C:\Xilinx\SDK\2016.2\lib\win64.o\librdizlib.dll
0x000007fef0900000 - 0x000007fef0923000 	C:\Xilinx\SDK\2016.2\lib\win64.o\libisl_iosutils.dll
0x000007fef1990000 - 0x000007fef19a5000 	C:\Xilinx\SDK\2016.2\lib\win64.o\pthreadVC2.dll
0x000007feee5f0000 - 0x000007feee644000 	C:\Xilinx\SDK\2016.2\lib\win64.o\librdi_commonxillic.dll
0x000007feba6c0000 - 0x000007feba7f0000 	C:\Xilinx\SDK\2016.2\lib\win64.o\librdi_curl.dll
0x000007fef08c0000 - 0x000007fef08d8000 	C:\Xilinx\SDK\2016.2\lib\win64.o\librdiconfig.dll
0x0000000071af0000 - 0x0000000071c17000 	C:\Xilinx\SDK\2016.2\lib\win64.o\tcl85t.dll
0x0000000026bb0000 - 0x0000000026e13000 	C:\Xilinx\SDK\2016.2\lib\win64.o\xerces-c_3_1.dll
0x000007fefe590000 - 0x000007fefe716000 	C:\Windows\system32\urlmon.dll
0x000007fefd850000 - 0x000007fefd854000 	C:\Windows\system32\api-ms-win-downlevel-ole32-l1-1-0.dll
0x000007fef7750000 - 0x000007fef7773000 	C:\Windows\system32\VCOMP110.DLL
0x000007feba4c0000 - 0x000007feba6b2000 	C:\Xilinx\SDK\2016.2\lib\win64.o\librdi_hsm.dll
0x000007feecdf0000 - 0x000007feece33000 	C:\Xilinx\SDK\2016.2\lib\win64.o\librdi_hdf.dll
0x000007feba230000 - 0x000007feba4b1000 	C:\Xilinx\SDK\2016.2\lib\win64.o\librdi_ippcw.dll
0x000007fef0750000 - 0x000007fef0766000 	C:\Xilinx\SDK\2016.2\eclipse\win64.o\plugins\org.eclipse.cdt.core.win32.x86_64_5.4.0.201509131935\os\win32\x86_64\spawner.dll
0x0000000071080000 - 0x00000000710a6000 	C:\Xilinx\SDK\2016.2\eclipse\win64.o\plugins\gnu.io.rxtx.win32.x86_64_2.1.7.3_v20071015\os\win32\x86_64\rxtxSerial.dll
0x000007fef7080000 - 0x000007fef708a000 	C:\Xilinx\SDK\2016.2\lib\win64.o\librdi_jtag_settings.dll
0x000007fee7250000 - 0x000007fee7279000 	C:\Xilinx\SDK\2016.2\lib\win64.o\librdi_debug_dialog.dll
0x000007fef6d80000 - 0x000007fef6d88000 	C:\Xilinx\SDK\2016.2\lib\win64.o\librdi_target_manager.dll
0x0000000071100000 - 0x0000000071125000 	C:\Users\dezfoul2\.jssc\windows\jSSC-2.8_x86_64.dll
0x000007feb78f0000 - 0x000007feb8100000 	C:\Xilinx\SDK\2016.2\lib\win64.o\libXil_lmgr11FNP.dll

VM Arguments:
jvm_args: -Dcom.xilinx.sdk.args.hwspec=W:/ece532/src/hdmi.sdk/hdmi_wrapper.hdf -Xms64m -Xmx512m & 
java_command: <unknown>
java_class_path (initial): C:\Xilinx\SDK\2016.2\eclipse\win64.o\\plugins/org.eclipse.equinox.launcher_1.3.100.v20150511-1540.jar
Launcher Type: generic

Environment Variables:
PATH=C:/Xilinx/SDK/2016.2/tps/win64/jre/bin/server;C:/Xilinx/SDK/2016.2/tps/win64/jre/bin;C:/Xilinx/SDK/2016.2/tps/win64/jre/lib/amd64;C:\Xilinx\SDK\2016.2\gnuwin\bin;C:\Xilinx\SDK\2016.2\gnu\microblaze\nt\bin;C:\Xilinx\SDK\2016.2\gnu\microblaze\linux_toolchain\nt64_le\bin;C:\Xilinx\SDK\2016.2\gnu\microblaze\linux_toolchain\nt64_be\bin;C:\Xilinx\SDK\2016.2\gnu\arm\nt\bin;C:\Xilinx\SDK\2016.2\gnu\aarch64\nt\aarch64-none\bin;C:\Xilinx\SDK\2016.2\gnu\aarch64\nt\aarch64-linux\bin;C:\Xilinx\SDK\2016.2\gnu\armr5\nt\gcc-arm-none-eabi\bin;C:\Xilinx\SDK\2016.2\gnu\aarch32\nt\gcc-arm-none-eabi\bin;C:\Xilinx\SDK\2016.2\gnu\aarch32\nt\gcc-arm-linux-gnueabi\bin;C:\Xilinx\SDK\2016.2\tps\win64\cmake-3.3.2\bin;;C:\Xilinx\SDK\2016.2\bin;C:\Xilinx\SDK\2016.2\lib\win64.o;C:\Xilinx\SDK\2016.2\tps\win64\jre\bin\server;C:\Xilinx\SDK\2016.2\tps\win64\jre\bin;C:\Xilinx\Vivado\2016.2\ids_lite\ISE\bin\nt64;C:\Xilinx\Vivado\2016.2\ids_lite\ISE\lib\nt64;C:\Xilinx\Vivado\2016.2\bin;C:\Xilinx\Vivado\2016.2\lib\win64.o;C:\Xilinx\Vivado\2016.2\tps\win64\jre\bin\server;C:\Xilinx\Vivado\2016.2\tps\win64\jre\bin;C:\Xilinx\Vivado_HLS\2016.2\bin;C:\Windows\system32;C:\Windows;C:\Windows\System32\Wbem;C:\Windows\System32\WindowsPowerShell\v1.0\;C:\altera\16.0\quartus\bin64;c:\altera\16.0\quartus\bin64\jre64\bin;W:\ece532\src;
USERNAME=dezfoul2
OS=Windows_NT
PROCESSOR_IDENTIFIER=Intel64 Family 6 Model 60 Stepping 3, GenuineIntel



---------------  S Y S T E M  ---------------

OS: Windows 7 , 64 bit Build 7601 (6.1.7601.23418)

CPU:total 8 (4 cores per cpu, 2 threads per core) family 6 model 60 stepping 3, cmov, cx8, fxsr, mmx, sse, sse2, sse3, ssse3, sse4.1, sse4.2, popcnt, avx, avx2, aes, clmul, erms, lzcnt, ht, tsc, tscinvbit, bmi1, bmi2

Memory: 4k page, physical 16683160k(11879536k free), swap 33364460k(27980824k free)

vm_info: Java HotSpot(TM) 64-Bit Server VM (25.66-b18) for windows-amd64 JRE (1.8.0_66-b18), built on Nov  9 2015 10:51:13 by "java_re" with MS VC++ 10.0 (VS2010)

time: Tue Mar 28 17:28:06 2017
elapsed time: 1122 seconds (0d 0h 18m 42s)

