#
# A fatal error has been detected by the Java Runtime Environment:
#
#  EXCEPTION_UNCAUGHT_CXX_EXCEPTION (0xe06d7363) at pc=0x000007fefda1a06d, pid=2864, tid=4856
#
# JRE version: Java(TM) SE Runtime Environment (8.0_66-b18) (build 1.8.0_66-b18)
# Java VM: Java HotSpot(TM) 64-Bit Server VM (25.66-b18 mixed mode windows-amd64 compressed oops)
# Problematic frame:
# C  [KERNELBASE.dll+0x1a06d]
#
# Failed to write core dump. Minidumps are not enabled by default on client versions of Windows
#
# If you would like to submit a bug report, please visit:
#   http://bugreport.java.com/bugreport/crash.jsp
#

---------------  T H R E A D  ---------------

Current thread (0x0000000014e52800):  VMThread [stack: 0x0000000015da0000,0x0000000015ea0000] [id=4856]

siginfo: ExceptionCode=0xe06d7363, ExceptionInformation=0x0000000019930520 0x0000000015e9f6c8 0x000007feec432cb8 0x000007feec380000 

Registers:
RAX=0x000000006146c49c, RBX=0x000007feec432cb8, RCX=0x0000000015e9ef10, RDX=0x00000000000000d0
RSP=0x0000000015e9f520, RBP=0x0000000015e9f650, RSI=0x00000000ffffffff, RDI=0x0000000029d993c0
R8 =0x0000000000000000, R9 =0x0000000000000000, R10=0x000007feec380000, R11=0x0000000015e9f560
R12=0x0000000000000001, R13=0x0000000000000008, R14=0x0000000000000000, R15=0xffffffffffffffff
RIP=0x000007fefda1a06d, EFLAGS=0x0000000000000206

Top of Stack: (sp=0x0000000015e9f520)
0x0000000015e9f520:   000007feec432cb8 00000000ffffffff
0x0000000015e9f530:   0000000029d993c0 0000000000273200
0x0000000015e9f540:   00000001e06d7363 0000000000000000
0x0000000015e9f550:   000007fefda1a06d 000007fe00000004
0x0000000015e9f560:   0000000019930520 0000000015e9f6c8
0x0000000015e9f570:   000007feec432cb8 000007feec380000
0x0000000015e9f580:   0000000000000000 0000000015e9f608
0x0000000015e9f590:   0000000000000028 0000000029d993b0
0x0000000015e9f5a0:   00000000174ad430 0000000000000000
0x0000000015e9f5b0:   000007fffffa6000 0000000077b3f2d3
0x0000000015e9f5c0:   0000000000000000 0000000000000008
0x0000000015e9f5d0:   0000000000000001 0000000029d993c0
0x0000000015e9f5e0:   00000000ffffffff 000007feec3de92c
0x0000000015e9f5f0:   000007feec432cb8 0000000015e9f660
0x0000000015e9f600:   0000000000000001 000007feec3800f8
0x0000000015e9f610:   00000001e06d7363 0000000000000000 

Instructions: (pc=0x000007fefda1a06d)
0x000007fefda1a04d:   54 24 24 48 89 4c 24 28 4d 85 c9 0f 85 6a 03 00
0x000007fefda1a05d:   00 89 4c 24 38 48 8d 4c 24 20 ff 15 33 02 03 00
0x000007fefda1a06d:   48 81 c4 c8 00 00 00 c3 90 90 90 90 90 90 90 90
0x000007fefda1a07d:   90 90 90 48 83 ec 28 65 48 8b 04 25 30 00 00 00 


Register to memory mapping:

RAX=0x000000006146c49c is an unknown value
RBX=0x000007feec432cb8 is an unknown value
RCX=0x0000000015e9ef10 is an unknown value
RDX=0x00000000000000d0 is an unknown value
RSP=0x0000000015e9f520 is an unknown value
RBP=0x0000000015e9f650 is an unknown value
RSI=0x00000000ffffffff is an unknown value
RDI=0x0000000029d993c0 is an unknown value
R8 =0x0000000000000000 is an unknown value
R9 =0x0000000000000000 is an unknown value
R10=0x000007feec380000 is an unknown value
R11=0x0000000015e9f560 is an unknown value
R12=0x0000000000000001 is an unknown value
R13=0x0000000000000008 is an unknown value
R14=0x0000000000000000 is an unknown value
R15=0xffffffffffffffff is an unknown value


Stack: [0x0000000015da0000,0x0000000015ea0000],  sp=0x0000000015e9f520,  free space=1021k
Native frames: (J=compiled Java code, j=interpreted, Vv=VM code, C=native code)
C  [KERNELBASE.dll+0x1a06d]
C  [MSVCR110.dll+0x5e92c]
C  [MSVCR110.dll+0x1315c]
C  [MSVCR110.dll+0x136a9]
C  [MSVCR110.dll+0x13e9c]
C  [MSVCR110.dll+0x239e]
C  [MSVCR110.dll+0xaf9e]
C  [MSVCP110.dll+0x397b9]
C  [librdi_common.dll+0x182316]
C  [librdi_common.dll+0x180fab]
C  [librdi_target_manager.dll+0x2400]
C  [librdi_target_manager.dll+0x2682]
C  [ntdll.dll+0x229b1]
C  [ntdll.dll+0x227c0]
C  [MSVCR100.dll+0x20ccd]
V  [jvm.dll+0x210cc5]
V  [jvm.dll+0x249897]
V  [jvm.dll+0x248b36]
V  [jvm.dll+0x248fd1]
V  [jvm.dll+0x2491ee]
V  [jvm.dll+0x29a0fa]
C  [MSVCR100.dll+0x21d9f]
C  [MSVCR100.dll+0x21e3b]
C  [kernel32.dll+0x159bd]
C  [ntdll.dll+0x2a2e1]

VM_Operation (0x000000000012f4c0): Exit, mode: safepoint, requested by thread 0x0000000002298000


---------------  P R O C E S S  ---------------

Java Threads: ( => current thread )
  0x0000000023e82000 JavaThread "pool-2-thread-9" [_thread_blocked, id=5324, stack(0x000000002b240000,0x000000002b340000)]
  0x00000000176dc800 JavaThread "pool-2-thread-8" [_thread_blocked, id=5044, stack(0x000000002b340000,0x000000002b440000)]
  0x000000001dcd9800 JavaThread "pool-2-thread-7" [_thread_blocked, id=5812, stack(0x000000002ae40000,0x000000002af40000)]
  0x000000001dcd7000 JavaThread "pool-2-thread-6" [_thread_blocked, id=3636, stack(0x000000002ad40000,0x000000002ae40000)]
  0x000000001dcd6800 JavaThread "pool-2-thread-5" [_thread_blocked, id=5356, stack(0x0000000025d00000,0x0000000025e00000)]
  0x0000000023e7f000 JavaThread "pool-2-thread-4" [_thread_blocked, id=5532, stack(0x000000002ac40000,0x000000002ad40000)]
  0x0000000023e83800 JavaThread "pool-2-thread-3" [_thread_blocked, id=3720, stack(0x000000002a740000,0x000000002a840000)]
  0x0000000023e7f800 JavaThread "pool-2-thread-2" [_thread_blocked, id=3172, stack(0x0000000027670000,0x0000000027770000)]
  0x000000001f275800 JavaThread "EventThread COM1" [_thread_in_native, id=5288, stack(0x000000001eb90000,0x000000001ec90000)]
  0x000000001f27e800 JavaThread "pool-2-thread-1" [_thread_blocked, id=5716, stack(0x000000002a540000,0x000000002a640000)]
  0x000000001bd70800 JavaThread "Thread-46" daemon [_thread_blocked, id=5332, stack(0x000000002a340000,0x000000002a440000)]
  0x000000001bd6a800 JavaThread "EventThread COM4" [_thread_in_native, id=4836, stack(0x0000000028c60000,0x0000000028d60000)]
  0x000000001f279800 JavaThread "TCF Channel Transmitter" daemon [_thread_blocked, id=5220, stack(0x00000000283a0000,0x00000000284a0000)]
  0x000000001f278000 JavaThread "TCF Channel Receiver" daemon [_thread_in_native, id=4864, stack(0x0000000027a70000,0x0000000027b70000)]
  0x000000001f273800 JavaThread "Process monitor" daemon [_thread_in_native, id=5976, stack(0x00000000282a0000,0x00000000283a0000)]
  0x000000001f272800 JavaThread "Input Stream Monitor" daemon [_thread_blocked, id=5972, stack(0x00000000281a0000,0x00000000282a0000)]
  0x000000001f275000 JavaThread "Output Stream Monitor" daemon [_thread_in_native, id=4428, stack(0x00000000280a0000,0x00000000281a0000)]
  0x000000001f274000 JavaThread "Output Stream Monitor" daemon [_thread_in_native, id=5148, stack(0x0000000026d30000,0x0000000026e30000)]
  0x0000000017024000 JavaThread "TCF Locator DNS Lookup" daemon [_thread_blocked, id=4192, stack(0x00000000262f0000,0x00000000263f0000)]
  0x0000000017023800 JavaThread "TCF Locator Timer" daemon [_thread_blocked, id=628, stack(0x00000000261f0000,0x00000000262f0000)]
  0x0000000017022800 JavaThread "TCF Locator Receiver" daemon [_thread_in_native, id=5512, stack(0x00000000260f0000,0x00000000261f0000)]
  0x000000001701a800 JavaThread "TCF Timer Dispatcher" daemon [_thread_blocked, id=3768, stack(0x00000000246d0000,0x00000000247d0000)]
  0x000000001701b000 JavaThread "EMF Reference Cleaner" daemon [_thread_blocked, id=4988, stack(0x000000001a760000,0x000000001a860000)]
  0x0000000014f43000 JavaThread "Service Thread" daemon [_thread_blocked, id=6060, stack(0x0000000016760000,0x0000000016860000)]
  0x0000000014edc000 JavaThread "C1 CompilerThread3" daemon [_thread_blocked, id=2800, stack(0x0000000016660000,0x0000000016760000)]
  0x0000000014eb5800 JavaThread "C2 CompilerThread2" daemon [_thread_blocked, id=1680, stack(0x0000000016560000,0x0000000016660000)]
  0x0000000014eae800 JavaThread "C2 CompilerThread1" daemon [_thread_blocked, id=4744, stack(0x0000000016460000,0x0000000016560000)]
  0x0000000014ea7000 JavaThread "C2 CompilerThread0" daemon [_thread_blocked, id=5052, stack(0x0000000016360000,0x0000000016460000)]
  0x0000000014ea3800 JavaThread "Attach Listener" daemon [_thread_blocked, id=4236, stack(0x0000000016260000,0x0000000016360000)]
  0x0000000014ea2000 JavaThread "Signal Dispatcher" daemon [_thread_blocked, id=300, stack(0x0000000016160000,0x0000000016260000)]
  0x0000000013cde800 JavaThread "Finalizer" daemon [_thread_blocked, id=2968, stack(0x0000000015fa0000,0x00000000160a0000)]
  0x0000000013cd7800 JavaThread "Reference Handler" daemon [_thread_blocked, id=5340, stack(0x0000000015ea0000,0x0000000015fa0000)]
  0x0000000002298000 JavaThread "main" [_thread_blocked, id=4120, stack(0x0000000000030000,0x0000000000130000)]

Other Threads:
=>0x0000000014e52800 VMThread [stack: 0x0000000015da0000,0x0000000015ea0000] [id=4856]

VM state:at safepoint (shutting down)

VM Mutex/Monitor currently owned by a thread:  ([mutex/lock_event])
[0x000000000222e3b0] Threads_lock - owner thread: 0x0000000014e52800

Heap:
 PSYoungGen      total 158208K, used 120078K [0x00000000f5580000, 0x0000000100000000, 0x0000000100000000)
  eden space 142848K, 78% used [0x00000000f5580000,0x00000000fc2ee170,0x00000000fe100000)
  from space 15360K, 52% used [0x00000000ff100000,0x00000000ff8d5918,0x0000000100000000)
  to   space 15872K, 0% used [0x00000000fe100000,0x00000000fe100000,0x00000000ff080000)
 ParOldGen       total 162304K, used 119783K [0x00000000e0000000, 0x00000000e9e80000, 0x00000000f5580000)
  object space 162304K, 73% used [0x00000000e0000000,0x00000000e74f9cc8,0x00000000e9e80000)
 Metaspace       used 90547K, capacity 98158K, committed 98456K, reserved 1134592K
  class space    used 10712K, capacity 13200K, committed 13232K, reserved 1048576K

Card table byte_map: [0x00000000023c0000,0x00000000024d0000] byte_map_base: 0x0000000001cc0000

Marking Bits: (ParMarkBitMap*) 0x0000000070f3a5b0
 Begin Bits: [0x00000000121f0000, 0x00000000129f0000)
 End Bits:   [0x00000000129f0000, 0x00000000131f0000)

Polling page: 0x0000000000600000

CodeCache: size=245760Kb used=45779Kb max_used=46299Kb free=199980Kb
 bounds [0x0000000002630000, 0x00000000053d0000, 0x0000000011630000]
 total_blobs=13133 nmethods=12223 adapters=817
 compilation: enabled

Compilation events (10 events):
Event: 1390.891 Thread 0x0000000014edc000 15930  s!   3       org.eclipse.osgi.storage.bundlefile.ZipBundleFile::close (64 bytes)
Event: 1390.892 Thread 0x0000000014edc000 nmethod 15930 0x0000000003a05990 code [0x0000000003a05b60, 0x0000000003a064f8]
Event: 1390.893 Thread 0x0000000014edc000 15932       3       org.eclipse.osgi.storage.bundlefile.MRUBundleFileList::removeInternal (37 bytes)
Event: 1390.893 Thread 0x0000000014edc000 nmethod 15932 0x0000000003fcab10 code [0x0000000003fcac80, 0x0000000003fcb0f0]
Event: 1390.894 Thread 0x0000000014edc000 15933   !   3       org.eclipse.osgi.storage.BundleInfo$Generation::close (34 bytes)
Event: 1390.894 Thread 0x0000000014edc000 nmethod 15933 0x0000000003f515d0 code [0x0000000003f51740, 0x0000000003f51b68]
Event: 1390.895 Thread 0x0000000014edc000 15934       3       org.eclipse.osgi.container.Module::holdsTransitionEventLock (25 bytes)
Event: 1390.895 Thread 0x0000000014edc000 nmethod 15934 0x0000000002f29a10 code [0x0000000002f29ba0, 0x0000000002f2a2c8]
Event: 1390.896 Thread 0x0000000014edc000 15935       3       org.eclipse.osgi.container.ModuleWiring::unload (6 bytes)
Event: 1390.896 Thread 0x0000000014edc000 nmethod 15935 0x0000000002c1d990 code [0x0000000002c1db00, 0x0000000002c1dc88]

GC Heap History (10 events):
Event: 1148.474 GC heap before
{Heap before GC invocations=3290 (full 6):
 PSYoungGen      total 156160K, used 155974K [0x00000000f5580000, 0x00000000fff00000, 0x0000000100000000)
  eden space 143872K, 100% used [0x00000000f5580000,0x00000000fe200000,0x00000000fe200000)
  from space 12288K, 98% used [0x00000000fe200000,0x00000000fedd1a88,0x00000000fee00000)
  to   space 14848K, 0% used [0x00000000ff080000,0x00000000ff080000,0x00000000fff00000)
 ParOldGen       total 162304K, used 119627K [0x00000000e0000000, 0x00000000e9e80000, 0x00000000f5580000)
  object space 162304K, 73% used [0x00000000e0000000,0x00000000e74d2e88,0x00000000e9e80000)
 Metaspace       used 88885K, capacity 96640K, committed 97048K, reserved 1132544K
  class space    used 10601K, capacity 13001K, committed 13104K, reserved 1048576K
Event: 1148.477 GC heap after
Heap after GC invocations=3290 (full 6):
 PSYoungGen      total 157696K, used 8032K [0x00000000f5580000, 0x0000000100000000, 0x0000000100000000)
  eden space 142848K, 0% used [0x00000000f5580000,0x00000000f5580000,0x00000000fe100000)
  from space 14848K, 54% used [0x00000000ff080000,0x00000000ff858340,0x00000000fff00000)
  to   space 15872K, 0% used [0x00000000fe100000,0x00000000fe100000,0x00000000ff080000)
 ParOldGen       total 162304K, used 119651K [0x00000000e0000000, 0x00000000e9e80000, 0x00000000f5580000)
  object space 162304K, 73% used [0x00000000e0000000,0x00000000e74d8e88,0x00000000e9e80000)
 Metaspace       used 88885K, capacity 96640K, committed 97048K, reserved 1132544K
  class space    used 10601K, capacity 13001K, committed 13104K, reserved 1048576K
}
Event: 1148.556 GC heap before
{Heap before GC invocations=3291 (full 6):
 PSYoungGen      total 157696K, used 149306K [0x00000000f5580000, 0x0000000100000000, 0x0000000100000000)
  eden space 142848K, 98% used [0x00000000f5580000,0x00000000fdf765d0,0x00000000fe100000)
  from space 14848K, 54% used [0x00000000ff080000,0x00000000ff858340,0x00000000fff00000)
  to   space 15872K, 0% used [0x00000000fe100000,0x00000000fe100000,0x00000000ff080000)
 ParOldGen       total 162304K, used 119651K [0x00000000e0000000, 0x00000000e9e80000, 0x00000000f5580000)
  object space 162304K, 73% used [0x00000000e0000000,0x00000000e74d8e88,0x00000000e9e80000)
 Metaspace       used 88887K, capacity 96640K, committed 97048K, reserved 1132544K
  class space    used 10601K, capacity 13001K, committed 13104K, reserved 1048576K
Event: 1148.559 GC heap after
Heap after GC invocations=3291 (full 6):
 PSYoungGen      total 158720K, used 12118K [0x00000000f5580000, 0x0000000100000000, 0x0000000100000000)
  eden space 142848K, 0% used [0x00000000f5580000,0x00000000f5580000,0x00000000fe100000)
  from space 15872K, 76% used [0x00000000fe100000,0x00000000fecd5ae8,0x00000000ff080000)
  to   space 15360K, 0% used [0x00000000ff100000,0x00000000ff100000,0x0000000100000000)
 ParOldGen       total 162304K, used 119667K [0x00000000e0000000, 0x00000000e9e80000, 0x00000000f5580000)
  object space 162304K, 73% used [0x00000000e0000000,0x00000000e74dce88,0x00000000e9e80000)
 Metaspace       used 88887K, capacity 96640K, committed 97048K, reserved 1132544K
  class space    used 10601K, capacity 13001K, committed 13104K, reserved 1048576K
}
Event: 1163.976 GC heap before
{Heap before GC invocations=3292 (full 6):
 PSYoungGen      total 158720K, used 150238K [0x00000000f5580000, 0x0000000100000000, 0x0000000100000000)
  eden space 142848K, 96% used [0x00000000f5580000,0x00000000fdc61d20,0x00000000fe100000)
  from space 15872K, 76% used [0x00000000fe100000,0x00000000fecd5ae8,0x00000000ff080000)
  to   space 15360K, 0% used [0x00000000ff100000,0x00000000ff100000,0x0000000100000000)
 ParOldGen       total 162304K, used 119667K [0x00000000e0000000, 0x00000000e9e80000, 0x00000000f5580000)
  object space 162304K, 73% used [0x00000000e0000000,0x00000000e74dce88,0x00000000e9e80000)
 Metaspace       used 88918K, capacity 96652K, committed 97048K, reserved 1132544K
  class space    used 10602K, capacity 13003K, committed 13104K, reserved 1048576K
Event: 1163.980 GC heap after
Heap after GC invocations=3292 (full 6):
 PSYoungGen      total 158208K, used 12292K [0x00000000f5580000, 0x00000000fff80000, 0x0000000100000000)
  eden space 143360K, 0% used [0x00000000f5580000,0x00000000f5580000,0x00000000fe180000)
  from space 14848K, 82% used [0x00000000ff100000,0x00000000ffd01048,0x00000000fff80000)
  to   space 15360K, 0% used [0x00000000fe180000,0x00000000fe180000,0x00000000ff080000)
 ParOldGen       total 162304K, used 119699K [0x00000000e0000000, 0x00000000e9e80000, 0x00000000f5580000)
  object space 162304K, 73% used [0x00000000e0000000,0x00000000e74e4e88,0x00000000e9e80000)
 Metaspace       used 88918K, capacity 96652K, committed 97048K, reserved 1132544K
  class space    used 10602K, capacity 13003K, committed 13104K, reserved 1048576K
}
Event: 1303.411 GC heap before
{Heap before GC invocations=3293 (full 6):
 PSYoungGen      total 158208K, used 155652K [0x00000000f5580000, 0x00000000fff80000, 0x0000000100000000)
  eden space 143360K, 100% used [0x00000000f5580000,0x00000000fe180000,0x00000000fe180000)
  from space 14848K, 82% used [0x00000000ff100000,0x00000000ffd01048,0x00000000fff80000)
  to   space 15360K, 0% used [0x00000000fe180000,0x00000000fe180000,0x00000000ff080000)
 ParOldGen       total 162304K, used 119699K [0x00000000e0000000, 0x00000000e9e80000, 0x00000000f5580000)
  object space 162304K, 73% used [0x00000000e0000000,0x00000000e74e4e88,0x00000000e9e80000)
 Metaspace       used 89273K, capacity 96844K, committed 97304K, reserved 1134592K
  class space    used 10603K, capacity 13003K, committed 13104K, reserved 1048576K
Event: 1303.417 GC heap after
Heap after GC invocations=3293 (full 6):
 PSYoungGen      total 158720K, used 8420K [0x00000000f5580000, 0x0000000100000000, 0x0000000100000000)
  eden space 143360K, 0% used [0x00000000f5580000,0x00000000f5580000,0x00000000fe180000)
  from space 15360K, 54% used [0x00000000fe180000,0x00000000fe9b90d0,0x00000000ff080000)
  to   space 15360K, 0% used [0x00000000ff100000,0x00000000ff100000,0x0000000100000000)
 ParOldGen       total 162304K, used 119731K [0x00000000e0000000, 0x00000000e9e80000, 0x00000000f5580000)
  object space 162304K, 73% used [0x00000000e0000000,0x00000000e74ece88,0x00000000e9e80000)
 Metaspace       used 89273K, capacity 96844K, committed 97304K, reserved 1134592K
  class space    used 10603K, capacity 13003K, committed 13104K, reserved 1048576K
}
Event: 1348.244 GC heap before
{Heap before GC invocations=3294 (full 6):
 PSYoungGen      total 158720K, used 151780K [0x00000000f5580000, 0x0000000100000000, 0x0000000100000000)
  eden space 143360K, 100% used [0x00000000f5580000,0x00000000fe180000,0x00000000fe180000)
  from space 15360K, 54% used [0x00000000fe180000,0x00000000fe9b90d0,0x00000000ff080000)
  to   space 15360K, 0% used [0x00000000ff100000,0x00000000ff100000,0x0000000100000000)
 ParOldGen       total 162304K, used 119731K [0x00000000e0000000, 0x00000000e9e80000, 0x00000000f5580000)
  object space 162304K, 73% used [0x00000000e0000000,0x00000000e74ece88,0x00000000e9e80000)
 Metaspace       used 89592K, capacity 97380K, committed 97816K, reserved 1134592K
  class space    used 10605K, capacity 13007K, committed 13104K, reserved 1048576K
Event: 1348.249 GC heap after
Heap after GC invocations=3294 (full 6):
 PSYoungGen      total 158208K, used 8022K [0x00000000f5580000, 0x0000000100000000, 0x0000000100000000)
  eden space 142848K, 0% used [0x00000000f5580000,0x00000000f5580000,0x00000000fe100000)
  from space 15360K, 52% used [0x00000000ff100000,0x00000000ff8d5918,0x0000000100000000)
  to   space 15872K, 0% used [0x00000000fe100000,0x00000000fe100000,0x00000000ff080000)
 ParOldGen       total 162304K, used 119783K [0x00000000e0000000, 0x00000000e9e80000, 0x00000000f5580000)
  object space 162304K, 73% used [0x00000000e0000000,0x00000000e74f9cc8,0x00000000e9e80000)
 Metaspace       used 89592K, capacity 97380K, committed 97816K, reserved 1134592K
  class space    used 10605K, capacity 13007K, committed 13104K, reserved 1048576K
}

Deoptimization events (10 events):
Event: 1390.827 Thread 0x0000000023e82800 Uncommon trap: reason=class_check action=maybe_recompile pc=0x00000000049ceaec method=org.eclipse.swt.widgets.Display.asyncExec(Ljava/lang/Runnable;)V @ 23
Event: 1390.828 Thread 0x0000000023e82800 Uncommon trap: reason=class_check action=maybe_recompile pc=0x00000000049ceaec method=org.eclipse.swt.widgets.Display.asyncExec(Ljava/lang/Runnable;)V @ 23
Event: 1390.840 Thread 0x0000000023e82800 Uncommon trap: reason=null_check action=maybe_recompile pc=0x0000000003ec57fc method=com.xilinx.sdk.targetmanager.internal.json.XMDJSONProcess.issueCommand(Ljava/lang/String;)Lcom/xilinx/sdk/targetmanager/internal/IXMDResult; @ 3
Event: 1390.842 Thread 0x0000000023e82800 Uncommon trap: reason=bimorphic action=maybe_recompile pc=0x0000000004605f54 method=org.eclipse.core.internal.dtree.AbstractDataTreeNode.assembleWith([Lorg/eclipse/core/internal/dtree/AbstractDataTreeNode;[Lorg/eclipse/core/internal/dtree/AbstractDataTreeNyC˙ù^ªï@
Event: 1390.842 Thread 0x0000000023e82800 Uncommon trap: reason=bimorphic action=maybe_recompile pc=0x0000000004605f54 method=org.eclipse.core.internal.dtree.AbstractDataTreeNode.assembleWith([Lorg/eclipse/core/internal/dtree/AbstractDataTreeNode;[Lorg/eclipse/core/internal/dtree/AbstractDataTreeN·)æ†^ªï@
Event: 1390.842 Thread 0x0000000023e82800 Uncommon trap: reason=bimorphic action=maybe_recompile pc=0x0000000004605f54 method=org.eclipse.core.internal.dtree.AbstractDataTreeNode.assembleWith([Lorg/eclipse/core/internal/dtree/AbstractDataTreeNode;[Lorg/eclipse/core/internal/dtree/AbstractDataTreeN¨à5£^ªï@
Event: 1390.842 Thread 0x0000000023e82800 Uncommon trap: reason=bimorphic action=maybe_recompile pc=0x0000000004605f54 method=org.eclipse.core.internal.dtree.AbstractDataTreeNode.assembleWith([Lorg/eclipse/core/internal/dtree/AbstractDataTreeNode;[Lorg/eclipse/core/internal/dtree/AbstractDataTreeNˆPi|ªï@
Event: 1390.871 Thread 0x0000000017baa800 Uncommon trap: reason=unstable_if action=reinterpret pc=0x000000000356b478 method=org.eclipse.osgi.internal.framework.BundleContextImpl.dispatchEvent(Ljava/lang/Object;Ljava/lang/Object;ILjava/lang/Object;)V @ 16
Event: 1390.875 Thread 0x0000000017020800 Uncommon trap: reason=unstable_if action=reinterpret pc=0x0000000004fb8160 method=org.eclipse.core.internal.jobs.JobManager.nextJob()Lorg/eclipse/core/runtime/jobs/Job; @ 80
Event: 1390.888 Thread 0x0000000023e82800 Uncommon trap: reason=unstable_if action=reinterpret pc=0x00000000044e8380 method=sun.reflect.UnsafeStaticObjectFieldAccessorImpl.set(Ljava/lang/Object;Ljava/lang/Object;)V @ 13

Internal exceptions (10 events):
Event: 1389.308 Thread 0x0000000002298000 Implicit null exception at 0x00000000043ed409 to 0x00000000043ed731
Event: 1389.349 Thread 0x0000000002298000 Implicit null exception at 0x0000000003462ba0 to 0x00000000034630ed
Event: 1390.252 Thread 0x000000001bd6d800 Exception <a 'java/lang/InterruptedException'> (0x00000000fbc4f4a0) thrown at [C:\re\workspace\8-2-build-windows-amd64-cygwin\jdk8u66\5298\hotspot\src\share\vm\runtime\objectMonitor.cpp, line 1683]
Event: 1390.840 Thread 0x0000000023e82800 Implicit null exception at 0x0000000003ec4fa4 to 0x0000000003ec57ed
Event: 1390.840 Thread 0x0000000023e82800 Exception <a 'java/lang/NullPointerException'> (0x00000000fbed31a0) thrown at [C:\re\workspace\8-2-build-windows-amd64-cygwin\jdk8u66\5298\hotspot\src\share\vm\prims\jvm.cpp, line 1390]
Event: 1390.874 Thread 0x0000000017021000 Exception <a 'java/lang/InterruptedException'> (0x00000000fb72e680) thrown at [C:\re\workspace\8-2-build-windows-amd64-cygwin\jdk8u66\5298\hotspot\src\share\vm\runtime\objectMonitor.cpp, line 1683]
Event: 1390.888 Thread 0x0000000023e82800 Implicit null exception at 0x00000000044e7f97 to 0x00000000044e836d
Event: 1390.888 Thread 0x0000000017baa800 Exception <a 'java/lang/InterruptedException'> (0x00000000fc013310) thrown at [C:\re\workspace\8-2-build-windows-amd64-cygwin\jdk8u66\5298\hotspot\src\share\vm\runtime\objectMonitor.cpp, line 1683]
Event: 1390.893 Thread 0x000000001701c800 Exception <a 'java/lang/InterruptedException'> (0x00000000fb3dadd0) thrown at [C:\re\workspace\8-2-build-windows-amd64-cygwin\jdk8u66\5298\hotspot\src\share\vm\runtime\objectMonitor.cpp, line 1683]
Event: 1390.894 Thread 0x0000000016e58800 Exception <a 'java/lang/InterruptedException'> (0x00000000fc234458) thrown at [C:\re\workspace\8-2-build-windows-amd64-cygwin\jdk8u66\5298\hotspot\src\share\vm\runtime\objectMonitor.cpp, line 1683]

Events (10 events):
Event: 1390.895 Thread 0x0000000023e82800 Thread exited: 0x0000000023e82800
Event: 1390.895 loading class java/util/IdentityHashMap$KeyIterator
Event: 1390.895 Thread 0x0000000014edc000 flushing nmethod 0x0000000002e54010
Event: 1390.896 loading class java/util/IdentityHashMap$IdentityHashMapIterator
Event: 1390.896 loading class java/util/IdentityHashMap$IdentityHashMapIterator done
Event: 1390.896 Thread 0x0000000014edc000 flushing nmethod 0x0000000002eb5050
Event: 1390.896 loading class java/util/IdentityHashMap$KeyIterator done
Event: 1390.896 Thread 0x0000000023e82800 Thread added: 0x0000000023e82800
Event: 1390.896 Thread 0x0000000023e82800 Thread exited: 0x0000000023e82800
Event: 1390.896 Executing VM operation: Exit


Dynamic libraries:
0x0000000000400000 - 0x000000000044f000 	C:\Xilinx\SDK\2016.2\eclipse\win64.o\eclipse.exe
0x0000000077af0000 - 0x0000000077c9a000 	C:\Windows\SYSTEM32\ntdll.dll
0x00000000779d0000 - 0x0000000077aef000 	C:\Windows\system32\kernel32.dll
0x000007fefda00000 - 0x000007fefda6a000 	C:\Windows\system32\KERNELBASE.dll
0x00000000778d0000 - 0x00000000779ca000 	C:\Windows\system32\USER32.dll
0x000007feff200000 - 0x000007feff267000 	C:\Windows\system32\GDI32.dll
0x000007feff1f0000 - 0x000007feff1fe000 	C:\Windows\system32\LPK.dll
0x000007feffbc0000 - 0x000007feffc8a000 	C:\Windows\system32\USP10.dll
0x000007fefdea0000 - 0x000007fefdf3f000 	C:\Windows\system32\msvcrt.dll
0x000007fefc140000 - 0x000007fefc334000 	C:\Windows\WinSxS\amd64_microsoft.windows.common-controls_6595b64144ccf1df_6.0.7601.18837_none_fa3b1e3d17594757\COMCTL32.dll
0x000007fefe200000 - 0x000007fefe271000 	C:\Windows\system32\SHLWAPI.dll
0x000007feff270000 - 0x000007feff29e000 	C:\Windows\system32\IMM32.DLL
0x000007fefe280000 - 0x000007fefe389000 	C:\Windows\system32\MSCTF.dll
0x0000000072000000 - 0x0000000072012000 	C:\Xilinx\SDK\2016.2\eclipse\win64.o\plugins\org.eclipse.equinox.launcher.win32.win32.x86_64_1.1.300.v20150602-1417\eclipse_1611.dll
0x000007fefe120000 - 0x000007fefe1fb000 	C:\Windows\system32\ADVAPI32.dll
0x000007feffc90000 - 0x000007feffcaf000 	C:\Windows\SYSTEM32\sechost.dll
0x000007feff590000 - 0x000007feff6bd000 	C:\Windows\system32\RPCRT4.dll
0x000007fefc8c0000 - 0x000007fefc8cc000 	C:\Windows\system32\VERSION.dll
0x000007fefc0e0000 - 0x000007fefc136000 	C:\Windows\system32\UxTheme.dll
0x0000000070730000 - 0x0000000070fb9000 	C:\Xilinx\SDK\2016.2\tps\win64\jre\bin\server\jvm.dll
0x000007fef9100000 - 0x000007fef9109000 	C:\Windows\system32\WSOCK32.dll
0x000007feff1a0000 - 0x000007feff1ed000 	C:\Windows\system32\WS2_32.dll
0x000007feffcb0000 - 0x000007feffcb8000 	C:\Windows\system32\NSI.dll
0x000007fefb240000 - 0x000007fefb27b000 	C:\Windows\system32\WINMM.dll
0x0000000077cb0000 - 0x0000000077cb7000 	C:\Windows\system32\PSAPI.DLL
0x0000000073220000 - 0x00000000732f2000 	C:\Windows\system32\MSVCR100.dll
0x0000000073c60000 - 0x0000000073c6f000 	C:\Xilinx\SDK\2016.2\tps\win64\jre\bin\verify.dll
0x0000000073c30000 - 0x0000000073c59000 	C:\Xilinx\SDK\2016.2\tps\win64\jre\bin\java.dll
0x0000000073c10000 - 0x0000000073c26000 	C:\Xilinx\SDK\2016.2\tps\win64\jre\bin\zip.dll
0x000007fefe390000 - 0x000007feff119000 	C:\Windows\system32\SHELL32.dll
0x000007fefdbf0000 - 0x000007fefddf3000 	C:\Windows\system32\ole32.dll
0x000007fefd840000 - 0x000007fefd84f000 	C:\Windows\system32\profapi.dll
0x000007fefd030000 - 0x000007fefd048000 	C:\Windows\system32\CRYPTSP.dll
0x000007fefcd30000 - 0x000007fefcd77000 	C:\Windows\system32\rsaenh.dll
0x000007fefd9e0000 - 0x000007fefd9fe000 	C:\Windows\system32\USERENV.dll
0x000007fefd690000 - 0x000007fefd69f000 	C:\Windows\system32\CRYPTBASE.dll
0x0000000073bf0000 - 0x0000000073c0a000 	C:\Xilinx\SDK\2016.2\tps\win64\jre\bin\net.dll
0x000007fefcfd0000 - 0x000007fefd025000 	C:\Windows\system32\mswsock.dll
0x000007fefcfc0000 - 0x000007fefcfc7000 	C:\Windows\System32\wship6.dll
0x000007fefab40000 - 0x000007fefab67000 	C:\Windows\system32\IPHLPAPI.DLL
0x000007fefab30000 - 0x000007fefab3b000 	C:\Windows\system32\WINNSI.DLL
0x000007fefa810000 - 0x000007fefa821000 	C:\Windows\system32\dhcpcsvc6.DLL
0x000007fefa7f0000 - 0x000007fefa808000 	C:\Windows\system32\dhcpcsvc.DLL
0x0000000073bd0000 - 0x0000000073be1000 	C:\Xilinx\SDK\2016.2\tps\win64\jre\bin\nio.dll
0x000007fefadd0000 - 0x000007fefade5000 	C:\Windows\system32\NLAapi.dll
0x000007fef8470000 - 0x000007fef8485000 	C:\Windows\system32\napinsp.dll
0x000007fef8430000 - 0x000007fef8449000 	C:\Windows\system32\pnrpnsp.dll
0x000007fefce50000 - 0x000007fefceab000 	C:\Windows\system32\DNSAPI.dll
0x000007fef8460000 - 0x000007fef846b000 	C:\Windows\System32\winrnr.dll
0x000007fefc990000 - 0x000007fefc997000 	C:\Windows\System32\wshtcpip.dll
0x000007fefa3f0000 - 0x000007fefa3f8000 	C:\Windows\system32\rasadhlp.dll
0x000007fefaaa0000 - 0x000007fefaaf3000 	C:\Windows\System32\fwpuclnt.dll
0x000000001aa60000 - 0x000000001ab08000 	C:\Users\dezfoul2\.Xilinx\SDK\2016.2\org.eclipse.osgi\312\0\.cp\swt-win32-4527.dll
0x000007feffcc0000 - 0x000007feffd98000 	C:\Windows\system32\OLEAUT32.dll
0x000007feffb20000 - 0x000007feffbb7000 	C:\Windows\system32\comdlg32.dll
0x000007fef7390000 - 0x000007fef7401000 	C:\Windows\system32\WINSPOOL.DRV
0x000007feff850000 - 0x000007feffb15000 	C:\Windows\system32\WININET.dll
0x000007fefd920000 - 0x000007fefd924000 	C:\Windows\system32\api-ms-win-downlevel-user32-l1-1-0.dll
0x000007fefd9d0000 - 0x000007fefd9d4000 	C:\Windows\system32\api-ms-win-downlevel-shlwapi-l1-1-0.dll
0x000007fefd9c0000 - 0x000007fefd9c4000 	C:\Windows\system32\api-ms-win-downlevel-version-l1-1-0.dll
0x000007fefda70000 - 0x000007fefda73000 	C:\Windows\system32\api-ms-win-downlevel-normaliz-l1-1-0.dll
0x0000000077cc0000 - 0x0000000077cc3000 	C:\Windows\system32\normaliz.DLL
0x000007feff2a0000 - 0x000007feff569000 	C:\Windows\system32\iertutil.dll
0x000007fefd930000 - 0x000007fefd935000 	C:\Windows\system32\api-ms-win-downlevel-advapi32-l1-1-0.dll
0x000007fefda80000 - 0x000007fefdbed000 	C:\Windows\system32\CRYPT32.dll
0x000007fefd830000 - 0x000007fefd83f000 	C:\Windows\system32\MSASN1.dll
0x000007fefbbb0000 - 0x000007fefbcdc000 	C:\Windows\system32\propsys.dll
0x000007fefde00000 - 0x000007fefde99000 	C:\Windows\system32\CLBCatQ.DLL
0x0000000002200000 - 0x000000000221e000 	C:\Users\dezfoul2\.Xilinx\SDK\2016.2\org.eclipse.osgi\312\0\.cp\swt-gdip-win32-4527.dll
0x000007fefbec0000 - 0x000007fefc0d6000 	C:\Windows\WinSxS\amd64_microsoft.windows.gdiplus_6595b64144ccf1df_1.1.7601.23508_none_145555328b95eaaa\gdiplus.dll
0x000007fefb9e0000 - 0x000007fefbb41000 	C:\Windows\system32\WindowsCodecs.dll
0x0000000180000000 - 0x0000000180012000 	C:\Users\dezfoul2\.Xilinx\SDK\2016.2\org.eclipse.osgi\126\0\.cp\os\win32\x86_64\localfile_1_0_0.dll
0x000007fef43d0000 - 0x000007fef4424000 	C:\Windows\system32\oleacc.dll
0x000007fef9eb0000 - 0x000007fef9eb7000 	C:\Windows\system32\msimg32.dll
0x000007fefd780000 - 0x000007fefd794000 	C:\Windows\system32\RpcRtRemote.dll
0x000007fefd630000 - 0x000007fefd687000 	C:\Windows\system32\apphelp.dll
0x000007fefab90000 - 0x000007fefaba1000 	C:\Users\dezfoul2\.Xilinx\SDK\2016.2\org.eclipse.osgi\129\0\.cp\jWinHttp-1.0.0.dll
0x000007fefa090000 - 0x000007fefa101000 	C:\Windows\system32\WINHTTP.dll
0x000007fefa020000 - 0x000007fefa084000 	C:\Windows\system32\webio.dll
0x000007fefd600000 - 0x000007fefd625000 	C:\Windows\system32\SspiCli.dll
0x000007fefcbf0000 - 0x000007fefcbfa000 	C:\Windows\system32\credssp.dll
0x000007fefd980000 - 0x000007fefd9b6000 	C:\Windows\system32\CFGMGR32.dll
0x000007fefac10000 - 0x000007fefac1f000 	C:\Xilinx\SDK\2016.2\lib\win64.o\librdi_repo_manager.dll
0x000007fef7170000 - 0x000007fef719a000 	C:\Xilinx\SDK\2016.2\lib\win64.o\libisl_sysinfo.dll
0x000007feec380000 - 0x000007feec454000 	C:\Windows\system32\MSVCR110.dll
0x000007feec2d0000 - 0x000007feec377000 	C:\Windows\system32\MSVCP110.dll
0x000007feb9cc0000 - 0x000007feba700000 	C:\Xilinx\SDK\2016.2\lib\win64.o\librdi_common.dll
0x000007feee190000 - 0x000007feee4fe000 	C:\Xilinx\SDK\2016.2\lib\win64.o\libCOIN-all.dll
0x000007febae40000 - 0x000007febb05f000 	C:\Xilinx\SDK\2016.2\lib\win64.o\libXil_lmgr11.dll
0x000007fefb8a0000 - 0x000007fefb8b6000 	C:\Windows\system32\NETAPI32.dll
0x000007fefcc60000 - 0x000007fefcc6c000 	C:\Windows\system32\netutils.dll
0x000007fefd390000 - 0x000007fefd3b3000 	C:\Windows\system32\srvcli.dll
0x000007fefb880000 - 0x000007fefb895000 	C:\Windows\system32\wkscli.dll
0x000007fefd940000 - 0x000007fefd97b000 	C:\Windows\system32\WINTRUST.dll
0x000007fef8650000 - 0x000007fef8660000 	C:\Xilinx\SDK\2016.2\lib\win64.o\libboost_date_time.dll
0x000007fef5c90000 - 0x000007fef5cb4000 	C:\Xilinx\SDK\2016.2\lib\win64.o\libboost_filesystem.dll
0x000007fef8640000 - 0x000007fef8649000 	C:\Xilinx\SDK\2016.2\lib\win64.o\libboost_system.dll
0x000007fef4ff0000 - 0x000007fef5067000 	C:\Xilinx\SDK\2016.2\lib\win64.o\libboost_program_options.dll
0x000007fef1cf0000 - 0x000007fef1df6000 	C:\Xilinx\SDK\2016.2\lib\win64.o\libboost_regex.dll
0x000007fef80e0000 - 0x000007fef80f3000 	C:\Xilinx\SDK\2016.2\lib\win64.o\libboost_signals.dll
0x000007fef4610000 - 0x000007fef462d000 	C:\Xilinx\SDK\2016.2\lib\win64.o\libboost_thread.dll
0x000007fef7840000 - 0x000007fef784b000 	C:\Xilinx\SDK\2016.2\lib\win64.o\libboost_chrono.dll
0x000007fef6370000 - 0x000007fef637b000 	C:\Xilinx\SDK\2016.2\lib\win64.o\libboost_xilinx.dll
0x000007fef25d0000 - 0x000007fef2650000 	C:\Xilinx\SDK\2016.2\lib\win64.o\libhdlpsolve.dll
0x000007fef1c50000 - 0x000007fef1cea000 	C:\Xilinx\SDK\2016.2\lib\win64.o\libhdxml.dll
0x000007feba9d0000 - 0x000007febae35e00 	C:\Xilinx\SDK\2016.2\lib\win64.o\libisl_iostreams.dll
0x000007fef45f0000 - 0x000007fef4606000 	C:\Xilinx\SDK\2016.2\lib\win64.o\libboost_iostreams.dll
0x000007fef2e30000 - 0x000007fef2e53000 	C:\Xilinx\SDK\2016.2\lib\win64.o\librdizlib.dll
0x000007fef2e00000 - 0x000007fef2e23000 	C:\Xilinx\SDK\2016.2\lib\win64.o\libisl_iosutils.dll
0x000007fef4460000 - 0x000007fef4475000 	C:\Xilinx\SDK\2016.2\lib\win64.o\pthreadVC2.dll
0x000007fef1bf0000 - 0x000007fef1c44000 	C:\Xilinx\SDK\2016.2\lib\win64.o\librdi_commonxillic.dll
0x000007febbed0000 - 0x000007febc000000 	C:\Xilinx\SDK\2016.2\lib\win64.o\librdi_curl.dll
0x000007fef4430000 - 0x000007fef4448000 	C:\Xilinx\SDK\2016.2\lib\win64.o\librdiconfig.dll
0x0000000073610000 - 0x0000000073737000 	C:\Xilinx\SDK\2016.2\lib\win64.o\tcl85t.dll
0x0000000027c30000 - 0x0000000027e93000 	C:\Xilinx\SDK\2016.2\lib\win64.o\xerces-c_3_1.dll
0x000007feff6c0000 - 0x000007feff846000 	C:\Windows\system32\urlmon.dll
0x000007fefd910000 - 0x000007fefd914000 	C:\Windows\system32\api-ms-win-downlevel-ole32-l1-1-0.dll
0x000007fee98d0000 - 0x000007fee98f3000 	C:\Windows\system32\VCOMP110.DLL
0x000007feb9ac0000 - 0x000007feb9cb2000 	C:\Xilinx\SDK\2016.2\lib\win64.o\librdi_hsm.dll
0x000007fef2580000 - 0x000007fef25c3000 	C:\Xilinx\SDK\2016.2\lib\win64.o\librdi_hdf.dll
0x000007feb9830000 - 0x000007feb9ab1000 	C:\Xilinx\SDK\2016.2\lib\win64.o\librdi_ippcw.dll
0x000007fef2560000 - 0x000007fef2576000 	C:\Xilinx\SDK\2016.2\eclipse\win64.o\plugins\org.eclipse.cdt.core.win32.x86_64_5.4.0.201509131935\os\win32\x86_64\spawner.dll
0x0000000071080000 - 0x00000000710a6000 	C:\Xilinx\SDK\2016.2\eclipse\win64.o\plugins\gnu.io.rxtx.win32.x86_64_2.1.7.3_v20071015\os\win32\x86_64\rxtxSerial.dll
0x0000000071100000 - 0x0000000071125000 	C:\Users\dezfoul2\.jssc\windows\jSSC-2.8_x86_64.dll
0x000007fef5c80000 - 0x000007fef5c8a000 	C:\Xilinx\SDK\2016.2\lib\win64.o\librdi_jtag_settings.dll
0x000007fef1b00000 - 0x000007fef1b29000 	C:\Xilinx\SDK\2016.2\lib\win64.o\librdi_debug_dialog.dll
0x000007fef4450000 - 0x000007fef4458000 	C:\Xilinx\SDK\2016.2\lib\win64.o\librdi_target_manager.dll
0x000007fef3b80000 - 0x000007fef4390000 	C:\Xilinx\SDK\2016.2\lib\win64.o\libXil_lmgr11FNP.dll

VM Arguments:
jvm_args: -Dcom.xilinx.sdk.args.hwspec=W:/ece532/src/hdmi.sdk/hdmi_wrapper.hdf -Xms64m -Xmx512m & 
java_command: <unknown>
java_class_path (initial): C:\Xilinx\SDK\2016.2\eclipse\win64.o\\plugins/org.eclipse.equinox.launcher_1.3.100.v20150511-1540.jar
Launcher Type: generic

Environment Variables:
PATH=C:/Xilinx/SDK/2016.2/tps/win64/jre/bin/server;C:/Xilinx/SDK/2016.2/tps/win64/jre/bin;C:/Xilinx/SDK/2016.2/tps/win64/jre/lib/amd64;C:\Xilinx\SDK\2016.2\gnuwin\bin;C:\Xilinx\SDK\2016.2\gnu\microblaze\nt\bin;C:\Xilinx\SDK\2016.2\gnu\microblaze\linux_toolchain\nt64_le\bin;C:\Xilinx\SDK\2016.2\gnu\microblaze\linux_toolchain\nt64_be\bin;C:\Xilinx\SDK\2016.2\gnu\arm\nt\bin;C:\Xilinx\SDK\2016.2\gnu\aarch64\nt\aarch64-none\bin;C:\Xilinx\SDK\2016.2\gnu\aarch64\nt\aarch64-linux\bin;C:\Xilinx\SDK\2016.2\gnu\armr5\nt\gcc-arm-none-eabi\bin;C:\Xilinx\SDK\2016.2\gnu\aarch32\nt\gcc-arm-none-eabi\bin;C:\Xilinx\SDK\2016.2\gnu\aarch32\nt\gcc-arm-linux-gnueabi\bin;C:\Xilinx\SDK\2016.2\tps\win64\cmake-3.3.2\bin;;C:\Xilinx\SDK\2016.2\bin;C:\Xilinx\SDK\2016.2\lib\win64.o;C:\Xilinx\SDK\2016.2\tps\win64\jre\bin\server;C:\Xilinx\SDK\2016.2\tps\win64\jre\bin;C:\Xilinx\Vivado\2016.2\ids_lite\ISE\bin\nt64;C:\Xilinx\Vivado\2016.2\ids_lite\ISE\lib\nt64;C:\Xilinx\Vivado\2016.2\bin;C:\Xilinx\Vivado\2016.2\lib\win64.o;C:\Xilinx\Vivado\2016.2\tps\win64\jre\bin\server;C:\Xilinx\Vivado\2016.2\tps\win64\jre\bin;C:\Xilinx\Vivado_HLS\2016.2\bin;C:\Windows\system32;C:\Windows;C:\Windows\System32\Wbem;C:\Windows\System32\WindowsPowerShell\v1.0\;C:\Program Files (x86)\Java\jre6\bin;C:\Program Files (x86)\eclipse;C:\altera\16.0\quartus\bin64;c:\altera\16.0\quartus\bin64\jre64\bin;w:\ece532\src;
USERNAME=dezfoul2
OS=Windows_NT
PROCESSOR_IDENTIFIER=Intel64 Family 6 Model 60 Stepping 3, GenuineIntel



---------------  S Y S T E M  ---------------

OS: Windows 7 , 64 bit Build 7601 (6.1.7601.23418)

CPU:total 8 (4 cores per cpu, 2 threads per core) family 6 model 60 stepping 3, cmov, cx8, fxsr, mmx, sse, sse2, sse3, ssse3, sse4.1, sse4.2, popcnt, avx, avx2, aes, clmul, erms, lzcnt, ht, tsc, tscinvbit, bmi1, bmi2

Memory: 4k page, physical 16683160k(10948244k free), swap 33364460k(27223860k free)

vm_info: Java HotSpot(TM) 64-Bit Server VM (25.66-b18) for windows-amd64 JRE (1.8.0_66-b18), built on Nov  9 2015 10:51:13 by "java_re" with MS VC++ 10.0 (VS2010)

time: Fri Mar 24 16:21:56 2017
elapsed time: 1391 seconds (0d 0h 23m 11s)

