#
# A fatal error has been detected by the Java Runtime Environment:
#
#  EXCEPTION_UNCAUGHT_CXX_EXCEPTION (0xe06d7363) at pc=0x000007fefd0aa06d, pid=4452, tid=5100
#
# JRE version: Java(TM) SE Runtime Environment (8.0_66-b18) (build 1.8.0_66-b18)
# Java VM: Java HotSpot(TM) 64-Bit Server VM (25.66-b18 mixed mode windows-amd64 compressed oops)
# Problematic frame:
# C  [KERNELBASE.dll+0x1a06d]
#
# Failed to write core dump. Minidumps are not enabled by default on client versions of Windows
#
# If you would like to submit a bug report, please visit:
#   http://bugreport.java.com/bugreport/crash.jsp
#

---------------  T H R E A D  ---------------

Current thread (0x0000000014e62800):  VMThread [stack: 0x0000000015db0000,0x0000000015eb0000] [id=5100]

siginfo: ExceptionCode=0xe06d7363, ExceptionInformation=0x0000000019930520 0x0000000015eaf4c8 0x000007feeb9f2cb8 0x000007feeb940000 

Registers:
RAX=0x0000000066a00f7c, RBX=0x000007feeb9f2cb8, RCX=0x0000000015eaed10, RDX=0x00000000000000d0
RSP=0x0000000015eaf320, RBP=0x0000000015eaf450, RSI=0x00000000ffffffff, RDI=0x0000000028e08a30
R8 =0x0000000000000000, R9 =0x0000000000000000, R10=0x000007feeb940000, R11=0x0000000015eaf360
R12=0x0000000000000001, R13=0x0000000000000008, R14=0x0000000000000000, R15=0xffffffffffffffff
RIP=0x000007fefd0aa06d, EFLAGS=0x0000000000000202

Top of Stack: (sp=0x0000000015eaf320)
0x0000000015eaf320:   000007feeb9f2cb8 00000000ffffffff
0x0000000015eaf330:   0000000028e08a30 0000000000266c50
0x0000000015eaf340:   00000001e06d7363 0000000000000000
0x0000000015eaf350:   000007fefd0aa06d 000007fe00000004
0x0000000015eaf360:   0000000019930520 0000000015eaf4c8
0x0000000015eaf370:   000007feeb9f2cb8 000007feeb940000
0x0000000015eaf380:   0000000000000000 0000000015eaf408
0x0000000015eaf390:   0000000000000028 0000000028e08a20
0x0000000015eaf3a0:   00000000174db3d0 0000000000000000
0x0000000015eaf3b0:   000007fffffa8000 000000007704f2d3
0x0000000015eaf3c0:   0000000000000000 0000000000000008
0x0000000015eaf3d0:   0000000000000001 0000000028e08a30
0x0000000015eaf3e0:   00000000ffffffff 000007feeb99e92c
0x0000000015eaf3f0:   000007feeb9f2cb8 0000000015eaf460
0x0000000015eaf400:   0000000000000001 000007feeb9400f8
0x0000000015eaf410:   00000001e06d7363 0000000000000000 

Instructions: (pc=0x000007fefd0aa06d)
0x000007fefd0aa04d:   54 24 24 48 89 4c 24 28 4d 85 c9 0f 85 6a 03 00
0x000007fefd0aa05d:   00 89 4c 24 38 48 8d 4c 24 20 ff 15 33 02 03 00
0x000007fefd0aa06d:   48 81 c4 c8 00 00 00 c3 90 90 90 90 90 90 90 90
0x000007fefd0aa07d:   90 90 90 48 83 ec 28 65 48 8b 04 25 30 00 00 00 


Register to memory mapping:

RAX=0x0000000066a00f7c is an unknown value
RBX=0x000007feeb9f2cb8 is an unknown value
RCX=0x0000000015eaed10 is an unknown value
RDX=0x00000000000000d0 is an unknown value
RSP=0x0000000015eaf320 is an unknown value
RBP=0x0000000015eaf450 is an unknown value
RSI=0x00000000ffffffff is an unknown value
RDI=0x0000000028e08a30 is an unknown value
R8 =0x0000000000000000 is an unknown value
R9 =0x0000000000000000 is an unknown value
R10=0x000007feeb940000 is an unknown value
R11=0x0000000015eaf360 is an unknown value
R12=0x0000000000000001 is an unknown value
R13=0x0000000000000008 is an unknown value
R14=0x0000000000000000 is an unknown value
R15=0xffffffffffffffff is an unknown value


Stack: [0x0000000015db0000,0x0000000015eb0000],  sp=0x0000000015eaf320,  free space=1020k
Native frames: (J=compiled Java code, j=interpreted, Vv=VM code, C=native code)
C  [KERNELBASE.dll+0x1a06d]
C  [MSVCR110.dll+0x5e92c]
C  [MSVCR110.dll+0x1315c]
C  [MSVCR110.dll+0x136a9]
C  [MSVCR110.dll+0x13e9c]
C  [MSVCR110.dll+0x239e]
C  [MSVCR110.dll+0xaf9e]
C  [MSVCP110.dll+0x397b9]
C  [librdi_common.dll+0x182316]
C  [librdi_common.dll+0x180fab]
C  [librdi_target_manager.dll+0x2400]
C  [librdi_target_manager.dll+0x2682]
C  [ntdll.dll+0x229b1]
C  [ntdll.dll+0x227c0]
C  [MSVCR100.dll+0x20ccd]
V  [jvm.dll+0x210cc5]
V  [jvm.dll+0x249897]
V  [jvm.dll+0x248b36]
V  [jvm.dll+0x248fd1]
V  [jvm.dll+0x2491ee]
V  [jvm.dll+0x29a0fa]
C  [MSVCR100.dll+0x21d9f]
C  [MSVCR100.dll+0x21e3b]
C  [kernel32.dll+0x159bd]
C  [ntdll.dll+0x2a2e1]

VM_Operation (0x000000000012f4c0): Exit, mode: safepoint, requested by thread 0x0000000002328000


---------------  P R O C E S S  ---------------

Java Threads: ( => current thread )
  0x000000001c7b8000 JavaThread "pool-2-thread-3" [_thread_blocked, id=3208, stack(0x0000000029350000,0x0000000029450000)]
  0x0000000017ad8000 JavaThread "pool-2-thread-2" [_thread_blocked, id=4012, stack(0x00000000270c0000,0x00000000271c0000)]
  0x0000000017ad5000 JavaThread "pool-2-thread-1" [_thread_blocked, id=3480, stack(0x0000000029450000,0x0000000029550000)]
  0x000000001bedf800 JavaThread "Thread-41" daemon [_thread_blocked, id=4196, stack(0x0000000029250000,0x0000000029350000)]
  0x000000001bee1800 JavaThread "TCF Channel Transmitter" daemon [_thread_blocked, id=3960, stack(0x00000000279c0000,0x0000000027ac0000)]
  0x000000001bee1000 JavaThread "TCF Channel Receiver" daemon [_thread_blocked, id=3536, stack(0x0000000027630000,0x0000000027730000)]
  0x000000001bedb800 JavaThread "Process monitor" daemon [_thread_in_native, id=4996, stack(0x0000000026830000,0x0000000026930000)]
  0x000000001bedb000 JavaThread "Input Stream Monitor" daemon [_thread_blocked, id=5844, stack(0x0000000025eb0000,0x0000000025fb0000)]
  0x000000001beda000 JavaThread "Output Stream Monitor" daemon [_thread_in_native, id=692, stack(0x0000000025db0000,0x0000000025eb0000)]
  0x000000001bed9800 JavaThread "Output Stream Monitor" daemon [_thread_in_native, id=5464, stack(0x0000000025cb0000,0x0000000025db0000)]
  0x0000000017add800 JavaThread "TCF Locator DNS Lookup" daemon [_thread_blocked, id=4188, stack(0x0000000024720000,0x0000000024820000)]
  0x0000000017add000 JavaThread "TCF Locator Timer" daemon [_thread_blocked, id=4928, stack(0x0000000023620000,0x0000000023720000)]
  0x0000000017adc000 JavaThread "TCF Locator Receiver" daemon [_thread_blocked, id=4784, stack(0x0000000022290000,0x0000000022390000)]
  0x0000000017ada800 JavaThread "TCF Timer Dispatcher" daemon [_thread_blocked, id=5516, stack(0x0000000021c60000,0x0000000021d60000)]
  0x0000000017aba800 JavaThread "EMF Reference Cleaner" daemon [_thread_blocked, id=5244, stack(0x00000000195e0000,0x00000000196e0000)]
  0x0000000014f50000 JavaThread "Service Thread" daemon [_thread_blocked, id=1080, stack(0x0000000016770000,0x0000000016870000)]
  0x0000000013cfe000 JavaThread "C1 CompilerThread3" daemon [_thread_blocked, id=4340, stack(0x0000000016670000,0x0000000016770000)]
  0x0000000013cfd000 JavaThread "C2 CompilerThread2" daemon [_thread_blocked, id=5476, stack(0x0000000016570000,0x0000000016670000)]
  0x0000000014ec0000 JavaThread "C2 CompilerThread1" daemon [_thread_blocked, id=6116, stack(0x0000000016470000,0x0000000016570000)]
  0x0000000014eb9000 JavaThread "C2 CompilerThread0" daemon [_thread_blocked, id=3576, stack(0x0000000016370000,0x0000000016470000)]
  0x0000000014eb5000 JavaThread "Attach Listener" daemon [_thread_blocked, id=1248, stack(0x0000000016270000,0x0000000016370000)]
  0x0000000014eb3800 JavaThread "Signal Dispatcher" daemon [_thread_blocked, id=4400, stack(0x0000000016170000,0x0000000016270000)]
  0x0000000013cee000 JavaThread "Finalizer" daemon [_thread_blocked, id=5840, stack(0x0000000015fb0000,0x00000000160b0000)]
  0x0000000013ce6800 JavaThread "Reference Handler" daemon [_thread_blocked, id=5732, stack(0x0000000015eb0000,0x0000000015fb0000)]
  0x0000000002328000 JavaThread "main" [_thread_blocked, id=4204, stack(0x0000000000030000,0x0000000000130000)]

Other Threads:
=>0x0000000014e62800 VMThread [stack: 0x0000000015db0000,0x0000000015eb0000] [id=5100]

VM state:at safepoint (shutting down)

VM Mutex/Monitor currently owned by a thread:  ([mutex/lock_event])
[0x000000000049e2f0] Threads_lock - owner thread: 0x0000000014e62800

Heap:
 PSYoungGen      total 158208K, used 141980K [0x00000000f5580000, 0x0000000100000000, 0x0000000100000000)
  eden space 143360K, 88% used [0x00000000f5580000,0x00000000fd1d4c18,0x00000000fe180000)
  from space 14848K, 98% used [0x00000000fe180000,0x00000000fefd2440,0x00000000ff000000)
  to   space 16384K, 0% used [0x00000000ff000000,0x00000000ff000000,0x0000000100000000)
 ParOldGen       total 210432K, used 61292K [0x00000000e0000000, 0x00000000ecd80000, 0x00000000f5580000)
  object space 210432K, 29% used [0x00000000e0000000,0x00000000e3bdb128,0x00000000ecd80000)
 Metaspace       used 94859K, capacity 102420K, committed 102576K, reserved 1138688K
  class space    used 11361K, capacity 13673K, committed 13744K, reserved 1048576K

Card table byte_map: [0x00000000118f0000,0x0000000011a00000] byte_map_base: 0x00000000111f0000

Marking Bits: (ParMarkBitMap*) 0x00000000709ea5b0
 Begin Bits: [0x0000000012200000, 0x0000000012a00000)
 End Bits:   [0x0000000012a00000, 0x0000000013200000)

Polling page: 0x0000000000470000

CodeCache: size=245760Kb used=48938Kb max_used=49636Kb free=196821Kb
 bounds [0x0000000002530000, 0x0000000005610000, 0x0000000011530000]
 total_blobs=14098 nmethods=13177 adapters=828
 compilation: enabled

Compilation events (10 events):
Event: 1204.101 Thread 0x0000000013cfe000 nmethod 17455 0x00000000042c2790 code [0x00000000042c28e0, 0x00000000042c29f0]
Event: 1204.101 Thread 0x0000000013cfe000 17447       3       org.eclipse.osgi.container.ModuleWiring::unload (6 bytes)
Event: 1204.102 Thread 0x0000000013cfe000 nmethod 17447 0x0000000004199c50 code [0x0000000004199dc0, 0x0000000004199f48]
Event: 1204.102 Thread 0x0000000013cfe000 17448       3       org.eclipse.osgi.container.ModuleWiring::invalidate0 (52 bytes)
Event: 1204.102 Thread 0x0000000013cfe000 nmethod 17448 0x00000000034fb1d0 code [0x00000000034fb380, 0x00000000034fbd28]
Event: 1204.102 Thread 0x0000000013cfe000 17456       3       org.eclipse.osgi.internal.framework.EquinoxContainerAdaptor::clearManifestCache (84 bytes)
Event: 1204.103 Thread 0x0000000013cfe000 nmethod 17456 0x0000000003295f10 code [0x0000000003296160, 0x0000000003297878]
Event: 1204.103 Thread 0x0000000013cfe000 17449       3       org.eclipse.osgi.internal.container.AtomicLazyInitializer::getAndClear (9 bytes)
Event: 1204.103 Thread 0x0000000013cfe000 nmethod 17449 0x000000000281e450 code [0x000000000281e5c0, 0x000000000281e810]
Event: 1204.103 Thread 0x0000000013cfe000 17450       3       java.util.concurrent.atomic.AtomicReference::getAndSet (12 bytes)

GC Heap History (10 events):
Event: 1048.053 GC heap before
{Heap before GC invocations=3314 (full 10):
 PSYoungGen      total 150016K, used 143872K [0x00000000f5580000, 0x0000000100000000, 0x0000000100000000)
  eden space 143872K, 100% used [0x00000000f5580000,0x00000000fe200000,0x00000000fe200000)
  from space 6144K, 0% used [0x00000000fe200000,0x00000000fe200000,0x00000000fe800000)
  to   space 15872K, 0% used [0x00000000ff080000,0x00000000ff080000,0x0000000100000000)
 ParOldGen       total 210432K, used 66717K [0x00000000e0000000, 0x00000000ecd80000, 0x00000000f5580000)
  object space 210432K, 31% used [0x00000000e0000000,0x00000000e4127708,0x00000000ecd80000)
 Metaspace       used 92916K, capacity 100538K, committed 100912K, reserved 1136640K
  class space    used 11187K, capacity 13568K, committed 13616K, reserved 1048576K
Event: 1048.061 GC heap after
Heap after GC invocations=3314 (full 10):
 PSYoungGen      total 159232K, used 8306K [0x00000000f5580000, 0x0000000100000000, 0x0000000100000000)
  eden space 143360K, 0% used [0x00000000f5580000,0x00000000f5580000,0x00000000fe180000)
  from space 15872K, 52% used [0x00000000ff080000,0x00000000ff89ca58,0x0000000100000000)
  to   space 15360K, 0% used [0x00000000fe180000,0x00000000fe180000,0x00000000ff080000)
 ParOldGen       total 210432K, used 66717K [0x00000000e0000000, 0x00000000ecd80000, 0x00000000f5580000)
  object space 210432K, 31% used [0x00000000e0000000,0x00000000e4127708,0x00000000ecd80000)
 Metaspace       used 92916K, capacity 100538K, committed 100912K, reserved 1136640K
  class space    used 11187K, capacity 13568K, committed 13616K, reserved 1048576K
}
Event: 1081.015 GC heap before
{Heap before GC invocations=3315 (full 10):
 PSYoungGen      total 159232K, used 149771K [0x00000000f5580000, 0x0000000100000000, 0x0000000100000000)
  eden space 143360K, 98% used [0x00000000f5580000,0x00000000fdfa62a8,0x00000000fe180000)
  from space 15872K, 52% used [0x00000000ff080000,0x00000000ff89ca58,0x0000000100000000)
  to   space 15360K, 0% used [0x00000000fe180000,0x00000000fe180000,0x00000000ff080000)
 ParOldGen       total 210432K, used 66717K [0x00000000e0000000, 0x00000000ecd80000, 0x00000000f5580000)
  object space 210432K, 31% used [0x00000000e0000000,0x00000000e4127708,0x00000000ecd80000)
 Metaspace       used 93309K, capacity 100730K, committed 100912K, reserved 1136640K
  class space    used 11232K, capacity 13568K, committed 13616K, reserved 1048576K
Event: 1081.020 GC heap after
Heap after GC invocations=3315 (full 10):
 PSYoungGen      total 158720K, used 11828K [0x00000000f5580000, 0x00000000fff80000, 0x0000000100000000)
  eden space 143360K, 0% used [0x00000000f5580000,0x00000000f5580000,0x00000000fe180000)
  from space 15360K, 77% used [0x00000000fe180000,0x00000000fed0d1e0,0x00000000ff080000)
  to   space 15360K, 0% used [0x00000000ff080000,0x00000000ff080000,0x00000000fff80000)
 ParOldGen       total 210432K, used 66725K [0x00000000e0000000, 0x00000000ecd80000, 0x00000000f5580000)
  object space 210432K, 31% used [0x00000000e0000000,0x00000000e4129708,0x00000000ecd80000)
 Metaspace       used 93309K, capacity 100730K, committed 100912K, reserved 1136640K
  class space    used 11232K, capacity 13568K, committed 13616K, reserved 1048576K
}
Event: 1096.214 GC heap before
{Heap before GC invocations=3316 (full 10):
 PSYoungGen      total 158720K, used 79008K [0x00000000f5580000, 0x00000000fff80000, 0x0000000100000000)
  eden space 143360K, 46% used [0x00000000f5580000,0x00000000f971b200,0x00000000fe180000)
  from space 15360K, 77% used [0x00000000fe180000,0x00000000fed0d1e0,0x00000000ff080000)
  to   space 15360K, 0% used [0x00000000ff080000,0x00000000ff080000,0x00000000fff80000)
 ParOldGen       total 210432K, used 66725K [0x00000000e0000000, 0x00000000ecd80000, 0x00000000f5580000)
  object space 210432K, 31% used [0x00000000e0000000,0x00000000e4129708,0x00000000ecd80000)
 Metaspace       used 93456K, capacity 100992K, committed 101168K, reserved 1136640K
  class space    used 11243K, capacity 13569K, committed 13616K, reserved 1048576K
Event: 1096.220 GC heap after
Heap after GC invocations=3316 (full 10):
 PSYoungGen      total 158720K, used 6600K [0x00000000f5580000, 0x00000000fff80000, 0x0000000100000000)
  eden space 143360K, 0% used [0x00000000f5580000,0x00000000f5580000,0x00000000fe180000)
  from space 15360K, 42% used [0x00000000ff080000,0x00000000ff6f2250,0x00000000fff80000)
  to   space 15360K, 0% used [0x00000000fe180000,0x00000000fe180000,0x00000000ff080000)
 ParOldGen       total 210432K, used 66733K [0x00000000e0000000, 0x00000000ecd80000, 0x00000000f5580000)
  object space 210432K, 31% used [0x00000000e0000000,0x00000000e412b708,0x00000000ecd80000)
 Metaspace       used 93456K, capacity 100992K, committed 101168K, reserved 1136640K
  class space    used 11243K, capacity 13569K, committed 13616K, reserved 1048576K
}
Event: 1096.220 GC heap before
{Heap before GC invocations=3317 (full 11):
 PSYoungGen      total 158720K, used 6600K [0x00000000f5580000, 0x00000000fff80000, 0x0000000100000000)
  eden space 143360K, 0% used [0x00000000f5580000,0x00000000f5580000,0x00000000fe180000)
  from space 15360K, 42% used [0x00000000ff080000,0x00000000ff6f2250,0x00000000fff80000)
  to   space 15360K, 0% used [0x00000000fe180000,0x00000000fe180000,0x00000000ff080000)
 ParOldGen       total 210432K, used 66733K [0x00000000e0000000, 0x00000000ecd80000, 0x00000000f5580000)
  object space 210432K, 31% used [0x00000000e0000000,0x00000000e412b708,0x00000000ecd80000)
 Metaspace       used 93456K, capacity 100992K, committed 101168K, reserved 1136640K
  class space    used 11243K, capacity 13569K, committed 13616K, reserved 1048576K
Event: 1096.497 GC heap after
Heap after GC invocations=3317 (full 11):
 PSYoungGen      total 158720K, used 0K [0x00000000f5580000, 0x00000000fff80000, 0x0000000100000000)
  eden space 143360K, 0% used [0x00000000f5580000,0x00000000f5580000,0x00000000fe180000)
  from space 15360K, 0% used [0x00000000ff080000,0x00000000ff080000,0x00000000fff80000)
  to   space 15360K, 0% used [0x00000000fe180000,0x00000000fe180000,0x00000000ff080000)
 ParOldGen       total 210432K, used 61292K [0x00000000e0000000, 0x00000000ecd80000, 0x00000000f5580000)
  object space 210432K, 29% used [0x00000000e0000000,0x00000000e3bdb128,0x00000000ecd80000)
 Metaspace       used 93456K, capacity 100992K, committed 101168K, reserved 1136640K
  class space    used 11243K, capacity 13569K, committed 13616K, reserved 1048576K
}
Event: 1152.077 GC heap before
{Heap before GC invocations=3318 (full 11):
 PSYoungGen      total 158720K, used 139467K [0x00000000f5580000, 0x00000000fff80000, 0x0000000100000000)
  eden space 143360K, 97% used [0x00000000f5580000,0x00000000fddb2de8,0x00000000fe180000)
  from space 15360K, 0% used [0x00000000ff080000,0x00000000ff080000,0x00000000fff80000)
  to   space 15360K, 0% used [0x00000000fe180000,0x00000000fe180000,0x00000000ff080000)
 ParOldGen       total 210432K, used 61292K [0x00000000e0000000, 0x00000000ecd80000, 0x00000000f5580000)
  object space 210432K, 29% used [0x00000000e0000000,0x00000000e3bdb128,0x00000000ecd80000)
 Metaspace       used 93780K, capacity 101388K, committed 101680K, reserved 1136640K
  class space    used 11246K, capacity 13571K, committed 13616K, reserved 1048576K
Event: 1152.082 GC heap after
Heap after GC invocations=3318 (full 11):
 PSYoungGen      total 158208K, used 14665K [0x00000000f5580000, 0x0000000100000000, 0x0000000100000000)
  eden space 143360K, 0% used [0x00000000f5580000,0x00000000f5580000,0x00000000fe180000)
  from space 14848K, 98% used [0x00000000fe180000,0x00000000fefd2440,0x00000000ff000000)
  to   space 16384K, 0% used [0x00000000ff000000,0x00000000ff000000,0x0000000100000000)
 ParOldGen       total 210432K, used 61292K [0x00000000e0000000, 0x00000000ecd80000, 0x00000000f5580000)
  object space 210432K, 29% used [0x00000000e0000000,0x00000000e3bdb128,0x00000000ecd80000)
 Metaspace       used 93780K, capacity 101388K, committed 101680K, reserved 1136640K
  class space    used 11246K, capacity 13571K, committed 13616K, reserved 1048576K
}

Deoptimization events (10 events):
Event: 1204.037 Thread 0x000000001a182000 Uncommon trap: reason=unstable_if action=reinterpret pc=0x0000000003d987c0 method=org.eclipse.swt.widgets.Display.getSystemFont()Lorg/eclipse/swt/graphics/Font; @ 8
Event: 1204.038 Thread 0x000000001a182000 Uncommon trap: reason=unstable_if action=reinterpret pc=0x000000000359ff50 method=org.eclipse.osgi.internal.hooks.EclipseLazyStarter.shouldActivateFor(Ljava/lang/String;Lorg/eclipse/osgi/container/Module;Lorg/eclipse/osgi/container/ModuleRevision;Lorg/ecliaX'Ð’@
Event: 1204.038 Thread 0x000000001a182000 Uncommon trap: reason=class_check action=maybe_recompile pc=0x0000000004827cec method=org.eclipse.swt.widgets.Display.asyncExec(Ljava/lang/Runnable;)V @ 23
Event: 1204.038 Thread 0x000000001a182000 Uncommon trap: reason=class_check action=maybe_recompile pc=0x0000000004827cec method=org.eclipse.swt.widgets.Display.asyncExec(Ljava/lang/Runnable;)V @ 23
Event: 1204.056 Thread 0x000000001a182000 Uncommon trap: reason=bimorphic action=maybe_recompile pc=0x0000000004c9285c method=org.eclipse.core.internal.dtree.AbstractDataTreeNode.assembleWith([Lorg/eclipse/core/internal/dtree/AbstractDataTreeNode;[Lorg/eclipse/core/internal/dtree/AbstractDataTreeNaà8Ð’@
Event: 1204.056 Thread 0x000000001a182000 Uncommon trap: reason=bimorphic action=maybe_recompile pc=0x0000000004c9285c method=org.eclipse.core.internal.dtree.AbstractDataTreeNode.assembleWith([Lorg/eclipse/core/internal/dtree/AbstractDataTreeNode;[Lorg/eclipse/core/internal/dtree/AbstractDataTreeN
Event: 1204.056 Thread 0x000000001a182000 Uncommon trap: reason=bimorphic action=maybe_recompile pc=0x0000000004c9285c method=org.eclipse.core.internal.dtree.AbstractDataTreeNode.assembleWith([Lorg/eclipse/core/internal/dtree/AbstractDataTreeNode;[Lorg/eclipse/core/internal/dtree/AbstractDataTreeN7]œå8Ð’@
Event: 1204.056 Thread 0x000000001a182000 Uncommon trap: reason=bimorphic action=maybe_recompile pc=0x0000000004c9285c method=org.eclipse.core.internal.dtree.AbstractDataTreeNode.assembleWith([Lorg/eclipse/core/internal/dtree/AbstractDataTreeNode;[Lorg/eclipse/core/internal/dtree/AbstractDataTreeNlÃpSÐ’@
Event: 1204.081 Thread 0x000000001779b000 Uncommon trap: reason=unstable_if action=reinterpret pc=0x000000000346fb5c method=org.eclipse.osgi.internal.framework.BundleContextImpl.dispatchEvent(Ljava/lang/Object;Ljava/lang/Object;ILjava/lang/Object;)V @ 16
Event: 1204.085 Thread 0x000000001bed5000 Uncommon trap: reason=unstable_if action=reinterpret pc=0x0000000004b539fc method=org.eclipse.core.internal.jobs.JobManager.nextJob()Lorg/eclipse/core/runtime/jobs/Job; @ 80

Internal exceptions (10 events):
Event: 1202.639 Thread 0x0000000002328000 Implicit null exception at 0x0000000003b0ae04 to 0x0000000003b0b655
Event: 1202.654 Thread 0x0000000002328000 Implicit null exception at 0x0000000003da1aa0 to 0x0000000003da1fed
Event: 1203.442 Thread 0x0000000002328000 Implicit null exception at 0x0000000002b5d329 to 0x0000000002b5fc39
Event: 1203.484 Thread 0x000000001a1b8800 Exception <a 'java/lang/InterruptedException'> (0x00000000fcb4bb58) thrown at [C:\re\workspace\8-2-build-windows-amd64-cygwin\jdk8u66\5298\hotspot\src\share\vm\runtime\objectMonitor.cpp, line 1683]
Event: 1203.485 Thread 0x000000001bee0000 Implicit null exception at 0x00000000054fa917 to 0x00000000054fc169
Event: 1203.512 Thread 0x000000001a182000 Implicit null exception at 0x0000000002b7b72d to 0x0000000002b7b89d
Event: 1204.084 Thread 0x0000000017ad6800 Exception <a 'java/lang/InterruptedException'> (0x00000000fc644af8) thrown at [C:\re\workspace\8-2-build-windows-amd64-cygwin\jdk8u66\5298\hotspot\src\share\vm\runtime\objectMonitor.cpp, line 1683]
Event: 1204.098 Thread 0x000000001779b000 Exception <a 'java/lang/InterruptedException'> (0x00000000fced2470) thrown at [C:\re\workspace\8-2-build-windows-amd64-cygwin\jdk8u66\5298\hotspot\src\share\vm\runtime\objectMonitor.cpp, line 1683]
Event: 1204.100 Thread 0x0000000017ad3800 Exception <a 'java/lang/InterruptedException'> (0x00000000fbd06d30) thrown at [C:\re\workspace\8-2-build-windows-amd64-cygwin\jdk8u66\5298\hotspot\src\share\vm\runtime\objectMonitor.cpp, line 1683]
Event: 1204.100 Thread 0x0000000016f69000 Exception <a 'java/lang/InterruptedException'> (0x00000000fd0ecb20) thrown at [C:\re\workspace\8-2-build-windows-amd64-cygwin\jdk8u66\5298\hotspot\src\share\vm\runtime\objectMonitor.cpp, line 1683]

Events (10 events):
Event: 1204.102 Thread 0x000000001a182000 Thread exited: 0x000000001a182000
Event: 1204.102 loading class java/util/IdentityHashMap$KeySet
Event: 1204.102 loading class java/util/IdentityHashMap$KeySet done
Event: 1204.102 loading class java/util/IdentityHashMap$KeyIterator
Event: 1204.102 loading class java/util/IdentityHashMap$IdentityHashMapIterator
Event: 1204.102 loading class java/util/IdentityHashMap$IdentityHashMapIterator done
Event: 1204.102 loading class java/util/IdentityHashMap$KeyIterator done
Event: 1204.102 Thread 0x000000001a182000 Thread added: 0x000000001a182000
Event: 1204.103 Thread 0x000000001a182000 Thread exited: 0x000000001a182000
Event: 1204.103 Executing VM operation: Exit


Dynamic libraries:
0x0000000000400000 - 0x000000000044f000 	C:\Xilinx\SDK\2016.2\eclipse\win64.o\eclipse.exe
0x0000000077000000 - 0x00000000771aa000 	C:\Windows\SYSTEM32\ntdll.dll
0x0000000076de0000 - 0x0000000076eff000 	C:\Windows\system32\kernel32.dll
0x000007fefd090000 - 0x000007fefd0fa000 	C:\Windows\system32\KERNELBASE.dll
0x0000000076f00000 - 0x0000000076ffa000 	C:\Windows\system32\USER32.dll
0x000007fefd870000 - 0x000007fefd8d7000 	C:\Windows\system32\GDI32.dll
0x000007fefe7a0000 - 0x000007fefe7ae000 	C:\Windows\system32\LPK.dll
0x000007fefd2b0000 - 0x000007fefd37a000 	C:\Windows\system32\USP10.dll
0x000007fefd7d0000 - 0x000007fefd86f000 	C:\Windows\system32\msvcrt.dll
0x000007fefb650000 - 0x000007fefb844000 	C:\Windows\WinSxS\amd64_microsoft.windows.common-controls_6595b64144ccf1df_6.0.7601.18837_none_fa3b1e3d17594757\COMCTL32.dll
0x000007feff290000 - 0x000007feff301000 	C:\Windows\system32\SHLWAPI.dll
0x000007fefd480000 - 0x000007fefd4ae000 	C:\Windows\system32\IMM32.DLL
0x000007fefe990000 - 0x000007fefea99000 	C:\Windows\system32\MSCTF.dll
0x0000000072000000 - 0x0000000072012000 	C:\Xilinx\SDK\2016.2\eclipse\win64.o\plugins\org.eclipse.equinox.launcher.win32.win32.x86_64_1.1.300.v20150602-1417\eclipse_1611.dll
0x000007fefef00000 - 0x000007fefefdb000 	C:\Windows\system32\ADVAPI32.dll
0x000007fefd460000 - 0x000007fefd47f000 	C:\Windows\SYSTEM32\sechost.dll
0x000007fefd120000 - 0x000007fefd24d000 	C:\Windows\system32\RPCRT4.dll
0x000007fefbdd0000 - 0x000007fefbddc000 	C:\Windows\system32\VERSION.dll
0x000007fefb5f0000 - 0x000007fefb646000 	C:\Windows\system32\UxTheme.dll
0x00000000701e0000 - 0x0000000070a69000 	C:\Xilinx\SDK\2016.2\tps\win64\jre\bin\server\jvm.dll
0x000007fef86f0000 - 0x000007fef86f9000 	C:\Windows\system32\WSOCK32.dll
0x000007fefd4b0000 - 0x000007fefd4fd000 	C:\Windows\system32\WS2_32.dll
0x000007fefe790000 - 0x000007fefe798000 	C:\Windows\system32\NSI.dll
0x000007fef9f10000 - 0x000007fef9f4b000 	C:\Windows\system32\WINMM.dll
0x00000000771d0000 - 0x00000000771d7000 	C:\Windows\system32\PSAPI.DLL
0x0000000071b50000 - 0x0000000071c22000 	C:\Windows\system32\MSVCR100.dll
0x0000000071690000 - 0x000000007169f000 	C:\Xilinx\SDK\2016.2\tps\win64\jre\bin\verify.dll
0x00000000714a0000 - 0x00000000714c9000 	C:\Xilinx\SDK\2016.2\tps\win64\jre\bin\java.dll
0x0000000071670000 - 0x0000000071686000 	C:\Xilinx\SDK\2016.2\tps\win64\jre\bin\zip.dll
0x000007fefda00000 - 0x000007fefe789000 	C:\Windows\system32\SHELL32.dll
0x000007feff080000 - 0x000007feff283000 	C:\Windows\system32\ole32.dll
0x000007fefcd40000 - 0x000007fefcd4f000 	C:\Windows\system32\profapi.dll
0x000007fefc540000 - 0x000007fefc558000 	C:\Windows\system32\CRYPTSP.dll
0x000007fefc240000 - 0x000007fefc287000 	C:\Windows\system32\rsaenh.dll
0x000007fefcfa0000 - 0x000007fefcfbe000 	C:\Windows\system32\USERENV.dll
0x000007fefcb40000 - 0x000007fefcb4f000 	C:\Windows\system32\CRYPTBASE.dll
0x0000000071480000 - 0x000000007149a000 	C:\Xilinx\SDK\2016.2\tps\win64\jre\bin\net.dll
0x000007fefc4e0000 - 0x000007fefc535000 	C:\Windows\system32\mswsock.dll
0x000007fefc4d0000 - 0x000007fefc4d7000 	C:\Windows\System32\wship6.dll
0x000007fefa450000 - 0x000007fefa477000 	C:\Windows\system32\IPHLPAPI.DLL
0x000007fefa430000 - 0x000007fefa43b000 	C:\Windows\system32\WINNSI.DLL
0x000007fefa260000 - 0x000007fefa271000 	C:\Windows\system32\dhcpcsvc6.DLL
0x000007fefa240000 - 0x000007fefa258000 	C:\Windows\system32\dhcpcsvc.DLL
0x0000000071460000 - 0x0000000071471000 	C:\Xilinx\SDK\2016.2\tps\win64\jre\bin\nio.dll
0x000007fef9960000 - 0x000007fef9975000 	C:\Windows\system32\NLAapi.dll
0x000007fef7a90000 - 0x000007fef7aa5000 	C:\Windows\system32\napinsp.dll
0x000007fef7ab0000 - 0x000007fef7ac9000 	C:\Windows\system32\pnrpnsp.dll
0x000007fefc360000 - 0x000007fefc3bb000 	C:\Windows\system32\DNSAPI.dll
0x000007fef7a80000 - 0x000007fef7a8b000 	C:\Windows\System32\winrnr.dll
0x000007fefbea0000 - 0x000007fefbea7000 	C:\Windows\System32\wshtcpip.dll
0x000007fef9dc0000 - 0x000007fef9dc8000 	C:\Windows\system32\rasadhlp.dll
0x000007fefa2f0000 - 0x000007fefa343000 	C:\Windows\System32\fwpuclnt.dll
0x00000000198e0000 - 0x0000000019988000 	C:\Users\dezfoul2\.Xilinx\SDK\2016.2\org.eclipse.osgi\312\0\.cp\swt-win32-4527.dll
0x000007fefd380000 - 0x000007fefd458000 	C:\Windows\system32\OLEAUT32.dll
0x000007fefd8e0000 - 0x000007fefd977000 	C:\Windows\system32\comdlg32.dll
0x000007fef63e0000 - 0x000007fef6451000 	C:\Windows\system32\WINSPOOL.DRV
0x000007fefeaa0000 - 0x000007fefed65000 	C:\Windows\system32\WININET.dll
0x000007fefcf50000 - 0x000007fefcf54000 	C:\Windows\system32\api-ms-win-downlevel-user32-l1-1-0.dll
0x000007fefcf00000 - 0x000007fefcf04000 	C:\Windows\system32\api-ms-win-downlevel-shlwapi-l1-1-0.dll
0x000007fefd080000 - 0x000007fefd084000 	C:\Windows\system32\api-ms-win-downlevel-version-l1-1-0.dll
0x000007fefcfc0000 - 0x000007fefcfc3000 	C:\Windows\system32\api-ms-win-downlevel-normaliz-l1-1-0.dll
0x00000000771c0000 - 0x00000000771c3000 	C:\Windows\system32\normaliz.DLL
0x000007fefd500000 - 0x000007fefd7c9000 	C:\Windows\system32\iertutil.dll
0x000007fefcd80000 - 0x000007fefcd85000 	C:\Windows\system32\api-ms-win-downlevel-advapi32-l1-1-0.dll
0x000007fefcd90000 - 0x000007fefcefd000 	C:\Windows\system32\CRYPT32.dll
0x000007fefcd50000 - 0x000007fefcd5f000 	C:\Windows\system32\MSASN1.dll
0x000007fefb0c0000 - 0x000007fefb1ec000 	C:\Windows\system32\propsys.dll
0x000007fefefe0000 - 0x000007feff079000 	C:\Windows\system32\CLBCatQ.DLL
0x0000000000580000 - 0x000000000059e000 	C:\Users\dezfoul2\.Xilinx\SDK\2016.2\org.eclipse.osgi\312\0\.cp\swt-gdip-win32-4527.dll
0x000007fefb3d0000 - 0x000007fefb5e6000 	C:\Windows\WinSxS\amd64_microsoft.windows.gdiplus_6595b64144ccf1df_1.1.7601.23508_none_145555328b95eaaa\gdiplus.dll
0x000007fefaef0000 - 0x000007fefb051000 	C:\Windows\system32\WindowsCodecs.dll
0x0000000180000000 - 0x0000000180012000 	C:\Users\dezfoul2\.Xilinx\SDK\2016.2\org.eclipse.osgi\126\0\.cp\os\win32\x86_64\localfile_1_0_0.dll
0x000007fef1170000 - 0x000007fef11c4000 	C:\Windows\system32\oleacc.dll
0x000007fef8b90000 - 0x000007fef8b97000 	C:\Windows\system32\msimg32.dll
0x000007fefcc90000 - 0x000007fefcca4000 	C:\Windows\system32\RpcRtRemote.dll
0x000007fefcbf0000 - 0x000007fefcc47000 	C:\Windows\system32\apphelp.dll
0x000007fef3aa0000 - 0x000007fef3ab1000 	C:\Users\dezfoul2\.Xilinx\SDK\2016.2\org.eclipse.osgi\129\0\.cp\jWinHttp-1.0.0.dll
0x000007fef9610000 - 0x000007fef9681000 	C:\Windows\system32\WINHTTP.dll
0x000007fef95a0000 - 0x000007fef9604000 	C:\Windows\system32\webio.dll
0x000007fefcb10000 - 0x000007fefcb35000 	C:\Windows\system32\SspiCli.dll
0x000007fefc100000 - 0x000007fefc10a000 	C:\Windows\system32\credssp.dll
0x000007fefcf60000 - 0x000007fefcf96000 	C:\Windows\system32\CFGMGR32.dll
0x000007fef6c20000 - 0x000007fef6c2f000 	C:\Xilinx\SDK\2016.2\lib\win64.o\librdi_repo_manager.dll
0x000007fef2970000 - 0x000007fef299a000 	C:\Xilinx\SDK\2016.2\lib\win64.o\libisl_sysinfo.dll
0x000007feeb940000 - 0x000007feeba14000 	C:\Windows\system32\MSVCR110.dll
0x000007feeb810000 - 0x000007feeb8b7000 	C:\Windows\system32\MSVCP110.dll
0x000007fec20c0000 - 0x000007fec2b00000 	C:\Xilinx\SDK\2016.2\lib\win64.o\librdi_common.dll
0x000007fec1d50000 - 0x000007fec20be000 	C:\Xilinx\SDK\2016.2\lib\win64.o\libCOIN-all.dll
0x000007fef2750000 - 0x000007fef296f000 	C:\Xilinx\SDK\2016.2\lib\win64.o\libXil_lmgr11.dll
0x000007fefadb0000 - 0x000007fefadc6000 	C:\Windows\system32\NETAPI32.dll
0x000007fefc170000 - 0x000007fefc17c000 	C:\Windows\system32\netutils.dll
0x000007fefc7e0000 - 0x000007fefc803000 	C:\Windows\system32\srvcli.dll
0x000007fefad90000 - 0x000007fefada5000 	C:\Windows\system32\wkscli.dll
0x000007fefcf10000 - 0x000007fefcf4b000 	C:\Windows\system32\WINTRUST.dll
0x000007fef6560000 - 0x000007fef6570000 	C:\Xilinx\SDK\2016.2\lib\win64.o\libboost_date_time.dll
0x000007fef2720000 - 0x000007fef2744000 	C:\Xilinx\SDK\2016.2\lib\win64.o\libboost_filesystem.dll
0x000007fefacf0000 - 0x000007fefacf9000 	C:\Xilinx\SDK\2016.2\lib\win64.o\libboost_system.dll
0x000007fef26a0000 - 0x000007fef2717000 	C:\Xilinx\SDK\2016.2\lib\win64.o\libboost_program_options.dll
0x000007fec1c40000 - 0x000007fec1d46000 	C:\Xilinx\SDK\2016.2\lib\win64.o\libboost_regex.dll
0x000007fef3670000 - 0x000007fef3683000 	C:\Xilinx\SDK\2016.2\lib\win64.o\libboost_signals.dll
0x000007fef3430000 - 0x000007fef344d000 	C:\Xilinx\SDK\2016.2\lib\win64.o\libboost_thread.dll
0x000007fef64f0000 - 0x000007fef64fb000 	C:\Xilinx\SDK\2016.2\lib\win64.o\libboost_chrono.dll
0x000007fef5620000 - 0x000007fef562b000 	C:\Xilinx\SDK\2016.2\lib\win64.o\libboost_xilinx.dll
0x000007fef2620000 - 0x000007fef26a0000 	C:\Xilinx\SDK\2016.2\lib\win64.o\libhdlpsolve.dll
0x000007fec3b90000 - 0x000007fec3c2a000 	C:\Xilinx\SDK\2016.2\lib\win64.o\libhdxml.dll
0x000007fec1330000 - 0x000007fec1795e00 	C:\Xilinx\SDK\2016.2\lib\win64.o\libisl_iostreams.dll
0x000007fec3b70000 - 0x000007fec3b86000 	C:\Xilinx\SDK\2016.2\lib\win64.o\libboost_iostreams.dll
0x000007fec1c10000 - 0x000007fec1c33000 	C:\Xilinx\SDK\2016.2\lib\win64.o\librdizlib.dll
0x000007fec1300000 - 0x000007fec1323000 	C:\Xilinx\SDK\2016.2\lib\win64.o\libisl_iosutils.dll
0x000007fec1b90000 - 0x000007fec1ba5000 	C:\Xilinx\SDK\2016.2\lib\win64.o\pthreadVC2.dll
0x000007fec12a0000 - 0x000007fec12f4000 	C:\Xilinx\SDK\2016.2\lib\win64.o\librdi_commonxillic.dll
0x000007fec1170000 - 0x000007fec12a0000 	C:\Xilinx\SDK\2016.2\lib\win64.o\librdi_curl.dll
0x000007fec1150000 - 0x000007fec1168000 	C:\Xilinx\SDK\2016.2\lib\win64.o\librdiconfig.dll
0x000000006fc40000 - 0x000000006fd67000 	C:\Xilinx\SDK\2016.2\lib\win64.o\tcl85t.dll
0x00000000271c0000 - 0x0000000027423000 	C:\Xilinx\SDK\2016.2\lib\win64.o\xerces-c_3_1.dll
0x000007fefed70000 - 0x000007fefeef6000 	C:\Windows\system32\urlmon.dll
0x000007fefd070000 - 0x000007fefd074000 	C:\Windows\system32\api-ms-win-downlevel-ole32-l1-1-0.dll
0x000007feee230000 - 0x000007feee253000 	C:\Windows\system32\VCOMP110.DLL
0x000007fec0f50000 - 0x000007fec1142000 	C:\Xilinx\SDK\2016.2\lib\win64.o\librdi_hsm.dll
0x000007fec0f00000 - 0x000007fec0f43000 	C:\Xilinx\SDK\2016.2\lib\win64.o\librdi_hdf.dll
0x000007fec0c70000 - 0x000007fec0ef1000 	C:\Xilinx\SDK\2016.2\lib\win64.o\librdi_ippcw.dll
0x000007fec0c50000 - 0x000007fec0c66000 	C:\Xilinx\SDK\2016.2\eclipse\win64.o\plugins\org.eclipse.cdt.core.win32.x86_64_5.4.0.201509131935\os\win32\x86_64\spawner.dll
0x000007fef4d60000 - 0x000007fef4d6a000 	C:\Xilinx\SDK\2016.2\lib\win64.o\librdi_jtag_settings.dll
0x000007fec0b80000 - 0x000007fec0ba9000 	C:\Xilinx\SDK\2016.2\lib\win64.o\librdi_debug_dialog.dll
0x000007fef51f0000 - 0x000007fef51f8000 	C:\Xilinx\SDK\2016.2\lib\win64.o\librdi_target_manager.dll
0x0000000071080000 - 0x00000000710a6000 	C:\Xilinx\SDK\2016.2\eclipse\win64.o\plugins\gnu.io.rxtx.win32.x86_64_2.1.7.3_v20071015\os\win32\x86_64\rxtxSerial.dll
0x0000000071100000 - 0x0000000071125000 	C:\Users\dezfoul2\.jssc\windows\jSSC-2.8_x86_64.dll
0x000007febe380000 - 0x000007febeb90000 	C:\Xilinx\SDK\2016.2\lib\win64.o\libXil_lmgr11FNP.dll

VM Arguments:
jvm_args: -Dcom.xilinx.sdk.args.hwspec=W:/ece532/src/hdmi.sdk/hdmi_wrapper.hdf -Xms64m -Xmx512m & 
java_command: <unknown>
java_class_path (initial): C:\Xilinx\SDK\2016.2\eclipse\win64.o\\plugins/org.eclipse.equinox.launcher_1.3.100.v20150511-1540.jar
Launcher Type: generic

Environment Variables:
PATH=C:/Xilinx/SDK/2016.2/tps/win64/jre/bin/server;C:/Xilinx/SDK/2016.2/tps/win64/jre/bin;C:/Xilinx/SDK/2016.2/tps/win64/jre/lib/amd64;C:\Xilinx\SDK\2016.2\gnuwin\bin;C:\Xilinx\SDK\2016.2\gnu\microblaze\nt\bin;C:\Xilinx\SDK\2016.2\gnu\microblaze\linux_toolchain\nt64_le\bin;C:\Xilinx\SDK\2016.2\gnu\microblaze\linux_toolchain\nt64_be\bin;C:\Xilinx\SDK\2016.2\gnu\arm\nt\bin;C:\Xilinx\SDK\2016.2\gnu\aarch64\nt\aarch64-none\bin;C:\Xilinx\SDK\2016.2\gnu\aarch64\nt\aarch64-linux\bin;C:\Xilinx\SDK\2016.2\gnu\armr5\nt\gcc-arm-none-eabi\bin;C:\Xilinx\SDK\2016.2\gnu\aarch32\nt\gcc-arm-none-eabi\bin;C:\Xilinx\SDK\2016.2\gnu\aarch32\nt\gcc-arm-linux-gnueabi\bin;C:\Xilinx\SDK\2016.2\tps\win64\cmake-3.3.2\bin;;C:\Xilinx\SDK\2016.2\bin;C:\Xilinx\SDK\2016.2\lib\win64.o;C:\Xilinx\SDK\2016.2\tps\win64\jre\bin\server;C:\Xilinx\SDK\2016.2\tps\win64\jre\bin;C:\Xilinx\Vivado\2016.2\ids_lite\ISE\bin\nt64;C:\Xilinx\Vivado\2016.2\ids_lite\ISE\lib\nt64;C:\Xilinx\Vivado\2016.2\bin;C:\Xilinx\Vivado\2016.2\lib\win64.o;C:\Xilinx\Vivado\2016.2\tps\win64\jre\bin\server;C:\Xilinx\Vivado\2016.2\tps\win64\jre\bin;C:\Xilinx\Vivado_HLS\2016.2\bin;C:\Windows\system32;C:\Windows;C:\Windows\System32\Wbem;C:\Windows\System32\WindowsPowerShell\v1.0\;C:\altera\16.0\quartus\bin64;c:\altera\16.0\quartus\bin64\jre64\bin;w:\ece532\src;
USERNAME=dezfoul2
OS=Windows_NT
PROCESSOR_IDENTIFIER=Intel64 Family 6 Model 60 Stepping 3, GenuineIntel



---------------  S Y S T E M  ---------------

OS: Windows 7 , 64 bit Build 7601 (6.1.7601.23418)

CPU:total 8 (4 cores per cpu, 2 threads per core) family 6 model 60 stepping 3, cmov, cx8, fxsr, mmx, sse, sse2, sse3, ssse3, sse4.1, sse4.2, popcnt, avx, avx2, aes, clmul, erms, lzcnt, ht, tsc, tscinvbit, bmi1, bmi2

Memory: 4k page, physical 16683160k(10420928k free), swap 33364460k(26575708k free)

vm_info: Java HotSpot(TM) 64-Bit Server VM (25.66-b18) for windows-amd64 JRE (1.8.0_66-b18), built on Nov  9 2015 10:51:13 by "java_re" with MS VC++ 10.0 (VS2010)

time: Thu Mar 23 20:36:54 2017
elapsed time: 1204 seconds (0d 0h 20m 4s)

