#
# A fatal error has been detected by the Java Runtime Environment:
#
#  EXCEPTION_UNCAUGHT_CXX_EXCEPTION (0xe06d7363) at pc=0x000007fefd0aa06d, pid=6028, tid=1988
#
# JRE version: Java(TM) SE Runtime Environment (8.0_66-b18) (build 1.8.0_66-b18)
# Java VM: Java HotSpot(TM) 64-Bit Server VM (25.66-b18 mixed mode windows-amd64 compressed oops)
# Problematic frame:
# C  [KERNELBASE.dll+0x1a06d]
#
# Failed to write core dump. Minidumps are not enabled by default on client versions of Windows
#
# If you would like to submit a bug report, please visit:
#   http://bugreport.java.com/bugreport/crash.jsp
#

---------------  T H R E A D  ---------------

Current thread (0x0000000014f02800):  VMThread [stack: 0x0000000015e50000,0x0000000015f50000] [id=1988]

siginfo: ExceptionCode=0xe06d7363, ExceptionInformation=0x0000000019930520 0x0000000015f4f4c8 0x000007feeb9f2cb8 0x000007feeb940000 

Registers:
RAX=0x00000000668b9e48, RBX=0x000007feeb9f2cb8, RCX=0x0000000015f4ed10, RDX=0x00000000000000d0
RSP=0x0000000015f4f320, RBP=0x0000000015f4f450, RSI=0x00000000ffffffff, RDI=0x000000000037a630
R8 =0x0000000000000000, R9 =0x0000000000000000, R10=0x000007feeb940000, R11=0x0000000015f4f360
R12=0x0000000000000001, R13=0x0000000000000008, R14=0x0000000000000000, R15=0xffffffffffffffff
RIP=0x000007fefd0aa06d, EFLAGS=0x0000000000000206

Top of Stack: (sp=0x0000000015f4f320)
0x0000000015f4f320:   000007feeb9f2cb8 00000000ffffffff
0x0000000015f4f330:   000000000037a630 0000000000316e50
0x0000000015f4f340:   00000001e06d7363 0000000000000000
0x0000000015f4f350:   000007fefd0aa06d 000007fe00000004
0x0000000015f4f360:   0000000019930520 0000000015f4f4c8
0x0000000015f4f370:   000007feeb9f2cb8 000007feeb940000
0x0000000015f4f380:   0000000000000000 0000000015f4f408
0x0000000015f4f390:   0000000000000028 000000000037a620
0x0000000015f4f3a0:   00000000174bc610 0000000000000000
0x0000000015f4f3b0:   000007fffffa8000 000000007704f2d3
0x0000000015f4f3c0:   0000000000000000 0000000000000008
0x0000000015f4f3d0:   0000000000000001 000000000037a630
0x0000000015f4f3e0:   00000000ffffffff 000007feeb99e92c
0x0000000015f4f3f0:   000007feeb9f2cb8 0000000015f4f460
0x0000000015f4f400:   0000000000000001 000007feeb9400f8
0x0000000015f4f410:   00000001e06d7363 0000000000000000 

Instructions: (pc=0x000007fefd0aa06d)
0x000007fefd0aa04d:   54 24 24 48 89 4c 24 28 4d 85 c9 0f 85 6a 03 00
0x000007fefd0aa05d:   00 89 4c 24 38 48 8d 4c 24 20 ff 15 33 02 03 00
0x000007fefd0aa06d:   48 81 c4 c8 00 00 00 c3 90 90 90 90 90 90 90 90
0x000007fefd0aa07d:   90 90 90 48 83 ec 28 65 48 8b 04 25 30 00 00 00 


Register to memory mapping:

RAX=0x00000000668b9e48 is an unknown value
RBX=0x000007feeb9f2cb8 is an unknown value
RCX=0x0000000015f4ed10 is an unknown value
RDX=0x00000000000000d0 is an unknown value
RSP=0x0000000015f4f320 is an unknown value
RBP=0x0000000015f4f450 is an unknown value
RSI=0x00000000ffffffff is an unknown value
RDI=0x000000000037a630 is an unknown value
R8 =0x0000000000000000 is an unknown value
R9 =0x0000000000000000 is an unknown value
R10=0x000007feeb940000 is an unknown value
R11=0x0000000015f4f360 is an unknown value
R12=0x0000000000000001 is an unknown value
R13=0x0000000000000008 is an unknown value
R14=0x0000000000000000 is an unknown value
R15=0xffffffffffffffff is an unknown value


Stack: [0x0000000015e50000,0x0000000015f50000],  sp=0x0000000015f4f320,  free space=1020k
Native frames: (J=compiled Java code, j=interpreted, Vv=VM code, C=native code)
C  [KERNELBASE.dll+0x1a06d]
C  [MSVCR110.dll+0x5e92c]
C  [MSVCR110.dll+0x1315c]
C  [MSVCR110.dll+0x136a9]
C  [MSVCR110.dll+0x13e9c]
C  [MSVCR110.dll+0x239e]
C  [MSVCR110.dll+0xaf9e]
C  [MSVCP110.dll+0x397b9]
C  [librdi_common.dll+0x182316]
C  [librdi_common.dll+0x180fab]
C  [librdi_target_manager.dll+0x2400]
C  [librdi_target_manager.dll+0x2682]
C  [ntdll.dll+0x229b1]
C  [ntdll.dll+0x227c0]
C  [MSVCR100.dll+0x20ccd]
V  [jvm.dll+0x210cc5]
V  [jvm.dll+0x249897]
V  [jvm.dll+0x248b36]
V  [jvm.dll+0x248fd1]
V  [jvm.dll+0x2491ee]
V  [jvm.dll+0x29a0fa]
C  [MSVCR100.dll+0x21d9f]
C  [MSVCR100.dll+0x21e3b]
C  [kernel32.dll+0x159bd]
C  [ntdll.dll+0x2a2e1]

VM_Operation (0x000000000012f4c0): Exit, mode: safepoint, requested by thread 0x0000000002478000


---------------  P R O C E S S  ---------------

Java Threads: ( => current thread )
  0x0000000018227000 JavaThread "pool-1-thread-4" [_thread_blocked, id=6136, stack(0x0000000029510000,0x0000000029610000)]
  0x000000001a345000 JavaThread "pool-1-thread-3" [_thread_blocked, id=4688, stack(0x0000000029010000,0x0000000029110000)]
  0x000000001a343000 JavaThread "pool-1-thread-2" [_thread_blocked, id=4148, stack(0x0000000028f10000,0x0000000029010000)]
  0x000000002314e800 JavaThread "pool-1-thread-1" [_thread_blocked, id=3580, stack(0x0000000029310000,0x0000000029410000)]
  0x0000000023148800 JavaThread "Thread-41" daemon [_thread_blocked, id=2456, stack(0x0000000028e10000,0x0000000028f10000)]
  0x0000000023144000 JavaThread "TCF Channel Transmitter" daemon [_thread_blocked, id=3748, stack(0x0000000028210000,0x0000000028310000)]
  0x0000000023143000 JavaThread "TCF Channel Receiver" daemon [_thread_in_native, id=1364, stack(0x0000000027710000,0x0000000027810000)]
  0x0000000023142800 JavaThread "Process monitor" daemon [_thread_in_native, id=5368, stack(0x0000000027610000,0x0000000027710000)]
  0x0000000023141800 JavaThread "Input Stream Monitor" daemon [_thread_blocked, id=5468, stack(0x0000000027510000,0x0000000027610000)]
  0x0000000023141000 JavaThread "Output Stream Monitor" daemon [_thread_in_native, id=4892, stack(0x0000000027410000,0x0000000027510000)]
  0x0000000023140000 JavaThread "Output Stream Monitor" daemon [_thread_in_native, id=3340, stack(0x0000000021840000,0x0000000021940000)]
  0x0000000018225800 JavaThread "TCF Locator DNS Lookup" daemon [_thread_blocked, id=1740, stack(0x00000000253e0000,0x00000000254e0000)]
  0x0000000018224800 JavaThread "TCF Locator Timer" daemon [_thread_blocked, id=4936, stack(0x00000000252e0000,0x00000000253e0000)]
  0x0000000018224000 JavaThread "TCF Locator Receiver" daemon [_thread_in_native, id=2636, stack(0x0000000023650000,0x0000000023750000)]
  0x0000000018222800 JavaThread "TCF Timer Dispatcher" daemon [_thread_blocked, id=5108, stack(0x0000000021a20000,0x0000000021b20000)]
  0x0000000017cba800 JavaThread "EMF Reference Cleaner" daemon [_thread_blocked, id=4460, stack(0x0000000019500000,0x0000000019600000)]
  0x0000000014ff2800 JavaThread "Service Thread" daemon [_thread_blocked, id=4916, stack(0x0000000016810000,0x0000000016910000)]
  0x0000000014f88000 JavaThread "C1 CompilerThread3" daemon [_thread_blocked, id=4312, stack(0x0000000016710000,0x0000000016810000)]
  0x0000000014f63000 JavaThread "C2 CompilerThread2" daemon [_thread_blocked, id=1640, stack(0x0000000016610000,0x0000000016710000)]
  0x0000000014f5c000 JavaThread "C2 CompilerThread1" daemon [_thread_blocked, id=5240, stack(0x0000000016510000,0x0000000016610000)]
  0x0000000014f55000 JavaThread "C2 CompilerThread0" daemon [_thread_blocked, id=3552, stack(0x0000000016410000,0x0000000016510000)]
  0x0000000014f51000 JavaThread "Attach Listener" daemon [_thread_blocked, id=5412, stack(0x0000000016310000,0x0000000016410000)]
  0x0000000014f50000 JavaThread "Signal Dispatcher" daemon [_thread_blocked, id=5700, stack(0x0000000016210000,0x0000000016310000)]
  0x0000000013d8f000 JavaThread "Finalizer" daemon [_thread_blocked, id=4820, stack(0x0000000016050000,0x0000000016150000)]
  0x0000000013d88000 JavaThread "Reference Handler" daemon [_thread_blocked, id=764, stack(0x0000000015f50000,0x0000000016050000)]
  0x0000000002478000 JavaThread "main" [_thread_blocked, id=3244, stack(0x0000000000030000,0x0000000000130000)]

Other Threads:
=>0x0000000014f02800 VMThread [stack: 0x0000000015e50000,0x0000000015f50000] [id=1988]

VM state:at safepoint (shutting down)

VM Mutex/Monitor currently owned by a thread:  ([mutex/lock_event])
[0x00000000025ce2f0] Threads_lock - owner thread: 0x0000000014f02800

Heap:
 PSYoungGen      total 157184K, used 113529K [0x00000000f5580000, 0x0000000100000000, 0x0000000100000000)
  eden space 151040K, 71% used [0x00000000f5580000,0x00000000fbebca70,0x00000000fe900000)
  from space 6144K, 93% used [0x00000000fe900000,0x00000000feea1af0,0x00000000fef00000)
  to   space 12288K, 0% used [0x00000000ff400000,0x00000000ff400000,0x0000000100000000)
 ParOldGen       total 119808K, used 83884K [0x00000000e0000000, 0x00000000e7500000, 0x00000000f5580000)
  object space 119808K, 70% used [0x00000000e0000000,0x00000000e51eb0c0,0x00000000e7500000)
 Metaspace       used 94542K, capacity 102042K, committed 102296K, reserved 1138688K
  class space    used 11132K, capacity 13628K, committed 13728K, reserved 1048576K

Card table byte_map: [0x0000000011990000,0x0000000011aa0000] byte_map_base: 0x0000000011290000

Marking Bits: (ParMarkBitMap*) 0x00000000709ea5b0
 Begin Bits: [0x00000000122a0000, 0x0000000012aa0000)
 End Bits:   [0x0000000012aa0000, 0x00000000132a0000)

Polling page: 0x0000000000220000

CodeCache: size=245760Kb used=55342Kb max_used=55519Kb free=190417Kb
 bounds [0x00000000025d0000, 0x0000000005c70000, 0x00000000115d0000]
 total_blobs=15274 nmethods=14352 adapters=828
 compilation: enabled

Compilation events (10 events):
Event: 1958.896 Thread 0x0000000014f5c000 18611       4       java.util.ArrayDeque::pollFirst (42 bytes)
Event: 1958.896 Thread 0x0000000014f88000 nmethod 18609 0x0000000002f694d0 code [0x0000000002f69620, 0x0000000002f69770]
Event: 1958.897 Thread 0x0000000014f5c000 nmethod 18611 0x0000000004aba550 code [0x0000000004aba680, 0x0000000004aba738]
Event: 1958.898 Thread 0x0000000014f88000 18610  s!   3       org.eclipse.osgi.storage.bundlefile.ZipBundleFile::close (64 bytes)
Event: 1958.898 Thread 0x0000000014f55000 18620       4       org.eclipse.osgi.container.ModuleDatabase::readLock (11 bytes)
Event: 1958.898 Thread 0x0000000014f88000 nmethod 18610 0x0000000003f3b0d0 code [0x0000000003f3b2a0, 0x0000000003f3bc38]
Event: 1958.899 Thread 0x0000000014f5c000 18624       4       java.util.concurrent.locks.AbstractQueuedSynchronizer::release (33 bytes)
Event: 1958.899 Thread 0x0000000014f5c000 nmethod 18624 0x00000000033cf690 code [0x00000000033cf7e0, 0x00000000033cf8a8]
Event: 1958.900 Thread 0x0000000014f55000 nmethod 18620 0x0000000003305c10 code [0x0000000003305d60, 0x0000000003305e28]
Event: 1958.900 Thread 0x0000000014f88000 18613       3       org.eclipse.osgi.container.Module::holdsTransitionEventLock (25 bytes)

GC Heap History (10 events):
Event: 1948.091 GC heap before
{Heap before GC invocations=3168 (full 7):
 PSYoungGen      total 162816K, used 160404K [0x00000000f5580000, 0x0000000100000000, 0x0000000100000000)
  eden space 151040K, 99% used [0x00000000f5580000,0x00000000fe7b7960,0x00000000fe900000)
  from space 11776K, 90% used [0x00000000ff480000,0x00000000ffeeda70,0x0000000100000000)
  to   space 11776K, 0% used [0x00000000fe900000,0x00000000fe900000,0x00000000ff480000)
 ParOldGen       total 119808K, used 83639K [0x00000000e0000000, 0x00000000e7500000, 0x00000000f5580000)
  object space 119808K, 69% used [0x00000000e0000000,0x00000000e51adff0,0x00000000e7500000)
 Metaspace       used 93643K, capacity 101272K, committed 101656K, reserved 1136640K
  class space    used 11031K, capacity 13527K, committed 13600K, reserved 1048576K
Event: 1948.095 GC heap after
Heap after GC invocations=3168 (full 7):
 PSYoungGen      total 162816K, used 10615K [0x00000000f5580000, 0x0000000100000000, 0x0000000100000000)
  eden space 151040K, 0% used [0x00000000f5580000,0x00000000f5580000,0x00000000fe900000)
  from space 11776K, 90% used [0x00000000fe900000,0x00000000ff35dfa0,0x00000000ff480000)
  to   space 11776K, 0% used [0x00000000ff480000,0x00000000ff480000,0x0000000100000000)
 ParOldGen       total 119808K, used 83655K [0x00000000e0000000, 0x00000000e7500000, 0x00000000f5580000)
  object space 119808K, 69% used [0x00000000e0000000,0x00000000e51b1ff0,0x00000000e7500000)
 Metaspace       used 93643K, capacity 101272K, committed 101656K, reserved 1136640K
  class space    used 11031K, capacity 13527K, committed 13600K, reserved 1048576K
}
Event: 1948.220 GC heap before
{Heap before GC invocations=3169 (full 7):
 PSYoungGen      total 162816K, used 160369K [0x00000000f5580000, 0x0000000100000000, 0x0000000100000000)
  eden space 151040K, 99% used [0x00000000f5580000,0x00000000fe7be810,0x00000000fe900000)
  from space 11776K, 90% used [0x00000000fe900000,0x00000000ff35dfa0,0x00000000ff480000)
  to   space 11776K, 0% used [0x00000000ff480000,0x00000000ff480000,0x0000000100000000)
 ParOldGen       total 119808K, used 83655K [0x00000000e0000000, 0x00000000e7500000, 0x00000000f5580000)
  object space 119808K, 69% used [0x00000000e0000000,0x00000000e51b1ff0,0x00000000e7500000)
 Metaspace       used 93643K, capacity 101272K, committed 101656K, reserved 1136640K
  class space    used 11031K, capacity 13527K, committed 13600K, reserved 1048576K
Event: 1948.223 GC heap after
Heap after GC invocations=3169 (full 7):
 PSYoungGen      total 162816K, used 10434K [0x00000000f5580000, 0x0000000100000000, 0x0000000100000000)
  eden space 151040K, 0% used [0x00000000f5580000,0x00000000f5580000,0x00000000fe900000)
  from space 11776K, 88% used [0x00000000ff480000,0x00000000ffeb0998,0x0000000100000000)
  to   space 11776K, 0% used [0x00000000fe900000,0x00000000fe900000,0x00000000ff480000)
 ParOldGen       total 119808K, used 83860K [0x00000000e0000000, 0x00000000e7500000, 0x00000000f5580000)
  object space 119808K, 69% used [0x00000000e0000000,0x00000000e51e50c0,0x00000000e7500000)
 Metaspace       used 93643K, capacity 101272K, committed 101656K, reserved 1136640K
  class space    used 11031K, capacity 13527K, committed 13600K, reserved 1048576K
}
Event: 1948.350 GC heap before
{Heap before GC invocations=3170 (full 7):
 PSYoungGen      total 162816K, used 160215K [0x00000000f5580000, 0x0000000100000000, 0x0000000100000000)
  eden space 151040K, 99% used [0x00000000f5580000,0x00000000fe7c5438,0x00000000fe900000)
  from space 11776K, 88% used [0x00000000ff480000,0x00000000ffeb0998,0x0000000100000000)
  to   space 11776K, 0% used [0x00000000fe900000,0x00000000fe900000,0x00000000ff480000)
 ParOldGen       total 119808K, used 83860K [0x00000000e0000000, 0x00000000e7500000, 0x00000000f5580000)
  object space 119808K, 69% used [0x00000000e0000000,0x00000000e51e50c0,0x00000000e7500000)
 Metaspace       used 93643K, capacity 101272K, committed 101656K, reserved 1136640K
  class space    used 11031K, capacity 13527K, committed 13600K, reserved 1048576K
Event: 1948.353 GC heap after
Heap after GC invocations=3170 (full 7):
 PSYoungGen      total 162816K, used 10437K [0x00000000f5580000, 0x0000000100000000, 0x0000000100000000)
  eden space 151040K, 0% used [0x00000000f5580000,0x00000000f5580000,0x00000000fe900000)
  from space 11776K, 88% used [0x00000000fe900000,0x00000000ff331520,0x00000000ff480000)
  to   space 11776K, 0% used [0x00000000ff480000,0x00000000ff480000,0x0000000100000000)
 ParOldGen       total 119808K, used 83868K [0x00000000e0000000, 0x00000000e7500000, 0x00000000f5580000)
  object space 119808K, 70% used [0x00000000e0000000,0x00000000e51e70c0,0x00000000e7500000)
 Metaspace       used 93643K, capacity 101272K, committed 101656K, reserved 1136640K
  class space    used 11031K, capacity 13527K, committed 13600K, reserved 1048576K
}
Event: 1948.457 GC heap before
{Heap before GC invocations=3171 (full 7):
 PSYoungGen      total 162816K, used 160235K [0x00000000f5580000, 0x0000000100000000, 0x0000000100000000)
  eden space 151040K, 99% used [0x00000000f5580000,0x00000000fe7c9860,0x00000000fe900000)
  from space 11776K, 88% used [0x00000000fe900000,0x00000000ff331520,0x00000000ff480000)
  to   space 11776K, 0% used [0x00000000ff480000,0x00000000ff480000,0x0000000100000000)
 ParOldGen       total 119808K, used 83868K [0x00000000e0000000, 0x00000000e7500000, 0x00000000f5580000)
  object space 119808K, 70% used [0x00000000e0000000,0x00000000e51e70c0,0x00000000e7500000)
 Metaspace       used 93643K, capacity 101272K, committed 101656K, reserved 1136640K
  class space    used 11031K, capacity 13527K, committed 13600K, reserved 1048576K
Event: 1948.460 GC heap after
Heap after GC invocations=3171 (full 7):
 PSYoungGen      total 162816K, used 10470K [0x00000000f5580000, 0x0000000100000000, 0x0000000100000000)
  eden space 151040K, 0% used [0x00000000f5580000,0x00000000f5580000,0x00000000fe900000)
  from space 11776K, 88% used [0x00000000ff480000,0x00000000ffeb9a08,0x0000000100000000)
  to   space 11776K, 0% used [0x00000000fe900000,0x00000000fe900000,0x00000000ff480000)
 ParOldGen       total 119808K, used 83876K [0x00000000e0000000, 0x00000000e7500000, 0x00000000f5580000)
  object space 119808K, 70% used [0x00000000e0000000,0x00000000e51e90c0,0x00000000e7500000)
 Metaspace       used 93643K, capacity 101272K, committed 101656K, reserved 1136640K
  class space    used 11031K, capacity 13527K, committed 13600K, reserved 1048576K
}
Event: 1950.826 GC heap before
{Heap before GC invocations=3172 (full 7):
 PSYoungGen      total 162816K, used 161510K [0x00000000f5580000, 0x0000000100000000, 0x0000000100000000)
  eden space 151040K, 100% used [0x00000000f5580000,0x00000000fe900000,0x00000000fe900000)
  from space 11776K, 88% used [0x00000000ff480000,0x00000000ffeb9a08,0x0000000100000000)
  to   space 11776K, 0% used [0x00000000fe900000,0x00000000fe900000,0x00000000ff480000)
 ParOldGen       total 119808K, used 83876K [0x00000000e0000000, 0x00000000e7500000, 0x00000000f5580000)
  object space 119808K, 70% used [0x00000000e0000000,0x00000000e51e90c0,0x00000000e7500000)
 Metaspace       used 93645K, capacity 101272K, committed 101656K, reserved 1136640K
  class space    used 11031K, capacity 13527K, committed 13600K, reserved 1048576K
Event: 1950.829 GC heap after
Heap after GC invocations=3172 (full 7):
 PSYoungGen      total 157184K, used 5766K [0x00000000f5580000, 0x0000000100000000, 0x0000000100000000)
  eden space 151040K, 0% used [0x00000000f5580000,0x00000000f5580000,0x00000000fe900000)
  from space 6144K, 93% used [0x00000000fe900000,0x00000000feea1af0,0x00000000fef00000)
  to   space 12288K, 0% used [0x00000000ff400000,0x00000000ff400000,0x0000000100000000)
 ParOldGen       total 119808K, used 83884K [0x00000000e0000000, 0x00000000e7500000, 0x00000000f5580000)
  object space 119808K, 70% used [0x00000000e0000000,0x00000000e51eb0c0,0x00000000e7500000)
 Metaspace       used 93645K, capacity 101272K, committed 101656K, reserved 1136640K
  class space    used 11031K, capacity 13527K, committed 13600K, reserved 1048576K
}

Deoptimization events (10 events):
Event: 1958.308 Thread 0x0000000018027000 Uncommon trap: reason=unstable_if action=reinterpret pc=0x0000000002f5dae4 method=org.eclipse.swt.graphics.Resource.dispose()V @ 15
Event: 1958.836 Thread 0x0000000018027000 Uncommon trap: reason=unstable_if action=reinterpret pc=0x000000000353bc0c method=org.eclipse.osgi.internal.hooks.EclipseLazyStarter.shouldActivateFor(Ljava/lang/String;Lorg/eclipse/osgi/container/Module;Lorg/eclipse/osgi/container/ModuleRevision;Lorg/ecliži…íX›ž@
Event: 1958.837 Thread 0x0000000018027000 Uncommon trap: reason=class_check action=maybe_recompile pc=0x00000000030e946c method=org.eclipse.swt.widgets.Display.asyncExec(Ljava/lang/Runnable;)V @ 23
Event: 1958.837 Thread 0x0000000018027000 Uncommon trap: reason=class_check action=maybe_recompile pc=0x00000000030e946c method=org.eclipse.swt.widgets.Display.asyncExec(Ljava/lang/Runnable;)V @ 23
Event: 1958.853 Thread 0x0000000018027000 Uncommon trap: reason=bimorphic action=maybe_recompile pc=0x000000000554775c method=org.eclipse.core.internal.dtree.AbstractDataTreeNode.assembleWith([Lorg/eclipse/core/internal/dtree/AbstractDataTreeNode;[Lorg/eclipse/core/internal/dtree/AbstractDataTreeN#8’½i›ž@
Event: 1958.853 Thread 0x0000000018027000 Uncommon trap: reason=bimorphic action=maybe_recompile pc=0x000000000554775c method=org.eclipse.core.internal.dtree.AbstractDataTreeNode.assembleWith([Lorg/eclipse/core/internal/dtree/AbstractDataTreeNode;[Lorg/eclipse/core/internal/dtree/AbstractDataTreeNr@iÀi›ž@
Event: 1958.853 Thread 0x0000000018027000 Uncommon trap: reason=bimorphic action=maybe_recompile pc=0x000000000554775c method=org.eclipse.core.internal.dtree.AbstractDataTreeNode.assembleWith([Lorg/eclipse/core/internal/dtree/AbstractDataTreeNode;[Lorg/eclipse/core/internal/dtree/AbstractDataTreeNV}ÍÂi›ž@
Event: 1958.853 Thread 0x0000000018027000 Uncommon trap: reason=bimorphic action=maybe_recompile pc=0x000000000554775c method=org.eclipse.core.internal.dtree.AbstractDataTreeNode.assembleWith([Lorg/eclipse/core/internal/dtree/AbstractDataTreeNode;[Lorg/eclipse/core/internal/dtree/AbstractDataTreeN
Event: 1958.877 Thread 0x000000001a340000 Uncommon trap: reason=unstable_if action=reinterpret pc=0x000000000422ac14 method=org.eclipse.core.internal.jobs.JobManager.nextJob()Lorg/eclipse/core/runtime/jobs/Job; @ 80
Event: 1958.891 Thread 0x0000000018027000 Uncommon trap: reason=unstable_if action=reinterpret pc=0x0000000003aedd90 method=sun.reflect.UnsafeStaticObjectFieldAccessorImpl.set(Ljava/lang/Object;Ljava/lang/Object;)V @ 13

Internal exceptions (10 events):
Event: 1957.038 Thread 0x0000000002478000 Implicit null exception at 0x00000000053a6155 to 0x00000000053a6211
Event: 1957.438 Thread 0x0000000002478000 Implicit null exception at 0x0000000002cca8cd to 0x0000000002ccabed
Event: 1958.240 Thread 0x0000000002478000 Implicit null exception at 0x0000000002be704a to 0x0000000002be98dd
Event: 1958.279 Thread 0x000000002314a800 Exception <a 'java/lang/InterruptedException'> (0x00000000fb6e0728) thrown at [C:\re\workspace\8-2-build-windows-amd64-cygwin\jdk8u66\5298\hotspot\src\share\vm\runtime\objectMonitor.cpp, line 1683]
Event: 1958.280 Thread 0x000000002314c000 Implicit null exception at 0x00000000044956a6 to 0x0000000004497259
Event: 1958.877 Thread 0x000000001821d800 Exception <a 'java/lang/InterruptedException'> (0x00000000fb0f3fb8) thrown at [C:\re\workspace\8-2-build-windows-amd64-cygwin\jdk8u66\5298\hotspot\src\share\vm\runtime\objectMonitor.cpp, line 1683]
Event: 1958.891 Thread 0x0000000018027000 Implicit null exception at 0x0000000003aeda8f to 0x0000000003aedd7d
Event: 1958.892 Thread 0x0000000016e73800 Exception <a 'java/lang/InterruptedException'> (0x00000000fba71078) thrown at [C:\re\workspace\8-2-build-windows-amd64-cygwin\jdk8u66\5298\hotspot\src\share\vm\runtime\objectMonitor.cpp, line 1683]
Event: 1958.897 Thread 0x000000001821e800 Exception <a 'java/lang/InterruptedException'> (0x00000000fad06e70) thrown at [C:\re\workspace\8-2-build-windows-amd64-cygwin\jdk8u66\5298\hotspot\src\share\vm\runtime\objectMonitor.cpp, line 1683]
Event: 1958.897 Thread 0x0000000016e74000 Exception <a 'java/lang/InterruptedException'> (0x00000000fbc699c8) thrown at [C:\re\workspace\8-2-build-windows-amd64-cygwin\jdk8u66\5298\hotspot\src\share\vm\runtime\objectMonitor.cpp, line 1683]

Events (10 events):
Event: 1958.899 Thread 0x0000000018027000 Thread exited: 0x0000000018027000
Event: 1958.899 loading class java/util/IdentityHashMap$KeySet
Event: 1958.900 loading class java/util/IdentityHashMap$KeySet done
Event: 1958.900 loading class java/util/IdentityHashMap$KeyIterator
Event: 1958.900 loading class java/util/IdentityHashMap$IdentityHashMapIterator
Event: 1958.900 loading class java/util/IdentityHashMap$IdentityHashMapIterator done
Event: 1958.900 loading class java/util/IdentityHashMap$KeyIterator done
Event: 1958.900 Thread 0x0000000018027000 Thread added: 0x0000000018027000
Event: 1958.900 Thread 0x0000000018027000 Thread exited: 0x0000000018027000
Event: 1958.900 Executing VM operation: Exit


Dynamic libraries:
0x0000000000400000 - 0x000000000044f000 	C:\Xilinx\SDK\2016.2\eclipse\win64.o\eclipse.exe
0x0000000077000000 - 0x00000000771aa000 	C:\Windows\SYSTEM32\ntdll.dll
0x0000000076de0000 - 0x0000000076eff000 	C:\Windows\system32\kernel32.dll
0x000007fefd090000 - 0x000007fefd0fa000 	C:\Windows\system32\KERNELBASE.dll
0x0000000076f00000 - 0x0000000076ffa000 	C:\Windows\system32\USER32.dll
0x000007fefd870000 - 0x000007fefd8d7000 	C:\Windows\system32\GDI32.dll
0x000007fefe7a0000 - 0x000007fefe7ae000 	C:\Windows\system32\LPK.dll
0x000007fefd2b0000 - 0x000007fefd37a000 	C:\Windows\system32\USP10.dll
0x000007fefd7d0000 - 0x000007fefd86f000 	C:\Windows\system32\msvcrt.dll
0x000007fefb650000 - 0x000007fefb844000 	C:\Windows\WinSxS\amd64_microsoft.windows.common-controls_6595b64144ccf1df_6.0.7601.18837_none_fa3b1e3d17594757\COMCTL32.dll
0x000007feff290000 - 0x000007feff301000 	C:\Windows\system32\SHLWAPI.dll
0x000007fefd480000 - 0x000007fefd4ae000 	C:\Windows\system32\IMM32.DLL
0x000007fefe990000 - 0x000007fefea99000 	C:\Windows\system32\MSCTF.dll
0x0000000072000000 - 0x0000000072012000 	C:\Xilinx\SDK\2016.2\eclipse\win64.o\plugins\org.eclipse.equinox.launcher.win32.win32.x86_64_1.1.300.v20150602-1417\eclipse_1611.dll
0x000007fefef00000 - 0x000007fefefdb000 	C:\Windows\system32\ADVAPI32.dll
0x000007fefd460000 - 0x000007fefd47f000 	C:\Windows\SYSTEM32\sechost.dll
0x000007fefd120000 - 0x000007fefd24d000 	C:\Windows\system32\RPCRT4.dll
0x000007fefbdd0000 - 0x000007fefbddc000 	C:\Windows\system32\VERSION.dll
0x000007fefb5f0000 - 0x000007fefb646000 	C:\Windows\system32\UxTheme.dll
0x00000000701e0000 - 0x0000000070a69000 	C:\Xilinx\SDK\2016.2\tps\win64\jre\bin\server\jvm.dll
0x000007fef86f0000 - 0x000007fef86f9000 	C:\Windows\system32\WSOCK32.dll
0x000007fefd4b0000 - 0x000007fefd4fd000 	C:\Windows\system32\WS2_32.dll
0x000007fefe790000 - 0x000007fefe798000 	C:\Windows\system32\NSI.dll
0x000007fef9f10000 - 0x000007fef9f4b000 	C:\Windows\system32\WINMM.dll
0x00000000771d0000 - 0x00000000771d7000 	C:\Windows\system32\PSAPI.DLL
0x0000000071b50000 - 0x0000000071c22000 	C:\Windows\system32\MSVCR100.dll
0x0000000071690000 - 0x000000007169f000 	C:\Xilinx\SDK\2016.2\tps\win64\jre\bin\verify.dll
0x00000000714a0000 - 0x00000000714c9000 	C:\Xilinx\SDK\2016.2\tps\win64\jre\bin\java.dll
0x0000000071670000 - 0x0000000071686000 	C:\Xilinx\SDK\2016.2\tps\win64\jre\bin\zip.dll
0x000007fefda00000 - 0x000007fefe789000 	C:\Windows\system32\SHELL32.dll
0x000007feff080000 - 0x000007feff283000 	C:\Windows\system32\ole32.dll
0x000007fefcd40000 - 0x000007fefcd4f000 	C:\Windows\system32\profapi.dll
0x000007fefc540000 - 0x000007fefc558000 	C:\Windows\system32\CRYPTSP.dll
0x000007fefc240000 - 0x000007fefc287000 	C:\Windows\system32\rsaenh.dll
0x000007fefcfa0000 - 0x000007fefcfbe000 	C:\Windows\system32\USERENV.dll
0x000007fefcb40000 - 0x000007fefcb4f000 	C:\Windows\system32\CRYPTBASE.dll
0x0000000071480000 - 0x000000007149a000 	C:\Xilinx\SDK\2016.2\tps\win64\jre\bin\net.dll
0x000007fefc4e0000 - 0x000007fefc535000 	C:\Windows\system32\mswsock.dll
0x000007fefc4d0000 - 0x000007fefc4d7000 	C:\Windows\System32\wship6.dll
0x000007fefa450000 - 0x000007fefa477000 	C:\Windows\system32\IPHLPAPI.DLL
0x000007fefa430000 - 0x000007fefa43b000 	C:\Windows\system32\WINNSI.DLL
0x000007fefa260000 - 0x000007fefa271000 	C:\Windows\system32\dhcpcsvc6.DLL
0x000007fefa240000 - 0x000007fefa258000 	C:\Windows\system32\dhcpcsvc.DLL
0x0000000071460000 - 0x0000000071471000 	C:\Xilinx\SDK\2016.2\tps\win64\jre\bin\nio.dll
0x000007fef9960000 - 0x000007fef9975000 	C:\Windows\system32\NLAapi.dll
0x000007fef7a90000 - 0x000007fef7aa5000 	C:\Windows\system32\napinsp.dll
0x000007fef7ab0000 - 0x000007fef7ac9000 	C:\Windows\system32\pnrpnsp.dll
0x000007fefc360000 - 0x000007fefc3bb000 	C:\Windows\system32\DNSAPI.dll
0x000007fef7a80000 - 0x000007fef7a8b000 	C:\Windows\System32\winrnr.dll
0x000007fefbea0000 - 0x000007fefbea7000 	C:\Windows\System32\wshtcpip.dll
0x000007fef9dc0000 - 0x000007fef9dc8000 	C:\Windows\system32\rasadhlp.dll
0x000007fefa2f0000 - 0x000007fefa343000 	C:\Windows\System32\fwpuclnt.dll
0x0000000019800000 - 0x00000000198a8000 	C:\Users\dezfoul2\.Xilinx\SDK\2016.2\org.eclipse.osgi\312\0\.cp\swt-win32-4527.dll
0x000007fefd380000 - 0x000007fefd458000 	C:\Windows\system32\OLEAUT32.dll
0x000007fefd8e0000 - 0x000007fefd977000 	C:\Windows\system32\comdlg32.dll
0x000007fef63e0000 - 0x000007fef6451000 	C:\Windows\system32\WINSPOOL.DRV
0x000007fefeaa0000 - 0x000007fefed65000 	C:\Windows\system32\WININET.dll
0x000007fefcf50000 - 0x000007fefcf54000 	C:\Windows\system32\api-ms-win-downlevel-user32-l1-1-0.dll
0x000007fefcf00000 - 0x000007fefcf04000 	C:\Windows\system32\api-ms-win-downlevel-shlwapi-l1-1-0.dll
0x000007fefd080000 - 0x000007fefd084000 	C:\Windows\system32\api-ms-win-downlevel-version-l1-1-0.dll
0x000007fefcfc0000 - 0x000007fefcfc3000 	C:\Windows\system32\api-ms-win-downlevel-normaliz-l1-1-0.dll
0x00000000771c0000 - 0x00000000771c3000 	C:\Windows\system32\normaliz.DLL
0x000007fefd500000 - 0x000007fefd7c9000 	C:\Windows\system32\iertutil.dll
0x000007fefcd80000 - 0x000007fefcd85000 	C:\Windows\system32\api-ms-win-downlevel-advapi32-l1-1-0.dll
0x000007fefcd90000 - 0x000007fefcefd000 	C:\Windows\system32\CRYPT32.dll
0x000007fefcd50000 - 0x000007fefcd5f000 	C:\Windows\system32\MSASN1.dll
0x000007fefb0c0000 - 0x000007fefb1ec000 	C:\Windows\system32\propsys.dll
0x000007fefefe0000 - 0x000007feff079000 	C:\Windows\system32\CLBCatQ.DLL
0x00000000003c0000 - 0x00000000003de000 	C:\Users\dezfoul2\.Xilinx\SDK\2016.2\org.eclipse.osgi\312\0\.cp\swt-gdip-win32-4527.dll
0x000007fefb3d0000 - 0x000007fefb5e6000 	C:\Windows\WinSxS\amd64_microsoft.windows.gdiplus_6595b64144ccf1df_1.1.7601.23508_none_145555328b95eaaa\gdiplus.dll
0x000007fefaef0000 - 0x000007fefb051000 	C:\Windows\system32\WindowsCodecs.dll
0x0000000180000000 - 0x0000000180012000 	C:\Users\dezfoul2\.Xilinx\SDK\2016.2\org.eclipse.osgi\126\0\.cp\os\win32\x86_64\localfile_1_0_0.dll
0x000007fef1170000 - 0x000007fef11c4000 	C:\Windows\system32\oleacc.dll
0x000007fef8b90000 - 0x000007fef8b97000 	C:\Windows\system32\msimg32.dll
0x000007fefcc90000 - 0x000007fefcca4000 	C:\Windows\system32\RpcRtRemote.dll
0x000007fefcbf0000 - 0x000007fefcc47000 	C:\Windows\system32\apphelp.dll
0x000007fef3670000 - 0x000007fef3681000 	C:\Users\dezfoul2\.Xilinx\SDK\2016.2\org.eclipse.osgi\129\0\.cp\jWinHttp-1.0.0.dll
0x000007fef9610000 - 0x000007fef9681000 	C:\Windows\system32\WINHTTP.dll
0x000007fef95a0000 - 0x000007fef9604000 	C:\Windows\system32\webio.dll
0x000007fefcb10000 - 0x000007fefcb35000 	C:\Windows\system32\SspiCli.dll
0x000007fefc100000 - 0x000007fefc10a000 	C:\Windows\system32\credssp.dll
0x000007fefcf60000 - 0x000007fefcf96000 	C:\Windows\system32\CFGMGR32.dll
0x000007fefacf0000 - 0x000007fefacff000 	C:\Xilinx\SDK\2016.2\lib\win64.o\librdi_repo_manager.dll
0x000007fef2970000 - 0x000007fef299a000 	C:\Xilinx\SDK\2016.2\lib\win64.o\libisl_sysinfo.dll
0x000007feeb940000 - 0x000007feeba14000 	C:\Windows\system32\MSVCR110.dll
0x000007feeb810000 - 0x000007feeb8b7000 	C:\Windows\system32\MSVCP110.dll
0x000007fec0d60000 - 0x000007fec17a0000 	C:\Xilinx\SDK\2016.2\lib\win64.o\librdi_common.dll
0x000007fec2790000 - 0x000007fec2afe000 	C:\Xilinx\SDK\2016.2\lib\win64.o\libCOIN-all.dll
0x000007fef2750000 - 0x000007fef296f000 	C:\Xilinx\SDK\2016.2\lib\win64.o\libXil_lmgr11.dll
0x000007fefadb0000 - 0x000007fefadc6000 	C:\Windows\system32\NETAPI32.dll
0x000007fefc170000 - 0x000007fefc17c000 	C:\Windows\system32\netutils.dll
0x000007fefc7e0000 - 0x000007fefc803000 	C:\Windows\system32\srvcli.dll
0x000007fefad90000 - 0x000007fefada5000 	C:\Windows\system32\wkscli.dll
0x000007fefcf10000 - 0x000007fefcf4b000 	C:\Windows\system32\WINTRUST.dll
0x000007fef6560000 - 0x000007fef6570000 	C:\Xilinx\SDK\2016.2\lib\win64.o\libboost_date_time.dll
0x000007fef2720000 - 0x000007fef2744000 	C:\Xilinx\SDK\2016.2\lib\win64.o\libboost_filesystem.dll
0x000007fef6c20000 - 0x000007fef6c29000 	C:\Xilinx\SDK\2016.2\lib\win64.o\libboost_system.dll
0x000007fef26a0000 - 0x000007fef2717000 	C:\Xilinx\SDK\2016.2\lib\win64.o\libboost_program_options.dll
0x000007fec2680000 - 0x000007fec2786000 	C:\Xilinx\SDK\2016.2\lib\win64.o\libboost_regex.dll
0x000007fef3aa0000 - 0x000007fef3ab3000 	C:\Xilinx\SDK\2016.2\lib\win64.o\libboost_signals.dll
0x000007fef3430000 - 0x000007fef344d000 	C:\Xilinx\SDK\2016.2\lib\win64.o\libboost_thread.dll
0x000007fef5620000 - 0x000007fef562b000 	C:\Xilinx\SDK\2016.2\lib\win64.o\libboost_chrono.dll
0x000007fef64f0000 - 0x000007fef64fb000 	C:\Xilinx\SDK\2016.2\lib\win64.o\libboost_xilinx.dll
0x000007fef2620000 - 0x000007fef26a0000 	C:\Xilinx\SDK\2016.2\lib\win64.o\libhdlpsolve.dll
0x000007fec25e0000 - 0x000007fec267a000 	C:\Xilinx\SDK\2016.2\lib\win64.o\libhdxml.dll
0x000007fec2170000 - 0x000007fec25d5e00 	C:\Xilinx\SDK\2016.2\lib\win64.o\libisl_iostreams.dll
0x000007fec3c10000 - 0x000007fec3c26000 	C:\Xilinx\SDK\2016.2\lib\win64.o\libboost_iostreams.dll
0x000007fec3be0000 - 0x000007fec3c03000 	C:\Xilinx\SDK\2016.2\lib\win64.o\librdizlib.dll
0x000007fec3bb0000 - 0x000007fec3bd3000 	C:\Xilinx\SDK\2016.2\lib\win64.o\libisl_iosutils.dll
0x000007fec3b90000 - 0x000007fec3ba5000 	C:\Xilinx\SDK\2016.2\lib\win64.o\pthreadVC2.dll
0x000007fec2110000 - 0x000007fec2164000 	C:\Xilinx\SDK\2016.2\lib\win64.o\librdi_commonxillic.dll
0x000007fec1fe0000 - 0x000007fec2110000 	C:\Xilinx\SDK\2016.2\lib\win64.o\librdi_curl.dll
0x000007fec3b70000 - 0x000007fec3b88000 	C:\Xilinx\SDK\2016.2\lib\win64.o\librdiconfig.dll
0x000000006fc40000 - 0x000000006fd67000 	C:\Xilinx\SDK\2016.2\lib\win64.o\tcl85t.dll
0x0000000026db0000 - 0x0000000027013000 	C:\Xilinx\SDK\2016.2\lib\win64.o\xerces-c_3_1.dll
0x000007fefed70000 - 0x000007fefeef6000 	C:\Windows\system32\urlmon.dll
0x000007fefd070000 - 0x000007fefd074000 	C:\Windows\system32\api-ms-win-downlevel-ole32-l1-1-0.dll
0x000007feee230000 - 0x000007feee253000 	C:\Windows\system32\VCOMP110.DLL
0x000007fec1de0000 - 0x000007fec1fd2000 	C:\Xilinx\SDK\2016.2\lib\win64.o\librdi_hsm.dll
0x000007fec1d90000 - 0x000007fec1dd3000 	C:\Xilinx\SDK\2016.2\lib\win64.o\librdi_hdf.dll
0x000007fec0920000 - 0x000007fec0ba1000 	C:\Xilinx\SDK\2016.2\lib\win64.o\librdi_ippcw.dll
0x000007fec1d70000 - 0x000007fec1d86000 	C:\Xilinx\SDK\2016.2\eclipse\win64.o\plugins\org.eclipse.cdt.core.win32.x86_64_5.4.0.201509131935\os\win32\x86_64\spawner.dll
0x000007fef51f0000 - 0x000007fef51fa000 	C:\Xilinx\SDK\2016.2\lib\win64.o\librdi_jtag_settings.dll
0x000007fec1ce0000 - 0x000007fec1d09000 	C:\Xilinx\SDK\2016.2\lib\win64.o\librdi_debug_dialog.dll
0x000007fef4d60000 - 0x000007fef4d68000 	C:\Xilinx\SDK\2016.2\lib\win64.o\librdi_target_manager.dll
0x0000000071080000 - 0x00000000710a6000 	C:\Xilinx\SDK\2016.2\eclipse\win64.o\plugins\gnu.io.rxtx.win32.x86_64_2.1.7.3_v20071015\os\win32\x86_64\rxtxSerial.dll
0x0000000071100000 - 0x0000000071125000 	C:\Users\dezfoul2\.jssc\windows\jSSC-2.8_x86_64.dll
0x000007febe1f0000 - 0x000007febea00000 	C:\Xilinx\SDK\2016.2\lib\win64.o\libXil_lmgr11FNP.dll

VM Arguments:
jvm_args: -Dcom.xilinx.sdk.args.hwspec=W:/ece532/src/hdmi.sdk/hdmi_wrapper.hdf -Xms64m -Xmx512m & 
java_command: <unknown>
java_class_path (initial): C:\Xilinx\SDK\2016.2\eclipse\win64.o\\plugins/org.eclipse.equinox.launcher_1.3.100.v20150511-1540.jar
Launcher Type: generic

Environment Variables:
PATH=C:/Xilinx/SDK/2016.2/tps/win64/jre/bin/server;C:/Xilinx/SDK/2016.2/tps/win64/jre/bin;C:/Xilinx/SDK/2016.2/tps/win64/jre/lib/amd64;C:\Xilinx\SDK\2016.2\gnuwin\bin;C:\Xilinx\SDK\2016.2\gnu\microblaze\nt\bin;C:\Xilinx\SDK\2016.2\gnu\microblaze\linux_toolchain\nt64_le\bin;C:\Xilinx\SDK\2016.2\gnu\microblaze\linux_toolchain\nt64_be\bin;C:\Xilinx\SDK\2016.2\gnu\arm\nt\bin;C:\Xilinx\SDK\2016.2\gnu\aarch64\nt\aarch64-none\bin;C:\Xilinx\SDK\2016.2\gnu\aarch64\nt\aarch64-linux\bin;C:\Xilinx\SDK\2016.2\gnu\armr5\nt\gcc-arm-none-eabi\bin;C:\Xilinx\SDK\2016.2\gnu\aarch32\nt\gcc-arm-none-eabi\bin;C:\Xilinx\SDK\2016.2\gnu\aarch32\nt\gcc-arm-linux-gnueabi\bin;C:\Xilinx\SDK\2016.2\tps\win64\cmake-3.3.2\bin;;C:\Xilinx\SDK\2016.2\bin;C:\Xilinx\SDK\2016.2\lib\win64.o;C:\Xilinx\SDK\2016.2\tps\win64\jre\bin\server;C:\Xilinx\SDK\2016.2\tps\win64\jre\bin;C:\Xilinx\Vivado\2016.2\ids_lite\ISE\bin\nt64;C:\Xilinx\Vivado\2016.2\ids_lite\ISE\lib\nt64;C:\Xilinx\Vivado\2016.2\bin;C:\Xilinx\Vivado\2016.2\lib\win64.o;C:\Xilinx\Vivado\2016.2\tps\win64\jre\bin\server;C:\Xilinx\Vivado\2016.2\tps\win64\jre\bin;C:\Xilinx\Vivado_HLS\2016.2\bin;C:\Windows\system32;C:\Windows;C:\Windows\System32\Wbem;C:\Windows\System32\WindowsPowerShell\v1.0\;C:\altera\16.0\quartus\bin64;c:\altera\16.0\quartus\bin64\jre64\bin;w:\ece532\src;
USERNAME=dezfoul2
OS=Windows_NT
PROCESSOR_IDENTIFIER=Intel64 Family 6 Model 60 Stepping 3, GenuineIntel



---------------  S Y S T E M  ---------------

OS: Windows 7 , 64 bit Build 7601 (6.1.7601.23418)

CPU:total 8 (4 cores per cpu, 2 threads per core) family 6 model 60 stepping 3, cmov, cx8, fxsr, mmx, sse, sse2, sse3, ssse3, sse4.1, sse4.2, popcnt, avx, avx2, aes, clmul, erms, lzcnt, ht, tsc, tscinvbit, bmi1, bmi2

Memory: 4k page, physical 16683160k(10445856k free), swap 33364460k(26624460k free)

vm_info: Java HotSpot(TM) 64-Bit Server VM (25.66-b18) for windows-amd64 JRE (1.8.0_66-b18), built on Nov  9 2015 10:51:13 by "java_re" with MS VC++ 10.0 (VS2010)

time: Thu Mar 23 21:09:37 2017
elapsed time: 1959 seconds (0d 0h 32m 39s)

