#
# A fatal error has been detected by the Java Runtime Environment:
#
#  EXCEPTION_UNCAUGHT_CXX_EXCEPTION (0xe06d7363) at pc=0x000007fefd31a06d, pid=2516, tid=6172
#
# JRE version: Java(TM) SE Runtime Environment (8.0_66-b18) (build 1.8.0_66-b18)
# Java VM: Java HotSpot(TM) 64-Bit Server VM (25.66-b18 mixed mode windows-amd64 compressed oops)
# Problematic frame:
# C  [KERNELBASE.dll+0x1a06d]
#
# Failed to write core dump. Minidumps are not enabled by default on client versions of Windows
#
# If you would like to submit a bug report, please visit:
#   http://bugreport.java.com/bugreport/crash.jsp
#

---------------  T H R E A D  ---------------

Current thread (0x0000000014ec2800):  VMThread [stack: 0x0000000015e10000,0x0000000015f10000] [id=6172]

siginfo: ExceptionCode=0xe06d7363, ExceptionInformation=0x0000000019930520 0x0000000015f0f4c8 0x000007fef8cf2cb8 0x000007fef8c40000 

Registers:
RAX=0x0000000063b80585, RBX=0x000007fef8cf2cb8, RCX=0x0000000015f0ed10, RDX=0x00000000000000d0
RSP=0x0000000015f0f320, RBP=0x0000000015f0f450, RSI=0x00000000ffffffff, RDI=0x00000000174f5350
R8 =0x0000000000000000, R9 =0x0000000000000000, R10=0x000007fef8c40000, R11=0x0000000015f0f360
R12=0x0000000000000001, R13=0x0000000000000008, R14=0x0000000000000000, R15=0xffffffffffffffff
RIP=0x000007fefd31a06d, EFLAGS=0x0000000000000202

Top of Stack: (sp=0x0000000015f0f320)
0x0000000015f0f320:   000007fef8cf2cb8 00000000ffffffff
0x0000000015f0f330:   00000000174f5350 00000000002a6e90
0x0000000015f0f340:   00000001e06d7363 0000000000000000
0x0000000015f0f350:   000007fefd31a06d 000007fe00000004
0x0000000015f0f360:   0000000019930520 0000000015f0f4c8
0x0000000015f0f370:   000007fef8cf2cb8 000007fef8c40000
0x0000000015f0f380:   0000000000000000 0000000015f0f408
0x0000000015f0f390:   0000000000000028 00000000174f5340
0x0000000015f0f3a0:   00000000175108d0 0000000000000000
0x0000000015f0f3b0:   000007fffffa8000 000000007751f2d3
0x0000000015f0f3c0:   0000000000000000 0000000000000008
0x0000000015f0f3d0:   0000000000000001 00000000174f5350
0x0000000015f0f3e0:   00000000ffffffff 000007fef8c9e92c
0x0000000015f0f3f0:   000007fef8cf2cb8 0000000015f0f460
0x0000000015f0f400:   0000000000000001 000007fef8c400f8
0x0000000015f0f410:   00000001e06d7363 0000000000000000 

Instructions: (pc=0x000007fefd31a06d)
0x000007fefd31a04d:   54 24 24 48 89 4c 24 28 4d 85 c9 0f 85 6a 03 00
0x000007fefd31a05d:   00 89 4c 24 38 48 8d 4c 24 20 ff 15 33 02 03 00
0x000007fefd31a06d:   48 81 c4 c8 00 00 00 c3 90 90 90 90 90 90 90 90
0x000007fefd31a07d:   90 90 90 48 83 ec 28 65 48 8b 04 25 30 00 00 00 


Register to memory mapping:

RAX=0x0000000063b80585 is an unknown value
RBX=0x000007fef8cf2cb8 is an unknown value
RCX=0x0000000015f0ed10 is an unknown value
RDX=0x00000000000000d0 is an unknown value
RSP=0x0000000015f0f320 is an unknown value
RBP=0x0000000015f0f450 is an unknown value
RSI=0x00000000ffffffff is an unallocated location in the heap
RDI=0x00000000174f5350 is an unknown value
R8 =0x0000000000000000 is an unknown value
R9 =0x0000000000000000 is an unknown value
R10=0x000007fef8c40000 is an unknown value
R11=0x0000000015f0f360 is an unknown value
R12=0x0000000000000001 is an unknown value
R13=0x0000000000000008 is an unknown value
R14=0x0000000000000000 is an unknown value
R15=0xffffffffffffffff is an unknown value


Stack: [0x0000000015e10000,0x0000000015f10000],  sp=0x0000000015f0f320,  free space=1020k
Native frames: (J=compiled Java code, j=interpreted, Vv=VM code, C=native code)
C  [KERNELBASE.dll+0x1a06d]
C  [MSVCR110.dll+0x5e92c]
C  [MSVCR110.dll+0x1315c]
C  [MSVCR110.dll+0x136a9]
C  [MSVCR110.dll+0x13e9c]
C  [MSVCR110.dll+0x239e]
C  [MSVCR110.dll+0xaf9e]
C  [MSVCP110.dll+0x397b9]
C  [librdi_common.dll+0x182316]
C  [librdi_common.dll+0x180fab]
C  [librdi_target_manager.dll+0x2400]
C  [librdi_target_manager.dll+0x2682]
C  [ntdll.dll+0x229b1]
C  [ntdll.dll+0x227c0]
C  [MSVCR100.dll+0x20ccd]
V  [jvm.dll+0x210cc5]
V  [jvm.dll+0x249897]
V  [jvm.dll+0x248b36]
V  [jvm.dll+0x248fd1]
V  [jvm.dll+0x2491ee]
V  [jvm.dll+0x29a0fa]
C  [MSVCR100.dll+0x21d9f]
C  [MSVCR100.dll+0x21e3b]
C  [kernel32.dll+0x159bd]
C  [ntdll.dll+0x2a2e1]

VM_Operation (0x000000000012f4c0): Exit, mode: safepoint, requested by thread 0x00000000022a8000


---------------  P R O C E S S  ---------------

Java Threads: ( => current thread )
  0x00000000269f1800 JavaThread "pool-2-thread-1" [_thread_blocked, id=5424, stack(0x0000000028020000,0x0000000028120000)]
  0x00000000269ee800 JavaThread "Thread-39" daemon [_thread_blocked, id=4924, stack(0x0000000027e20000,0x0000000027f20000)]
  0x0000000017ca3000 JavaThread "TCF Channel Transmitter" daemon [_thread_blocked, id=6368, stack(0x00000000250d0000,0x00000000251d0000)]
  0x0000000017ca2000 JavaThread "TCF Channel Receiver" daemon [_thread_in_native, id=6376, stack(0x0000000023220000,0x0000000023320000)]
  0x0000000017ca0000 JavaThread "Process monitor" daemon [_thread_in_native, id=3700, stack(0x0000000025b30000,0x0000000025c30000)]
  0x0000000017c9f000 JavaThread "Input Stream Monitor" daemon [_thread_blocked, id=6432, stack(0x0000000025a30000,0x0000000025b30000)]
  0x0000000017c9e800 JavaThread "Output Stream Monitor" daemon [_thread_in_native, id=6312, stack(0x0000000025930000,0x0000000025a30000)]
  0x0000000017c9d800 JavaThread "Output Stream Monitor" daemon [_thread_in_native, id=6220, stack(0x0000000025830000,0x0000000025930000)]
  0x000000001a8b2000 JavaThread "TCF Locator DNS Lookup" daemon [_thread_blocked, id=4524, stack(0x00000000208f0000,0x00000000209f0000)]
  0x000000001a8b1800 JavaThread "TCF Locator Timer" daemon [_thread_blocked, id=5880, stack(0x00000000207f0000,0x00000000208f0000)]
  0x000000001a8b0800 JavaThread "TCF Locator Receiver" daemon [_thread_in_native, id=5576, stack(0x00000000206f0000,0x00000000207f0000)]
  0x000000001a8af000 JavaThread "TCF Timer Dispatcher" daemon [_thread_blocked, id=4444, stack(0x0000000020490000,0x0000000020590000)]
  0x0000000019f4c000 JavaThread "EMF Reference Cleaner" daemon [_thread_blocked, id=4040, stack(0x000000001bdf0000,0x000000001bef0000)]
  0x0000000014fb2800 JavaThread "Service Thread" daemon [_thread_blocked, id=1376, stack(0x00000000167d0000,0x00000000168d0000)]
  0x0000000014f49800 JavaThread "C1 CompilerThread3" daemon [_thread_blocked, id=5968, stack(0x00000000166d0000,0x00000000167d0000)]
  0x0000000014f21000 JavaThread "C2 CompilerThread2" daemon [_thread_blocked, id=4104, stack(0x00000000165d0000,0x00000000166d0000)]
  0x0000000014f19800 JavaThread "C2 CompilerThread1" daemon [_thread_blocked, id=5868, stack(0x00000000164d0000,0x00000000165d0000)]
  0x0000000014f12800 JavaThread "C2 CompilerThread0" daemon [_thread_blocked, id=4544, stack(0x00000000163d0000,0x00000000164d0000)]
  0x0000000014f0e000 JavaThread "Attach Listener" daemon [_thread_blocked, id=6748, stack(0x00000000162d0000,0x00000000163d0000)]
  0x0000000014f0c800 JavaThread "Signal Dispatcher" daemon [_thread_blocked, id=6752, stack(0x00000000161d0000,0x00000000162d0000)]
  0x0000000013d4b000 JavaThread "Finalizer" daemon [_thread_blocked, id=2936, stack(0x0000000016010000,0x0000000016110000)]
  0x0000000013d44000 JavaThread "Reference Handler" daemon [_thread_blocked, id=6204, stack(0x0000000015f10000,0x0000000016010000)]
  0x00000000022a8000 JavaThread "main" [_thread_blocked, id=5608, stack(0x0000000000030000,0x0000000000130000)]

Other Threads:
=>0x0000000014ec2800 VMThread [stack: 0x0000000015e10000,0x0000000015f10000] [id=6172]

VM state:at safepoint (shutting down)

VM Mutex/Monitor currently owned by a thread:  ([mutex/lock_event])
[0x000000000238e3b0] Threads_lock - owner thread: 0x0000000014ec2800

Heap:
 PSYoungGen      total 126464K, used 52518K [0x00000000f5580000, 0x00000000fe880000, 0x0000000100000000)
  eden space 121856K, 43% used [0x00000000f5580000,0x00000000f88c9bc8,0x00000000fcc80000)
  from space 4608K, 0% used [0x00000000fcc80000,0x00000000fcc80000,0x00000000fd100000)
  to   space 14336K, 0% used [0x00000000fda80000,0x00000000fda80000,0x00000000fe880000)
 ParOldGen       total 166912K, used 57502K [0x00000000e0000000, 0x00000000ea300000, 0x00000000f5580000)
  object space 166912K, 34% used [0x00000000e0000000,0x00000000e3827848,0x00000000ea300000)
 Metaspace       used 97857K, capacity 105344K, committed 105676K, reserved 1140736K
  class space    used 11401K, capacity 13780K, committed 13824K, reserved 1048576K

Card table byte_map: [0x0000000011950000,0x0000000011a60000] byte_map_base: 0x0000000011250000

Marking Bits: (ParMarkBitMap*) 0x000000007032a5b0
 Begin Bits: [0x0000000012260000, 0x0000000012a60000)
 End Bits:   [0x0000000012a60000, 0x0000000013260000)

Polling page: 0x0000000000320000

CodeCache: size=245760Kb used=62196Kb max_used=62248Kb free=183563Kb
 bounds [0x0000000002590000, 0x00000000062e0000, 0x0000000011590000]
 total_blobs=16974 nmethods=16053 adapters=826
 compilation: enabled

Compilation events (10 events):
Event: 2467.116 Thread 0x0000000014f49800 nmethod 21001 0x00000000030e6650 code [0x00000000030e6820, 0x00000000030e6f28]
Event: 2467.121 Thread 0x0000000014f49800 21007       3       java.util.ComparableTimSort::mergeHi (729 bytes)
Event: 2467.122 Thread 0x0000000014f49800 nmethod 21007 0x00000000062ce190 code [0x00000000062ce4e0, 0x00000000062d09f8]
Event: 2467.128 Thread 0x0000000014f49800 21008   !   3       org.eclipse.osgi.storage.BundleInfo$Generation::close (34 bytes)
Event: 2467.129 Thread 0x0000000014f49800 nmethod 21008 0x0000000003285350 code [0x00000000032854c0, 0x00000000032858e8]
Event: 2467.130 Thread 0x0000000014f49800 21010       3       org.eclipse.osgi.container.Module::holdsTransitionEventLock (25 bytes)
Event: 2467.130 Thread 0x0000000014f49800 nmethod 21010 0x00000000062b5c10 code [0x00000000062b5da0, 0x00000000062b64c8]
Event: 2467.132 Thread 0x0000000014f49800 21011       3       org.eclipse.osgi.container.ModuleWiring::unload (6 bytes)
Event: 2467.132 Thread 0x0000000014f49800 nmethod 21011 0x0000000002f23050 code [0x0000000002f231c0, 0x0000000002f23348]
Event: 2467.133 Thread 0x0000000014f49800 21017   !   3       org.eclipse.osgi.container.ModuleDatabase::getRevisionsTimestamp (25 bytes)

GC Heap History (10 events):
Event: 1282.604 GC heap before
{Heap before GC invocations=40 (full 8):
 PSYoungGen      total 136192K, used 6550K [0x00000000f5580000, 0x00000000feb00000, 0x0000000100000000)
  eden space 121344K, 0% used [0x00000000f5580000,0x00000000f5580000,0x00000000fcc00000)
  from space 14848K, 44% used [0x00000000fdc80000,0x00000000fe2e5a80,0x00000000feb00000)
  to   space 15872K, 0% used [0x00000000fcc00000,0x00000000fcc00000,0x00000000fdb80000)
 ParOldGen       total 166912K, used 55517K [0x00000000e0000000, 0x00000000ea300000, 0x00000000f5580000)
  object space 166912K, 33% used [0x00000000e0000000,0x00000000e3637418,0x00000000ea300000)
 Metaspace       used 96699K, capacity 104434K, committed 104780K, reserved 1140736K
  class space    used 11301K, capacity 13677K, committed 13696K, reserved 1048576K
Event: 1282.967 GC heap after
Heap after GC invocations=40 (full 8):
 PSYoungGen      total 136192K, used 0K [0x00000000f5580000, 0x00000000feb00000, 0x0000000100000000)
  eden space 121344K, 0% used [0x00000000f5580000,0x00000000f5580000,0x00000000fcc00000)
  from space 14848K, 0% used [0x00000000fdc80000,0x00000000fdc80000,0x00000000feb00000)
  to   space 15872K, 0% used [0x00000000fcc00000,0x00000000fcc00000,0x00000000fdb80000)
 ParOldGen       total 166912K, used 58631K [0x00000000e0000000, 0x00000000ea300000, 0x00000000f5580000)
  object space 166912K, 35% used [0x00000000e0000000,0x00000000e3941f78,0x00000000ea300000)
 Metaspace       used 96699K, capacity 104434K, committed 104780K, reserved 1140736K
  class space    used 11301K, capacity 13677K, committed 13696K, reserved 1048576K
}
Event: 1666.341 GC heap before
{Heap before GC invocations=41 (full 8):
 PSYoungGen      total 136192K, used 121344K [0x00000000f5580000, 0x00000000feb00000, 0x0000000100000000)
  eden space 121344K, 100% used [0x00000000f5580000,0x00000000fcc00000,0x00000000fcc00000)
  from space 14848K, 0% used [0x00000000fdc80000,0x00000000fdc80000,0x00000000feb00000)
  to   space 15872K, 0% used [0x00000000fcc00000,0x00000000fcc00000,0x00000000fdb80000)
 ParOldGen       total 166912K, used 58631K [0x00000000e0000000, 0x00000000ea300000, 0x00000000f5580000)
  object space 166912K, 35% used [0x00000000e0000000,0x00000000e3941f78,0x00000000ea300000)
 Metaspace       used 97046K, capacity 104728K, committed 105164K, reserved 1140736K
  class space    used 11329K, capacity 13710K, committed 13824K, reserved 1048576K
Event: 1666.346 GC heap after
Heap after GC invocations=41 (full 8):
 PSYoungGen      total 137216K, used 4340K [0x00000000f5580000, 0x00000000fea80000, 0x0000000100000000)
  eden space 121344K, 0% used [0x00000000f5580000,0x00000000f5580000,0x00000000fcc00000)
  from space 15872K, 27% used [0x00000000fcc00000,0x00000000fd03d168,0x00000000fdb80000)
  to   space 15360K, 0% used [0x00000000fdb80000,0x00000000fdb80000,0x00000000fea80000)
 ParOldGen       total 166912K, used 58639K [0x00000000e0000000, 0x00000000ea300000, 0x00000000f5580000)
  object space 166912K, 35% used [0x00000000e0000000,0x00000000e3943f78,0x00000000ea300000)
 Metaspace       used 97046K, capacity 104728K, committed 105164K, reserved 1140736K
  class space    used 11329K, capacity 13710K, committed 13824K, reserved 1048576K
}
Event: 2308.527 GC heap before
{Heap before GC invocations=42 (full 8):
 PSYoungGen      total 137216K, used 125684K [0x00000000f5580000, 0x00000000fea80000, 0x0000000100000000)
  eden space 121344K, 100% used [0x00000000f5580000,0x00000000fcc00000,0x00000000fcc00000)
  from space 15872K, 27% used [0x00000000fcc00000,0x00000000fd03d168,0x00000000fdb80000)
  to   space 15360K, 0% used [0x00000000fdb80000,0x00000000fdb80000,0x00000000fea80000)
 ParOldGen       total 166912K, used 58639K [0x00000000e0000000, 0x00000000ea300000, 0x00000000f5580000)
  object space 166912K, 35% used [0x00000000e0000000,0x00000000e3943f78,0x00000000ea300000)
 Metaspace       used 97149K, capacity 104728K, committed 105164K, reserved 1140736K
  class space    used 11330K, capacity 13710K, committed 13824K, reserved 1048576K
Event: 2308.533 GC heap after
Heap after GC invocations=42 (full 8):
 PSYoungGen      total 136192K, used 5069K [0x00000000f5580000, 0x00000000fe980000, 0x0000000100000000)
  eden space 121856K, 0% used [0x00000000f5580000,0x00000000f5580000,0x00000000fcc80000)
  from space 14336K, 35% used [0x00000000fdb80000,0x00000000fe073750,0x00000000fe980000)
  to   space 14848K, 0% used [0x00000000fcc80000,0x00000000fcc80000,0x00000000fdb00000)
 ParOldGen       total 166912K, used 58639K [0x00000000e0000000, 0x00000000ea300000, 0x00000000f5580000)
  object space 166912K, 35% used [0x00000000e0000000,0x00000000e3943f78,0x00000000ea300000)
 Metaspace       used 97149K, capacity 104728K, committed 105164K, reserved 1140736K
  class space    used 11330K, capacity 13710K, committed 13824K, reserved 1048576K
}
Event: 2455.576 GC heap before
{Heap before GC invocations=43 (full 8):
 PSYoungGen      total 136192K, used 45187K [0x00000000f5580000, 0x00000000fe980000, 0x0000000100000000)
  eden space 121856K, 32% used [0x00000000f5580000,0x00000000f7cad7d8,0x00000000fcc80000)
  from space 14336K, 35% used [0x00000000fdb80000,0x00000000fe073750,0x00000000fe980000)
  to   space 14848K, 0% used [0x00000000fcc80000,0x00000000fcc80000,0x00000000fdb00000)
 ParOldGen       total 166912K, used 58639K [0x00000000e0000000, 0x00000000ea300000, 0x00000000f5580000)
  object space 166912K, 35% used [0x00000000e0000000,0x00000000e3943f78,0x00000000ea300000)
 Metaspace       used 97240K, capacity 104792K, committed 105164K, reserved 1140736K
  class space    used 11333K, capacity 13710K, committed 13824K, reserved 1048576K
Event: 2455.582 GC heap after
Heap after GC invocations=43 (full 8):
 PSYoungGen      total 126464K, used 4313K [0x00000000f5580000, 0x00000000fe880000, 0x0000000100000000)
  eden space 121856K, 0% used [0x00000000f5580000,0x00000000f5580000,0x00000000fcc80000)
  from space 4608K, 93% used [0x00000000fcc80000,0x00000000fd0b6758,0x00000000fd100000)
  to   space 14336K, 0% used [0x00000000fda80000,0x00000000fda80000,0x00000000fe880000)
 ParOldGen       total 166912K, used 58647K [0x00000000e0000000, 0x00000000ea300000, 0x00000000f5580000)
  object space 166912K, 35% used [0x00000000e0000000,0x00000000e3945f78,0x00000000ea300000)
 Metaspace       used 97240K, capacity 104792K, committed 105164K, reserved 1140736K
  class space    used 11333K, capacity 13710K, committed 13824K, reserved 1048576K
}
Event: 2455.582 GC heap before
{Heap before GC invocations=44 (full 9):
 PSYoungGen      total 126464K, used 4313K [0x00000000f5580000, 0x00000000fe880000, 0x0000000100000000)
  eden space 121856K, 0% used [0x00000000f5580000,0x00000000f5580000,0x00000000fcc80000)
  from space 4608K, 93% used [0x00000000fcc80000,0x00000000fd0b6758,0x00000000fd100000)
  to   space 14336K, 0% used [0x00000000fda80000,0x00000000fda80000,0x00000000fe880000)
 ParOldGen       total 166912K, used 58647K [0x00000000e0000000, 0x00000000ea300000, 0x00000000f5580000)
  object space 166912K, 35% used [0x00000000e0000000,0x00000000e3945f78,0x00000000ea300000)
 Metaspace       used 97240K, capacity 104792K, committed 105164K, reserved 1140736K
  class space    used 11333K, capacity 13710K, committed 13824K, reserved 1048576K
Event: 2455.854 GC heap after
Heap after GC invocations=44 (full 9):
 PSYoungGen      total 126464K, used 0K [0x00000000f5580000, 0x00000000fe880000, 0x0000000100000000)
  eden space 121856K, 0% used [0x00000000f5580000,0x00000000f5580000,0x00000000fcc80000)
  from space 4608K, 0% used [0x00000000fcc80000,0x00000000fcc80000,0x00000000fd100000)
  to   space 14336K, 0% used [0x00000000fda80000,0x00000000fda80000,0x00000000fe880000)
 ParOldGen       total 166912K, used 57502K [0x00000000e0000000, 0x00000000ea300000, 0x00000000f5580000)
  object space 166912K, 34% used [0x00000000e0000000,0x00000000e3827848,0x00000000ea300000)
 Metaspace       used 97237K, capacity 104786K, committed 105164K, reserved 1140736K
  class space    used 11332K, capacity 13709K, committed 13824K, reserved 1048576K
}

Deoptimization events (10 events):
Event: 2467.111 Thread 0x000000001a8b7800 Uncommon trap: reason=unstable_if action=reinterpret pc=0x000000000544c950 method=org.eclipse.core.internal.jobs.JobManager.nextJob()Lorg/eclipse/core/runtime/jobs/Job; @ 80
Event: 2467.111 Thread 0x000000001a8b7800 Uncommon trap: reason=unstable_if action=reinterpret pc=0x0000000005106480 method=org.eclipse.core.internal.jobs.WorkerPool.startJob(Lorg/eclipse/core/internal/jobs/Worker;)Lorg/eclipse/core/internal/jobs/InternalJob; @ 177
Event: 2467.111 Thread 0x000000001a8ab800 Uncommon trap: reason=unstable_if action=reinterpret pc=0x0000000005106480 method=org.eclipse.core.internal.jobs.WorkerPool.startJob(Lorg/eclipse/core/internal/jobs/Worker;)Lorg/eclipse/core/internal/jobs/InternalJob; @ 177
Event: 2467.111 Thread 0x000000001a8ad800 Uncommon trap: reason=unstable_if action=reinterpret pc=0x0000000005106480 method=org.eclipse.core.internal.jobs.WorkerPool.startJob(Lorg/eclipse/core/internal/jobs/Worker;)Lorg/eclipse/core/internal/jobs/InternalJob; @ 177
Event: 2467.111 Thread 0x000000001a081000 Uncommon trap: reason=unstable_if action=reinterpret pc=0x0000000005106480 method=org.eclipse.core.internal.jobs.WorkerPool.startJob(Lorg/eclipse/core/internal/jobs/Worker;)Lorg/eclipse/core/internal/jobs/InternalJob; @ 177
Event: 2467.111 Thread 0x000000001943a000 Uncommon trap: reason=unstable_if action=reinterpret pc=0x0000000005106480 method=org.eclipse.core.internal.jobs.WorkerPool.startJob(Lorg/eclipse/core/internal/jobs/Worker;)Lorg/eclipse/core/internal/jobs/InternalJob; @ 177
Event: 2467.111 Thread 0x000000001a8b8000 Uncommon trap: reason=unstable_if action=reinterpret pc=0x0000000005106480 method=org.eclipse.core.internal.jobs.WorkerPool.startJob(Lorg/eclipse/core/internal/jobs/Worker;)Lorg/eclipse/core/internal/jobs/InternalJob; @ 177
Event: 2467.111 Thread 0x000000001a8b9800 Uncommon trap: reason=unstable_if action=reinterpret pc=0x0000000005106480 method=org.eclipse.core.internal.jobs.WorkerPool.startJob(Lorg/eclipse/core/internal/jobs/Worker;)Lorg/eclipse/core/internal/jobs/InternalJob; @ 177
Event: 2467.124 Thread 0x0000000017d8d800 Uncommon trap: reason=unstable_if action=reinterpret pc=0x00000000062b74a0 method=org.eclipse.osgi.framework.eventmgr.EventManager$EventThread.getNextEvent()Lorg/eclipse/osgi/framework/eventmgr/EventManager$EventThread$Queued; @ 15
Event: 2467.129 Thread 0x000000001a8ad000 Uncommon trap: reason=unstable_if action=reinterpret pc=0x00000000062b74a0 method=org.eclipse.osgi.framework.eventmgr.EventManager$EventThread.getNextEvent()Lorg/eclipse/osgi/framework/eventmgr/EventManager$EventThread$Queued; @ 15

Internal exceptions (10 events):
Event: 2465.784 Thread 0x00000000022a8000 Implicit null exception at 0x000000000586fa4d to 0x000000000586fd6d
Event: 2466.459 Thread 0x00000000022a8000 Implicit null exception at 0x0000000004806a26 to 0x0000000004806dc1
Event: 2466.477 Thread 0x000000001a8b4800 Implicit null exception at 0x0000000004a9494b to 0x0000000004a94d01
Event: 2466.503 Thread 0x000000001a8b8000 Implicit null exception at 0x0000000004b9b718 to 0x0000000004b9d199
Event: 2466.506 Thread 0x00000000269f0000 Exception <a 'java/lang/InterruptedException'> (0x00000000f828b458) thrown at [C:\re\workspace\8-2-build-windows-amd64-cygwin\jdk8u66\5298\hotspot\src\share\vm\runtime\objectMonitor.cpp, line 1683]
Event: 2466.534 Thread 0x000000001a8b4800 Implicit null exception at 0x0000000003d19d90 to 0x0000000003d1a649
Event: 2467.110 Thread 0x000000001a8ac000 Exception <a 'java/lang/InterruptedException'> (0x00000000f7fa9f60) thrown at [C:\re\workspace\8-2-build-windows-amd64-cygwin\jdk8u66\5298\hotspot\src\share\vm\runtime\objectMonitor.cpp, line 1683]
Event: 2467.124 Thread 0x0000000017d8d800 Exception <a 'java/lang/InterruptedException'> (0x00000000f85da338) thrown at [C:\re\workspace\8-2-build-windows-amd64-cygwin\jdk8u66\5298\hotspot\src\share\vm\runtime\objectMonitor.cpp, line 1683]
Event: 2467.129 Thread 0x000000001a8ad000 Exception <a 'java/lang/InterruptedException'> (0x00000000f5db98c0) thrown at [C:\re\workspace\8-2-build-windows-amd64-cygwin\jdk8u66\5298\hotspot\src\share\vm\runtime\objectMonitor.cpp, line 1683]
Event: 2467.129 Thread 0x0000000016cfa800 Exception <a 'java/lang/InterruptedException'> (0x00000000f8807848) thrown at [C:\re\workspace\8-2-build-windows-amd64-cygwin\jdk8u66\5298\hotspot\src\share\vm\runtime\objectMonitor.cpp, line 1683]

Events (10 events):
Event: 2467.132 Thread 0x0000000014f49800 flushing nmethod 0x0000000004576390
Event: 2467.133 Thread 0x0000000014f49800 flushing nmethod 0x000000000457b550
Event: 2467.133 Thread 0x000000001a8b4800 Thread exited: 0x000000001a8b4800
Event: 2467.133 loading class java/util/IdentityHashMap$KeyIterator
Event: 2467.133 loading class java/util/IdentityHashMap$IdentityHashMapIterator
Event: 2467.133 loading class java/util/IdentityHashMap$IdentityHashMapIterator done
Event: 2467.133 loading class java/util/IdentityHashMap$KeyIterator done
Event: 2467.134 Thread 0x000000001a8b4800 Thread added: 0x000000001a8b4800
Event: 2467.134 Thread 0x000000001a8b4800 Thread exited: 0x000000001a8b4800
Event: 2467.134 Executing VM operation: Exit


Dynamic libraries:
0x0000000000400000 - 0x000000000044f000 	C:\Xilinx\SDK\2016.2\eclipse\win64.o\eclipse.exe
0x00000000774d0000 - 0x000000007767a000 	C:\Windows\SYSTEM32\ntdll.dll
0x00000000772b0000 - 0x00000000773cf000 	C:\Windows\system32\kernel32.dll
0x000007fefd300000 - 0x000007fefd36a000 	C:\Windows\system32\KERNELBASE.dll
0x00000000773d0000 - 0x00000000774ca000 	C:\Windows\system32\USER32.dll
0x000007feff110000 - 0x000007feff177000 	C:\Windows\system32\GDI32.dll
0x000007feff0e0000 - 0x000007feff0ee000 	C:\Windows\system32\LPK.dll
0x000007fefd970000 - 0x000007fefda3a000 	C:\Windows\system32\USP10.dll
0x000007fefefc0000 - 0x000007feff05f000 	C:\Windows\system32\msvcrt.dll
0x000007fefbb20000 - 0x000007fefbd14000 	C:\Windows\WinSxS\amd64_microsoft.windows.common-controls_6595b64144ccf1df_6.0.7601.18837_none_fa3b1e3d17594757\COMCTL32.dll
0x000007feff060000 - 0x000007feff0d1000 	C:\Windows\system32\SHLWAPI.dll
0x000007fefd5d0000 - 0x000007fefd5fe000 	C:\Windows\system32\IMM32.DLL
0x000007fefdfc0000 - 0x000007fefe0c9000 	C:\Windows\system32\MSCTF.dll
0x0000000072000000 - 0x0000000072012000 	C:\Xilinx\SDK\2016.2\eclipse\win64.o\plugins\org.eclipse.equinox.launcher.win32.win32.x86_64_1.1.300.v20150602-1417\eclipse_1611.dll
0x000007feff700000 - 0x000007feff7db000 	C:\Windows\system32\ADVAPI32.dll
0x000007feff0f0000 - 0x000007feff10f000 	C:\Windows\SYSTEM32\sechost.dll
0x000007fefda40000 - 0x000007fefdb6d000 	C:\Windows\system32\RPCRT4.dll
0x000007fefc2a0000 - 0x000007fefc2ac000 	C:\Windows\system32\VERSION.dll
0x000007fefbac0000 - 0x000007fefbb16000 	C:\Windows\system32\UxTheme.dll
0x000000006fb20000 - 0x00000000703a9000 	C:\Xilinx\SDK\2016.2\tps\win64\jre\bin\server\jvm.dll
0x000007fefb2a0000 - 0x000007fefb2a9000 	C:\Windows\system32\WSOCK32.dll
0x000007fefe1d0000 - 0x000007fefe21d000 	C:\Windows\system32\WS2_32.dll
0x000007fefe220000 - 0x000007fefe228000 	C:\Windows\system32\NSI.dll
0x000007fefab30000 - 0x000007fefab6b000 	C:\Windows\system32\WINMM.dll
0x0000000077690000 - 0x0000000077697000 	C:\Windows\system32\PSAPI.DLL
0x0000000072e20000 - 0x0000000072ef2000 	C:\Windows\system32\MSVCR100.dll
0x0000000074750000 - 0x000000007475f000 	C:\Xilinx\SDK\2016.2\tps\win64\jre\bin\verify.dll
0x0000000074720000 - 0x0000000074749000 	C:\Xilinx\SDK\2016.2\tps\win64\jre\bin\java.dll
0x0000000074700000 - 0x0000000074716000 	C:\Xilinx\SDK\2016.2\tps\win64\jre\bin\zip.dll
0x000007fefe230000 - 0x000007fefefb9000 	C:\Windows\system32\SHELL32.dll
0x000007fefddb0000 - 0x000007fefdfb3000 	C:\Windows\system32\ole32.dll
0x000007fefd210000 - 0x000007fefd21f000 	C:\Windows\system32\profapi.dll
0x000007fefca10000 - 0x000007fefca28000 	C:\Windows\system32\CRYPTSP.dll
0x000007fefc710000 - 0x000007fefc757000 	C:\Windows\system32\rsaenh.dll
0x000007fefd410000 - 0x000007fefd42e000 	C:\Windows\system32\USERENV.dll
0x000007fefd070000 - 0x000007fefd07f000 	C:\Windows\system32\CRYPTBASE.dll
0x0000000073060000 - 0x000000007307a000 	C:\Xilinx\SDK\2016.2\tps\win64\jre\bin\net.dll
0x000007fefc9b0000 - 0x000007fefca05000 	C:\Windows\system32\mswsock.dll
0x000007fefc9a0000 - 0x000007fefc9a7000 	C:\Windows\System32\wship6.dll
0x000007fef9aa0000 - 0x000007fef9ac7000 	C:\Windows\system32\IPHLPAPI.DLL
0x000007fef9a80000 - 0x000007fef9a8b000 	C:\Windows\system32\WINNSI.DLL
0x000007fefa9a0000 - 0x000007fefa9b1000 	C:\Windows\system32\dhcpcsvc6.DLL
0x000007fefa980000 - 0x000007fefa998000 	C:\Windows\system32\dhcpcsvc.DLL
0x0000000073080000 - 0x0000000073091000 	C:\Xilinx\SDK\2016.2\tps\win64\jre\bin\nio.dll
0x000007fef9c60000 - 0x000007fef9c75000 	C:\Windows\system32\NLAapi.dll
0x000007fef9ff0000 - 0x000007fefa005000 	C:\Windows\system32\napinsp.dll
0x000007fefa010000 - 0x000007fefa029000 	C:\Windows\system32\pnrpnsp.dll
0x000007fefc830000 - 0x000007fefc88b000 	C:\Windows\system32\DNSAPI.dll
0x000007fef9fe0000 - 0x000007fef9feb000 	C:\Windows\System32\winrnr.dll
0x000007fefc370000 - 0x000007fefc377000 	C:\Windows\System32\wshtcpip.dll
0x000007fefa580000 - 0x000007fefa588000 	C:\Windows\system32\rasadhlp.dll
0x000007fefaa30000 - 0x000007fefaa83000 	C:\Windows\System32\fwpuclnt.dll
0x0000000017390000 - 0x0000000017438000 	C:\Users\dezfoul2\.Xilinx\SDK\2016.2\org.eclipse.osgi\312\0\.cp\swt-win32-4527.dll
0x000007fefe0f0000 - 0x000007fefe1c8000 	C:\Windows\system32\OLEAUT32.dll
0x000007fefd600000 - 0x000007fefd697000 	C:\Windows\system32\comdlg32.dll
0x000007fef6aa0000 - 0x000007fef6b11000 	C:\Windows\system32\WINSPOOL.DRV
0x000007feff220000 - 0x000007feff4e5000 	C:\Windows\system32\WININET.dll
0x000007fefd260000 - 0x000007fefd264000 	C:\Windows\system32\api-ms-win-downlevel-user32-l1-1-0.dll
0x000007fefd450000 - 0x000007fefd454000 	C:\Windows\system32\api-ms-win-downlevel-shlwapi-l1-1-0.dll
0x000007fefd250000 - 0x000007fefd254000 	C:\Windows\system32\api-ms-win-downlevel-version-l1-1-0.dll
0x000007fefd2f0000 - 0x000007fefd2f3000 	C:\Windows\system32\api-ms-win-downlevel-normaliz-l1-1-0.dll
0x00000000776a0000 - 0x00000000776a3000 	C:\Windows\system32\normaliz.DLL
0x000007fefd6a0000 - 0x000007fefd969000 	C:\Windows\system32\iertutil.dll
0x000007fefd230000 - 0x000007fefd235000 	C:\Windows\system32\api-ms-win-downlevel-advapi32-l1-1-0.dll
0x000007fefd460000 - 0x000007fefd5cd000 	C:\Windows\system32\CRYPT32.dll
0x000007fefd220000 - 0x000007fefd22f000 	C:\Windows\system32\MSASN1.dll
0x000007fefb590000 - 0x000007fefb6bc000 	C:\Windows\system32\propsys.dll
0x000007feff180000 - 0x000007feff219000 	C:\Windows\system32\CLBCatQ.DLL
0x00000000003a0000 - 0x00000000003be000 	C:\Users\dezfoul2\.Xilinx\SDK\2016.2\org.eclipse.osgi\312\0\.cp\swt-gdip-win32-4527.dll
0x000007fefb8a0000 - 0x000007fefbab6000 	C:\Windows\WinSxS\amd64_microsoft.windows.gdiplus_6595b64144ccf1df_1.1.7601.23508_none_145555328b95eaaa\gdiplus.dll
0x000007fefb3c0000 - 0x000007fefb521000 	C:\Windows\system32\WindowsCodecs.dll
0x0000000180000000 - 0x0000000180012000 	C:\Users\dezfoul2\.Xilinx\SDK\2016.2\org.eclipse.osgi\126\0\.cp\os\win32\x86_64\localfile_1_0_0.dll
0x000007feee220000 - 0x000007feee274000 	C:\Windows\system32\oleacc.dll
0x000007fef7360000 - 0x000007fef7367000 	C:\Windows\system32\msimg32.dll
0x000007fefd160000 - 0x000007fefd174000 	C:\Windows\system32\RpcRtRemote.dll
0x000007fefd010000 - 0x000007fefd067000 	C:\Windows\system32\apphelp.dll
0x000007fef9890000 - 0x000007fef98a1000 	C:\Users\dezfoul2\.Xilinx\SDK\2016.2\org.eclipse.osgi\129\0\.cp\jWinHttp-1.0.0.dll
0x000007fefa070000 - 0x000007fefa0e1000 	C:\Windows\system32\WINHTTP.dll
0x000007fef9960000 - 0x000007fef99c4000 	C:\Windows\system32\webio.dll
0x000007fefcfe0000 - 0x000007fefd005000 	C:\Windows\system32\SspiCli.dll
0x000007fefc5d0000 - 0x000007fefc5da000 	C:\Windows\system32\credssp.dll
0x000007fefd270000 - 0x000007fefd2a6000 	C:\Windows\system32\CFGMGR32.dll
0x000007fefb1f0000 - 0x000007fefb1ff000 	C:\Xilinx\SDK\2016.2\lib\win64.o\librdi_repo_manager.dll
0x000007fef9860000 - 0x000007fef988a000 	C:\Xilinx\SDK\2016.2\lib\win64.o\libisl_sysinfo.dll
0x000007fef8c40000 - 0x000007fef8d14000 	C:\Windows\system32\MSVCR110.dll
0x000007fef8b10000 - 0x000007fef8bb7000 	C:\Windows\system32\MSVCP110.dll
0x000007feb9be0000 - 0x000007feba620000 	C:\Xilinx\SDK\2016.2\lib\win64.o\librdi_common.dll
0x000007feeafb0000 - 0x000007feeb31e000 	C:\Xilinx\SDK\2016.2\lib\win64.o\libCOIN-all.dll
0x000007fef4050000 - 0x000007fef426f000 	C:\Xilinx\SDK\2016.2\lib\win64.o\libXil_lmgr11.dll
0x000007fefb280000 - 0x000007fefb296000 	C:\Windows\system32\NETAPI32.dll
0x000007fefc640000 - 0x000007fefc64c000 	C:\Windows\system32\netutils.dll
0x000007fefcd70000 - 0x000007fefcd93000 	C:\Windows\system32\srvcli.dll
0x000007fefb260000 - 0x000007fefb275000 	C:\Windows\system32\wkscli.dll
0x000007fefd2b0000 - 0x000007fefd2eb000 	C:\Windows\system32\WINTRUST.dll
0x000007fefb160000 - 0x000007fefb170000 	C:\Xilinx\SDK\2016.2\lib\win64.o\libboost_date_time.dll
0x000007fef9830000 - 0x000007fef9854000 	C:\Xilinx\SDK\2016.2\lib\win64.o\libboost_filesystem.dll
0x000007fefb3a0000 - 0x000007fefb3a9000 	C:\Xilinx\SDK\2016.2\lib\win64.o\libboost_system.dll
0x000007fef97b0000 - 0x000007fef9827000 	C:\Xilinx\SDK\2016.2\lib\win64.o\libboost_program_options.dll
0x000007fef96a0000 - 0x000007fef97a6000 	C:\Xilinx\SDK\2016.2\lib\win64.o\libboost_regex.dll
0x000007fef7b70000 - 0x000007fef7b83000 	C:\Xilinx\SDK\2016.2\lib\win64.o\libboost_signals.dll
0x000007fef7b50000 - 0x000007fef7b6d000 	C:\Xilinx\SDK\2016.2\lib\win64.o\libboost_thread.dll
0x000007fef9690000 - 0x000007fef969b000 	C:\Xilinx\SDK\2016.2\lib\win64.o\libboost_chrono.dll
0x000007fef7b40000 - 0x000007fef7b4b000 	C:\Xilinx\SDK\2016.2\lib\win64.o\libboost_xilinx.dll
0x000007fef5690000 - 0x000007fef5710000 	C:\Xilinx\SDK\2016.2\lib\win64.o\libhdlpsolve.dll
0x000007fef55f0000 - 0x000007fef568a000 	C:\Xilinx\SDK\2016.2\lib\win64.o\libhdxml.dll
0x000007feb9770000 - 0x000007feb9bd5e00 	C:\Xilinx\SDK\2016.2\lib\win64.o\libisl_iostreams.dll
0x000007fef55d0000 - 0x000007fef55e6000 	C:\Xilinx\SDK\2016.2\lib\win64.o\libboost_iostreams.dll
0x000007fef55a0000 - 0x000007fef55c3000 	C:\Xilinx\SDK\2016.2\lib\win64.o\librdizlib.dll
0x000007fef5570000 - 0x000007fef5593000 	C:\Xilinx\SDK\2016.2\lib\win64.o\libisl_iosutils.dll
0x000007fef5550000 - 0x000007fef5565000 	C:\Xilinx\SDK\2016.2\lib\win64.o\pthreadVC2.dll
0x000007feeeb50000 - 0x000007feeeba4000 	C:\Xilinx\SDK\2016.2\lib\win64.o\librdi_commonxillic.dll
0x000007feeae80000 - 0x000007feeafb0000 	C:\Xilinx\SDK\2016.2\lib\win64.o\librdi_curl.dll
0x000007fef5530000 - 0x000007fef5548000 	C:\Xilinx\SDK\2016.2\lib\win64.o\librdiconfig.dll
0x0000000072f30000 - 0x0000000073057000 	C:\Xilinx\SDK\2016.2\lib\win64.o\tcl85t.dll
0x0000000024e60000 - 0x00000000250c3000 	C:\Xilinx\SDK\2016.2\lib\win64.o\xerces-c_3_1.dll
0x000007feff4f0000 - 0x000007feff676000 	C:\Windows\system32\urlmon.dll
0x000007fefd240000 - 0x000007fefd244000 	C:\Windows\system32\api-ms-win-downlevel-ole32-l1-1-0.dll
0x000007fef2c30000 - 0x000007fef2c53000 	C:\Windows\system32\VCOMP110.DLL
0x000007feba8a0000 - 0x000007febaa92000 	C:\Xilinx\SDK\2016.2\lib\win64.o\librdi_hsm.dll
0x000007fef48b0000 - 0x000007fef48f3000 	C:\Xilinx\SDK\2016.2\lib\win64.o\librdi_hdf.dll
0x000007feb94e0000 - 0x000007feb9761000 	C:\Xilinx\SDK\2016.2\lib\win64.o\librdi_ippcw.dll
0x000007fef5510000 - 0x000007fef5526000 	C:\Xilinx\SDK\2016.2\eclipse\win64.o\plugins\org.eclipse.cdt.core.win32.x86_64_5.4.0.201509131935\os\win32\x86_64\spawner.dll
0x000007fef7330000 - 0x000007fef733a000 	C:\Xilinx\SDK\2016.2\lib\win64.o\librdi_jtag_settings.dll
0x000007fef5bd0000 - 0x000007fef5bf9000 	C:\Xilinx\SDK\2016.2\lib\win64.o\librdi_debug_dialog.dll
0x000007fef6880000 - 0x000007fef6888000 	C:\Xilinx\SDK\2016.2\lib\win64.o\librdi_target_manager.dll
0x0000000071080000 - 0x00000000710a6000 	C:\Xilinx\SDK\2016.2\eclipse\win64.o\plugins\gnu.io.rxtx.win32.x86_64_2.1.7.3_v20071015\os\win32\x86_64\rxtxSerial.dll
0x000007feb61c0000 - 0x000007feb69d0000 	C:\Xilinx\SDK\2016.2\lib\win64.o\libXil_lmgr11FNP.dll
0x000007fef4e80000 - 0x000007fef4e8b000 	C:\Windows\system32\snmpapi.dll

VM Arguments:
jvm_args: -Dcom.xilinx.sdk.args.hwspec=W:/ece532/src/hdmi.sdk/hdmi_wrapper.hdf -Xms64m -Xmx512m & 
java_command: <unknown>
java_class_path (initial): C:\Xilinx\SDK\2016.2\eclipse\win64.o\\plugins/org.eclipse.equinox.launcher_1.3.100.v20150511-1540.jar
Launcher Type: generic

Environment Variables:
PATH=C:/Xilinx/SDK/2016.2/tps/win64/jre/bin/server;C:/Xilinx/SDK/2016.2/tps/win64/jre/bin;C:/Xilinx/SDK/2016.2/tps/win64/jre/lib/amd64;C:\Xilinx\SDK\2016.2\gnuwin\bin;C:\Xilinx\SDK\2016.2\gnu\microblaze\nt\bin;C:\Xilinx\SDK\2016.2\gnu\microblaze\linux_toolchain\nt64_le\bin;C:\Xilinx\SDK\2016.2\gnu\microblaze\linux_toolchain\nt64_be\bin;C:\Xilinx\SDK\2016.2\gnu\arm\nt\bin;C:\Xilinx\SDK\2016.2\gnu\aarch64\nt\aarch64-none\bin;C:\Xilinx\SDK\2016.2\gnu\aarch64\nt\aarch64-linux\bin;C:\Xilinx\SDK\2016.2\gnu\armr5\nt\gcc-arm-none-eabi\bin;C:\Xilinx\SDK\2016.2\gnu\aarch32\nt\gcc-arm-none-eabi\bin;C:\Xilinx\SDK\2016.2\gnu\aarch32\nt\gcc-arm-linux-gnueabi\bin;C:\Xilinx\SDK\2016.2\tps\win64\cmake-3.3.2\bin;;C:\Xilinx\SDK\2016.2\bin;C:\Xilinx\SDK\2016.2\lib\win64.o;C:\Xilinx\SDK\2016.2\tps\win64\jre\bin\server;C:\Xilinx\SDK\2016.2\tps\win64\jre\bin;C:\Xilinx\Vivado\2016.2\ids_lite\ISE\bin\nt64;C:\Xilinx\Vivado\2016.2\ids_lite\ISE\lib\nt64;C:\Xilinx\Vivado\2016.2\bin;C:\Xilinx\Vivado\2016.2\lib\win64.o;C:\Xilinx\Vivado\2016.2\tps\win64\jre\bin\server;C:\Xilinx\Vivado\2016.2\tps\win64\jre\bin;C:\Xilinx\Vivado_HLS\2016.2\bin;C:\Windows\system32;C:\Windows;C:\Windows\System32\Wbem;C:\Windows\System32\WindowsPowerShell\v1.0\;C:\Program Files (x86)\Java\jre6\bin;C:\Program Files (x86)\eclipse;C:\altera\16.0\quartus\bin64;c:\altera\16.0\quartus\bin64\jre64\bin;W:\ece532\src;
USERNAME=dezfoul2
OS=Windows_NT
PROCESSOR_IDENTIFIER=Intel64 Family 6 Model 60 Stepping 3, GenuineIntel



---------------  S Y S T E M  ---------------

OS: Windows 7 , 64 bit Build 7601 (6.1.7601.23418)

CPU:total 8 (4 cores per cpu, 2 threads per core) family 6 model 60 stepping 3, cmov, cx8, fxsr, mmx, sse, sse2, sse3, ssse3, sse4.1, sse4.2, popcnt, avx, avx2, aes, clmul, erms, lzcnt, ht, tsc, tscinvbit, bmi1, bmi2

Memory: 4k page, physical 16683160k(10302284k free), swap 33364460k(25860576k free)

vm_info: Java HotSpot(TM) 64-Bit Server VM (25.66-b18) for windows-amd64 JRE (1.8.0_66-b18), built on Nov  9 2015 10:51:13 by "java_re" with MS VC++ 10.0 (VS2010)

time: Wed Mar 22 20:26:55 2017
elapsed time: 2467 seconds (0d 0h 41m 7s)

