#
# A fatal error has been detected by the Java Runtime Environment:
#
#  EXCEPTION_UNCAUGHT_CXX_EXCEPTION (0xe06d7363) at pc=0x000007fefcc2a06d, pid=3436, tid=5368
#
# JRE version: Java(TM) SE Runtime Environment (8.0_66-b18) (build 1.8.0_66-b18)
# Java VM: Java HotSpot(TM) 64-Bit Server VM (25.66-b18 mixed mode windows-amd64 compressed oops)
# Problematic frame:
# C  [KERNELBASE.dll+0x1a06d]
#
# Failed to write core dump. Minidumps are not enabled by default on client versions of Windows
#
# If you would like to submit a bug report, please visit:
#   http://bugreport.java.com/bugreport/crash.jsp
#

---------------  T H R E A D  ---------------

Current thread (0x0000000014fa2800):  VMThread [stack: 0x0000000015ef0000,0x0000000015ff0000] [id=5368]

siginfo: ExceptionCode=0xe06d7363, ExceptionInformation=0x0000000019930520 0x0000000015fef4c8 0x000007feeb462cb8 0x000007feeb3b0000 

Registers:
RAX=0x0000000060771d32, RBX=0x000007feeb462cb8, RCX=0x0000000015feed10, RDX=0x00000000000000d0
RSP=0x0000000015fef320, RBP=0x0000000015fef450, RSI=0x00000000ffffffff, RDI=0x0000000017569660
R8 =0x0000000000000000, R9 =0x0000000000000000, R10=0x000007feeb3b0000, R11=0x0000000015fef360
R12=0x0000000000000001, R13=0x0000000000000008, R14=0x0000000000000000, R15=0xffffffffffffffff
RIP=0x000007fefcc2a06d, EFLAGS=0x0000000000000202

Top of Stack: (sp=0x0000000015fef320)
0x0000000015fef320:   000007feeb462cb8 00000000ffffffff
0x0000000015fef330:   0000000017569660 0000000000357230
0x0000000015fef340:   00000001e06d7363 0000000000000000
0x0000000015fef350:   000007fefcc2a06d 000007fe00000004
0x0000000015fef360:   0000000019930520 0000000015fef4c8
0x0000000015fef370:   000007feeb462cb8 000007feeb3b0000
0x0000000015fef380:   0000000000000000 0000000015fef408
0x0000000015fef390:   0000000000000028 0000000017569650
0x0000000015fef3a0:   000000001751dde0 0000000000000000
0x0000000015fef3b0:   000007fffffa8000 0000000076eff2d3
0x0000000015fef3c0:   0000000000000000 0000000000000008
0x0000000015fef3d0:   0000000000000001 0000000017569660
0x0000000015fef3e0:   00000000ffffffff 000007feeb40e92c
0x0000000015fef3f0:   000007feeb462cb8 0000000015fef460
0x0000000015fef400:   0000000000000001 000007feeb3b00f8
0x0000000015fef410:   00000001e06d7363 0000000000000000 

Instructions: (pc=0x000007fefcc2a06d)
0x000007fefcc2a04d:   54 24 24 48 89 4c 24 28 4d 85 c9 0f 85 6a 03 00
0x000007fefcc2a05d:   00 89 4c 24 38 48 8d 4c 24 20 ff 15 33 02 03 00
0x000007fefcc2a06d:   48 81 c4 c8 00 00 00 c3 90 90 90 90 90 90 90 90
0x000007fefcc2a07d:   90 90 90 48 83 ec 28 65 48 8b 04 25 30 00 00 00 


Register to memory mapping:

RAX=0x0000000060771d32 is an unknown value
RBX=0x000007feeb462cb8 is an unknown value
RCX=0x0000000015feed10 is an unknown value
RDX=0x00000000000000d0 is an unknown value
RSP=0x0000000015fef320 is an unknown value
RBP=0x0000000015fef450 is an unknown value
RSI=0x00000000ffffffff is an unallocated location in the heap
RDI=0x0000000017569660 is an unknown value
R8 =0x0000000000000000 is an unknown value
R9 =0x0000000000000000 is an unknown value
R10=0x000007feeb3b0000 is an unknown value
R11=0x0000000015fef360 is an unknown value
R12=0x0000000000000001 is an unknown value
R13=0x0000000000000008 is an unknown value
R14=0x0000000000000000 is an unknown value
R15=0xffffffffffffffff is an unknown value


Stack: [0x0000000015ef0000,0x0000000015ff0000],  sp=0x0000000015fef320,  free space=1020k
Native frames: (J=compiled Java code, j=interpreted, Vv=VM code, C=native code)
C  [KERNELBASE.dll+0x1a06d]
C  [MSVCR110.dll+0x5e92c]
C  [MSVCR110.dll+0x1315c]
C  [MSVCR110.dll+0x136a9]
C  [MSVCR110.dll+0x13e9c]
C  [MSVCR110.dll+0x239e]
C  [MSVCR110.dll+0xaf9e]
C  [MSVCP110.dll+0x397b9]
C  [librdi_common.dll+0x182316]
C  [librdi_common.dll+0x180fab]
C  [librdi_target_manager.dll+0x2400]
C  [librdi_target_manager.dll+0x2682]
C  [ntdll.dll+0x229b1]
C  [ntdll.dll+0x227c0]
C  [MSVCR100.dll+0x20ccd]
V  [jvm.dll+0x210cc5]
V  [jvm.dll+0x249897]
V  [jvm.dll+0x248b36]
V  [jvm.dll+0x248fd1]
V  [jvm.dll+0x2491ee]
V  [jvm.dll+0x29a0fa]
C  [MSVCR100.dll+0x21d9f]
C  [MSVCR100.dll+0x21e3b]
C  [kernel32.dll+0x159bd]
C  [ntdll.dll+0x2a2e1]

VM_Operation (0x000000000012f4c0): Exit, mode: safepoint, requested by thread 0x00000000025d8000


---------------  P R O C E S S  ---------------

Java Threads: ( => current thread )
  0x0000000018caa800 JavaThread "pool-2-thread-10" [_thread_blocked, id=5020, stack(0x0000000025d00000,0x0000000025e00000)]
  0x0000000018597800 JavaThread "pool-2-thread-9" [_thread_blocked, id=3576, stack(0x00000000292c0000,0x00000000293c0000)]
  0x0000000018596000 JavaThread "pool-2-thread-8" [_thread_blocked, id=6012, stack(0x00000000290c0000,0x00000000291c0000)]
  0x0000000018594800 JavaThread "pool-2-thread-7" [_thread_blocked, id=3836, stack(0x0000000024c20000,0x0000000024d20000)]
  0x000000001d61c800 JavaThread "pool-2-thread-6" [_thread_blocked, id=3940, stack(0x0000000026200000,0x0000000026300000)]
  0x0000000016a49000 JavaThread "pool-2-thread-5" [_thread_blocked, id=2548, stack(0x00000000287d0000,0x00000000288d0000)]
  0x0000000018c9e800 JavaThread "pool-2-thread-4" [_thread_blocked, id=4840, stack(0x00000000282d0000,0x00000000283d0000)]
  0x000000001d60e800 JavaThread "pool-2-thread-3" [_thread_blocked, id=4452, stack(0x0000000026100000,0x0000000026200000)]
  0x000000001d617800 JavaThread "pool-2-thread-2" [_thread_blocked, id=5852, stack(0x00000000280d0000,0x00000000281d0000)]
  0x000000001d616000 JavaThread "pool-2-thread-1" [_thread_blocked, id=5412, stack(0x00000000281d0000,0x00000000282d0000)]
  0x000000001d619000 JavaThread "Thread-38" daemon [_thread_blocked, id=3368, stack(0x0000000027fd0000,0x00000000280d0000)]
  0x000000001d613000 JavaThread "TCF Channel Transmitter" daemon [_thread_blocked, id=5704, stack(0x0000000026cd0000,0x0000000026dd0000)]
  0x000000001d612000 JavaThread "TCF Channel Receiver" daemon [_thread_in_native, id=5024, stack(0x0000000026300000,0x0000000026400000)]
  0x000000001d611800 JavaThread "Process monitor" daemon [_thread_in_native, id=5604, stack(0x0000000024ff0000,0x00000000250f0000)]
  0x000000001d610800 JavaThread "Input Stream Monitor" daemon [_thread_blocked, id=5688, stack(0x0000000024ef0000,0x0000000024ff0000)]
  0x000000001d610000 JavaThread "Output Stream Monitor" daemon [_thread_in_native, id=4484, stack(0x0000000024df0000,0x0000000024ef0000)]
  0x000000001d60f000 JavaThread "Output Stream Monitor" daemon [_thread_in_native, id=4660, stack(0x0000000024830000,0x0000000024930000)]
  0x0000000018ca6000 JavaThread "TCF Locator DNS Lookup" daemon [_thread_blocked, id=5824, stack(0x0000000023950000,0x0000000023a50000)]
  0x0000000018ca5000 JavaThread "TCF Locator Timer" daemon [_thread_blocked, id=3904, stack(0x0000000023850000,0x0000000023950000)]
  0x0000000018ca3000 JavaThread "TCF Timer Dispatcher" daemon [_thread_blocked, id=5848, stack(0x000000001ed80000,0x000000001ee80000)]
  0x00000000184dd000 JavaThread "EMF Reference Cleaner" daemon [_thread_blocked, id=4504, stack(0x000000001a5e0000,0x000000001a6e0000)]
  0x0000000015091800 JavaThread "Service Thread" daemon [_thread_blocked, id=3492, stack(0x00000000167f0000,0x00000000168f0000)]
  0x0000000015010800 JavaThread "C1 CompilerThread3" daemon [_thread_blocked, id=3384, stack(0x00000000166f0000,0x00000000167f0000)]
  0x0000000015003800 JavaThread "C2 CompilerThread2" daemon [_thread_blocked, id=5468, stack(0x00000000165f0000,0x00000000166f0000)]
  0x0000000014ffc800 JavaThread "C2 CompilerThread1" daemon [_thread_blocked, id=2516, stack(0x00000000164f0000,0x00000000165f0000)]
  0x0000000014ff5800 JavaThread "C2 CompilerThread0" daemon [_thread_blocked, id=3476, stack(0x00000000163f0000,0x00000000164f0000)]
  0x0000000014ff1800 JavaThread "Attach Listener" daemon [_thread_blocked, id=1700, stack(0x00000000162f0000,0x00000000163f0000)]
  0x0000000014ff0000 JavaThread "Signal Dispatcher" daemon [_thread_blocked, id=688, stack(0x00000000161f0000,0x00000000162f0000)]
  0x0000000013e2f000 JavaThread "Finalizer" daemon [_thread_blocked, id=1900, stack(0x00000000160f0000,0x00000000161f0000)]
  0x0000000013e28800 JavaThread "Reference Handler" daemon [_thread_blocked, id=4848, stack(0x0000000015ff0000,0x00000000160f0000)]
  0x00000000025d8000 JavaThread "main" [_thread_blocked, id=4424, stack(0x0000000000030000,0x0000000000130000)]

Other Threads:
=>0x0000000014fa2800 VMThread [stack: 0x0000000015ef0000,0x0000000015ff0000] [id=5368]

VM state:at safepoint (shutting down)

VM Mutex/Monitor currently owned by a thread:  ([mutex/lock_event])
[0x000000000231e3c0] Threads_lock - owner thread: 0x0000000014fa2800

Heap:
 PSYoungGen      total 41984K, used 16127K [0x00000000f5580000, 0x00000000f8880000, 0x0000000100000000)
  eden space 32768K, 41% used [0x00000000f5580000,0x00000000f62d0420,0x00000000f7580000)
  from space 9216K, 27% used [0x00000000f7f80000,0x00000000f81efa00,0x00000000f8880000)
  to   space 9728K, 0% used [0x00000000f7580000,0x00000000f7580000,0x00000000f7f00000)
 ParOldGen       total 114688K, used 60536K [0x00000000e0000000, 0x00000000e7000000, 0x00000000f5580000)
  object space 114688K, 52% used [0x00000000e0000000,0x00000000e3b1e248,0x00000000e7000000)
 Metaspace       used 99455K, capacity 106938K, committed 107288K, reserved 1142784K
  class space    used 11582K, capacity 14051K, committed 14128K, reserved 1048576K

Card table byte_map: [0x0000000011a30000,0x0000000011b40000] byte_map_base: 0x0000000011330000

Marking Bits: (ParMarkBitMap*) 0x000000006ff8a5b0
 Begin Bits: [0x0000000012340000, 0x0000000012b40000)
 End Bits:   [0x0000000012b40000, 0x0000000013340000)

Polling page: 0x0000000000220000

CodeCache: size=245760Kb used=68207Kb max_used=68293Kb free=177552Kb
 bounds [0x0000000002670000, 0x00000000069b0000, 0x0000000011670000]
 total_blobs=17855 nmethods=16928 adapters=830
 compilation: enabled

Compilation events (10 events):
Event: 5152.845 Thread 0x0000000015010800 nmethod 22414 0x0000000004236250 code [0x00000000042363c0, 0x0000000004236830]
Event: 5152.846 Thread 0x0000000015010800 22416   !   3       org.eclipse.osgi.storage.BundleInfo$Generation::close (34 bytes)
Event: 5152.846 Thread 0x0000000015010800 nmethod 22416 0x00000000066fad10 code [0x00000000066fae80, 0x00000000066fb2a8]
Event: 5152.848 Thread 0x0000000015010800 22417       3       org.eclipse.osgi.container.Module::holdsTransitionEventLock (25 bytes)
Event: 5152.848 Thread 0x0000000014ff5800 22427       4       org.eclipse.osgi.container.ModuleDatabase::readLock (11 bytes)
Event: 5152.848 Thread 0x0000000014ffc800 22426       4       org.eclipse.osgi.container.ModuleDatabase::readUnlock (11 bytes)
Event: 5152.848 Thread 0x0000000015010800 nmethod 22417 0x0000000002ad7350 code [0x0000000002ad74e0, 0x0000000002ad7c08]
Event: 5152.850 Thread 0x0000000015010800 22429       1       java.util.concurrent.atomic.AtomicLong::get (5 bytes)
Event: 5152.850 Thread 0x0000000015010800 nmethod 22429 0x0000000003fdd850 code [0x0000000003fdd9a0, 0x0000000003fddab0]
Event: 5152.851 Thread 0x0000000014ff5800 nmethod 22427 0x0000000002b95910 code [0x0000000002b95aa0, 0x0000000002b95e08]

GC Heap History (10 events):
Event: 5100.321 GC heap before
{Heap before GC invocations=97 (full 11):
 PSYoungGen      total 38912K, used 38849K [0x00000000f5580000, 0x00000000f8e00000, 0x0000000100000000)
  eden space 35328K, 100% used [0x00000000f5580000,0x00000000f7800000,0x00000000f7800000)
  from space 3584K, 98% used [0x00000000f7880000,0x00000000f7bf0720,0x00000000f7c00000)
  to   space 11264K, 0% used [0x00000000f8300000,0x00000000f8300000,0x00000000f8e00000)
 ParOldGen       total 114688K, used 59624K [0x00000000e0000000, 0x00000000e7000000, 0x00000000f5580000)
  object space 114688K, 51% used [0x00000000e0000000,0x00000000e3a3a1c8,0x00000000e7000000)
 Metaspace       used 98686K, capacity 106156K, committed 106392K, reserved 1142784K
  class space    used 11507K, capacity 13948K, committed 14000K, reserved 1048576K
Event: 5100.326 GC heap after
Heap after GC invocations=97 (full 11):
 PSYoungGen      total 44544K, used 3873K [0x00000000f5580000, 0x00000000f8c80000, 0x0000000100000000)
  eden space 34816K, 0% used [0x00000000f5580000,0x00000000f5580000,0x00000000f7780000)
  from space 9728K, 39% used [0x00000000f8300000,0x00000000f86c8748,0x00000000f8c80000)
  to   space 10752K, 0% used [0x00000000f7780000,0x00000000f7780000,0x00000000f8200000)
 ParOldGen       total 114688K, used 59952K [0x00000000e0000000, 0x00000000e7000000, 0x00000000f5580000)
  object space 114688K, 52% used [0x00000000e0000000,0x00000000e3a8c1c8,0x00000000e7000000)
 Metaspace       used 98686K, capacity 106156K, committed 106392K, reserved 1142784K
  class space    used 11507K, capacity 13948K, committed 14000K, reserved 1048576K
}
Event: 5101.856 GC heap before
{Heap before GC invocations=98 (full 11):
 PSYoungGen      total 44544K, used 38689K [0x00000000f5580000, 0x00000000f8c80000, 0x0000000100000000)
  eden space 34816K, 100% used [0x00000000f5580000,0x00000000f7780000,0x00000000f7780000)
  from space 9728K, 39% used [0x00000000f8300000,0x00000000f86c8748,0x00000000f8c80000)
  to   space 10752K, 0% used [0x00000000f7780000,0x00000000f7780000,0x00000000f8200000)
 ParOldGen       total 114688K, used 59952K [0x00000000e0000000, 0x00000000e7000000, 0x00000000f5580000)
  object space 114688K, 52% used [0x00000000e0000000,0x00000000e3a8c1c8,0x00000000e7000000)
 Metaspace       used 98726K, capacity 106220K, committed 106392K, reserved 1142784K
  class space    used 11507K, capacity 13948K, committed 14000K, reserved 1048576K
Event: 5101.861 GC heap after
Heap after GC invocations=98 (full 11):
 PSYoungGen      total 38912K, used 4509K [0x00000000f5580000, 0x00000000f8c00000, 0x0000000100000000)
  eden space 34304K, 0% used [0x00000000f5580000,0x00000000f5580000,0x00000000f7700000)
  from space 4608K, 97% used [0x00000000f7780000,0x00000000f7be7460,0x00000000f7c00000)
  to   space 10752K, 0% used [0x00000000f8180000,0x00000000f8180000,0x00000000f8c00000)
 ParOldGen       total 114688K, used 60104K [0x00000000e0000000, 0x00000000e7000000, 0x00000000f5580000)
  object space 114688K, 52% used [0x00000000e0000000,0x00000000e3ab21c8,0x00000000e7000000)
 Metaspace       used 98726K, capacity 106220K, committed 106392K, reserved 1142784K
  class space    used 11507K, capacity 13948K, committed 14000K, reserved 1048576K
}
Event: 5110.163 GC heap before
{Heap before GC invocations=99 (full 11):
 PSYoungGen      total 38912K, used 38813K [0x00000000f5580000, 0x00000000f8c00000, 0x0000000100000000)
  eden space 34304K, 100% used [0x00000000f5580000,0x00000000f7700000,0x00000000f7700000)
  from space 4608K, 97% used [0x00000000f7780000,0x00000000f7be7460,0x00000000f7c00000)
  to   space 10752K, 0% used [0x00000000f8180000,0x00000000f8180000,0x00000000f8c00000)
 ParOldGen       total 114688K, used 60104K [0x00000000e0000000, 0x00000000e7000000, 0x00000000f5580000)
  object space 114688K, 52% used [0x00000000e0000000,0x00000000e3ab21c8,0x00000000e7000000)
 Metaspace       used 98761K, capacity 106284K, committed 106648K, reserved 1142784K
  class space    used 11508K, capacity 13948K, committed 14000K, reserved 1048576K
Event: 5110.169 GC heap after
Heap after GC invocations=99 (full 11):
 PSYoungGen      total 43008K, used 5016K [0x00000000f5580000, 0x00000000f8a80000, 0x0000000100000000)
  eden space 33792K, 0% used [0x00000000f5580000,0x00000000f5580000,0x00000000f7680000)
  from space 9216K, 54% used [0x00000000f8180000,0x00000000f8666020,0x00000000f8a80000)
  to   space 10240K, 0% used [0x00000000f7680000,0x00000000f7680000,0x00000000f8080000)
 ParOldGen       total 114688K, used 60296K [0x00000000e0000000, 0x00000000e7000000, 0x00000000f5580000)
  object space 114688K, 52% used [0x00000000e0000000,0x00000000e3ae21c8,0x00000000e7000000)
 Metaspace       used 98761K, capacity 106284K, committed 106648K, reserved 1142784K
  class space    used 11508K, capacity 13948K, committed 14000K, reserved 1048576K
}
Event: 5150.503 GC heap before
{Heap before GC invocations=100 (full 11):
 PSYoungGen      total 43008K, used 38808K [0x00000000f5580000, 0x00000000f8a80000, 0x0000000100000000)
  eden space 33792K, 100% used [0x00000000f5580000,0x00000000f7680000,0x00000000f7680000)
  from space 9216K, 54% used [0x00000000f8180000,0x00000000f8666020,0x00000000f8a80000)
  to   space 10240K, 0% used [0x00000000f7680000,0x00000000f7680000,0x00000000f8080000)
 ParOldGen       total 114688K, used 60296K [0x00000000e0000000, 0x00000000e7000000, 0x00000000f5580000)
  object space 114688K, 52% used [0x00000000e0000000,0x00000000e3ae21c8,0x00000000e7000000)
 Metaspace       used 98803K, capacity 106348K, committed 106648K, reserved 1142784K
  class space    used 11508K, capacity 13948K, committed 14000K, reserved 1048576K
Event: 5150.509 GC heap after
Heap after GC invocations=100 (full 11):
 PSYoungGen      total 38912K, used 5243K [0x00000000f5580000, 0x00000000f8900000, 0x0000000100000000)
  eden space 33280K, 0% used [0x00000000f5580000,0x00000000f5580000,0x00000000f7600000)
  from space 5632K, 93% used [0x00000000f7680000,0x00000000f7b9ee60,0x00000000f7c00000)
  to   space 9728K, 0% used [0x00000000f7f80000,0x00000000f7f80000,0x00000000f8900000)
 ParOldGen       total 114688K, used 60352K [0x00000000e0000000, 0x00000000e7000000, 0x00000000f5580000)
  object space 114688K, 52% used [0x00000000e0000000,0x00000000e3af01c8,0x00000000e7000000)
 Metaspace       used 98803K, capacity 106348K, committed 106648K, reserved 1142784K
  class space    used 11508K, capacity 13948K, committed 14000K, reserved 1048576K
}
Event: 5151.567 GC heap before
{Heap before GC invocations=101 (full 11):
 PSYoungGen      total 38912K, used 38523K [0x00000000f5580000, 0x00000000f8900000, 0x0000000100000000)
  eden space 33280K, 100% used [0x00000000f5580000,0x00000000f7600000,0x00000000f7600000)
  from space 5632K, 93% used [0x00000000f7680000,0x00000000f7b9ee60,0x00000000f7c00000)
  to   space 9728K, 0% used [0x00000000f7f80000,0x00000000f7f80000,0x00000000f8900000)
 ParOldGen       total 114688K, used 60352K [0x00000000e0000000, 0x00000000e7000000, 0x00000000f5580000)
  object space 114688K, 52% used [0x00000000e0000000,0x00000000e3af01c8,0x00000000e7000000)
 Metaspace       used 99007K, capacity 106550K, committed 106648K, reserved 1142784K
  class space    used 11531K, capacity 13987K, committed 14000K, reserved 1048576K
Event: 5151.593 GC heap after
Heap after GC invocations=101 (full 11):
 PSYoungGen      total 41984K, used 2494K [0x00000000f5580000, 0x00000000f8880000, 0x0000000100000000)
  eden space 32768K, 0% used [0x00000000f5580000,0x00000000f5580000,0x00000000f7580000)
  from space 9216K, 27% used [0x00000000f7f80000,0x00000000f81efa00,0x00000000f8880000)
  to   space 9728K, 0% used [0x00000000f7580000,0x00000000f7580000,0x00000000f7f00000)
 ParOldGen       total 114688K, used 60536K [0x00000000e0000000, 0x00000000e7000000, 0x00000000f5580000)
  object space 114688K, 52% used [0x00000000e0000000,0x00000000e3b1e248,0x00000000e7000000)
 Metaspace       used 99007K, capacity 106550K, committed 106648K, reserved 1142784K
  class space    used 11531K, capacity 13987K, committed 14000K, reserved 1048576K
}

Deoptimization events (10 events):
Event: 5152.825 Thread 0x000000001859a000 Uncommon trap: reason=unstable_if action=reinterpret pc=0x0000000005106fc4 method=org.eclipse.core.internal.jobs.WorkerPool.startJob(Lorg/eclipse/core/internal/jobs/Worker;)Lorg/eclipse/core/internal/jobs/InternalJob; @ 177
Event: 5152.826 Thread 0x0000000018599000 Uncommon trap: reason=unstable_if action=reinterpret pc=0x0000000005106fc4 method=org.eclipse.core.internal.jobs.WorkerPool.startJob(Lorg/eclipse/core/internal/jobs/Worker;)Lorg/eclipse/core/internal/jobs/InternalJob; @ 177
Event: 5152.826 Thread 0x0000000016a4b800 Uncommon trap: reason=unstable_if action=reinterpret pc=0x0000000005106fc4 method=org.eclipse.core.internal.jobs.WorkerPool.startJob(Lorg/eclipse/core/internal/jobs/Worker;)Lorg/eclipse/core/internal/jobs/InternalJob; @ 177
Event: 5152.826 Thread 0x0000000016e88800 Uncommon trap: reason=unstable_if action=reinterpret pc=0x0000000005106fc4 method=org.eclipse.core.internal.jobs.WorkerPool.startJob(Lorg/eclipse/core/internal/jobs/Worker;)Lorg/eclipse/core/internal/jobs/InternalJob; @ 177
Event: 5152.826 Thread 0x0000000018597000 Uncommon trap: reason=unstable_if action=reinterpret pc=0x0000000005106fc4 method=org.eclipse.core.internal.jobs.WorkerPool.startJob(Lorg/eclipse/core/internal/jobs/Worker;)Lorg/eclipse/core/internal/jobs/InternalJob; @ 177
Event: 5152.826 Thread 0x0000000018ca9000 Uncommon trap: reason=unstable_if action=reinterpret pc=0x0000000005106fc4 method=org.eclipse.core.internal.jobs.WorkerPool.startJob(Lorg/eclipse/core/internal/jobs/Worker;)Lorg/eclipse/core/internal/jobs/InternalJob; @ 177
Event: 5152.826 Thread 0x0000000016e85000 Uncommon trap: reason=unstable_if action=reinterpret pc=0x0000000005106fc4 method=org.eclipse.core.internal.jobs.WorkerPool.startJob(Lorg/eclipse/core/internal/jobs/Worker;)Lorg/eclipse/core/internal/jobs/InternalJob; @ 177
Event: 5152.827 Thread 0x0000000018ca4800 Uncommon trap: reason=unstable_if action=reinterpret pc=0x00000000040dbe64 method=org.eclipse.tcf.EventQueue.invokeLater(Ljava/lang/Runnable;)V @ 22
Event: 5152.840 Thread 0x0000000018ca7800 Uncommon trap: reason=unstable_if action=reinterpret pc=0x000000000412430c method=sun.reflect.UnsafeStaticObjectFieldAccessorImpl.set(Ljava/lang/Object;Ljava/lang/Object;)V @ 13
Event: 5152.847 Thread 0x0000000018c9f000 Uncommon trap: reason=unstable_if action=reinterpret pc=0x0000000003076fa0 method=org.eclipse.osgi.framework.eventmgr.EventManager$EventThread.getNextEvent()Lorg/eclipse/osgi/framework/eventmgr/EventManager$EventThread$Queued; @ 15

Internal exceptions (10 events):
Event: 5152.028 Thread 0x0000000018ca7800 Implicit null exception at 0x0000000003f17ff7 to 0x0000000003f18299
Event: 5152.159 Thread 0x00000000025d8000 Implicit null exception at 0x0000000002c8454a to 0x0000000002c86d8d
Event: 5152.199 Thread 0x000000001d61a800 Exception <a 'java/lang/InterruptedException'> (0x00000000f5da86c8) thrown at [C:\re\workspace\8-2-build-windows-amd64-cygwin\jdk8u66\5298\hotspot\src\share\vm\runtime\objectMonitor.cpp, line 1683]
Event: 5152.228 Thread 0x0000000018ca7800 Implicit null exception at 0x0000000005dabd7c to 0x0000000005dad060
Event: 5152.229 Thread 0x0000000018ca7800 Implicit null exception at 0x0000000003de857d to 0x0000000003de8855
Event: 5152.825 Thread 0x0000000018ca0800 Exception <a 'java/lang/InterruptedException'> (0x00000000f58e9d08) thrown at [C:\re\workspace\8-2-build-windows-amd64-cygwin\jdk8u66\5298\hotspot\src\share\vm\runtime\objectMonitor.cpp, line 1683]
Event: 5152.840 Thread 0x0000000018ca7800 Implicit null exception at 0x000000000412400f to 0x00000000041242f9
Event: 5152.840 Thread 0x0000000016af7800 Exception <a 'java/lang/InterruptedException'> (0x00000000f60dd4b0) thrown at [C:\re\workspace\8-2-build-windows-amd64-cygwin\jdk8u66\5298\hotspot\src\share\vm\runtime\objectMonitor.cpp, line 1683]
Event: 5152.847 Thread 0x0000000018c9f000 Exception <a 'java/lang/InterruptedException'> (0x00000000f5f48b48) thrown at [C:\re\workspace\8-2-build-windows-amd64-cygwin\jdk8u66\5298\hotspot\src\share\vm\runtime\objectMonitor.cpp, line 1683]
Event: 5152.847 Thread 0x0000000017703800 Exception <a 'java/lang/InterruptedException'> (0x00000000f626f1a8) thrown at [C:\re\workspace\8-2-build-windows-amd64-cygwin\jdk8u66\5298\hotspot\src\share\vm\runtime\objectMonitor.cpp, line 1683]

Events (10 events):
Event: 5152.850 Thread 0x0000000015010800 flushing nmethod 0x0000000003198590
Event: 5152.850 Thread 0x0000000015010800 flushing nmethod 0x0000000003259b90
Event: 5152.851 loading class java/util/IdentityHashMap$KeyIterator
Event: 5152.851 loading class java/util/IdentityHashMap$IdentityHashMapIterator
Event: 5152.851 loading class java/util/IdentityHashMap$IdentityHashMapIterator done
Event: 5152.851 loading class java/util/IdentityHashMap$KeyIterator done
Event: 5152.851 Thread 0x0000000018ca7800 Thread added: 0x0000000018ca7800
Event: 5152.851 Thread 0x0000000015010800 flushing nmethod 0x00000000033ecd90
Event: 5152.851 Thread 0x0000000018ca7800 Thread exited: 0x0000000018ca7800
Event: 5152.851 Executing VM operation: Exit


Dynamic libraries:
0x0000000000400000 - 0x000000000044f000 	C:\Xilinx\SDK\2016.2\eclipse\win64.o\eclipse.exe
0x0000000076eb0000 - 0x000000007705a000 	C:\Windows\SYSTEM32\ntdll.dll
0x0000000076d90000 - 0x0000000076eaf000 	C:\Windows\system32\kernel32.dll
0x000007fefcc10000 - 0x000007fefcc7a000 	C:\Windows\system32\KERNELBASE.dll
0x0000000076c90000 - 0x0000000076d8a000 	C:\Windows\system32\USER32.dll
0x000007fefe470000 - 0x000007fefe4d7000 	C:\Windows\system32\GDI32.dll
0x000007fefcfb0000 - 0x000007fefcfbe000 	C:\Windows\system32\LPK.dll
0x000007fefd3b0000 - 0x000007fefd47a000 	C:\Windows\system32\USP10.dll
0x000007fefe880000 - 0x000007fefe91f000 	C:\Windows\system32\msvcrt.dll
0x000007fefb500000 - 0x000007fefb6f4000 	C:\Windows\WinSxS\amd64_microsoft.windows.common-controls_6595b64144ccf1df_6.0.7601.18837_none_fa3b1e3d17594757\COMCTL32.dll
0x000007fefcfd0000 - 0x000007fefd041000 	C:\Windows\system32\SHLWAPI.dll
0x000007fefee20000 - 0x000007fefee4e000 	C:\Windows\system32\IMM32.DLL
0x000007fefe4e0000 - 0x000007fefe5e9000 	C:\Windows\system32\MSCTF.dll
0x0000000072000000 - 0x0000000072012000 	C:\Xilinx\SDK\2016.2\eclipse\win64.o\plugins\org.eclipse.equinox.launcher.win32.win32.x86_64_1.1.300.v20150602-1417\eclipse_1611.dll
0x000007fefd480000 - 0x000007fefd55b000 	C:\Windows\system32\ADVAPI32.dll
0x000007fefeb30000 - 0x000007fefeb4f000 	C:\Windows\SYSTEM32\sechost.dll
0x000007fefd280000 - 0x000007fefd3ad000 	C:\Windows\system32\RPCRT4.dll
0x000007fefbc80000 - 0x000007fefbc8c000 	C:\Windows\system32\VERSION.dll
0x000007fefb4a0000 - 0x000007fefb4f6000 	C:\Windows\system32\UxTheme.dll
0x000000006f780000 - 0x0000000070009000 	C:\Xilinx\SDK\2016.2\tps\win64\jre\bin\server\jvm.dll
0x000007fef8b00000 - 0x000007fef8b09000 	C:\Windows\system32\WSOCK32.dll
0x000007fefd230000 - 0x000007fefd27d000 	C:\Windows\system32\WS2_32.dll
0x000007fefcfc0000 - 0x000007fefcfc8000 	C:\Windows\system32\NSI.dll
0x000007fefa510000 - 0x000007fefa54b000 	C:\Windows\system32\WINMM.dll
0x0000000077070000 - 0x0000000077077000 	C:\Windows\system32\PSAPI.DLL
0x0000000073080000 - 0x0000000073152000 	C:\Windows\system32\MSVCR100.dll
0x0000000074190000 - 0x000000007419f000 	C:\Xilinx\SDK\2016.2\tps\win64\jre\bin\verify.dll
0x0000000074160000 - 0x0000000074189000 	C:\Xilinx\SDK\2016.2\tps\win64\jre\bin\java.dll
0x0000000074140000 - 0x0000000074156000 	C:\Xilinx\SDK\2016.2\tps\win64\jre\bin\zip.dll
0x000007fefd6e0000 - 0x000007fefe469000 	C:\Windows\system32\SHELL32.dll
0x000007fefe920000 - 0x000007fefeb23000 	C:\Windows\system32\ole32.dll
0x000007fefcbf0000 - 0x000007fefcbff000 	C:\Windows\system32\profapi.dll
0x000007fefc3f0000 - 0x000007fefc408000 	C:\Windows\system32\CRYPTSP.dll
0x000007fefc0f0000 - 0x000007fefc137000 	C:\Windows\system32\rsaenh.dll
0x000007fefcf20000 - 0x000007fefcf3e000 	C:\Windows\system32\USERENV.dll
0x000007fefca50000 - 0x000007fefca5f000 	C:\Windows\system32\CRYPTBASE.dll
0x0000000074120000 - 0x000000007413a000 	C:\Xilinx\SDK\2016.2\tps\win64\jre\bin\net.dll
0x000007fefc390000 - 0x000007fefc3e5000 	C:\Windows\system32\mswsock.dll
0x000007fefc380000 - 0x000007fefc387000 	C:\Windows\System32\wship6.dll
0x000007fef92f0000 - 0x000007fef9317000 	C:\Windows\system32\IPHLPAPI.DLL
0x000007fef92d0000 - 0x000007fef92db000 	C:\Windows\system32\WINNSI.DLL
0x000007fef9100000 - 0x000007fef9111000 	C:\Windows\system32\dhcpcsvc6.DLL
0x000007fef90e0000 - 0x000007fef90f8000 	C:\Windows\system32\dhcpcsvc.DLL
0x00000000699e0000 - 0x00000000699f1000 	C:\Xilinx\SDK\2016.2\tps\win64\jre\bin\nio.dll
0x000007fefa190000 - 0x000007fefa1a5000 	C:\Windows\system32\NLAapi.dll
0x000007fef8a20000 - 0x000007fef8a35000 	C:\Windows\system32\napinsp.dll
0x000007fef8d90000 - 0x000007fef8da9000 	C:\Windows\system32\pnrpnsp.dll
0x000007fefc210000 - 0x000007fefc26b000 	C:\Windows\system32\DNSAPI.dll
0x000007fef8d80000 - 0x000007fef8d8b000 	C:\Windows\System32\winrnr.dll
0x000007fefbd50000 - 0x000007fefbd57000 	C:\Windows\System32\wshtcpip.dll
0x000007fef8d50000 - 0x000007fef8d58000 	C:\Windows\system32\rasadhlp.dll
0x000007fef9190000 - 0x000007fef91e3000 	C:\Windows\System32\fwpuclnt.dll
0x00000000186a0000 - 0x0000000018748000 	C:\Users\dezfoul2\.Xilinx\SDK\2016.2\org.eclipse.osgi\312\0\.cp\swt-win32-4527.dll
0x000007fefd560000 - 0x000007fefd638000 	C:\Windows\system32\OLEAUT32.dll
0x000007fefd640000 - 0x000007fefd6d7000 	C:\Windows\system32\comdlg32.dll
0x000007fef65f0000 - 0x000007fef6661000 	C:\Windows\system32\WINSPOOL.DRV
0x000007fefeef0000 - 0x000007feff1b5000 	C:\Windows\system32\WININET.dll
0x000007fefcd60000 - 0x000007fefcd64000 	C:\Windows\system32\api-ms-win-downlevel-user32-l1-1-0.dll
0x000007fefcc80000 - 0x000007fefcc84000 	C:\Windows\system32\api-ms-win-downlevel-shlwapi-l1-1-0.dll
0x000007fefcfa0000 - 0x000007fefcfa4000 	C:\Windows\system32\api-ms-win-downlevel-version-l1-1-0.dll
0x000007fefcf90000 - 0x000007fefcf93000 	C:\Windows\system32\api-ms-win-downlevel-normaliz-l1-1-0.dll
0x0000000077080000 - 0x0000000077083000 	C:\Windows\system32\normaliz.DLL
0x000007fefeb50000 - 0x000007fefee19000 	C:\Windows\system32\iertutil.dll
0x000007fefcd50000 - 0x000007fefcd55000 	C:\Windows\system32\api-ms-win-downlevel-advapi32-l1-1-0.dll
0x000007fefcdb0000 - 0x000007fefcf1d000 	C:\Windows\system32\CRYPT32.dll
0x000007fefcc00000 - 0x000007fefcc0f000 	C:\Windows\system32\MSASN1.dll
0x000007fefaf70000 - 0x000007fefb09c000 	C:\Windows\system32\propsys.dll
0x000007fefee50000 - 0x000007fefeee9000 	C:\Windows\system32\CLBCatQ.DLL
0x00000000003c0000 - 0x00000000003de000 	C:\Users\dezfoul2\.Xilinx\SDK\2016.2\org.eclipse.osgi\312\0\.cp\swt-gdip-win32-4527.dll
0x000007fefb280000 - 0x000007fefb496000 	C:\Windows\WinSxS\amd64_microsoft.windows.gdiplus_6595b64144ccf1df_1.1.7601.23508_none_145555328b95eaaa\gdiplus.dll
0x000007fefada0000 - 0x000007fefaf01000 	C:\Windows\system32\WindowsCodecs.dll
0x0000000180000000 - 0x0000000180012000 	C:\Users\dezfoul2\.Xilinx\SDK\2016.2\org.eclipse.osgi\126\0\.cp\os\win32\x86_64\localfile_1_0_0.dll
0x000007fef0360000 - 0x000007fef03b4000 	C:\Windows\system32\oleacc.dll
0x000007fef9530000 - 0x000007fef9537000 	C:\Windows\system32\msimg32.dll
0x000007fefcb40000 - 0x000007fefcb54000 	C:\Windows\system32\RpcRtRemote.dll
0x000007fefc9f0000 - 0x000007fefca47000 	C:\Windows\system32\apphelp.dll
0x000007fef9fc0000 - 0x000007fef9fd1000 	C:\Users\dezfoul2\.Xilinx\SDK\2016.2\org.eclipse.osgi\129\0\.cp\jWinHttp-1.0.0.dll
0x000007fef84d0000 - 0x000007fef8541000 	C:\Windows\system32\WINHTTP.dll
0x000007fef8460000 - 0x000007fef84c4000 	C:\Windows\system32\webio.dll
0x000007fefc9c0000 - 0x000007fefc9e5000 	C:\Windows\system32\SspiCli.dll
0x000007fefbfb0000 - 0x000007fefbfba000 	C:\Windows\system32\credssp.dll
0x000007fefcf50000 - 0x000007fefcf86000 	C:\Windows\system32\CFGMGR32.dll
0x000007fefa0b0000 - 0x000007fefa0bf000 	C:\Xilinx\SDK\2016.2\lib\win64.o\librdi_repo_manager.dll
0x000007fef9c80000 - 0x000007fef9caa000 	C:\Xilinx\SDK\2016.2\lib\win64.o\libisl_sysinfo.dll
0x000007feeb3b0000 - 0x000007feeb484000 	C:\Windows\system32\MSVCR110.dll
0x000007feeb2b0000 - 0x000007feeb357000 	C:\Windows\system32\MSVCP110.dll
0x000007feb8400000 - 0x000007feb8e40000 	C:\Xilinx\SDK\2016.2\lib\win64.o\librdi_common.dll
0x000007feb9f40000 - 0x000007feba2ae000 	C:\Xilinx\SDK\2016.2\lib\win64.o\libCOIN-all.dll
0x000007febb110000 - 0x000007febb32f000 	C:\Xilinx\SDK\2016.2\lib\win64.o\libXil_lmgr11.dll
0x000007fefac60000 - 0x000007fefac76000 	C:\Windows\system32\NETAPI32.dll
0x000007fefc020000 - 0x000007fefc02c000 	C:\Windows\system32\netutils.dll
0x000007fefc600000 - 0x000007fefc623000 	C:\Windows\system32\srvcli.dll
0x000007fefac40000 - 0x000007fefac55000 	C:\Windows\system32\wkscli.dll
0x000007fefcd70000 - 0x000007fefcdab000 	C:\Windows\system32\WINTRUST.dll
0x000007fef9fb0000 - 0x000007fef9fc0000 	C:\Xilinx\SDK\2016.2\lib\win64.o\libboost_date_time.dll
0x000007fef9c50000 - 0x000007fef9c74000 	C:\Xilinx\SDK\2016.2\lib\win64.o\libboost_filesystem.dll
0x000007fefa060000 - 0x000007fefa069000 	C:\Xilinx\SDK\2016.2\lib\win64.o\libboost_system.dll
0x000007fef78f0000 - 0x000007fef7967000 	C:\Xilinx\SDK\2016.2\lib\win64.o\libboost_program_options.dll
0x000007fef01a0000 - 0x000007fef02a6000 	C:\Xilinx\SDK\2016.2\lib\win64.o\libboost_regex.dll
0x000007fef9c30000 - 0x000007fef9c43000 	C:\Xilinx\SDK\2016.2\lib\win64.o\libboost_signals.dll
0x000007fef78d0000 - 0x000007fef78ed000 	C:\Xilinx\SDK\2016.2\lib\win64.o\libboost_thread.dll
0x000007fef78c0000 - 0x000007fef78cb000 	C:\Xilinx\SDK\2016.2\lib\win64.o\libboost_chrono.dll
0x000007fef9c20000 - 0x000007fef9c2b000 	C:\Xilinx\SDK\2016.2\lib\win64.o\libboost_xilinx.dll
0x000007fef2f80000 - 0x000007fef3000000 	C:\Xilinx\SDK\2016.2\lib\win64.o\libhdlpsolve.dll
0x000007feed1c0000 - 0x000007feed25a000 	C:\Xilinx\SDK\2016.2\lib\win64.o\libhdxml.dll
0x000007feb9ad0000 - 0x000007feb9f35e00 	C:\Xilinx\SDK\2016.2\lib\win64.o\libisl_iostreams.dll
0x000007fef78a0000 - 0x000007fef78b6000 	C:\Xilinx\SDK\2016.2\lib\win64.o\libboost_iostreams.dll
0x000007fef32e0000 - 0x000007fef3303000 	C:\Xilinx\SDK\2016.2\lib\win64.o\librdizlib.dll
0x000007fef2f50000 - 0x000007fef2f73000 	C:\Xilinx\SDK\2016.2\lib\win64.o\libisl_iosutils.dll
0x000007fef21a0000 - 0x000007fef21b5000 	C:\Xilinx\SDK\2016.2\lib\win64.o\pthreadVC2.dll
0x000007fef2140000 - 0x000007fef2194000 	C:\Xilinx\SDK\2016.2\lib\win64.o\librdi_commonxillic.dll
0x000007feb99a0000 - 0x000007feb9ad0000 	C:\Xilinx\SDK\2016.2\lib\win64.o\librdi_curl.dll
0x000007feed1a0000 - 0x000007feed1b8000 	C:\Xilinx\SDK\2016.2\lib\win64.o\librdiconfig.dll
0x00000000697e0000 - 0x0000000069907000 	C:\Xilinx\SDK\2016.2\lib\win64.o\tcl85t.dll
0x00000000264a0000 - 0x0000000026703000 	C:\Xilinx\SDK\2016.2\lib\win64.o\xerces-c_3_1.dll
0x000007fefe670000 - 0x000007fefe7f6000 	C:\Windows\system32\urlmon.dll
0x000007fefcf40000 - 0x000007fefcf44000 	C:\Windows\system32\api-ms-win-downlevel-ole32-l1-1-0.dll
0x000007fedfef0000 - 0x000007fedff13000 	C:\Windows\system32\VCOMP110.DLL
0x000007feb9680000 - 0x000007feb9872000 	C:\Xilinx\SDK\2016.2\lib\win64.o\librdi_hsm.dll
0x000007feed150000 - 0x000007feed193000 	C:\Xilinx\SDK\2016.2\lib\win64.o\librdi_hdf.dll
0x000007feb93f0000 - 0x000007feb9671000 	C:\Xilinx\SDK\2016.2\lib\win64.o\librdi_ippcw.dll
0x000007fef0180000 - 0x000007fef0196000 	C:\Xilinx\SDK\2016.2\eclipse\win64.o\plugins\org.eclipse.cdt.core.win32.x86_64_5.4.0.201509131935\os\win32\x86_64\spawner.dll
0x000007fef9520000 - 0x000007fef952a000 	C:\Xilinx\SDK\2016.2\lib\win64.o\librdi_jtag_settings.dll
0x000007feea8a0000 - 0x000007feea8c9000 	C:\Xilinx\SDK\2016.2\lib\win64.o\librdi_debug_dialog.dll
0x000007fef2130000 - 0x000007fef2138000 	C:\Xilinx\SDK\2016.2\lib\win64.o\librdi_target_manager.dll
0x0000000071080000 - 0x00000000710a6000 	C:\Xilinx\SDK\2016.2\eclipse\win64.o\plugins\gnu.io.rxtx.win32.x86_64_2.1.7.3_v20071015\os\win32\x86_64\rxtxSerial.dll
0x0000000071100000 - 0x0000000071125000 	C:\Users\dezfoul2\.jssc\windows\jSSC-2.8_x86_64.dll
0x000007fef25c0000 - 0x000007fef2dd0000 	C:\Xilinx\SDK\2016.2\lib\win64.o\libXil_lmgr11FNP.dll

VM Arguments:
jvm_args: -Dcom.xilinx.sdk.args.hwspec=W:/ece532/integration_Copy2/hdmi.sdk/hdmi_wrapper.hdf -Xms64m -Xmx512m & 
java_command: <unknown>
java_class_path (initial): C:\Xilinx\SDK\2016.2\eclipse\win64.o\\plugins/org.eclipse.equinox.launcher_1.3.100.v20150511-1540.jar
Launcher Type: generic

Environment Variables:
PATH=C:/Xilinx/SDK/2016.2/tps/win64/jre/bin/server;C:/Xilinx/SDK/2016.2/tps/win64/jre/bin;C:/Xilinx/SDK/2016.2/tps/win64/jre/lib/amd64;C:\Xilinx\SDK\2016.2\gnuwin\bin;C:\Xilinx\SDK\2016.2\gnu\microblaze\nt\bin;C:\Xilinx\SDK\2016.2\gnu\microblaze\linux_toolchain\nt64_le\bin;C:\Xilinx\SDK\2016.2\gnu\microblaze\linux_toolchain\nt64_be\bin;C:\Xilinx\SDK\2016.2\gnu\arm\nt\bin;C:\Xilinx\SDK\2016.2\gnu\aarch64\nt\aarch64-none\bin;C:\Xilinx\SDK\2016.2\gnu\aarch64\nt\aarch64-linux\bin;C:\Xilinx\SDK\2016.2\gnu\armr5\nt\gcc-arm-none-eabi\bin;C:\Xilinx\SDK\2016.2\gnu\aarch32\nt\gcc-arm-none-eabi\bin;C:\Xilinx\SDK\2016.2\gnu\aarch32\nt\gcc-arm-linux-gnueabi\bin;C:\Xilinx\SDK\2016.2\tps\win64\cmake-3.3.2\bin;;C:\Xilinx\SDK\2016.2\bin;C:\Xilinx\SDK\2016.2\lib\win64.o;C:\Xilinx\SDK\2016.2\tps\win64\jre\bin\server;C:\Xilinx\SDK\2016.2\tps\win64\jre\bin;C:\Xilinx\Vivado\2016.2\ids_lite\ISE\bin\nt64;C:\Xilinx\Vivado\2016.2\ids_lite\ISE\lib\nt64;C:\Xilinx\Vivado\2016.2\bin;C:\Xilinx\Vivado\2016.2\lib\win64.o;C:\Xilinx\Vivado\2016.2\tps\win64\jre\bin\server;C:\Xilinx\Vivado\2016.2\tps\win64\jre\bin;C:\Xilinx\Vivado_HLS\2016.2\bin;C:\Windows\system32;C:\Windows;C:\Windows\System32\Wbem;C:\Windows\System32\WindowsPowerShell\v1.0\;C:\Program Files (x86)\Java\jre6\bin;C:\Program Files (x86)\eclipse;C:\altera\16.0\quartus\bin64;c:\altera\16.0\quartus\bin64\jre64\bin;w:\ece532\integration_Copy2;
USERNAME=dezfoul2
OS=Windows_NT
PROCESSOR_IDENTIFIER=Intel64 Family 6 Model 60 Stepping 3, GenuineIntel



---------------  S Y S T E M  ---------------

OS: Windows 7 , 64 bit Build 7601 (6.1.7601.23418)

CPU:total 8 (4 cores per cpu, 2 threads per core) family 6 model 60 stepping 3, cmov, cx8, fxsr, mmx, sse, sse2, sse3, ssse3, sse4.1, sse4.2, popcnt, avx, avx2, aes, clmul, erms, lzcnt, ht, tsc, tscinvbit, bmi1, bmi2

Memory: 4k page, physical 16683160k(8183324k free), swap 33364460k(24219756k free)

vm_info: Java HotSpot(TM) 64-Bit Server VM (25.66-b18) for windows-amd64 JRE (1.8.0_66-b18), built on Nov  9 2015 10:51:13 by "java_re" with MS VC++ 10.0 (VS2010)

time: Thu Mar 16 17:35:48 2017
elapsed time: 5153 seconds (0d 1h 25m 53s)

