#
# A fatal error has been detected by the Java Runtime Environment:
#
#  EXCEPTION_UNCAUGHT_CXX_EXCEPTION (0xe06d7363) at pc=0x000007fefd31a06d, pid=5436, tid=4764
#
# JRE version: Java(TM) SE Runtime Environment (8.0_66-b18) (build 1.8.0_66-b18)
# Java VM: Java HotSpot(TM) 64-Bit Server VM (25.66-b18 mixed mode windows-amd64 compressed oops)
# Problematic frame:
# C  [KERNELBASE.dll+0x1a06d]
#
# Failed to write core dump. Minidumps are not enabled by default on client versions of Windows
#
# If you would like to submit a bug report, please visit:
#   http://bugreport.java.com/bugreport/crash.jsp
#

---------------  T H R E A D  ---------------

Current thread (0x0000000014e42800):  VMThread [stack: 0x0000000015d90000,0x0000000015e90000] [id=4764]

siginfo: ExceptionCode=0xe06d7363, ExceptionInformation=0x0000000019930520 0x0000000015e8f4c8 0x000007fef8cf2cb8 0x000007fef8c40000 

Registers:
RAX=0x00000000628e0d18, RBX=0x000007fef8cf2cb8, RCX=0x0000000015e8ed10, RDX=0x00000000000000d0
RSP=0x0000000015e8f320, RBP=0x0000000015e8f450, RSI=0x00000000ffffffff, RDI=0x0000000026c8fc70
R8 =0x0000000000000000, R9 =0x0000000000000000, R10=0x000007fef8c40000, R11=0x0000000015e8f360
R12=0x0000000000000001, R13=0x0000000000000008, R14=0x0000000000000000, R15=0xffffffffffffffff
RIP=0x000007fefd31a06d, EFLAGS=0x0000000000000206

Top of Stack: (sp=0x0000000015e8f320)
0x0000000015e8f320:   000007fef8cf2cb8 00000000ffffffff
0x0000000015e8f330:   0000000026c8fc70 0000000000226f90
0x0000000015e8f340:   00000001e06d7363 0000000000000000
0x0000000015e8f350:   000007fefd31a06d 000007fe00000004
0x0000000015e8f360:   0000000019930520 0000000015e8f4c8
0x0000000015e8f370:   000007fef8cf2cb8 000007fef8c40000
0x0000000015e8f380:   0000000000000000 0000000015e8f408
0x0000000015e8f390:   0000000000000028 0000000026c8fc60
0x0000000015e8f3a0:   00000000174d7790 0000000000000000
0x0000000015e8f3b0:   000007fffffa6000 000000007751f2d3
0x0000000015e8f3c0:   0000000000000000 0000000000000008
0x0000000015e8f3d0:   0000000000000001 0000000026c8fc70
0x0000000015e8f3e0:   00000000ffffffff 000007fef8c9e92c
0x0000000015e8f3f0:   000007fef8cf2cb8 0000000015e8f460
0x0000000015e8f400:   0000000000000001 000007fef8c400f8
0x0000000015e8f410:   00000001e06d7363 0000000000000000 

Instructions: (pc=0x000007fefd31a06d)
0x000007fefd31a04d:   54 24 24 48 89 4c 24 28 4d 85 c9 0f 85 6a 03 00
0x000007fefd31a05d:   00 89 4c 24 38 48 8d 4c 24 20 ff 15 33 02 03 00
0x000007fefd31a06d:   48 81 c4 c8 00 00 00 c3 90 90 90 90 90 90 90 90
0x000007fefd31a07d:   90 90 90 48 83 ec 28 65 48 8b 04 25 30 00 00 00 


Register to memory mapping:

RAX=0x00000000628e0d18 is an unknown value
RBX=0x000007fef8cf2cb8 is an unknown value
RCX=0x0000000015e8ed10 is an unknown value
RDX=0x00000000000000d0 is an unknown value
RSP=0x0000000015e8f320 is an unknown value
RBP=0x0000000015e8f450 is an unknown value
RSI=0x00000000ffffffff is an unallocated location in the heap
RDI=0x0000000026c8fc70 is an unknown value
R8 =0x0000000000000000 is an unknown value
R9 =0x0000000000000000 is an unknown value
R10=0x000007fef8c40000 is an unknown value
R11=0x0000000015e8f360 is an unknown value
R12=0x0000000000000001 is an unknown value
R13=0x0000000000000008 is an unknown value
R14=0x0000000000000000 is an unknown value
R15=0xffffffffffffffff is an unknown value


Stack: [0x0000000015d90000,0x0000000015e90000],  sp=0x0000000015e8f320,  free space=1020k
Native frames: (J=compiled Java code, j=interpreted, Vv=VM code, C=native code)
C  [KERNELBASE.dll+0x1a06d]
C  [MSVCR110.dll+0x5e92c]
C  [MSVCR110.dll+0x1315c]
C  [MSVCR110.dll+0x136a9]
C  [MSVCR110.dll+0x13e9c]
C  [MSVCR110.dll+0x239e]
C  [MSVCR110.dll+0xaf9e]
C  [MSVCP110.dll+0x397b9]
C  [librdi_common.dll+0x182316]
C  [librdi_common.dll+0x180fab]
C  [librdi_target_manager.dll+0x2400]
C  [librdi_target_manager.dll+0x2682]
C  [ntdll.dll+0x229b1]
C  [ntdll.dll+0x227c0]
C  [MSVCR100.dll+0x20ccd]
V  [jvm.dll+0x210cc5]
V  [jvm.dll+0x249897]
V  [jvm.dll+0x248b36]
V  [jvm.dll+0x248fd1]
V  [jvm.dll+0x2491ee]
V  [jvm.dll+0x29a0fa]
C  [MSVCR100.dll+0x21d9f]
C  [MSVCR100.dll+0x21e3b]
C  [kernel32.dll+0x159bd]
C  [ntdll.dll+0x2a2e1]

VM_Operation (0x000000000012f4c0): Exit, mode: safepoint, requested by thread 0x00000000022a8000


---------------  P R O C E S S  ---------------

Java Threads: ( => current thread )
  0x00000000190e6000 JavaThread "Thread-1485" [_thread_in_native, id=5712, stack(0x000000002a8e0000,0x000000002a9e0000)]
  0x0000000017a5a800 JavaThread "pool-2-thread-2" [_thread_blocked, id=3212, stack(0x000000002abe0000,0x000000002ace0000)]
  0x000000001bf3e800 JavaThread "pool-2-thread-1" [_thread_blocked, id=3760, stack(0x0000000029190000,0x0000000029290000)]
  0x0000000017c47000 JavaThread "Thread-61" daemon [_thread_blocked, id=3228, stack(0x0000000028c90000,0x0000000028d90000)]
  0x00000000196b7800 JavaThread "TCF Channel Transmitter" daemon [_thread_blocked, id=3404, stack(0x0000000024dc0000,0x0000000024ec0000)]
  0x00000000196b7000 JavaThread "TCF Channel Receiver" daemon [_thread_in_native, id=1860, stack(0x0000000024cc0000,0x0000000024dc0000)]
  0x00000000196b5800 JavaThread "Process monitor" daemon [_thread_in_native, id=4576, stack(0x00000000247c0000,0x00000000248c0000)]
  0x00000000196b4800 JavaThread "Input Stream Monitor" daemon [_thread_blocked, id=4600, stack(0x00000000246c0000,0x00000000247c0000)]
  0x000000001aec9000 JavaThread "Output Stream Monitor" daemon [_thread_in_native, id=4592, stack(0x00000000245c0000,0x00000000246c0000)]
  0x0000000017c48800 JavaThread "Output Stream Monitor" daemon [_thread_in_native, id=5808, stack(0x0000000024470000,0x0000000024570000)]
  0x0000000017c50000 JavaThread "TCF Locator DNS Lookup" daemon [_thread_blocked, id=4832, stack(0x0000000022640000,0x0000000022740000)]
  0x0000000017c4f000 JavaThread "TCF Locator Timer" daemon [_thread_blocked, id=4872, stack(0x0000000022540000,0x0000000022640000)]
  0x0000000017c4e800 JavaThread "TCF Locator Receiver" daemon [_thread_in_native, id=4836, stack(0x0000000022440000,0x0000000022540000)]
  0x0000000017c4d000 JavaThread "TCF Timer Dispatcher" daemon [_thread_blocked, id=4900, stack(0x0000000022020000,0x0000000022120000)]
  0x0000000017c45800 JavaThread "EMF Reference Cleaner" daemon [_thread_blocked, id=4424, stack(0x000000001b000000,0x000000001b100000)]
  0x0000000014ef7800 JavaThread "Service Thread" daemon [_thread_blocked, id=4852, stack(0x0000000016750000,0x0000000016850000)]
  0x0000000014ea9800 JavaThread "C1 CompilerThread3" daemon [_thread_blocked, id=4808, stack(0x0000000016650000,0x0000000016750000)]
  0x0000000014e9d000 JavaThread "C2 CompilerThread2" daemon [_thread_blocked, id=5248, stack(0x0000000016550000,0x0000000016650000)]
  0x0000000014e99800 JavaThread "C2 CompilerThread1" daemon [_thread_blocked, id=4768, stack(0x0000000016450000,0x0000000016550000)]
  0x0000000014e95800 JavaThread "C2 CompilerThread0" daemon [_thread_blocked, id=5252, stack(0x0000000016350000,0x0000000016450000)]
  0x0000000014e8e000 JavaThread "Attach Listener" daemon [_thread_blocked, id=5244, stack(0x0000000016250000,0x0000000016350000)]
  0x0000000014e8c800 JavaThread "Signal Dispatcher" daemon [_thread_blocked, id=4772, stack(0x0000000016150000,0x0000000016250000)]
  0x0000000013ccb000 JavaThread "Finalizer" daemon [_thread_blocked, id=5292, stack(0x0000000015f90000,0x0000000016090000)]
  0x0000000013cc4000 JavaThread "Reference Handler" daemon [_thread_blocked, id=4004, stack(0x0000000015e90000,0x0000000015f90000)]
  0x00000000022a8000 JavaThread "main" [_thread_blocked, id=5444, stack(0x0000000000030000,0x0000000000130000)]

Other Threads:
=>0x0000000014e42800 VMThread [stack: 0x0000000015d90000,0x0000000015e90000] [id=4764]

VM state:at safepoint (shutting down)

VM Mutex/Monitor currently owned by a thread:  ([mutex/lock_event])
[0x00000000003fe3b0] Threads_lock - owner thread: 0x0000000014e42800

Heap:
 PSYoungGen      total 78848K, used 31828K [0x00000000f5580000, 0x00000000fae00000, 0x0000000100000000)
  eden space 72192K, 40% used [0x00000000f5580000,0x00000000f7254380,0x00000000f9c00000)
  from space 6656K, 34% used [0x00000000f9c00000,0x00000000f9e40fd8,0x00000000fa280000)
  to   space 6656K, 0% used [0x00000000fa780000,0x00000000fa780000,0x00000000fae00000)
 ParOldGen       total 117760K, used 89199K [0x00000000e0000000, 0x00000000e7300000, 0x00000000f5580000)
  object space 117760K, 75% used [0x00000000e0000000,0x00000000e571be48,0x00000000e7300000)
 Metaspace       used 109412K, capacity 117450K, committed 117632K, reserved 1150976K
  class space    used 12644K, capacity 15160K, committed 15232K, reserved 1048576K

Card table byte_map: [0x0000000011820000,0x0000000011930000] byte_map_base: 0x0000000011120000

Marking Bits: (ParMarkBitMap*) 0x0000000070f3a5b0
 Begin Bits: [0x00000000121e0000, 0x00000000129e0000)
 End Bits:   [0x00000000129e0000, 0x00000000131e0000)

Polling page: 0x00000000003b0000

CodeCache: size=245760Kb used=84494Kb max_used=84650Kb free=161265Kb
 bounds [0x0000000002460000, 0x00000000077e0000, 0x0000000011460000]
 total_blobs=21952 nmethods=21017 adapters=840
 compilation: enabled

Compilation events (10 events):
Event: 18991.805 Thread 0x0000000014ea9800 29150   !   3       org.eclipse.osgi.container.ModuleDatabase::getRevisionsTimestamp (25 bytes)
Event: 18991.805 Thread 0x0000000014ea9800 nmethod 29150 0x0000000002fe2790 code [0x0000000002fe29a0, 0x0000000002fe36d8]
Event: 18991.805 Thread 0x0000000014e99800 nmethod 29147 0x00000000038be210 code [0x00000000038be3a0, 0x00000000038be7d0]
Event: 18991.807 Thread 0x0000000014ea9800 29146       1       org.eclipse.osgi.storage.Storage::getModuleDatabase (5 bytes)
Event: 18991.807 Thread 0x0000000014ea9800 nmethod 29146 0x00000000048b2f50 code [0x00000000048b30a0, 0x00000000048b31b0]
Event: 18991.807 Thread 0x0000000014e95800 nmethod 29138 0x0000000004946210 code [0x0000000004946400, 0x00000000049470d0]
Event: 18991.809 Thread 0x0000000014ea9800 29148   !   3       org.eclipse.osgi.internal.loader.BundleLoader::close (74 bytes)
Event: 18991.809 Thread 0x0000000014ea9800 nmethod 29148 0x00000000074bae10 code [0x00000000074bb000, 0x00000000074bba18]
Event: 18991.811 Thread 0x0000000014ea9800 29151       3       org.eclipse.osgi.container.Module::holdsTransitionEventLock (25 bytes)
Event: 18991.811 Thread 0x0000000014ea9800 nmethod 29151 0x00000000049456d0 code [0x0000000004945860, 0x0000000004945f88]

GC Heap History (10 events):
Event: 18902.749 GC heap before
{Heap before GC invocations=395 (full 54):
 PSYoungGen      total 66560K, used 65520K [0x00000000f5580000, 0x00000000f9e00000, 0x0000000100000000)
  eden space 59904K, 99% used [0x00000000f5580000,0x00000000f8ffd0f8,0x00000000f9000000)
  from space 6656K, 84% used [0x00000000f9700000,0x00000000f9c7f098,0x00000000f9d80000)
  to   space 7168K, 0% used [0x00000000f9000000,0x00000000f9000000,0x00000000f9700000)
 ParOldGen       total 117760K, used 87144K [0x00000000e0000000, 0x00000000e7300000, 0x00000000f5580000)
  object space 117760K, 74% used [0x00000000e0000000,0x00000000e551a2c8,0x00000000e7300000)
 Metaspace       used 108717K, capacity 116862K, committed 117120K, reserved 1150976K
  class space    used 12578K, capacity 15157K, committed 15232K, reserved 1048576K
Event: 18902.754 GC heap after
Heap after GC invocations=395 (full 54):
 PSYoungGen      total 67072K, used 4561K [0x00000000f5580000, 0x00000000fa580000, 0x0000000100000000)
  eden space 59904K, 0% used [0x00000000f5580000,0x00000000f5580000,0x00000000f9000000)
  from space 7168K, 63% used [0x00000000f9000000,0x00000000f9474770,0x00000000f9700000)
  to   space 7168K, 0% used [0x00000000f9e80000,0x00000000f9e80000,0x00000000fa580000)
 ParOldGen       total 117760K, used 87430K [0x00000000e0000000, 0x00000000e7300000, 0x00000000f5580000)
  object space 117760K, 74% used [0x00000000e0000000,0x00000000e5561b98,0x00000000e7300000)
 Metaspace       used 108717K, capacity 116862K, committed 117120K, reserved 1150976K
  class space    used 12578K, capacity 15157K, committed 15232K, reserved 1048576K
}
Event: 18961.377 GC heap before
{Heap before GC invocations=396 (full 54):
 PSYoungGen      total 67072K, used 64465K [0x00000000f5580000, 0x00000000fa580000, 0x0000000100000000)
  eden space 59904K, 100% used [0x00000000f5580000,0x00000000f9000000,0x00000000f9000000)
  from space 7168K, 63% used [0x00000000f9000000,0x00000000f9474770,0x00000000f9700000)
  to   space 7168K, 0% used [0x00000000f9e80000,0x00000000f9e80000,0x00000000fa580000)
 ParOldGen       total 117760K, used 87430K [0x00000000e0000000, 0x00000000e7300000, 0x00000000f5580000)
  object space 117760K, 74% used [0x00000000e0000000,0x00000000e5561b98,0x00000000e7300000)
 Metaspace       used 108734K, capacity 116862K, committed 117120K, reserved 1150976K
  class space    used 12578K, capacity 15157K, committed 15232K, reserved 1048576K
Event: 18961.383 GC heap after
Heap after GC invocations=396 (full 54):
 PSYoungGen      total 71680K, used 3381K [0x00000000f5580000, 0x00000000fa380000, 0x0000000100000000)
  eden space 66560K, 0% used [0x00000000f5580000,0x00000000f5580000,0x00000000f9680000)
  from space 5120K, 66% used [0x00000000f9e80000,0x00000000fa1cd720,0x00000000fa380000)
  to   space 6656K, 0% used [0x00000000f9680000,0x00000000f9680000,0x00000000f9d00000)
 ParOldGen       total 117760K, used 89007K [0x00000000e0000000, 0x00000000e7300000, 0x00000000f5580000)
  object space 117760K, 75% used [0x00000000e0000000,0x00000000e56ebe48,0x00000000e7300000)
 Metaspace       used 108734K, capacity 116862K, committed 117120K, reserved 1150976K
  class space    used 12578K, capacity 15157K, committed 15232K, reserved 1048576K
}
Event: 18968.367 GC heap before
{Heap before GC invocations=397 (full 54):
 PSYoungGen      total 71680K, used 69941K [0x00000000f5580000, 0x00000000fa380000, 0x0000000100000000)
  eden space 66560K, 100% used [0x00000000f5580000,0x00000000f9680000,0x00000000f9680000)
  from space 5120K, 66% used [0x00000000f9e80000,0x00000000fa1cd720,0x00000000fa380000)
  to   space 6656K, 0% used [0x00000000f9680000,0x00000000f9680000,0x00000000f9d00000)
 ParOldGen       total 117760K, used 89007K [0x00000000e0000000, 0x00000000e7300000, 0x00000000f5580000)
  object space 117760K, 75% used [0x00000000e0000000,0x00000000e56ebe48,0x00000000e7300000)
 Metaspace       used 108767K, capacity 116862K, committed 117120K, reserved 1150976K
  class space    used 12578K, capacity 15157K, committed 15232K, reserved 1048576K
Event: 18968.371 GC heap after
Heap after GC invocations=397 (full 54):
 PSYoungGen      total 73216K, used 3367K [0x00000000f5580000, 0x00000000fa980000, 0x0000000100000000)
  eden space 66560K, 0% used [0x00000000f5580000,0x00000000f5580000,0x00000000f9680000)
  from space 6656K, 50% used [0x00000000f9680000,0x00000000f99c9c90,0x00000000f9d00000)
  to   space 6656K, 0% used [0x00000000fa300000,0x00000000fa300000,0x00000000fa980000)
 ParOldGen       total 117760K, used 89199K [0x00000000e0000000, 0x00000000e7300000, 0x00000000f5580000)
  object space 117760K, 75% used [0x00000000e0000000,0x00000000e571be48,0x00000000e7300000)
 Metaspace       used 108767K, capacity 116862K, committed 117120K, reserved 1150976K
  class space    used 12578K, capacity 15157K, committed 15232K, reserved 1048576K
}
Event: 18980.368 GC heap before
{Heap before GC invocations=398 (full 54):
 PSYoungGen      total 73216K, used 69927K [0x00000000f5580000, 0x00000000fa980000, 0x0000000100000000)
  eden space 66560K, 100% used [0x00000000f5580000,0x00000000f9680000,0x00000000f9680000)
  from space 6656K, 50% used [0x00000000f9680000,0x00000000f99c9c90,0x00000000f9d00000)
  to   space 6656K, 0% used [0x00000000fa300000,0x00000000fa300000,0x00000000fa980000)
 ParOldGen       total 117760K, used 89199K [0x00000000e0000000, 0x00000000e7300000, 0x00000000f5580000)
  object space 117760K, 75% used [0x00000000e0000000,0x00000000e571be48,0x00000000e7300000)
 Metaspace       used 108801K, capacity 116862K, committed 117120K, reserved 1150976K
  class space    used 12583K, capacity 15157K, committed 15232K, reserved 1048576K
Event: 18980.374 GC heap after
Heap after GC invocations=398 (full 54):
 PSYoungGen      total 78336K, used 3723K [0x00000000f5580000, 0x00000000fa900000, 0x0000000100000000)
  eden space 72192K, 0% used [0x00000000f5580000,0x00000000f5580000,0x00000000f9c00000)
  from space 6144K, 60% used [0x00000000fa300000,0x00000000fa6a2df0,0x00000000fa900000)
  to   space 6656K, 0% used [0x00000000f9c00000,0x00000000f9c00000,0x00000000fa280000)
 ParOldGen       total 117760K, used 89199K [0x00000000e0000000, 0x00000000e7300000, 0x00000000f5580000)
  object space 117760K, 75% used [0x00000000e0000000,0x00000000e571be48,0x00000000e7300000)
 Metaspace       used 108801K, capacity 116862K, committed 117120K, reserved 1150976K
  class space    used 12583K, capacity 15157K, committed 15232K, reserved 1048576K
}
Event: 18989.264 GC heap before
{Heap before GC invocations=399 (full 54):
 PSYoungGen      total 78336K, used 75915K [0x00000000f5580000, 0x00000000fa900000, 0x0000000100000000)
  eden space 72192K, 100% used [0x00000000f5580000,0x00000000f9c00000,0x00000000f9c00000)
  from space 6144K, 60% used [0x00000000fa300000,0x00000000fa6a2df0,0x00000000fa900000)
  to   space 6656K, 0% used [0x00000000f9c00000,0x00000000f9c00000,0x00000000fa280000)
 ParOldGen       total 117760K, used 89199K [0x00000000e0000000, 0x00000000e7300000, 0x00000000f5580000)
  object space 117760K, 75% used [0x00000000e0000000,0x00000000e571be48,0x00000000e7300000)
 Metaspace       used 108917K, capacity 117118K, committed 117376K, reserved 1150976K
  class space    used 12594K, capacity 15157K, committed 15232K, reserved 1048576K
Event: 18989.269 GC heap after
Heap after GC invocations=399 (full 54):
 PSYoungGen      total 78848K, used 2307K [0x00000000f5580000, 0x00000000fae00000, 0x0000000100000000)
  eden space 72192K, 0% used [0x00000000f5580000,0x00000000f5580000,0x00000000f9c00000)
  from space 6656K, 34% used [0x00000000f9c00000,0x00000000f9e40fd8,0x00000000fa280000)
  to   space 6656K, 0% used [0x00000000fa780000,0x00000000fa780000,0x00000000fae00000)
 ParOldGen       total 117760K, used 89199K [0x00000000e0000000, 0x00000000e7300000, 0x00000000f5580000)
  object space 117760K, 75% used [0x00000000e0000000,0x00000000e571be48,0x00000000e7300000)
 Metaspace       used 108917K, capacity 117118K, committed 117376K, reserved 1150976K
  class space    used 12594K, capacity 15157K, committed 15232K, reserved 1048576K
}

Deoptimization events (10 events):
Event: 18991.778 Thread 0x000000001bf45000 Uncommon trap: reason=unstable_if action=reinterpret pc=0x00000000055b8d20 method=org.eclipse.core.internal.jobs.WorkerPool.startJob(Lorg/eclipse/core/internal/jobs/Worker;)Lorg/eclipse/core/internal/jobs/InternalJob; @ 177
Event: 18991.778 Thread 0x000000001ff6a800 Uncommon trap: reason=unstable_if action=reinterpret pc=0x000000000650955c method=org.eclipse.core.internal.jobs.JobManager.nextJob()Lorg/eclipse/core/runtime/jobs/Job; @ 80
Event: 18991.778 Thread 0x000000001ff6a800 Uncommon trap: reason=unstable_if action=reinterpret pc=0x00000000055b8d20 method=org.eclipse.core.internal.jobs.WorkerPool.startJob(Lorg/eclipse/core/internal/jobs/Worker;)Lorg/eclipse/core/internal/jobs/InternalJob; @ 177
Event: 18991.778 Thread 0x00000000190e5000 Uncommon trap: reason=unstable_if action=reinterpret pc=0x00000000055b8d20 method=org.eclipse.core.internal.jobs.WorkerPool.startJob(Lorg/eclipse/core/internal/jobs/Worker;)Lorg/eclipse/core/internal/jobs/InternalJob; @ 177
Event: 18991.778 Thread 0x0000000017a5d800 Uncommon trap: reason=unstable_if action=reinterpret pc=0x00000000055b8d20 method=org.eclipse.core.internal.jobs.WorkerPool.startJob(Lorg/eclipse/core/internal/jobs/Worker;)Lorg/eclipse/core/internal/jobs/InternalJob; @ 177
Event: 18991.778 Thread 0x00000000190e4800 Uncommon trap: reason=unstable_if action=reinterpret pc=0x00000000055b8d20 method=org.eclipse.core.internal.jobs.WorkerPool.startJob(Lorg/eclipse/core/internal/jobs/Worker;)Lorg/eclipse/core/internal/jobs/InternalJob; @ 177
Event: 18991.778 Thread 0x00000000196b8800 Uncommon trap: reason=unstable_if action=reinterpret pc=0x00000000055b8d20 method=org.eclipse.core.internal.jobs.WorkerPool.startJob(Lorg/eclipse/core/internal/jobs/Worker;)Lorg/eclipse/core/internal/jobs/InternalJob; @ 177
Event: 18991.778 Thread 0x0000000017a5f000 Uncommon trap: reason=unstable_if action=reinterpret pc=0x00000000055b8d20 method=org.eclipse.core.internal.jobs.WorkerPool.startJob(Lorg/eclipse/core/internal/jobs/Worker;)Lorg/eclipse/core/internal/jobs/InternalJob; @ 177
Event: 18991.798 Thread 0x00000000190ea000 Uncommon trap: reason=unstable_if action=reinterpret pc=0x00000000027ed850 method=sun.reflect.UnsafeStaticObjectFieldAccessorImpl.set(Ljava/lang/Object;Ljava/lang/Object;)V @ 13
Event: 18991.800 Thread 0x0000000016c11000 Uncommon trap: reason=unstable_if action=reinterpret pc=0x000000000269f01c method=org.eclipse.osgi.framework.eventmgr.EventManager$EventThread.getNextEvent()Lorg/eclipse/osgi/framework/eventmgr/EventManager$EventThread$Queued; @ 15

Internal exceptions (10 events):
Event: 18990.162 Thread 0x000000001aec7800 Exception <a 'java/lang/InterruptedException'> (0x00000000f699eec0) thrown at [C:\re\workspace\8-2-build-windows-amd64-cygwin\jdk8u66\5298\hotspot\src\share\vm\runtime\objectMonitor.cpp, line 1683]
Event: 18990.221 Thread 0x00000000190ea000 Implicit null exception at 0x000000000581b0a0 to 0x000000000581c034
Event: 18990.963 Thread 0x00000000190ea000 Implicit null exception at 0x0000000004dadf47 to 0x0000000004daf185
Event: 18990.963 Thread 0x00000000190ea000 Exception <a 'java/lang/NullPointerException'> (0x00000000f6c71330) thrown at [C:\re\workspace\8-2-build-windows-amd64-cygwin\jdk8u66\5298\hotspot\src\share\vm\prims\jvm.cpp, line 1390]
Event: 18991.777 Thread 0x0000000017c41800 Exception <a 'java/lang/InterruptedException'> (0x00000000f651e3b8) thrown at [C:\re\workspace\8-2-build-windows-amd64-cygwin\jdk8u66\5298\hotspot\src\share\vm\runtime\objectMonitor.cpp, line 1683]
Event: 18991.798 Thread 0x00000000190ea000 Implicit null exception at 0x00000000027ed54f to 0x00000000027ed83d
Event: 18991.798 Thread 0x0000000016c80000 Exception <a 'java/lang/InterruptedException'> (0x00000000f6fca7f8) thrown at [C:\re\workspace\8-2-build-windows-amd64-cygwin\jdk8u66\5298\hotspot\src\share\vm\runtime\objectMonitor.cpp, line 1683]
Event: 18991.800 Thread 0x0000000016c11000 Exception <a 'java/lang/InterruptedException'> (0x00000000f624c060) thrown at [C:\re\workspace\8-2-build-windows-amd64-cygwin\jdk8u66\5298\hotspot\src\share\vm\runtime\objectMonitor.cpp, line 1683]
Event: 18991.800 Thread 0x0000000014fa8800 Exception <a 'java/lang/InterruptedException'> (0x00000000f713d3a0) thrown at [C:\re\workspace\8-2-build-windows-amd64-cygwin\jdk8u66\5298\hotspot\src\share\vm\runtime\objectMonitor.cpp, line 1683]
Event: 18991.800 Thread 0x0000000018349800 Exception <a 'java/lang/InterruptedException'> (0x00000000f71473e8) thrown at [C:\re\workspace\8-2-build-windows-amd64-cygwin\jdk8u66\5298\hotspot\src\share\vm\runtime\objectMonitor.cpp, line 1683]

Events (10 events):
Event: 18991.818 loading class java/util/IdentityHashMap$IdentityHashMapIterator
Event: 18991.819 loading class java/util/IdentityHashMap$IdentityHashMapIterator done
Event: 18991.819 loading class java/util/IdentityHashMap$KeyIterator done
Event: 18991.820 Thread 0x00000000190ea000 Thread added: 0x00000000190ea000
Event: 18991.820 Executing VM operation: RevokeBias
Event: 18991.820 Executing VM operation: RevokeBias done
Event: 18991.820 Executing VM operation: RevokeBias
Event: 18991.820 Executing VM operation: RevokeBias done
Event: 18991.820 Thread 0x00000000190ea000 Thread exited: 0x00000000190ea000
Event: 18991.820 Executing VM operation: Exit


Dynamic libraries:
0x0000000000400000 - 0x000000000044f000 	C:\Xilinx\SDK\2016.2\eclipse\win64.o\eclipse.exe
0x00000000774d0000 - 0x000000007767a000 	C:\Windows\SYSTEM32\ntdll.dll
0x00000000772b0000 - 0x00000000773cf000 	C:\Windows\system32\kernel32.dll
0x000007fefd300000 - 0x000007fefd36a000 	C:\Windows\system32\KERNELBASE.dll
0x00000000773d0000 - 0x00000000774ca000 	C:\Windows\system32\USER32.dll
0x000007feff110000 - 0x000007feff177000 	C:\Windows\system32\GDI32.dll
0x000007feff0e0000 - 0x000007feff0ee000 	C:\Windows\system32\LPK.dll
0x000007fefd970000 - 0x000007fefda3a000 	C:\Windows\system32\USP10.dll
0x000007fefefc0000 - 0x000007feff05f000 	C:\Windows\system32\msvcrt.dll
0x000007fefbb20000 - 0x000007fefbd14000 	C:\Windows\WinSxS\amd64_microsoft.windows.common-controls_6595b64144ccf1df_6.0.7601.18837_none_fa3b1e3d17594757\COMCTL32.dll
0x000007feff060000 - 0x000007feff0d1000 	C:\Windows\system32\SHLWAPI.dll
0x000007fefd5d0000 - 0x000007fefd5fe000 	C:\Windows\system32\IMM32.DLL
0x000007fefdfc0000 - 0x000007fefe0c9000 	C:\Windows\system32\MSCTF.dll
0x0000000072000000 - 0x0000000072012000 	C:\Xilinx\SDK\2016.2\eclipse\win64.o\plugins\org.eclipse.equinox.launcher.win32.win32.x86_64_1.1.300.v20150602-1417\eclipse_1611.dll
0x000007feff700000 - 0x000007feff7db000 	C:\Windows\system32\ADVAPI32.dll
0x000007feff0f0000 - 0x000007feff10f000 	C:\Windows\SYSTEM32\sechost.dll
0x000007fefda40000 - 0x000007fefdb6d000 	C:\Windows\system32\RPCRT4.dll
0x000007fefc2a0000 - 0x000007fefc2ac000 	C:\Windows\system32\VERSION.dll
0x000007fefbac0000 - 0x000007fefbb16000 	C:\Windows\system32\UxTheme.dll
0x0000000070730000 - 0x0000000070fb9000 	C:\Xilinx\SDK\2016.2\tps\win64\jre\bin\server\jvm.dll
0x000007fefb2a0000 - 0x000007fefb2a9000 	C:\Windows\system32\WSOCK32.dll
0x000007fefe1d0000 - 0x000007fefe21d000 	C:\Windows\system32\WS2_32.dll
0x000007fefe220000 - 0x000007fefe228000 	C:\Windows\system32\NSI.dll
0x000007fefab30000 - 0x000007fefab6b000 	C:\Windows\system32\WINMM.dll
0x0000000077690000 - 0x0000000077697000 	C:\Windows\system32\PSAPI.DLL
0x0000000072e20000 - 0x0000000072ef2000 	C:\Windows\system32\MSVCR100.dll
0x0000000073050000 - 0x000000007305f000 	C:\Xilinx\SDK\2016.2\tps\win64\jre\bin\verify.dll
0x0000000073020000 - 0x0000000073049000 	C:\Xilinx\SDK\2016.2\tps\win64\jre\bin\java.dll
0x0000000073000000 - 0x0000000073016000 	C:\Xilinx\SDK\2016.2\tps\win64\jre\bin\zip.dll
0x000007fefe230000 - 0x000007fefefb9000 	C:\Windows\system32\SHELL32.dll
0x000007fefddb0000 - 0x000007fefdfb3000 	C:\Windows\system32\ole32.dll
0x000007fefd210000 - 0x000007fefd21f000 	C:\Windows\system32\profapi.dll
0x000007fefca10000 - 0x000007fefca28000 	C:\Windows\system32\CRYPTSP.dll
0x000007fefc710000 - 0x000007fefc757000 	C:\Windows\system32\rsaenh.dll
0x000007fefd410000 - 0x000007fefd42e000 	C:\Windows\system32\USERENV.dll
0x000007fefd070000 - 0x000007fefd07f000 	C:\Windows\system32\CRYPTBASE.dll
0x0000000072fe0000 - 0x0000000072ffa000 	C:\Xilinx\SDK\2016.2\tps\win64\jre\bin\net.dll
0x000007fefc9b0000 - 0x000007fefca05000 	C:\Windows\system32\mswsock.dll
0x000007fefc9a0000 - 0x000007fefc9a7000 	C:\Windows\System32\wship6.dll
0x000007fef9aa0000 - 0x000007fef9ac7000 	C:\Windows\system32\IPHLPAPI.DLL
0x000007fef9a80000 - 0x000007fef9a8b000 	C:\Windows\system32\WINNSI.DLL
0x000007fefa9a0000 - 0x000007fefa9b1000 	C:\Windows\system32\dhcpcsvc6.DLL
0x000007fefa980000 - 0x000007fefa998000 	C:\Windows\system32\dhcpcsvc.DLL
0x0000000072fc0000 - 0x0000000072fd1000 	C:\Xilinx\SDK\2016.2\tps\win64\jre\bin\nio.dll
0x000007fef9c60000 - 0x000007fef9c75000 	C:\Windows\system32\NLAapi.dll
0x000007fef9ff0000 - 0x000007fefa005000 	C:\Windows\system32\napinsp.dll
0x000007fefa010000 - 0x000007fefa029000 	C:\Windows\system32\pnrpnsp.dll
0x000007fefc830000 - 0x000007fefc88b000 	C:\Windows\system32\DNSAPI.dll
0x000007fef9fe0000 - 0x000007fef9feb000 	C:\Windows\System32\winrnr.dll
0x000007fefc370000 - 0x000007fefc377000 	C:\Windows\System32\wshtcpip.dll
0x000007fefa580000 - 0x000007fefa588000 	C:\Windows\system32\rasadhlp.dll
0x000007fefaa30000 - 0x000007fefaa83000 	C:\Windows\System32\fwpuclnt.dll
0x000000001c8d0000 - 0x000000001c978000 	C:\Users\dezfoul2\.Xilinx\SDK\2016.2\org.eclipse.osgi\312\0\.cp\swt-win32-4527.dll
0x000007fefe0f0000 - 0x000007fefe1c8000 	C:\Windows\system32\OLEAUT32.dll
0x000007fefd600000 - 0x000007fefd697000 	C:\Windows\system32\comdlg32.dll
0x000007fef6aa0000 - 0x000007fef6b11000 	C:\Windows\system32\WINSPOOL.DRV
0x000007feff220000 - 0x000007feff4e5000 	C:\Windows\system32\WININET.dll
0x000007fefd260000 - 0x000007fefd264000 	C:\Windows\system32\api-ms-win-downlevel-user32-l1-1-0.dll
0x000007fefd450000 - 0x000007fefd454000 	C:\Windows\system32\api-ms-win-downlevel-shlwapi-l1-1-0.dll
0x000007fefd250000 - 0x000007fefd254000 	C:\Windows\system32\api-ms-win-downlevel-version-l1-1-0.dll
0x000007fefd2f0000 - 0x000007fefd2f3000 	C:\Windows\system32\api-ms-win-downlevel-normaliz-l1-1-0.dll
0x00000000776a0000 - 0x00000000776a3000 	C:\Windows\system32\normaliz.DLL
0x000007fefd6a0000 - 0x000007fefd969000 	C:\Windows\system32\iertutil.dll
0x000007fefd230000 - 0x000007fefd235000 	C:\Windows\system32\api-ms-win-downlevel-advapi32-l1-1-0.dll
0x000007fefd460000 - 0x000007fefd5cd000 	C:\Windows\system32\CRYPT32.dll
0x000007fefd220000 - 0x000007fefd22f000 	C:\Windows\system32\MSASN1.dll
0x000007fefb590000 - 0x000007fefb6bc000 	C:\Windows\system32\propsys.dll
0x000007feff180000 - 0x000007feff219000 	C:\Windows\system32\CLBCatQ.DLL
0x0000000002390000 - 0x00000000023ae000 	C:\Users\dezfoul2\.Xilinx\SDK\2016.2\org.eclipse.osgi\312\0\.cp\swt-gdip-win32-4527.dll
0x000007fefb8a0000 - 0x000007fefbab6000 	C:\Windows\WinSxS\amd64_microsoft.windows.gdiplus_6595b64144ccf1df_1.1.7601.23508_none_145555328b95eaaa\gdiplus.dll
0x000007fefb3c0000 - 0x000007fefb521000 	C:\Windows\system32\WindowsCodecs.dll
0x0000000180000000 - 0x0000000180012000 	C:\Users\dezfoul2\.Xilinx\SDK\2016.2\org.eclipse.osgi\126\0\.cp\os\win32\x86_64\localfile_1_0_0.dll
0x000007feee220000 - 0x000007feee274000 	C:\Windows\system32\oleacc.dll
0x000007fef7360000 - 0x000007fef7367000 	C:\Windows\system32\msimg32.dll
0x000007fefd160000 - 0x000007fefd174000 	C:\Windows\system32\RpcRtRemote.dll
0x000007fefd010000 - 0x000007fefd067000 	C:\Windows\system32\apphelp.dll
0x000007fefb190000 - 0x000007fefb1a1000 	C:\Users\dezfoul2\.Xilinx\SDK\2016.2\org.eclipse.osgi\129\0\.cp\jWinHttp-1.0.0.dll
0x000007fefa070000 - 0x000007fefa0e1000 	C:\Windows\system32\WINHTTP.dll
0x000007fef9960000 - 0x000007fef99c4000 	C:\Windows\system32\webio.dll
0x000007fefcfe0000 - 0x000007fefd005000 	C:\Windows\system32\SspiCli.dll
0x000007fefc5d0000 - 0x000007fefc5da000 	C:\Windows\system32\credssp.dll
0x000007fefd270000 - 0x000007fefd2a6000 	C:\Windows\system32\CFGMGR32.dll
0x000007fefb3a0000 - 0x000007fefb3af000 	C:\Xilinx\SDK\2016.2\lib\win64.o\librdi_repo_manager.dll
0x000007fef56e0000 - 0x000007fef570a000 	C:\Xilinx\SDK\2016.2\lib\win64.o\libisl_sysinfo.dll
0x000007fef8c40000 - 0x000007fef8d14000 	C:\Windows\system32\MSVCR110.dll
0x000007fef8b10000 - 0x000007fef8bb7000 	C:\Windows\system32\MSVCP110.dll
0x000007feb8ff0000 - 0x000007feb9a30000 	C:\Xilinx\SDK\2016.2\lib\win64.o\librdi_common.dll
0x000007feba100000 - 0x000007feba46e000 	C:\Xilinx\SDK\2016.2\lib\win64.o\libCOIN-all.dll
0x000007feeb100000 - 0x000007feeb31f000 	C:\Xilinx\SDK\2016.2\lib\win64.o\libXil_lmgr11.dll
0x000007fefb280000 - 0x000007fefb296000 	C:\Windows\system32\NETAPI32.dll
0x000007fefc640000 - 0x000007fefc64c000 	C:\Windows\system32\netutils.dll
0x000007fefcd70000 - 0x000007fefcd93000 	C:\Windows\system32\srvcli.dll
0x000007fefb260000 - 0x000007fefb275000 	C:\Windows\system32\wkscli.dll
0x000007fefd2b0000 - 0x000007fefd2eb000 	C:\Windows\system32\WINTRUST.dll
0x000007fefb160000 - 0x000007fefb170000 	C:\Xilinx\SDK\2016.2\lib\win64.o\libboost_date_time.dll
0x000007fef56b0000 - 0x000007fef56d4000 	C:\Xilinx\SDK\2016.2\lib\win64.o\libboost_filesystem.dll
0x000007fef7b40000 - 0x000007fef7b49000 	C:\Xilinx\SDK\2016.2\lib\win64.o\libboost_system.dll
0x000007fef5630000 - 0x000007fef56a7000 	C:\Xilinx\SDK\2016.2\lib\win64.o\libboost_program_options.dll
0x000007fef5520000 - 0x000007fef5626000 	C:\Xilinx\SDK\2016.2\lib\win64.o\libboost_regex.dll
0x000007feeeb90000 - 0x000007feeeba3000 	C:\Xilinx\SDK\2016.2\lib\win64.o\libboost_signals.dll
0x000007feeeb70000 - 0x000007feeeb8d000 	C:\Xilinx\SDK\2016.2\lib\win64.o\libboost_thread.dll
0x000007fef5510000 - 0x000007fef551b000 	C:\Xilinx\SDK\2016.2\lib\win64.o\libboost_chrono.dll
0x000007feeeb60000 - 0x000007feeeb6b000 	C:\Xilinx\SDK\2016.2\lib\win64.o\libboost_xilinx.dll
0x000007feeeae0000 - 0x000007feeeb60000 	C:\Xilinx\SDK\2016.2\lib\win64.o\libhdlpsolve.dll
0x000007feeb060000 - 0x000007feeb0fa000 	C:\Xilinx\SDK\2016.2\lib\win64.o\libhdxml.dll
0x000007feb9c90000 - 0x000007feba0f5e00 	C:\Xilinx\SDK\2016.2\lib\win64.o\libisl_iostreams.dll
0x000007feeb040000 - 0x000007feeb056000 	C:\Xilinx\SDK\2016.2\lib\win64.o\libboost_iostreams.dll
0x000007feeb010000 - 0x000007feeb033000 	C:\Xilinx\SDK\2016.2\lib\win64.o\librdizlib.dll
0x000007feeafe0000 - 0x000007feeb003000 	C:\Xilinx\SDK\2016.2\lib\win64.o\libisl_iosutils.dll
0x000007feeafc0000 - 0x000007feeafd5000 	C:\Xilinx\SDK\2016.2\lib\win64.o\pthreadVC2.dll
0x000007feeaf60000 - 0x000007feeafb4000 	C:\Xilinx\SDK\2016.2\lib\win64.o\librdi_commonxillic.dll
0x000007feeae30000 - 0x000007feeaf60000 	C:\Xilinx\SDK\2016.2\lib\win64.o\librdi_curl.dll
0x000007feeae10000 - 0x000007feeae28000 	C:\Xilinx\SDK\2016.2\lib\win64.o\librdiconfig.dll
0x0000000071220000 - 0x0000000071347000 	C:\Xilinx\SDK\2016.2\lib\win64.o\tcl85t.dll
0x0000000024090000 - 0x00000000242f3000 	C:\Xilinx\SDK\2016.2\lib\win64.o\xerces-c_3_1.dll
0x000007feff4f0000 - 0x000007feff676000 	C:\Windows\system32\urlmon.dll
0x000007fefd240000 - 0x000007fefd244000 	C:\Windows\system32\api-ms-win-downlevel-ole32-l1-1-0.dll
0x000007fef2c30000 - 0x000007fef2c53000 	C:\Windows\system32\VCOMP110.DLL
0x000007febac80000 - 0x000007febae72000 	C:\Xilinx\SDK\2016.2\lib\win64.o\librdi_hsm.dll
0x000007feeadc0000 - 0x000007feeae03000 	C:\Xilinx\SDK\2016.2\lib\win64.o\librdi_hdf.dll
0x000007feb8d60000 - 0x000007feb8fe1000 	C:\Xilinx\SDK\2016.2\lib\win64.o\librdi_ippcw.dll
0x000007fefb1b0000 - 0x000007fefb1c6000 	C:\Xilinx\SDK\2016.2\eclipse\win64.o\plugins\org.eclipse.cdt.core.win32.x86_64_5.4.0.201509131935\os\win32\x86_64\spawner.dll
0x000007fefb1f0000 - 0x000007fefb1fa000 	C:\Xilinx\SDK\2016.2\lib\win64.o\librdi_jtag_settings.dll
0x000007fef9880000 - 0x000007fef98a9000 	C:\Xilinx\SDK\2016.2\lib\win64.o\librdi_debug_dialog.dll
0x000007fef9870000 - 0x000007fef9878000 	C:\Xilinx\SDK\2016.2\lib\win64.o\librdi_target_manager.dll
0x0000000071080000 - 0x00000000710a6000 	C:\Xilinx\SDK\2016.2\eclipse\win64.o\plugins\gnu.io.rxtx.win32.x86_64_2.1.7.3_v20071015\os\win32\x86_64\rxtxSerial.dll
0x0000000071100000 - 0x0000000071125000 	C:\Users\dezfoul2\.jssc\windows\jSSC-2.8_x86_64.dll
0x000007feb69d0000 - 0x000007feb71e0000 	C:\Xilinx\SDK\2016.2\lib\win64.o\libXil_lmgr11FNP.dll

VM Arguments:
jvm_args: -Dcom.xilinx.sdk.args.hwspec=W:/ece532/src/hdmi.sdk/hdmi_wrapper.hdf -Xms64m -Xmx512m & 
java_command: <unknown>
java_class_path (initial): C:\Xilinx\SDK\2016.2\eclipse\win64.o\\plugins/org.eclipse.equinox.launcher_1.3.100.v20150511-1540.jar
Launcher Type: generic

Environment Variables:
PATH=C:/Xilinx/SDK/2016.2/tps/win64/jre/bin/server;C:/Xilinx/SDK/2016.2/tps/win64/jre/bin;C:/Xilinx/SDK/2016.2/tps/win64/jre/lib/amd64;C:\Xilinx\SDK\2016.2\gnuwin\bin;C:\Xilinx\SDK\2016.2\gnu\microblaze\nt\bin;C:\Xilinx\SDK\2016.2\gnu\microblaze\linux_toolchain\nt64_le\bin;C:\Xilinx\SDK\2016.2\gnu\microblaze\linux_toolchain\nt64_be\bin;C:\Xilinx\SDK\2016.2\gnu\arm\nt\bin;C:\Xilinx\SDK\2016.2\gnu\aarch64\nt\aarch64-none\bin;C:\Xilinx\SDK\2016.2\gnu\aarch64\nt\aarch64-linux\bin;C:\Xilinx\SDK\2016.2\gnu\armr5\nt\gcc-arm-none-eabi\bin;C:\Xilinx\SDK\2016.2\gnu\aarch32\nt\gcc-arm-none-eabi\bin;C:\Xilinx\SDK\2016.2\gnu\aarch32\nt\gcc-arm-linux-gnueabi\bin;C:\Xilinx\SDK\2016.2\tps\win64\cmake-3.3.2\bin;;C:\Xilinx\SDK\2016.2\bin;C:\Xilinx\SDK\2016.2\lib\win64.o;C:\Xilinx\SDK\2016.2\tps\win64\jre\bin\server;C:\Xilinx\SDK\2016.2\tps\win64\jre\bin;C:\Xilinx\Vivado\2016.2\ids_lite\ISE\bin\nt64;C:\Xilinx\Vivado\2016.2\ids_lite\ISE\lib\nt64;C:\Xilinx\Vivado\2016.2\bin;C:\Xilinx\Vivado\2016.2\lib\win64.o;C:\Xilinx\Vivado\2016.2\tps\win64\jre\bin\server;C:\Xilinx\Vivado\2016.2\tps\win64\jre\bin;C:\Xilinx\Vivado_HLS\2016.2\bin;C:\Windows\system32;C:\Windows;C:\Windows\System32\Wbem;C:\Windows\System32\WindowsPowerShell\v1.0\;C:\Program Files (x86)\Java\jre6\bin;C:\Program Files (x86)\eclipse;C:\altera\16.0\quartus\bin64;c:\altera\16.0\quartus\bin64\jre64\bin;W:\ece532\src;
USERNAME=dezfoul2
OS=Windows_NT
PROCESSOR_IDENTIFIER=Intel64 Family 6 Model 60 Stepping 3, GenuineIntel



---------------  S Y S T E M  ---------------

OS: Windows 7 , 64 bit Build 7601 (6.1.7601.23418)

CPU:total 8 (4 cores per cpu, 2 threads per core) family 6 model 60 stepping 3, cmov, cx8, fxsr, mmx, sse, sse2, sse3, ssse3, sse4.1, sse4.2, popcnt, avx, avx2, aes, clmul, erms, lzcnt, ht, tsc, tscinvbit, bmi1, bmi2

Memory: 4k page, physical 16683160k(10317228k free), swap 33364460k(25903536k free)

vm_info: Java HotSpot(TM) 64-Bit Server VM (25.66-b18) for windows-amd64 JRE (1.8.0_66-b18), built on Nov  9 2015 10:51:13 by "java_re" with MS VC++ 10.0 (VS2010)

time: Wed Mar 22 19:45:37 2017
elapsed time: 18992 seconds (0d 5h 16m 32s)

