#
# A fatal error has been detected by the Java Runtime Environment:
#
#  EXCEPTION_UNCAUGHT_CXX_EXCEPTION (0xe06d7363) at pc=0x000007fefd48a06d, pid=3548, tid=5108
#
# JRE version: Java(TM) SE Runtime Environment (8.0_66-b18) (build 1.8.0_66-b18)
# Java VM: Java HotSpot(TM) 64-Bit Server VM (25.66-b18 mixed mode windows-amd64 compressed oops)
# Problematic frame:
# C  [KERNELBASE.dll+0x1a06d]
#
# Failed to write core dump. Minidumps are not enabled by default on client versions of Windows
#
# If you would like to submit a bug report, please visit:
#   http://bugreport.java.com/bugreport/crash.jsp
#

---------------  T H R E A D  ---------------

Current thread (0x0000000014ef2800):  VMThread [stack: 0x0000000015e40000,0x0000000015f40000] [id=5108]

siginfo: ExceptionCode=0xe06d7363, ExceptionInformation=0x0000000019930520 0x0000000015f3f4c8 0x000007feecd82cb8 0x000007feeccd0000 

Registers:
RAX=0x00000000612d07d1, RBX=0x000007feecd82cb8, RCX=0x0000000015f3ed10, RDX=0x00000000000000d0
RSP=0x0000000015f3f320, RBP=0x0000000015f3f450, RSI=0x00000000ffffffff, RDI=0x0000000027bb3a40
R8 =0x0000000000000000, R9 =0x0000000000000000, R10=0x000007feeccd0000, R11=0x0000000015f3f360
R12=0x0000000000000001, R13=0x0000000000000008, R14=0x0000000000000000, R15=0xffffffffffffffff
RIP=0x000007fefd48a06d, EFLAGS=0x0000000000000206

Top of Stack: (sp=0x0000000015f3f320)
0x0000000015f3f320:   000007feecd82cb8 00000000ffffffff
0x0000000015f3f330:   0000000027bb3a40 00000000002571f0
0x0000000015f3f340:   00000001e06d7363 0000000000000000
0x0000000015f3f350:   000007fefd48a06d 000007fe00000004
0x0000000015f3f360:   0000000019930520 0000000015f3f4c8
0x0000000015f3f370:   000007feecd82cb8 000007feeccd0000
0x0000000015f3f380:   0000000000000000 0000000015f3f408
0x0000000015f3f390:   0000000000000028 0000000027bb3a30
0x0000000015f3f3a0:   00000000174de260 0000000000000000
0x0000000015f3f3b0:   000007fffffa8000 000000007749f2d3
0x0000000015f3f3c0:   0000000000000000 0000000000000008
0x0000000015f3f3d0:   0000000000000001 0000000027bb3a40
0x0000000015f3f3e0:   00000000ffffffff 000007feecd2e92c
0x0000000015f3f3f0:   000007feecd82cb8 0000000015f3f460
0x0000000015f3f400:   0000000000000001 000007feeccd00f8
0x0000000015f3f410:   00000001e06d7363 0000000000000000 

Instructions: (pc=0x000007fefd48a06d)
0x000007fefd48a04d:   54 24 24 48 89 4c 24 28 4d 85 c9 0f 85 6a 03 00
0x000007fefd48a05d:   00 89 4c 24 38 48 8d 4c 24 20 ff 15 33 02 03 00
0x000007fefd48a06d:   48 81 c4 c8 00 00 00 c3 90 90 90 90 90 90 90 90
0x000007fefd48a07d:   90 90 90 48 83 ec 28 65 48 8b 04 25 30 00 00 00 


Register to memory mapping:

RAX=0x00000000612d07d1 is an unknown value
RBX=0x000007feecd82cb8 is an unknown value
RCX=0x0000000015f3ed10 is an unknown value
RDX=0x00000000000000d0 is an unknown value
RSP=0x0000000015f3f320 is an unknown value
RBP=0x0000000015f3f450 is an unknown value
RSI=0x00000000ffffffff is an unallocated location in the heap
RDI=0x0000000027bb3a40 is an unknown value
R8 =0x0000000000000000 is an unknown value
R9 =0x0000000000000000 is an unknown value
R10=0x000007feeccd0000 is an unknown value
R11=0x0000000015f3f360 is an unknown value
R12=0x0000000000000001 is an unknown value
R13=0x0000000000000008 is an unknown value
R14=0x0000000000000000 is an unknown value
R15=0xffffffffffffffff is an unknown value


Stack: [0x0000000015e40000,0x0000000015f40000],  sp=0x0000000015f3f320,  free space=1020k
Native frames: (J=compiled Java code, j=interpreted, Vv=VM code, C=native code)
C  [KERNELBASE.dll+0x1a06d]
C  [MSVCR110.dll+0x5e92c]
C  [MSVCR110.dll+0x1315c]
C  [MSVCR110.dll+0x136a9]
C  [MSVCR110.dll+0x13e9c]
C  [MSVCR110.dll+0x239e]
C  [MSVCR110.dll+0xaf9e]
C  [MSVCP110.dll+0x397b9]
C  [librdi_common.dll+0x182316]
C  [librdi_common.dll+0x180fab]
C  0x000007fef5bb2400
C  0x000007fef5bb2682
C  [ntdll.dll+0x229b1]
C  [ntdll.dll+0x227c0]
C  [MSVCR100.dll+0x20ccd]
V  [jvm.dll+0x210cc5]
V  [jvm.dll+0x249897]
V  [jvm.dll+0x248b36]
V  [jvm.dll+0x248fd1]
V  [jvm.dll+0x2491ee]
V  [jvm.dll+0x29a0fa]
C  [MSVCR100.dll+0x21d9f]
C  [MSVCR100.dll+0x21e3b]
C  [kernel32.dll+0x159bd]
C  [ntdll.dll+0x2a2e1]

VM_Operation (0x000000000012f4c0): Exit, mode: safepoint, requested by thread 0x0000000002488000


---------------  P R O C E S S  ---------------

Java Threads: ( => current thread )
  0x0000000021186000 JavaThread "pool-2-thread-4" [_thread_blocked, id=4172, stack(0x0000000027fc0000,0x00000000280c0000)]
  0x0000000025104000 JavaThread "Thread-54" [_thread_in_native, id=5208, stack(0x0000000023db0000,0x0000000023eb0000)]
  0x0000000017c87800 JavaThread "pool-2-thread-3" [_thread_blocked, id=1596, stack(0x0000000027dc0000,0x0000000027ec0000)]
  0x0000000025109000 JavaThread "pool-2-thread-2" [_thread_blocked, id=3472, stack(0x00000000275c0000,0x00000000276c0000)]
  0x0000000025105800 JavaThread "pool-2-thread-1" [_thread_blocked, id=4844, stack(0x0000000026600000,0x0000000026700000)]
  0x0000000025102000 JavaThread "Thread-47" daemon [_thread_blocked, id=4672, stack(0x00000000295d0000,0x00000000296d0000)]
  0x0000000020f0e800 JavaThread "TCF Channel Transmitter" daemon [_thread_blocked, id=5296, stack(0x0000000025e00000,0x0000000025f00000)]
  0x0000000020f0d000 JavaThread "TCF Channel Receiver" daemon [_thread_in_native, id=3080, stack(0x00000000238f0000,0x00000000239f0000)]
  0x0000000020f0c800 JavaThread "Process monitor" daemon [_thread_in_native, id=2876, stack(0x0000000024930000,0x0000000024a30000)]
  0x0000000017c8c800 JavaThread "Input Stream Monitor" daemon [_thread_blocked, id=4768, stack(0x0000000024830000,0x0000000024930000)]
  0x0000000017c8c000 JavaThread "Output Stream Monitor" daemon [_thread_in_native, id=4808, stack(0x00000000242b0000,0x00000000243b0000)]
  0x0000000017c8b000 JavaThread "Output Stream Monitor" daemon [_thread_in_native, id=1384, stack(0x00000000241b0000,0x00000000242b0000)]
  0x0000000017c86000 JavaThread "TCF Locator DNS Lookup" daemon [_thread_blocked, id=3688, stack(0x00000000224b0000,0x00000000225b0000)]
  0x0000000017c85000 JavaThread "TCF Locator Timer" daemon [_thread_blocked, id=5280, stack(0x00000000223b0000,0x00000000224b0000)]
  0x0000000017c84800 JavaThread "TCF Locator Receiver" daemon [_thread_blocked, id=2656, stack(0x00000000222b0000,0x00000000223b0000)]
  0x0000000017c83000 JavaThread "TCF Timer Dispatcher" daemon [_thread_blocked, id=2856, stack(0x0000000020970000,0x0000000020a70000)]
  0x0000000017c7d800 JavaThread "EMF Reference Cleaner" daemon [_thread_blocked, id=3664, stack(0x00000000196c0000,0x00000000197c0000)]
  0x0000000014fe4000 JavaThread "Service Thread" daemon [_thread_blocked, id=4572, stack(0x0000000016800000,0x0000000016900000)]
  0x0000000014f62000 JavaThread "C1 CompilerThread3" daemon [_thread_blocked, id=3828, stack(0x0000000016700000,0x0000000016800000)]
  0x0000000014f55800 JavaThread "C2 CompilerThread2" daemon [_thread_blocked, id=3092, stack(0x0000000016600000,0x0000000016700000)]
  0x0000000013d89000 JavaThread "C2 CompilerThread1" daemon [_thread_blocked, id=4944, stack(0x0000000016500000,0x0000000016600000)]
  0x0000000014f44800 JavaThread "C2 CompilerThread0" daemon [_thread_blocked, id=3844, stack(0x0000000016400000,0x0000000016500000)]
  0x0000000014f40000 JavaThread "Attach Listener" daemon [_thread_blocked, id=3228, stack(0x0000000016300000,0x0000000016400000)]
  0x0000000014f50000 JavaThread "Signal Dispatcher" daemon [_thread_blocked, id=6052, stack(0x0000000016200000,0x0000000016300000)]
  0x0000000013d7c000 JavaThread "Finalizer" daemon [_thread_blocked, id=4724, stack(0x0000000016040000,0x0000000016140000)]
  0x0000000013d75000 JavaThread "Reference Handler" daemon [_thread_blocked, id=3216, stack(0x0000000015f40000,0x0000000016040000)]
  0x0000000002488000 JavaThread "main" [_thread_blocked, id=3876, stack(0x0000000000030000,0x0000000000130000)]

Other Threads:
=>0x0000000014ef2800 VMThread [stack: 0x0000000015e40000,0x0000000015f40000] [id=5108]

VM state:at safepoint (shutting down)

VM Mutex/Monitor currently owned by a thread:  ([mutex/lock_event])
[0x00000000025be4d0] Threads_lock - owner thread: 0x0000000014ef2800

Heap:
 PSYoungGen      total 119296K, used 89373K [0x00000000f5580000, 0x00000000fe400000, 0x0000000100000000)
  eden space 97792K, 76% used [0x00000000f5580000,0x00000000f9f00760,0x00000000fb500000)
  from space 21504K, 65% used [0x00000000fcf00000,0x00000000fdcc6ca0,0x00000000fe400000)
  to   space 24064K, 0% used [0x00000000fb500000,0x00000000fb500000,0x00000000fcc80000)
 ParOldGen       total 93696K, used 47560K [0x00000000e0000000, 0x00000000e5b80000, 0x00000000f5580000)
  object space 93696K, 50% used [0x00000000e0000000,0x00000000e2e721e8,0x00000000e5b80000)
 Metaspace       used 96655K, capacity 103928K, committed 104064K, reserved 1138688K
  class space    used 11410K, capacity 13850K, committed 13952K, reserved 1048576K

Card table byte_map: [0x0000000011980000,0x0000000011a90000] byte_map_base: 0x0000000011280000

Marking Bits: (ParMarkBitMap*) 0x0000000070e2a5b0
 Begin Bits: [0x0000000012290000, 0x0000000012a90000)
 End Bits:   [0x0000000012a90000, 0x0000000013290000)

Polling page: 0x00000000001b0000

CodeCache: size=245760Kb used=53756Kb max_used=54440Kb free=192003Kb
 bounds [0x00000000025c0000, 0x0000000005b60000, 0x00000000115c0000]
 total_blobs=14847 nmethods=13930 adapters=822
 compilation: enabled

Compilation events (10 events):
Event: 9692.683 Thread 0x0000000014f62000 nmethod 17896 0x00000000057b6050 code [0x00000000057b61c0, 0x00000000057b6348]
Event: 9692.683 Thread 0x0000000014f62000 17897       3       org.eclipse.osgi.container.ModuleWiring::invalidate0 (52 bytes)
Event: 9692.684 Thread 0x0000000014f62000 nmethod 17897 0x0000000003bf6fd0 code [0x0000000003bf7180, 0x0000000003bf7b28]
Event: 9692.684 Thread 0x0000000014f62000 17898       3       org.eclipse.osgi.internal.container.AtomicLazyInitializer::getAndClear (9 bytes)
Event: 9692.684 Thread 0x0000000014f62000 nmethod 17898 0x00000000041c3b90 code [0x00000000041c3d00, 0x00000000041c3f50]
Event: 9692.684 Thread 0x0000000014f62000 17899       3       java.util.concurrent.atomic.AtomicReference::getAndSet (12 bytes)
Event: 9692.684 Thread 0x0000000014f62000 nmethod 17899 0x0000000005820c50 code [0x0000000005820da0, 0x0000000005820f10]
Event: 9692.684 Thread 0x0000000014f62000 17904   !   3       org.eclipse.osgi.storage.BundleInfo$Generation::clearManifestCache (30 bytes)
Event: 9692.685 Thread 0x0000000014f62000 nmethod 17904 0x00000000056fe5d0 code [0x00000000056fe760, 0x00000000056feda8]
Event: 9692.685 Thread 0x0000000014f62000 17900       3       sun.misc.Unsafe::getAndSetObject (24 bytes)

GC Heap History (10 events):
Event: 2642.952 GC heap before
{Heap before GC invocations=66 (full 26):
 PSYoungGen      total 125952K, used 125872K [0x00000000f5580000, 0x00000000fe580000, 0x0000000100000000)
  eden space 115712K, 100% used [0x00000000f5580000,0x00000000fc680000,0x00000000fc680000)
  from space 10240K, 99% used [0x00000000fca80000,0x00000000fd46c148,0x00000000fd480000)
  to   space 15872K, 0% used [0x00000000fd600000,0x00000000fd600000,0x00000000fe580000)
 ParOldGen       total 93696K, used 47517K [0x00000000e0000000, 0x00000000e5b80000, 0x00000000f5580000)
  object space 93696K, 50% used [0x00000000e0000000,0x00000000e2e67598,0x00000000e5b80000)
 Metaspace       used 95263K, capacity 102614K, committed 102912K, reserved 1138688K
  class space    used 11302K, capacity 13717K, committed 13824K, reserved 1048576K
Event: 2642.960 GC heap after
Heap after GC invocations=66 (full 26):
 PSYoungGen      total 127488K, used 13063K [0x00000000f5580000, 0x00000000fe580000, 0x0000000100000000)
  eden space 111616K, 0% used [0x00000000f5580000,0x00000000f5580000,0x00000000fc280000)
  from space 15872K, 82% used [0x00000000fd600000,0x00000000fe2c1dd0,0x00000000fe580000)
  to   space 17920K, 0% used [0x00000000fc280000,0x00000000fc280000,0x00000000fd400000)
 ParOldGen       total 93696K, used 47536K [0x00000000e0000000, 0x00000000e5b80000, 0x00000000f5580000)
  object space 93696K, 50% used [0x00000000e0000000,0x00000000e2e6c1e8,0x00000000e5b80000)
 Metaspace       used 95263K, capacity 102614K, committed 102912K, reserved 1138688K
  class space    used 11302K, capacity 13717K, committed 13824K, reserved 1048576K
}
Event: 4293.206 GC heap before
{Heap before GC invocations=67 (full 26):
 PSYoungGen      total 127488K, used 124676K [0x00000000f5580000, 0x00000000fe580000, 0x0000000100000000)
  eden space 111616K, 99% used [0x00000000f5580000,0x00000000fc27f618,0x00000000fc280000)
  from space 15872K, 82% used [0x00000000fd600000,0x00000000fe2c1dd0,0x00000000fe580000)
  to   space 17920K, 0% used [0x00000000fc280000,0x00000000fc280000,0x00000000fd400000)
 ParOldGen       total 93696K, used 47536K [0x00000000e0000000, 0x00000000e5b80000, 0x00000000f5580000)
  object space 93696K, 50% used [0x00000000e0000000,0x00000000e2e6c1e8,0x00000000e5b80000)
 Metaspace       used 95564K, capacity 102934K, committed 103168K, reserved 1138688K
  class space    used 11330K, capacity 13717K, committed 13824K, reserved 1048576K
Event: 4293.216 GC heap after
Heap after GC invocations=67 (full 26):
 PSYoungGen      total 122880K, used 14754K [0x00000000f5580000, 0x00000000fe700000, 0x0000000100000000)
  eden space 108032K, 0% used [0x00000000f5580000,0x00000000f5580000,0x00000000fbf00000)
  from space 14848K, 99% used [0x00000000fc280000,0x00000000fd0e8968,0x00000000fd100000)
  to   space 20480K, 0% used [0x00000000fd300000,0x00000000fd300000,0x00000000fe700000)
 ParOldGen       total 93696K, used 47536K [0x00000000e0000000, 0x00000000e5b80000, 0x00000000f5580000)
  object space 93696K, 50% used [0x00000000e0000000,0x00000000e2e6c1e8,0x00000000e5b80000)
 Metaspace       used 95564K, capacity 102934K, committed 103168K, reserved 1138688K
  class space    used 11330K, capacity 13717K, committed 13824K, reserved 1048576K
}
Event: 6906.932 GC heap before
{Heap before GC invocations=68 (full 26):
 PSYoungGen      total 122880K, used 122786K [0x00000000f5580000, 0x00000000fe700000, 0x0000000100000000)
  eden space 108032K, 100% used [0x00000000f5580000,0x00000000fbf00000,0x00000000fbf00000)
  from space 14848K, 99% used [0x00000000fc280000,0x00000000fd0e8968,0x00000000fd100000)
  to   space 20480K, 0% used [0x00000000fd300000,0x00000000fd300000,0x00000000fe700000)
 ParOldGen       total 93696K, used 47536K [0x00000000e0000000, 0x00000000e5b80000, 0x00000000f5580000)
  object space 93696K, 50% used [0x00000000e0000000,0x00000000e2e6c1e8,0x00000000e5b80000)
 Metaspace       used 95619K, capacity 102934K, committed 103168K, reserved 1138688K
  class space    used 11330K, capacity 13717K, committed 13824K, reserved 1048576K
Event: 6906.945 GC heap after
Heap after GC invocations=68 (full 26):
 PSYoungGen      total 124416K, used 15208K [0x00000000f5580000, 0x00000000fe680000, 0x0000000100000000)
  eden space 104448K, 0% used [0x00000000f5580000,0x00000000f5580000,0x00000000fbb80000)
  from space 19968K, 76% used [0x00000000fd300000,0x00000000fe1da3b8,0x00000000fe680000)
  to   space 22016K, 0% used [0x00000000fbb80000,0x00000000fbb80000,0x00000000fd100000)
 ParOldGen       total 93696K, used 47544K [0x00000000e0000000, 0x00000000e5b80000, 0x00000000f5580000)
  object space 93696K, 50% used [0x00000000e0000000,0x00000000e2e6e1e8,0x00000000e5b80000)
 Metaspace       used 95619K, capacity 102934K, committed 103168K, reserved 1138688K
  class space    used 11330K, capacity 13717K, committed 13824K, reserved 1048576K
}
Event: 9114.934 GC heap before
{Heap before GC invocations=69 (full 26):
 PSYoungGen      total 124416K, used 119656K [0x00000000f5580000, 0x00000000fe680000, 0x0000000100000000)
  eden space 104448K, 100% used [0x00000000f5580000,0x00000000fbb80000,0x00000000fbb80000)
  from space 19968K, 76% used [0x00000000fd300000,0x00000000fe1da3b8,0x00000000fe680000)
  to   space 22016K, 0% used [0x00000000fbb80000,0x00000000fbb80000,0x00000000fd100000)
 ParOldGen       total 93696K, used 47544K [0x00000000e0000000, 0x00000000e5b80000, 0x00000000f5580000)
  object space 93696K, 50% used [0x00000000e0000000,0x00000000e2e6e1e8,0x00000000e5b80000)
 Metaspace       used 95677K, capacity 103126K, committed 103424K, reserved 1138688K
  class space    used 11331K, capacity 13717K, committed 13824K, reserved 1048576K
Event: 9114.944 GC heap after
Heap after GC invocations=69 (full 26):
 PSYoungGen      total 115712K, used 14693K [0x00000000f5580000, 0x00000000fe600000, 0x0000000100000000)
  eden space 100864K, 0% used [0x00000000f5580000,0x00000000f5580000,0x00000000fb800000)
  from space 14848K, 98% used [0x00000000fbb80000,0x00000000fc9d9598,0x00000000fca00000)
  to   space 23552K, 0% used [0x00000000fcf00000,0x00000000fcf00000,0x00000000fe600000)
 ParOldGen       total 93696K, used 47552K [0x00000000e0000000, 0x00000000e5b80000, 0x00000000f5580000)
  object space 93696K, 50% used [0x00000000e0000000,0x00000000e2e701e8,0x00000000e5b80000)
 Metaspace       used 95677K, capacity 103126K, committed 103424K, reserved 1138688K
  class space    used 11331K, capacity 13717K, committed 13824K, reserved 1048576K
}
Event: 9185.975 GC heap before
{Heap before GC invocations=70 (full 26):
 PSYoungGen      total 115712K, used 115557K [0x00000000f5580000, 0x00000000fe600000, 0x0000000100000000)
  eden space 100864K, 100% used [0x00000000f5580000,0x00000000fb800000,0x00000000fb800000)
  from space 14848K, 98% used [0x00000000fbb80000,0x00000000fc9d9598,0x00000000fca00000)
  to   space 23552K, 0% used [0x00000000fcf00000,0x00000000fcf00000,0x00000000fe600000)
 ParOldGen       total 93696K, used 47552K [0x00000000e0000000, 0x00000000e5b80000, 0x00000000f5580000)
  object space 93696K, 50% used [0x00000000e0000000,0x00000000e2e701e8,0x00000000e5b80000)
 Metaspace       used 96048K, capacity 103446K, committed 103680K, reserved 1138688K
  class space    used 11347K, capacity 13717K, committed 13824K, reserved 1048576K
Event: 9185.984 GC heap after
Heap after GC invocations=70 (full 26):
 PSYoungGen      total 119296K, used 14107K [0x00000000f5580000, 0x00000000fe400000, 0x0000000100000000)
  eden space 97792K, 0% used [0x00000000f5580000,0x00000000f5580000,0x00000000fb500000)
  from space 21504K, 65% used [0x00000000fcf00000,0x00000000fdcc6ca0,0x00000000fe400000)
  to   space 24064K, 0% used [0x00000000fb500000,0x00000000fb500000,0x00000000fcc80000)
 ParOldGen       total 93696K, used 47560K [0x00000000e0000000, 0x00000000e5b80000, 0x00000000f5580000)
  object space 93696K, 50% used [0x00000000e0000000,0x00000000e2e721e8,0x00000000e5b80000)
 Metaspace       used 96048K, capacity 103446K, committed 103680K, reserved 1138688K
  class space    used 11347K, capacity 13717K, committed 13824K, reserved 1048576K
}

Deoptimization events (10 events):
Event: 9692.039 Thread 0x0000000021187000 Uncommon trap: reason=predicate action=maybe_recompile pc=0x00000000045c7140 method=java.util.concurrent.CopyOnWriteArrayList.indexOf(Ljava/lang/Object;[Ljava/lang/Object;II)I @ 41
Event: 9692.039 Thread 0x0000000021187000 Uncommon trap: reason=unstable_if action=reinterpret pc=0x0000000004109d40 method=org.eclipse.ui.internal.UILockListener.isUI()Z @ 7
Event: 9692.040 Thread 0x0000000021187000 Uncommon trap: reason=unstable_if action=reinterpret pc=0x0000000003030be4 method=org.eclipse.swt.graphics.Resource.dispose()V @ 15
Event: 9692.442 Thread 0x0000000017c89000 Uncommon trap: reason=unstable_if action=reinterpret pc=0x0000000003581bc0 method=org.eclipse.swt.widgets.Display.getSystemFont()Lorg/eclipse/swt/graphics/Font; @ 8
Event: 9692.573 Thread 0x0000000025107000 Uncommon trap: reason=unstable_if action=reinterpret pc=0x0000000004f134c0 method=org.eclipse.core.internal.jobs.JobManager.startJob(Lorg/eclipse/core/internal/jobs/Worker;)Lorg/eclipse/core/runtime/jobs/Job; @ 20
Event: 9692.583 Thread 0x0000000021187000 Uncommon trap: reason=unstable_if action=reinterpret pc=0x0000000003265dd0 method=org.eclipse.osgi.internal.hooks.EclipseLazyStarter.shouldActivateFor(Ljava/lang/String;Lorg/eclipse/osgi/container/Module;Lorg/eclipse/osgi/container/ModuleRevision;Lorg/ecliqc¬'QîÂ@
Event: 9692.634 Thread 0x0000000021187000 Uncommon trap: reason=null_check action=maybe_recompile pc=0x00000000049b5a98 method=com.xilinx.sdk.targetmanager.internal.json.XMDJSONProcess.issueCommand(Ljava/lang/String;)Lcom/xilinx/sdk/targetmanager/internal/IXMDResult; @ 3
Event: 9692.637 Thread 0x0000000021187000 Uncommon trap: reason=unstable_if action=reinterpret pc=0x00000000053d0058 method=org.eclipse.core.internal.dtree.AbstractDataTreeNode.assembleWith([Lorg/eclipse/core/internal/dtree/AbstractDataTreeNode;[Lorg/eclipse/core/internal/dtree/AbstractDataTreeNodMÅ<ÿTîÂ@
Event: 9692.664 Thread 0x0000000025107000 Uncommon trap: reason=unstable_if action=reinterpret pc=0x0000000004f0b5e8 method=org.eclipse.core.internal.jobs.JobManager.nextJob()Lorg/eclipse/core/runtime/jobs/Job; @ 80
Event: 9692.678 Thread 0x0000000021187000 Uncommon trap: reason=unstable_if action=reinterpret pc=0x0000000003c30f9c method=sun.reflect.UnsafeStaticObjectFieldAccessorImpl.set(Ljava/lang/Object;Ljava/lang/Object;)V @ 13

Internal exceptions (10 events):
Event: 9691.351 Thread 0x0000000002488000 Implicit null exception at 0x000000000321c4f0 to 0x000000000321c549
Event: 9691.772 Thread 0x0000000002488000 Implicit null exception at 0x00000000029d2aa9 to 0x00000000029d53bd
Event: 9692.004 Thread 0x0000000017c89800 Exception <a 'java/lang/InterruptedException'> (0x00000000f9964208) thrown at [C:\re\workspace\8-2-build-windows-amd64-cygwin\jdk8u66\5298\hotspot\src\share\vm\runtime\objectMonitor.cpp, line 1683]
Event: 9692.634 Thread 0x0000000021187000 Implicit null exception at 0x00000000049b4d07 to 0x00000000049b5a89
Event: 9692.634 Thread 0x0000000021187000 Exception <a 'java/lang/NullPointerException'> (0x00000000f9bddae0) thrown at [C:\re\workspace\8-2-build-windows-amd64-cygwin\jdk8u66\5298\hotspot\src\share\vm\prims\jvm.cpp, line 1390]
Event: 9692.664 Thread 0x0000000017c80000 Exception <a 'java/lang/InterruptedException'> (0x00000000f9446c48) thrown at [C:\re\workspace\8-2-build-windows-amd64-cygwin\jdk8u66\5298\hotspot\src\share\vm\runtime\objectMonitor.cpp, line 1683]
Event: 9692.678 Thread 0x0000000021187000 Implicit null exception at 0x0000000003c30b97 to 0x0000000003c30f89
Event: 9692.678 Thread 0x0000000017d29800 Exception <a 'java/lang/InterruptedException'> (0x00000000f9d1d870) thrown at [C:\re\workspace\8-2-build-windows-amd64-cygwin\jdk8u66\5298\hotspot\src\share\vm\runtime\objectMonitor.cpp, line 1683]
Event: 9692.681 Thread 0x0000000017c80800 Exception <a 'java/lang/InterruptedException'> (0x00000000f915fd40) thrown at [C:\re\workspace\8-2-build-windows-amd64-cygwin\jdk8u66\5298\hotspot\src\share\vm\runtime\objectMonitor.cpp, line 1683]
Event: 9692.682 Thread 0x0000000017159000 Exception <a 'java/lang/InterruptedException'> (0x00000000f9e81420) thrown at [C:\re\workspace\8-2-build-windows-amd64-cygwin\jdk8u66\5298\hotspot\src\share\vm\runtime\objectMonitor.cpp, line 1683]

Events (10 events):
Event: 9692.684 loading class java/util/IdentityHashMap$KeyIterator done
Event: 9692.684 Thread 0x0000000021187000 Thread added: 0x0000000021187000
Event: 9692.684 Executing VM operation: RevokeBias
Event: 9692.684 Executing VM operation: RevokeBias done
Event: 9692.684 Executing VM operation: RevokeBias
Event: 9692.684 Executing VM operation: RevokeBias done
Event: 9692.684 Executing VM operation: RevokeBias
Event: 9692.684 Executing VM operation: RevokeBias done
Event: 9692.684 Thread 0x0000000021187000 Thread exited: 0x0000000021187000
Event: 9692.685 Executing VM operation: Exit


Dynamic libraries:
0x0000000000400000 - 0x000000000044f000 	C:\Xilinx\SDK\2016.2\eclipse\win64.o\eclipse.exe
0x0000000077450000 - 0x00000000775fa000 	C:\Windows\SYSTEM32\ntdll.dll
0x0000000077230000 - 0x000000007734f000 	C:\Windows\system32\kernel32.dll
0x000007fefd470000 - 0x000007fefd4da000 	C:\Windows\system32\KERNELBASE.dll
0x0000000077350000 - 0x000000007744a000 	C:\Windows\system32\USER32.dll
0x000007fefde60000 - 0x000007fefdec7000 	C:\Windows\system32\GDI32.dll
0x000007fefe9c0000 - 0x000007fefe9ce000 	C:\Windows\system32\LPK.dll
0x000007fefe620000 - 0x000007fefe6ea000 	C:\Windows\system32\USP10.dll
0x000007fefdc10000 - 0x000007fefdcaf000 	C:\Windows\system32\msvcrt.dll
0x000007fefbaa0000 - 0x000007fefbc94000 	C:\Windows\WinSxS\amd64_microsoft.windows.common-controls_6595b64144ccf1df_6.0.7601.18837_none_fa3b1e3d17594757\COMCTL32.dll
0x000007fefe060000 - 0x000007fefe0d1000 	C:\Windows\system32\SHLWAPI.dll
0x000007fefda80000 - 0x000007fefdaae000 	C:\Windows\system32\IMM32.DLL
0x000007fefdcb0000 - 0x000007fefddb9000 	C:\Windows\system32\MSCTF.dll
0x0000000072000000 - 0x0000000072012000 	C:\Xilinx\SDK\2016.2\eclipse\win64.o\plugins\org.eclipse.equinox.launcher.win32.win32.x86_64_1.1.300.v20150602-1417\eclipse_1611.dll
0x000007fefd550000 - 0x000007fefd62b000 	C:\Windows\system32\ADVAPI32.dll
0x000007fefddc0000 - 0x000007fefdddf000 	C:\Windows\SYSTEM32\sechost.dll
0x000007fefe4f0000 - 0x000007fefe61d000 	C:\Windows\system32\RPCRT4.dll
0x000007fefc220000 - 0x000007fefc22c000 	C:\Windows\system32\VERSION.dll
0x000007fefba40000 - 0x000007fefba96000 	C:\Windows\system32\UxTheme.dll
0x0000000070620000 - 0x0000000070ea9000 	C:\Xilinx\SDK\2016.2\tps\win64\jre\bin\server\jvm.dll
0x000007fefa180000 - 0x000007fefa189000 	C:\Windows\system32\WSOCK32.dll
0x000007fefda30000 - 0x000007fefda7d000 	C:\Windows\system32\WS2_32.dll
0x000007fefda20000 - 0x000007fefda28000 	C:\Windows\system32\NSI.dll
0x000007fefa7c0000 - 0x000007fefa7fb000 	C:\Windows\system32\WINMM.dll
0x0000000077610000 - 0x0000000077617000 	C:\Windows\system32\PSAPI.DLL
0x0000000072d70000 - 0x0000000072e42000 	C:\Windows\system32\MSVCR100.dll
0x00000000746a0000 - 0x00000000746af000 	C:\Xilinx\SDK\2016.2\tps\win64\jre\bin\verify.dll
0x0000000074670000 - 0x0000000074699000 	C:\Xilinx\SDK\2016.2\tps\win64\jre\bin\java.dll
0x0000000074650000 - 0x0000000074666000 	C:\Xilinx\SDK\2016.2\tps\win64\jre\bin\zip.dll
0x000007fefe9d0000 - 0x000007feff759000 	C:\Windows\system32\SHELL32.dll
0x000007fefd630000 - 0x000007fefd833000 	C:\Windows\system32\ole32.dll
0x000007fefd190000 - 0x000007fefd19f000 	C:\Windows\system32\profapi.dll
0x000007fefc990000 - 0x000007fefc9a8000 	C:\Windows\system32\CRYPTSP.dll
0x000007fefc690000 - 0x000007fefc6d7000 	C:\Windows\system32\rsaenh.dll
0x000007fefd430000 - 0x000007fefd44e000 	C:\Windows\system32\USERENV.dll
0x000007fefcff0000 - 0x000007fefcfff000 	C:\Windows\system32\CRYPTBASE.dll
0x0000000074630000 - 0x000000007464a000 	C:\Xilinx\SDK\2016.2\tps\win64\jre\bin\net.dll
0x000007fefc930000 - 0x000007fefc985000 	C:\Windows\system32\mswsock.dll
0x000007fefc920000 - 0x000007fefc927000 	C:\Windows\System32\wship6.dll
0x000007fef9ae0000 - 0x000007fef9b07000 	C:\Windows\system32\IPHLPAPI.DLL
0x000007fef9ad0000 - 0x000007fef9adb000 	C:\Windows\system32\WINNSI.DLL
0x000007fef9080000 - 0x000007fef9091000 	C:\Windows\system32\dhcpcsvc6.DLL
0x000007fef9060000 - 0x000007fef9078000 	C:\Windows\system32\dhcpcsvc.DLL
0x0000000072a90000 - 0x0000000072aa1000 	C:\Xilinx\SDK\2016.2\tps\win64\jre\bin\nio.dll
0x000007fef95b0000 - 0x000007fef95c5000 	C:\Windows\system32\NLAapi.dll
0x000007fef8c10000 - 0x000007fef8c25000 	C:\Windows\system32\napinsp.dll
0x000007fef8c30000 - 0x000007fef8c49000 	C:\Windows\system32\pnrpnsp.dll
0x000007fefc7b0000 - 0x000007fefc80b000 	C:\Windows\system32\DNSAPI.dll
0x000007fef8c00000 - 0x000007fef8c0b000 	C:\Windows\System32\winrnr.dll
0x000007fefc2f0000 - 0x000007fefc2f7000 	C:\Windows\System32\wshtcpip.dll
0x000007fef8c50000 - 0x000007fef8c58000 	C:\Windows\system32\rasadhlp.dll
0x000007fef9110000 - 0x000007fef9163000 	C:\Windows\System32\fwpuclnt.dll
0x0000000018760000 - 0x0000000018808000 	C:\Users\dezfoul2\.Xilinx\SDK\2016.2\org.eclipse.osgi\312\0\.cp\swt-win32-4527.dll
0x000007fefdab0000 - 0x000007fefdb88000 	C:\Windows\system32\OLEAUT32.dll
0x000007fefe450000 - 0x000007fefe4e7000 	C:\Windows\system32\comdlg32.dll
0x000007fef66b0000 - 0x000007fef6721000 	C:\Windows\system32\WINSPOOL.DRV
0x000007fefe180000 - 0x000007fefe445000 	C:\Windows\system32\WININET.dll
0x000007fefd420000 - 0x000007fefd424000 	C:\Windows\system32\api-ms-win-downlevel-user32-l1-1-0.dll
0x000007fefd4e0000 - 0x000007fefd4e4000 	C:\Windows\system32\api-ms-win-downlevel-shlwapi-l1-1-0.dll
0x000007fefd1b0000 - 0x000007fefd1b4000 	C:\Windows\system32\api-ms-win-downlevel-version-l1-1-0.dll
0x000007fefd4f0000 - 0x000007fefd4f3000 	C:\Windows\system32\api-ms-win-downlevel-normaliz-l1-1-0.dll
0x0000000077620000 - 0x0000000077623000 	C:\Windows\system32\normaliz.DLL
0x000007fefe6f0000 - 0x000007fefe9b9000 	C:\Windows\system32\iertutil.dll
0x000007fefd200000 - 0x000007fefd205000 	C:\Windows\system32\api-ms-win-downlevel-advapi32-l1-1-0.dll
0x000007fefd2b0000 - 0x000007fefd41d000 	C:\Windows\system32\CRYPT32.dll
0x000007fefd1a0000 - 0x000007fefd1af000 	C:\Windows\system32\MSASN1.dll
0x000007fefb510000 - 0x000007fefb63c000 	C:\Windows\system32\propsys.dll
0x000007fefe0e0000 - 0x000007fefe179000 	C:\Windows\system32\CLBCatQ.DLL
0x0000000000590000 - 0x00000000005ae000 	C:\Users\dezfoul2\.Xilinx\SDK\2016.2\org.eclipse.osgi\312\0\.cp\swt-gdip-win32-4527.dll
0x000007fefb820000 - 0x000007fefba36000 	C:\Windows\WinSxS\amd64_microsoft.windows.gdiplus_6595b64144ccf1df_1.1.7601.23508_none_145555328b95eaaa\gdiplus.dll
0x000007fefb340000 - 0x000007fefb4a1000 	C:\Windows\system32\WindowsCodecs.dll
0x0000000180000000 - 0x0000000180012000 	C:\Users\dezfoul2\.Xilinx\SDK\2016.2\org.eclipse.osgi\126\0\.cp\os\win32\x86_64\localfile_1_0_0.dll
0x000007fef22f0000 - 0x000007fef2344000 	C:\Windows\system32\oleacc.dll
0x000007fefa510000 - 0x000007fefa517000 	C:\Windows\system32\msimg32.dll
0x000007fefd0e0000 - 0x000007fefd0f4000 	C:\Windows\system32\RpcRtRemote.dll
0x000007fefcf90000 - 0x000007fefcfe7000 	C:\Windows\system32\apphelp.dll
0x000007fefb2a0000 - 0x000007fefb2b1000 	C:\Users\dezfoul2\.Xilinx\SDK\2016.2\org.eclipse.osgi\129\0\.cp\jWinHttp-1.0.0.dll
0x000007fef94b0000 - 0x000007fef9521000 	C:\Windows\system32\WINHTTP.dll
0x000007fef9440000 - 0x000007fef94a4000 	C:\Windows\system32\webio.dll
0x000007fefcf60000 - 0x000007fefcf85000 	C:\Windows\system32\SspiCli.dll
0x000007fefc550000 - 0x000007fefc55a000 	C:\Windows\system32\credssp.dll
0x000007fefd1c0000 - 0x000007fefd1f6000 	C:\Windows\system32\CFGMGR32.dll
0x000007fefb280000 - 0x000007fefb28f000 	C:\Xilinx\SDK\2016.2\lib\win64.o\librdi_repo_manager.dll
0x000007fef3d40000 - 0x000007fef3d6a000 	C:\Xilinx\SDK\2016.2\lib\win64.o\libisl_sysinfo.dll
0x000007feeccd0000 - 0x000007feecda4000 	C:\Windows\system32\MSVCR110.dll
0x000007feecbd0000 - 0x000007feecc77000 	C:\Windows\system32\MSVCP110.dll
0x000007feb9a00000 - 0x000007feba440000 	C:\Xilinx\SDK\2016.2\lib\win64.o\librdi_common.dll
0x000007febab10000 - 0x000007febae7e000 	C:\Xilinx\SDK\2016.2\lib\win64.o\libCOIN-all.dll
0x000007fef3b20000 - 0x000007fef3d3f000 	C:\Xilinx\SDK\2016.2\lib\win64.o\libXil_lmgr11.dll
0x000007fefb200000 - 0x000007fefb216000 	C:\Windows\system32\NETAPI32.dll
0x000007fefc5c0000 - 0x000007fefc5cc000 	C:\Windows\system32\netutils.dll
0x000007fefcc30000 - 0x000007fefcc53000 	C:\Windows\system32\srvcli.dll
0x000007fefb1e0000 - 0x000007fefb1f5000 	C:\Windows\system32\wkscli.dll
0x000007fefd500000 - 0x000007fefd53b000 	C:\Windows\system32\WINTRUST.dll
0x000007fefa550000 - 0x000007fefa560000 	C:\Xilinx\SDK\2016.2\lib\win64.o\libboost_date_time.dll
0x000007fef3af0000 - 0x000007fef3b14000 	C:\Xilinx\SDK\2016.2\lib\win64.o\libboost_filesystem.dll
0x000007fef9970000 - 0x000007fef9979000 	C:\Xilinx\SDK\2016.2\lib\win64.o\libboost_system.dll
0x000007fef3a70000 - 0x000007fef3ae7000 	C:\Xilinx\SDK\2016.2\lib\win64.o\libboost_program_options.dll
0x000007fef32c0000 - 0x000007fef33c6000 	C:\Xilinx\SDK\2016.2\lib\win64.o\libboost_regex.dll
0x000007fef9530000 - 0x000007fef9543000 	C:\Xilinx\SDK\2016.2\lib\win64.o\libboost_signals.dll
0x000007fef7a60000 - 0x000007fef7a7d000 	C:\Xilinx\SDK\2016.2\lib\win64.o\libboost_thread.dll
0x000007fef8270000 - 0x000007fef827b000 	C:\Xilinx\SDK\2016.2\lib\win64.o\libboost_chrono.dll
0x000007fef7340000 - 0x000007fef734b000 	C:\Xilinx\SDK\2016.2\lib\win64.o\libboost_xilinx.dll
0x000007fef3480000 - 0x000007fef3500000 	C:\Xilinx\SDK\2016.2\lib\win64.o\libhdlpsolve.dll
0x000007fef1710000 - 0x000007fef17aa000 	C:\Xilinx\SDK\2016.2\lib\win64.o\libhdxml.dll
0x000007fec4830000 - 0x000007fec4c95e00 	C:\Xilinx\SDK\2016.2\lib\win64.o\libisl_iostreams.dll
0x000007fef3e40000 - 0x000007fef3e56000 	C:\Xilinx\SDK\2016.2\lib\win64.o\libboost_iostreams.dll
0x000007fef3a40000 - 0x000007fef3a63000 	C:\Xilinx\SDK\2016.2\lib\win64.o\librdizlib.dll
0x000007fef35c0000 - 0x000007fef35e3000 	C:\Xilinx\SDK\2016.2\lib\win64.o\libisl_iosutils.dll
0x000007fef4f50000 - 0x000007fef4f65000 	C:\Xilinx\SDK\2016.2\lib\win64.o\pthreadVC2.dll
0x000007fef13c0000 - 0x000007fef1414000 	C:\Xilinx\SDK\2016.2\lib\win64.o\librdi_commonxillic.dll
0x000007feba9e0000 - 0x000007febab10000 	C:\Xilinx\SDK\2016.2\lib\win64.o\librdi_curl.dll
0x000007fef35a0000 - 0x000007fef35b8000 	C:\Xilinx\SDK\2016.2\lib\win64.o\librdiconfig.dll
0x00000000700c0000 - 0x00000000701e7000 	C:\Xilinx\SDK\2016.2\lib\win64.o\tcl85t.dll
0x00000000243c0000 - 0x0000000024623000 	C:\Xilinx\SDK\2016.2\lib\win64.o\xerces-c_3_1.dll
0x000007fefded0000 - 0x000007fefe056000 	C:\Windows\system32\urlmon.dll
0x000007fefd540000 - 0x000007fefd544000 	C:\Windows\system32\api-ms-win-downlevel-ole32-l1-1-0.dll
0x000007fef9980000 - 0x000007fef99a3000 	C:\Windows\system32\VCOMP110.DLL
0x000007feba7e0000 - 0x000007feba9d2000 	C:\Xilinx\SDK\2016.2\lib\win64.o\librdi_hsm.dll
0x000007fef1370000 - 0x000007fef13b3000 	C:\Xilinx\SDK\2016.2\lib\win64.o\librdi_hdf.dll
0x000007feba550000 - 0x000007feba7d1000 	C:\Xilinx\SDK\2016.2\lib\win64.o\librdi_ippcw.dll
0x000007fef32a0000 - 0x000007fef32b6000 	C:\Xilinx\SDK\2016.2\eclipse\win64.o\plugins\org.eclipse.cdt.core.win32.x86_64_5.4.0.201509131935\os\win32\x86_64\spawner.dll
0x0000000071080000 - 0x00000000710a6000 	C:\Xilinx\SDK\2016.2\eclipse\win64.o\plugins\gnu.io.rxtx.win32.x86_64_2.1.7.3_v20071015\os\win32\x86_64\rxtxSerial.dll
0x000007fefa5e0000 - 0x000007fefa615000 	C:\Windows\system32\EhStorShell.dll
0x000007fefd840000 - 0x000007fefda17000 	C:\Windows\system32\SETUPAPI.dll
0x000007fefd450000 - 0x000007fefd46a000 	C:\Windows\system32\DEVOBJ.dll
0x000007fefa560000 - 0x000007fefa5de000 	C:\Windows\System32\cscui.dll
0x000007fefb130000 - 0x000007fefb13c000 	C:\Windows\System32\CSCDLL.dll

VM Arguments:
jvm_args: -Dcom.xilinx.sdk.args.hwspec=W:/NexysVideo-master_2015.3/Projects/hdmi/proj/hdmi.sdk/hdmi_wrapper.hdf -Xms64m -Xmx512m & 
java_command: <unknown>
java_class_path (initial): C:\Xilinx\SDK\2016.2\eclipse\win64.o\\plugins/org.eclipse.equinox.launcher_1.3.100.v20150511-1540.jar
Launcher Type: generic

Environment Variables:
PATH=C:/Xilinx/SDK/2016.2/tps/win64/jre/bin/server;C:/Xilinx/SDK/2016.2/tps/win64/jre/bin;C:/Xilinx/SDK/2016.2/tps/win64/jre/lib/amd64;C:\Xilinx\SDK\2016.2\gnuwin\bin;C:\Xilinx\SDK\2016.2\gnu\microblaze\nt\bin;C:\Xilinx\SDK\2016.2\gnu\microblaze\linux_toolchain\nt64_le\bin;C:\Xilinx\SDK\2016.2\gnu\microblaze\linux_toolchain\nt64_be\bin;C:\Xilinx\SDK\2016.2\gnu\arm\nt\bin;C:\Xilinx\SDK\2016.2\gnu\aarch64\nt\aarch64-none\bin;C:\Xilinx\SDK\2016.2\gnu\aarch64\nt\aarch64-linux\bin;C:\Xilinx\SDK\2016.2\gnu\armr5\nt\gcc-arm-none-eabi\bin;C:\Xilinx\SDK\2016.2\gnu\aarch32\nt\gcc-arm-none-eabi\bin;C:\Xilinx\SDK\2016.2\gnu\aarch32\nt\gcc-arm-linux-gnueabi\bin;C:\Xilinx\SDK\2016.2\tps\win64\cmake-3.3.2\bin;;C:\Xilinx\SDK\2016.2\bin;C:\Xilinx\SDK\2016.2\lib\win64.o;C:\Xilinx\SDK\2016.2\tps\win64\jre\bin\server;C:\Xilinx\SDK\2016.2\tps\win64\jre\bin;C:\Xilinx\Vivado\2016.2\ids_lite\ISE\bin\nt64;C:\Xilinx\Vivado\2016.2\ids_lite\ISE\lib\nt64;C:\Xilinx\Vivado\2016.2\bin;C:\Xilinx\Vivado\2016.2\lib\win64.o;C:\Xilinx\Vivado\2016.2\tps\win64\jre\bin\server;C:\Xilinx\Vivado\2016.2\tps\win64\jre\bin;C:\Xilinx\Vivado_HLS\2016.2\bin;C:\Windows\system32;C:\Windows;C:\Windows\System32\Wbem;C:\Windows\System32\WindowsPowerShell\v1.0\;C:\Program Files (x86)\Java\jre6\bin;C:\Program Files (x86)\eclipse;C:\altera\16.0\quartus\bin64;c:\altera\16.0\quartus\bin64\jre64\bin;W:\NexysVideo-master_2015.3\Projects\hdmi\proj;
USERNAME=dezfoul2
OS=Windows_NT
PROCESSOR_IDENTIFIER=Intel64 Family 6 Model 60 Stepping 3, GenuineIntel



---------------  S Y S T E M  ---------------

OS: Windows 7 , 64 bit Build 7601 (6.1.7601.23418)

CPU:total 8 (4 cores per cpu, 2 threads per core) family 6 model 60 stepping 3, cmov, cx8, fxsr, mmx, sse, sse2, sse3, ssse3, sse4.1, sse4.2, popcnt, avx, avx2, aes, clmul, erms, lzcnt, ht, tsc, tscinvbit, bmi1, bmi2

Memory: 4k page, physical 16683168k(10504288k free), swap 33364476k(26524600k free)

vm_info: Java HotSpot(TM) 64-Bit Server VM (25.66-b18) for windows-amd64 JRE (1.8.0_66-b18), built on Nov  9 2015 10:51:13 by "java_re" with MS VC++ 10.0 (VS2010)

time: Thu Feb 09 19:07:51 2017
elapsed time: 9693 seconds (0d 2h 41m 33s)

