#
# A fatal error has been detected by the Java Runtime Environment:
#
#  EXCEPTION_UNCAUGHT_CXX_EXCEPTION (0xe06d7363) at pc=0x000007fefd0aa06d, pid=4124, tid=4396
#
# JRE version: Java(TM) SE Runtime Environment (8.0_66-b18) (build 1.8.0_66-b18)
# Java VM: Java HotSpot(TM) 64-Bit Server VM (25.66-b18 mixed mode windows-amd64 compressed oops)
# Problematic frame:
# C  [KERNELBASE.dll+0x1a06d]
#
# Failed to write core dump. Minidumps are not enabled by default on client versions of Windows
#
# If you would like to submit a bug report, please visit:
#   http://bugreport.java.com/bugreport/crash.jsp
#

---------------  T H R E A D  ---------------

Current thread (0x0000000014e62800):  VMThread [stack: 0x0000000015db0000,0x0000000015eb0000] [id=4396]

siginfo: ExceptionCode=0xe06d7363, ExceptionInformation=0x0000000019930520 0x0000000015eaf4c8 0x000007feeb9f2cb8 0x000007feeb940000 

Registers:
RAX=0x00000000612ca722, RBX=0x000007feeb9f2cb8, RCX=0x0000000015eaed10, RDX=0x00000000000000d0
RSP=0x0000000015eaf320, RBP=0x0000000015eaf450, RSI=0x00000000ffffffff, RDI=0x00000000174ffdb0
R8 =0x0000000000000000, R9 =0x0000000000000000, R10=0x000007feeb940000, R11=0x0000000015eaf360
R12=0x0000000000000001, R13=0x0000000000000008, R14=0x0000000000000000, R15=0xffffffffffffffff
RIP=0x000007fefd0aa06d, EFLAGS=0x0000000000000206

Top of Stack: (sp=0x0000000015eaf320)
0x0000000015eaf320:   000007feeb9f2cb8 00000000ffffffff
0x0000000015eaf330:   00000000174ffdb0 0000000000386e50
0x0000000015eaf340:   00000001e06d7363 0000000000000000
0x0000000015eaf350:   000007fefd0aa06d 000007fe00000004
0x0000000015eaf360:   0000000019930520 0000000015eaf4c8
0x0000000015eaf370:   000007feeb9f2cb8 000007feeb940000
0x0000000015eaf380:   0000000000000000 0000000015eaf408
0x0000000015eaf390:   0000000000000028 00000000174ffda0
0x0000000015eaf3a0:   000000001749e810 0000000000000000
0x0000000015eaf3b0:   000007fffffa6000 000000007704f2d3
0x0000000015eaf3c0:   0000000000000000 0000000000000008
0x0000000015eaf3d0:   0000000000000001 00000000174ffdb0
0x0000000015eaf3e0:   00000000ffffffff 000007feeb99e92c
0x0000000015eaf3f0:   000007feeb9f2cb8 0000000015eaf460
0x0000000015eaf400:   0000000000000001 000007feeb9400f8
0x0000000015eaf410:   00000001e06d7363 0000000000000000 

Instructions: (pc=0x000007fefd0aa06d)
0x000007fefd0aa04d:   54 24 24 48 89 4c 24 28 4d 85 c9 0f 85 6a 03 00
0x000007fefd0aa05d:   00 89 4c 24 38 48 8d 4c 24 20 ff 15 33 02 03 00
0x000007fefd0aa06d:   48 81 c4 c8 00 00 00 c3 90 90 90 90 90 90 90 90
0x000007fefd0aa07d:   90 90 90 48 83 ec 28 65 48 8b 04 25 30 00 00 00 


Register to memory mapping:

RAX=0x00000000612ca722 is an unknown value
RBX=0x000007feeb9f2cb8 is an unknown value
RCX=0x0000000015eaed10 is an unknown value
RDX=0x00000000000000d0 is an unknown value
RSP=0x0000000015eaf320 is an unknown value
RBP=0x0000000015eaf450 is an unknown value
RSI=0x00000000ffffffff is an unknown value
RDI=0x00000000174ffdb0 is an unknown value
R8 =0x0000000000000000 is an unknown value
R9 =0x0000000000000000 is an unknown value
R10=0x000007feeb940000 is an unknown value
R11=0x0000000015eaf360 is an unknown value
R12=0x0000000000000001 is an unknown value
R13=0x0000000000000008 is an unknown value
R14=0x0000000000000000 is an unknown value
R15=0xffffffffffffffff is an unknown value


Stack: [0x0000000015db0000,0x0000000015eb0000],  sp=0x0000000015eaf320,  free space=1020k
Native frames: (J=compiled Java code, j=interpreted, Vv=VM code, C=native code)
C  [KERNELBASE.dll+0x1a06d]
C  [MSVCR110.dll+0x5e92c]
C  [MSVCR110.dll+0x1315c]
C  [MSVCR110.dll+0x136a9]
C  [MSVCR110.dll+0x13e9c]
C  [MSVCR110.dll+0x239e]
C  [MSVCR110.dll+0xaf9e]
C  [MSVCP110.dll+0x397b9]
C  [librdi_common.dll+0x182316]
C  [librdi_common.dll+0x180fab]
C  [librdi_target_manager.dll+0x2400]
C  [librdi_target_manager.dll+0x2682]
C  [ntdll.dll+0x229b1]
C  [ntdll.dll+0x227c0]
C  [MSVCR100.dll+0x20ccd]
V  [jvm.dll+0x210cc5]
V  [jvm.dll+0x249897]
V  [jvm.dll+0x248b36]
V  [jvm.dll+0x248fd1]
V  [jvm.dll+0x2491ee]
V  [jvm.dll+0x29a0fa]
C  [MSVCR100.dll+0x21d9f]
C  [MSVCR100.dll+0x21e3b]
C  [kernel32.dll+0x159bd]
C  [ntdll.dll+0x2a2e1]

VM_Operation (0x000000000012f4c0): Exit, mode: safepoint, requested by thread 0x0000000002498000


---------------  P R O C E S S  ---------------

Java Threads: ( => current thread )
  0x000000001a218800 JavaThread "Thread-490" [_thread_in_native, id=5072, stack(0x0000000024610000,0x0000000024710000)]
  0x0000000016c31800 JavaThread "pool-1-thread-10" [_thread_blocked, id=3868, stack(0x0000000029760000,0x0000000029860000)]
  0x0000000016c30000 JavaThread "pool-1-thread-9" [_thread_blocked, id=3260, stack(0x0000000029b60000,0x0000000029c60000)]
  0x0000000016c8c000 JavaThread "pool-1-thread-8" [_thread_blocked, id=3384, stack(0x00000000281d0000,0x00000000282d0000)]
  0x0000000017150000 JavaThread "pool-1-thread-7" [_thread_blocked, id=6128, stack(0x00000000282d0000,0x00000000283d0000)]
  0x0000000016e61800 JavaThread "pool-1-thread-6" [_thread_blocked, id=5804, stack(0x0000000026970000,0x0000000026a70000)]
  0x000000001714d000 JavaThread "pool-1-thread-5" [_thread_blocked, id=5872, stack(0x00000000280d0000,0x00000000281d0000)]
  0x000000001714c000 JavaThread "pool-1-thread-4" [_thread_blocked, id=5260, stack(0x0000000027d50000,0x0000000027e50000)]
  0x000000001714b800 JavaThread "pool-1-thread-3" [_thread_blocked, id=1440, stack(0x0000000026c70000,0x0000000026d70000)]
  0x000000001dc4d800 JavaThread "pool-1-thread-2" [_thread_blocked, id=3084, stack(0x0000000023b80000,0x0000000023c80000)]
  0x000000001dc4a800 JavaThread "pool-1-thread-1" [_thread_blocked, id=5552, stack(0x0000000026d70000,0x0000000026e70000)]
  0x0000000016c8b800 JavaThread "Thread-39" daemon [_thread_blocked, id=3236, stack(0x0000000026770000,0x0000000026870000)]
  0x000000001a223000 JavaThread "TCF Channel Transmitter" daemon [_thread_blocked, id=5892, stack(0x00000000259f0000,0x0000000025af0000)]
  0x000000001a221800 JavaThread "TCF Channel Receiver" daemon [_thread_in_native, id=3408, stack(0x00000000258f0000,0x00000000259f0000)]
  0x000000001a221000 JavaThread "Process monitor" daemon [_thread_in_native, id=5608, stack(0x0000000025070000,0x0000000025170000)]
  0x000000001a220000 JavaThread "Input Stream Monitor" daemon [_thread_blocked, id=4256, stack(0x0000000024f70000,0x0000000025070000)]
  0x000000001a21f800 JavaThread "Output Stream Monitor" daemon [_thread_in_native, id=4732, stack(0x0000000024e70000,0x0000000024f70000)]
  0x0000000016e63800 JavaThread "Output Stream Monitor" daemon [_thread_in_native, id=4828, stack(0x00000000236b0000,0x00000000237b0000)]
  0x000000001a217000 JavaThread "TCF Locator DNS Lookup" daemon [_thread_blocked, id=4688, stack(0x00000000230b0000,0x00000000231b0000)]
  0x0000000016e69000 JavaThread "TCF Locator Timer" daemon [_thread_blocked, id=1272, stack(0x0000000022fb0000,0x00000000230b0000)]
  0x0000000016e68000 JavaThread "TCF Locator Receiver" daemon [_thread_blocked, id=4060, stack(0x0000000022eb0000,0x0000000022fb0000)]
  0x0000000016e66800 JavaThread "TCF Timer Dispatcher" daemon [_thread_blocked, id=4860, stack(0x0000000022cb0000,0x0000000022db0000)]
  0x0000000016e60000 JavaThread "EMF Reference Cleaner" daemon [_thread_blocked, id=4628, stack(0x0000000019640000,0x0000000019740000)]
  0x0000000014f52000 JavaThread "Service Thread" daemon [_thread_blocked, id=4608, stack(0x0000000016770000,0x0000000016870000)]
  0x0000000014ee9800 JavaThread "C1 CompilerThread3" daemon [_thread_blocked, id=6132, stack(0x0000000016670000,0x0000000016770000)]
  0x0000000014ec1000 JavaThread "C2 CompilerThread2" daemon [_thread_blocked, id=5800, stack(0x0000000016570000,0x0000000016670000)]
  0x0000000014eb9800 JavaThread "C2 CompilerThread1" daemon [_thread_blocked, id=3996, stack(0x0000000016470000,0x0000000016570000)]
  0x0000000014eb2000 JavaThread "C2 CompilerThread0" daemon [_thread_blocked, id=2456, stack(0x0000000016370000,0x0000000016470000)]
  0x0000000014eae000 JavaThread "Attach Listener" daemon [_thread_blocked, id=5500, stack(0x0000000016270000,0x0000000016370000)]
  0x0000000014eac800 JavaThread "Signal Dispatcher" daemon [_thread_blocked, id=3956, stack(0x0000000016170000,0x0000000016270000)]
  0x0000000013ceb800 JavaThread "Finalizer" daemon [_thread_blocked, id=3488, stack(0x0000000015fb0000,0x00000000160b0000)]
  0x0000000013ce4000 JavaThread "Reference Handler" daemon [_thread_blocked, id=6052, stack(0x0000000015eb0000,0x0000000015fb0000)]
  0x0000000002498000 JavaThread "main" [_thread_blocked, id=3396, stack(0x0000000000030000,0x0000000000130000)]

Other Threads:
=>0x0000000014e62800 VMThread [stack: 0x0000000015db0000,0x0000000015eb0000] [id=4396]

VM state:at safepoint (shutting down)

VM Mutex/Monitor currently owned by a thread:  ([mutex/lock_event])
[0x000000000242e2f0] Threads_lock - owner thread: 0x0000000014e62800

Heap:
 PSYoungGen      total 164352K, used 12321K [0x00000000f5580000, 0x0000000100000000, 0x0000000100000000)
  eden space 155136K, 2% used [0x00000000f5580000,0x00000000f588daf0,0x00000000fed00000)
  from space 9216K, 99% used [0x00000000fed00000,0x00000000ff5facb0,0x00000000ff600000)
  to   space 10240K, 0% used [0x00000000ff600000,0x00000000ff600000,0x0000000100000000)
 ParOldGen       total 155648K, used 67834K [0x00000000e0000000, 0x00000000e9800000, 0x00000000f5580000)
  object space 155648K, 43% used [0x00000000e0000000,0x00000000e423eb18,0x00000000e9800000)
 Metaspace       used 98542K, capacity 105917K, committed 106280K, reserved 1142784K
  class space    used 11328K, capacity 13745K, committed 13872K, reserved 1048576K

Card table byte_map: [0x00000000118f0000,0x0000000011a00000] byte_map_base: 0x00000000111f0000

Marking Bits: (ParMarkBitMap*) 0x00000000709ea5b0
 Begin Bits: [0x0000000012200000, 0x0000000012a00000)
 End Bits:   [0x0000000012a00000, 0x0000000013200000)

Polling page: 0x0000000000600000

CodeCache: size=245760Kb used=67727Kb max_used=67989Kb free=178032Kb
 bounds [0x0000000002530000, 0x0000000006820000, 0x0000000011530000]
 total_blobs=17820 nmethods=16900 adapters=825
 compilation: enabled

Compilation events (10 events):
Event: 4525.388 Thread 0x0000000014ee9800 22881       3       java.util.WeakHashMap::size (18 bytes)
Event: 4525.389 Thread 0x0000000014ee9800 nmethod 22881 0x0000000002fe7a50 code [0x0000000002fe7bc0, 0x0000000002fe7da8]
Event: 4525.389 Thread 0x0000000014ee9800 22882       3       java.util.WeakHashMap::isEmpty (13 bytes)
Event: 4525.390 Thread 0x0000000014ee9800 nmethod 22882 0x0000000006805890 code [0x0000000006805a00, 0x0000000006805d28]
Event: 4525.391 Thread 0x0000000014ee9800 22883  s!   3       org.eclipse.osgi.storage.bundlefile.ZipBundleFile::close (64 bytes)
Event: 4525.392 Thread 0x0000000014ee9800 nmethod 22883 0x0000000004ea3a90 code [0x0000000004ea3c60, 0x0000000004ea45f8]
Event: 4525.400 Thread 0x0000000014ee9800 22886   !   3       org.eclipse.osgi.storage.BundleInfo$Generation::close (34 bytes)
Event: 4525.400 Thread 0x0000000014ee9800 nmethod 22886 0x0000000002889290 code [0x0000000002889400, 0x0000000002889828]
Event: 4525.401 Thread 0x0000000014ee9800 22887       3       org.eclipse.osgi.container.Module::holdsTransitionEventLock (25 bytes)
Event: 4525.401 Thread 0x0000000014ee9800 nmethod 22887 0x0000000004cdedd0 code [0x0000000004cdef60, 0x0000000004cdf688]

GC Heap History (10 events):
Event: 4429.880 GC heap before
{Heap before GC invocations=1021 (full 16):
 PSYoungGen      total 163328K, used 158156K [0x00000000f5580000, 0x00000000fff80000, 0x0000000100000000)
  eden space 152576K, 100% used [0x00000000f5580000,0x00000000fea80000,0x00000000fea80000)
  from space 10752K, 51% used [0x00000000ff500000,0x00000000ffa73308,0x00000000fff80000)
  to   space 10752K, 0% used [0x00000000fea80000,0x00000000fea80000,0x00000000ff500000)
 ParOldGen       total 155648K, used 67467K [0x00000000e0000000, 0x00000000e9800000, 0x00000000f5580000)
  object space 155648K, 43% used [0x00000000e0000000,0x00000000e41e2f00,0x00000000e9800000)
 Metaspace       used 97733K, capacity 105313K, committed 105640K, reserved 1140736K
  class space    used 11244K, capacity 13677K, committed 13744K, reserved 1048576K
Event: 4429.885 GC heap after
Heap after GC invocations=1021 (full 16):
 PSYoungGen      total 163328K, used 4172K [0x00000000f5580000, 0x00000000fff00000, 0x0000000100000000)
  eden space 152576K, 0% used [0x00000000f5580000,0x00000000f5580000,0x00000000fea80000)
  from space 10752K, 38% used [0x00000000fea80000,0x00000000fee931b8,0x00000000ff500000)
  to   space 10240K, 0% used [0x00000000ff500000,0x00000000ff500000,0x00000000fff00000)
 ParOldGen       total 155648K, used 67467K [0x00000000e0000000, 0x00000000e9800000, 0x00000000f5580000)
  object space 155648K, 43% used [0x00000000e0000000,0x00000000e41e2f00,0x00000000e9800000)
 Metaspace       used 97733K, capacity 105313K, committed 105640K, reserved 1140736K
  class space    used 11244K, capacity 13677K, committed 13744K, reserved 1048576K
}
Event: 4502.169 GC heap before
{Heap before GC invocations=1022 (full 16):
 PSYoungGen      total 163328K, used 156748K [0x00000000f5580000, 0x00000000fff00000, 0x0000000100000000)
  eden space 152576K, 100% used [0x00000000f5580000,0x00000000fea80000,0x00000000fea80000)
  from space 10752K, 38% used [0x00000000fea80000,0x00000000fee931b8,0x00000000ff500000)
  to   space 10240K, 0% used [0x00000000ff500000,0x00000000ff500000,0x00000000fff00000)
 ParOldGen       total 155648K, used 67467K [0x00000000e0000000, 0x00000000e9800000, 0x00000000f5580000)
  object space 155648K, 43% used [0x00000000e0000000,0x00000000e41e2f00,0x00000000e9800000)
 Metaspace       used 97767K, capacity 105313K, committed 105640K, reserved 1140736K
  class space    used 11244K, capacity 13677K, committed 13744K, reserved 1048576K
Event: 4502.174 GC heap after
Heap after GC invocations=1022 (full 16):
 PSYoungGen      total 163328K, used 4882K [0x00000000f5580000, 0x00000000ffe80000, 0x0000000100000000)
  eden space 153600K, 0% used [0x00000000f5580000,0x00000000f5580000,0x00000000feb80000)
  from space 9728K, 50% used [0x00000000ff500000,0x00000000ff9c4b28,0x00000000ffe80000)
  to   space 9728K, 0% used [0x00000000feb80000,0x00000000feb80000,0x00000000ff500000)
 ParOldGen       total 155648K, used 67467K [0x00000000e0000000, 0x00000000e9800000, 0x00000000f5580000)
  object space 155648K, 43% used [0x00000000e0000000,0x00000000e41e2f00,0x00000000e9800000)
 Metaspace       used 97767K, capacity 105313K, committed 105640K, reserved 1140736K
  class space    used 11244K, capacity 13677K, committed 13744K, reserved 1048576K
}
Event: 4513.881 GC heap before
{Heap before GC invocations=1023 (full 16):
 PSYoungGen      total 163328K, used 158408K [0x00000000f5580000, 0x00000000ffe80000, 0x0000000100000000)
  eden space 153600K, 99% used [0x00000000f5580000,0x00000000feb6d500,0x00000000feb80000)
  from space 9728K, 50% used [0x00000000ff500000,0x00000000ff9c4b28,0x00000000ffe80000)
  to   space 9728K, 0% used [0x00000000feb80000,0x00000000feb80000,0x00000000ff500000)
 ParOldGen       total 155648K, used 67467K [0x00000000e0000000, 0x00000000e9800000, 0x00000000f5580000)
  object space 155648K, 43% used [0x00000000e0000000,0x00000000e41e2f00,0x00000000e9800000)
 Metaspace       used 97819K, capacity 105377K, committed 105640K, reserved 1140736K
  class space    used 11248K, capacity 13677K, committed 13744K, reserved 1048576K
Event: 4513.887 GC heap after
Heap after GC invocations=1023 (full 16):
 PSYoungGen      total 163328K, used 5782K [0x00000000f5580000, 0x00000000fff80000, 0x0000000100000000)
  eden space 153600K, 0% used [0x00000000f5580000,0x00000000f5580000,0x00000000feb80000)
  from space 9728K, 59% used [0x00000000feb80000,0x00000000ff1258f0,0x00000000ff500000)
  to   space 9728K, 0% used [0x00000000ff600000,0x00000000ff600000,0x00000000fff80000)
 ParOldGen       total 155648K, used 67467K [0x00000000e0000000, 0x00000000e9800000, 0x00000000f5580000)
  object space 155648K, 43% used [0x00000000e0000000,0x00000000e41e2f00,0x00000000e9800000)
 Metaspace       used 97819K, capacity 105377K, committed 105640K, reserved 1140736K
  class space    used 11248K, capacity 13677K, committed 13744K, reserved 1048576K
}
Event: 4514.156 GC heap before
{Heap before GC invocations=1024 (full 16):
 PSYoungGen      total 163328K, used 159262K [0x00000000f5580000, 0x00000000fff80000, 0x0000000100000000)
  eden space 153600K, 99% used [0x00000000f5580000,0x00000000feb620f0,0x00000000feb80000)
  from space 9728K, 59% used [0x00000000feb80000,0x00000000ff1258f0,0x00000000ff500000)
  to   space 9728K, 0% used [0x00000000ff600000,0x00000000ff600000,0x00000000fff80000)
 ParOldGen       total 155648K, used 67467K [0x00000000e0000000, 0x00000000e9800000, 0x00000000f5580000)
  object space 155648K, 43% used [0x00000000e0000000,0x00000000e41e2f00,0x00000000e9800000)
 Metaspace       used 97819K, capacity 105377K, committed 105640K, reserved 1140736K
  class space    used 11248K, capacity 13677K, committed 13744K, reserved 1048576K
Event: 4514.160 GC heap after
Heap after GC invocations=1024 (full 16):
 PSYoungGen      total 164352K, used 4667K [0x00000000f5580000, 0x00000000fff00000, 0x0000000100000000)
  eden space 155136K, 0% used [0x00000000f5580000,0x00000000f5580000,0x00000000fed00000)
  from space 9216K, 50% used [0x00000000ff600000,0x00000000ffa8eda0,0x00000000fff00000)
  to   space 9216K, 0% used [0x00000000fed00000,0x00000000fed00000,0x00000000ff600000)
 ParOldGen       total 155648K, used 67467K [0x00000000e0000000, 0x00000000e9800000, 0x00000000f5580000)
  object space 155648K, 43% used [0x00000000e0000000,0x00000000e41e2f00,0x00000000e9800000)
 Metaspace       used 97819K, capacity 105377K, committed 105640K, reserved 1140736K
  class space    used 11248K, capacity 13677K, committed 13744K, reserved 1048576K
}
Event: 4525.393 GC heap before
{Heap before GC invocations=1025 (full 16):
 PSYoungGen      total 164352K, used 159803K [0x00000000f5580000, 0x00000000fff00000, 0x0000000100000000)
  eden space 155136K, 100% used [0x00000000f5580000,0x00000000fed00000,0x00000000fed00000)
  from space 9216K, 50% used [0x00000000ff600000,0x00000000ffa8eda0,0x00000000fff00000)
  to   space 9216K, 0% used [0x00000000fed00000,0x00000000fed00000,0x00000000ff600000)
 ParOldGen       total 155648K, used 67467K [0x00000000e0000000, 0x00000000e9800000, 0x00000000f5580000)
  object space 155648K, 43% used [0x00000000e0000000,0x00000000e41e2f00,0x00000000e9800000)
 Metaspace       used 98527K, capacity 105917K, committed 106280K, reserved 1142784K
  class space    used 11327K, capacity 13745K, committed 13872K, reserved 1048576K
Event: 4525.400 GC heap after
Heap after GC invocations=1025 (full 16):
 PSYoungGen      total 164352K, used 9195K [0x00000000f5580000, 0x0000000100000000, 0x0000000100000000)
  eden space 155136K, 0% used [0x00000000f5580000,0x00000000f5580000,0x00000000fed00000)
  from space 9216K, 99% used [0x00000000fed00000,0x00000000ff5facb0,0x00000000ff600000)
  to   space 10240K, 0% used [0x00000000ff600000,0x00000000ff600000,0x0000000100000000)
 ParOldGen       total 155648K, used 67834K [0x00000000e0000000, 0x00000000e9800000, 0x00000000f5580000)
  object space 155648K, 43% used [0x00000000e0000000,0x00000000e423eb18,0x00000000e9800000)
 Metaspace       used 98527K, capacity 105917K, committed 106280K, reserved 1142784K
  class space    used 11327K, capacity 13745K, committed 13872K, reserved 1048576K
}

Deoptimization events (10 events):
Event: 4525.372 Thread 0x0000000016c36000 Uncommon trap: reason=unstable_if action=reinterpret pc=0x000000000498a2cc method=org.eclipse.core.internal.jobs.WorkerPool.startJob(Lorg/eclipse/core/internal/jobs/Worker;)Lorg/eclipse/core/internal/jobs/InternalJob; @ 177
Event: 4525.372 Thread 0x0000000016e5f000 Uncommon trap: reason=unstable_if action=reinterpret pc=0x000000000498a2cc method=org.eclipse.core.internal.jobs.WorkerPool.startJob(Lorg/eclipse/core/internal/jobs/Worker;)Lorg/eclipse/core/internal/jobs/InternalJob; @ 177
Event: 4525.373 Thread 0x0000000016c34800 Uncommon trap: reason=unstable_if action=reinterpret pc=0x000000000498a2cc method=org.eclipse.core.internal.jobs.WorkerPool.startJob(Lorg/eclipse/core/internal/jobs/Worker;)Lorg/eclipse/core/internal/jobs/InternalJob; @ 177
Event: 4525.373 Thread 0x0000000016c33800 Uncommon trap: reason=unstable_if action=reinterpret pc=0x000000000498a2cc method=org.eclipse.core.internal.jobs.WorkerPool.startJob(Lorg/eclipse/core/internal/jobs/Worker;)Lorg/eclipse/core/internal/jobs/InternalJob; @ 177
Event: 4525.374 Thread 0x000000001a21b800 Uncommon trap: reason=unstable_if action=reinterpret pc=0x000000000498a2cc method=org.eclipse.core.internal.jobs.WorkerPool.startJob(Lorg/eclipse/core/internal/jobs/Worker;)Lorg/eclipse/core/internal/jobs/InternalJob; @ 177
Event: 4525.375 Thread 0x000000001a21e800 Uncommon trap: reason=bimorphic action=maybe_recompile pc=0x000000000680436c method=java.util.ComparableTimSort.binarySort([Ljava/lang/Object;III)V @ 94
Event: 4525.378 Thread 0x000000001a21e800 Uncommon trap: reason=bimorphic action=maybe_recompile pc=0x000000000680436c method=java.util.ComparableTimSort.binarySort([Ljava/lang/Object;III)V @ 94
Event: 4525.384 Thread 0x000000001a21e800 Uncommon trap: reason=bimorphic action=maybe_recompile pc=0x000000000680436c method=java.util.ComparableTimSort.binarySort([Ljava/lang/Object;III)V @ 94
Event: 4525.388 Thread 0x000000001a21e800 Uncommon trap: reason=unstable_if action=reinterpret pc=0x0000000003969a5c method=sun.reflect.UnsafeStaticObjectFieldAccessorImpl.set(Ljava/lang/Object;Ljava/lang/Object;)V @ 13
Event: 4525.393 Thread 0x0000000016e5d000 Uncommon trap: reason=unstable_if action=reinterpret pc=0x0000000004d985a0 method=org.eclipse.osgi.framework.eventmgr.EventManager$EventThread.getNextEvent()Lorg/eclipse/osgi/framework/eventmgr/EventManager$EventThread$Queued; @ 15

Internal exceptions (10 events):
Event: 4524.791 Thread 0x000000001a21e800 Implicit null exception at 0x000000000607ae40 to 0x000000000607c415
Event: 4524.791 Thread 0x000000001a21e800 Implicit null exception at 0x0000000004c846e0 to 0x0000000004c85644
Event: 4524.792 Thread 0x000000001a21e800 Implicit null exception at 0x0000000003c185ac to 0x0000000003c189a1
Event: 4525.345 Thread 0x000000001a21e800 Implicit null exception at 0x0000000003ead5a7 to 0x0000000003eae455
Event: 4525.345 Thread 0x000000001a21e800 Exception <a 'java/lang/NullPointerException'> (0x00000000fea3b8f8) thrown at [C:\re\workspace\8-2-build-windows-amd64-cygwin\jdk8u66\5298\hotspot\src\share\vm\prims\jvm.cpp, line 1390]
Event: 4525.371 Thread 0x0000000016e60800 Exception <a 'java/lang/InterruptedException'> (0x00000000fe254bf0) thrown at [C:\re\workspace\8-2-build-windows-amd64-cygwin\jdk8u66\5298\hotspot\src\share\vm\runtime\objectMonitor.cpp, line 1683]
Event: 4525.388 Thread 0x000000001a21e800 Implicit null exception at 0x0000000003969737 to 0x0000000003969a49
Event: 4525.388 Thread 0x0000000016e5b800 Exception <a 'java/lang/InterruptedException'> (0x00000000feaefb88) thrown at [C:\re\workspace\8-2-build-windows-amd64-cygwin\jdk8u66\5298\hotspot\src\share\vm\runtime\objectMonitor.cpp, line 1683]
Event: 4525.393 Thread 0x0000000016e5d000 Exception <a 'java/lang/InterruptedException'> (0x00000000fb6532e8) thrown at [C:\re\workspace\8-2-build-windows-amd64-cygwin\jdk8u66\5298\hotspot\src\share\vm\runtime\objectMonitor.cpp, line 1683]
Event: 4525.400 Thread 0x0000000016e5c000 Exception <a 'java/lang/InterruptedException'> (0x00000000f566ff98) thrown at [C:\re\workspace\8-2-build-windows-amd64-cygwin\jdk8u66\5298\hotspot\src\share\vm\runtime\objectMonitor.cpp, line 1683]

Events (10 events):
Event: 4525.402 loading class java/util/IdentityHashMap$IdentityHashMapIterator done
Event: 4525.402 loading class java/util/IdentityHashMap$KeyIterator done
Event: 4525.402 Thread 0x0000000014ee9800 flushing nmethod 0x0000000002e8dc10
Event: 4525.402 Thread 0x000000001a21e800 Thread added: 0x000000001a21e800
Event: 4525.402 Thread 0x0000000014ee9800 flushing nmethod 0x0000000002efd210
Event: 4525.402 Thread 0x0000000014ee9800 flushing nmethod 0x0000000002f23790
Event: 4525.402 Thread 0x000000001a21e800 Thread exited: 0x000000001a21e800
Event: 4525.402 Thread 0x0000000014ee9800 flushing nmethod 0x0000000002f9c510
Event: 4525.402 Thread 0x0000000014ee9800 flushing nmethod 0x0000000002fb5c50
Event: 4525.402 Executing VM operation: Exit


Dynamic libraries:
0x0000000000400000 - 0x000000000044f000 	C:\Xilinx\SDK\2016.2\eclipse\win64.o\eclipse.exe
0x0000000077000000 - 0x00000000771aa000 	C:\Windows\SYSTEM32\ntdll.dll
0x0000000076de0000 - 0x0000000076eff000 	C:\Windows\system32\kernel32.dll
0x000007fefd090000 - 0x000007fefd0fa000 	C:\Windows\system32\KERNELBASE.dll
0x0000000076f00000 - 0x0000000076ffa000 	C:\Windows\system32\USER32.dll
0x000007fefd870000 - 0x000007fefd8d7000 	C:\Windows\system32\GDI32.dll
0x000007fefe7a0000 - 0x000007fefe7ae000 	C:\Windows\system32\LPK.dll
0x000007fefd2b0000 - 0x000007fefd37a000 	C:\Windows\system32\USP10.dll
0x000007fefd7d0000 - 0x000007fefd86f000 	C:\Windows\system32\msvcrt.dll
0x000007fefb650000 - 0x000007fefb844000 	C:\Windows\WinSxS\amd64_microsoft.windows.common-controls_6595b64144ccf1df_6.0.7601.18837_none_fa3b1e3d17594757\COMCTL32.dll
0x000007feff290000 - 0x000007feff301000 	C:\Windows\system32\SHLWAPI.dll
0x000007fefd480000 - 0x000007fefd4ae000 	C:\Windows\system32\IMM32.DLL
0x000007fefe990000 - 0x000007fefea99000 	C:\Windows\system32\MSCTF.dll
0x0000000072000000 - 0x0000000072012000 	C:\Xilinx\SDK\2016.2\eclipse\win64.o\plugins\org.eclipse.equinox.launcher.win32.win32.x86_64_1.1.300.v20150602-1417\eclipse_1611.dll
0x000007fefef00000 - 0x000007fefefdb000 	C:\Windows\system32\ADVAPI32.dll
0x000007fefd460000 - 0x000007fefd47f000 	C:\Windows\SYSTEM32\sechost.dll
0x000007fefd120000 - 0x000007fefd24d000 	C:\Windows\system32\RPCRT4.dll
0x000007fefbdd0000 - 0x000007fefbddc000 	C:\Windows\system32\VERSION.dll
0x000007fefb5f0000 - 0x000007fefb646000 	C:\Windows\system32\UxTheme.dll
0x00000000701e0000 - 0x0000000070a69000 	C:\Xilinx\SDK\2016.2\tps\win64\jre\bin\server\jvm.dll
0x000007fef86f0000 - 0x000007fef86f9000 	C:\Windows\system32\WSOCK32.dll
0x000007fefd4b0000 - 0x000007fefd4fd000 	C:\Windows\system32\WS2_32.dll
0x000007fefe790000 - 0x000007fefe798000 	C:\Windows\system32\NSI.dll
0x000007fef9f10000 - 0x000007fef9f4b000 	C:\Windows\system32\WINMM.dll
0x00000000771d0000 - 0x00000000771d7000 	C:\Windows\system32\PSAPI.DLL
0x0000000071b50000 - 0x0000000071c22000 	C:\Windows\system32\MSVCR100.dll
0x0000000071690000 - 0x000000007169f000 	C:\Xilinx\SDK\2016.2\tps\win64\jre\bin\verify.dll
0x00000000714a0000 - 0x00000000714c9000 	C:\Xilinx\SDK\2016.2\tps\win64\jre\bin\java.dll
0x0000000071670000 - 0x0000000071686000 	C:\Xilinx\SDK\2016.2\tps\win64\jre\bin\zip.dll
0x000007fefda00000 - 0x000007fefe789000 	C:\Windows\system32\SHELL32.dll
0x000007feff080000 - 0x000007feff283000 	C:\Windows\system32\ole32.dll
0x000007fefcd40000 - 0x000007fefcd4f000 	C:\Windows\system32\profapi.dll
0x000007fefc540000 - 0x000007fefc558000 	C:\Windows\system32\CRYPTSP.dll
0x000007fefc240000 - 0x000007fefc287000 	C:\Windows\system32\rsaenh.dll
0x000007fefcfa0000 - 0x000007fefcfbe000 	C:\Windows\system32\USERENV.dll
0x000007fefcb40000 - 0x000007fefcb4f000 	C:\Windows\system32\CRYPTBASE.dll
0x0000000071480000 - 0x000000007149a000 	C:\Xilinx\SDK\2016.2\tps\win64\jre\bin\net.dll
0x000007fefc4e0000 - 0x000007fefc535000 	C:\Windows\system32\mswsock.dll
0x000007fefc4d0000 - 0x000007fefc4d7000 	C:\Windows\System32\wship6.dll
0x000007fefa450000 - 0x000007fefa477000 	C:\Windows\system32\IPHLPAPI.DLL
0x000007fefa430000 - 0x000007fefa43b000 	C:\Windows\system32\WINNSI.DLL
0x000007fefa260000 - 0x000007fefa271000 	C:\Windows\system32\dhcpcsvc6.DLL
0x000007fefa240000 - 0x000007fefa258000 	C:\Windows\system32\dhcpcsvc.DLL
0x0000000071460000 - 0x0000000071471000 	C:\Xilinx\SDK\2016.2\tps\win64\jre\bin\nio.dll
0x000007fef9960000 - 0x000007fef9975000 	C:\Windows\system32\NLAapi.dll
0x000007fef7a90000 - 0x000007fef7aa5000 	C:\Windows\system32\napinsp.dll
0x000007fef7ab0000 - 0x000007fef7ac9000 	C:\Windows\system32\pnrpnsp.dll
0x000007fefc360000 - 0x000007fefc3bb000 	C:\Windows\system32\DNSAPI.dll
0x000007fef7a80000 - 0x000007fef7a8b000 	C:\Windows\System32\winrnr.dll
0x000007fefbea0000 - 0x000007fefbea7000 	C:\Windows\System32\wshtcpip.dll
0x000007fef9dc0000 - 0x000007fef9dc8000 	C:\Windows\system32\rasadhlp.dll
0x000007fefa2f0000 - 0x000007fefa343000 	C:\Windows\System32\fwpuclnt.dll
0x0000000018710000 - 0x00000000187b8000 	C:\Users\dezfoul2\.Xilinx\SDK\2016.2\org.eclipse.osgi\312\0\.cp\swt-win32-4527.dll
0x000007fefd380000 - 0x000007fefd458000 	C:\Windows\system32\OLEAUT32.dll
0x000007fefd8e0000 - 0x000007fefd977000 	C:\Windows\system32\comdlg32.dll
0x000007fef63e0000 - 0x000007fef6451000 	C:\Windows\system32\WINSPOOL.DRV
0x000007fefeaa0000 - 0x000007fefed65000 	C:\Windows\system32\WININET.dll
0x000007fefcf50000 - 0x000007fefcf54000 	C:\Windows\system32\api-ms-win-downlevel-user32-l1-1-0.dll
0x000007fefcf00000 - 0x000007fefcf04000 	C:\Windows\system32\api-ms-win-downlevel-shlwapi-l1-1-0.dll
0x000007fefd080000 - 0x000007fefd084000 	C:\Windows\system32\api-ms-win-downlevel-version-l1-1-0.dll
0x000007fefcfc0000 - 0x000007fefcfc3000 	C:\Windows\system32\api-ms-win-downlevel-normaliz-l1-1-0.dll
0x00000000771c0000 - 0x00000000771c3000 	C:\Windows\system32\normaliz.DLL
0x000007fefd500000 - 0x000007fefd7c9000 	C:\Windows\system32\iertutil.dll
0x000007fefcd80000 - 0x000007fefcd85000 	C:\Windows\system32\api-ms-win-downlevel-advapi32-l1-1-0.dll
0x000007fefcd90000 - 0x000007fefcefd000 	C:\Windows\system32\CRYPT32.dll
0x000007fefcd50000 - 0x000007fefcd5f000 	C:\Windows\system32\MSASN1.dll
0x000007fefb0c0000 - 0x000007fefb1ec000 	C:\Windows\system32\propsys.dll
0x000007fefefe0000 - 0x000007feff079000 	C:\Windows\system32\CLBCatQ.DLL
0x00000000021f0000 - 0x000000000220e000 	C:\Users\dezfoul2\.Xilinx\SDK\2016.2\org.eclipse.osgi\312\0\.cp\swt-gdip-win32-4527.dll
0x000007fefb3d0000 - 0x000007fefb5e6000 	C:\Windows\WinSxS\amd64_microsoft.windows.gdiplus_6595b64144ccf1df_1.1.7601.23508_none_145555328b95eaaa\gdiplus.dll
0x000007fefaef0000 - 0x000007fefb051000 	C:\Windows\system32\WindowsCodecs.dll
0x0000000180000000 - 0x0000000180012000 	C:\Users\dezfoul2\.Xilinx\SDK\2016.2\org.eclipse.osgi\126\0\.cp\os\win32\x86_64\localfile_1_0_0.dll
0x000007fef1170000 - 0x000007fef11c4000 	C:\Windows\system32\oleacc.dll
0x000007fef8b90000 - 0x000007fef8b97000 	C:\Windows\system32\msimg32.dll
0x000007fefcc90000 - 0x000007fefcca4000 	C:\Windows\system32\RpcRtRemote.dll
0x000007fefcbf0000 - 0x000007fefcc47000 	C:\Windows\system32\apphelp.dll
0x000007fef3aa0000 - 0x000007fef3ab1000 	C:\Users\dezfoul2\.Xilinx\SDK\2016.2\org.eclipse.osgi\129\0\.cp\jWinHttp-1.0.0.dll
0x000007fef9610000 - 0x000007fef9681000 	C:\Windows\system32\WINHTTP.dll
0x000007fef95a0000 - 0x000007fef9604000 	C:\Windows\system32\webio.dll
0x000007fefcb10000 - 0x000007fefcb35000 	C:\Windows\system32\SspiCli.dll
0x000007fefc100000 - 0x000007fefc10a000 	C:\Windows\system32\credssp.dll
0x000007fefcf60000 - 0x000007fefcf96000 	C:\Windows\system32\CFGMGR32.dll
0x000007fef5620000 - 0x000007fef562f000 	C:\Xilinx\SDK\2016.2\lib\win64.o\librdi_repo_manager.dll
0x000007fef29b0000 - 0x000007fef29da000 	C:\Xilinx\SDK\2016.2\lib\win64.o\libisl_sysinfo.dll
0x000007feeb940000 - 0x000007feeba14000 	C:\Windows\system32\MSVCR110.dll
0x000007feeb810000 - 0x000007feeb8b7000 	C:\Windows\system32\MSVCP110.dll
0x000007fec0d60000 - 0x000007fec17a0000 	C:\Xilinx\SDK\2016.2\lib\win64.o\librdi_common.dll
0x000007fec2790000 - 0x000007fec2afe000 	C:\Xilinx\SDK\2016.2\lib\win64.o\libCOIN-all.dll
0x000007fec2570000 - 0x000007fec278f000 	C:\Xilinx\SDK\2016.2\lib\win64.o\libXil_lmgr11.dll
0x000007fefadb0000 - 0x000007fefadc6000 	C:\Windows\system32\NETAPI32.dll
0x000007fefc170000 - 0x000007fefc17c000 	C:\Windows\system32\netutils.dll
0x000007fefc7e0000 - 0x000007fefc803000 	C:\Windows\system32\srvcli.dll
0x000007fefad90000 - 0x000007fefada5000 	C:\Windows\system32\wkscli.dll
0x000007fefcf10000 - 0x000007fefcf4b000 	C:\Windows\system32\WINTRUST.dll
0x000007fef4d60000 - 0x000007fef4d70000 	C:\Xilinx\SDK\2016.2\lib\win64.o\libboost_date_time.dll
0x000007fef2950000 - 0x000007fef2974000 	C:\Xilinx\SDK\2016.2\lib\win64.o\libboost_filesystem.dll
0x000007fef51f0000 - 0x000007fef51f9000 	C:\Xilinx\SDK\2016.2\lib\win64.o\libboost_system.dll
0x000007fef28d0000 - 0x000007fef2947000 	C:\Xilinx\SDK\2016.2\lib\win64.o\libboost_program_options.dll
0x000007fec2460000 - 0x000007fec2566000 	C:\Xilinx\SDK\2016.2\lib\win64.o\libboost_regex.dll
0x000007fef3430000 - 0x000007fef3443000 	C:\Xilinx\SDK\2016.2\lib\win64.o\libboost_signals.dll
0x000007fef3670000 - 0x000007fef368d000 	C:\Xilinx\SDK\2016.2\lib\win64.o\libboost_thread.dll
0x000007fef3a20000 - 0x000007fef3a2b000 	C:\Xilinx\SDK\2016.2\lib\win64.o\libboost_chrono.dll
0x000007fef3370000 - 0x000007fef337b000 	C:\Xilinx\SDK\2016.2\lib\win64.o\libboost_xilinx.dll
0x000007fef2850000 - 0x000007fef28d0000 	C:\Xilinx\SDK\2016.2\lib\win64.o\libhdlpsolve.dll
0x000007fec23c0000 - 0x000007fec245a000 	C:\Xilinx\SDK\2016.2\lib\win64.o\libhdxml.dll
0x000007fec1f50000 - 0x000007fec23b5e00 	C:\Xilinx\SDK\2016.2\lib\win64.o\libisl_iostreams.dll
0x000007fef2990000 - 0x000007fef29a6000 	C:\Xilinx\SDK\2016.2\lib\win64.o\libboost_iostreams.dll
0x000007fef2820000 - 0x000007fef2843000 	C:\Xilinx\SDK\2016.2\lib\win64.o\librdizlib.dll
0x000007fef27f0000 - 0x000007fef2813000 	C:\Xilinx\SDK\2016.2\lib\win64.o\libisl_iosutils.dll
0x000007fef2640000 - 0x000007fef2655000 	C:\Xilinx\SDK\2016.2\lib\win64.o\pthreadVC2.dll
0x000007fec3bd0000 - 0x000007fec3c24000 	C:\Xilinx\SDK\2016.2\lib\win64.o\librdi_commonxillic.dll
0x000007fec1e20000 - 0x000007fec1f50000 	C:\Xilinx\SDK\2016.2\lib\win64.o\librdi_curl.dll
0x000007fef2620000 - 0x000007fef2638000 	C:\Xilinx\SDK\2016.2\lib\win64.o\librdiconfig.dll
0x000000006fc40000 - 0x000000006fd67000 	C:\Xilinx\SDK\2016.2\lib\win64.o\tcl85t.dll
0x0000000024c00000 - 0x0000000024e63000 	C:\Xilinx\SDK\2016.2\lib\win64.o\xerces-c_3_1.dll
0x000007fefed70000 - 0x000007fefeef6000 	C:\Windows\system32\urlmon.dll
0x000007fefd070000 - 0x000007fefd074000 	C:\Windows\system32\api-ms-win-downlevel-ole32-l1-1-0.dll
0x000007feee230000 - 0x000007feee253000 	C:\Windows\system32\VCOMP110.DLL
0x000007fec1c20000 - 0x000007fec1e12000 	C:\Xilinx\SDK\2016.2\lib\win64.o\librdi_hsm.dll
0x000007fec3b80000 - 0x000007fec3bc3000 	C:\Xilinx\SDK\2016.2\lib\win64.o\librdi_hdf.dll
0x000007fec0960000 - 0x000007fec0be1000 	C:\Xilinx\SDK\2016.2\lib\win64.o\librdi_ippcw.dll
0x000007fec1b90000 - 0x000007fec1ba6000 	C:\Xilinx\SDK\2016.2\eclipse\win64.o\plugins\org.eclipse.cdt.core.win32.x86_64_5.4.0.201509131935\os\win32\x86_64\spawner.dll
0x000007fef6c20000 - 0x000007fef6c2a000 	C:\Xilinx\SDK\2016.2\lib\win64.o\librdi_jtag_settings.dll
0x000007fec0cb0000 - 0x000007fec0cd9000 	C:\Xilinx\SDK\2016.2\lib\win64.o\librdi_debug_dialog.dll
0x000007fef6560000 - 0x000007fef6568000 	C:\Xilinx\SDK\2016.2\lib\win64.o\librdi_target_manager.dll
0x0000000071080000 - 0x00000000710a6000 	C:\Xilinx\SDK\2016.2\eclipse\win64.o\plugins\gnu.io.rxtx.win32.x86_64_2.1.7.3_v20071015\os\win32\x86_64\rxtxSerial.dll
0x0000000071100000 - 0x0000000071125000 	C:\Users\dezfoul2\.jssc\windows\jSSC-2.8_x86_64.dll
0x000007fef3b80000 - 0x000007fef3d55000 	C:\Windows\system32\spool\DRIVERS\x64\3\hpb6sy2917_x64gui.dll

VM Arguments:
jvm_args: -Dcom.xilinx.sdk.args.hwspec=W:/ece532/src/hdmi.sdk/hdmi_wrapper.hdf -Xms64m -Xmx512m & 
java_command: <unknown>
java_class_path (initial): C:\Xilinx\SDK\2016.2\eclipse\win64.o\\plugins/org.eclipse.equinox.launcher_1.3.100.v20150511-1540.jar
Launcher Type: generic

Environment Variables:
PATH=C:/Xilinx/SDK/2016.2/tps/win64/jre/bin/server;C:/Xilinx/SDK/2016.2/tps/win64/jre/bin;C:/Xilinx/SDK/2016.2/tps/win64/jre/lib/amd64;C:\Xilinx\SDK\2016.2\gnuwin\bin;C:\Xilinx\SDK\2016.2\gnu\microblaze\nt\bin;C:\Xilinx\SDK\2016.2\gnu\microblaze\linux_toolchain\nt64_le\bin;C:\Xilinx\SDK\2016.2\gnu\microblaze\linux_toolchain\nt64_be\bin;C:\Xilinx\SDK\2016.2\gnu\arm\nt\bin;C:\Xilinx\SDK\2016.2\gnu\aarch64\nt\aarch64-none\bin;C:\Xilinx\SDK\2016.2\gnu\aarch64\nt\aarch64-linux\bin;C:\Xilinx\SDK\2016.2\gnu\armr5\nt\gcc-arm-none-eabi\bin;C:\Xilinx\SDK\2016.2\gnu\aarch32\nt\gcc-arm-none-eabi\bin;C:\Xilinx\SDK\2016.2\gnu\aarch32\nt\gcc-arm-linux-gnueabi\bin;C:\Xilinx\SDK\2016.2\tps\win64\cmake-3.3.2\bin;;C:\Xilinx\SDK\2016.2\bin;C:\Xilinx\SDK\2016.2\lib\win64.o;C:\Xilinx\SDK\2016.2\tps\win64\jre\bin\server;C:\Xilinx\SDK\2016.2\tps\win64\jre\bin;C:\Xilinx\Vivado\2016.2\ids_lite\ISE\bin\nt64;C:\Xilinx\Vivado\2016.2\ids_lite\ISE\lib\nt64;C:\Xilinx\Vivado\2016.2\bin;C:\Xilinx\Vivado\2016.2\lib\win64.o;C:\Xilinx\Vivado\2016.2\tps\win64\jre\bin\server;C:\Xilinx\Vivado\2016.2\tps\win64\jre\bin;C:\Xilinx\Vivado_HLS\2016.2\bin;C:\Windows\system32;C:\Windows;C:\Windows\System32\Wbem;C:\Windows\System32\WindowsPowerShell\v1.0\;C:\altera\16.0\quartus\bin64;c:\altera\16.0\quartus\bin64\jre64\bin;w:\ece532\src;
USERNAME=dezfoul2
OS=Windows_NT
PROCESSOR_IDENTIFIER=Intel64 Family 6 Model 60 Stepping 3, GenuineIntel



---------------  S Y S T E M  ---------------

OS: Windows 7 , 64 bit Build 7601 (6.1.7601.23418)

CPU:total 8 (4 cores per cpu, 2 threads per core) family 6 model 60 stepping 3, cmov, cx8, fxsr, mmx, sse, sse2, sse3, ssse3, sse4.1, sse4.2, popcnt, avx, avx2, aes, clmul, erms, lzcnt, ht, tsc, tscinvbit, bmi1, bmi2

Memory: 4k page, physical 16683160k(10621864k free), swap 33364460k(26790712k free)

vm_info: Java HotSpot(TM) 64-Bit Server VM (25.66-b18) for windows-amd64 JRE (1.8.0_66-b18), built on Nov  9 2015 10:51:13 by "java_re" with MS VC++ 10.0 (VS2010)

time: Thu Mar 23 19:07:38 2017
elapsed time: 4525 seconds (0d 1h 15m 25s)

