#-----------------------------------------------------------
# Vivado v2016.2 (64-bit)
# SW Build 1577090 on Thu Jun  2 16:32:40 MDT 2016
# IP Build 1577682 on Fri Jun  3 12:00:54 MDT 2016
# Start of session at: Tue Mar 21 15:58:02 2017
# Process ID: 2760
# Current directory: W:/ece532/integration_Copy2
# Command line: vivado.exe -gui_launcher_event rodinguilauncherevent3768 hdmi.xpr
# Log file: W:/ece532/integration_Copy2/vivado.log
# Journal file: W:/ece532/integration_Copy2\vivado.jou
#-----------------------------------------------------------
start_gui
open_project hdmi.xpr
Scanning sources...
Finished scanning sources
INFO: [IP_Flow 19-234] Refreshing IP repositories
INFO: [IP_Flow 19-1700] Loaded user IP repository 'w:/NexysVideo-master_2015.3/Projects/hdmi/repo'.
INFO: [IP_Flow 19-1700] Loaded user IP repository 'w:/ece532/img_processing_ip/ip_repo'.
INFO: [IP_Flow 19-2313] Loaded Vivado IP repository 'C:/Xilinx/Vivado/2016.2/data/ip'.
WARNING: [BD 41-1661] One or more IPs have been locked in the design 'hdmi.bd'. Please run report_ip_status for more details and recommendations on how to fix this issue.
List of locked IPs:
hdmi_led_detect_0_2

open_project: Time (s): cpu = 00:00:27 ; elapsed = 00:00:40 . Memory (MB): peak = 1281.070 ; gain = 647.816
update_compile_order -fileset sources_1
set_property  ip_repo_paths  w:/ece532/img_processing_ip/ip_repo [current_project]
update_ip_catalog
INFO: [IP_Flow 19-234] Refreshing IP repositories
INFO: [IP_Flow 19-1700] Loaded user IP repository 'w:/ece532/img_processing_ip/ip_repo'.
set_property  ip_repo_paths  {w:/ece532/img_processing_ip/ip_repo W:/ece532/integration_Copy2/repo} [current_project]
update_ip_catalog
INFO: [IP_Flow 19-234] Refreshing IP repositories
INFO: [IP_Flow 19-1700] Loaded user IP repository 'w:/ece532/img_processing_ip/ip_repo'.
INFO: [IP_Flow 19-1700] Loaded user IP repository 'w:/ece532/integration_Copy2/repo'.
launch_sdk -workspace W:/ece532/integration_Copy2/hdmi.sdk -hwspec W:/ece532/integration_Copy2/hdmi.sdk/hdmi_wrapper.hdf
INFO: [Vivado 12-393] Launching SDK...
INFO: [Vivado 12-417] Running xsdk -workspace W:/ece532/integration_Copy2/hdmi.sdk -hwspec W:/ece532/integration_Copy2/hdmi.sdk/hdmi_wrapper.hdf
INFO: [Vivado 12-3157] SDK launch initiated. Please check console for any further messages.
exit
INFO: [Common 17-206] Exiting Vivado at Tue Mar 21 16:03:49 2017...
