#-----------------------------------------------------------
# Vivado v2016.2 (64-bit)
# SW Build 1577090 on Thu Jun  2 16:32:40 MDT 2016
# IP Build 1577682 on Fri Jun  3 12:00:54 MDT 2016
# Start of session at: Sun Mar 26 12:40:44 2017
# Process ID: 4636
# Current directory: W:/ece532/src
# Command line: vivado.exe -gui_launcher_event rodinguilauncherevent3488 hdmi.xpr
# Log file: W:/ece532/src/vivado.log
# Journal file: W:/ece532/src\vivado.jou
#-----------------------------------------------------------
start_gui
open_project hdmi.xpr
Scanning sources...
Finished scanning sources
INFO: [IP_Flow 19-234] Refreshing IP repositories
INFO: [IP_Flow 19-1700] Loaded user IP repository 'w:/ece532/img_processing_ip/ip_repo'.
INFO: [IP_Flow 19-1700] Loaded user IP repository 'w:/ece532/src/repo'.
INFO: [IP_Flow 19-2313] Loaded Vivado IP repository 'C:/Xilinx/Vivado/2016.2/data/ip'.
open_project: Time (s): cpu = 00:00:23 ; elapsed = 00:00:36 . Memory (MB): peak = 1157.680 ; gain = 526.613
update_compile_order -fileset sources_1
exit
INFO: [Common 17-206] Exiting Vivado at Sun Mar 26 12:41:57 2017...
