#-----------------------------------------------------------
# Vivado v2016.2 (64-bit)
# SW Build 1577090 on Thu Jun  2 16:32:40 MDT 2016
# IP Build 1577682 on Fri Jun  3 12:00:54 MDT 2016
# Start of session at: Mon Mar 27 14:27:19 2017
# Process ID: 3612
# Current directory: W:/ece532/src
# Command line: vivado.exe -gui_launcher_event rodinguilauncherevent4848 hdmi.xpr
# Log file: W:/ece532/src/vivado.log
# Journal file: W:/ece532/src\vivado.jou
#-----------------------------------------------------------
start_gui
open_project hdmi.xpr
Scanning sources...
Finished scanning sources
INFO: [IP_Flow 19-234] Refreshing IP repositories
INFO: [IP_Flow 19-1700] Loaded user IP repository 'w:/ece532/img_processing_ip/ip_repo'.
INFO: [IP_Flow 19-1700] Loaded user IP repository 'w:/ece532/src/repo'.
INFO: [IP_Flow 19-2313] Loaded Vivado IP repository 'C:/Xilinx/Vivado/2016.2/data/ip'.
open_project: Time (s): cpu = 00:00:24 ; elapsed = 00:00:33 . Memory (MB): peak = 1172.961 ; gain = 542.930
update_compile_order -fileset sources_1
open_bd_design {W:/ece532/src/hdmi.srcs/sources_1/bd/hdmi/hdmi.bd}
Adding cell -- digilentinc.com:ip:axi_dynclk:1.0 - axi_dynclk_0
Adding cell -- digilentinc.com:ip:dvi2rgb:1.5 - dvi2rgb_0
Adding cell -- xilinx.com:ip:xlconcat:2.1 - microblaze_0_xlconcat
Adding cell -- digilentinc.com:ip:rgb2dvi:1.2 - rgb2dvi_0
Adding cell -- xilinx.com:ip:xlconstant:1.1 - xlconstant_0
Adding cell -- xilinx.com:ip:axi_gpio:2.0 - axi_gpio_video
Adding cell -- xilinx.com:ip:axi_timer:2.0 - axi_timer_0
Adding cell -- xilinx.com:ip:axi_uartlite:2.0 - axi_uartlite_0
Adding cell -- xilinx.com:ip:axi_vdma:6.2 - axi_vdma_0
Adding cell -- xilinx.com:ip:mdm:3.2 - mdm_1
Adding cell -- xilinx.com:ip:microblaze:9.6 - microblaze_0
Adding cell -- xilinx.com:ip:axi_intc:4.1 - microblaze_0_axi_intc
Adding cell -- xilinx.com:ip:mig_7series:4.0 - mig_7series_0
Adding cell -- xilinx.com:ip:proc_sys_reset:5.0 - rst_mig_7series_0_100M
Adding cell -- xilinx.com:ip:proc_sys_reset:5.0 - rst_mig_7series_0_pxl
Adding cell -- xilinx.com:ip:v_axi4s_vid_out:4.0 - v_axi4s_vid_out_0
Adding cell -- xilinx.com:ip:v_tc:6.1 - v_tc_0
Adding cell -- xilinx.com:ip:v_tc:6.1 - v_tc_1
Adding cell -- xilinx.com:ip:v_vid_in_axi4s:4.0 - v_vid_in_axi4s_0
Adding cell -- xilinx.com:ip:xlconstant:1.1 - xlconstant_2
Adding cell -- xilinx.com:ip:axi_vdma:6.2 - axi_vdma_1
Adding cell -- xilinx.com:ip:axi_gpio:2.0 - axi_gpio_0
Adding cell -- xilinx.com:ip:ila:6.1 - ila_0
Adding cell -- xilinx.com:ip:ila:6.1 - ila_1
Adding cell -- user:user:led_detect:1.0 - led_detect_0
Adding cell -- xilinx.com:ip:axi_crossbar:2.1 - xbar
Adding cell -- xilinx.com:ip:axi_crossbar:2.1 - xbar
Adding cell -- xilinx.com:ip:axi_data_fifo:2.1 - m00_data_fifo
Adding cell -- xilinx.com:ip:axi_register_slice:2.1 - m00_regslice
Adding cell -- xilinx.com:ip:axi_dwidth_converter:2.1 - auto_ds
Adding cell -- xilinx.com:ip:axi_register_slice:2.1 - s05_regslice
Adding cell -- xilinx.com:ip:axi_dwidth_converter:2.1 - auto_us
Adding cell -- xilinx.com:ip:axi_register_slice:2.1 - auto_rs_w
Adding cell -- xilinx.com:ip:axi_register_slice:2.1 - s04_regslice
Adding cell -- xilinx.com:ip:axi_dwidth_converter:2.1 - auto_us
Adding cell -- xilinx.com:ip:axi_register_slice:2.1 - auto_rs_w
Adding cell -- xilinx.com:ip:axi_register_slice:2.1 - s03_regslice
Adding cell -- xilinx.com:ip:axi_register_slice:2.1 - s02_regslice
Adding cell -- xilinx.com:ip:axi_register_slice:2.1 - s01_regslice
Adding cell -- xilinx.com:ip:axi_dwidth_converter:2.1 - auto_us
Adding cell -- xilinx.com:ip:axi_register_slice:2.1 - auto_rs_w
Adding cell -- xilinx.com:ip:axi_register_slice:2.1 - s00_regslice
Adding cell -- xilinx.com:ip:axi_dwidth_converter:2.1 - auto_us
Adding cell -- xilinx.com:ip:axi_register_slice:2.1 - auto_rs_w
Adding cell -- xilinx.com:ip:lmb_bram_if_cntlr:4.0 - dlmb_bram_if_cntlr
Adding cell -- xilinx.com:ip:lmb_v10:3.0 - dlmb_v10
Adding cell -- xilinx.com:ip:lmb_bram_if_cntlr:4.0 - ilmb_bram_if_cntlr
Adding cell -- xilinx.com:ip:lmb_v10:3.0 - ilmb_v10
Adding cell -- xilinx.com:ip:blk_mem_gen:8.3 - lmb_bram
Successfully read diagram <hdmi> from BD file <W:/ece532/src/hdmi.srcs/sources_1/bd/hdmi/hdmi.bd>
open_bd_design: Time (s): cpu = 00:00:05 ; elapsed = 00:00:06 . Memory (MB): peak = 1204.379 ; gain = 10.699
ipx::edit_ip_in_project -upgrade true -name led_detect_v1_0_project -directory W:/ece532/src/hdmi.tmp/led_detect_v1_0_project w:/ece532/img_processing_ip/ip_repo/led_detect_1.0/component.xml
INFO: [IP_Flow 19-234] Refreshing IP repositories
INFO: [IP_Flow 19-1704] No user IP repositories specified
INFO: [IP_Flow 19-2313] Loaded Vivado IP repository 'C:/Xilinx/Vivado/2016.2/data/ip'.
INFO: [IP_Flow 19-234] Refreshing IP repositories
INFO: [IP_Flow 19-1700] Loaded user IP repository 'w:/ece532/img_processing_ip/ip_repo'.
INFO: [IP_Flow 19-1700] Loaded user IP repository 'w:/ece532/src/repo'.
INFO: [IP_Flow 19-795] Syncing license key meta-data
INFO: [IP_Flow 19-793] Syncing display name meta-data
INFO: [IP_Flow 19-798] Syncing taxonomy meta-data
update_compile_order -fileset sources_1
update_compile_order -fileset sim_1
current_project hdmi
file copy -force W:/ece532/src/hdmi.runs/impl_1/hdmi_wrapper.sysdef W:/ece532/src/hdmi.sdk/hdmi_wrapper.hdf

launch_sdk -workspace W:/ece532/src/hdmi.sdk -hwspec W:/ece532/src/hdmi.sdk/hdmi_wrapper.hdf
INFO: [Vivado 12-393] Launching SDK...
INFO: [Vivado 12-417] Running xsdk -workspace W:/ece532/src/hdmi.sdk -hwspec W:/ece532/src/hdmi.sdk/hdmi_wrapper.hdf
INFO: [Vivado 12-3157] SDK launch initiated. Please check console for any further messages.
current_project led_detect_v1_0_project
open_project W:/tb_5/tb_3.xpr
Scanning sources...
Finished scanning sources
INFO: [IP_Flow 19-234] Refreshing IP repositories
INFO: [IP_Flow 19-1700] Loaded user IP repository '//SRVC/Homes$/dezfoul2/Downloads/img_processing_ip'.
INFO: [IP_Flow 19-2313] Loaded Vivado IP repository 'C:/Xilinx/Vivado/2016.2/data/ip'.
CRITICAL WARNING: [IP_Flow 19-1663] Duplicate IP found for 'user:user:led_detect:1.0'. The one found in IP location '//SRVC/Homes$/dezfoul2/Downloads/img_processing_ip/img_processing_ip/ip_repo/led_detect_1.0' will take precedence over the same IP in location //SRVC/Homes$/dezfoul2/Downloads/img_processing_ip/ip_repo/led_detect_1.0
open_project: Time (s): cpu = 00:00:06 ; elapsed = 00:00:06 . Memory (MB): peak = 1312.688 ; gain = 8.246
update_compile_order -fileset sources_1
open_bd_design {W:/tb_5/tb_3.srcs/sources_1/bd/tb_3/tb_3.bd}
Adding cell -- user:user:led_detect:1.0 - led_detect_0
Successfully read diagram <tb_3> from BD file <W:/tb_5/tb_3.srcs/sources_1/bd/tb_3/tb_3.bd>
ipx::edit_ip_in_project -upgrade true -name led_detect_v1_0_project -directory W:/tb_5/tb_3.tmp/led_detect_v1_0_project {//SRVC/Homes$/dezfoul2/Downloads/img_processing_ip/img_processing_ip/ip_repo/led_detect_1.0/component.xml}
ERROR: [Ipptcl 7-561] A project named 'led_detect_v1_0_project' is already opened.
ERROR: [Common 17-39] 'ipx::edit_ip_in_project' failed due to earlier errors.
close_project
launch_runs synth_1
INFO: [HDL 9-2216] Analyzing Verilog file "w:/ece532/img_processing_ip/ip_repo/led_detect_1.0/hdl/led_detect_v1_0_S00_AXI.v" into library work [w:/ece532/img_processing_ip/ip_repo/led_detect_1.0/hdl/led_detect_v1_0_S00_AXI.v:1]
[Mon Mar 27 14:50:22 2017] Launched synth_1...
Run output will be captured here: w:/ece532/src/hdmi.tmp/led_detect_v1_0_project/led_detect_v1_0_project.runs/synth_1/runme.log
update_compile_order -fileset sources_1
update_compile_order -fileset sim_1
update_compile_order -fileset sources_1
update_compile_order -fileset sim_1
reset_run synth_1
launch_runs synth_1
INFO: [HDL 9-2216] Analyzing Verilog file "w:/ece532/img_processing_ip/ip_repo/led_detect_1.0/hdl/led_detect_v1_0.v" into library work [w:/ece532/img_processing_ip/ip_repo/led_detect_1.0/hdl/led_detect_v1_0.v:1]
[Mon Mar 27 14:58:51 2017] Launched synth_1...
Run output will be captured here: w:/ece532/src/hdmi.tmp/led_detect_v1_0_project/led_detect_v1_0_project.runs/synth_1/runme.log
ipx::merge_project_changes files [ipx::current_core]
ipx::merge_project_changes hdl_parameters [ipx::current_core]
set_property core_revision 10 [ipx::current_core]
ipx::create_xgui_files [ipx::current_core]
ipx::update_checksums [ipx::current_core]
ipx::save_core [ipx::current_core]
close_project -delete
update_ip_catalog -rebuild -repo_path w:/ece532/img_processing_ip/ip_repo
INFO: [IP_Flow 19-725] Reloaded user IP repository 'w:/ece532/img_processing_ip/ip_repo'
report_ip_status -name ip_status 
export_ip_user_files -of_objects [get_ips  hdmi_led_detect_0_1] -no_script -reset -quiet
upgrade_ip -vlnv user:user:led_detect:1.0 [get_ips  hdmi_led_detect_0_1] -log ip_upgrade.log
Upgrading 'W:/ece532/src/hdmi.srcs/sources_1/bd/hdmi/hdmi.bd'
INFO: [IP_Flow 19-3422] Upgraded hdmi_led_detect_0_1 (led_detect_v1.0 1.0) from revision 9 to revision 10
WARNING: [IP_Flow 19-4698] Upgrade has added port 'write_pointer'
WARNING: [IP_Flow 19-4698] Upgrade has added port 'y_coord'
WARNING: [IP_Flow 19-3298] Detected external port differences while upgrading 'IP hdmi_led_detect_0_1'. These changes may impact your design.
CRITICAL WARNING: [Coretcl 2-1279] The upgrade of 'IP hdmi_led_detect_0_1' has identified issues that may require user intervention. Please review the upgrade log 'w:/ece532/src/ip_upgrade.log', and verify that the upgraded IP is correctly configured.
Wrote  : <W:/ece532/src/hdmi.srcs/sources_1/bd/hdmi/hdmi.bd> 
INFO: [Coretcl 2-1525] Wrote upgrade log to 'W:/ece532/src/ip_upgrade.log'.
generate_target all [get_files  W:/ece532/src/hdmi.srcs/sources_1/bd/hdmi/hdmi.bd]
delete_bd_objs: Time (s): cpu = 00:00:02 ; elapsed = 00:00:05 . Memory (MB): peak = 1564.617 ; gain = 29.777
WARNING: [IP_Flow 19-3331] Invalid parameters found in dependency constraints of 'BUSIF_ENABLEMENT.AsyncRst' 
WARNING: [IP_Flow 19-3331] Invalid parameters found in dependency constraints of 'BUSIF_ENABLEMENT.SyncRst' 
WARNING: [BD 41-702] Propagation TCL tries to overwrite USER strength parameter C_M_AXI_S2MM_DATA_WIDTH(128) on '/axi_vdma_0' with propagated value(32). Command ignored
WARNING: [BD 41-702] Propagation TCL tries to overwrite USER strength parameter C_M_AXI_S2MM_DATA_WIDTH(128) on '/axi_vdma_1' with propagated value(32). Command ignored
INFO: [Device 21-403] Loading part xc7a200tsbg484-1
WARNING: [BD 41-702] Propagation TCL tries to overwrite USER strength parameter C_M_AXI_S2MM_DATA_WIDTH(128) on '/axi_vdma_0' with propagated value(32). Command ignored
WARNING: [BD 41-702] Propagation TCL tries to overwrite USER strength parameter C_M_AXI_S2MM_DATA_WIDTH(128) on '/axi_vdma_1' with propagated value(32). Command ignored
WARNING: [BD 41-702] Propagation TCL tries to overwrite USER strength parameter C_M_AXI_S2MM_DATA_WIDTH(128) on '/axi_vdma_0' with propagated value(32). Command ignored
WARNING: [BD 41-702] Propagation TCL tries to overwrite USER strength parameter C_M_AXI_S2MM_DATA_WIDTH(128) on '/axi_vdma_1' with propagated value(32). Command ignored
WARNING: [BD 41-702] Propagation TCL tries to overwrite USER strength parameter C_M_AXI_S2MM_DATA_WIDTH(128) on '/axi_vdma_0' with propagated value(32). Command ignored
WARNING: [BD 41-702] Propagation TCL tries to overwrite USER strength parameter C_M_AXI_S2MM_DATA_WIDTH(128) on '/axi_vdma_1' with propagated value(32). Command ignored
WARNING: [BD 41-702] Propagation TCL tries to overwrite USER strength parameter C_M_AXI_S2MM_DATA_WIDTH(128) on '/axi_vdma_0' with propagated value(32). Command ignored
WARNING: [BD 41-702] Propagation TCL tries to overwrite USER strength parameter C_M_AXI_S2MM_DATA_WIDTH(128) on '/axi_vdma_1' with propagated value(32). Command ignored
WARNING: [BD 41-702] Propagation TCL tries to overwrite USER strength parameter C_M_AXI_S2MM_DATA_WIDTH(128) on '/axi_vdma_0' with propagated value(32). Command ignored
WARNING: [BD 41-702] Propagation TCL tries to overwrite USER strength parameter C_M_AXI_S2MM_DATA_WIDTH(128) on '/axi_vdma_1' with propagated value(32). Command ignored
WARNING: [BD 41-702] Propagation TCL tries to overwrite USER strength parameter C_M_AXI_S2MM_DATA_WIDTH(128) on '/axi_vdma_0' with propagated value(32). Command ignored
WARNING: [BD 41-702] Propagation TCL tries to overwrite USER strength parameter C_M_AXI_S2MM_DATA_WIDTH(128) on '/axi_vdma_1' with propagated value(32). Command ignored
WARNING: [BD 41-702] Propagation TCL tries to overwrite USER strength parameter C_M_AXI_S2MM_DATA_WIDTH(128) on '/axi_vdma_0' with propagated value(32). Command ignored
WARNING: [BD 41-702] Propagation TCL tries to overwrite USER strength parameter C_M_AXI_S2MM_DATA_WIDTH(128) on '/axi_vdma_1' with propagated value(32). Command ignored
WARNING: [BD 41-702] Propagation TCL tries to overwrite USER strength parameter C_M_AXI_S2MM_DATA_WIDTH(128) on '/axi_vdma_0' with propagated value(32). Command ignored
WARNING: [BD 41-702] Propagation TCL tries to overwrite USER strength parameter C_M_AXI_S2MM_DATA_WIDTH(128) on '/axi_vdma_1' with propagated value(32). Command ignored
WARNING: [BD 41-702] Propagation TCL tries to overwrite USER strength parameter C_M_AXI_S2MM_DATA_WIDTH(128) on '/axi_vdma_0' with propagated value(32). Command ignored
WARNING: [BD 41-702] Propagation TCL tries to overwrite USER strength parameter C_M_AXI_S2MM_DATA_WIDTH(128) on '/axi_vdma_1' with propagated value(32). Command ignored
WARNING: [BD 41-702] Propagation TCL tries to overwrite USER strength parameter C_M_AXI_S2MM_DATA_WIDTH(128) on '/axi_vdma_0' with propagated value(32). Command ignored
WARNING: [BD 41-702] Propagation TCL tries to overwrite USER strength parameter C_M_AXI_S2MM_DATA_WIDTH(128) on '/axi_vdma_1' with propagated value(32). Command ignored
WARNING: [BD 41-702] Propagation TCL tries to overwrite USER strength parameter C_M_AXI_S2MM_DATA_WIDTH(128) on '/axi_vdma_0' with propagated value(32). Command ignored
WARNING: [BD 41-702] Propagation TCL tries to overwrite USER strength parameter C_M_AXI_S2MM_DATA_WIDTH(128) on '/axi_vdma_1' with propagated value(32). Command ignored
WARNING: [BD 41-702] Propagation TCL tries to overwrite USER strength parameter C_M_AXI_S2MM_DATA_WIDTH(128) on '/axi_vdma_0' with propagated value(32). Command ignored
WARNING: [BD 41-702] Propagation TCL tries to overwrite USER strength parameter C_M_AXI_S2MM_DATA_WIDTH(128) on '/axi_vdma_1' with propagated value(32). Command ignored
WARNING: [BD 41-702] Propagation TCL tries to overwrite USER strength parameter C_M_AXI_S2MM_DATA_WIDTH(128) on '/axi_vdma_0' with propagated value(32). Command ignored
WARNING: [BD 41-702] Propagation TCL tries to overwrite USER strength parameter C_M_AXI_S2MM_DATA_WIDTH(128) on '/axi_vdma_1' with propagated value(32). Command ignored
WARNING: [BD 41-702] Propagation TCL tries to overwrite USER strength parameter C_M_AXI_S2MM_DATA_WIDTH(128) on '/axi_vdma_0' with propagated value(32). Command ignored
WARNING: [BD 41-702] Propagation TCL tries to overwrite USER strength parameter C_M_AXI_S2MM_DATA_WIDTH(128) on '/axi_vdma_1' with propagated value(32). Command ignored
WARNING: [BD 41-702] Propagation TCL tries to overwrite USER strength parameter C_M_AXI_S2MM_DATA_WIDTH(128) on '/axi_vdma_0' with propagated value(32). Command ignored
WARNING: [BD 41-702] Propagation TCL tries to overwrite USER strength parameter C_M_AXI_S2MM_DATA_WIDTH(128) on '/axi_vdma_1' with propagated value(32). Command ignored
INFO: [xilinx.com:ip:axi_vdma:6.2-15] /axi_vdma_0 
                    All clocks connected to AXI VDMA are not identical, therefore configuring AXI-VDMA in ASYNC mode.
WARNING: [xilinx.com:ip:axi_vdma:6.2-155] /axi_vdma_0 
                    To get the better performance, ensure AXI Memory Map clock frequency is greater than equal to AXI Streaming clock frequency.
INFO: [xilinx.com:ip:microblaze:9.6-16] /microblaze_0: Setting D-cache cacheable area base address C_DCACHE_BASEADDR to 0x80000000 and high address C_DCACHE_HIGHADDR to 0x9FFFFFFF.
INFO: [xilinx.com:ip:microblaze:9.6-16] /microblaze_0: Setting I-cache cacheable area base address C_ICACHE_BASEADDR to 0x80000000 and high address C_ICACHE_HIGHADDR to 0x9FFFFFFF.
INFO: [xilinx.com:ip:axi_intc:4.1-1] /microblaze_0_axi_intc: The AXI INTC core has been configured to operate with synchronous clocks.
VHDL Output written to : W:/ece532/src/hdmi.srcs/sources_1/bd/hdmi/hdl/hdmi.vhd
VHDL Output written to : W:/ece532/src/hdmi.srcs/sources_1/bd/hdmi/hdl/hdmi_wrapper.vhd
Wrote  : <W:/ece532/src/hdmi.srcs/sources_1/bd/hdmi/hdmi.bd> 
INFO: [BD 41-1029] Generation completed for the IP Integrator block axi_dynclk_0 .
INFO: [BD 41-1029] Generation completed for the IP Integrator block axi_gpio_video .
INFO: [BD 41-1029] Generation completed for the IP Integrator block axi_timer_0 .
INFO: [BD 41-1029] Generation completed for the IP Integrator block axi_uartlite_0 .
INFO: [BD 41-1029] Generation completed for the IP Integrator block axi_vdma_0 .
INFO: [BD 41-1029] Generation completed for the IP Integrator block dvi2rgb_0 .
INFO: [BD 41-1029] Generation completed for the IP Integrator block mdm_1 .
INFO: [BD 41-1029] Generation completed for the IP Integrator block microblaze_0 .
INFO: [BD 41-1029] Generation completed for the IP Integrator block microblaze_0_axi_intc .
INFO: [BD 41-1029] Generation completed for the IP Integrator block microblaze_0_local_memory/dlmb_bram_if_cntlr .
INFO: [BD 41-1029] Generation completed for the IP Integrator block microblaze_0_local_memory/dlmb_v10 .
INFO: [BD 41-1029] Generation completed for the IP Integrator block microblaze_0_local_memory/ilmb_bram_if_cntlr .
INFO: [BD 41-1029] Generation completed for the IP Integrator block microblaze_0_local_memory/ilmb_v10 .
INFO: [BD 41-1029] Generation completed for the IP Integrator block microblaze_0_local_memory/lmb_bram .
INFO: [BD 41-1029] Generation completed for the IP Integrator block microblaze_0_xlconcat .
INFO: [BD 41-1029] Generation completed for the IP Integrator block mig_7series_0 .
INFO: [BD 41-1029] Generation completed for the IP Integrator block rgb2dvi_0 .
INFO: [BD 41-1029] Generation completed for the IP Integrator block rst_mig_7series_0_100M .
INFO: [BD 41-1029] Generation completed for the IP Integrator block rst_mig_7series_0_pxl .
INFO: [BD 41-1029] Generation completed for the IP Integrator block v_axi4s_vid_out_0 .
INFO: [BD 41-1029] Generation completed for the IP Integrator block v_tc_0 .
INFO: [BD 41-1029] Generation completed for the IP Integrator block v_tc_1 .
INFO: [BD 41-1029] Generation completed for the IP Integrator block v_vid_in_axi4s_0 .
INFO: [BD 41-1029] Generation completed for the IP Integrator block xlconstant_0 .
INFO: [BD 41-1029] Generation completed for the IP Integrator block axi_mem_intercon/xbar .
INFO: [BD 41-1029] Generation completed for the IP Integrator block microblaze_0_axi_periph/xbar .
INFO: [BD 41-1029] Generation completed for the IP Integrator block xlconstant_2 .
INFO: [BD 41-1029] Generation completed for the IP Integrator block axi_vdma_1 .
INFO: [BD 41-1029] Generation completed for the IP Integrator block axi_gpio_0 .
INFO: [BD 41-1029] Generation completed for the IP Integrator block ila_0 .
INFO: [BD 41-1029] Generation completed for the IP Integrator block ila_1 .
INFO: [BD 41-1029] Generation completed for the IP Integrator block led_detect_0 .
INFO: [BD 41-1029] Generation completed for the IP Integrator block axi_mem_intercon/s00_couplers/s00_regslice .
INFO: [BD 41-1029] Generation completed for the IP Integrator block axi_mem_intercon/s01_couplers/s01_regslice .
INFO: [BD 41-1029] Generation completed for the IP Integrator block axi_mem_intercon/s02_couplers/s02_regslice .
INFO: [BD 41-1029] Generation completed for the IP Integrator block axi_mem_intercon/s03_couplers/s03_regslice .
INFO: [BD 41-1029] Generation completed for the IP Integrator block axi_mem_intercon/s04_couplers/s04_regslice .
INFO: [BD 41-1029] Generation completed for the IP Integrator block axi_mem_intercon/s05_couplers/s05_regslice .
INFO: [BD 41-1029] Generation completed for the IP Integrator block axi_mem_intercon/m00_couplers/m00_data_fifo .
INFO: [BD 41-1029] Generation completed for the IP Integrator block axi_mem_intercon/m00_couplers/m00_regslice .
INFO: [BD 41-1029] Generation completed for the IP Integrator block axi_mem_intercon/m00_couplers/auto_ds .
INFO: [BD 41-1029] Generation completed for the IP Integrator block axi_mem_intercon/s00_couplers/auto_us .
INFO: [BD 41-1029] Generation completed for the IP Integrator block axi_mem_intercon/s00_couplers/auto_rs_w .
INFO: [BD 41-1029] Generation completed for the IP Integrator block axi_mem_intercon/s01_couplers/auto_us .
INFO: [BD 41-1029] Generation completed for the IP Integrator block axi_mem_intercon/s01_couplers/auto_rs_w .
INFO: [BD 41-1029] Generation completed for the IP Integrator block axi_mem_intercon/s04_couplers/auto_us .
INFO: [BD 41-1029] Generation completed for the IP Integrator block axi_mem_intercon/s04_couplers/auto_rs_w .
INFO: [BD 41-1029] Generation completed for the IP Integrator block axi_mem_intercon/s05_couplers/auto_us .
INFO: [BD 41-1029] Generation completed for the IP Integrator block axi_mem_intercon/s05_couplers/auto_rs_w .
Exporting to file W:/ece532/src/hdmi.srcs/sources_1/bd/hdmi/hw_handoff/hdmi.hwh
WARNING: [IP_Flow 19-3331] Invalid parameters found in dependency constraints of 'BUSIF_ENABLEMENT.AsyncRst' 
WARNING: [IP_Flow 19-3331] Invalid parameters found in dependency constraints of 'BUSIF_ENABLEMENT.SyncRst' 
Generated Block Design Tcl file W:/ece532/src/hdmi.srcs/sources_1/bd/hdmi/hw_handoff/hdmi_bd.tcl
Generated Hardware Definition File W:/ece532/src/hdmi.srcs/sources_1/bd/hdmi/hdl/hdmi.hwdef
generate_target: Time (s): cpu = 00:00:32 ; elapsed = 00:01:54 . Memory (MB): peak = 1924.980 ; gain = 390.141
export_ip_user_files -of_objects [get_files W:/ece532/src/hdmi.srcs/sources_1/bd/hdmi/hdmi.bd] -no_script -force -quiet
export_simulation -of_objects [get_files W:/ece532/src/hdmi.srcs/sources_1/bd/hdmi/hdmi.bd] -directory W:/ece532/src/hdmi.ip_user_files/sim_scripts -ip_user_files_dir W:/ece532/src/hdmi.ip_user_files -ipstatic_source_dir W:/ece532/src/hdmi.ip_user_files/ipstatic -force -quiet
report_ip_status -name ip_status 
copy_bd_objs /  [get_bd_cells {ila_1}]
set_property location {8 2721 90} [get_bd_cells ila_2]
WARNING: [IP_Flow 19-4067] Ignoring invalid widget type specified checkbox.Providing a default widget
WARNING: [IP_Flow 19-4331] Invalid usage of property - Setting value property on PARAM_VALUE.ALL_PROBE_SAME_MU is not allowed in procedure update_gui_for_PARAM_VALUE.C_ADV_TRIGGER
startgroup
set_property -dict [list CONFIG.C_MONITOR_TYPE {Native} CONFIG.C_NUM_OF_PROBES {1} CONFIG.C_ENABLE_ILA_AXI_MON {false}] [get_bd_cells ila_2]
endgroup
WARNING: [IP_Flow 19-4067] Ignoring invalid widget type specified checkbox.Providing a default widget
WARNING: [IP_Flow 19-4331] Invalid usage of property - Setting value property on PARAM_VALUE.ALL_PROBE_SAME_MU is not allowed in procedure update_gui_for_PARAM_VALUE.C_ADV_TRIGGER
connect_bd_net [get_bd_pins led_detect_0/write_pointer] [get_bd_pins ila_2/probe0]
startgroup
connect_bd_net [get_bd_pins ila_2/clk] [get_bd_pins mig_7series_0/ui_clk]
endgroup
WARNING: [IP_Flow 19-4067] Ignoring invalid widget type specified checkbox.Providing a default widget
WARNING: [IP_Flow 19-4331] Invalid usage of property - Setting value property on PARAM_VALUE.ALL_PROBE_SAME_MU is not allowed in procedure update_gui_for_PARAM_VALUE.C_ADV_TRIGGER
startgroup
set_property -dict [list CONFIG.C_PROBE1_WIDTH {16} CONFIG.C_PROBE0_WIDTH {11} CONFIG.C_NUM_OF_PROBES {2} CONFIG.C_TRIGIN_EN {false}] [get_bd_cells ila_2]
endgroup
connect_bd_net [get_bd_pins led_detect_0/y_coord] [get_bd_pins ila_2/probe1]
save_bd_design
Wrote  : <W:/ece532/src/hdmi.srcs/sources_1/bd/hdmi/hdmi.bd> 
reset_run synth_1
launch_runs impl_1 -to_step write_bitstream -jobs 4
delete_bd_objs: Time (s): cpu = 00:00:00 ; elapsed = 00:00:05 . Memory (MB): peak = 2010.441 ; gain = 0.000
WARNING: [BD 41-702] Propagation TCL tries to overwrite USER strength parameter C_M_AXI_S2MM_DATA_WIDTH(128) on '/axi_vdma_0' with propagated value(32). Command ignored
WARNING: [BD 41-702] Propagation TCL tries to overwrite USER strength parameter C_M_AXI_S2MM_DATA_WIDTH(128) on '/axi_vdma_1' with propagated value(32). Command ignored
WARNING: [BD 41-702] Propagation TCL tries to overwrite USER strength parameter C_M_AXI_S2MM_DATA_WIDTH(128) on '/axi_vdma_0' with propagated value(32). Command ignored
WARNING: [BD 41-702] Propagation TCL tries to overwrite USER strength parameter C_M_AXI_S2MM_DATA_WIDTH(128) on '/axi_vdma_1' with propagated value(32). Command ignored
WARNING: [BD 41-702] Propagation TCL tries to overwrite USER strength parameter C_M_AXI_S2MM_DATA_WIDTH(128) on '/axi_vdma_0' with propagated value(32). Command ignored
WARNING: [BD 41-702] Propagation TCL tries to overwrite USER strength parameter C_M_AXI_S2MM_DATA_WIDTH(128) on '/axi_vdma_1' with propagated value(32). Command ignored
WARNING: [BD 41-702] Propagation TCL tries to overwrite USER strength parameter C_M_AXI_S2MM_DATA_WIDTH(128) on '/axi_vdma_0' with propagated value(32). Command ignored
WARNING: [BD 41-702] Propagation TCL tries to overwrite USER strength parameter C_M_AXI_S2MM_DATA_WIDTH(128) on '/axi_vdma_1' with propagated value(32). Command ignored
WARNING: [BD 41-702] Propagation TCL tries to overwrite USER strength parameter C_M_AXI_S2MM_DATA_WIDTH(128) on '/axi_vdma_0' with propagated value(32). Command ignored
WARNING: [BD 41-702] Propagation TCL tries to overwrite USER strength parameter C_M_AXI_S2MM_DATA_WIDTH(128) on '/axi_vdma_1' with propagated value(32). Command ignored
WARNING: [BD 41-702] Propagation TCL tries to overwrite USER strength parameter C_M_AXI_S2MM_DATA_WIDTH(128) on '/axi_vdma_0' with propagated value(32). Command ignored
WARNING: [BD 41-702] Propagation TCL tries to overwrite USER strength parameter C_M_AXI_S2MM_DATA_WIDTH(128) on '/axi_vdma_1' with propagated value(32). Command ignored
WARNING: [BD 41-702] Propagation TCL tries to overwrite USER strength parameter C_M_AXI_S2MM_DATA_WIDTH(128) on '/axi_vdma_0' with propagated value(32). Command ignored
WARNING: [BD 41-702] Propagation TCL tries to overwrite USER strength parameter C_M_AXI_S2MM_DATA_WIDTH(128) on '/axi_vdma_1' with propagated value(32). Command ignored
WARNING: [BD 41-702] Propagation TCL tries to overwrite USER strength parameter C_M_AXI_S2MM_DATA_WIDTH(128) on '/axi_vdma_0' with propagated value(32). Command ignored
WARNING: [BD 41-702] Propagation TCL tries to overwrite USER strength parameter C_M_AXI_S2MM_DATA_WIDTH(128) on '/axi_vdma_1' with propagated value(32). Command ignored
WARNING: [BD 41-702] Propagation TCL tries to overwrite USER strength parameter C_M_AXI_S2MM_DATA_WIDTH(128) on '/axi_vdma_0' with propagated value(32). Command ignored
WARNING: [BD 41-702] Propagation TCL tries to overwrite USER strength parameter C_M_AXI_S2MM_DATA_WIDTH(128) on '/axi_vdma_1' with propagated value(32). Command ignored
WARNING: [BD 41-702] Propagation TCL tries to overwrite USER strength parameter C_M_AXI_S2MM_DATA_WIDTH(128) on '/axi_vdma_0' with propagated value(32). Command ignored
WARNING: [BD 41-702] Propagation TCL tries to overwrite USER strength parameter C_M_AXI_S2MM_DATA_WIDTH(128) on '/axi_vdma_1' with propagated value(32). Command ignored
WARNING: [BD 41-702] Propagation TCL tries to overwrite USER strength parameter C_M_AXI_S2MM_DATA_WIDTH(128) on '/axi_vdma_0' with propagated value(32). Command ignored
WARNING: [BD 41-702] Propagation TCL tries to overwrite USER strength parameter C_M_AXI_S2MM_DATA_WIDTH(128) on '/axi_vdma_1' with propagated value(32). Command ignored
WARNING: [BD 41-702] Propagation TCL tries to overwrite USER strength parameter C_M_AXI_S2MM_DATA_WIDTH(128) on '/axi_vdma_0' with propagated value(32). Command ignored
WARNING: [BD 41-702] Propagation TCL tries to overwrite USER strength parameter C_M_AXI_S2MM_DATA_WIDTH(128) on '/axi_vdma_1' with propagated value(32). Command ignored
WARNING: [BD 41-702] Propagation TCL tries to overwrite USER strength parameter C_M_AXI_S2MM_DATA_WIDTH(128) on '/axi_vdma_0' with propagated value(32). Command ignored
WARNING: [BD 41-702] Propagation TCL tries to overwrite USER strength parameter C_M_AXI_S2MM_DATA_WIDTH(128) on '/axi_vdma_1' with propagated value(32). Command ignored
WARNING: [BD 41-702] Propagation TCL tries to overwrite USER strength parameter C_M_AXI_S2MM_DATA_WIDTH(128) on '/axi_vdma_0' with propagated value(32). Command ignored
WARNING: [BD 41-702] Propagation TCL tries to overwrite USER strength parameter C_M_AXI_S2MM_DATA_WIDTH(128) on '/axi_vdma_1' with propagated value(32). Command ignored
WARNING: [BD 41-702] Propagation TCL tries to overwrite USER strength parameter C_M_AXI_S2MM_DATA_WIDTH(128) on '/axi_vdma_0' with propagated value(32). Command ignored
WARNING: [BD 41-702] Propagation TCL tries to overwrite USER strength parameter C_M_AXI_S2MM_DATA_WIDTH(128) on '/axi_vdma_1' with propagated value(32). Command ignored
WARNING: [BD 41-702] Propagation TCL tries to overwrite USER strength parameter C_M_AXI_S2MM_DATA_WIDTH(128) on '/axi_vdma_0' with propagated value(32). Command ignored
WARNING: [BD 41-702] Propagation TCL tries to overwrite USER strength parameter C_M_AXI_S2MM_DATA_WIDTH(128) on '/axi_vdma_1' with propagated value(32). Command ignored
INFO: [xilinx.com:ip:axi_vdma:6.2-15] /axi_vdma_0 
                    All clocks connected to AXI VDMA are not identical, therefore configuring AXI-VDMA in ASYNC mode.
WARNING: [xilinx.com:ip:axi_vdma:6.2-155] /axi_vdma_0 
                    To get the better performance, ensure AXI Memory Map clock frequency is greater than equal to AXI Streaming clock frequency.
INFO: [xilinx.com:ip:microblaze:9.6-16] /microblaze_0: Setting D-cache cacheable area base address C_DCACHE_BASEADDR to 0x80000000 and high address C_DCACHE_HIGHADDR to 0x9FFFFFFF.
INFO: [xilinx.com:ip:microblaze:9.6-16] /microblaze_0: Setting I-cache cacheable area base address C_ICACHE_BASEADDR to 0x80000000 and high address C_ICACHE_HIGHADDR to 0x9FFFFFFF.
INFO: [xilinx.com:ip:axi_intc:4.1-1] /microblaze_0_axi_intc: The AXI INTC core has been configured to operate with synchronous clocks.
VHDL Output written to : W:/ece532/src/hdmi.srcs/sources_1/bd/hdmi/hdl/hdmi.vhd
VHDL Output written to : W:/ece532/src/hdmi.srcs/sources_1/bd/hdmi/hdl/hdmi_wrapper.vhd
Wrote  : <W:/ece532/src/hdmi.srcs/sources_1/bd/hdmi/hdmi.bd> 
INFO: [BD 41-1029] Generation completed for the IP Integrator block axi_dynclk_0 .
INFO: [BD 41-1029] Generation completed for the IP Integrator block axi_gpio_video .
INFO: [BD 41-1029] Generation completed for the IP Integrator block axi_timer_0 .
INFO: [BD 41-1029] Generation completed for the IP Integrator block axi_uartlite_0 .
INFO: [BD 41-1029] Generation completed for the IP Integrator block axi_vdma_0 .
INFO: [BD 41-1029] Generation completed for the IP Integrator block dvi2rgb_0 .
INFO: [BD 41-1029] Generation completed for the IP Integrator block mdm_1 .
INFO: [BD 41-1029] Generation completed for the IP Integrator block microblaze_0 .
INFO: [BD 41-1029] Generation completed for the IP Integrator block microblaze_0_axi_intc .
INFO: [BD 41-1029] Generation completed for the IP Integrator block microblaze_0_local_memory/dlmb_bram_if_cntlr .
INFO: [BD 41-1029] Generation completed for the IP Integrator block microblaze_0_local_memory/dlmb_v10 .
INFO: [BD 41-1029] Generation completed for the IP Integrator block microblaze_0_local_memory/ilmb_bram_if_cntlr .
INFO: [BD 41-1029] Generation completed for the IP Integrator block microblaze_0_local_memory/ilmb_v10 .
INFO: [BD 41-1029] Generation completed for the IP Integrator block microblaze_0_local_memory/lmb_bram .
INFO: [BD 41-1029] Generation completed for the IP Integrator block microblaze_0_xlconcat .
INFO: [BD 41-1029] Generation completed for the IP Integrator block mig_7series_0 .
INFO: [BD 41-1029] Generation completed for the IP Integrator block rgb2dvi_0 .
INFO: [BD 41-1029] Generation completed for the IP Integrator block rst_mig_7series_0_100M .
INFO: [BD 41-1029] Generation completed for the IP Integrator block rst_mig_7series_0_pxl .
INFO: [BD 41-1029] Generation completed for the IP Integrator block v_axi4s_vid_out_0 .
INFO: [BD 41-1029] Generation completed for the IP Integrator block v_tc_0 .
INFO: [BD 41-1029] Generation completed for the IP Integrator block v_tc_1 .
INFO: [BD 41-1029] Generation completed for the IP Integrator block v_vid_in_axi4s_0 .
INFO: [BD 41-1029] Generation completed for the IP Integrator block xlconstant_0 .
INFO: [BD 41-1029] Generation completed for the IP Integrator block axi_mem_intercon/xbar .
INFO: [BD 41-1029] Generation completed for the IP Integrator block microblaze_0_axi_periph/xbar .
INFO: [BD 41-1029] Generation completed for the IP Integrator block xlconstant_2 .
INFO: [BD 41-1029] Generation completed for the IP Integrator block axi_vdma_1 .
INFO: [BD 41-1029] Generation completed for the IP Integrator block axi_gpio_0 .
INFO: [BD 41-1029] Generation completed for the IP Integrator block ila_0 .
INFO: [BD 41-1029] Generation completed for the IP Integrator block ila_1 .
INFO: [BD 41-1029] Generation completed for the IP Integrator block led_detect_0 .
INFO: [BD 41-1029] Generation completed for the IP Integrator block ila_2 .
INFO: [BD 41-1029] Generation completed for the IP Integrator block axi_mem_intercon/s00_couplers/s00_regslice .
INFO: [BD 41-1029] Generation completed for the IP Integrator block axi_mem_intercon/s01_couplers/s01_regslice .
INFO: [BD 41-1029] Generation completed for the IP Integrator block axi_mem_intercon/s02_couplers/s02_regslice .
INFO: [BD 41-1029] Generation completed for the IP Integrator block axi_mem_intercon/s03_couplers/s03_regslice .
INFO: [BD 41-1029] Generation completed for the IP Integrator block axi_mem_intercon/s04_couplers/s04_regslice .
INFO: [BD 41-1029] Generation completed for the IP Integrator block axi_mem_intercon/s05_couplers/s05_regslice .
INFO: [BD 41-1029] Generation completed for the IP Integrator block axi_mem_intercon/m00_couplers/m00_data_fifo .
INFO: [BD 41-1029] Generation completed for the IP Integrator block axi_mem_intercon/m00_couplers/m00_regslice .
INFO: [BD 41-1029] Generation completed for the IP Integrator block axi_mem_intercon/m00_couplers/auto_ds .
INFO: [BD 41-1029] Generation completed for the IP Integrator block axi_mem_intercon/s00_couplers/auto_us .
INFO: [BD 41-1029] Generation completed for the IP Integrator block axi_mem_intercon/s00_couplers/auto_rs_w .
INFO: [BD 41-1029] Generation completed for the IP Integrator block axi_mem_intercon/s01_couplers/auto_us .
INFO: [BD 41-1029] Generation completed for the IP Integrator block axi_mem_intercon/s01_couplers/auto_rs_w .
INFO: [BD 41-1029] Generation completed for the IP Integrator block axi_mem_intercon/s04_couplers/auto_us .
INFO: [BD 41-1029] Generation completed for the IP Integrator block axi_mem_intercon/s04_couplers/auto_rs_w .
INFO: [BD 41-1029] Generation completed for the IP Integrator block axi_mem_intercon/s05_couplers/auto_us .
INFO: [BD 41-1029] Generation completed for the IP Integrator block axi_mem_intercon/s05_couplers/auto_rs_w .
Exporting to file W:/ece532/src/hdmi.srcs/sources_1/bd/hdmi/hw_handoff/hdmi.hwh
WARNING: [IP_Flow 19-3331] Invalid parameters found in dependency constraints of 'BUSIF_ENABLEMENT.AsyncRst' 
WARNING: [IP_Flow 19-3331] Invalid parameters found in dependency constraints of 'BUSIF_ENABLEMENT.SyncRst' 
Generated Block Design Tcl file W:/ece532/src/hdmi.srcs/sources_1/bd/hdmi/hw_handoff/hdmi_bd.tcl
Generated Hardware Definition File W:/ece532/src/hdmi.srcs/sources_1/bd/hdmi/hdl/hdmi.hwdef
[Mon Mar 27 15:12:02 2017] Launched synth_1...
Run output will be captured here: W:/ece532/src/hdmi.runs/synth_1/runme.log
[Mon Mar 27 15:12:02 2017] Launched impl_1...
Run output will be captured here: W:/ece532/src/hdmi.runs/impl_1/runme.log
launch_runs: Time (s): cpu = 00:00:26 ; elapsed = 00:01:48 . Memory (MB): peak = 2012.402 ; gain = 1.961
open_hw
connect_hw_server
INFO: [Labtools 27-2285] Connecting to hw_server url TCP:localhost:3121
open_hw_target
INFO: [Labtoolstcl 44-466] Opening hw_target localhost:3121/xilinx_tcf/Digilent/210276690173B
set_property PROGRAM.FILE {W:/ece532/src/hdmi.runs/impl_1/hdmi_wrapper.bit} [lindex [get_hw_devices] 0]
set_property PROBES.FILE {W:/ece532/src/hdmi.runs/impl_1/debug_nets.ltx} [lindex [get_hw_devices] 0]
current_hw_device [lindex [get_hw_devices] 0]
refresh_hw_device [lindex [get_hw_devices] 0]
INFO: [Labtools 27-2302] Device xc7a200t (JTAG device index = 0) is programmed with a design that has 2 ILA core(s).
WARNING: [Labtools 27-1974] Mismatch between the design programmed into the device xc7a200t_0 and the probes file W:/ece532/src/hdmi.runs/impl_1/debug_nets.ltx.
The device design has 2 ILA core(s) and 0 VIO core(s). The probes file has 3 ILA core(s) and 0 VIO core(s).
Resolution: 
1. Reprogram device with the correct programming file and associated probes file OR
2. Goto device properties and associate the correct probes file with the programming file already programmed in the device.
open_bd_design {W:/ece532/src/hdmi.srcs/sources_1/bd/hdmi/hdmi.bd}
set_property PROBES.FILE {W:/ece532/src/hdmi.runs/impl_1/debug_nets.ltx} [lindex [get_hw_devices] 0]
set_property PROGRAM.FILE {W:/ece532/src/hdmi.runs/impl_1/hdmi_wrapper.bit} [lindex [get_hw_devices] 0]
program_hw_devices [lindex [get_hw_devices] 0]
INFO: [Labtools 27-3164] End of startup status: HIGH
program_hw_devices: Time (s): cpu = 00:00:06 ; elapsed = 00:00:06 . Memory (MB): peak = 2139.094 ; gain = 0.000
refresh_hw_device [lindex [get_hw_devices] 0]
INFO: [Labtools 27-2302] Device xc7a200t (JTAG device index = 0) is programmed with a design that has 3 ILA core(s).
display_hw_ila_data [ get_hw_ila_data hw_ila_data_1 -of_objects [get_hw_ilas -of_objects [get_hw_devices xc7a200t_0] -filter {CELL_NAME=~"hdmi_i/ila_0"}]]
display_hw_ila_data [ get_hw_ila_data hw_ila_data_2 -of_objects [get_hw_ilas -of_objects [get_hw_devices xc7a200t_0] -filter {CELL_NAME=~"hdmi_i/ila_1"}]]
WARNING: Simulation object hdmi_i/n_0_183 was not found in the design.
WARNING: Simulation object hdmi_i/n_0_182 was not found in the design.
WARNING: Simulation object hdmi_i/n_0_181 was not found in the design.
WARNING: Simulation object hdmi_i/n_0_187 was not found in the design.
WARNING: Simulation object hdmi_i/n_0_225 was not found in the design.
WARNING: Simulation object hdmi_i/n_0_224 was not found in the design.
WARNING: Simulation object hdmi_i/n_0_223 was not found in the design.
WARNING: Simulation object hdmi_i/n_0_228 was not found in the design.
WARNING: Simulation object hdmi_i/n_0_231 was not found in the design.
display_hw_ila_data [ get_hw_ila_data hw_ila_data_3 -of_objects [get_hw_ilas -of_objects [get_hw_devices xc7a200t_0] -filter {CELL_NAME=~"hdmi_i/ila_2"}]]
WARNING: Simulation object hdmi_i/axi_vdma_1_M_AXI_S2MM_WREADY was not found in the design.
WARNING: Simulation object hdmi_i/axi_vdma_1_M_AXI_S2MM_AWADDR was not found in the design.
WARNING: Simulation object hdmi_i/axi_vdma_1_M_AXI_S2MM_BRESP was not found in the design.
WARNING: Simulation object hdmi_i/axi_vdma_1_M_AXI_S2MM_BVALID was not found in the design.
WARNING: Simulation object hdmi_i/axi_vdma_1_M_AXI_S2MM_BREADY was not found in the design.
WARNING: Simulation object hdmi_i/n_0_219 was not found in the design.
WARNING: Simulation object hdmi_i/n_0_218 was not found in the design.
WARNING: Simulation object hdmi_i/n_0_217 was not found in the design.
WARNING: Simulation object hdmi_i/n_0_216 was not found in the design.
WARNING: Simulation object hdmi_i/n_0_215 was not found in the design.
WARNING: Simulation object hdmi_i/n_0_214 was not found in the design.
WARNING: Simulation object hdmi_i/n_0_213 was not found in the design.
WARNING: Simulation object hdmi_i/n_0_212 was not found in the design.
WARNING: Simulation object hdmi_i/n_0_211 was not found in the design.
WARNING: Simulation object hdmi_i/n_0_210 was not found in the design.
WARNING: Simulation object hdmi_i/n_0_209 was not found in the design.
WARNING: Simulation object hdmi_i/n_0_208 was not found in the design.
WARNING: Simulation object hdmi_i/n_0_207 was not found in the design.
WARNING: Simulation object hdmi_i/n_0_206 was not found in the design.
WARNING: Simulation object hdmi_i/n_0_205 was not found in the design.
WARNING: Simulation object hdmi_i/n_0_204 was not found in the design.
WARNING: Simulation object hdmi_i/n_0_203 was not found in the design.
WARNING: Simulation object hdmi_i/n_0_202 was not found in the design.
WARNING: Simulation object hdmi_i/n_0_201 was not found in the design.
WARNING: Simulation object hdmi_i/n_0_200 was not found in the design.
WARNING: Simulation object hdmi_i/n_0_199 was not found in the design.
WARNING: Simulation object hdmi_i/n_0_198 was not found in the design.
WARNING: Simulation object hdmi_i/n_0_197 was not found in the design.
WARNING: Simulation object hdmi_i/n_0_196 was not found in the design.
WARNING: Simulation object hdmi_i/n_0_195 was not found in the design.
WARNING: Simulation object hdmi_i/n_0_194 was not found in the design.
WARNING: Simulation object hdmi_i/n_0_193 was not found in the design.
WARNING: Simulation object hdmi_i/n_0_192 was not found in the design.
WARNING: Simulation object hdmi_i/n_0_191 was not found in the design.
WARNING: Simulation object hdmi_i/n_0_190 was not found in the design.
WARNING: Simulation object hdmi_i/n_0_189 was not found in the design.
WARNING: Simulation object hdmi_i/n_0_188 was not found in the design.
WARNING: Simulation object hdmi_i/n_0_226 was not found in the design.
WARNING: Simulation object hdmi_i/axi_vdma_1_M_AXI_S2MM_WVALID was not found in the design.
WARNING: Simulation object hdmi_i/n_0_232 was not found in the design.
WARNING: Simulation object hdmi_i/probe9 was not found in the design.
WARNING: Simulation object hdmi_i/probe10 was not found in the design.
WARNING: Simulation object hdmi_i/axi_vdma_1_M_AXI_S2MM_AWVALID was not found in the design.
WARNING: Simulation object hdmi_i/axi_vdma_1_M_AXI_S2MM_AWREADY was not found in the design.
WARNING: Simulation object hdmi_i/probe13 was not found in the design.
WARNING: Simulation object hdmi_i/axi_vdma_1_M_AXI_S2MM_WDATA was not found in the design.
WARNING: Simulation object hdmi_i/axi_vdma_1_M_AXI_S2MM_WSTRB was not found in the design.
WARNING: Simulation object hdmi_i/probe16 was not found in the design.
WARNING: Simulation object hdmi_i/probe17 was not found in the design.
WARNING: Simulation object hdmi_i/axi_vdma_1_M_AXI_S2MM_AWPROT was not found in the design.
WARNING: Simulation object hdmi_i/probe19 was not found in the design.
WARNING: Simulation object hdmi_i/probe20 was not found in the design.
WARNING: Simulation object hdmi_i/axi_vdma_1_M_AXI_S2MM_AWLEN was not found in the design.
WARNING: Simulation object hdmi_i/probe22 was not found in the design.
WARNING: Simulation object hdmi_i/axi_vdma_1_M_AXI_S2MM_AWSIZE was not found in the design.
WARNING: Simulation object hdmi_i/axi_vdma_1_M_AXI_S2MM_AWBURST was not found in the design.
WARNING: Simulation object hdmi_i/probe25 was not found in the design.
WARNING: Simulation object hdmi_i/probe26 was not found in the design.
WARNING: Simulation object hdmi_i/probe27 was not found in the design.
WARNING: Simulation object hdmi_i/probe28 was not found in the design.
WARNING: Simulation object hdmi_i/probe29 was not found in the design.
WARNING: Simulation object hdmi_i/probe30 was not found in the design.
WARNING: Simulation object hdmi_i/probe31 was not found in the design.
WARNING: Simulation object hdmi_i/axi_vdma_1_M_AXI_S2MM_AWCACHE was not found in the design.
WARNING: Simulation object hdmi_i/probe33 was not found in the design.
WARNING: Simulation object hdmi_i/probe34 was not found in the design.
WARNING: Simulation object hdmi_i/probe35 was not found in the design.
WARNING: Simulation object hdmi_i/probe36 was not found in the design.
WARNING: Simulation object hdmi_i/probe37 was not found in the design.
WARNING: Simulation object hdmi_i/probe38 was not found in the design.
WARNING: Simulation object hdmi_i/probe39 was not found in the design.
WARNING: Simulation object hdmi_i/probe40 was not found in the design.
WARNING: Simulation object hdmi_i/probe41 was not found in the design.
WARNING: Simulation object hdmi_i/axi_vdma_1_M_AXI_S2MM_WLAST was not found in the design.
WARNING: Simulation object hdmi_i/probe43 was not found in the design.
set_property TRIGGER_COMPARE_VALUE gt16'h0000 [get_hw_probes hdmi_i/led_detect_0_y_coord -of_objects [get_hw_ilas -of_objects [get_hw_devices xc7a200t_0] -filter {CELL_NAME=~"hdmi_i/ila_2"}]]
file copy -force W:/ece532/src/hdmi.runs/impl_1/hdmi_wrapper.sysdef W:/ece532/src/hdmi.sdk/hdmi_wrapper.hdf

run_hw_ila [get_hw_ilas -of_objects [get_hw_devices xc7a200t_0] -filter {CELL_NAME=~"hdmi_i/ila_2"}]
INFO: [Labtools 27-1964] The ILA core 'hw_ila_3' trigger was armed at 2017-Mar-27 16:07:45
wait_on_hw_ila [get_hw_ilas -of_objects [get_hw_devices xc7a200t_0] -filter {CELL_NAME=~"hdmi_i/ila_2"}]
display_hw_ila_data [upload_hw_ila_data [get_hw_ilas -of_objects [get_hw_devices xc7a200t_0] -filter {CELL_NAME=~"hdmi_i/ila_2"}]]
INFO: [Labtools 27-1966] The ILA core 'hw_ila_3' triggered at 2017-Mar-27 16:07:45
add_wave -into {hw_ila_data_3.wcfg} -radix hex { {hdmi_i/led_detect_0_y_coord} }
add_wave -into {hw_ila_data_3.wcfg} -radix hex { {hdmi_i/led_detect_0_write_pointer} }
run_hw_ila [get_hw_ilas -of_objects [get_hw_devices xc7a200t_0] -filter {CELL_NAME=~"hdmi_i/ila_2"}]
INFO: [Labtools 27-1964] The ILA core 'hw_ila_3' trigger was armed at 2017-Mar-27 16:07:58
wait_on_hw_ila [get_hw_ilas -of_objects [get_hw_devices xc7a200t_0] -filter {CELL_NAME=~"hdmi_i/ila_2"}]
display_hw_ila_data [upload_hw_ila_data [get_hw_ilas -of_objects [get_hw_devices xc7a200t_0] -filter {CELL_NAME=~"hdmi_i/ila_2"}]]
INFO: [Labtools 27-1966] The ILA core 'hw_ila_3' triggered at 2017-Mar-27 16:07:58
run_hw_ila [get_hw_ilas -of_objects [get_hw_devices xc7a200t_0] -filter {CELL_NAME=~"hdmi_i/ila_2"}]
INFO: [Labtools 27-1964] The ILA core 'hw_ila_3' trigger was armed at 2017-Mar-27 16:08:00
wait_on_hw_ila [get_hw_ilas -of_objects [get_hw_devices xc7a200t_0] -filter {CELL_NAME=~"hdmi_i/ila_2"}]
display_hw_ila_data [upload_hw_ila_data [get_hw_ilas -of_objects [get_hw_devices xc7a200t_0] -filter {CELL_NAME=~"hdmi_i/ila_2"}]]
INFO: [Labtools 27-1966] The ILA core 'hw_ila_3' triggered at 2017-Mar-27 16:08:00
set_property TRIGGER_COMPARE_VALUE eq16'hXXXX [get_hw_probes hdmi_i/led_detect_0_y_coord -of_objects [get_hw_ilas -of_objects [get_hw_devices xc7a200t_0] -filter {CELL_NAME=~"hdmi_i/ila_2"}]]
set_property TRIGGER_COMPARE_VALUE eq11'u1279 [get_hw_probes hdmi_i/led_detect_0_write_pointer -of_objects [get_hw_ilas -of_objects [get_hw_devices xc7a200t_0] -filter {CELL_NAME=~"hdmi_i/ila_2"}]]
run_hw_ila [get_hw_ilas -of_objects [get_hw_devices xc7a200t_0] -filter {CELL_NAME=~"hdmi_i/ila_2"}]
INFO: [Labtools 27-1964] The ILA core 'hw_ila_3' trigger was armed at 2017-Mar-27 16:11:34
wait_on_hw_ila [get_hw_ilas -of_objects [get_hw_devices xc7a200t_0] -filter {CELL_NAME=~"hdmi_i/ila_2"}]
display_hw_ila_data [upload_hw_ila_data [get_hw_ilas -of_objects [get_hw_devices xc7a200t_0] -filter {CELL_NAME=~"hdmi_i/ila_2"}]]
INFO: [Labtools 27-1966] The ILA core 'hw_ila_3' triggered at 2017-Mar-27 16:11:34
set_property TRIGGER_COMPARE_VALUE eq11'hXXX [get_hw_probes hdmi_i/led_detect_0_write_pointer -of_objects [get_hw_ilas -of_objects [get_hw_devices xc7a200t_0] -filter {CELL_NAME=~"hdmi_i/ila_2"}]]
set_property TRIGGER_COMPARE_VALUE eq16'h0000 [get_hw_probes hdmi_i/led_detect_0_y_coord -of_objects [get_hw_ilas -of_objects [get_hw_devices xc7a200t_0] -filter {CELL_NAME=~"hdmi_i/ila_2"}]]
run_hw_ila [get_hw_ilas -of_objects [get_hw_devices xc7a200t_0] -filter {CELL_NAME=~"hdmi_i/ila_2"}]
INFO: [Labtools 27-1964] The ILA core 'hw_ila_3' trigger was armed at 2017-Mar-27 16:12:40
wait_on_hw_ila [get_hw_ilas -of_objects [get_hw_devices xc7a200t_0] -filter {CELL_NAME=~"hdmi_i/ila_2"}]
display_hw_ila_data [upload_hw_ila_data [get_hw_ilas -of_objects [get_hw_devices xc7a200t_0] -filter {CELL_NAME=~"hdmi_i/ila_2"}]]
INFO: [Labtools 27-1966] The ILA core 'hw_ila_3' triggered at 2017-Mar-27 16:12:41
set_property TRIGGER_COMPARE_VALUE eq16'u719 [get_hw_probes hdmi_i/led_detect_0_y_coord -of_objects [get_hw_ilas -of_objects [get_hw_devices xc7a200t_0] -filter {CELL_NAME=~"hdmi_i/ila_2"}]]
run_hw_ila [get_hw_ilas -of_objects [get_hw_devices xc7a200t_0] -filter {CELL_NAME=~"hdmi_i/ila_2"}]
INFO: [Labtools 27-1964] The ILA core 'hw_ila_3' trigger was armed at 2017-Mar-27 16:13:13
wait_on_hw_ila [get_hw_ilas -of_objects [get_hw_devices xc7a200t_0] -filter {CELL_NAME=~"hdmi_i/ila_2"}]
display_hw_ila_data [upload_hw_ila_data [get_hw_ilas -of_objects [get_hw_devices xc7a200t_0] -filter {CELL_NAME=~"hdmi_i/ila_2"}]]
INFO: [Labtools 27-1966] The ILA core 'hw_ila_3' triggered at 2017-Mar-27 16:13:13
set_property TRIGGER_COMPARE_VALUE eq24'hXX_XXXX [get_hw_probes hdmi_i/led_detect_0_M00_AXIS_TDATA -of_objects [get_hw_ilas -of_objects [get_hw_devices xc7a200t_0] -filter {CELL_NAME=~"hdmi_i/ila_1"}]]
run_hw_ila [get_hw_ilas -of_objects [get_hw_devices xc7a200t_0] -filter {CELL_NAME=~"hdmi_i/ila_1"}]
INFO: [Labtools 27-1964] The ILA core 'hw_ila_2' trigger was armed at 2017-Mar-27 16:36:50
wait_on_hw_ila [get_hw_ilas -of_objects [get_hw_devices xc7a200t_0] -filter {CELL_NAME=~"hdmi_i/ila_1"}]
display_hw_ila_data [upload_hw_ila_data [get_hw_ilas -of_objects [get_hw_devices xc7a200t_0] -filter {CELL_NAME=~"hdmi_i/ila_1"}]]
INFO: [Labtools 27-1966] The ILA core 'hw_ila_2' triggered at 2017-Mar-27 16:36:50
run_hw_ila [get_hw_ilas -of_objects [get_hw_devices xc7a200t_0] -filter {CELL_NAME=~"hdmi_i/ila_1"}]
INFO: [Labtools 27-1964] The ILA core 'hw_ila_2' trigger was armed at 2017-Mar-27 16:37:05
wait_on_hw_ila [get_hw_ilas -of_objects [get_hw_devices xc7a200t_0] -filter {CELL_NAME=~"hdmi_i/ila_1"}]
display_hw_ila_data [upload_hw_ila_data [get_hw_ilas -of_objects [get_hw_devices xc7a200t_0] -filter {CELL_NAME=~"hdmi_i/ila_1"}]]
INFO: [Labtools 27-1966] The ILA core 'hw_ila_2' triggered at 2017-Mar-27 16:37:05
run_hw_ila [get_hw_ilas -of_objects [get_hw_devices xc7a200t_0] -filter {CELL_NAME=~"hdmi_i/ila_1"}]
INFO: [Labtools 27-1964] The ILA core 'hw_ila_2' trigger was armed at 2017-Mar-27 16:37:08
wait_on_hw_ila [get_hw_ilas -of_objects [get_hw_devices xc7a200t_0] -filter {CELL_NAME=~"hdmi_i/ila_1"}]
display_hw_ila_data [upload_hw_ila_data [get_hw_ilas -of_objects [get_hw_devices xc7a200t_0] -filter {CELL_NAME=~"hdmi_i/ila_1"}]]
INFO: [Labtools 27-1966] The ILA core 'hw_ila_2' triggered at 2017-Mar-27 16:37:08
open_bd_design {W:/ece532/src/hdmi.srcs/sources_1/bd/hdmi/hdmi.bd}
launch_sdk -workspace W:/ece532/src/hdmi.sdk -hwspec W:/ece532/src/hdmi.sdk/hdmi_wrapper.hdf
INFO: [Vivado 12-393] Launching SDK...
INFO: [Vivado 12-417] Running xsdk -workspace W:/ece532/src/hdmi.sdk -hwspec W:/ece532/src/hdmi.sdk/hdmi_wrapper.hdf
INFO: [Vivado 12-3157] SDK launch initiated. Please check console for any further messages.
save_wave_config {W:/ece532/src/hdmi.hw/hw_1/wave/hw_ila_data_2/hw_ila_data_2.wcfg}
save_wave_config {W:/ece532/src/hdmi.hw/hw_1/wave/hw_ila_data_3/hw_ila_data_3.wcfg}
exit
INFO: [Common 17-206] Exiting Vivado at Mon Mar 27 18:10:17 2017...
