#-----------------------------------------------------------
# Vivado v2016.2 (64-bit)
# SW Build 1577090 on Thu Jun  2 16:32:40 MDT 2016
# IP Build 1577682 on Fri Jun  3 12:00:54 MDT 2016
# Start of session at: Thu Mar 23 14:54:35 2017
# Process ID: 5752
# Current directory: W:/ece532/src
# Command line: vivado.exe -gui_launcher_event rodinguilauncherevent4448 W:\ece532\src\hdmi.xpr
# Log file: W:/ece532/src/vivado.log
# Journal file: W:/ece532/src\vivado.jou
#-----------------------------------------------------------
start_gui
open_project W:/ece532/src/hdmi.xpr
Scanning sources...
Finished scanning sources
INFO: [IP_Flow 19-234] Refreshing IP repositories
INFO: [IP_Flow 19-1700] Loaded user IP repository 'w:/ece532/img_processing_ip/ip_repo'.
INFO: [IP_Flow 19-1700] Loaded user IP repository 'w:/ece532/src/repo'.
INFO: [IP_Flow 19-2313] Loaded Vivado IP repository 'C:/Xilinx/Vivado/2016.2/data/ip'.
open_project: Time (s): cpu = 00:00:25 ; elapsed = 00:00:21 . Memory (MB): peak = 1242.777 ; gain = 562.348
update_compile_order -fileset sources_1
open_bd_design {W:/ece532/src/hdmi.srcs/sources_1/bd/hdmi/hdmi.bd}
Adding cell -- digilentinc.com:ip:axi_dynclk:1.0 - axi_dynclk_0
Adding cell -- digilentinc.com:ip:dvi2rgb:1.5 - dvi2rgb_0
Adding cell -- xilinx.com:ip:xlconcat:2.1 - microblaze_0_xlconcat
Adding cell -- digilentinc.com:ip:rgb2dvi:1.2 - rgb2dvi_0
Adding cell -- xilinx.com:ip:xlconstant:1.1 - xlconstant_0
Adding cell -- xilinx.com:ip:axi_gpio:2.0 - axi_gpio_video
Adding cell -- xilinx.com:ip:axi_timer:2.0 - axi_timer_0
Adding cell -- xilinx.com:ip:axi_uartlite:2.0 - axi_uartlite_0
Adding cell -- xilinx.com:ip:axi_vdma:6.2 - axi_vdma_0
Adding cell -- xilinx.com:ip:mdm:3.2 - mdm_1
Adding cell -- xilinx.com:ip:microblaze:9.6 - microblaze_0
Adding cell -- xilinx.com:ip:axi_intc:4.1 - microblaze_0_axi_intc
Adding cell -- xilinx.com:ip:mig_7series:4.0 - mig_7series_0
Adding cell -- xilinx.com:ip:proc_sys_reset:5.0 - rst_mig_7series_0_100M
Adding cell -- xilinx.com:ip:proc_sys_reset:5.0 - rst_mig_7series_0_pxl
Adding cell -- xilinx.com:ip:v_axi4s_vid_out:4.0 - v_axi4s_vid_out_0
Adding cell -- xilinx.com:ip:v_tc:6.1 - v_tc_0
Adding cell -- xilinx.com:ip:v_tc:6.1 - v_tc_1
Adding cell -- xilinx.com:ip:v_vid_in_axi4s:4.0 - v_vid_in_axi4s_0
Adding cell -- xilinx.com:ip:xlconstant:1.1 - xlconstant_2
Adding cell -- xilinx.com:ip:axi_vdma:6.2 - axi_vdma_1
Adding cell -- user:user:led_detect:1.0 - led_detect_0
Adding cell -- xilinx.com:ip:axi_gpio:2.0 - axi_gpio_0
Adding cell -- xilinx.com:ip:ila:6.1 - ila_0
Adding cell -- xilinx.com:ip:ila:6.1 - ila_1
Adding cell -- xilinx.com:ip:axi_crossbar:2.1 - xbar
Adding cell -- xilinx.com:ip:axi_crossbar:2.1 - xbar
Adding cell -- xilinx.com:ip:axi_data_fifo:2.1 - m00_data_fifo
Adding cell -- xilinx.com:ip:axi_register_slice:2.1 - m00_regslice
Adding cell -- xilinx.com:ip:axi_dwidth_converter:2.1 - auto_ds
Adding cell -- xilinx.com:ip:axi_register_slice:2.1 - s05_regslice
Adding cell -- xilinx.com:ip:axi_dwidth_converter:2.1 - auto_us
Adding cell -- xilinx.com:ip:axi_register_slice:2.1 - auto_rs_w
Adding cell -- xilinx.com:ip:axi_register_slice:2.1 - s04_regslice
Adding cell -- xilinx.com:ip:axi_dwidth_converter:2.1 - auto_us
Adding cell -- xilinx.com:ip:axi_register_slice:2.1 - auto_rs_w
Adding cell -- xilinx.com:ip:axi_register_slice:2.1 - s03_regslice
Adding cell -- xilinx.com:ip:axi_register_slice:2.1 - s02_regslice
Adding cell -- xilinx.com:ip:axi_register_slice:2.1 - s01_regslice
Adding cell -- xilinx.com:ip:axi_dwidth_converter:2.1 - auto_us
Adding cell -- xilinx.com:ip:axi_register_slice:2.1 - auto_rs_w
Adding cell -- xilinx.com:ip:axi_register_slice:2.1 - s00_regslice
Adding cell -- xilinx.com:ip:axi_dwidth_converter:2.1 - auto_us
Adding cell -- xilinx.com:ip:axi_register_slice:2.1 - auto_rs_w
Adding cell -- xilinx.com:ip:lmb_bram_if_cntlr:4.0 - dlmb_bram_if_cntlr
Adding cell -- xilinx.com:ip:lmb_v10:3.0 - dlmb_v10
Adding cell -- xilinx.com:ip:lmb_bram_if_cntlr:4.0 - ilmb_bram_if_cntlr
Adding cell -- xilinx.com:ip:lmb_v10:3.0 - ilmb_v10
Adding cell -- xilinx.com:ip:blk_mem_gen:8.3 - lmb_bram
Successfully read diagram <hdmi> from BD file <W:/ece532/src/hdmi.srcs/sources_1/bd/hdmi/hdmi.bd>
ipx::edit_ip_in_project -upgrade true -name led_detect_v1_0_project -directory W:/ece532/src/hdmi.tmp/led_detect_v1_0_project w:/ece532/img_processing_ip/ip_repo/led_detect_1.0/component.xml
INFO: [IP_Flow 19-234] Refreshing IP repositories
INFO: [IP_Flow 19-1704] No user IP repositories specified
INFO: [IP_Flow 19-2313] Loaded Vivado IP repository 'C:/Xilinx/Vivado/2016.2/data/ip'.
INFO: [IP_Flow 19-234] Refreshing IP repositories
INFO: [IP_Flow 19-1700] Loaded user IP repository 'w:/ece532/img_processing_ip/ip_repo'.
INFO: [IP_Flow 19-1700] Loaded user IP repository 'w:/ece532/src/repo'.
INFO: [IP_Flow 19-795] Syncing license key meta-data
INFO: [IP_Flow 19-793] Syncing display name meta-data
INFO: [IP_Flow 19-798] Syncing taxonomy meta-data
update_compile_order -fileset sources_1
update_compile_order -fileset sim_1
launch_runs impl_1
[Thu Mar 23 16:22:36 2017] Launched synth_1...
Run output will be captured here: w:/ece532/src/hdmi.tmp/led_detect_v1_0_project/led_detect_v1_0_project.runs/synth_1/runme.log
[Thu Mar 23 16:22:36 2017] Launched impl_1...
Run output will be captured here: w:/ece532/src/hdmi.tmp/led_detect_v1_0_project/led_detect_v1_0_project.runs/impl_1/runme.log
reset_run synth_1
launch_runs impl_1
[Thu Mar 23 16:23:43 2017] Launched synth_1...
Run output will be captured here: w:/ece532/src/hdmi.tmp/led_detect_v1_0_project/led_detect_v1_0_project.runs/synth_1/runme.log
[Thu Mar 23 16:23:43 2017] Launched impl_1...
Run output will be captured here: w:/ece532/src/hdmi.tmp/led_detect_v1_0_project/led_detect_v1_0_project.runs/impl_1/runme.log
ipx::merge_project_changes hdl_parameters [ipx::current_core]
set_property core_revision 8 [ipx::current_core]
ipx::create_xgui_files [ipx::current_core]
ipx::update_checksums [ipx::current_core]
ipx::save_core [ipx::current_core]
close_project -delete
update_ip_catalog -rebuild -repo_path w:/ece532/img_processing_ip/ip_repo
INFO: [IP_Flow 19-725] Reloaded user IP repository 'w:/ece532/img_processing_ip/ip_repo'
report_ip_status -name ip_status 
export_ip_user_files -of_objects [get_ips  hdmi_led_detect_0_0] -no_script -reset -quiet
upgrade_ip -vlnv user:user:led_detect:1.0 [get_ips  hdmi_led_detect_0_0] -log ip_upgrade.log
Upgrading 'W:/ece532/src/hdmi.srcs/sources_1/bd/hdmi/hdmi.bd'
INFO: [IP_Flow 19-3422] Upgraded hdmi_led_detect_0_0 (led_detect_v1.0 1.0) from revision 7 to revision 8
Wrote  : <W:/ece532/src/hdmi.srcs/sources_1/bd/hdmi/hdmi.bd> 
INFO: [Coretcl 2-1525] Wrote upgrade log to 'W:/ece532/src/ip_upgrade.log'.
generate_target all [get_files  W:/ece532/src/hdmi.srcs/sources_1/bd/hdmi/hdmi.bd]
delete_bd_objs: Time (s): cpu = 00:00:00 ; elapsed = 00:00:05 . Memory (MB): peak = 1440.152 ; gain = 0.000
WARNING: [IP_Flow 19-3331] Invalid parameters found in dependency constraints of 'BUSIF_ENABLEMENT.AsyncRst' 
WARNING: [IP_Flow 19-3331] Invalid parameters found in dependency constraints of 'BUSIF_ENABLEMENT.SyncRst' 
WARNING: [BD 41-702] Propagation TCL tries to overwrite USER strength parameter C_M_AXI_S2MM_DATA_WIDTH(128) on '/axi_vdma_0' with propagated value(32). Command ignored
WARNING: [BD 41-702] Propagation TCL tries to overwrite USER strength parameter C_M_AXI_S2MM_DATA_WIDTH(128) on '/axi_vdma_1' with propagated value(32). Command ignored
INFO: [Device 21-403] Loading part xc7a200tsbg484-1
WARNING: [BD 41-702] Propagation TCL tries to overwrite USER strength parameter C_M_AXI_S2MM_DATA_WIDTH(128) on '/axi_vdma_0' with propagated value(32). Command ignored
WARNING: [BD 41-702] Propagation TCL tries to overwrite USER strength parameter C_M_AXI_S2MM_DATA_WIDTH(128) on '/axi_vdma_1' with propagated value(32). Command ignored
WARNING: [BD 41-702] Propagation TCL tries to overwrite USER strength parameter C_M_AXI_S2MM_DATA_WIDTH(128) on '/axi_vdma_0' with propagated value(32). Command ignored
WARNING: [BD 41-702] Propagation TCL tries to overwrite USER strength parameter C_M_AXI_S2MM_DATA_WIDTH(128) on '/axi_vdma_1' with propagated value(32). Command ignored
WARNING: [BD 41-702] Propagation TCL tries to overwrite USER strength parameter C_M_AXI_S2MM_DATA_WIDTH(128) on '/axi_vdma_0' with propagated value(32). Command ignored
WARNING: [BD 41-702] Propagation TCL tries to overwrite USER strength parameter C_M_AXI_S2MM_DATA_WIDTH(128) on '/axi_vdma_1' with propagated value(32). Command ignored
WARNING: [BD 41-702] Propagation TCL tries to overwrite USER strength parameter C_M_AXI_S2MM_DATA_WIDTH(128) on '/axi_vdma_0' with propagated value(32). Command ignored
WARNING: [BD 41-702] Propagation TCL tries to overwrite USER strength parameter C_M_AXI_S2MM_DATA_WIDTH(128) on '/axi_vdma_1' with propagated value(32). Command ignored
WARNING: [BD 41-702] Propagation TCL tries to overwrite USER strength parameter C_M_AXI_S2MM_DATA_WIDTH(128) on '/axi_vdma_0' with propagated value(32). Command ignored
WARNING: [BD 41-702] Propagation TCL tries to overwrite USER strength parameter C_M_AXI_S2MM_DATA_WIDTH(128) on '/axi_vdma_1' with propagated value(32). Command ignored
WARNING: [BD 41-702] Propagation TCL tries to overwrite USER strength parameter C_M_AXI_S2MM_DATA_WIDTH(128) on '/axi_vdma_0' with propagated value(32). Command ignored
WARNING: [BD 41-702] Propagation TCL tries to overwrite USER strength parameter C_M_AXI_S2MM_DATA_WIDTH(128) on '/axi_vdma_1' with propagated value(32). Command ignored
WARNING: [BD 41-702] Propagation TCL tries to overwrite USER strength parameter C_M_AXI_S2MM_DATA_WIDTH(128) on '/axi_vdma_0' with propagated value(32). Command ignored
WARNING: [BD 41-702] Propagation TCL tries to overwrite USER strength parameter C_M_AXI_S2MM_DATA_WIDTH(128) on '/axi_vdma_1' with propagated value(32). Command ignored
WARNING: [BD 41-702] Propagation TCL tries to overwrite USER strength parameter C_M_AXI_S2MM_DATA_WIDTH(128) on '/axi_vdma_0' with propagated value(32). Command ignored
WARNING: [BD 41-702] Propagation TCL tries to overwrite USER strength parameter C_M_AXI_S2MM_DATA_WIDTH(128) on '/axi_vdma_1' with propagated value(32). Command ignored
WARNING: [BD 41-702] Propagation TCL tries to overwrite USER strength parameter C_M_AXI_S2MM_DATA_WIDTH(128) on '/axi_vdma_0' with propagated value(32). Command ignored
WARNING: [BD 41-702] Propagation TCL tries to overwrite USER strength parameter C_M_AXI_S2MM_DATA_WIDTH(128) on '/axi_vdma_1' with propagated value(32). Command ignored
WARNING: [BD 41-702] Propagation TCL tries to overwrite USER strength parameter C_M_AXI_S2MM_DATA_WIDTH(128) on '/axi_vdma_0' with propagated value(32). Command ignored
WARNING: [BD 41-702] Propagation TCL tries to overwrite USER strength parameter C_M_AXI_S2MM_DATA_WIDTH(128) on '/axi_vdma_1' with propagated value(32). Command ignored
WARNING: [BD 41-702] Propagation TCL tries to overwrite USER strength parameter C_M_AXI_S2MM_DATA_WIDTH(128) on '/axi_vdma_0' with propagated value(32). Command ignored
WARNING: [BD 41-702] Propagation TCL tries to overwrite USER strength parameter C_M_AXI_S2MM_DATA_WIDTH(128) on '/axi_vdma_1' with propagated value(32). Command ignored
WARNING: [BD 41-702] Propagation TCL tries to overwrite USER strength parameter C_M_AXI_S2MM_DATA_WIDTH(128) on '/axi_vdma_0' with propagated value(32). Command ignored
WARNING: [BD 41-702] Propagation TCL tries to overwrite USER strength parameter C_M_AXI_S2MM_DATA_WIDTH(128) on '/axi_vdma_1' with propagated value(32). Command ignored
WARNING: [BD 41-702] Propagation TCL tries to overwrite USER strength parameter C_M_AXI_S2MM_DATA_WIDTH(128) on '/axi_vdma_0' with propagated value(32). Command ignored
WARNING: [BD 41-702] Propagation TCL tries to overwrite USER strength parameter C_M_AXI_S2MM_DATA_WIDTH(128) on '/axi_vdma_1' with propagated value(32). Command ignored
WARNING: [BD 41-702] Propagation TCL tries to overwrite USER strength parameter C_M_AXI_S2MM_DATA_WIDTH(128) on '/axi_vdma_0' with propagated value(32). Command ignored
WARNING: [BD 41-702] Propagation TCL tries to overwrite USER strength parameter C_M_AXI_S2MM_DATA_WIDTH(128) on '/axi_vdma_1' with propagated value(32). Command ignored
WARNING: [BD 41-702] Propagation TCL tries to overwrite USER strength parameter C_M_AXI_S2MM_DATA_WIDTH(128) on '/axi_vdma_0' with propagated value(32). Command ignored
WARNING: [BD 41-702] Propagation TCL tries to overwrite USER strength parameter C_M_AXI_S2MM_DATA_WIDTH(128) on '/axi_vdma_1' with propagated value(32). Command ignored
INFO: [xilinx.com:ip:axi_vdma:6.2-15] /axi_vdma_0 
                    All clocks connected to AXI VDMA are not identical, therefore configuring AXI-VDMA in ASYNC mode.
WARNING: [xilinx.com:ip:axi_vdma:6.2-155] /axi_vdma_0 
                    To get the better performance, ensure AXI Memory Map clock frequency is greater than equal to AXI Streaming clock frequency.
INFO: [xilinx.com:ip:microblaze:9.6-16] /microblaze_0: Setting D-cache cacheable area base address C_DCACHE_BASEADDR to 0x80000000 and high address C_DCACHE_HIGHADDR to 0x9FFFFFFF.
INFO: [xilinx.com:ip:microblaze:9.6-16] /microblaze_0: Setting I-cache cacheable area base address C_ICACHE_BASEADDR to 0x80000000 and high address C_ICACHE_HIGHADDR to 0x9FFFFFFF.
INFO: [xilinx.com:ip:axi_intc:4.1-1] /microblaze_0_axi_intc: The AXI INTC core has been configured to operate with synchronous clocks.
VHDL Output written to : W:/ece532/src/hdmi.srcs/sources_1/bd/hdmi/hdl/hdmi.vhd
VHDL Output written to : W:/ece532/src/hdmi.srcs/sources_1/bd/hdmi/hdl/hdmi_wrapper.vhd
Wrote  : <W:/ece532/src/hdmi.srcs/sources_1/bd/hdmi/hdmi.bd> 
INFO: [BD 41-1029] Generation completed for the IP Integrator block axi_dynclk_0 .
INFO: [BD 41-1029] Generation completed for the IP Integrator block axi_gpio_video .
INFO: [BD 41-1029] Generation completed for the IP Integrator block axi_timer_0 .
INFO: [BD 41-1029] Generation completed for the IP Integrator block axi_uartlite_0 .
INFO: [BD 41-1029] Generation completed for the IP Integrator block axi_vdma_0 .
INFO: [BD 41-1029] Generation completed for the IP Integrator block dvi2rgb_0 .
INFO: [BD 41-1029] Generation completed for the IP Integrator block mdm_1 .
INFO: [BD 41-1029] Generation completed for the IP Integrator block microblaze_0 .
INFO: [BD 41-1029] Generation completed for the IP Integrator block microblaze_0_axi_intc .
INFO: [BD 41-1029] Generation completed for the IP Integrator block microblaze_0_local_memory/dlmb_bram_if_cntlr .
INFO: [BD 41-1029] Generation completed for the IP Integrator block microblaze_0_local_memory/dlmb_v10 .
INFO: [BD 41-1029] Generation completed for the IP Integrator block microblaze_0_local_memory/ilmb_bram_if_cntlr .
INFO: [BD 41-1029] Generation completed for the IP Integrator block microblaze_0_local_memory/ilmb_v10 .
INFO: [BD 41-1029] Generation completed for the IP Integrator block microblaze_0_local_memory/lmb_bram .
INFO: [BD 41-1029] Generation completed for the IP Integrator block microblaze_0_xlconcat .
INFO: [BD 41-1029] Generation completed for the IP Integrator block mig_7series_0 .
INFO: [BD 41-1029] Generation completed for the IP Integrator block rgb2dvi_0 .
INFO: [BD 41-1029] Generation completed for the IP Integrator block rst_mig_7series_0_100M .
INFO: [BD 41-1029] Generation completed for the IP Integrator block rst_mig_7series_0_pxl .
INFO: [BD 41-1029] Generation completed for the IP Integrator block v_axi4s_vid_out_0 .
INFO: [BD 41-1029] Generation completed for the IP Integrator block v_tc_0 .
INFO: [BD 41-1029] Generation completed for the IP Integrator block v_tc_1 .
INFO: [BD 41-1029] Generation completed for the IP Integrator block v_vid_in_axi4s_0 .
INFO: [BD 41-1029] Generation completed for the IP Integrator block xlconstant_0 .
INFO: [BD 41-1029] Generation completed for the IP Integrator block axi_mem_intercon/xbar .
INFO: [BD 41-1029] Generation completed for the IP Integrator block microblaze_0_axi_periph/xbar .
INFO: [BD 41-1029] Generation completed for the IP Integrator block xlconstant_2 .
INFO: [BD 41-1029] Generation completed for the IP Integrator block axi_vdma_1 .
INFO: [BD 41-1029] Generation completed for the IP Integrator block led_detect_0 .
INFO: [BD 41-1029] Generation completed for the IP Integrator block axi_gpio_0 .
INFO: [BD 41-1029] Generation completed for the IP Integrator block ila_0 .
INFO: [BD 41-1029] Generation completed for the IP Integrator block ila_1 .
INFO: [BD 41-1029] Generation completed for the IP Integrator block axi_mem_intercon/s00_couplers/s00_regslice .
INFO: [BD 41-1029] Generation completed for the IP Integrator block axi_mem_intercon/s01_couplers/s01_regslice .
INFO: [BD 41-1029] Generation completed for the IP Integrator block axi_mem_intercon/s02_couplers/s02_regslice .
INFO: [BD 41-1029] Generation completed for the IP Integrator block axi_mem_intercon/s03_couplers/s03_regslice .
INFO: [BD 41-1029] Generation completed for the IP Integrator block axi_mem_intercon/s04_couplers/s04_regslice .
INFO: [BD 41-1029] Generation completed for the IP Integrator block axi_mem_intercon/s05_couplers/s05_regslice .
INFO: [BD 41-1029] Generation completed for the IP Integrator block axi_mem_intercon/m00_couplers/m00_data_fifo .
INFO: [BD 41-1029] Generation completed for the IP Integrator block axi_mem_intercon/m00_couplers/m00_regslice .
INFO: [BD 41-1029] Generation completed for the IP Integrator block axi_mem_intercon/m00_couplers/auto_ds .
INFO: [BD 41-1029] Generation completed for the IP Integrator block axi_mem_intercon/s00_couplers/auto_us .
INFO: [BD 41-1029] Generation completed for the IP Integrator block axi_mem_intercon/s00_couplers/auto_rs_w .
INFO: [BD 41-1029] Generation completed for the IP Integrator block axi_mem_intercon/s01_couplers/auto_us .
INFO: [BD 41-1029] Generation completed for the IP Integrator block axi_mem_intercon/s01_couplers/auto_rs_w .
INFO: [BD 41-1029] Generation completed for the IP Integrator block axi_mem_intercon/s04_couplers/auto_us .
INFO: [BD 41-1029] Generation completed for the IP Integrator block axi_mem_intercon/s04_couplers/auto_rs_w .
INFO: [BD 41-1029] Generation completed for the IP Integrator block axi_mem_intercon/s05_couplers/auto_us .
INFO: [BD 41-1029] Generation completed for the IP Integrator block axi_mem_intercon/s05_couplers/auto_rs_w .
Exporting to file W:/ece532/src/hdmi.srcs/sources_1/bd/hdmi/hw_handoff/hdmi.hwh
WARNING: [IP_Flow 19-3331] Invalid parameters found in dependency constraints of 'BUSIF_ENABLEMENT.AsyncRst' 
WARNING: [IP_Flow 19-3331] Invalid parameters found in dependency constraints of 'BUSIF_ENABLEMENT.SyncRst' 
Generated Block Design Tcl file W:/ece532/src/hdmi.srcs/sources_1/bd/hdmi/hw_handoff/hdmi_bd.tcl
Generated Hardware Definition File W:/ece532/src/hdmi.srcs/sources_1/bd/hdmi/hdl/hdmi.hwdef
generate_target: Time (s): cpu = 00:00:31 ; elapsed = 00:01:56 . Memory (MB): peak = 1814.449 ; gain = 374.297
export_ip_user_files -of_objects [get_files W:/ece532/src/hdmi.srcs/sources_1/bd/hdmi/hdmi.bd] -no_script -force -quiet
export_simulation -of_objects [get_files W:/ece532/src/hdmi.srcs/sources_1/bd/hdmi/hdmi.bd] -directory W:/ece532/src/hdmi.ip_user_files/sim_scripts -ip_user_files_dir W:/ece532/src/hdmi.ip_user_files -ipstatic_source_dir W:/ece532/src/hdmi.ip_user_files/ipstatic -force -quiet
report_ip_status -name ip_status 
delete_bd_objs [get_bd_intf_nets microblaze_0_axi_periph_M08_AXI] [get_bd_nets xlconstant_2_dout] [get_bd_cells led_detect_0]
startgroup
create_bd_cell -type ip -vlnv user:user:led_detect:1.0 led_detect_0
endgroup
connect_bd_net [get_bd_pins led_detect_0/s00_axi_aclk] [get_bd_pins mig_7series_0/ui_clk]
connect_bd_net [get_bd_pins led_detect_0/s00_axis_aclk] [get_bd_pins led_detect_0/s00_axi_aclk]
connect_bd_net [get_bd_pins led_detect_0/m00_axis_aclk] [get_bd_pins led_detect_0/s00_axi_aclk]
connect_bd_net [get_bd_pins led_detect_0/m00_axis_aresetn] [get_bd_pins axi_vdma_1/axi_resetn]
connect_bd_net [get_bd_pins led_detect_0/s00_axi_aresetn] [get_bd_pins led_detect_0/m00_axis_aresetn]
connect_bd_net [get_bd_pins led_detect_0/s00_axis_aresetn] [get_bd_pins led_detect_0/s00_axi_aresetn]
connect_bd_intf_net [get_bd_intf_pins led_detect_0/M00_AXIS] [get_bd_intf_pins ila_1/SLOT_0_AXIS]
connect_bd_intf_net [get_bd_intf_pins led_detect_0/S00_AXIS] [get_bd_intf_pins ila_0/SLOT_0_AXIS]
connect_bd_intf_net -boundary_type upper [get_bd_intf_pins microblaze_0_axi_periph/M08_AXI] [get_bd_intf_pins led_detect_0/S00_AXI]
connect_bd_net [get_bd_pins xlconstant_2/dout] [get_bd_pins led_detect_0/s00_axis_tstrb]
WARNING: [BD 41-1306] The connection to interface pin /led_detect_0/s00_axis_tstrb is being overridden by the user. This pin will not be connected as a part of interface connection S00_AXIS
validate_bd_design
delete_bd_objs: Time (s): cpu = 00:00:00 ; elapsed = 00:00:05 . Memory (MB): peak = 1814.449 ; gain = 0.000
WARNING: [BD 41-702] Propagation TCL tries to overwrite USER strength parameter C_M_AXI_S2MM_DATA_WIDTH(128) on '/axi_vdma_0' with propagated value(32). Command ignored
WARNING: [BD 41-702] Propagation TCL tries to overwrite USER strength parameter C_M_AXI_S2MM_DATA_WIDTH(128) on '/axi_vdma_1' with propagated value(32). Command ignored
WARNING: [BD 41-702] Propagation TCL tries to overwrite USER strength parameter C_M_AXI_S2MM_DATA_WIDTH(128) on '/axi_vdma_0' with propagated value(32). Command ignored
WARNING: [BD 41-702] Propagation TCL tries to overwrite USER strength parameter C_M_AXI_S2MM_DATA_WIDTH(128) on '/axi_vdma_1' with propagated value(32). Command ignored
WARNING: [BD 41-702] Propagation TCL tries to overwrite USER strength parameter C_M_AXI_S2MM_DATA_WIDTH(128) on '/axi_vdma_0' with propagated value(32). Command ignored
WARNING: [BD 41-702] Propagation TCL tries to overwrite USER strength parameter C_M_AXI_S2MM_DATA_WIDTH(128) on '/axi_vdma_1' with propagated value(32). Command ignored
WARNING: [BD 41-702] Propagation TCL tries to overwrite USER strength parameter C_M_AXI_S2MM_DATA_WIDTH(128) on '/axi_vdma_0' with propagated value(32). Command ignored
WARNING: [BD 41-702] Propagation TCL tries to overwrite USER strength parameter C_M_AXI_S2MM_DATA_WIDTH(128) on '/axi_vdma_1' with propagated value(32). Command ignored
WARNING: [BD 41-702] Propagation TCL tries to overwrite USER strength parameter C_M_AXI_S2MM_DATA_WIDTH(128) on '/axi_vdma_0' with propagated value(32). Command ignored
WARNING: [BD 41-702] Propagation TCL tries to overwrite USER strength parameter C_M_AXI_S2MM_DATA_WIDTH(128) on '/axi_vdma_1' with propagated value(32). Command ignored
WARNING: [BD 41-702] Propagation TCL tries to overwrite USER strength parameter C_M_AXI_S2MM_DATA_WIDTH(128) on '/axi_vdma_0' with propagated value(32). Command ignored
WARNING: [BD 41-702] Propagation TCL tries to overwrite USER strength parameter C_M_AXI_S2MM_DATA_WIDTH(128) on '/axi_vdma_1' with propagated value(32). Command ignored
WARNING: [BD 41-702] Propagation TCL tries to overwrite USER strength parameter C_M_AXI_S2MM_DATA_WIDTH(128) on '/axi_vdma_0' with propagated value(32). Command ignored
WARNING: [BD 41-702] Propagation TCL tries to overwrite USER strength parameter C_M_AXI_S2MM_DATA_WIDTH(128) on '/axi_vdma_1' with propagated value(32). Command ignored
WARNING: [BD 41-702] Propagation TCL tries to overwrite USER strength parameter C_M_AXI_S2MM_DATA_WIDTH(128) on '/axi_vdma_0' with propagated value(32). Command ignored
WARNING: [BD 41-702] Propagation TCL tries to overwrite USER strength parameter C_M_AXI_S2MM_DATA_WIDTH(128) on '/axi_vdma_1' with propagated value(32). Command ignored
WARNING: [BD 41-702] Propagation TCL tries to overwrite USER strength parameter C_M_AXI_S2MM_DATA_WIDTH(128) on '/axi_vdma_0' with propagated value(32). Command ignored
WARNING: [BD 41-702] Propagation TCL tries to overwrite USER strength parameter C_M_AXI_S2MM_DATA_WIDTH(128) on '/axi_vdma_1' with propagated value(32). Command ignored
WARNING: [BD 41-702] Propagation TCL tries to overwrite USER strength parameter C_M_AXI_S2MM_DATA_WIDTH(128) on '/axi_vdma_0' with propagated value(32). Command ignored
WARNING: [BD 41-702] Propagation TCL tries to overwrite USER strength parameter C_M_AXI_S2MM_DATA_WIDTH(128) on '/axi_vdma_1' with propagated value(32). Command ignored
WARNING: [BD 41-702] Propagation TCL tries to overwrite USER strength parameter C_M_AXI_S2MM_DATA_WIDTH(128) on '/axi_vdma_0' with propagated value(32). Command ignored
WARNING: [BD 41-702] Propagation TCL tries to overwrite USER strength parameter C_M_AXI_S2MM_DATA_WIDTH(128) on '/axi_vdma_1' with propagated value(32). Command ignored
WARNING: [BD 41-702] Propagation TCL tries to overwrite USER strength parameter C_M_AXI_S2MM_DATA_WIDTH(128) on '/axi_vdma_0' with propagated value(32). Command ignored
WARNING: [BD 41-702] Propagation TCL tries to overwrite USER strength parameter C_M_AXI_S2MM_DATA_WIDTH(128) on '/axi_vdma_1' with propagated value(32). Command ignored
WARNING: [BD 41-702] Propagation TCL tries to overwrite USER strength parameter C_M_AXI_S2MM_DATA_WIDTH(128) on '/axi_vdma_0' with propagated value(32). Command ignored
WARNING: [BD 41-702] Propagation TCL tries to overwrite USER strength parameter C_M_AXI_S2MM_DATA_WIDTH(128) on '/axi_vdma_1' with propagated value(32). Command ignored
WARNING: [BD 41-702] Propagation TCL tries to overwrite USER strength parameter C_M_AXI_S2MM_DATA_WIDTH(128) on '/axi_vdma_0' with propagated value(32). Command ignored
WARNING: [BD 41-702] Propagation TCL tries to overwrite USER strength parameter C_M_AXI_S2MM_DATA_WIDTH(128) on '/axi_vdma_1' with propagated value(32). Command ignored
WARNING: [BD 41-702] Propagation TCL tries to overwrite USER strength parameter C_M_AXI_S2MM_DATA_WIDTH(128) on '/axi_vdma_0' with propagated value(32). Command ignored
WARNING: [BD 41-702] Propagation TCL tries to overwrite USER strength parameter C_M_AXI_S2MM_DATA_WIDTH(128) on '/axi_vdma_1' with propagated value(32). Command ignored
WARNING: [BD 41-702] Propagation TCL tries to overwrite USER strength parameter C_M_AXI_S2MM_DATA_WIDTH(128) on '/axi_vdma_0' with propagated value(32). Command ignored
WARNING: [BD 41-702] Propagation TCL tries to overwrite USER strength parameter C_M_AXI_S2MM_DATA_WIDTH(128) on '/axi_vdma_1' with propagated value(32). Command ignored
CRITICAL WARNING: [BD 41-1356] Address block </led_detect_0/S00_AXI/S00_AXI_reg> is not mapped into </microblaze_0/Data>. Please use Address Editor to either map or exclude it.
INFO: [xilinx.com:ip:axi_vdma:6.2-15] /axi_vdma_0 
                    All clocks connected to AXI VDMA are not identical, therefore configuring AXI-VDMA in ASYNC mode.
WARNING: [xilinx.com:ip:axi_vdma:6.2-155] /axi_vdma_0 
                    To get the better performance, ensure AXI Memory Map clock frequency is greater than equal to AXI Streaming clock frequency.
INFO: [xilinx.com:ip:microblaze:9.6-16] /microblaze_0: Setting D-cache cacheable area base address C_DCACHE_BASEADDR to 0x80000000 and high address C_DCACHE_HIGHADDR to 0x9FFFFFFF.
INFO: [xilinx.com:ip:microblaze:9.6-16] /microblaze_0: Setting I-cache cacheable area base address C_ICACHE_BASEADDR to 0x80000000 and high address C_ICACHE_HIGHADDR to 0x9FFFFFFF.
INFO: [xilinx.com:ip:axi_intc:4.1-1] /microblaze_0_axi_intc: The AXI INTC core has been configured to operate with synchronous clocks.
validate_bd_design: Time (s): cpu = 00:00:15 ; elapsed = 00:00:24 . Memory (MB): peak = 1814.449 ; gain = 0.000
assign_bd_address
</led_detect_0/S00_AXI/S00_AXI_reg> is being mapped into </microblaze_0/Data> at <0x44A40000 [ 64K ]>
validate_bd_design
WARNING: [BD 41-702] Propagation TCL tries to overwrite USER strength parameter C_M_AXI_S2MM_DATA_WIDTH(128) on '/axi_vdma_0' with propagated value(32). Command ignored
WARNING: [BD 41-702] Propagation TCL tries to overwrite USER strength parameter C_M_AXI_S2MM_DATA_WIDTH(128) on '/axi_vdma_1' with propagated value(32). Command ignored
WARNING: [BD 41-702] Propagation TCL tries to overwrite USER strength parameter C_M_AXI_S2MM_DATA_WIDTH(128) on '/axi_vdma_0' with propagated value(32). Command ignored
WARNING: [BD 41-702] Propagation TCL tries to overwrite USER strength parameter C_M_AXI_S2MM_DATA_WIDTH(128) on '/axi_vdma_1' with propagated value(32). Command ignored
WARNING: [BD 41-702] Propagation TCL tries to overwrite USER strength parameter C_M_AXI_S2MM_DATA_WIDTH(128) on '/axi_vdma_0' with propagated value(32). Command ignored
WARNING: [BD 41-702] Propagation TCL tries to overwrite USER strength parameter C_M_AXI_S2MM_DATA_WIDTH(128) on '/axi_vdma_1' with propagated value(32). Command ignored
WARNING: [BD 41-702] Propagation TCL tries to overwrite USER strength parameter C_M_AXI_S2MM_DATA_WIDTH(128) on '/axi_vdma_0' with propagated value(32). Command ignored
WARNING: [BD 41-702] Propagation TCL tries to overwrite USER strength parameter C_M_AXI_S2MM_DATA_WIDTH(128) on '/axi_vdma_1' with propagated value(32). Command ignored
WARNING: [BD 41-702] Propagation TCL tries to overwrite USER strength parameter C_M_AXI_S2MM_DATA_WIDTH(128) on '/axi_vdma_0' with propagated value(32). Command ignored
WARNING: [BD 41-702] Propagation TCL tries to overwrite USER strength parameter C_M_AXI_S2MM_DATA_WIDTH(128) on '/axi_vdma_1' with propagated value(32). Command ignored
WARNING: [BD 41-702] Propagation TCL tries to overwrite USER strength parameter C_M_AXI_S2MM_DATA_WIDTH(128) on '/axi_vdma_0' with propagated value(32). Command ignored
WARNING: [BD 41-702] Propagation TCL tries to overwrite USER strength parameter C_M_AXI_S2MM_DATA_WIDTH(128) on '/axi_vdma_1' with propagated value(32). Command ignored
WARNING: [BD 41-702] Propagation TCL tries to overwrite USER strength parameter C_M_AXI_S2MM_DATA_WIDTH(128) on '/axi_vdma_0' with propagated value(32). Command ignored
WARNING: [BD 41-702] Propagation TCL tries to overwrite USER strength parameter C_M_AXI_S2MM_DATA_WIDTH(128) on '/axi_vdma_1' with propagated value(32). Command ignored
WARNING: [BD 41-702] Propagation TCL tries to overwrite USER strength parameter C_M_AXI_S2MM_DATA_WIDTH(128) on '/axi_vdma_0' with propagated value(32). Command ignored
WARNING: [BD 41-702] Propagation TCL tries to overwrite USER strength parameter C_M_AXI_S2MM_DATA_WIDTH(128) on '/axi_vdma_1' with propagated value(32). Command ignored
WARNING: [BD 41-702] Propagation TCL tries to overwrite USER strength parameter C_M_AXI_S2MM_DATA_WIDTH(128) on '/axi_vdma_0' with propagated value(32). Command ignored
WARNING: [BD 41-702] Propagation TCL tries to overwrite USER strength parameter C_M_AXI_S2MM_DATA_WIDTH(128) on '/axi_vdma_1' with propagated value(32). Command ignored
WARNING: [BD 41-702] Propagation TCL tries to overwrite USER strength parameter C_M_AXI_S2MM_DATA_WIDTH(128) on '/axi_vdma_0' with propagated value(32). Command ignored
WARNING: [BD 41-702] Propagation TCL tries to overwrite USER strength parameter C_M_AXI_S2MM_DATA_WIDTH(128) on '/axi_vdma_1' with propagated value(32). Command ignored
WARNING: [BD 41-702] Propagation TCL tries to overwrite USER strength parameter C_M_AXI_S2MM_DATA_WIDTH(128) on '/axi_vdma_0' with propagated value(32). Command ignored
WARNING: [BD 41-702] Propagation TCL tries to overwrite USER strength parameter C_M_AXI_S2MM_DATA_WIDTH(128) on '/axi_vdma_1' with propagated value(32). Command ignored
WARNING: [BD 41-702] Propagation TCL tries to overwrite USER strength parameter C_M_AXI_S2MM_DATA_WIDTH(128) on '/axi_vdma_0' with propagated value(32). Command ignored
WARNING: [BD 41-702] Propagation TCL tries to overwrite USER strength parameter C_M_AXI_S2MM_DATA_WIDTH(128) on '/axi_vdma_1' with propagated value(32). Command ignored
WARNING: [BD 41-702] Propagation TCL tries to overwrite USER strength parameter C_M_AXI_S2MM_DATA_WIDTH(128) on '/axi_vdma_0' with propagated value(32). Command ignored
WARNING: [BD 41-702] Propagation TCL tries to overwrite USER strength parameter C_M_AXI_S2MM_DATA_WIDTH(128) on '/axi_vdma_1' with propagated value(32). Command ignored
WARNING: [BD 41-702] Propagation TCL tries to overwrite USER strength parameter C_M_AXI_S2MM_DATA_WIDTH(128) on '/axi_vdma_0' with propagated value(32). Command ignored
WARNING: [BD 41-702] Propagation TCL tries to overwrite USER strength parameter C_M_AXI_S2MM_DATA_WIDTH(128) on '/axi_vdma_1' with propagated value(32). Command ignored
WARNING: [BD 41-702] Propagation TCL tries to overwrite USER strength parameter C_M_AXI_S2MM_DATA_WIDTH(128) on '/axi_vdma_0' with propagated value(32). Command ignored
WARNING: [BD 41-702] Propagation TCL tries to overwrite USER strength parameter C_M_AXI_S2MM_DATA_WIDTH(128) on '/axi_vdma_1' with propagated value(32). Command ignored
WARNING: [BD 41-702] Propagation TCL tries to overwrite USER strength parameter C_M_AXI_S2MM_DATA_WIDTH(128) on '/axi_vdma_0' with propagated value(32). Command ignored
WARNING: [BD 41-702] Propagation TCL tries to overwrite USER strength parameter C_M_AXI_S2MM_DATA_WIDTH(128) on '/axi_vdma_1' with propagated value(32). Command ignored
INFO: [xilinx.com:ip:axi_vdma:6.2-15] /axi_vdma_0 
                    All clocks connected to AXI VDMA are not identical, therefore configuring AXI-VDMA in ASYNC mode.
WARNING: [xilinx.com:ip:axi_vdma:6.2-155] /axi_vdma_0 
                    To get the better performance, ensure AXI Memory Map clock frequency is greater than equal to AXI Streaming clock frequency.
INFO: [xilinx.com:ip:microblaze:9.6-16] /microblaze_0: Setting D-cache cacheable area base address C_DCACHE_BASEADDR to 0x80000000 and high address C_DCACHE_HIGHADDR to 0x9FFFFFFF.
INFO: [xilinx.com:ip:microblaze:9.6-16] /microblaze_0: Setting I-cache cacheable area base address C_ICACHE_BASEADDR to 0x80000000 and high address C_ICACHE_HIGHADDR to 0x9FFFFFFF.
INFO: [xilinx.com:ip:axi_intc:4.1-1] /microblaze_0_axi_intc: The AXI INTC core has been configured to operate with synchronous clocks.
validate_bd_design: Time (s): cpu = 00:00:15 ; elapsed = 00:00:22 . Memory (MB): peak = 1837.660 ; gain = 0.000
save_bd_design
Wrote  : <W:/ece532/src/hdmi.srcs/sources_1/bd/hdmi/hdmi.bd> 
reset_run synth_1
launch_runs impl_1 -to_step write_bitstream -jobs 4
INFO: [BD 41-1662] The design 'hdmi.bd' is already validated. Therefore parameter propagation will not be re-run.
VHDL Output written to : W:/ece532/src/hdmi.srcs/sources_1/bd/hdmi/hdl/hdmi.vhd
VHDL Output written to : W:/ece532/src/hdmi.srcs/sources_1/bd/hdmi/hdl/hdmi_wrapper.vhd
Wrote  : <W:/ece532/src/hdmi.srcs/sources_1/bd/hdmi/hdmi.bd> 
INFO: [BD 41-1029] Generation completed for the IP Integrator block axi_dynclk_0 .
INFO: [BD 41-1029] Generation completed for the IP Integrator block axi_gpio_video .
INFO: [BD 41-1029] Generation completed for the IP Integrator block axi_timer_0 .
INFO: [BD 41-1029] Generation completed for the IP Integrator block axi_uartlite_0 .
INFO: [BD 41-1029] Generation completed for the IP Integrator block axi_vdma_0 .
INFO: [BD 41-1029] Generation completed for the IP Integrator block dvi2rgb_0 .
INFO: [BD 41-1029] Generation completed for the IP Integrator block mdm_1 .
INFO: [BD 41-1029] Generation completed for the IP Integrator block microblaze_0 .
INFO: [BD 41-1029] Generation completed for the IP Integrator block microblaze_0_axi_intc .
INFO: [BD 41-1029] Generation completed for the IP Integrator block microblaze_0_local_memory/dlmb_bram_if_cntlr .
INFO: [BD 41-1029] Generation completed for the IP Integrator block microblaze_0_local_memory/dlmb_v10 .
INFO: [BD 41-1029] Generation completed for the IP Integrator block microblaze_0_local_memory/ilmb_bram_if_cntlr .
INFO: [BD 41-1029] Generation completed for the IP Integrator block microblaze_0_local_memory/ilmb_v10 .
INFO: [BD 41-1029] Generation completed for the IP Integrator block microblaze_0_local_memory/lmb_bram .
INFO: [BD 41-1029] Generation completed for the IP Integrator block microblaze_0_xlconcat .
INFO: [BD 41-1029] Generation completed for the IP Integrator block mig_7series_0 .
INFO: [BD 41-1029] Generation completed for the IP Integrator block rgb2dvi_0 .
INFO: [BD 41-1029] Generation completed for the IP Integrator block rst_mig_7series_0_100M .
INFO: [BD 41-1029] Generation completed for the IP Integrator block rst_mig_7series_0_pxl .
INFO: [BD 41-1029] Generation completed for the IP Integrator block v_axi4s_vid_out_0 .
INFO: [BD 41-1029] Generation completed for the IP Integrator block v_tc_0 .
INFO: [BD 41-1029] Generation completed for the IP Integrator block v_tc_1 .
INFO: [BD 41-1029] Generation completed for the IP Integrator block v_vid_in_axi4s_0 .
INFO: [BD 41-1029] Generation completed for the IP Integrator block xlconstant_0 .
INFO: [BD 41-1029] Generation completed for the IP Integrator block axi_mem_intercon/xbar .
INFO: [BD 41-1029] Generation completed for the IP Integrator block microblaze_0_axi_periph/xbar .
INFO: [BD 41-1029] Generation completed for the IP Integrator block xlconstant_2 .
INFO: [BD 41-1029] Generation completed for the IP Integrator block axi_vdma_1 .
INFO: [BD 41-1029] Generation completed for the IP Integrator block axi_gpio_0 .
INFO: [BD 41-1029] Generation completed for the IP Integrator block ila_0 .
INFO: [BD 41-1029] Generation completed for the IP Integrator block ila_1 .
INFO: [BD 41-1029] Generation completed for the IP Integrator block led_detect_0 .
INFO: [BD 41-1029] Generation completed for the IP Integrator block axi_mem_intercon/s00_couplers/s00_regslice .
INFO: [BD 41-1029] Generation completed for the IP Integrator block axi_mem_intercon/s01_couplers/s01_regslice .
INFO: [BD 41-1029] Generation completed for the IP Integrator block axi_mem_intercon/s02_couplers/s02_regslice .
INFO: [BD 41-1029] Generation completed for the IP Integrator block axi_mem_intercon/s03_couplers/s03_regslice .
INFO: [BD 41-1029] Generation completed for the IP Integrator block axi_mem_intercon/s04_couplers/s04_regslice .
INFO: [BD 41-1029] Generation completed for the IP Integrator block axi_mem_intercon/s05_couplers/s05_regslice .
INFO: [BD 41-1029] Generation completed for the IP Integrator block axi_mem_intercon/m00_couplers/m00_data_fifo .
INFO: [BD 41-1029] Generation completed for the IP Integrator block axi_mem_intercon/m00_couplers/m00_regslice .
INFO: [BD 41-1029] Generation completed for the IP Integrator block axi_mem_intercon/m00_couplers/auto_ds .
INFO: [BD 41-1029] Generation completed for the IP Integrator block axi_mem_intercon/s00_couplers/auto_us .
INFO: [BD 41-1029] Generation completed for the IP Integrator block axi_mem_intercon/s00_couplers/auto_rs_w .
INFO: [BD 41-1029] Generation completed for the IP Integrator block axi_mem_intercon/s01_couplers/auto_us .
INFO: [BD 41-1029] Generation completed for the IP Integrator block axi_mem_intercon/s01_couplers/auto_rs_w .
INFO: [BD 41-1029] Generation completed for the IP Integrator block axi_mem_intercon/s04_couplers/auto_us .
INFO: [BD 41-1029] Generation completed for the IP Integrator block axi_mem_intercon/s04_couplers/auto_rs_w .
INFO: [BD 41-1029] Generation completed for the IP Integrator block axi_mem_intercon/s05_couplers/auto_us .
INFO: [BD 41-1029] Generation completed for the IP Integrator block axi_mem_intercon/s05_couplers/auto_rs_w .
Exporting to file W:/ece532/src/hdmi.srcs/sources_1/bd/hdmi/hw_handoff/hdmi.hwh
WARNING: [IP_Flow 19-3331] Invalid parameters found in dependency constraints of 'BUSIF_ENABLEMENT.AsyncRst' 
WARNING: [IP_Flow 19-3331] Invalid parameters found in dependency constraints of 'BUSIF_ENABLEMENT.SyncRst' 
Generated Block Design Tcl file W:/ece532/src/hdmi.srcs/sources_1/bd/hdmi/hw_handoff/hdmi_bd.tcl
Generated Hardware Definition File W:/ece532/src/hdmi.srcs/sources_1/bd/hdmi/hdl/hdmi.hwdef
[Thu Mar 23 16:54:06 2017] Launched synth_1...
Run output will be captured here: W:/ece532/src/hdmi.runs/synth_1/runme.log
[Thu Mar 23 16:54:06 2017] Launched impl_1...
Run output will be captured here: W:/ece532/src/hdmi.runs/impl_1/runme.log
launch_runs: Time (s): cpu = 00:00:09 ; elapsed = 00:01:20 . Memory (MB): peak = 1837.660 ; gain = 0.000
report_ip_status -name ip_status 
INFO: [Vivado 12-4158] Exported Hardware file is out of date. Exported hardware information may be inconsistent with respect to the current state of the design. It is recommended that you re-export the design and launch SDK otherwise SDK is launched with out of date hardware system file.
launch_sdk -workspace W:/ece532/src/hdmi.sdk -hwspec W:/ece532/src/hdmi.sdk/hdmi_wrapper.hdf
INFO: [Vivado 12-393] Launching SDK...
INFO: [Vivado 12-417] Running xsdk -workspace W:/ece532/src/hdmi.sdk -hwspec W:/ece532/src/hdmi.sdk/hdmi_wrapper.hdf
INFO: [Vivado 12-3157] SDK launch initiated. Please check console for any further messages.
open_hw
file copy -force W:/ece532/src/hdmi.runs/impl_1/hdmi_wrapper.sysdef W:/ece532/src/hdmi.sdk/hdmi_wrapper.hdf

launch_sdk -workspace W:/ece532/src/hdmi.sdk -hwspec W:/ece532/src/hdmi.sdk/hdmi_wrapper.hdf
INFO: [Vivado 12-393] Launching SDK...
INFO: [Vivado 12-417] Running xsdk -workspace W:/ece532/src/hdmi.sdk -hwspec W:/ece532/src/hdmi.sdk/hdmi_wrapper.hdf
INFO: [Vivado 12-3157] SDK launch initiated. Please check console for any further messages.
launch_sdk -workspace W:/ece532/src/hdmi.sdk -hwspec W:/ece532/src/hdmi.sdk/hdmi_wrapper.hdf
INFO: [Vivado 12-393] Launching SDK...
INFO: [Vivado 12-417] Running xsdk -workspace W:/ece532/src/hdmi.sdk -hwspec W:/ece532/src/hdmi.sdk/hdmi_wrapper.hdf
INFO: [Vivado 12-3157] SDK launch initiated. Please check console for any further messages.
launch_sdk -workspace W:/ece532/src/hdmi.sdk -hwspec W:/ece532/src/hdmi.sdk/hdmi_wrapper.hdf
INFO: [Vivado 12-393] Launching SDK...
INFO: [Vivado 12-417] Running xsdk -workspace W:/ece532/src/hdmi.sdk -hwspec W:/ece532/src/hdmi.sdk/hdmi_wrapper.hdf
INFO: [Vivado 12-3157] SDK launch initiated. Please check console for any further messages.
launch_sdk -workspace W:/ece532/src/hdmi.sdk -hwspec W:/ece532/src/hdmi.sdk/hdmi_wrapper.hdf
INFO: [Vivado 12-393] Launching SDK...
INFO: [Vivado 12-417] Running xsdk -workspace W:/ece532/src/hdmi.sdk -hwspec W:/ece532/src/hdmi.sdk/hdmi_wrapper.hdf
INFO: [Vivado 12-3157] SDK launch initiated. Please check console for any further messages.
exit
INFO: [Common 17-206] Exiting Vivado at Thu Mar 23 21:09:40 2017...
