#-----------------------------------------------------------
# Vivado v2016.2 (64-bit)
# SW Build 1577090 on Thu Jun  2 16:32:40 MDT 2016
# IP Build 1577682 on Fri Jun  3 12:00:54 MDT 2016
# Start of session at: Tue Mar 21 19:07:50 2017
# Process ID: 3484
# Current directory: W:/ece532/src
# Command line: vivado.exe -gui_launcher_event rodinguilauncherevent5472 hdmi.xpr
# Log file: W:/ece532/src/vivado.log
# Journal file: W:/ece532/src\vivado.jou
#-----------------------------------------------------------
start_gui
open_project hdmi.xpr
Scanning sources...
Finished scanning sources
INFO: [IP_Flow 19-234] Refreshing IP repositories
INFO: [IP_Flow 19-1700] Loaded user IP repository 'w:/ece532/img_processing_ip/ip_repo'.
INFO: [IP_Flow 19-1700] Loaded user IP repository 'w:/ece532/src/repo'.
INFO: [IP_Flow 19-2313] Loaded Vivado IP repository 'C:/Xilinx/Vivado/2016.2/data/ip'.
open_project: Time (s): cpu = 00:00:22 ; elapsed = 00:00:20 . Memory (MB): peak = 1127.730 ; gain = 437.586
update_compile_order -fileset sources_1
open_hw
connect_hw_server
INFO: [Labtools 27-2285] Connecting to hw_server url TCP:localhost:3121
INFO: [Common 17-41] Interrupt caught. Command should exit soon.
