#-----------------------------------------------------------
# Vivado v2016.2 (64-bit)
# SW Build 1577090 on Thu Jun  2 16:32:40 MDT 2016
# IP Build 1577682 on Fri Jun  3 12:00:54 MDT 2016
# Start of session at: Tue Mar 28 10:27:45 2017
# Process ID: 4252
# Current directory: W:/ece532/src
# Command line: vivado.exe -gui_launcher_event rodinguilauncherevent2812 W:\ece532\src\hdmi.xpr
# Log file: W:/ece532/src/vivado.log
# Journal file: W:/ece532/src\vivado.jou
#-----------------------------------------------------------
start_gui
open_project W:/ece532/src/hdmi.xpr
Scanning sources...
Finished scanning sources
INFO: [IP_Flow 19-234] Refreshing IP repositories
INFO: [IP_Flow 19-1700] Loaded user IP repository 'w:/ece532/img_processing_ip/ip_repo'.
INFO: [IP_Flow 19-1700] Loaded user IP repository 'w:/ece532/src/repo'.
INFO: [IP_Flow 19-2313] Loaded Vivado IP repository 'C:/Xilinx/Vivado/2016.2/data/ip'.
open_project: Time (s): cpu = 00:00:24 ; elapsed = 00:00:35 . Memory (MB): peak = 1217.793 ; gain = 579.195
update_compile_order -fileset sources_1
launch_sdk -workspace W:/ece532/src/hdmi.sdk -hwspec W:/ece532/src/hdmi.sdk/hdmi_wrapper.hdf
INFO: [Vivado 12-393] Launching SDK...
INFO: [Vivado 12-417] Running xsdk -workspace W:/ece532/src/hdmi.sdk -hwspec W:/ece532/src/hdmi.sdk/hdmi_wrapper.hdf
INFO: [Vivado 12-3157] SDK launch initiated. Please check console for any further messages.
