#
# A fatal error has been detected by the Java Runtime Environment:
#
#  EXCEPTION_UNCAUGHT_CXX_EXCEPTION (0xe06d7363) at pc=0x000007fefcc1a06d, pid=5268, tid=3168
#
# JRE version: Java(TM) SE Runtime Environment (8.0_66-b18) (build 1.8.0_66-b18)
# Java VM: Java HotSpot(TM) 64-Bit Server VM (25.66-b18 mixed mode windows-amd64 compressed oops)
# Problematic frame:
# C  [KERNELBASE.dll+0x1a06d]
#
# Failed to write core dump. Minidumps are not enabled by default on client versions of Windows
#
# If you would like to submit a bug report, please visit:
#   http://bugreport.java.com/bugreport/crash.jsp
#

---------------  T H R E A D  ---------------

Current thread (0x0000000013c94000):  VMThread [stack: 0x0000000015d60000,0x0000000015e60000] [id=3168]

siginfo: ExceptionCode=0xe06d7363, ExceptionInformation=0x0000000019930520 0x0000000015e5f4c8 0x000007feeba02cb8 0x000007feeb950000 

Registers:
RAX=0x00000000618aa7bf, RBX=0x000007feeba02cb8, RCX=0x0000000015e5ed10, RDX=0x00000000000000d0
RSP=0x0000000015e5f320, RBP=0x0000000015e5f450, RSI=0x00000000ffffffff, RDI=0x0000000017491f90
R8 =0x0000000000000000, R9 =0x0000000000000000, R10=0x000007feeb950000, R11=0x0000000015e5f360
R12=0x0000000000000001, R13=0x0000000000000008, R14=0x0000000000000000, R15=0xffffffffffffffff
RIP=0x000007fefcc1a06d, EFLAGS=0x0000000000000202

Top of Stack: (sp=0x0000000015e5f320)
0x0000000015e5f320:   000007feeba02cb8 00000000ffffffff
0x0000000015e5f330:   0000000017491f90 00000000002042c0
0x0000000015e5f340:   00000001e06d7363 0000000000000000
0x0000000015e5f350:   000007fefcc1a06d 000007fe00000004
0x0000000015e5f360:   0000000019930520 0000000015e5f4c8
0x0000000015e5f370:   000007feeba02cb8 000007feeb950000
0x0000000015e5f380:   0000000000000000 0000000015e5f408
0x0000000015e5f390:   0000000000000028 0000000017491f80
0x0000000015e5f3a0:   0000000017463540 0000000000000000
0x0000000015e5f3b0:   000007fffffa8000 0000000076eef2d3
0x0000000015e5f3c0:   0000000000000000 0000000000000008
0x0000000015e5f3d0:   0000000000000001 0000000017491f90
0x0000000015e5f3e0:   00000000ffffffff 000007feeb9ae92c
0x0000000015e5f3f0:   000007feeba02cb8 0000000015e5f460
0x0000000015e5f400:   0000000000000001 000007feeb9500f8
0x0000000015e5f410:   00000001e06d7363 0000000000000000 

Instructions: (pc=0x000007fefcc1a06d)
0x000007fefcc1a04d:   54 24 24 48 89 4c 24 28 4d 85 c9 0f 85 6a 03 00
0x000007fefcc1a05d:   00 89 4c 24 38 48 8d 4c 24 20 ff 15 33 02 03 00
0x000007fefcc1a06d:   48 81 c4 c8 00 00 00 c3 90 90 90 90 90 90 90 90
0x000007fefcc1a07d:   90 90 90 48 83 ec 28 65 48 8b 04 25 30 00 00 00 


Register to memory mapping:

RAX=0x00000000618aa7bf is an unknown value
RBX=0x000007feeba02cb8 is an unknown value
RCX=0x0000000015e5ed10 is an unknown value
RDX=0x00000000000000d0 is an unknown value
RSP=0x0000000015e5f320 is an unknown value
RBP=0x0000000015e5f450 is an unknown value
RSI=0x00000000ffffffff is an unknown value
RDI=0x0000000017491f90 is an unknown value
R8 =0x0000000000000000 is an unknown value
R9 =0x0000000000000000 is an unknown value
R10=0x000007feeb950000 is an unknown value
R11=0x0000000015e5f360 is an unknown value
R12=0x0000000000000001 is an unknown value
R13=0x0000000000000008 is an unknown value
R14=0x0000000000000000 is an unknown value
R15=0xffffffffffffffff is an unknown value


Stack: [0x0000000015d60000,0x0000000015e60000],  sp=0x0000000015e5f320,  free space=1020k
Native frames: (J=compiled Java code, j=interpreted, Vv=VM code, C=native code)
C  [KERNELBASE.dll+0x1a06d]
C  [MSVCR110.dll+0x5e92c]
C  [MSVCR110.dll+0x1315c]
C  [MSVCR110.dll+0x136a9]
C  [MSVCR110.dll+0x13e9c]
C  [MSVCR110.dll+0x239e]
C  [MSVCR110.dll+0xaf9e]
C  [MSVCP110.dll+0x397b9]
C  [librdi_common.dll+0x182316]
C  [librdi_common.dll+0x180fab]
C  0x000007feedf52400
C  0x000007feedf52682
C  [ntdll.dll+0x229b1]
C  [ntdll.dll+0x227c0]
C  [MSVCR100.dll+0x20ccd]
V  [jvm.dll+0x210cc5]
V  [jvm.dll+0x249897]
V  [jvm.dll+0x248b36]
V  [jvm.dll+0x248fd1]
V  [jvm.dll+0x2491ee]
V  [jvm.dll+0x29a0fa]
C  [MSVCR100.dll+0x21d9f]
C  [MSVCR100.dll+0x21e3b]
C  [kernel32.dll+0x159bd]
C  [ntdll.dll+0x2a2e1]

VM_Operation (0x000000000012f4c0): Exit, mode: safepoint, requested by thread 0x00000000022e8800


---------------  P R O C E S S  ---------------

Java Threads: ( => current thread )
  0x00000000150d4800 JavaThread "pool-2-thread-5" [_thread_blocked, id=4008, stack(0x000000002ca40000,0x000000002cb40000)]
  0x00000000205ef000 JavaThread "pool-2-thread-4" [_thread_blocked, id=4496, stack(0x000000002bc30000,0x000000002bd30000)]
  0x000000001d452800 JavaThread "pool-2-thread-3" [_thread_blocked, id=5764, stack(0x000000002c0a0000,0x000000002c1a0000)]
  0x00000000205ea000 JavaThread "pool-2-thread-2" [_thread_blocked, id=5828, stack(0x000000002b030000,0x000000002b130000)]
  0x00000000205ea800 JavaThread "pool-2-thread-1" [_thread_blocked, id=5720, stack(0x000000002b930000,0x000000002ba30000)]
  0x000000001b3e9800 JavaThread "Thread-110" daemon [_thread_blocked, id=3344, stack(0x000000002b730000,0x000000002b830000)]
  0x0000000017888800 JavaThread "TCF Channel Transmitter" daemon [_thread_blocked, id=1104, stack(0x00000000272d0000,0x00000000273d0000)]
  0x0000000017887000 JavaThread "TCF Channel Receiver" daemon [_thread_in_native, id=3952, stack(0x0000000026d30000,0x0000000026e30000)]
  0x0000000017886000 JavaThread "Process monitor" daemon [_thread_in_native, id=6000, stack(0x00000000278d0000,0x00000000279d0000)]
  0x0000000017884800 JavaThread "Input Stream Monitor" daemon [_thread_blocked, id=5772, stack(0x00000000277d0000,0x00000000278d0000)]
  0x0000000017884000 JavaThread "Output Stream Monitor" daemon [_thread_in_native, id=6128, stack(0x00000000276d0000,0x00000000277d0000)]
  0x0000000017883000 JavaThread "Output Stream Monitor" daemon [_thread_in_native, id=4364, stack(0x00000000275d0000,0x00000000276d0000)]
  0x00000000205e7000 JavaThread "TCF Locator DNS Lookup" daemon [_thread_blocked, id=2204, stack(0x0000000026130000,0x0000000026230000)]
  0x00000000205e6000 JavaThread "TCF Locator Timer" daemon [_thread_blocked, id=5524, stack(0x0000000026030000,0x0000000026130000)]
  0x00000000205e5800 JavaThread "TCF Locator Receiver" daemon [_thread_in_native, id=4032, stack(0x0000000025f30000,0x0000000026030000)]
  0x00000000205e4000 JavaThread "TCF Timer Dispatcher" daemon [_thread_blocked, id=5944, stack(0x0000000024290000,0x0000000024390000)]
  0x0000000017874000 JavaThread "EMF Reference Cleaner" daemon [_thread_blocked, id=5644, stack(0x000000001a4b0000,0x000000001a5b0000)]
  0x0000000014f01800 JavaThread "Service Thread" daemon [_thread_blocked, id=2472, stack(0x0000000016720000,0x0000000016820000)]
  0x0000000014e84000 JavaThread "C1 CompilerThread3" daemon [_thread_blocked, id=4412, stack(0x0000000016620000,0x0000000016720000)]
  0x0000000014e76800 JavaThread "C2 CompilerThread2" daemon [_thread_blocked, id=740, stack(0x0000000016520000,0x0000000016620000)]
  0x0000000014e6f800 JavaThread "C2 CompilerThread1" daemon [_thread_blocked, id=5920, stack(0x0000000016420000,0x0000000016520000)]
  0x0000000014e68800 JavaThread "C2 CompilerThread0" daemon [_thread_blocked, id=3540, stack(0x0000000016320000,0x0000000016420000)]
  0x0000000014e65000 JavaThread "Attach Listener" daemon [_thread_blocked, id=5560, stack(0x0000000016220000,0x0000000016320000)]
  0x0000000014e64000 JavaThread "Signal Dispatcher" daemon [_thread_blocked, id=5728, stack(0x0000000016120000,0x0000000016220000)]
  0x0000000013ca0000 JavaThread "Finalizer" daemon [_thread_blocked, id=1568, stack(0x0000000015f60000,0x0000000016060000)]
  0x0000000013c99000 JavaThread "Reference Handler" daemon [_thread_blocked, id=4400, stack(0x0000000015e60000,0x0000000015f60000)]
  0x00000000022e8800 JavaThread "main" [_thread_blocked, id=5680, stack(0x0000000000030000,0x0000000000130000)]

Other Threads:
=>0x0000000013c94000 VMThread [stack: 0x0000000015d60000,0x0000000015e60000] [id=3168]

VM state:at safepoint (shutting down)

VM Mutex/Monitor currently owned by a thread:  ([mutex/lock_event])
[0x00000000025ee9f0] Threads_lock - owner thread: 0x0000000013c94000

Heap:
 PSYoungGen      total 163328K, used 60415K [0x00000000f5580000, 0x0000000100000000, 0x0000000100000000)
  eden space 152576K, 39% used [0x00000000f5580000,0x00000000f907fd98,0x00000000fea80000)
  from space 10752K, 0% used [0x00000000fea80000,0x00000000fea80000,0x00000000ff500000)
  to   space 10240K, 0% used [0x00000000ff600000,0x00000000ff600000,0x0000000100000000)
 ParOldGen       total 149504K, used 84718K [0x00000000e0000000, 0x00000000e9200000, 0x00000000f5580000)
  object space 149504K, 56% used [0x00000000e0000000,0x00000000e52bbb38,0x00000000e9200000)
 Metaspace       used 112887K, capacity 121284K, committed 121560K, reserved 1155072K
  class space    used 13095K, capacity 15782K, committed 15872K, reserved 1048576K

Card table byte_map: [0x0000000002400000,0x0000000002510000] byte_map_base: 0x0000000001d00000

Marking Bits: (ParMarkBitMap*) 0x000000007140a5b0
 Begin Bits: [0x00000000121b0000, 0x00000000129b0000)
 End Bits:   [0x00000000129b0000, 0x00000000131b0000)

Polling page: 0x0000000000600000

CodeCache: size=245760Kb used=88172Kb max_used=88211Kb free=157587Kb
 bounds [0x00000000025f0000, 0x0000000007ce0000, 0x00000000115f0000]
 total_blobs=22419 nmethods=21485 adapters=839
 compilation: enabled

Compilation events (10 events):
Event: 7939.177 Thread 0x0000000014e68800 29238       4       java.util.ComparableTimSort::binarySort (223 bytes)
Event: 7939.178 Thread 0x0000000014e84000 29239       3       java.util.ComparableTimSort::mergeAt (356 bytes)
Event: 7939.179 Thread 0x0000000014e84000 nmethod 29239 0x0000000002b40990 code [0x0000000002b40b80, 0x0000000002b41338]
Event: 7939.181 Thread 0x0000000014e68800 nmethod 29238 0x0000000003f5c0d0 code [0x0000000003f5c220, 0x0000000003f5c738]
Event: 7939.189 Thread 0x0000000014e84000 29240       3       org.eclipse.osgi.internal.serviceregistry.ServiceRegistry::asBundleContexts (2 bytes)
Event: 7939.189 Thread 0x0000000014e84000 nmethod 29240 0x0000000005c15350 code [0x0000000005c154a0, 0x0000000005c155d0]
Event: 7939.192 Thread 0x0000000014e84000 29241       3       org.eclipse.osgi.internal.serviceregistry.ShrinkableValueCollectionMap::<init> (27 bytes)
Event: 7939.193 Thread 0x0000000014e84000 nmethod 29241 0x0000000007c4fdd0 code [0x0000000007c4ff40, 0x0000000007c50268]
Event: 7939.195 Thread 0x0000000014e84000 29243       3       java.util.concurrent.locks.AbstractQueuedSynchronizer::unparkSuccessor (84 bytes)
Event: 7939.195 Thread 0x0000000014e84000 nmethod 29243 0x0000000002a84390 code [0x0000000002a84520, 0x0000000002a84a68]

GC Heap History (10 events):
Event: 7808.536 GC heap before
{Heap before GC invocations=421 (full 56):
 PSYoungGen      total 162816K, used 608K [0x00000000f5580000, 0x0000000100000000, 0x0000000100000000)
  eden space 151040K, 0% used [0x00000000f5580000,0x00000000f5580000,0x00000000fe900000)
  from space 11776K, 5% used [0x00000000fe900000,0x00000000fe998000,0x00000000ff480000)
  to   space 11264K, 0% used [0x00000000ff500000,0x00000000ff500000,0x0000000100000000)
 ParOldGen       total 149504K, used 85085K [0x00000000e0000000, 0x00000000e9200000, 0x00000000f5580000)
  object space 149504K, 56% used [0x00000000e0000000,0x00000000e5317560,0x00000000e9200000)
 Metaspace       used 112447K, capacity 120806K, committed 121176K, reserved 1155072K
  class space    used 13048K, capacity 15687K, committed 15744K, reserved 1048576K
Event: 7808.836 GC heap after
Heap after GC invocations=421 (full 56):
 PSYoungGen      total 162816K, used 0K [0x00000000f5580000, 0x0000000100000000, 0x0000000100000000)
  eden space 151040K, 0% used [0x00000000f5580000,0x00000000f5580000,0x00000000fe900000)
  from space 11776K, 0% used [0x00000000fe900000,0x00000000fe900000,0x00000000ff480000)
  to   space 11264K, 0% used [0x00000000ff500000,0x00000000ff500000,0x0000000100000000)
 ParOldGen       total 149504K, used 84961K [0x00000000e0000000, 0x00000000e9200000, 0x00000000f5580000)
  object space 149504K, 56% used [0x00000000e0000000,0x00000000e52f8720,0x00000000e9200000)
 Metaspace       used 112440K, capacity 120794K, committed 121176K, reserved 1155072K
  class space    used 13047K, capacity 15685K, committed 15744K, reserved 1048576K
}
Event: 7868.551 GC heap before
{Heap before GC invocations=422 (full 56):
 PSYoungGen      total 162816K, used 4222K [0x00000000f5580000, 0x0000000100000000, 0x0000000100000000)
  eden space 151040K, 2% used [0x00000000f5580000,0x00000000f599f9d0,0x00000000fe900000)
  from space 11776K, 0% used [0x00000000fe900000,0x00000000fe900000,0x00000000ff480000)
  to   space 11264K, 0% used [0x00000000ff500000,0x00000000ff500000,0x0000000100000000)
 ParOldGen       total 149504K, used 84961K [0x00000000e0000000, 0x00000000e9200000, 0x00000000f5580000)
  object space 149504K, 56% used [0x00000000e0000000,0x00000000e52f8720,0x00000000e9200000)
 Metaspace       used 112440K, capacity 120794K, committed 121176K, reserved 1155072K
  class space    used 13047K, capacity 15685K, committed 15744K, reserved 1048576K
Event: 7868.555 GC heap after
Heap after GC invocations=422 (full 56):
 PSYoungGen      total 163840K, used 224K [0x00000000f5580000, 0x0000000100000000, 0x0000000100000000)
  eden space 152576K, 0% used [0x00000000f5580000,0x00000000f5580000,0x00000000fea80000)
  from space 11264K, 1% used [0x00000000ff500000,0x00000000ff538000,0x0000000100000000)
  to   space 10752K, 0% used [0x00000000fea80000,0x00000000fea80000,0x00000000ff500000)
 ParOldGen       total 149504K, used 84961K [0x00000000e0000000, 0x00000000e9200000, 0x00000000f5580000)
  object space 149504K, 56% used [0x00000000e0000000,0x00000000e52f8720,0x00000000e9200000)
 Metaspace       used 112440K, capacity 120794K, committed 121176K, reserved 1155072K
  class space    used 13047K, capacity 15685K, committed 15744K, reserved 1048576K
}
Event: 7868.555 GC heap before
{Heap before GC invocations=423 (full 57):
 PSYoungGen      total 163840K, used 224K [0x00000000f5580000, 0x0000000100000000, 0x0000000100000000)
  eden space 152576K, 0% used [0x00000000f5580000,0x00000000f5580000,0x00000000fea80000)
  from space 11264K, 1% used [0x00000000ff500000,0x00000000ff538000,0x0000000100000000)
  to   space 10752K, 0% used [0x00000000fea80000,0x00000000fea80000,0x00000000ff500000)
 ParOldGen       total 149504K, used 84961K [0x00000000e0000000, 0x00000000e9200000, 0x00000000f5580000)
  object space 149504K, 56% used [0x00000000e0000000,0x00000000e52f8720,0x00000000e9200000)
 Metaspace       used 112440K, capacity 120794K, committed 121176K, reserved 1155072K
  class space    used 13047K, capacity 15685K, committed 15744K, reserved 1048576K
Event: 7868.757 GC heap after
Heap after GC invocations=423 (full 57):
 PSYoungGen      total 163840K, used 0K [0x00000000f5580000, 0x0000000100000000, 0x0000000100000000)
  eden space 152576K, 0% used [0x00000000f5580000,0x00000000f5580000,0x00000000fea80000)
  from space 11264K, 0% used [0x00000000ff500000,0x00000000ff500000,0x0000000100000000)
  to   space 10752K, 0% used [0x00000000fea80000,0x00000000fea80000,0x00000000ff500000)
 ParOldGen       total 149504K, used 84670K [0x00000000e0000000, 0x00000000e9200000, 0x00000000f5580000)
  object space 149504K, 56% used [0x00000000e0000000,0x00000000e52af928,0x00000000e9200000)
 Metaspace       used 112440K, capacity 120794K, committed 121176K, reserved 1155072K
  class space    used 13047K, capacity 15685K, committed 15744K, reserved 1048576K
}
Event: 7928.551 GC heap before
{Heap before GC invocations=424 (full 57):
 PSYoungGen      total 163840K, used 7238K [0x00000000f5580000, 0x0000000100000000, 0x0000000100000000)
  eden space 152576K, 4% used [0x00000000f5580000,0x00000000f5c91970,0x00000000fea80000)
  from space 11264K, 0% used [0x00000000ff500000,0x00000000ff500000,0x0000000100000000)
  to   space 10752K, 0% used [0x00000000fea80000,0x00000000fea80000,0x00000000ff500000)
 ParOldGen       total 149504K, used 84670K [0x00000000e0000000, 0x00000000e9200000, 0x00000000f5580000)
  object space 149504K, 56% used [0x00000000e0000000,0x00000000e52af928,0x00000000e9200000)
 Metaspace       used 112441K, capacity 120794K, committed 121176K, reserved 1155072K
  class space    used 13047K, capacity 15685K, committed 15744K, reserved 1048576K
Event: 7928.555 GC heap after
Heap after GC invocations=424 (full 57):
 PSYoungGen      total 163328K, used 224K [0x00000000f5580000, 0x0000000100000000, 0x0000000100000000)
  eden space 152576K, 0% used [0x00000000f5580000,0x00000000f5580000,0x00000000fea80000)
  from space 10752K, 2% used [0x00000000fea80000,0x00000000feab8000,0x00000000ff500000)
  to   space 10240K, 0% used [0x00000000ff600000,0x00000000ff600000,0x0000000100000000)
 ParOldGen       total 149504K, used 84670K [0x00000000e0000000, 0x00000000e9200000, 0x00000000f5580000)
  object space 149504K, 56% used [0x00000000e0000000,0x00000000e52af928,0x00000000e9200000)
 Metaspace       used 112441K, capacity 120794K, committed 121176K, reserved 1155072K
  class space    used 13047K, capacity 15685K, committed 15744K, reserved 1048576K
}
Event: 7928.555 GC heap before
{Heap before GC invocations=425 (full 58):
 PSYoungGen      total 163328K, used 224K [0x00000000f5580000, 0x0000000100000000, 0x0000000100000000)
  eden space 152576K, 0% used [0x00000000f5580000,0x00000000f5580000,0x00000000fea80000)
  from space 10752K, 2% used [0x00000000fea80000,0x00000000feab8000,0x00000000ff500000)
  to   space 10240K, 0% used [0x00000000ff600000,0x00000000ff600000,0x0000000100000000)
 ParOldGen       total 149504K, used 84670K [0x00000000e0000000, 0x00000000e9200000, 0x00000000f5580000)
  object space 149504K, 56% used [0x00000000e0000000,0x00000000e52af928,0x00000000e9200000)
 Metaspace       used 112441K, capacity 120794K, committed 121176K, reserved 1155072K
  class space    used 13047K, capacity 15685K, committed 15744K, reserved 1048576K
Event: 7928.762 GC heap after
Heap after GC invocations=425 (full 58):
 PSYoungGen      total 163328K, used 0K [0x00000000f5580000, 0x0000000100000000, 0x0000000100000000)
  eden space 152576K, 0% used [0x00000000f5580000,0x00000000f5580000,0x00000000fea80000)
  from space 10752K, 0% used [0x00000000fea80000,0x00000000fea80000,0x00000000ff500000)
  to   space 10240K, 0% used [0x00000000ff600000,0x00000000ff600000,0x0000000100000000)
 ParOldGen       total 149504K, used 84718K [0x00000000e0000000, 0x00000000e9200000, 0x00000000f5580000)
  object space 149504K, 56% used [0x00000000e0000000,0x00000000e52bbb38,0x00000000e9200000)
 Metaspace       used 112441K, capacity 120794K, committed 121176K, reserved 1155072K
  class space    used 13047K, capacity 15685K, committed 15744K, reserved 1048576K
}

Deoptimization events (10 events):
Event: 7939.164 Thread 0x0000000016b9a800 Uncommon trap: reason=unstable_if action=reinterpret pc=0x00000000034fb224 method=org.eclipse.osgi.internal.framework.BundleContextImpl.dispatchEvent(Ljava/lang/Object;Ljava/lang/Object;ILjava/lang/Object;)V @ 16
Event: 7939.170 Thread 0x0000000017878800 Uncommon trap: reason=unstable_if action=reinterpret pc=0x00000000061aed20 method=org.eclipse.osgi.framework.eventmgr.EventManager$EventThread.getNextEvent()Lorg/eclipse/osgi/framework/eventmgr/EventManager$EventThread$Queued; @ 15
Event: 7939.172 Thread 0x00000000150d2800 Uncommon trap: reason=unstable_if action=reinterpret pc=0x0000000004f1b6b8 method=org.eclipse.core.internal.jobs.JobManager.nextJob()Lorg/eclipse/core/runtime/jobs/Job; @ 80
Event: 7939.172 Thread 0x00000000150d2800 Uncommon trap: reason=unstable_if action=reinterpret pc=0x00000000047e0780 method=org.eclipse.core.internal.jobs.WorkerPool.startJob(Lorg/eclipse/core/internal/jobs/Worker;)Lorg/eclipse/core/internal/jobs/InternalJob; @ 177
Event: 7939.172 Thread 0x000000001d450000 Uncommon trap: reason=unstable_if action=reinterpret pc=0x00000000047e0780 method=org.eclipse.core.internal.jobs.WorkerPool.startJob(Lorg/eclipse/core/internal/jobs/Worker;)Lorg/eclipse/core/internal/jobs/InternalJob; @ 177
Event: 7939.172 Thread 0x000000002094d000 Uncommon trap: reason=unstable_if action=reinterpret pc=0x00000000047e0780 method=org.eclipse.core.internal.jobs.WorkerPool.startJob(Lorg/eclipse/core/internal/jobs/Worker;)Lorg/eclipse/core/internal/jobs/InternalJob; @ 177
Event: 7939.172 Thread 0x00000000205eb800 Uncommon trap: reason=unstable_if action=reinterpret pc=0x00000000047e0780 method=org.eclipse.core.internal.jobs.WorkerPool.startJob(Lorg/eclipse/core/internal/jobs/Worker;)Lorg/eclipse/core/internal/jobs/InternalJob; @ 177
Event: 7939.189 Thread 0x00000000205e9000 Uncommon trap: reason=unstable_if action=reinterpret pc=0x000000000400ea4c method=sun.reflect.UnsafeStaticObjectFieldAccessorImpl.set(Ljava/lang/Object;Ljava/lang/Object;)V @ 13
Event: 7939.194 Thread 0x0000000017875800 Uncommon trap: reason=unstable_if action=reinterpret pc=0x00000000061aed20 method=org.eclipse.osgi.framework.eventmgr.EventManager$EventThread.getNextEvent()Lorg/eclipse/osgi/framework/eventmgr/EventManager$EventThread$Queued; @ 15
Event: 7939.194 Thread 0x00000000205e9000 Uncommon trap: reason=unstable_if action=reinterpret pc=0x000000000379b400 method=java.util.concurrent.locks.ReentrantLock$Sync.tryRelease(I)Z @ 28

Internal exceptions (10 events):
Event: 7937.664 Thread 0x00000000022e8800 Implicit null exception at 0x0000000005261b3a to 0x0000000005261d4d
Event: 7937.664 Thread 0x00000000022e8800 Implicit null exception at 0x00000000044482b8 to 0x000000000444896d
Event: 7937.671 Thread 0x00000000022e8800 Implicit null exception at 0x0000000002acef70 to 0x0000000002acefc9
Event: 7938.426 Thread 0x000000002094d000 Implicit null exception at 0x000000000644c81d to 0x000000000644e1c1
Event: 7938.431 Thread 0x000000001b3e8000 Exception <a 'java/lang/InterruptedException'> (0x00000000f8b04698) thrown at [C:\re\workspace\8-2-build-windows-amd64-cygwin\jdk8u66\5298\hotspot\src\share\vm\runtime\objectMonitor.cpp, line 1683]
Event: 7939.170 Thread 0x0000000017878800 Exception <a 'java/lang/InterruptedException'> (0x00000000f87bece8) thrown at [C:\re\workspace\8-2-build-windows-amd64-cygwin\jdk8u66\5298\hotspot\src\share\vm\runtime\objectMonitor.cpp, line 1683]
Event: 7939.189 Thread 0x00000000205e9000 Implicit null exception at 0x000000000400e737 to 0x000000000400ea39
Event: 7939.189 Thread 0x0000000016b9a800 Exception <a 'java/lang/InterruptedException'> (0x00000000f8e64610) thrown at [C:\re\workspace\8-2-build-windows-amd64-cygwin\jdk8u66\5298\hotspot\src\share\vm\runtime\objectMonitor.cpp, line 1683]
Event: 7939.194 Thread 0x0000000017875800 Exception <a 'java/lang/InterruptedException'> (0x00000000f83ea580) thrown at [C:\re\workspace\8-2-build-windows-amd64-cygwin\jdk8u66\5298\hotspot\src\share\vm\runtime\objectMonitor.cpp, line 1683]
Event: 7939.194 Thread 0x0000000017a2f800 Exception <a 'java/lang/InterruptedException'> (0x00000000f8fe3e40) thrown at [C:\re\workspace\8-2-build-windows-amd64-cygwin\jdk8u66\5298\hotspot\src\share\vm\runtime\objectMonitor.cpp, line 1683]

Events (10 events):
Event: 7939.195 Thread 0x0000000014e84000 flushing nmethod 0x00000000046b7bd0
Event: 7939.196 Thread 0x00000000205e9000 Thread exited: 0x00000000205e9000
Event: 7939.196 loading class java/util/IdentityHashMap$KeyIterator
Event: 7939.196 loading class java/util/IdentityHashMap$IdentityHashMapIterator
Event: 7939.196 loading class java/util/IdentityHashMap$IdentityHashMapIterator done
Event: 7939.196 loading class java/util/IdentityHashMap$KeyIterator done
Event: 7939.196 Thread 0x00000000205e9000 Thread added: 0x00000000205e9000
Event: 7939.196 Thread 0x0000000014e84000 flushing nmethod 0x00000000049f3290
Event: 7939.196 Thread 0x00000000205e9000 Thread exited: 0x00000000205e9000
Event: 7939.197 Executing VM operation: Exit


Dynamic libraries:
0x0000000000400000 - 0x000000000044f000 	C:\Xilinx\SDK\2016.2\eclipse\win64.o\eclipse.exe
0x0000000076ea0000 - 0x000000007704a000 	C:\Windows\SYSTEM32\ntdll.dll
0x0000000076c80000 - 0x0000000076d9f000 	C:\Windows\system32\kernel32.dll
0x000007fefcc00000 - 0x000007fefcc6a000 	C:\Windows\system32\KERNELBASE.dll
0x0000000076da0000 - 0x0000000076e9a000 	C:\Windows\system32\USER32.dll
0x000007feff000000 - 0x000007feff067000 	C:\Windows\system32\GDI32.dll
0x000007fefdd80000 - 0x000007fefdd8e000 	C:\Windows\system32\LPK.dll
0x000007fefe0a0000 - 0x000007fefe16a000 	C:\Windows\system32\USP10.dll
0x000007fefef10000 - 0x000007fefefaf000 	C:\Windows\system32\msvcrt.dll
0x000007fefb4f0000 - 0x000007fefb6e4000 	C:\Windows\WinSxS\amd64_microsoft.windows.common-controls_6595b64144ccf1df_6.0.7601.18837_none_fa3b1e3d17594757\COMCTL32.dll
0x000007feff130000 - 0x000007feff1a1000 	C:\Windows\system32\SHLWAPI.dll
0x000007fefd000000 - 0x000007fefd02e000 	C:\Windows\system32\IMM32.DLL
0x000007fefdbd0000 - 0x000007fefdcd9000 	C:\Windows\system32\MSCTF.dll
0x0000000072000000 - 0x0000000072012000 	C:\Xilinx\SDK\2016.2\eclipse\win64.o\plugins\org.eclipse.equinox.launcher.win32.win32.x86_64_1.1.300.v20150602-1417\eclipse_1611.dll
0x000007fefd960000 - 0x000007fefda3b000 	C:\Windows\system32\ADVAPI32.dll
0x000007fefd650000 - 0x000007fefd66f000 	C:\Windows\SYSTEM32\sechost.dll
0x000007fefdd90000 - 0x000007fefdebd000 	C:\Windows\system32\RPCRT4.dll
0x000007fefbc70000 - 0x000007fefbc7c000 	C:\Windows\system32\VERSION.dll
0x000007fefb490000 - 0x000007fefb4e6000 	C:\Windows\system32\UxTheme.dll
0x0000000070c00000 - 0x0000000071489000 	C:\Xilinx\SDK\2016.2\tps\win64\jre\bin\server\jvm.dll
0x000007fef94f0000 - 0x000007fef94f9000 	C:\Windows\system32\WSOCK32.dll
0x000007fefefb0000 - 0x000007fefeffd000 	C:\Windows\system32\WS2_32.dll
0x000007fefe170000 - 0x000007fefe178000 	C:\Windows\system32\NSI.dll
0x000007fef99b0000 - 0x000007fef99eb000 	C:\Windows\system32\WINMM.dll
0x0000000077060000 - 0x0000000077067000 	C:\Windows\system32\PSAPI.DLL
0x00000000721f0000 - 0x00000000722c2000 	C:\Windows\system32\MSVCR100.dll
0x0000000073b00000 - 0x0000000073b0f000 	C:\Xilinx\SDK\2016.2\tps\win64\jre\bin\verify.dll
0x0000000072fb0000 - 0x0000000072fd9000 	C:\Xilinx\SDK\2016.2\tps\win64\jre\bin\java.dll
0x0000000072ff0000 - 0x0000000073006000 	C:\Xilinx\SDK\2016.2\tps\win64\jre\bin\zip.dll
0x000007fefe180000 - 0x000007fefef09000 	C:\Windows\system32\SHELL32.dll
0x000007fefd670000 - 0x000007fefd873000 	C:\Windows\system32\ole32.dll
0x000007fefcbe0000 - 0x000007fefcbef000 	C:\Windows\system32\profapi.dll
0x000007fefc3e0000 - 0x000007fefc3f8000 	C:\Windows\system32\CRYPTSP.dll
0x000007fefc0e0000 - 0x000007fefc127000 	C:\Windows\system32\rsaenh.dll
0x000007fefcf50000 - 0x000007fefcf6e000 	C:\Windows\system32\USERENV.dll
0x000007fefca40000 - 0x000007fefca4f000 	C:\Windows\system32\CRYPTBASE.dll
0x0000000072f90000 - 0x0000000072faa000 	C:\Xilinx\SDK\2016.2\tps\win64\jre\bin\net.dll
0x000007fefc380000 - 0x000007fefc3d5000 	C:\Windows\system32\mswsock.dll
0x000007fefc370000 - 0x000007fefc377000 	C:\Windows\System32\wship6.dll
0x000007fefa3e0000 - 0x000007fefa407000 	C:\Windows\system32\IPHLPAPI.DLL
0x000007fefa3d0000 - 0x000007fefa3db000 	C:\Windows\system32\WINNSI.DLL
0x000007fef9700000 - 0x000007fef9711000 	C:\Windows\system32\dhcpcsvc6.DLL
0x000007fef96e0000 - 0x000007fef96f8000 	C:\Windows\system32\dhcpcsvc.DLL
0x0000000072f70000 - 0x0000000072f81000 	C:\Xilinx\SDK\2016.2\tps\win64\jre\bin\nio.dll
0x000007fefa080000 - 0x000007fefa095000 	C:\Windows\system32\NLAapi.dll
0x000007fef9200000 - 0x000007fef9215000 	C:\Windows\system32\napinsp.dll
0x000007fef9220000 - 0x000007fef9239000 	C:\Windows\system32\pnrpnsp.dll
0x000007fefc200000 - 0x000007fefc25b000 	C:\Windows\system32\DNSAPI.dll
0x000007fef91f0000 - 0x000007fef91fb000 	C:\Windows\System32\winrnr.dll
0x000007fefbd40000 - 0x000007fefbd47000 	C:\Windows\System32\wshtcpip.dll
0x000007fef9240000 - 0x000007fef9248000 	C:\Windows\system32\rasadhlp.dll
0x000007fef9ad0000 - 0x000007fef9b23000 	C:\Windows\System32\fwpuclnt.dll
0x000000001a1a0000 - 0x000000001a248000 	C:\Users\dezfoul2\.Xilinx\SDK\2016.2\org.eclipse.osgi\312\0\.cp\swt-win32-4527.dll
0x000007fefd880000 - 0x000007fefd958000 	C:\Windows\system32\OLEAUT32.dll
0x000007feff090000 - 0x000007feff127000 	C:\Windows\system32\comdlg32.dll
0x000007fef6bc0000 - 0x000007fef6c31000 	C:\Windows\system32\WINSPOOL.DRV
0x000007fefd380000 - 0x000007fefd645000 	C:\Windows\system32\WININET.dll
0x000007fefcea0000 - 0x000007fefcea4000 	C:\Windows\system32\api-ms-win-downlevel-user32-l1-1-0.dll
0x000007fefce80000 - 0x000007fefce84000 	C:\Windows\system32\api-ms-win-downlevel-shlwapi-l1-1-0.dll
0x000007fefcf70000 - 0x000007fefcf74000 	C:\Windows\system32\api-ms-win-downlevel-version-l1-1-0.dll
0x000007fefce90000 - 0x000007fefce93000 	C:\Windows\system32\api-ms-win-downlevel-normaliz-l1-1-0.dll
0x0000000077070000 - 0x0000000077073000 	C:\Windows\system32\normaliz.DLL
0x000007fefd0b0000 - 0x000007fefd379000 	C:\Windows\system32\iertutil.dll
0x000007fefcde0000 - 0x000007fefcde5000 	C:\Windows\system32\api-ms-win-downlevel-advapi32-l1-1-0.dll
0x000007fefcc70000 - 0x000007fefcddd000 	C:\Windows\system32\CRYPT32.dll
0x000007fefcbf0000 - 0x000007fefcbff000 	C:\Windows\system32\MSASN1.dll
0x000007fefaf60000 - 0x000007fefb08c000 	C:\Windows\system32\propsys.dll
0x000007fefdce0000 - 0x000007fefdd79000 	C:\Windows\system32\CLBCatQ.DLL
0x00000000025c0000 - 0x00000000025de000 	C:\Users\dezfoul2\.Xilinx\SDK\2016.2\org.eclipse.osgi\312\0\.cp\swt-gdip-win32-4527.dll
0x000007fefb270000 - 0x000007fefb486000 	C:\Windows\WinSxS\amd64_microsoft.windows.gdiplus_6595b64144ccf1df_1.1.7601.23508_none_145555328b95eaaa\gdiplus.dll
0x000007fefad90000 - 0x000007fefaef1000 	C:\Windows\system32\WindowsCodecs.dll
0x0000000180000000 - 0x0000000180012000 	C:\Users\dezfoul2\.Xilinx\SDK\2016.2\org.eclipse.osgi\126\0\.cp\os\win32\x86_64\localfile_1_0_0.dll
0x000007feee840000 - 0x000007feee894000 	C:\Windows\system32\oleacc.dll
0x000007fef9720000 - 0x000007fef9727000 	C:\Windows\system32\msimg32.dll
0x000007fefcb30000 - 0x000007fefcb44000 	C:\Windows\system32\RpcRtRemote.dll
0x000007fefc9e0000 - 0x000007fefca37000 	C:\Windows\system32\apphelp.dll
0x000007fefabf0000 - 0x000007fefac01000 	C:\Users\dezfoul2\.Xilinx\SDK\2016.2\org.eclipse.osgi\129\0\.cp\jWinHttp-1.0.0.dll
0x000007fef9c30000 - 0x000007fef9ca1000 	C:\Windows\system32\WINHTTP.dll
0x000007fef9bc0000 - 0x000007fef9c24000 	C:\Windows\system32\webio.dll
0x000007fefc9b0000 - 0x000007fefc9d5000 	C:\Windows\system32\SspiCli.dll
0x000007fefbfa0000 - 0x000007fefbfaa000 	C:\Windows\system32\credssp.dll
0x000007fefce40000 - 0x000007fefce76000 	C:\Windows\system32\CFGMGR32.dll
0x000007fefad50000 - 0x000007fefad5f000 	C:\Xilinx\SDK\2016.2\lib\win64.o\librdi_repo_manager.dll
0x000007fef4e50000 - 0x000007fef4e7a000 	C:\Xilinx\SDK\2016.2\lib\win64.o\libisl_sysinfo.dll
0x000007feeb950000 - 0x000007feeba24000 	C:\Windows\system32\MSVCR110.dll
0x000007feeb820000 - 0x000007feeb8c7000 	C:\Windows\system32\MSVCP110.dll
0x000007feba710000 - 0x000007febb150000 	C:\Xilinx\SDK\2016.2\lib\win64.o\librdi_common.dll
0x000007feed600000 - 0x000007feed96e000 	C:\Xilinx\SDK\2016.2\lib\win64.o\libCOIN-all.dll
0x000007feba4f0000 - 0x000007feba70f000 	C:\Xilinx\SDK\2016.2\lib\win64.o\libXil_lmgr11.dll
0x000007fefac50000 - 0x000007fefac66000 	C:\Windows\system32\NETAPI32.dll
0x000007fefc010000 - 0x000007fefc01c000 	C:\Windows\system32\netutils.dll
0x000007fefc5f0000 - 0x000007fefc613000 	C:\Windows\system32\srvcli.dll
0x000007fefac30000 - 0x000007fefac45000 	C:\Windows\system32\wkscli.dll
0x000007fefcdf0000 - 0x000007fefce2b000 	C:\Windows\system32\WINTRUST.dll
0x000007fefac70000 - 0x000007fefac80000 	C:\Xilinx\SDK\2016.2\lib\win64.o\libboost_date_time.dll
0x000007fef2e40000 - 0x000007fef2e64000 	C:\Xilinx\SDK\2016.2\lib\win64.o\libboost_filesystem.dll
0x000007fefabe0000 - 0x000007fefabe9000 	C:\Xilinx\SDK\2016.2\lib\win64.o\libboost_system.dll
0x000007feeef80000 - 0x000007feeeff7000 	C:\Xilinx\SDK\2016.2\lib\win64.o\libboost_program_options.dll
0x000007feee050000 - 0x000007feee156000 	C:\Xilinx\SDK\2016.2\lib\win64.o\libboost_regex.dll
0x000007fef7560000 - 0x000007fef7573000 	C:\Xilinx\SDK\2016.2\lib\win64.o\libboost_signals.dll
0x000007fef4cd0000 - 0x000007fef4ced000 	C:\Xilinx\SDK\2016.2\lib\win64.o\libboost_thread.dll
0x000007fefabc0000 - 0x000007fefabcb000 	C:\Xilinx\SDK\2016.2\lib\win64.o\libboost_chrono.dll
0x000007fef72b0000 - 0x000007fef72bb000 	C:\Xilinx\SDK\2016.2\lib\win64.o\libboost_xilinx.dll
0x000007feedfd0000 - 0x000007feee050000 	C:\Xilinx\SDK\2016.2\lib\win64.o\libhdlpsolve.dll
0x000007febb210000 - 0x000007febb2aa000 	C:\Xilinx\SDK\2016.2\lib\win64.o\libhdxml.dll
0x000007feba080000 - 0x000007feba4e5e00 	C:\Xilinx\SDK\2016.2\lib\win64.o\libisl_iostreams.dll
0x000007fef2e20000 - 0x000007fef2e36000 	C:\Xilinx\SDK\2016.2\lib\win64.o\libboost_iostreams.dll
0x000007feedf70000 - 0x000007feedf93000 	C:\Xilinx\SDK\2016.2\lib\win64.o\librdizlib.dll
0x000007feedfa0000 - 0x000007feedfc3000 	C:\Xilinx\SDK\2016.2\lib\win64.o\libisl_iosutils.dll
0x000007feedd40000 - 0x000007feedd55000 	C:\Xilinx\SDK\2016.2\lib\win64.o\pthreadVC2.dll
0x000007feba020000 - 0x000007feba074000 	C:\Xilinx\SDK\2016.2\lib\win64.o\librdi_commonxillic.dll
0x000007feb9ef0000 - 0x000007feba020000 	C:\Xilinx\SDK\2016.2\lib\win64.o\librdi_curl.dll
0x000007feedd20000 - 0x000007feedd38000 	C:\Xilinx\SDK\2016.2\lib\win64.o\librdiconfig.dll
0x000000006ffd0000 - 0x00000000700f7000 	C:\Xilinx\SDK\2016.2\lib\win64.o\tcl85t.dll
0x0000000028970000 - 0x0000000028bd3000 	C:\Xilinx\SDK\2016.2\lib\win64.o\xerces-c_3_1.dll
0x000007fefda40000 - 0x000007fefdbc6000 	C:\Windows\system32\urlmon.dll
0x000007fefce30000 - 0x000007fefce34000 	C:\Windows\system32\api-ms-win-downlevel-ole32-l1-1-0.dll
0x000007fedfe20000 - 0x000007fedfe43000 	C:\Windows\system32\VCOMP110.DLL
0x000007feb9cf0000 - 0x000007feb9ee2000 	C:\Xilinx\SDK\2016.2\lib\win64.o\librdi_hsm.dll
0x000007feb9ca0000 - 0x000007feb9ce3000 	C:\Xilinx\SDK\2016.2\lib\win64.o\librdi_hdf.dll
0x000007feb9a10000 - 0x000007feb9c91000 	C:\Xilinx\SDK\2016.2\lib\win64.o\librdi_ippcw.dll
0x000007fefaba0000 - 0x000007fefabb6000 	C:\Xilinx\SDK\2016.2\eclipse\win64.o\plugins\org.eclipse.cdt.core.win32.x86_64_5.4.0.201509131935\os\win32\x86_64\spawner.dll
0x000007fef5110000 - 0x000007fef5145000 	C:\Windows\system32\EhStorShell.dll
0x000007fefdec0000 - 0x000007fefe097000 	C:\Windows\system32\SETUPAPI.dll
0x000007fefcf80000 - 0x000007fefcf9a000 	C:\Windows\system32\DEVOBJ.dll
0x000007fef4dc0000 - 0x000007fef4e3e000 	C:\Windows\System32\cscui.dll
0x000007fef9ab0000 - 0x000007fef9abc000 	C:\Windows\System32\CSCDLL.dll
0x000007fef5810000 - 0x000007fef581f000 	C:\Windows\system32\CSCAPI.dll

VM Arguments:
jvm_args: -Dcom.xilinx.sdk.args.hwspec=W:/ece532/integration/hdmi.sdk/hdmi_wrapper.hdf -Xms64m -Xmx512m & 
java_command: <unknown>
java_class_path (initial): C:\Xilinx\SDK\2016.2\eclipse\win64.o\\plugins/org.eclipse.equinox.launcher_1.3.100.v20150511-1540.jar
Launcher Type: generic

Environment Variables:
PATH=C:/Xilinx/SDK/2016.2/tps/win64/jre/bin/server;C:/Xilinx/SDK/2016.2/tps/win64/jre/bin;C:/Xilinx/SDK/2016.2/tps/win64/jre/lib/amd64;C:\Xilinx\SDK\2016.2\gnuwin\bin;C:\Xilinx\SDK\2016.2\gnu\microblaze\nt\bin;C:\Xilinx\SDK\2016.2\gnu\microblaze\linux_toolchain\nt64_le\bin;C:\Xilinx\SDK\2016.2\gnu\microblaze\linux_toolchain\nt64_be\bin;C:\Xilinx\SDK\2016.2\gnu\arm\nt\bin;C:\Xilinx\SDK\2016.2\gnu\aarch64\nt\aarch64-none\bin;C:\Xilinx\SDK\2016.2\gnu\aarch64\nt\aarch64-linux\bin;C:\Xilinx\SDK\2016.2\gnu\armr5\nt\gcc-arm-none-eabi\bin;C:\Xilinx\SDK\2016.2\gnu\aarch32\nt\gcc-arm-none-eabi\bin;C:\Xilinx\SDK\2016.2\gnu\aarch32\nt\gcc-arm-linux-gnueabi\bin;C:\Xilinx\SDK\2016.2\tps\win64\cmake-3.3.2\bin;;C:\Xilinx\SDK\2016.2\bin;C:\Xilinx\SDK\2016.2\lib\win64.o;C:\Xilinx\SDK\2016.2\tps\win64\jre\bin\server;C:\Xilinx\SDK\2016.2\tps\win64\jre\bin;C:\Xilinx\Vivado\2016.2\ids_lite\ISE\bin\nt64;C:\Xilinx\Vivado\2016.2\ids_lite\ISE\lib\nt64;C:\Xilinx\Vivado\2016.2\bin;C:\Xilinx\Vivado\2016.2\lib\win64.o;C:\Xilinx\Vivado\2016.2\tps\win64\jre\bin\server;C:\Xilinx\Vivado\2016.2\tps\win64\jre\bin;C:\Xilinx\Vivado_HLS\2016.2\bin;C:\Users\dezfoul2\bin;W:\Git\Git\mingw64\bin;W:\Git\Git\usr\local\bin;W:\Git\Git\usr\bin;C:\Windows\system32;C:\Windows;C:\Windows\System32\Wbem;C:\Windows\System32\WindowsPowerShell\v1.0;C:\Program Files (x86)\Java\jre6\bin;C:\Program Files (x86)\eclipse;C:\altera\16.0\quartus\bin64;C:\altera\16.0\quartus\bin64\jre64\bin;W:\Git\Git\usr\bin\vendor_perl;W:\Git\Git\usr\bin\core_perl;W:\ece532\integration;
USERNAME=dezfoul2
SHELL=W:\Git\Git\usr\bin\bash.exe
DISPLAY=needs-to-be-defined
OS=Windows_NT
PROCESSOR_IDENTIFIER=Intel64 Family 6 Model 60 Stepping 3, GenuineIntel



---------------  S Y S T E M  ---------------

OS: Windows 7 , 64 bit Build 7601 (6.1.7601.23418)

CPU:total 8 (4 cores per cpu, 2 threads per core) family 6 model 60 stepping 3, cmov, cx8, fxsr, mmx, sse, sse2, sse3, ssse3, sse4.1, sse4.2, popcnt, avx, avx2, aes, clmul, erms, lzcnt, ht, tsc, tscinvbit, bmi1, bmi2

Memory: 4k page, physical 16683160k(12425572k free), swap 33364460k(28779628k free)

vm_info: Java HotSpot(TM) 64-Bit Server VM (25.66-b18) for windows-amd64 JRE (1.8.0_66-b18), built on Nov  9 2015 10:51:13 by "java_re" with MS VC++ 10.0 (VS2010)

time: Fri Mar 10 14:11:42 2017
elapsed time: 7939 seconds (0d 2h 12m 19s)

