#
# A fatal error has been detected by the Java Runtime Environment:
#
#  EXCEPTION_UNCAUGHT_CXX_EXCEPTION (0xe06d7363) at pc=0x000007fefcb3a06d, pid=3900, tid=3228
#
# JRE version: Java(TM) SE Runtime Environment (8.0_66-b18) (build 1.8.0_66-b18)
# Java VM: Java HotSpot(TM) 64-Bit Server VM (25.66-b18 mixed mode windows-amd64 compressed oops)
# Problematic frame:
# C  [KERNELBASE.dll+0x1a06d]
#
# Failed to write core dump. Minidumps are not enabled by default on client versions of Windows
#
# If you would like to submit a bug report, please visit:
#   http://bugreport.java.com/bugreport/crash.jsp
#

---------------  T H R E A D  ---------------

Current thread (0x0000000013dc0000):  VMThread [stack: 0x0000000015e90000,0x0000000015f90000] [id=3228]

siginfo: ExceptionCode=0xe06d7363, ExceptionInformation=0x0000000019930520 0x0000000015f8f4c8 0x000007feef952cb8 0x000007feef8a0000 

Registers:
RAX=0x0000000060221af2, RBX=0x000007feef952cb8, RCX=0x0000000015f8ed10, RDX=0x00000000000000d0
RSP=0x0000000015f8f320, RBP=0x0000000015f8f450, RSI=0x00000000ffffffff, RDI=0x00000000271622c0
R8 =0x0000000000000000, R9 =0x0000000000000000, R10=0x000007feef8a0000, R11=0x0000000015f8f360
R12=0x0000000000000001, R13=0x0000000000000008, R14=0x0000000000000000, R15=0xffffffffffffffff
RIP=0x000007fefcb3a06d, EFLAGS=0x0000000000000202

Top of Stack: (sp=0x0000000015f8f320)
0x0000000015f8f320:   000007feef952cb8 00000000ffffffff
0x0000000015f8f330:   00000000271622c0 0000000000328070
0x0000000015f8f340:   00000001e06d7363 0000000000000000
0x0000000015f8f350:   000007fefcb3a06d 000007fe00000004
0x0000000015f8f360:   0000000019930520 0000000015f8f4c8
0x0000000015f8f370:   000007feef952cb8 000007feef8a0000
0x0000000015f8f380:   0000000000000000 0000000015f8f408
0x0000000015f8f390:   0000000000000028 00000000271622b0
0x0000000015f8f3a0:   00000000174cd950 0000000000000000
0x0000000015f8f3b0:   000007fffffa8000 0000000076daf2d3
0x0000000015f8f3c0:   0000000000000000 0000000000000008
0x0000000015f8f3d0:   0000000000000001 00000000271622c0
0x0000000015f8f3e0:   00000000ffffffff 000007feef8fe92c
0x0000000015f8f3f0:   000007feef952cb8 0000000015f8f460
0x0000000015f8f400:   0000000000000001 000007feef8a00f8
0x0000000015f8f410:   00000001e06d7363 0000000000000000 

Instructions: (pc=0x000007fefcb3a06d)
0x000007fefcb3a04d:   54 24 24 48 89 4c 24 28 4d 85 c9 0f 85 6a 03 00
0x000007fefcb3a05d:   00 89 4c 24 38 48 8d 4c 24 20 ff 15 33 02 03 00
0x000007fefcb3a06d:   48 81 c4 c8 00 00 00 c3 90 90 90 90 90 90 90 90
0x000007fefcb3a07d:   90 90 90 48 83 ec 28 65 48 8b 04 25 30 00 00 00 


Register to memory mapping:

RAX=0x0000000060221af2 is an unknown value
RBX=0x000007feef952cb8 is an unknown value
RCX=0x0000000015f8ed10 is an unknown value
RDX=0x00000000000000d0 is an unknown value
RSP=0x0000000015f8f320 is an unknown value
RBP=0x0000000015f8f450 is an unknown value
RSI=0x00000000ffffffff is an unallocated location in the heap
RDI=0x00000000271622c0 is an unknown value
R8 =0x0000000000000000 is an unknown value
R9 =0x0000000000000000 is an unknown value
R10=0x000007feef8a0000 is an unknown value
R11=0x0000000015f8f360 is an unknown value
R12=0x0000000000000001 is an unknown value
R13=0x0000000000000008 is an unknown value
R14=0x0000000000000000 is an unknown value
R15=0xffffffffffffffff is an unknown value


Stack: [0x0000000015e90000,0x0000000015f90000],  sp=0x0000000015f8f320,  free space=1020k
Native frames: (J=compiled Java code, j=interpreted, Vv=VM code, C=native code)
C  [KERNELBASE.dll+0x1a06d]
C  [MSVCR110.dll+0x5e92c]
C  [MSVCR110.dll+0x1315c]
C  [MSVCR110.dll+0x136a9]
C  [MSVCR110.dll+0x13e9c]
C  [MSVCR110.dll+0x239e]
C  [MSVCR110.dll+0xaf9e]
C  [MSVCP110.dll+0x397b9]
C  [librdi_common.dll+0x182316]
C  [librdi_common.dll+0x180fab]
C  [librdi_target_manager.dll+0x2400]
C  [librdi_target_manager.dll+0x2682]
C  [ntdll.dll+0x229b1]
C  [ntdll.dll+0x227c0]
C  [MSVCR100.dll+0x20ccd]
V  [jvm.dll+0x210cc5]
V  [jvm.dll+0x249897]
V  [jvm.dll+0x248b36]
V  [jvm.dll+0x248fd1]
V  [jvm.dll+0x2491ee]
V  [jvm.dll+0x29a0fa]
C  [MSVCR100.dll+0x21d9f]
C  [MSVCR100.dll+0x21e3b]
C  [kernel32.dll+0x159bd]
C  [ntdll.dll+0x2a2e1]

VM_Operation (0x000000000012f4c0): Exit, mode: safepoint, requested by thread 0x0000000002578800


---------------  P R O C E S S  ---------------

Java Threads: ( => current thread )
  0x000000001c92a800 JavaThread "pool-2-thread-3" [_thread_blocked, id=3956, stack(0x0000000024080000,0x0000000024180000)]
  0x000000002604c800 JavaThread "Thread-83" [_thread_in_native, id=5080, stack(0x0000000023a80000,0x0000000023b80000)]
  0x0000000018c6d800 JavaThread "pool-2-thread-2" [_thread_blocked, id=4304, stack(0x0000000023e80000,0x0000000023f80000)]
  0x0000000018c6c800 JavaThread "pool-2-thread-1" [_thread_blocked, id=3436, stack(0x0000000020890000,0x0000000020990000)]
  0x000000002604a800 JavaThread "Thread-40" daemon [_thread_blocked, id=4360, stack(0x00000000279c0000,0x0000000027ac0000)]
  0x00000000151d7800 JavaThread "TCF Channel Transmitter" daemon [_thread_blocked, id=3212, stack(0x0000000025280000,0x0000000025380000)]
  0x00000000151d9000 JavaThread "TCF Channel Receiver" daemon [_thread_in_native, id=3496, stack(0x0000000025040000,0x0000000025140000)]
  0x00000000151d6000 JavaThread "Process monitor" daemon [_thread_in_native, id=4748, stack(0x00000000248f0000,0x00000000249f0000)]
  0x00000000151d5000 JavaThread "Input Stream Monitor" daemon [_thread_blocked, id=3592, stack(0x00000000247f0000,0x00000000248f0000)]
  0x00000000151d4800 JavaThread "Output Stream Monitor" daemon [_thread_in_native, id=4176, stack(0x00000000246f0000,0x00000000247f0000)]
  0x00000000151d3800 JavaThread "Output Stream Monitor" daemon [_thread_in_native, id=2460, stack(0x00000000245f0000,0x00000000246f0000)]
  0x000000001c923800 JavaThread "TCF Locator DNS Lookup" daemon [_thread_blocked, id=5088, stack(0x0000000021ac0000,0x0000000021bc0000)]
  0x000000001c923000 JavaThread "TCF Locator Timer" daemon [_thread_blocked, id=5084, stack(0x00000000219c0000,0x0000000021ac0000)]
  0x000000001c920800 JavaThread "TCF Timer Dispatcher" daemon [_thread_blocked, id=5112, stack(0x0000000021530000,0x0000000021630000)]
  0x000000001c91d000 JavaThread "EMF Reference Cleaner" daemon [_thread_blocked, id=1552, stack(0x000000001d6b0000,0x000000001d7b0000)]
  0x0000000014fff800 JavaThread "Service Thread" daemon [_thread_blocked, id=3476, stack(0x0000000016790000,0x0000000016890000)]
  0x0000000014fac800 JavaThread "C1 CompilerThread3" daemon [_thread_blocked, id=4100, stack(0x0000000016690000,0x0000000016790000)]
  0x0000000014fa4000 JavaThread "C2 CompilerThread2" daemon [_thread_blocked, id=3768, stack(0x0000000016590000,0x0000000016690000)]
  0x0000000014f9d000 JavaThread "C2 CompilerThread1" daemon [_thread_blocked, id=4952, stack(0x0000000016490000,0x0000000016590000)]
  0x0000000014f99000 JavaThread "C2 CompilerThread0" daemon [_thread_blocked, id=4700, stack(0x0000000016390000,0x0000000016490000)]
  0x0000000014f92000 JavaThread "Attach Listener" daemon [_thread_blocked, id=4184, stack(0x0000000016290000,0x0000000016390000)]
  0x0000000014f90800 JavaThread "Signal Dispatcher" daemon [_thread_blocked, id=4832, stack(0x0000000016190000,0x0000000016290000)]
  0x0000000013dcc800 JavaThread "Finalizer" daemon [_thread_blocked, id=2976, stack(0x0000000016090000,0x0000000016190000)]
  0x0000000013dc5800 JavaThread "Reference Handler" daemon [_thread_blocked, id=1480, stack(0x0000000015f90000,0x0000000016090000)]
  0x0000000002578800 JavaThread "main" [_thread_blocked, id=1980, stack(0x0000000000030000,0x0000000000130000)]

Other Threads:
=>0x0000000013dc0000 VMThread [stack: 0x0000000015e90000,0x0000000015f90000] [id=3228]

VM state:at safepoint (shutting down)

VM Mutex/Monitor currently owned by a thread:  ([mutex/lock_event])
[0x000000000232e9f0] Threads_lock - owner thread: 0x0000000013dc0000

Heap:
 PSYoungGen      total 68096K, used 34668K [0x00000000f5580000, 0x00000000fa600000, 0x0000000100000000)
  eden space 56832K, 53% used [0x00000000f5580000,0x00000000f736e1e0,0x00000000f8d00000)
  from space 11264K, 35% used [0x00000000f9b00000,0x00000000f9eed0c0,0x00000000fa600000)
  to   space 12800K, 0% used [0x00000000f8d00000,0x00000000f8d00000,0x00000000f9980000)
 ParOldGen       total 109568K, used 68976K [0x00000000e0000000, 0x00000000e6b00000, 0x00000000f5580000)
  object space 109568K, 62% used [0x00000000e0000000,0x00000000e435c010,0x00000000e6b00000)
 Metaspace       used 95510K, capacity 103052K, committed 103424K, reserved 1138688K
  class space    used 11123K, capacity 13490K, committed 13568K, reserved 1048576K

Card table byte_map: [0x00000000119d0000,0x0000000011ae0000] byte_map_base: 0x00000000112d0000

Marking Bits: (ParMarkBitMap*) 0x000000007096a5b0
 Begin Bits: [0x00000000122e0000, 0x0000000012ae0000)
 End Bits:   [0x0000000012ae0000, 0x00000000132e0000)

Polling page: 0x0000000000230000

CodeCache: size=245760Kb used=56056Kb max_used=56476Kb free=189703Kb
 bounds [0x0000000002610000, 0x0000000005dd0000, 0x0000000011610000]
 total_blobs=15731 nmethods=14814 adapters=824
 compilation: enabled

Compilation events (10 events):
Event: 6441.922 Thread 0x0000000014fac800 nmethod 19675 0x0000000003824510 code [0x0000000003824680, 0x0000000003824b50]
Event: 6441.922 Thread 0x0000000014fac800 19674       1       org.eclipse.osgi.storage.Storage::getModuleDatabase (5 bytes)
Event: 6441.922 Thread 0x0000000014fac800 nmethod 19674 0x000000000358f290 code [0x000000000358f3e0, 0x000000000358f4f0]
Event: 6441.923 Thread 0x0000000014fac800 19676   !   3       org.eclipse.osgi.container.ModuleDatabase::getRevisionsTimestamp (25 bytes)
Event: 6441.924 Thread 0x0000000014fac800 nmethod 19676 0x0000000002e42ad0 code [0x0000000002e42ce0, 0x0000000002e43a18]
Event: 6441.924 Thread 0x0000000014fac800 19677       3       org.eclipse.osgi.container.Module::holdsTransitionEventLock (25 bytes)
Event: 6441.925 Thread 0x0000000014fac800 nmethod 19677 0x00000000036a4ed0 code [0x00000000036a5060, 0x00000000036a5788]
Event: 6441.925 Thread 0x0000000014f9d000 nmethod 19669 0x00000000045735d0 code [0x00000000045737c0, 0x0000000004574490]
Event: 6441.926 Thread 0x0000000014fac800 19678   !   3       org.eclipse.osgi.storage.BundleInfo$Generation::clearManifestCache (30 bytes)
Event: 6441.926 Thread 0x0000000014fac800 nmethod 19678 0x0000000002ef2490 code [0x0000000002ef2620, 0x0000000002ef2c68]

GC Heap History (10 events):
Event: 5655.444 GC heap before
{Heap before GC invocations=48 (full 6):
 PSYoungGen      total 71168K, used 71150K [0x00000000f5580000, 0x00000000fb000000, 0x0000000100000000)
  eden space 65024K, 100% used [0x00000000f5580000,0x00000000f9500000,0x00000000f9500000)
  from space 6144K, 99% used [0x00000000f9700000,0x00000000f9cfb820,0x00000000f9d00000)
  to   space 13824K, 0% used [0x00000000fa280000,0x00000000fa280000,0x00000000fb000000)
 ParOldGen       total 109568K, used 67512K [0x00000000e0000000, 0x00000000e6b00000, 0x00000000f5580000)
  object space 109568K, 61% used [0x00000000e0000000,0x00000000e41ee290,0x00000000e6b00000)
 Metaspace       used 94333K, capacity 101944K, committed 102272K, reserved 1138688K
  class space    used 11001K, capacity 13386K, committed 13440K, reserved 1048576K
Event: 5655.450 GC heap after
Heap after GC invocations=48 (full 6):
 PSYoungGen      total 74752K, used 4466K [0x00000000f5580000, 0x00000000fae00000, 0x0000000100000000)
  eden space 62976K, 0% used [0x00000000f5580000,0x00000000f5580000,0x00000000f9300000)
  from space 11776K, 37% used [0x00000000fa280000,0x00000000fa6dcb50,0x00000000fae00000)
  to   space 13824K, 0% used [0x00000000f9300000,0x00000000f9300000,0x00000000fa080000)
 ParOldGen       total 109568K, used 67823K [0x00000000e0000000, 0x00000000e6b00000, 0x00000000f5580000)
  object space 109568K, 61% used [0x00000000e0000000,0x00000000e423be70,0x00000000e6b00000)
 Metaspace       used 94333K, capacity 101944K, committed 102272K, reserved 1138688K
  class space    used 11001K, capacity 13386K, committed 13440K, reserved 1048576K
}
Event: 5890.501 GC heap before
{Heap before GC invocations=49 (full 6):
 PSYoungGen      total 74752K, used 67442K [0x00000000f5580000, 0x00000000fae00000, 0x0000000100000000)
  eden space 62976K, 100% used [0x00000000f5580000,0x00000000f9300000,0x00000000f9300000)
  from space 11776K, 37% used [0x00000000fa280000,0x00000000fa6dcb50,0x00000000fae00000)
  to   space 13824K, 0% used [0x00000000f9300000,0x00000000f9300000,0x00000000fa080000)
 ParOldGen       total 109568K, used 67823K [0x00000000e0000000, 0x00000000e6b00000, 0x00000000f5580000)
  object space 109568K, 61% used [0x00000000e0000000,0x00000000e423be70,0x00000000e6b00000)
 Metaspace       used 94366K, capacity 101944K, committed 102272K, reserved 1138688K
  class space    used 11001K, capacity 13386K, committed 13440K, reserved 1048576K
Event: 5890.508 GC heap after
Heap after GC invocations=49 (full 6):
 PSYoungGen      total 67584K, used 5932K [0x00000000f5580000, 0x00000000fab80000, 0x0000000100000000)
  eden space 61440K, 0% used [0x00000000f5580000,0x00000000f5580000,0x00000000f9180000)
  from space 6144K, 96% used [0x00000000f9300000,0x00000000f98cb080,0x00000000f9900000)
  to   space 13312K, 0% used [0x00000000f9e80000,0x00000000f9e80000,0x00000000fab80000)
 ParOldGen       total 109568K, used 68187K [0x00000000e0000000, 0x00000000e6b00000, 0x00000000f5580000)
  object space 109568K, 62% used [0x00000000e0000000,0x00000000e4296e80,0x00000000e6b00000)
 Metaspace       used 94366K, capacity 101944K, committed 102272K, reserved 1138688K
  class space    used 11001K, capacity 13386K, committed 13440K, reserved 1048576K
}
Event: 5965.034 GC heap before
{Heap before GC invocations=50 (full 6):
 PSYoungGen      total 67584K, used 67372K [0x00000000f5580000, 0x00000000fab80000, 0x0000000100000000)
  eden space 61440K, 100% used [0x00000000f5580000,0x00000000f9180000,0x00000000f9180000)
  from space 6144K, 96% used [0x00000000f9300000,0x00000000f98cb080,0x00000000f9900000)
  to   space 13312K, 0% used [0x00000000f9e80000,0x00000000f9e80000,0x00000000fab80000)
 ParOldGen       total 109568K, used 68187K [0x00000000e0000000, 0x00000000e6b00000, 0x00000000f5580000)
  object space 109568K, 62% used [0x00000000e0000000,0x00000000e4296e80,0x00000000e6b00000)
 Metaspace       used 94405K, capacity 101944K, committed 102272K, reserved 1138688K
  class space    used 11002K, capacity 13386K, committed 13440K, reserved 1048576K
Event: 5965.039 GC heap after
Heap after GC invocations=50 (full 6):
 PSYoungGen      total 71680K, used 5351K [0x00000000f5580000, 0x00000000faa00000, 0x0000000100000000)
  eden space 59904K, 0% used [0x00000000f5580000,0x00000000f5580000,0x00000000f9000000)
  from space 11776K, 45% used [0x00000000f9e80000,0x00000000fa3b9d50,0x00000000faa00000)
  to   space 13312K, 0% used [0x00000000f9000000,0x00000000f9000000,0x00000000f9d00000)
 ParOldGen       total 109568K, used 68371K [0x00000000e0000000, 0x00000000e6b00000, 0x00000000f5580000)
  object space 109568K, 62% used [0x00000000e0000000,0x00000000e42c4e80,0x00000000e6b00000)
 Metaspace       used 94405K, capacity 101944K, committed 102272K, reserved 1138688K
  class space    used 11002K, capacity 13386K, committed 13440K, reserved 1048576K
}
Event: 6032.061 GC heap before
{Heap before GC invocations=51 (full 6):
 PSYoungGen      total 71680K, used 65255K [0x00000000f5580000, 0x00000000faa00000, 0x0000000100000000)
  eden space 59904K, 100% used [0x00000000f5580000,0x00000000f9000000,0x00000000f9000000)
  from space 11776K, 45% used [0x00000000f9e80000,0x00000000fa3b9d50,0x00000000faa00000)
  to   space 13312K, 0% used [0x00000000f9000000,0x00000000f9000000,0x00000000f9d00000)
 ParOldGen       total 109568K, used 68371K [0x00000000e0000000, 0x00000000e6b00000, 0x00000000f5580000)
  object space 109568K, 62% used [0x00000000e0000000,0x00000000e42c4e80,0x00000000e6b00000)
 Metaspace       used 94593K, capacity 102110K, committed 102272K, reserved 1138688K
  class space    used 11026K, capacity 13419K, committed 13440K, reserved 1048576K
Event: 6032.068 GC heap after
Heap after GC invocations=51 (full 6):
 PSYoungGen      total 64512K, used 5815K [0x00000000f5580000, 0x00000000fa780000, 0x0000000100000000)
  eden space 58368K, 0% used [0x00000000f5580000,0x00000000f5580000,0x00000000f8e80000)
  from space 6144K, 94% used [0x00000000f9000000,0x00000000f95adea0,0x00000000f9600000)
  to   space 12800K, 0% used [0x00000000f9b00000,0x00000000f9b00000,0x00000000fa780000)
 ParOldGen       total 109568K, used 68419K [0x00000000e0000000, 0x00000000e6b00000, 0x00000000f5580000)
  object space 109568K, 62% used [0x00000000e0000000,0x00000000e42d0e80,0x00000000e6b00000)
 Metaspace       used 94593K, capacity 102110K, committed 102272K, reserved 1138688K
  class space    used 11026K, capacity 13419K, committed 13440K, reserved 1048576K
}
Event: 6437.826 GC heap before
{Heap before GC invocations=52 (full 6):
 PSYoungGen      total 64512K, used 64183K [0x00000000f5580000, 0x00000000fa780000, 0x0000000100000000)
  eden space 58368K, 100% used [0x00000000f5580000,0x00000000f8e80000,0x00000000f8e80000)
  from space 6144K, 94% used [0x00000000f9000000,0x00000000f95adea0,0x00000000f9600000)
  to   space 12800K, 0% used [0x00000000f9b00000,0x00000000f9b00000,0x00000000fa780000)
 ParOldGen       total 109568K, used 68419K [0x00000000e0000000, 0x00000000e6b00000, 0x00000000f5580000)
  object space 109568K, 62% used [0x00000000e0000000,0x00000000e42d0e80,0x00000000e6b00000)
 Metaspace       used 94785K, capacity 102288K, committed 102656K, reserved 1138688K
  class space    used 11041K, capacity 13454K, committed 13568K, reserved 1048576K
Event: 6437.843 GC heap after
Heap after GC invocations=52 (full 6):
 PSYoungGen      total 68096K, used 4020K [0x00000000f5580000, 0x00000000fa600000, 0x0000000100000000)
  eden space 56832K, 0% used [0x00000000f5580000,0x00000000f5580000,0x00000000f8d00000)
  from space 11264K, 35% used [0x00000000f9b00000,0x00000000f9eed0c0,0x00000000fa600000)
  to   space 12800K, 0% used [0x00000000f8d00000,0x00000000f8d00000,0x00000000f9980000)
 ParOldGen       total 109568K, used 68976K [0x00000000e0000000, 0x00000000e6b00000, 0x00000000f5580000)
  object space 109568K, 62% used [0x00000000e0000000,0x00000000e435c010,0x00000000e6b00000)
 Metaspace       used 94785K, capacity 102288K, committed 102656K, reserved 1138688K
  class space    used 11041K, capacity 13454K, committed 13568K, reserved 1048576K
}

Deoptimization events (10 events):
Event: 6441.897 Thread 0x000000001c91a000 Uncommon trap: reason=unstable_if action=reinterpret pc=0x00000000059437d0 method=org.eclipse.core.internal.jobs.WorkerPool.startJob(Lorg/eclipse/core/internal/jobs/Worker;)Lorg/eclipse/core/internal/jobs/InternalJob; @ 177
Event: 6441.897 Thread 0x000000001b95f000 Uncommon trap: reason=unstable_if action=reinterpret pc=0x00000000059437d0 method=org.eclipse.core.internal.jobs.WorkerPool.startJob(Lorg/eclipse/core/internal/jobs/Worker;)Lorg/eclipse/core/internal/jobs/InternalJob; @ 177
Event: 6441.897 Thread 0x00000000151d0800 Uncommon trap: reason=unstable_if action=reinterpret pc=0x00000000059437d0 method=org.eclipse.core.internal.jobs.WorkerPool.startJob(Lorg/eclipse/core/internal/jobs/Worker;)Lorg/eclipse/core/internal/jobs/InternalJob; @ 177
Event: 6441.897 Thread 0x00000000151cf000 Uncommon trap: reason=unstable_if action=reinterpret pc=0x00000000059437d0 method=org.eclipse.core.internal.jobs.WorkerPool.startJob(Lorg/eclipse/core/internal/jobs/Worker;)Lorg/eclipse/core/internal/jobs/InternalJob; @ 177
Event: 6441.897 Thread 0x000000001b95f800 Uncommon trap: reason=unstable_if action=reinterpret pc=0x00000000059437d0 method=org.eclipse.core.internal.jobs.WorkerPool.startJob(Lorg/eclipse/core/internal/jobs/Worker;)Lorg/eclipse/core/internal/jobs/InternalJob; @ 177
Event: 6441.897 Thread 0x000000001b961000 Uncommon trap: reason=unstable_if action=reinterpret pc=0x00000000059437d0 method=org.eclipse.core.internal.jobs.WorkerPool.startJob(Lorg/eclipse/core/internal/jobs/Worker;)Lorg/eclipse/core/internal/jobs/InternalJob; @ 177
Event: 6441.897 Thread 0x000000001c92c000 Uncommon trap: reason=unstable_if action=reinterpret pc=0x00000000059437d0 method=org.eclipse.core.internal.jobs.WorkerPool.startJob(Lorg/eclipse/core/internal/jobs/Worker;)Lorg/eclipse/core/internal/jobs/InternalJob; @ 177
Event: 6441.915 Thread 0x000000001c919800 Uncommon trap: reason=unstable_if action=reinterpret pc=0x0000000002bb3b5c method=sun.reflect.UnsafeStaticObjectFieldAccessorImpl.set(Ljava/lang/Object;Ljava/lang/Object;)V @ 13
Event: 6441.917 Thread 0x0000000016db2000 Uncommon trap: reason=unstable_if action=reinterpret pc=0x0000000003538a1c method=org.eclipse.osgi.framework.eventmgr.EventManager$EventThread.getNextEvent()Lorg/eclipse/osgi/framework/eventmgr/EventManager$EventThread$Queued; @ 15
Event: 6441.917 Thread 0x000000001c919800 Uncommon trap: reason=unstable_if action=reinterpret pc=0x00000000033e44c0 method=java.util.concurrent.locks.ReentrantLock$Sync.tryRelease(I)Z @ 28

Internal exceptions (10 events):
Event: 6437.979 Thread 0x0000000002578800 Implicit null exception at 0x00000000058e9356 to 0x00000000058e93d5
Event: 6440.335 Thread 0x0000000026049000 Exception <a 'java/lang/InterruptedException'> (0x00000000f6b1aa08) thrown at [C:\re\workspace\8-2-build-windows-amd64-cygwin\jdk8u66\5298\hotspot\src\share\vm\runtime\objectMonitor.cpp, line 1683]
Event: 6441.090 Thread 0x000000001c919800 Implicit null exception at 0x0000000004135167 to 0x0000000004136899
Event: 6441.090 Thread 0x000000001c919800 Exception <a 'java/lang/NullPointerException'> (0x00000000f6d89708) thrown at [C:\re\workspace\8-2-build-windows-amd64-cygwin\jdk8u66\5298\hotspot\src\share\vm\prims\jvm.cpp, line 1390]
Event: 6441.896 Thread 0x000000001c91f000 Exception <a 'java/lang/InterruptedException'> (0x00000000f6787c58) thrown at [C:\re\workspace\8-2-build-windows-amd64-cygwin\jdk8u66\5298\hotspot\src\share\vm\runtime\objectMonitor.cpp, line 1683]
Event: 6441.915 Thread 0x000000001c919800 Implicit null exception at 0x0000000002bb3757 to 0x0000000002bb3b49
Event: 6441.915 Thread 0x000000001524e000 Exception <a 'java/lang/InterruptedException'> (0x00000000f70d0358) thrown at [C:\re\workspace\8-2-build-windows-amd64-cygwin\jdk8u66\5298\hotspot\src\share\vm\runtime\objectMonitor.cpp, line 1683]
Event: 6441.917 Thread 0x0000000016db2000 Exception <a 'java/lang/InterruptedException'> (0x00000000f5e8ac68) thrown at [C:\re\workspace\8-2-build-windows-amd64-cygwin\jdk8u66\5298\hotspot\src\share\vm\runtime\objectMonitor.cpp, line 1683]
Event: 6441.917 Thread 0x000000001716b000 Exception <a 'java/lang/InterruptedException'> (0x00000000f7270fc0) thrown at [C:\re\workspace\8-2-build-windows-amd64-cygwin\jdk8u66\5298\hotspot\src\share\vm\runtime\objectMonitor.cpp, line 1683]
Event: 6441.917 Thread 0x00000000152a0800 Exception <a 'java/lang/InterruptedException'> (0x00000000f727b450) thrown at [C:\re\workspace\8-2-build-windows-amd64-cygwin\jdk8u66\5298\hotspot\src\share\vm\runtime\objectMonitor.cpp, line 1683]

Events (10 events):
Event: 6441.943 loading class java/util/IdentityHashMap$IdentityHashMapIterator
Event: 6441.953 loading class java/util/IdentityHashMap$IdentityHashMapIterator done
Event: 6441.953 loading class java/util/IdentityHashMap$KeyIterator done
Event: 6441.953 Thread 0x000000001c919800 Thread added: 0x000000001c919800
Event: 6441.953 Executing VM operation: RevokeBias
Event: 6441.954 Executing VM operation: RevokeBias done
Event: 6441.954 Executing VM operation: RevokeBias
Event: 6441.954 Executing VM operation: RevokeBias done
Event: 6441.954 Thread 0x000000001c919800 Thread exited: 0x000000001c919800
Event: 6441.954 Executing VM operation: Exit


Dynamic libraries:
0x0000000000400000 - 0x000000000044f000 	C:\Xilinx\SDK\2016.2\eclipse\win64.o\eclipse.exe
0x0000000076d60000 - 0x0000000076f0a000 	C:\Windows\SYSTEM32\ntdll.dll
0x0000000076b40000 - 0x0000000076c5f000 	C:\Windows\system32\kernel32.dll
0x000007fefcb20000 - 0x000007fefcb8a000 	C:\Windows\system32\KERNELBASE.dll
0x0000000076c60000 - 0x0000000076d5a000 	C:\Windows\system32\USER32.dll
0x000007fefe510000 - 0x000007fefe577000 	C:\Windows\system32\GDI32.dll
0x000007fefeb80000 - 0x000007fefeb8e000 	C:\Windows\system32\LPK.dll
0x000007fefe440000 - 0x000007fefe50a000 	C:\Windows\system32\USP10.dll
0x000007fefefd0000 - 0x000007feff06f000 	C:\Windows\system32\msvcrt.dll
0x000007fefb3b0000 - 0x000007fefb5a4000 	C:\Windows\WinSxS\amd64_microsoft.windows.common-controls_6595b64144ccf1df_6.0.7601.18837_none_fa3b1e3d17594757\COMCTL32.dll
0x000007fefea20000 - 0x000007fefea91000 	C:\Windows\system32\SHLWAPI.dll
0x000007fefefa0000 - 0x000007fefefce000 	C:\Windows\system32\IMM32.DLL
0x000007fefe910000 - 0x000007fefea19000 	C:\Windows\system32\MSCTF.dll
0x0000000072000000 - 0x0000000072012000 	C:\Xilinx\SDK\2016.2\eclipse\win64.o\plugins\org.eclipse.equinox.launcher.win32.win32.x86_64_1.1.300.v20150602-1417\eclipse_1611.dll
0x000007fefeaa0000 - 0x000007fefeb7b000 	C:\Windows\system32\ADVAPI32.dll
0x000007fefe100000 - 0x000007fefe11f000 	C:\Windows\SYSTEM32\sechost.dll
0x000007fefee70000 - 0x000007fefef9d000 	C:\Windows\system32\RPCRT4.dll
0x000007fefbb30000 - 0x000007fefbb3c000 	C:\Windows\system32\VERSION.dll
0x000007fefb350000 - 0x000007fefb3a6000 	C:\Windows\system32\UxTheme.dll
0x0000000070160000 - 0x00000000709e9000 	C:\Xilinx\SDK\2016.2\tps\win64\jre\bin\server\jvm.dll
0x000007fef8390000 - 0x000007fef8399000 	C:\Windows\system32\WSOCK32.dll
0x000007fefe120000 - 0x000007fefe16d000 	C:\Windows\system32\WS2_32.dll
0x000007fefec30000 - 0x000007fefec38000 	C:\Windows\system32\NSI.dll
0x000007fefa3c0000 - 0x000007fefa3fb000 	C:\Windows\system32\WINMM.dll
0x0000000076f20000 - 0x0000000076f27000 	C:\Windows\system32\PSAPI.DLL
0x00000000730d0000 - 0x00000000731a2000 	C:\Windows\system32\MSVCR100.dll
0x00000000724b0000 - 0x00000000724bf000 	C:\Xilinx\SDK\2016.2\tps\win64\jre\bin\verify.dll
0x0000000072480000 - 0x00000000724a9000 	C:\Xilinx\SDK\2016.2\tps\win64\jre\bin\java.dll
0x0000000072460000 - 0x0000000072476000 	C:\Xilinx\SDK\2016.2\tps\win64\jre\bin\zip.dll
0x000007fefd130000 - 0x000007fefdeb9000 	C:\Windows\system32\SHELL32.dll
0x000007fefe700000 - 0x000007fefe903000 	C:\Windows\system32\ole32.dll
0x000007fefcaa0000 - 0x000007fefcaaf000 	C:\Windows\system32\profapi.dll
0x000007fefc2a0000 - 0x000007fefc2b8000 	C:\Windows\system32\CRYPTSP.dll
0x000007fefbfa0000 - 0x000007fefbfe7000 	C:\Windows\system32\rsaenh.dll
0x000007fefcac0000 - 0x000007fefcade000 	C:\Windows\system32\USERENV.dll
0x000007fefc900000 - 0x000007fefc90f000 	C:\Windows\system32\CRYPTBASE.dll
0x00000000714a0000 - 0x00000000714ba000 	C:\Xilinx\SDK\2016.2\tps\win64\jre\bin\net.dll
0x000007fefc240000 - 0x000007fefc295000 	C:\Windows\system32\mswsock.dll
0x000007fefc230000 - 0x000007fefc237000 	C:\Windows\System32\wship6.dll
0x000007fef9260000 - 0x000007fef9287000 	C:\Windows\system32\IPHLPAPI.DLL
0x000007fef9250000 - 0x000007fef925b000 	C:\Windows\system32\WINNSI.DLL
0x000007fef9ac0000 - 0x000007fef9ad1000 	C:\Windows\system32\dhcpcsvc6.DLL
0x000007fef9aa0000 - 0x000007fef9ab8000 	C:\Windows\system32\dhcpcsvc.DLL
0x0000000071480000 - 0x0000000071491000 	C:\Xilinx\SDK\2016.2\tps\win64\jre\bin\nio.dll
0x000007fefa050000 - 0x000007fefa065000 	C:\Windows\system32\NLAapi.dll
0x000007fef76e0000 - 0x000007fef76f5000 	C:\Windows\system32\napinsp.dll
0x000007fef76a0000 - 0x000007fef76b9000 	C:\Windows\system32\pnrpnsp.dll
0x000007fefc0c0000 - 0x000007fefc11b000 	C:\Windows\system32\DNSAPI.dll
0x000007fef76d0000 - 0x000007fef76db000 	C:\Windows\System32\winrnr.dll
0x000007fefbc00000 - 0x000007fefbc07000 	C:\Windows\System32\wshtcpip.dll
0x000007fef96a0000 - 0x000007fef96a8000 	C:\Windows\system32\rasadhlp.dll
0x000007fef9d50000 - 0x000007fef9da3000 	C:\Windows\System32\fwpuclnt.dll
0x0000000017670000 - 0x0000000017718000 	C:\Users\dezfoul2\.Xilinx\SDK\2016.2\org.eclipse.osgi\312\0\.cp\swt-win32-4527.dll
0x000007fefe580000 - 0x000007fefe658000 	C:\Windows\system32\OLEAUT32.dll
0x000007fefe660000 - 0x000007fefe6f7000 	C:\Windows\system32\comdlg32.dll
0x000007fef6630000 - 0x000007fef66a1000 	C:\Windows\system32\WINSPOOL.DRV
0x000007fefce60000 - 0x000007fefd125000 	C:\Windows\system32\WININET.dll
0x000007fefcb00000 - 0x000007fefcb04000 	C:\Windows\system32\api-ms-win-downlevel-user32-l1-1-0.dll
0x000007fefcaf0000 - 0x000007fefcaf4000 	C:\Windows\system32\api-ms-win-downlevel-shlwapi-l1-1-0.dll
0x000007fefcae0000 - 0x000007fefcae4000 	C:\Windows\system32\api-ms-win-downlevel-version-l1-1-0.dll
0x000007fefcce0000 - 0x000007fefcce3000 	C:\Windows\system32\api-ms-win-downlevel-normaliz-l1-1-0.dll
0x0000000076f30000 - 0x0000000076f33000 	C:\Windows\system32\normaliz.DLL
0x000007fefe170000 - 0x000007fefe439000 	C:\Windows\system32\iertutil.dll
0x000007fefcb10000 - 0x000007fefcb15000 	C:\Windows\system32\api-ms-win-downlevel-advapi32-l1-1-0.dll
0x000007fefccf0000 - 0x000007fefce5d000 	C:\Windows\system32\CRYPT32.dll
0x000007fefcab0000 - 0x000007fefcabf000 	C:\Windows\system32\MSASN1.dll
0x000007fefae20000 - 0x000007fefaf4c000 	C:\Windows\system32\propsys.dll
0x000007fefeb90000 - 0x000007fefec29000 	C:\Windows\system32\CLBCatQ.DLL
0x00000000003b0000 - 0x00000000003ce000 	C:\Users\dezfoul2\.Xilinx\SDK\2016.2\org.eclipse.osgi\312\0\.cp\swt-gdip-win32-4527.dll
0x000007fefb130000 - 0x000007fefb346000 	C:\Windows\WinSxS\amd64_microsoft.windows.gdiplus_6595b64144ccf1df_1.1.7601.23508_none_145555328b95eaaa\gdiplus.dll
0x000007fefac50000 - 0x000007fefadb1000 	C:\Windows\system32\WindowsCodecs.dll
0x0000000180000000 - 0x0000000180012000 	C:\Users\dezfoul2\.Xilinx\SDK\2016.2\org.eclipse.osgi\126\0\.cp\os\win32\x86_64\localfile_1_0_0.dll
0x000007fef1ce0000 - 0x000007fef1d34000 	C:\Windows\system32\oleacc.dll
0x000007fef83e0000 - 0x000007fef83e7000 	C:\Windows\system32\msimg32.dll
0x000007fefc9f0000 - 0x000007fefca04000 	C:\Windows\system32\RpcRtRemote.dll
0x000007fefc8a0000 - 0x000007fefc8f7000 	C:\Windows\system32\apphelp.dll
0x000007fef7e70000 - 0x000007fef7e81000 	C:\Users\dezfoul2\.Xilinx\SDK\2016.2\org.eclipse.osgi\129\0\.cp\jWinHttp-1.0.0.dll
0x000007fef9340000 - 0x000007fef93b1000 	C:\Windows\system32\WINHTTP.dll
0x000007fef92d0000 - 0x000007fef9334000 	C:\Windows\system32\webio.dll
0x000007fefc870000 - 0x000007fefc895000 	C:\Windows\system32\SspiCli.dll
0x000007fefbe60000 - 0x000007fefbe6a000 	C:\Windows\system32\credssp.dll
0x000007fefcca0000 - 0x000007fefccd6000 	C:\Windows\system32\CFGMGR32.dll
0x000007fef7e60000 - 0x000007fef7e6f000 	C:\Xilinx\SDK\2016.2\lib\win64.o\librdi_repo_manager.dll
0x000007fef7e30000 - 0x000007fef7e5a000 	C:\Xilinx\SDK\2016.2\lib\win64.o\libisl_sysinfo.dll
0x000007feef8a0000 - 0x000007feef974000 	C:\Windows\system32\MSVCR110.dll
0x000007feec4e0000 - 0x000007feec587000 	C:\Windows\system32\MSVCP110.dll
0x000007feb9a70000 - 0x000007feba4b0000 	C:\Xilinx\SDK\2016.2\lib\win64.o\librdi_common.dll
0x000007feea4a0000 - 0x000007feea80e000 	C:\Xilinx\SDK\2016.2\lib\win64.o\libCOIN-all.dll
0x000007feea280000 - 0x000007feea49f000 	C:\Xilinx\SDK\2016.2\lib\win64.o\libXil_lmgr11.dll
0x000007fefab10000 - 0x000007fefab26000 	C:\Windows\system32\NETAPI32.dll
0x000007fefbed0000 - 0x000007fefbedc000 	C:\Windows\system32\netutils.dll
0x000007fefc600000 - 0x000007fefc623000 	C:\Windows\system32\srvcli.dll
0x000007fefaaf0000 - 0x000007fefab05000 	C:\Windows\system32\wkscli.dll
0x000007fefcc30000 - 0x000007fefcc6b000 	C:\Windows\system32\WINTRUST.dll
0x000007fef7e10000 - 0x000007fef7e20000 	C:\Xilinx\SDK\2016.2\lib\win64.o\libboost_date_time.dll
0x000007fef7de0000 - 0x000007fef7e04000 	C:\Xilinx\SDK\2016.2\lib\win64.o\libboost_filesystem.dll
0x000007fef7e20000 - 0x000007fef7e29000 	C:\Xilinx\SDK\2016.2\lib\win64.o\libboost_system.dll
0x000007fef1e30000 - 0x000007fef1ea7000 	C:\Xilinx\SDK\2016.2\lib\win64.o\libboost_program_options.dll
0x000007febb1e0000 - 0x000007febb2e6000 	C:\Xilinx\SDK\2016.2\lib\win64.o\libboost_regex.dll
0x000007fef7dc0000 - 0x000007fef7dd3000 	C:\Xilinx\SDK\2016.2\lib\win64.o\libboost_signals.dll
0x000007fef7da0000 - 0x000007fef7dbd000 	C:\Xilinx\SDK\2016.2\lib\win64.o\libboost_thread.dll
0x000007fef7d90000 - 0x000007fef7d9b000 	C:\Xilinx\SDK\2016.2\lib\win64.o\libboost_chrono.dll
0x000007fef7d80000 - 0x000007fef7d8b000 	C:\Xilinx\SDK\2016.2\lib\win64.o\libboost_xilinx.dll
0x000007fef1db0000 - 0x000007fef1e30000 	C:\Xilinx\SDK\2016.2\lib\win64.o\libhdlpsolve.dll
0x000007febae50000 - 0x000007febaeea000 	C:\Xilinx\SDK\2016.2\lib\win64.o\libhdxml.dll
0x000007feba9e0000 - 0x000007febae45e00 	C:\Xilinx\SDK\2016.2\lib\win64.o\libisl_iostreams.dll
0x000007fef7910000 - 0x000007fef7926000 	C:\Xilinx\SDK\2016.2\lib\win64.o\libboost_iostreams.dll
0x000007fef1f10000 - 0x000007fef1f33000 	C:\Xilinx\SDK\2016.2\lib\win64.o\librdizlib.dll
0x000007fef1d80000 - 0x000007fef1da3000 	C:\Xilinx\SDK\2016.2\lib\win64.o\libisl_iosutils.dll
0x000007fef1d60000 - 0x000007fef1d75000 	C:\Xilinx\SDK\2016.2\lib\win64.o\pthreadVC2.dll
0x000007feea220000 - 0x000007feea274000 	C:\Xilinx\SDK\2016.2\lib\win64.o\librdi_commonxillic.dll
0x000007feba8b0000 - 0x000007feba9e0000 	C:\Xilinx\SDK\2016.2\lib\win64.o\librdi_curl.dll
0x000007fef1d40000 - 0x000007fef1d58000 	C:\Xilinx\SDK\2016.2\lib\win64.o\librdiconfig.dll
0x0000000073310000 - 0x0000000073437000 	C:\Xilinx\SDK\2016.2\lib\win64.o\tcl85t.dll
0x0000000024380000 - 0x00000000245e3000 	C:\Xilinx\SDK\2016.2\lib\win64.o\xerces-c_3_1.dll
0x000007fefec40000 - 0x000007fefedc6000 	C:\Windows\system32\urlmon.dll
0x000007fefcc70000 - 0x000007fefcc74000 	C:\Windows\system32\api-ms-win-downlevel-ole32-l1-1-0.dll
0x000007fedfd90000 - 0x000007fedfdb3000 	C:\Windows\system32\VCOMP110.DLL
0x000007feba6b0000 - 0x000007feba8a2000 	C:\Xilinx\SDK\2016.2\lib\win64.o\librdi_hsm.dll
0x000007febb190000 - 0x000007febb1d3000 	C:\Xilinx\SDK\2016.2\lib\win64.o\librdi_hdf.dll
0x000007feb9490000 - 0x000007feb9711000 	C:\Xilinx\SDK\2016.2\lib\win64.o\librdi_ippcw.dll
0x000007febb170000 - 0x000007febb186000 	C:\Xilinx\SDK\2016.2\eclipse\win64.o\plugins\org.eclipse.cdt.core.win32.x86_64_5.4.0.201509131935\os\win32\x86_64\spawner.dll
0x000007fef7d70000 - 0x000007fef7d7a000 	C:\Xilinx\SDK\2016.2\lib\win64.o\librdi_jtag_settings.dll
0x000007fef42f0000 - 0x000007fef4319000 	C:\Xilinx\SDK\2016.2\lib\win64.o\librdi_debug_dialog.dll
0x000007fef7900000 - 0x000007fef7908000 	C:\Xilinx\SDK\2016.2\lib\win64.o\librdi_target_manager.dll
0x0000000071100000 - 0x0000000071125000 	C:\Users\dezfoul2\.jssc\windows\jSSC-2.8_x86_64.dll
0x0000000071080000 - 0x00000000710a6000 	C:\Xilinx\SDK\2016.2\eclipse\win64.o\plugins\gnu.io.rxtx.win32.x86_64_2.1.7.3_v20071015\os\win32\x86_64\rxtxSerial.dll
0x000007fef2190000 - 0x000007fef29a0000 	C:\Xilinx\SDK\2016.2\lib\win64.o\libXil_lmgr11FNP.dll

VM Arguments:
jvm_args: -Dcom.xilinx.sdk.args.hwspec=W:/ece532/integration/hdmi.sdk/hdmi_wrapper.hdf -Xms64m -Xmx512m & 
java_command: <unknown>
java_class_path (initial): C:\Xilinx\SDK\2016.2\eclipse\win64.o\\plugins/org.eclipse.equinox.launcher_1.3.100.v20150511-1540.jar
Launcher Type: generic

Environment Variables:
PATH=C:/Xilinx/SDK/2016.2/tps/win64/jre/bin/server;C:/Xilinx/SDK/2016.2/tps/win64/jre/bin;C:/Xilinx/SDK/2016.2/tps/win64/jre/lib/amd64;C:\Xilinx\SDK\2016.2\gnuwin\bin;C:\Xilinx\SDK\2016.2\gnu\microblaze\nt\bin;C:\Xilinx\SDK\2016.2\gnu\microblaze\linux_toolchain\nt64_le\bin;C:\Xilinx\SDK\2016.2\gnu\microblaze\linux_toolchain\nt64_be\bin;C:\Xilinx\SDK\2016.2\gnu\arm\nt\bin;C:\Xilinx\SDK\2016.2\gnu\aarch64\nt\aarch64-none\bin;C:\Xilinx\SDK\2016.2\gnu\aarch64\nt\aarch64-linux\bin;C:\Xilinx\SDK\2016.2\gnu\armr5\nt\gcc-arm-none-eabi\bin;C:\Xilinx\SDK\2016.2\gnu\aarch32\nt\gcc-arm-none-eabi\bin;C:\Xilinx\SDK\2016.2\gnu\aarch32\nt\gcc-arm-linux-gnueabi\bin;C:\Xilinx\SDK\2016.2\tps\win64\cmake-3.3.2\bin;;C:\Xilinx\SDK\2016.2\bin;C:\Xilinx\SDK\2016.2\lib\win64.o;C:\Xilinx\SDK\2016.2\tps\win64\jre\bin\server;C:\Xilinx\SDK\2016.2\tps\win64\jre\bin;C:\Xilinx\Vivado\2016.2\ids_lite\ISE\bin\nt64;C:\Xilinx\Vivado\2016.2\ids_lite\ISE\lib\nt64;C:\Xilinx\Vivado\2016.2\bin;C:\Xilinx\Vivado\2016.2\lib\win64.o;C:\Xilinx\Vivado\2016.2\tps\win64\jre\bin\server;C:\Xilinx\Vivado\2016.2\tps\win64\jre\bin;C:\Xilinx\Vivado_HLS\2016.2\bin;C:\Users\dezfoul2\bin;W:\Git\Git\mingw64\bin;W:\Git\Git\usr\local\bin;W:\Git\Git\usr\bin;C:\Windows\system32;C:\Windows;C:\Windows\System32\Wbem;C:\Windows\System32\WindowsPowerShell\v1.0;C:\Program Files (x86)\Java\jre6\bin;C:\Program Files (x86)\eclipse;C:\altera\16.0\quartus\bin64;C:\altera\16.0\quartus\bin64\jre64\bin;W:\Git\Git\usr\bin\vendor_perl;W:\Git\Git\usr\bin\core_perl;W:\ece532\integration;
USERNAME=dezfoul2
SHELL=W:\Git\Git\usr\bin\bash.exe
DISPLAY=needs-to-be-defined
OS=Windows_NT
PROCESSOR_IDENTIFIER=Intel64 Family 6 Model 60 Stepping 3, GenuineIntel



---------------  S Y S T E M  ---------------

OS: Windows 7 , 64 bit Build 7601 (6.1.7601.23418)

CPU:total 8 (4 cores per cpu, 2 threads per core) family 6 model 60 stepping 3, cmov, cx8, fxsr, mmx, sse, sse2, sse3, ssse3, sse4.1, sse4.2, popcnt, avx, avx2, aes, clmul, erms, lzcnt, ht, tsc, tscinvbit, bmi1, bmi2

Memory: 4k page, physical 16683160k(11839724k free), swap 33364460k(28055804k free)

vm_info: Java HotSpot(TM) 64-Bit Server VM (25.66-b18) for windows-amd64 JRE (1.8.0_66-b18), built on Nov  9 2015 10:51:13 by "java_re" with MS VC++ 10.0 (VS2010)

time: Fri Mar 10 16:43:02 2017
elapsed time: 6442 seconds (0d 1h 47m 22s)

