#-----------------------------------------------------------
# Vivado v2016.2 (64-bit)
# SW Build 1577090 on Thu Jun  2 16:32:40 MDT 2016
# IP Build 1577682 on Fri Jun  3 12:00:54 MDT 2016
# Start of session at: Thu Mar 09 13:58:11 2017
# Process ID: 5108
# Current directory: W:/ece532/integration
# Command line: vivado.exe -gui_launcher_event rodinguilauncherevent3060 hdmi.xpr
# Log file: W:/ece532/integration/vivado.log
# Journal file: W:/ece532/integration\vivado.jou
#-----------------------------------------------------------
start_gui
open_project hdmi.xpr
INFO: [Project 1-313] Project file moved from 'W:/ece532/hdmi' since last save.
Scanning sources...
Finished scanning sources
INFO: [IP_Flow 19-234] Refreshing IP repositories
INFO: [IP_Flow 19-1700] Loaded user IP repository 'w:/NexysVideo-master_2015.3/Projects/hdmi/repo'.
INFO: [IP_Flow 19-1700] Loaded user IP repository 'w:/ece532/img_processing_ip/ip_repo'.
INFO: [IP_Flow 19-2313] Loaded Vivado IP repository 'C:/Xilinx/Vivado/2016.2/data/ip'.
open_project: Time (s): cpu = 00:00:19 ; elapsed = 00:00:27 . Memory (MB): peak = 1014.336 ; gain = 382.832
update_compile_order -fileset sources_1
open_bd_design {W:/ece532/integration/hdmi.srcs/sources_1/bd/hdmi/hdmi.bd}
Adding cell -- digilentinc.com:ip:axi_dynclk:1.0 - axi_dynclk_0
Adding cell -- digilentinc.com:ip:dvi2rgb:1.5 - dvi2rgb_0
Adding cell -- xilinx.com:ip:xlconcat:2.1 - microblaze_0_xlconcat
Adding cell -- digilentinc.com:ip:rgb2dvi:1.2 - rgb2dvi_0
Adding cell -- xilinx.com:ip:xlconstant:1.1 - xlconstant_0
Adding cell -- xilinx.com:ip:axi_gpio:2.0 - axi_gpio_video
Adding cell -- xilinx.com:ip:axi_timer:2.0 - axi_timer_0
Adding cell -- xilinx.com:ip:axi_uartlite:2.0 - axi_uartlite_0
Adding cell -- xilinx.com:ip:axi_vdma:6.2 - axi_vdma_0
Adding cell -- xilinx.com:ip:mdm:3.2 - mdm_1
Adding cell -- xilinx.com:ip:microblaze:9.6 - microblaze_0
Adding cell -- xilinx.com:ip:axi_intc:4.1 - microblaze_0_axi_intc
Adding cell -- xilinx.com:ip:mig_7series:4.0 - mig_7series_0
Adding cell -- xilinx.com:ip:proc_sys_reset:5.0 - rst_mig_7series_0_100M
Adding cell -- xilinx.com:ip:proc_sys_reset:5.0 - rst_mig_7series_0_pxl
Adding cell -- xilinx.com:ip:v_axi4s_vid_out:4.0 - v_axi4s_vid_out_0
Adding cell -- xilinx.com:ip:v_tc:6.1 - v_tc_0
Adding cell -- xilinx.com:ip:v_tc:6.1 - v_tc_1
Adding cell -- xilinx.com:ip:v_vid_in_axi4s:4.0 - v_vid_in_axi4s_0
Adding cell -- xilinx.com:ip:axi_vdma:6.2 - axi_vdma_1
Adding cell -- xilinx.com:ip:xlconcat:2.1 - xlconcat_0
Adding cell -- xilinx.com:ip:xlconstant:1.1 - xlconstant_1
Adding cell -- xilinx.com:ip:xlconstant:1.1 - xlconstant_2
Adding cell -- user:user:led_detect:1.0 - led_detect_0
Adding cell -- xilinx.com:ip:axi_crossbar:2.1 - xbar
Adding cell -- xilinx.com:ip:axi_crossbar:2.1 - xbar
Adding cell -- xilinx.com:ip:axi_data_fifo:2.1 - m00_data_fifo
Adding cell -- xilinx.com:ip:axi_register_slice:2.1 - m00_regslice
Adding cell -- xilinx.com:ip:axi_dwidth_converter:2.1 - auto_ds
Adding cell -- xilinx.com:ip:axi_register_slice:2.1 - s05_regslice
Adding cell -- xilinx.com:ip:axi_dwidth_converter:2.1 - auto_us
Adding cell -- xilinx.com:ip:axi_register_slice:2.1 - auto_rs_w
Adding cell -- xilinx.com:ip:axi_register_slice:2.1 - s04_regslice
Adding cell -- xilinx.com:ip:axi_dwidth_converter:2.1 - auto_us
Adding cell -- xilinx.com:ip:axi_register_slice:2.1 - auto_rs_w
Adding cell -- xilinx.com:ip:axi_register_slice:2.1 - s03_regslice
Adding cell -- xilinx.com:ip:axi_register_slice:2.1 - s02_regslice
Adding cell -- xilinx.com:ip:axi_register_slice:2.1 - s01_regslice
Adding cell -- xilinx.com:ip:axi_dwidth_converter:2.1 - auto_us
Adding cell -- xilinx.com:ip:axi_register_slice:2.1 - auto_rs_w
Adding cell -- xilinx.com:ip:axi_register_slice:2.1 - s00_regslice
Adding cell -- xilinx.com:ip:axi_dwidth_converter:2.1 - auto_us
Adding cell -- xilinx.com:ip:axi_register_slice:2.1 - auto_rs_w
Adding cell -- xilinx.com:ip:lmb_bram_if_cntlr:4.0 - dlmb_bram_if_cntlr
Adding cell -- xilinx.com:ip:lmb_v10:3.0 - dlmb_v10
Adding cell -- xilinx.com:ip:lmb_bram_if_cntlr:4.0 - ilmb_bram_if_cntlr
Adding cell -- xilinx.com:ip:lmb_v10:3.0 - ilmb_v10
Adding cell -- xilinx.com:ip:blk_mem_gen:8.3 - lmb_bram
Successfully read diagram <hdmi> from BD file <W:/ece532/integration/hdmi.srcs/sources_1/bd/hdmi/hdmi.bd>
open_bd_design: Time (s): cpu = 00:00:05 ; elapsed = 00:00:05 . Memory (MB): peak = 1118.184 ; gain = 39.391
open_run synth_1 -name synth_1
Design is defaulting to impl run constrset: constrs_1
Design is defaulting to synth run part: xc7a200tsbg484-1
INFO: [Netlist 29-17] Analyzing 2035 Unisim elements for replacement
INFO: [Netlist 29-28] Unisim Transformation completed in 1 CPU seconds
INFO: [Project 1-479] Netlist was created with Vivado 2016.2
INFO: [Device 21-403] Loading part xc7a200tsbg484-1
INFO: [Project 1-570] Preparing netlist for logic optimization
Parsing XDC File [w:/ece532/integration/hdmi.srcs/sources_1/bd/hdmi/ip/hdmi_axi_gpio_video_0/hdmi_axi_gpio_video_0_board.xdc] for cell 'hdmi_i/axi_gpio_video/U0'
Finished Parsing XDC File [w:/ece532/integration/hdmi.srcs/sources_1/bd/hdmi/ip/hdmi_axi_gpio_video_0/hdmi_axi_gpio_video_0_board.xdc] for cell 'hdmi_i/axi_gpio_video/U0'
Parsing XDC File [w:/ece532/integration/hdmi.srcs/sources_1/bd/hdmi/ip/hdmi_axi_gpio_video_0/hdmi_axi_gpio_video_0.xdc] for cell 'hdmi_i/axi_gpio_video/U0'
Finished Parsing XDC File [w:/ece532/integration/hdmi.srcs/sources_1/bd/hdmi/ip/hdmi_axi_gpio_video_0/hdmi_axi_gpio_video_0.xdc] for cell 'hdmi_i/axi_gpio_video/U0'
Parsing XDC File [w:/ece532/integration/hdmi.srcs/sources_1/bd/hdmi/ip/hdmi_axi_timer_0_0/hdmi_axi_timer_0_0.xdc] for cell 'hdmi_i/axi_timer_0/U0'
Finished Parsing XDC File [w:/ece532/integration/hdmi.srcs/sources_1/bd/hdmi/ip/hdmi_axi_timer_0_0/hdmi_axi_timer_0_0.xdc] for cell 'hdmi_i/axi_timer_0/U0'
Parsing XDC File [w:/ece532/integration/hdmi.srcs/sources_1/bd/hdmi/ip/hdmi_axi_uartlite_0_0/hdmi_axi_uartlite_0_0_board.xdc] for cell 'hdmi_i/axi_uartlite_0/U0'
Finished Parsing XDC File [w:/ece532/integration/hdmi.srcs/sources_1/bd/hdmi/ip/hdmi_axi_uartlite_0_0/hdmi_axi_uartlite_0_0_board.xdc] for cell 'hdmi_i/axi_uartlite_0/U0'
Parsing XDC File [w:/ece532/integration/hdmi.srcs/sources_1/bd/hdmi/ip/hdmi_axi_uartlite_0_0/hdmi_axi_uartlite_0_0.xdc] for cell 'hdmi_i/axi_uartlite_0/U0'
Finished Parsing XDC File [w:/ece532/integration/hdmi.srcs/sources_1/bd/hdmi/ip/hdmi_axi_uartlite_0_0/hdmi_axi_uartlite_0_0.xdc] for cell 'hdmi_i/axi_uartlite_0/U0'
Parsing XDC File [w:/ece532/integration/hdmi.srcs/sources_1/bd/hdmi/ip/hdmi_axi_vdma_0_0/hdmi_axi_vdma_0_0.xdc] for cell 'hdmi_i/axi_vdma_0/U0'
Finished Parsing XDC File [w:/ece532/integration/hdmi.srcs/sources_1/bd/hdmi/ip/hdmi_axi_vdma_0_0/hdmi_axi_vdma_0_0.xdc] for cell 'hdmi_i/axi_vdma_0/U0'
Parsing XDC File [w:/ece532/integration/hdmi.srcs/sources_1/bd/hdmi/ip/hdmi_dvi2rgb_0_0/src/dvi2rgb.xdc] for cell 'hdmi_i/dvi2rgb_0/U0'
Finished Parsing XDC File [w:/ece532/integration/hdmi.srcs/sources_1/bd/hdmi/ip/hdmi_dvi2rgb_0_0/src/dvi2rgb.xdc] for cell 'hdmi_i/dvi2rgb_0/U0'
Parsing XDC File [w:/ece532/integration/hdmi.srcs/sources_1/bd/hdmi/ip/hdmi_mdm_1_0/hdmi_mdm_1_0.xdc] for cell 'hdmi_i/mdm_1/U0'
INFO: [Timing 38-35] Done setting XDC timing constraints. [w:/ece532/integration/hdmi.srcs/sources_1/bd/hdmi/ip/hdmi_mdm_1_0/hdmi_mdm_1_0.xdc:50]
get_clocks: Time (s): cpu = 00:00:12 ; elapsed = 00:00:11 . Memory (MB): peak = 2156.211 ; gain = 531.113
Finished Parsing XDC File [w:/ece532/integration/hdmi.srcs/sources_1/bd/hdmi/ip/hdmi_mdm_1_0/hdmi_mdm_1_0.xdc] for cell 'hdmi_i/mdm_1/U0'
Parsing XDC File [w:/ece532/integration/hdmi.srcs/sources_1/bd/hdmi/ip/hdmi_microblaze_0_0/hdmi_microblaze_0_0.xdc] for cell 'hdmi_i/microblaze_0/U0'
Finished Parsing XDC File [w:/ece532/integration/hdmi.srcs/sources_1/bd/hdmi/ip/hdmi_microblaze_0_0/hdmi_microblaze_0_0.xdc] for cell 'hdmi_i/microblaze_0/U0'
Parsing XDC File [w:/ece532/integration/hdmi.srcs/sources_1/bd/hdmi/ip/hdmi_microblaze_0_axi_intc_0/hdmi_microblaze_0_axi_intc_0.xdc] for cell 'hdmi_i/microblaze_0_axi_intc/U0'
Finished Parsing XDC File [w:/ece532/integration/hdmi.srcs/sources_1/bd/hdmi/ip/hdmi_microblaze_0_axi_intc_0/hdmi_microblaze_0_axi_intc_0.xdc] for cell 'hdmi_i/microblaze_0_axi_intc/U0'
Parsing XDC File [w:/ece532/integration/hdmi.srcs/sources_1/bd/hdmi/ip/hdmi_dlmb_v10_0/hdmi_dlmb_v10_0.xdc] for cell 'hdmi_i/microblaze_0_local_memory/dlmb_v10/U0'
Finished Parsing XDC File [w:/ece532/integration/hdmi.srcs/sources_1/bd/hdmi/ip/hdmi_dlmb_v10_0/hdmi_dlmb_v10_0.xdc] for cell 'hdmi_i/microblaze_0_local_memory/dlmb_v10/U0'
Parsing XDC File [w:/ece532/integration/hdmi.srcs/sources_1/bd/hdmi/ip/hdmi_ilmb_v10_0/hdmi_ilmb_v10_0.xdc] for cell 'hdmi_i/microblaze_0_local_memory/ilmb_v10/U0'
Finished Parsing XDC File [w:/ece532/integration/hdmi.srcs/sources_1/bd/hdmi/ip/hdmi_ilmb_v10_0/hdmi_ilmb_v10_0.xdc] for cell 'hdmi_i/microblaze_0_local_memory/ilmb_v10/U0'
Parsing XDC File [w:/ece532/integration/hdmi.srcs/sources_1/bd/hdmi/ip/hdmi_mig_7series_0_0/hdmi_mig_7series_0_0/user_design/constraints/hdmi_mig_7series_0_0.xdc] for cell 'hdmi_i/mig_7series_0'
WARNING: [Vivado 12-4777] Setting CLOCK_DEDICATED_ROUTE constraint on the PARENT net instead of the specified net segment (net name: hdmi_i/mig_7series_0/sys_clk_i). Placer only honors CLOCK_DEDICATED_ROUTE when set on the PARENT net, e.g. net segment directly connected to the driver. To eliminate this message, please update your constraint to specify the PARENT net instead. [w:/ece532/integration/hdmi.srcs/sources_1/bd/hdmi/ip/hdmi_mig_7series_0_0/hdmi_mig_7series_0_0/user_design/constraints/hdmi_mig_7series_0_0.xdc:37]
Finished Parsing XDC File [w:/ece532/integration/hdmi.srcs/sources_1/bd/hdmi/ip/hdmi_mig_7series_0_0/hdmi_mig_7series_0_0/user_design/constraints/hdmi_mig_7series_0_0.xdc] for cell 'hdmi_i/mig_7series_0'
Parsing XDC File [w:/ece532/integration/hdmi.srcs/sources_1/bd/hdmi/ip/hdmi_rgb2dvi_0_0/src/rgb2dvi.xdc] for cell 'hdmi_i/rgb2dvi_0/U0'
Finished Parsing XDC File [w:/ece532/integration/hdmi.srcs/sources_1/bd/hdmi/ip/hdmi_rgb2dvi_0_0/src/rgb2dvi.xdc] for cell 'hdmi_i/rgb2dvi_0/U0'
Parsing XDC File [w:/ece532/integration/hdmi.srcs/sources_1/bd/hdmi/ip/hdmi_rst_mig_7series_0_100M_0/hdmi_rst_mig_7series_0_100M_0_board.xdc] for cell 'hdmi_i/rst_mig_7series_0_100M/U0'
Finished Parsing XDC File [w:/ece532/integration/hdmi.srcs/sources_1/bd/hdmi/ip/hdmi_rst_mig_7series_0_100M_0/hdmi_rst_mig_7series_0_100M_0_board.xdc] for cell 'hdmi_i/rst_mig_7series_0_100M/U0'
Parsing XDC File [w:/ece532/integration/hdmi.srcs/sources_1/bd/hdmi/ip/hdmi_rst_mig_7series_0_100M_0/hdmi_rst_mig_7series_0_100M_0.xdc] for cell 'hdmi_i/rst_mig_7series_0_100M/U0'
Finished Parsing XDC File [w:/ece532/integration/hdmi.srcs/sources_1/bd/hdmi/ip/hdmi_rst_mig_7series_0_100M_0/hdmi_rst_mig_7series_0_100M_0.xdc] for cell 'hdmi_i/rst_mig_7series_0_100M/U0'
Parsing XDC File [w:/ece532/integration/hdmi.srcs/sources_1/bd/hdmi/ip/hdmi_rst_mig_7series_0_pxl_0/hdmi_rst_mig_7series_0_pxl_0_board.xdc] for cell 'hdmi_i/rst_mig_7series_0_pxl/U0'
Finished Parsing XDC File [w:/ece532/integration/hdmi.srcs/sources_1/bd/hdmi/ip/hdmi_rst_mig_7series_0_pxl_0/hdmi_rst_mig_7series_0_pxl_0_board.xdc] for cell 'hdmi_i/rst_mig_7series_0_pxl/U0'
Parsing XDC File [w:/ece532/integration/hdmi.srcs/sources_1/bd/hdmi/ip/hdmi_rst_mig_7series_0_pxl_0/hdmi_rst_mig_7series_0_pxl_0.xdc] for cell 'hdmi_i/rst_mig_7series_0_pxl/U0'
Finished Parsing XDC File [w:/ece532/integration/hdmi.srcs/sources_1/bd/hdmi/ip/hdmi_rst_mig_7series_0_pxl_0/hdmi_rst_mig_7series_0_pxl_0.xdc] for cell 'hdmi_i/rst_mig_7series_0_pxl/U0'
Parsing XDC File [w:/ece532/integration/hdmi.srcs/sources_1/bd/hdmi/ip/hdmi_axi_vdma_1_0/hdmi_axi_vdma_1_0.xdc] for cell 'hdmi_i/axi_vdma_1/U0'
Finished Parsing XDC File [w:/ece532/integration/hdmi.srcs/sources_1/bd/hdmi/ip/hdmi_axi_vdma_1_0/hdmi_axi_vdma_1_0.xdc] for cell 'hdmi_i/axi_vdma_1/U0'
Parsing XDC File [W:/NexysVideo-master_2015.3/Projects/hdmi/src/constraints/NexysVideo_Master.xdc]
Finished Parsing XDC File [W:/NexysVideo-master_2015.3/Projects/hdmi/src/constraints/NexysVideo_Master.xdc]
Parsing XDC File [w:/ece532/integration/hdmi.srcs/sources_1/bd/hdmi/ip/hdmi_axi_vdma_0_0/hdmi_axi_vdma_0_0_clocks.xdc] for cell 'hdmi_i/axi_vdma_0/U0'
Finished Parsing XDC File [w:/ece532/integration/hdmi.srcs/sources_1/bd/hdmi/ip/hdmi_axi_vdma_0_0/hdmi_axi_vdma_0_0_clocks.xdc] for cell 'hdmi_i/axi_vdma_0/U0'
Parsing XDC File [w:/ece532/integration/hdmi.srcs/sources_1/bd/hdmi/ip/hdmi_microblaze_0_axi_intc_0/hdmi_microblaze_0_axi_intc_0_clocks.xdc] for cell 'hdmi_i/microblaze_0_axi_intc/U0'
Finished Parsing XDC File [w:/ece532/integration/hdmi.srcs/sources_1/bd/hdmi/ip/hdmi_microblaze_0_axi_intc_0/hdmi_microblaze_0_axi_intc_0_clocks.xdc] for cell 'hdmi_i/microblaze_0_axi_intc/U0'
Parsing XDC File [w:/ece532/integration/hdmi.srcs/sources_1/bd/hdmi/ip/hdmi_rgb2dvi_0_0/src/rgb2dvi_clocks.xdc] for cell 'hdmi_i/rgb2dvi_0/U0'
Finished Parsing XDC File [w:/ece532/integration/hdmi.srcs/sources_1/bd/hdmi/ip/hdmi_rgb2dvi_0_0/src/rgb2dvi_clocks.xdc] for cell 'hdmi_i/rgb2dvi_0/U0'
Parsing XDC File [w:/ece532/integration/hdmi.srcs/sources_1/bd/hdmi/ip/hdmi_v_axi4s_vid_out_0_0/hdmi_v_axi4s_vid_out_0_0_clocks.xdc] for cell 'hdmi_i/v_axi4s_vid_out_0/inst'
Finished Parsing XDC File [w:/ece532/integration/hdmi.srcs/sources_1/bd/hdmi/ip/hdmi_v_axi4s_vid_out_0_0/hdmi_v_axi4s_vid_out_0_0_clocks.xdc] for cell 'hdmi_i/v_axi4s_vid_out_0/inst'
Parsing XDC File [w:/ece532/integration/hdmi.srcs/sources_1/bd/hdmi/ip/hdmi_v_tc_0_0/hdmi_v_tc_0_0_clocks.xdc] for cell 'hdmi_i/v_tc_0/U0'
INFO: [Timing 38-2] Deriving generated clocks [w:/ece532/integration/hdmi.srcs/sources_1/bd/hdmi/ip/hdmi_v_tc_0_0/hdmi_v_tc_0_0_clocks.xdc:2]
CRITICAL WARNING: [Timing 38-249] Generated clock hdmi_i/rgb2dvi_0/U0/SerialClk has no logical paths from master clock axi_dynclk_0_PXL_CLK_O. [w:/ece532/integration/hdmi.srcs/sources_1/bd/hdmi/ip/hdmi_v_tc_0_0/hdmi_v_tc_0_0_clocks.xdc:2]
Resolution: Review the path between the master clock and the generated clock with the schematic viewer and correct the -source option. If it is correct and the master clock does not have a timing path to the generated clock, define the generated clock as a primary clock by using create_clock.
Finished Parsing XDC File [w:/ece532/integration/hdmi.srcs/sources_1/bd/hdmi/ip/hdmi_v_tc_0_0/hdmi_v_tc_0_0_clocks.xdc] for cell 'hdmi_i/v_tc_0/U0'
Parsing XDC File [w:/ece532/integration/hdmi.srcs/sources_1/bd/hdmi/ip/hdmi_v_tc_1_0/hdmi_v_tc_1_0_clocks.xdc] for cell 'hdmi_i/v_tc_1/U0'
Finished Parsing XDC File [w:/ece532/integration/hdmi.srcs/sources_1/bd/hdmi/ip/hdmi_v_tc_1_0/hdmi_v_tc_1_0_clocks.xdc] for cell 'hdmi_i/v_tc_1/U0'
Parsing XDC File [w:/ece532/integration/hdmi.srcs/sources_1/bd/hdmi/ip/hdmi_v_vid_in_axi4s_0_0/hdmi_v_vid_in_axi4s_0_0_clocks.xdc] for cell 'hdmi_i/v_vid_in_axi4s_0/inst'
Finished Parsing XDC File [w:/ece532/integration/hdmi.srcs/sources_1/bd/hdmi/ip/hdmi_v_vid_in_axi4s_0_0/hdmi_v_vid_in_axi4s_0_0_clocks.xdc] for cell 'hdmi_i/v_vid_in_axi4s_0/inst'
Parsing XDC File [w:/ece532/integration/hdmi.srcs/sources_1/bd/hdmi/ip/hdmi_axi_vdma_1_0/hdmi_axi_vdma_1_0_clocks.xdc] for cell 'hdmi_i/axi_vdma_1/U0'
Finished Parsing XDC File [w:/ece532/integration/hdmi.srcs/sources_1/bd/hdmi/ip/hdmi_axi_vdma_1_0/hdmi_axi_vdma_1_0_clocks.xdc] for cell 'hdmi_i/axi_vdma_1/U0'
INFO: [Opt 31-138] Pushed 0 inverter(s) to 0 load pin(s).
Generating merged BMM file for the design top 'hdmi_wrapper'...
INFO: [Memdata 28-144] Successfully populated the BRAM INIT strings from the following elf files: w:/ece532/integration/hdmi.srcs/sources_1/bd/hdmi/ip/hdmi_microblaze_0_0/data/mb_bootloop_le.elf 
INFO: [Project 1-111] Unisim Transformation Summary:
  A total of 822 instances were transformed.
  IOBUF => IOBUF (IBUF, OBUFT): 2 instances
  IOBUFDS_DIFF_OUT_INTERMDISABLE => IOBUFDS_DIFF_OUT_INTERMDISABLE (IBUFDS_INTERMDISABLE_INT, IBUFDS_INTERMDISABLE_INT, INV, OBUFTDS, OBUFTDS): 2 instances
  IOBUF_INTERMDISABLE => IOBUF_INTERMDISABLE (IBUF_INTERMDISABLE, OBUFT): 16 instances
  LUT6_2 => LUT6_2 (LUT5, LUT6): 64 instances
  OBUFDS => OBUFDS_DUAL_BUF (INV, OBUFDS, OBUFDS): 1 instances
  RAM16X1D => RAM32X1D (RAMD32, RAMD32): 32 instances
  RAM16X1S => RAM32X1S (RAMS32): 512 instances
  RAM32M => RAM32M (RAMD32, RAMD32, RAMD32, RAMD32, RAMD32, RAMD32, RAMS32, RAMS32): 193 instances

open_run: Time (s): cpu = 00:00:47 ; elapsed = 00:00:59 . Memory (MB): peak = 2192.164 ; gain = 1062.258
open_bd_design {W:/ece532/integration/hdmi.srcs/sources_1/bd/hdmi/hdmi.bd}
reset_run synth_1
launch_runs impl_1 -to_step write_bitstream
INFO: [BD 41-1662] The design 'hdmi.bd' is already validated. Therefore parameter propagation will not be re-run.
VHDL Output written to : W:/ece532/integration/hdmi.srcs/sources_1/bd/hdmi/hdl/hdmi.vhd
VHDL Output written to : W:/ece532/integration/hdmi.srcs/sources_1/bd/hdmi/hdl/hdmi_wrapper.vhd
Wrote  : <W:/ece532/integration/hdmi.srcs/sources_1/bd/hdmi/hdmi.bd> 
INFO: [BD 41-1029] Generation completed for the IP Integrator block axi_dynclk_0 .
INFO: [BD 41-1029] Generation completed for the IP Integrator block axi_gpio_video .
INFO: [BD 41-1029] Generation completed for the IP Integrator block axi_timer_0 .
INFO: [BD 41-1029] Generation completed for the IP Integrator block axi_uartlite_0 .
INFO: [BD 41-1029] Generation completed for the IP Integrator block axi_vdma_0 .
INFO: [BD 41-1029] Generation completed for the IP Integrator block dvi2rgb_0 .
INFO: [BD 41-1029] Generation completed for the IP Integrator block mdm_1 .
INFO: [BD 41-1029] Generation completed for the IP Integrator block microblaze_0 .
INFO: [BD 41-1029] Generation completed for the IP Integrator block microblaze_0_axi_intc .
INFO: [BD 41-1029] Generation completed for the IP Integrator block microblaze_0_local_memory/dlmb_bram_if_cntlr .
INFO: [BD 41-1029] Generation completed for the IP Integrator block microblaze_0_local_memory/dlmb_v10 .
INFO: [BD 41-1029] Generation completed for the IP Integrator block microblaze_0_local_memory/ilmb_bram_if_cntlr .
INFO: [BD 41-1029] Generation completed for the IP Integrator block microblaze_0_local_memory/ilmb_v10 .
INFO: [BD 41-1029] Generation completed for the IP Integrator block microblaze_0_local_memory/lmb_bram .
INFO: [BD 41-1029] Generation completed for the IP Integrator block microblaze_0_xlconcat .
INFO: [BD 41-1029] Generation completed for the IP Integrator block mig_7series_0 .
INFO: [BD 41-1029] Generation completed for the IP Integrator block rgb2dvi_0 .
INFO: [BD 41-1029] Generation completed for the IP Integrator block rst_mig_7series_0_100M .
INFO: [BD 41-1029] Generation completed for the IP Integrator block rst_mig_7series_0_pxl .
INFO: [BD 41-1029] Generation completed for the IP Integrator block v_axi4s_vid_out_0 .
INFO: [BD 41-1029] Generation completed for the IP Integrator block v_tc_0 .
INFO: [BD 41-1029] Generation completed for the IP Integrator block v_tc_1 .
INFO: [BD 41-1029] Generation completed for the IP Integrator block v_vid_in_axi4s_0 .
INFO: [BD 41-1029] Generation completed for the IP Integrator block xlconstant_0 .
INFO: [BD 41-1029] Generation completed for the IP Integrator block axi_mem_intercon/xbar .
INFO: [BD 41-1029] Generation completed for the IP Integrator block microblaze_0_axi_periph/xbar .
INFO: [BD 41-1029] Generation completed for the IP Integrator block axi_vdma_1 .
INFO: [BD 41-1029] Generation completed for the IP Integrator block xlconcat_0 .
INFO: [BD 41-1029] Generation completed for the IP Integrator block xlconstant_1 .
INFO: [BD 41-1029] Generation completed for the IP Integrator block xlconstant_2 .
INFO: [BD 41-1029] Generation completed for the IP Integrator block led_detect_0 .
INFO: [BD 41-1029] Generation completed for the IP Integrator block axi_mem_intercon/s00_couplers/s00_regslice .
INFO: [BD 41-1029] Generation completed for the IP Integrator block axi_mem_intercon/s01_couplers/s01_regslice .
INFO: [BD 41-1029] Generation completed for the IP Integrator block axi_mem_intercon/s02_couplers/s02_regslice .
INFO: [BD 41-1029] Generation completed for the IP Integrator block axi_mem_intercon/s03_couplers/s03_regslice .
INFO: [BD 41-1029] Generation completed for the IP Integrator block axi_mem_intercon/s04_couplers/s04_regslice .
INFO: [BD 41-1029] Generation completed for the IP Integrator block axi_mem_intercon/s05_couplers/s05_regslice .
INFO: [BD 41-1029] Generation completed for the IP Integrator block axi_mem_intercon/m00_couplers/m00_data_fifo .
INFO: [BD 41-1029] Generation completed for the IP Integrator block axi_mem_intercon/m00_couplers/m00_regslice .
INFO: [BD 41-1029] Generation completed for the IP Integrator block axi_mem_intercon/m00_couplers/auto_ds .
INFO: [BD 41-1029] Generation completed for the IP Integrator block axi_mem_intercon/s00_couplers/auto_us .
INFO: [BD 41-1029] Generation completed for the IP Integrator block axi_mem_intercon/s00_couplers/auto_rs_w .
INFO: [BD 41-1029] Generation completed for the IP Integrator block axi_mem_intercon/s01_couplers/auto_us .
INFO: [BD 41-1029] Generation completed for the IP Integrator block axi_mem_intercon/s01_couplers/auto_rs_w .
INFO: [BD 41-1029] Generation completed for the IP Integrator block axi_mem_intercon/s04_couplers/auto_us .
INFO: [BD 41-1029] Generation completed for the IP Integrator block axi_mem_intercon/s04_couplers/auto_rs_w .
INFO: [BD 41-1029] Generation completed for the IP Integrator block axi_mem_intercon/s05_couplers/auto_us .
INFO: [BD 41-1029] Generation completed for the IP Integrator block axi_mem_intercon/s05_couplers/auto_rs_w .
Exporting to file W:/ece532/integration/hdmi.srcs/sources_1/bd/hdmi/hw_handoff/hdmi.hwh
WARNING: [IP_Flow 19-3331] Invalid parameters found in dependency constraints of 'BUSIF_ENABLEMENT.AsyncRst' 
WARNING: [IP_Flow 19-3331] Invalid parameters found in dependency constraints of 'BUSIF_ENABLEMENT.SyncRst' 
WARNING: [IP_Flow 19-3331] Invalid parameters found in dependency constraints of 'BUSIF_ENABLEMENT.AsyncRst' 
WARNING: [IP_Flow 19-3331] Invalid parameters found in dependency constraints of 'BUSIF_ENABLEMENT.SyncRst' 
Generated Block Design Tcl file W:/ece532/integration/hdmi.srcs/sources_1/bd/hdmi/hw_handoff/hdmi_bd.tcl
Generated Hardware Definition File W:/ece532/integration/hdmi.srcs/sources_1/bd/hdmi/hdl/hdmi.hwdef
WARNING: [Project 1-478] Design 'synth_1' is stale and will not be used when launching 'impl_1'
[Thu Mar 09 14:02:46 2017] Launched synth_1...
Run output will be captured here: W:/ece532/integration/hdmi.runs/synth_1/runme.log
[Thu Mar 09 14:02:46 2017] Launched impl_1...
Run output will be captured here: W:/ece532/integration/hdmi.runs/impl_1/runme.log
launch_runs: Time (s): cpu = 00:00:08 ; elapsed = 00:01:18 . Memory (MB): peak = 2354.035 ; gain = 0.000
set_property IOSTANDARD LVCMOS33 [get_ports [list reset]]
set_property IOSTANDARD LVCMOS25 [get_ports [list reset]]
set_property IOSTANDARD LVCMOS33 [get_ports [list reset]]
set_property is_loc_fixed false [get_ports [list  reset]]
set_property is_loc_fixed true [get_ports [list  reset]]
set_property IOSTANDARD SSTL15 [get_ports [list reset]]
save_constraints -force
close_design
open_bd_design {W:/ece532/integration/hdmi.srcs/sources_1/bd/hdmi/hdmi.bd}
validate_bd_design -force
WARNING: [BD 41-702] Propagation TCL tries to overwrite USER strength parameter C_M_AXI_S2MM_DATA_WIDTH(128) on '/axi_vdma_0' with propagated value(32). Command ignored
WARNING: [BD 41-702] Propagation TCL tries to overwrite USER strength parameter C_M_AXI_S2MM_DATA_WIDTH(64) on '/axi_vdma_1' with propagated value(32). Command ignored
WARNING: [BD 41-702] Propagation TCL tries to overwrite USER strength parameter C_M_AXI_S2MM_DATA_WIDTH(128) on '/axi_vdma_0' with propagated value(32). Command ignored
WARNING: [BD 41-702] Propagation TCL tries to overwrite USER strength parameter C_M_AXI_S2MM_DATA_WIDTH(64) on '/axi_vdma_1' with propagated value(32). Command ignored
WARNING: [BD 41-702] Propagation TCL tries to overwrite USER strength parameter C_M_AXI_S2MM_DATA_WIDTH(128) on '/axi_vdma_0' with propagated value(32). Command ignored
WARNING: [BD 41-702] Propagation TCL tries to overwrite USER strength parameter C_M_AXI_S2MM_DATA_WIDTH(64) on '/axi_vdma_1' with propagated value(32). Command ignored
WARNING: [BD 41-702] Propagation TCL tries to overwrite USER strength parameter C_M_AXI_S2MM_DATA_WIDTH(128) on '/axi_vdma_0' with propagated value(32). Command ignored
WARNING: [BD 41-702] Propagation TCL tries to overwrite USER strength parameter C_M_AXI_S2MM_DATA_WIDTH(64) on '/axi_vdma_1' with propagated value(32). Command ignored
WARNING: [BD 41-702] Propagation TCL tries to overwrite USER strength parameter C_M_AXI_S2MM_DATA_WIDTH(128) on '/axi_vdma_0' with propagated value(32). Command ignored
WARNING: [BD 41-702] Propagation TCL tries to overwrite USER strength parameter C_M_AXI_S2MM_DATA_WIDTH(64) on '/axi_vdma_1' with propagated value(32). Command ignored
WARNING: [BD 41-702] Propagation TCL tries to overwrite USER strength parameter C_M_AXI_S2MM_DATA_WIDTH(128) on '/axi_vdma_0' with propagated value(32). Command ignored
WARNING: [BD 41-702] Propagation TCL tries to overwrite USER strength parameter C_M_AXI_S2MM_DATA_WIDTH(64) on '/axi_vdma_1' with propagated value(32). Command ignored
WARNING: [BD 41-702] Propagation TCL tries to overwrite USER strength parameter C_M_AXI_S2MM_DATA_WIDTH(128) on '/axi_vdma_0' with propagated value(32). Command ignored
WARNING: [BD 41-702] Propagation TCL tries to overwrite USER strength parameter C_M_AXI_S2MM_DATA_WIDTH(64) on '/axi_vdma_1' with propagated value(32). Command ignored
WARNING: [BD 41-702] Propagation TCL tries to overwrite USER strength parameter C_M_AXI_S2MM_DATA_WIDTH(128) on '/axi_vdma_0' with propagated value(32). Command ignored
WARNING: [BD 41-702] Propagation TCL tries to overwrite USER strength parameter C_M_AXI_S2MM_DATA_WIDTH(64) on '/axi_vdma_1' with propagated value(32). Command ignored
WARNING: [BD 41-702] Propagation TCL tries to overwrite USER strength parameter C_M_AXI_S2MM_DATA_WIDTH(128) on '/axi_vdma_0' with propagated value(32). Command ignored
WARNING: [BD 41-702] Propagation TCL tries to overwrite USER strength parameter C_M_AXI_S2MM_DATA_WIDTH(64) on '/axi_vdma_1' with propagated value(32). Command ignored
WARNING: [BD 41-702] Propagation TCL tries to overwrite USER strength parameter C_M_AXI_S2MM_DATA_WIDTH(128) on '/axi_vdma_0' with propagated value(32). Command ignored
WARNING: [BD 41-702] Propagation TCL tries to overwrite USER strength parameter C_M_AXI_S2MM_DATA_WIDTH(64) on '/axi_vdma_1' with propagated value(32). Command ignored
WARNING: [BD 41-702] Propagation TCL tries to overwrite USER strength parameter C_M_AXI_S2MM_DATA_WIDTH(128) on '/axi_vdma_0' with propagated value(32). Command ignored
WARNING: [BD 41-702] Propagation TCL tries to overwrite USER strength parameter C_M_AXI_S2MM_DATA_WIDTH(64) on '/axi_vdma_1' with propagated value(32). Command ignored
WARNING: [BD 41-702] Propagation TCL tries to overwrite USER strength parameter C_M_AXI_S2MM_DATA_WIDTH(128) on '/axi_vdma_0' with propagated value(32). Command ignored
WARNING: [BD 41-702] Propagation TCL tries to overwrite USER strength parameter C_M_AXI_S2MM_DATA_WIDTH(64) on '/axi_vdma_1' with propagated value(32). Command ignored
WARNING: [BD 41-702] Propagation TCL tries to overwrite USER strength parameter C_M_AXI_S2MM_DATA_WIDTH(128) on '/axi_vdma_0' with propagated value(32). Command ignored
WARNING: [BD 41-702] Propagation TCL tries to overwrite USER strength parameter C_M_AXI_S2MM_DATA_WIDTH(64) on '/axi_vdma_1' with propagated value(32). Command ignored
WARNING: [BD 41-702] Propagation TCL tries to overwrite USER strength parameter C_M_AXI_S2MM_DATA_WIDTH(128) on '/axi_vdma_0' with propagated value(32). Command ignored
WARNING: [BD 41-702] Propagation TCL tries to overwrite USER strength parameter C_M_AXI_S2MM_DATA_WIDTH(64) on '/axi_vdma_1' with propagated value(32). Command ignored
WARNING: [BD 41-702] Propagation TCL tries to overwrite USER strength parameter C_M_AXI_S2MM_DATA_WIDTH(128) on '/axi_vdma_0' with propagated value(32). Command ignored
WARNING: [BD 41-702] Propagation TCL tries to overwrite USER strength parameter C_M_AXI_S2MM_DATA_WIDTH(64) on '/axi_vdma_1' with propagated value(32). Command ignored
WARNING: [BD 41-702] Propagation TCL tries to overwrite USER strength parameter C_M_AXI_S2MM_DATA_WIDTH(128) on '/axi_vdma_0' with propagated value(32). Command ignored
WARNING: [BD 41-702] Propagation TCL tries to overwrite USER strength parameter C_M_AXI_S2MM_DATA_WIDTH(64) on '/axi_vdma_1' with propagated value(32). Command ignored
INFO: [xilinx.com:ip:axi_vdma:6.2-15] /axi_vdma_0 
                    All clocks connected to AXI VDMA are not identical, therefore configuring AXI-VDMA in ASYNC mode.
WARNING: [xilinx.com:ip:axi_vdma:6.2-155] /axi_vdma_0 
                    To get the better performance, ensure AXI Memory Map clock frequency is greater than equal to AXI Streaming clock frequency.
INFO: [xilinx.com:ip:axi_intc:4.1-1] /microblaze_0_axi_intc: The AXI INTC core has been configured to operate with synchronous clocks.
INFO: [xilinx.com:ip:microblaze:9.6-16] /microblaze_0: Setting D-cache cacheable area base address C_DCACHE_BASEADDR to 0x80000000 and high address C_DCACHE_HIGHADDR to 0x9FFFFFFF.
INFO: [xilinx.com:ip:microblaze:9.6-16] /microblaze_0: Setting I-cache cacheable area base address C_ICACHE_BASEADDR to 0x80000000 and high address C_ICACHE_HIGHADDR to 0x9FFFFFFF.
validate_bd_design: Time (s): cpu = 00:00:14 ; elapsed = 00:00:21 . Memory (MB): peak = 2426.387 ; gain = 0.000
save_bd_design
Wrote  : <W:/ece532/integration/hdmi.srcs/sources_1/bd/hdmi/hdmi.bd> 
reset_run synth_1
launch_runs impl_1 -to_step write_bitstream
INFO: [BD 41-1662] The design 'hdmi.bd' is already validated. Therefore parameter propagation will not be re-run.
VHDL Output written to : W:/ece532/integration/hdmi.srcs/sources_1/bd/hdmi/hdl/hdmi.vhd
VHDL Output written to : W:/ece532/integration/hdmi.srcs/sources_1/bd/hdmi/hdl/hdmi_wrapper.vhd
Wrote  : <W:/ece532/integration/hdmi.srcs/sources_1/bd/hdmi/hdmi.bd> 
INFO: [BD 41-1029] Generation completed for the IP Integrator block axi_dynclk_0 .
INFO: [BD 41-1029] Generation completed for the IP Integrator block axi_gpio_video .
INFO: [BD 41-1029] Generation completed for the IP Integrator block axi_timer_0 .
INFO: [BD 41-1029] Generation completed for the IP Integrator block axi_uartlite_0 .
INFO: [BD 41-1029] Generation completed for the IP Integrator block axi_vdma_0 .
INFO: [BD 41-1029] Generation completed for the IP Integrator block dvi2rgb_0 .
INFO: [BD 41-1029] Generation completed for the IP Integrator block mdm_1 .
INFO: [BD 41-1029] Generation completed for the IP Integrator block microblaze_0 .
INFO: [BD 41-1029] Generation completed for the IP Integrator block microblaze_0_axi_intc .
INFO: [BD 41-1029] Generation completed for the IP Integrator block microblaze_0_local_memory/dlmb_bram_if_cntlr .
INFO: [BD 41-1029] Generation completed for the IP Integrator block microblaze_0_local_memory/dlmb_v10 .
INFO: [BD 41-1029] Generation completed for the IP Integrator block microblaze_0_local_memory/ilmb_bram_if_cntlr .
INFO: [BD 41-1029] Generation completed for the IP Integrator block microblaze_0_local_memory/ilmb_v10 .
INFO: [BD 41-1029] Generation completed for the IP Integrator block microblaze_0_local_memory/lmb_bram .
INFO: [BD 41-1029] Generation completed for the IP Integrator block microblaze_0_xlconcat .
INFO: [BD 41-1029] Generation completed for the IP Integrator block mig_7series_0 .
INFO: [BD 41-1029] Generation completed for the IP Integrator block rgb2dvi_0 .
INFO: [BD 41-1029] Generation completed for the IP Integrator block rst_mig_7series_0_100M .
INFO: [BD 41-1029] Generation completed for the IP Integrator block rst_mig_7series_0_pxl .
INFO: [BD 41-1029] Generation completed for the IP Integrator block v_axi4s_vid_out_0 .
INFO: [BD 41-1029] Generation completed for the IP Integrator block v_tc_0 .
INFO: [BD 41-1029] Generation completed for the IP Integrator block v_tc_1 .
INFO: [BD 41-1029] Generation completed for the IP Integrator block v_vid_in_axi4s_0 .
INFO: [BD 41-1029] Generation completed for the IP Integrator block xlconstant_0 .
INFO: [BD 41-1029] Generation completed for the IP Integrator block axi_mem_intercon/xbar .
INFO: [BD 41-1029] Generation completed for the IP Integrator block microblaze_0_axi_periph/xbar .
INFO: [BD 41-1029] Generation completed for the IP Integrator block axi_vdma_1 .
INFO: [BD 41-1029] Generation completed for the IP Integrator block xlconcat_0 .
INFO: [BD 41-1029] Generation completed for the IP Integrator block xlconstant_1 .
INFO: [BD 41-1029] Generation completed for the IP Integrator block xlconstant_2 .
INFO: [BD 41-1029] Generation completed for the IP Integrator block led_detect_0 .
INFO: [BD 41-1029] Generation completed for the IP Integrator block axi_mem_intercon/s00_couplers/s00_regslice .
INFO: [BD 41-1029] Generation completed for the IP Integrator block axi_mem_intercon/s01_couplers/s01_regslice .
INFO: [BD 41-1029] Generation completed for the IP Integrator block axi_mem_intercon/s02_couplers/s02_regslice .
INFO: [BD 41-1029] Generation completed for the IP Integrator block axi_mem_intercon/s03_couplers/s03_regslice .
INFO: [BD 41-1029] Generation completed for the IP Integrator block axi_mem_intercon/s04_couplers/s04_regslice .
INFO: [BD 41-1029] Generation completed for the IP Integrator block axi_mem_intercon/s05_couplers/s05_regslice .
INFO: [BD 41-1029] Generation completed for the IP Integrator block axi_mem_intercon/m00_couplers/m00_data_fifo .
INFO: [BD 41-1029] Generation completed for the IP Integrator block axi_mem_intercon/m00_couplers/m00_regslice .
INFO: [BD 41-1029] Generation completed for the IP Integrator block axi_mem_intercon/m00_couplers/auto_ds .
INFO: [BD 41-1029] Generation completed for the IP Integrator block axi_mem_intercon/s00_couplers/auto_us .
INFO: [BD 41-1029] Generation completed for the IP Integrator block axi_mem_intercon/s00_couplers/auto_rs_w .
INFO: [BD 41-1029] Generation completed for the IP Integrator block axi_mem_intercon/s01_couplers/auto_us .
INFO: [BD 41-1029] Generation completed for the IP Integrator block axi_mem_intercon/s01_couplers/auto_rs_w .
INFO: [BD 41-1029] Generation completed for the IP Integrator block axi_mem_intercon/s04_couplers/auto_us .
INFO: [BD 41-1029] Generation completed for the IP Integrator block axi_mem_intercon/s04_couplers/auto_rs_w .
INFO: [BD 41-1029] Generation completed for the IP Integrator block axi_mem_intercon/s05_couplers/auto_us .
INFO: [BD 41-1029] Generation completed for the IP Integrator block axi_mem_intercon/s05_couplers/auto_rs_w .
Exporting to file W:/ece532/integration/hdmi.srcs/sources_1/bd/hdmi/hw_handoff/hdmi.hwh
WARNING: [IP_Flow 19-3331] Invalid parameters found in dependency constraints of 'BUSIF_ENABLEMENT.AsyncRst' 
WARNING: [IP_Flow 19-3331] Invalid parameters found in dependency constraints of 'BUSIF_ENABLEMENT.SyncRst' 
Generated Block Design Tcl file W:/ece532/integration/hdmi.srcs/sources_1/bd/hdmi/hw_handoff/hdmi_bd.tcl
Generated Hardware Definition File W:/ece532/integration/hdmi.srcs/sources_1/bd/hdmi/hdl/hdmi.hwdef
[Thu Mar 09 14:35:50 2017] Launched synth_1...
Run output will be captured here: W:/ece532/integration/hdmi.runs/synth_1/runme.log
[Thu Mar 09 14:35:50 2017] Launched impl_1...
Run output will be captured here: W:/ece532/integration/hdmi.runs/impl_1/runme.log
launch_runs: Time (s): cpu = 00:00:06 ; elapsed = 00:01:12 . Memory (MB): peak = 2426.387 ; gain = 0.000
INFO: [Vivado 12-4158] Exported Hardware file is out of date. Exported hardware information may be inconsistent with respect to the current state of the design. It is recommended that you re-export the design and launch SDK otherwise SDK is launched with out of date hardware system file.
write_hwdef -force  -file W:/ece532/integration/hdmi.sdk/hdmi_wrapper.hdf
launch_sdk -workspace W:/ece532/integration/hdmi.sdk -hwspec W:/ece532/integration/hdmi.sdk/hdmi_wrapper.hdf
INFO: [Vivado 12-393] Launching SDK...
INFO: [Vivado 12-417] Running xsdk -workspace W:/ece532/integration/hdmi.sdk -hwspec W:/ece532/integration/hdmi.sdk/hdmi_wrapper.hdf
INFO: [Vivado 12-3157] SDK launch initiated. Please check console for any further messages.
exit
INFO: [Common 17-206] Exiting Vivado at Thu Mar 09 16:41:13 2017...
