#-----------------------------------------------------------
# Vivado v2016.2 (64-bit)
# SW Build 1577090 on Thu Jun  2 16:32:40 MDT 2016
# IP Build 1577682 on Fri Jun  3 12:00:54 MDT 2016
# Start of session at: Wed Feb 08 18:26:49 2017
# Process ID: 1136
# Current directory: W:/523_fuck_xilinx/NexysVideo-master/Projects/hdmi/proj
# Command line: vivado.exe -gui_launcher_event rodinguilauncherevent6516 W:\523_fuck_xilinx\NexysVideo-master\Projects\hdmi\proj\hdmi.xpr
# Log file: W:/523_fuck_xilinx/NexysVideo-master/Projects/hdmi/proj/vivado.log
# Journal file: W:/523_fuck_xilinx/NexysVideo-master/Projects/hdmi/proj\vivado.jou
#-----------------------------------------------------------
start_gui
open_project W:/523_fuck_xilinx/NexysVideo-master/Projects/hdmi/proj/hdmi.xpr
INFO: [Project 1-313] Project file moved from 'C:/Users/Mohammad/Desktop/ECE532/NexysVideo-master/Projects/hdmi/proj' since last save.
Scanning sources...
Finished scanning sources
INFO: [Project 1-230] Project 'hdmi.xpr' upgraded for this version of Vivado.
INFO: [IP_Flow 19-234] Refreshing IP repositories
INFO: [IP_Flow 19-1700] Loaded user IP repository 'w:/523_fuck_xilinx/NexysVideo-master/Projects/hdmi/repo'.
INFO: [IP_Flow 19-2313] Loaded Vivado IP repository 'C:/Xilinx/Vivado/2016.2/data/ip'.
WARNING: [BD 41-1661] One or more IPs have been locked in the design 'hdmi.bd'. Please run report_ip_status for more details and recommendations on how to fix this issue.
List of locked IPs:
hdmi_auto_us_0
hdmi_axi_vdma_0_0
hdmi_axi_gpio_video_0
hdmi_microblaze_0_axi_intc_0
hdmi_xbar_0
hdmi_axi_timer_0_0
hdmi_axi_uartlite_0_0
hdmi_mdm_1_0
hdmi_microblaze_0_0
hdmi_xbar_1
hdmi_dlmb_bram_if_cntlr_0
hdmi_dlmb_v10_0
hdmi_s01_regslice_0
hdmi_v_tc_0_0
hdmi_ilmb_bram_if_cntlr_0
hdmi_ilmb_v10_0
hdmi_lmb_bram_0
hdmi_mig_7series_0_0
hdmi_auto_rs_w_1
hdmi_rst_mig_7series_0_100M_0
hdmi_rst_mig_7series_0_pxl_0
hdmi_v_axi4s_vid_out_0_0
hdmi_s00_regslice_0
hdmi_v_tc_1_0
hdmi_v_vid_in_axi4s_0_0
hdmi_s02_regslice_0
hdmi_s03_regslice_0
hdmi_m00_regslice_0
hdmi_auto_ds_0
hdmi_auto_rs_w_0
hdmi_auto_us_1
hdmi_auto_rs_w_2

open_project: Time (s): cpu = 00:00:21 ; elapsed = 00:00:15 . Memory (MB): peak = 1068.199 ; gain = 374.512
update_compile_order -fileset sources_1
launch_sdk -workspace W:/523_fuck_xilinx/NexysVideo-master/Projects/hdmi/proj/hdmi.sdk -hwspec W:/523_fuck_xilinx/NexysVideo-master/Projects/hdmi/proj/hdmi.sdk/hdmi_wrapper.hdf
INFO: [Vivado 12-393] Launching SDK...
INFO: [Vivado 12-417] Running xsdk -workspace W:/523_fuck_xilinx/NexysVideo-master/Projects/hdmi/proj/hdmi.sdk -hwspec W:/523_fuck_xilinx/NexysVideo-master/Projects/hdmi/proj/hdmi.sdk/hdmi_wrapper.hdf
INFO: [Vivado 12-3157] SDK launch initiated. Please check console for any further messages.
launch_sdk -workspace W:/523_fuck_xilinx/NexysVideo-master/Projects/hdmi/proj/hdmi.sdk -hwspec W:/523_fuck_xilinx/NexysVideo-master/Projects/hdmi/proj/hdmi.sdk/hdmi_wrapper.hdf
INFO: [Vivado 12-393] Launching SDK...
INFO: [Vivado 12-417] Running xsdk -workspace W:/523_fuck_xilinx/NexysVideo-master/Projects/hdmi/proj/hdmi.sdk -hwspec W:/523_fuck_xilinx/NexysVideo-master/Projects/hdmi/proj/hdmi.sdk/hdmi_wrapper.hdf
INFO: [Vivado 12-3157] SDK launch initiated. Please check console for any further messages.
