#-----------------------------------------------------------
# Vivado v2016.2 (64-bit)
# SW Build 1577090 on Thu Jun  2 16:32:40 MDT 2016
# IP Build 1577682 on Fri Jun  3 12:00:54 MDT 2016
# Start of session at: Fri Mar 10 14:54:46 2017
# Process ID: 4840
# Current directory: W:/ece532/integration
# Command line: vivado.exe -gui_launcher_event rodinguilauncherevent3556 hdmi.xpr
# Log file: W:/ece532/integration/vivado.log
# Journal file: W:/ece532/integration\vivado.jou
#-----------------------------------------------------------
start_gui
open_project hdmi.xpr
Scanning sources...
Finished scanning sources
INFO: [IP_Flow 19-234] Refreshing IP repositories
INFO: [IP_Flow 19-1700] Loaded user IP repository 'w:/NexysVideo-master_2015.3/Projects/hdmi/repo'.
INFO: [IP_Flow 19-1700] Loaded user IP repository 'w:/ece532/img_processing_ip/ip_repo'.
INFO: [IP_Flow 19-2313] Loaded Vivado IP repository 'C:/Xilinx/Vivado/2016.2/data/ip'.
open_project: Time (s): cpu = 00:00:20 ; elapsed = 00:00:24 . Memory (MB): peak = 1071.914 ; gain = 452.410
update_compile_order -fileset sources_1
launch_sdk -workspace W:/ece532/integration/hdmi.sdk -hwspec W:/ece532/integration/hdmi.sdk/hdmi_wrapper.hdf
INFO: [Vivado 12-393] Launching SDK...
INFO: [Vivado 12-417] Running xsdk -workspace W:/ece532/integration/hdmi.sdk -hwspec W:/ece532/integration/hdmi.sdk/hdmi_wrapper.hdf
INFO: [Vivado 12-3157] SDK launch initiated. Please check console for any further messages.
open_bd_design {W:/ece532/integration/hdmi.srcs/sources_1/bd/hdmi/hdmi.bd}
Adding cell -- digilentinc.com:ip:axi_dynclk:1.0 - axi_dynclk_0
Adding cell -- digilentinc.com:ip:dvi2rgb:1.5 - dvi2rgb_0
Adding cell -- xilinx.com:ip:xlconcat:2.1 - microblaze_0_xlconcat
Adding cell -- digilentinc.com:ip:rgb2dvi:1.2 - rgb2dvi_0
Adding cell -- xilinx.com:ip:xlconstant:1.1 - xlconstant_0
Adding cell -- xilinx.com:ip:axi_gpio:2.0 - axi_gpio_video
Adding cell -- xilinx.com:ip:axi_timer:2.0 - axi_timer_0
Adding cell -- xilinx.com:ip:axi_uartlite:2.0 - axi_uartlite_0
Adding cell -- xilinx.com:ip:axi_vdma:6.2 - axi_vdma_0
Adding cell -- xilinx.com:ip:mdm:3.2 - mdm_1
Adding cell -- xilinx.com:ip:microblaze:9.6 - microblaze_0
Adding cell -- xilinx.com:ip:axi_intc:4.1 - microblaze_0_axi_intc
Adding cell -- xilinx.com:ip:mig_7series:4.0 - mig_7series_0
Adding cell -- xilinx.com:ip:proc_sys_reset:5.0 - rst_mig_7series_0_100M
Adding cell -- xilinx.com:ip:proc_sys_reset:5.0 - rst_mig_7series_0_pxl
Adding cell -- xilinx.com:ip:v_axi4s_vid_out:4.0 - v_axi4s_vid_out_0
Adding cell -- xilinx.com:ip:v_tc:6.1 - v_tc_0
Adding cell -- xilinx.com:ip:v_tc:6.1 - v_tc_1
Adding cell -- xilinx.com:ip:v_vid_in_axi4s:4.0 - v_vid_in_axi4s_0
Adding cell -- xilinx.com:ip:axi_vdma:6.2 - axi_vdma_1
Adding cell -- xilinx.com:ip:xlconcat:2.1 - xlconcat_0
Adding cell -- xilinx.com:ip:xlconstant:1.1 - xlconstant_1
Adding cell -- xilinx.com:ip:xlconstant:1.1 - xlconstant_2
Adding cell -- user:user:led_detect:1.0 - led_detect_0
Adding cell -- xilinx.com:ip:axi_crossbar:2.1 - xbar
Adding cell -- xilinx.com:ip:axi_crossbar:2.1 - xbar
Adding cell -- xilinx.com:ip:axi_data_fifo:2.1 - m00_data_fifo
Adding cell -- xilinx.com:ip:axi_register_slice:2.1 - m00_regslice
Adding cell -- xilinx.com:ip:axi_dwidth_converter:2.1 - auto_ds
Adding cell -- xilinx.com:ip:axi_register_slice:2.1 - s05_regslice
Adding cell -- xilinx.com:ip:axi_dwidth_converter:2.1 - auto_us
Adding cell -- xilinx.com:ip:axi_register_slice:2.1 - auto_rs_w
Adding cell -- xilinx.com:ip:axi_register_slice:2.1 - s04_regslice
Adding cell -- xilinx.com:ip:axi_dwidth_converter:2.1 - auto_us
Adding cell -- xilinx.com:ip:axi_register_slice:2.1 - auto_rs_w
Adding cell -- xilinx.com:ip:axi_register_slice:2.1 - s03_regslice
Adding cell -- xilinx.com:ip:axi_register_slice:2.1 - s02_regslice
Adding cell -- xilinx.com:ip:axi_register_slice:2.1 - s01_regslice
Adding cell -- xilinx.com:ip:axi_dwidth_converter:2.1 - auto_us
Adding cell -- xilinx.com:ip:axi_register_slice:2.1 - auto_rs_w
Adding cell -- xilinx.com:ip:axi_register_slice:2.1 - s00_regslice
Adding cell -- xilinx.com:ip:axi_dwidth_converter:2.1 - auto_us
Adding cell -- xilinx.com:ip:axi_register_slice:2.1 - auto_rs_w
Adding cell -- xilinx.com:ip:lmb_bram_if_cntlr:4.0 - dlmb_bram_if_cntlr
Adding cell -- xilinx.com:ip:lmb_v10:3.0 - dlmb_v10
Adding cell -- xilinx.com:ip:lmb_bram_if_cntlr:4.0 - ilmb_bram_if_cntlr
Adding cell -- xilinx.com:ip:lmb_v10:3.0 - ilmb_v10
Adding cell -- xilinx.com:ip:blk_mem_gen:8.3 - lmb_bram
Successfully read diagram <hdmi> from BD file <W:/ece532/integration/hdmi.srcs/sources_1/bd/hdmi/hdmi.bd>
open_bd_design: Time (s): cpu = 00:00:05 ; elapsed = 00:00:05 . Memory (MB): peak = 1101.871 ; gain = 29.957
exit
INFO: [Common 17-206] Exiting Vivado at Fri Mar 10 16:43:13 2017...
