Copyright 1986-2016 Xilinx, Inc. All Rights Reserved.
------------------------------------------------------------------------------------
| Tool Version : Vivado v.2016.2 (win64) Build 1577090 Thu Jun  2 16:32:40 MDT 2016
| Date         : Thu Mar 09 13:56:47 2017
| Host         : LENOVO-PC running 64-bit major release  (build 9200)
| Command      : upgrade_ip
| Device       : xc7a200tsbg484-1
------------------------------------------------------------------------------------

Upgrade Log for IP 'hdmi_v_vid_in_axi4s_0_0'

1. Summary
----------

SUCCESS in the upgrade of hdmi_v_vid_in_axi4s_0_0 (xilinx.com:ip:v_vid_in_axi4s:4.0) to (Rev. 3)






Copyright 1986-2016 Xilinx, Inc. All Rights Reserved.
------------------------------------------------------------------------------------
| Tool Version : Vivado v.2016.2 (win64) Build 1577090 Thu Jun  2 16:32:40 MDT 2016
| Date         : Thu Mar 09 13:56:47 2017
| Host         : LENOVO-PC running 64-bit major release  (build 9200)
| Command      : upgrade_ip
| Device       : xc7a200tsbg484-1
------------------------------------------------------------------------------------

Upgrade Log for IP 'hdmi_v_tc_1_0'

1. Summary
----------

SUCCESS in the upgrade of hdmi_v_tc_1_0 (xilinx.com:ip:v_tc:6.1) from (Rev. 6) to (Rev. 8)






Copyright 1986-2016 Xilinx, Inc. All Rights Reserved.
------------------------------------------------------------------------------------
| Tool Version : Vivado v.2016.2 (win64) Build 1577090 Thu Jun  2 16:32:40 MDT 2016
| Date         : Thu Mar 09 13:56:47 2017
| Host         : LENOVO-PC running 64-bit major release  (build 9200)
| Command      : upgrade_ip
| Device       : xc7a200tsbg484-1
------------------------------------------------------------------------------------

Upgrade Log for IP 'hdmi_v_tc_0_0'

1. Summary
----------

SUCCESS in the upgrade of hdmi_v_tc_0_0 (xilinx.com:ip:v_tc:6.1) from (Rev. 6) to (Rev. 8)






Copyright 1986-2016 Xilinx, Inc. All Rights Reserved.
------------------------------------------------------------------------------------
| Tool Version : Vivado v.2016.2 (win64) Build 1577090 Thu Jun  2 16:32:40 MDT 2016
| Date         : Thu Mar 09 13:56:47 2017
| Host         : LENOVO-PC running 64-bit major release  (build 9200)
| Command      : upgrade_ip
| Device       : xc7a200tsbg484-1
------------------------------------------------------------------------------------

Upgrade Log for IP 'hdmi_v_axi4s_vid_out_0_0'

1. Summary
----------

SUCCESS in the upgrade of hdmi_v_axi4s_vid_out_0_0 (xilinx.com:ip:v_axi4s_vid_out:4.0) to (Rev. 3)






Copyright 1986-2016 Xilinx, Inc. All Rights Reserved.
------------------------------------------------------------------------------------
| Tool Version : Vivado v.2016.2 (win64) Build 1577090 Thu Jun  2 16:32:40 MDT 2016
| Date         : Thu Mar 09 13:56:47 2017
| Host         : LENOVO-PC running 64-bit major release  (build 9200)
| Command      : upgrade_ip
| Device       : xc7a200tsbg484-1
------------------------------------------------------------------------------------

Upgrade Log for IP 'hdmi_rst_mig_7series_0_pxl_0'

1. Summary
----------

SUCCESS in the upgrade of hdmi_rst_mig_7series_0_pxl_0 (xilinx.com:ip:proc_sys_reset:5.0) from (Rev. 8) to (Rev. 9)






Copyright 1986-2016 Xilinx, Inc. All Rights Reserved.
------------------------------------------------------------------------------------
| Tool Version : Vivado v.2016.2 (win64) Build 1577090 Thu Jun  2 16:32:40 MDT 2016
| Date         : Thu Mar 09 13:56:47 2017
| Host         : LENOVO-PC running 64-bit major release  (build 9200)
| Command      : upgrade_ip
| Device       : xc7a200tsbg484-1
------------------------------------------------------------------------------------

Upgrade Log for IP 'hdmi_rst_mig_7series_0_100M_0'

1. Summary
----------

SUCCESS in the upgrade of hdmi_rst_mig_7series_0_100M_0 (xilinx.com:ip:proc_sys_reset:5.0) from (Rev. 8) to (Rev. 9)






Copyright 1986-2016 Xilinx, Inc. All Rights Reserved.
------------------------------------------------------------------------------------
| Tool Version : Vivado v.2016.2 (win64) Build 1577090 Thu Jun  2 16:32:40 MDT 2016
| Date         : Thu Mar 09 13:56:47 2017
| Host         : LENOVO-PC running 64-bit major release  (build 9200)
| Command      : upgrade_ip
| Device       : xc7a200tsbg484-1
------------------------------------------------------------------------------------

Upgrade Log for IP 'hdmi_mig_7series_0_0'

1. Summary
----------

SUCCESS in the upgrade of hdmi_mig_7series_0_0 from xilinx.com:ip:mig_7series:2.4 to xilinx.com:ip:mig_7series:4.0






Copyright 1986-2016 Xilinx, Inc. All Rights Reserved.
------------------------------------------------------------------------------------
| Tool Version : Vivado v.2016.2 (win64) Build 1577090 Thu Jun  2 16:32:40 MDT 2016
| Date         : Thu Mar 09 13:56:47 2017
| Host         : LENOVO-PC running 64-bit major release  (build 9200)
| Command      : upgrade_ip
| Device       : xc7a200tsbg484-1
------------------------------------------------------------------------------------

Upgrade Log for IP 'hdmi_microblaze_0_axi_periph_0'

1. Summary
----------

SUCCESS in the upgrade of hdmi_microblaze_0_axi_periph_0 (xilinx.com:ip:axi_interconnect:2.1) from (Rev. 7) to (Rev. 10)






Copyright 1986-2016 Xilinx, Inc. All Rights Reserved.
------------------------------------------------------------------------------------
| Tool Version : Vivado v.2016.2 (win64) Build 1577090 Thu Jun  2 16:32:40 MDT 2016
| Date         : Thu Mar 09 13:56:47 2017
| Host         : LENOVO-PC running 64-bit major release  (build 9200)
| Command      : upgrade_ip
| Device       : xc7a200tsbg484-1
------------------------------------------------------------------------------------

Upgrade Log for IP 'hdmi_microblaze_0_axi_intc_0'

1. Summary
----------

SUCCESS in the upgrade of hdmi_microblaze_0_axi_intc_0 (xilinx.com:ip:axi_intc:4.1) from (Rev. 5) to (Rev. 7)

2. Upgrade messages
-------------------

Added parameter C_IRQ_CONNECTION with value 0 (source 'default')






Copyright 1986-2016 Xilinx, Inc. All Rights Reserved.
------------------------------------------------------------------------------------
| Tool Version : Vivado v.2016.2 (win64) Build 1577090 Thu Jun  2 16:32:40 MDT 2016
| Date         : Thu Mar 09 13:56:47 2017
| Host         : LENOVO-PC running 64-bit major release  (build 9200)
| Command      : upgrade_ip
| Device       : xc7a200tsbg484-1
------------------------------------------------------------------------------------

Upgrade Log for IP 'hdmi_microblaze_0_0'

1. Summary
----------

SUCCESS in the upgrade of hdmi_microblaze_0_0 from xilinx.com:ip:microblaze:9.5 (Rev. 2) to xilinx.com:ip:microblaze:9.6 (Rev. 1)






Copyright 1986-2016 Xilinx, Inc. All Rights Reserved.
------------------------------------------------------------------------------------
| Tool Version : Vivado v.2016.2 (win64) Build 1577090 Thu Jun  2 16:32:40 MDT 2016
| Date         : Thu Mar 09 13:56:47 2017
| Host         : LENOVO-PC running 64-bit major release  (build 9200)
| Command      : upgrade_ip
| Device       : xc7a200tsbg484-1
------------------------------------------------------------------------------------

Upgrade Log for IP 'hdmi_mdm_1_0'

1. Summary
----------

SUCCESS in the upgrade of hdmi_mdm_1_0 (xilinx.com:ip:mdm:3.2) from (Rev. 4) to (Rev. 6)

2. Upgrade messages
-------------------

Set parameter C_M_AXIS_ID_WIDTH to value 7 (source 'default')






Copyright 1986-2016 Xilinx, Inc. All Rights Reserved.
------------------------------------------------------------------------------------
| Tool Version : Vivado v.2016.2 (win64) Build 1577090 Thu Jun  2 16:32:40 MDT 2016
| Date         : Thu Mar 09 13:56:47 2017
| Host         : LENOVO-PC running 64-bit major release  (build 9200)
| Command      : upgrade_ip
| Device       : xc7a200tsbg484-1
------------------------------------------------------------------------------------

Upgrade Log for IP 'hdmi_lmb_bram_0'

1. Summary
----------

SUCCESS in the upgrade of hdmi_lmb_bram_0 (xilinx.com:ip:blk_mem_gen:8.3) to (Rev. 3)






Copyright 1986-2016 Xilinx, Inc. All Rights Reserved.
------------------------------------------------------------------------------------
| Tool Version : Vivado v.2016.2 (win64) Build 1577090 Thu Jun  2 16:32:40 MDT 2016
| Date         : Thu Mar 09 13:56:47 2017
| Host         : LENOVO-PC running 64-bit major release  (build 9200)
| Command      : upgrade_ip
| Device       : xc7a200tsbg484-1
------------------------------------------------------------------------------------

Upgrade Log for IP 'hdmi_ilmb_v10_0'

1. Summary
----------

SUCCESS in the upgrade of hdmi_ilmb_v10_0 (xilinx.com:ip:lmb_v10:3.0) from (Rev. 7) to (Rev. 8)






Copyright 1986-2016 Xilinx, Inc. All Rights Reserved.
------------------------------------------------------------------------------------
| Tool Version : Vivado v.2016.2 (win64) Build 1577090 Thu Jun  2 16:32:40 MDT 2016
| Date         : Thu Mar 09 13:56:47 2017
| Host         : LENOVO-PC running 64-bit major release  (build 9200)
| Command      : upgrade_ip
| Device       : xc7a200tsbg484-1
------------------------------------------------------------------------------------

Upgrade Log for IP 'hdmi_ilmb_bram_if_cntlr_0'

1. Summary
----------

SUCCESS in the upgrade of hdmi_ilmb_bram_if_cntlr_0 (xilinx.com:ip:lmb_bram_if_cntlr:4.0) from (Rev. 7) to (Rev. 9)

2. Upgrade messages
-------------------

Set parameter C_MASK1 to value 0x0000000000800000 (source 'default')
Set parameter C_MASK2 to value 0x0000000000800000 (source 'default')
Set parameter C_MASK3 to value 0x0000000000800000 (source 'default')






Copyright 1986-2016 Xilinx, Inc. All Rights Reserved.
------------------------------------------------------------------------------------
| Tool Version : Vivado v.2016.2 (win64) Build 1577090 Thu Jun  2 16:32:40 MDT 2016
| Date         : Thu Mar 09 13:56:47 2017
| Host         : LENOVO-PC running 64-bit major release  (build 9200)
| Command      : upgrade_ip
| Device       : xc7a200tsbg484-1
------------------------------------------------------------------------------------

Upgrade Log for IP 'hdmi_dlmb_v10_0'

1. Summary
----------

SUCCESS in the upgrade of hdmi_dlmb_v10_0 (xilinx.com:ip:lmb_v10:3.0) from (Rev. 7) to (Rev. 8)






Copyright 1986-2016 Xilinx, Inc. All Rights Reserved.
------------------------------------------------------------------------------------
| Tool Version : Vivado v.2016.2 (win64) Build 1577090 Thu Jun  2 16:32:40 MDT 2016
| Date         : Thu Mar 09 13:56:47 2017
| Host         : LENOVO-PC running 64-bit major release  (build 9200)
| Command      : upgrade_ip
| Device       : xc7a200tsbg484-1
------------------------------------------------------------------------------------

Upgrade Log for IP 'hdmi_dlmb_bram_if_cntlr_0'

1. Summary
----------

SUCCESS in the upgrade of hdmi_dlmb_bram_if_cntlr_0 (xilinx.com:ip:lmb_bram_if_cntlr:4.0) from (Rev. 7) to (Rev. 9)

2. Upgrade messages
-------------------

Set parameter C_MASK1 to value 0x0000000000800000 (source 'default')
Set parameter C_MASK2 to value 0x0000000000800000 (source 'default')
Set parameter C_MASK3 to value 0x0000000000800000 (source 'default')






Copyright 1986-2016 Xilinx, Inc. All Rights Reserved.
------------------------------------------------------------------------------------
| Tool Version : Vivado v.2016.2 (win64) Build 1577090 Thu Jun  2 16:32:40 MDT 2016
| Date         : Thu Mar 09 13:56:47 2017
| Host         : LENOVO-PC running 64-bit major release  (build 9200)
| Command      : upgrade_ip
| Device       : xc7a200tsbg484-1
------------------------------------------------------------------------------------

Upgrade Log for IP 'hdmi_axi_vdma_0_0'

1. Summary
----------

SUCCESS in the upgrade of hdmi_axi_vdma_0_0 (xilinx.com:ip:axi_vdma:6.2) from (Rev. 5) to (Rev. 8)






Copyright 1986-2016 Xilinx, Inc. All Rights Reserved.
------------------------------------------------------------------------------------
| Tool Version : Vivado v.2016.2 (win64) Build 1577090 Thu Jun  2 16:32:40 MDT 2016
| Date         : Thu Mar 09 13:56:47 2017
| Host         : LENOVO-PC running 64-bit major release  (build 9200)
| Command      : upgrade_ip
| Device       : xc7a200tsbg484-1
------------------------------------------------------------------------------------

Upgrade Log for IP 'hdmi_axi_uartlite_0_0'

1. Summary
----------

SUCCESS in the upgrade of hdmi_axi_uartlite_0_0 (xilinx.com:ip:axi_uartlite:2.0) from (Rev. 10) to (Rev. 13)






Copyright 1986-2016 Xilinx, Inc. All Rights Reserved.
------------------------------------------------------------------------------------
| Tool Version : Vivado v.2016.2 (win64) Build 1577090 Thu Jun  2 16:32:40 MDT 2016
| Date         : Thu Mar 09 13:56:47 2017
| Host         : LENOVO-PC running 64-bit major release  (build 9200)
| Command      : upgrade_ip
| Device       : xc7a200tsbg484-1
------------------------------------------------------------------------------------

Upgrade Log for IP 'hdmi_axi_timer_0_0'

1. Summary
----------

SUCCESS in the upgrade of hdmi_axi_timer_0_0 (xilinx.com:ip:axi_timer:2.0) from (Rev. 8) to (Rev. 11)






Copyright 1986-2016 Xilinx, Inc. All Rights Reserved.
------------------------------------------------------------------------------------
| Tool Version : Vivado v.2016.2 (win64) Build 1577090 Thu Jun  2 16:32:40 MDT 2016
| Date         : Thu Mar 09 13:56:47 2017
| Host         : LENOVO-PC running 64-bit major release  (build 9200)
| Command      : upgrade_ip
| Device       : xc7a200tsbg484-1
------------------------------------------------------------------------------------

Upgrade Log for IP 'hdmi_axi_mem_intercon_0'

1. Summary
----------

SUCCESS in the upgrade of hdmi_axi_mem_intercon_0 (xilinx.com:ip:axi_interconnect:2.1) from (Rev. 7) to (Rev. 10)






Copyright 1986-2016 Xilinx, Inc. All Rights Reserved.
------------------------------------------------------------------------------------
| Tool Version : Vivado v.2016.2 (win64) Build 1577090 Thu Jun  2 16:32:40 MDT 2016
| Date         : Thu Mar 09 13:56:47 2017
| Host         : LENOVO-PC running 64-bit major release  (build 9200)
| Command      : upgrade_ip
| Device       : xc7a200tsbg484-1
------------------------------------------------------------------------------------

Upgrade Log for IP 'hdmi_axi_gpio_video_0'

1. Summary
----------

SUCCESS in the upgrade of hdmi_axi_gpio_video_0 (xilinx.com:ip:axi_gpio:2.0) from (Rev. 8) to (Rev. 11)

